<databaseChangeLog
        xmlns="http://www.liquibase.org/xml/ns/dbchangelog"
        xmlns:xsi="http://www.w3.org/2001/XMLSchema-instance"
        xsi:schemaLocation="http://www.liquibase.org/xml/ns/dbchangelog
        http://www.liquibase.org/xml/ns/dbchangelog/dbchangelog-3.2.xsd"
        logicalFilePath="descriptors/database/test-data-features.xml">

	<changeSet author="jbilling (generated)" id="1463744820844-2">
		<insert tableName="account_type">
			<column name="id" valueNumeric="60102" />
			<column name="credit_limit" valueNumeric="0E-10" />
			<column name="invoice_design" />
			<column name="invoice_delivery_method_id" valueNumeric="1" />
			<column name="date_created" valueDate="2016-05-20 16:50:57.397" />
			<column name="credit_notification_limit1" valueNumeric="0E-10" />
			<column name="credit_notification_limit2" valueNumeric="0E-10" />
			<column name="language_id" valueNumeric="1" />
			<column name="entity_id" valueNumeric="1" />
			<column name="currency_id" valueNumeric="1" />
			<column name="optlock" valueNumeric="0" />
			<column name="main_subscript_order_period_id" valueNumeric="2" />
			<column name="next_invoice_day_of_period" valueNumeric="1" />
			<column name="invoice_template_id" valueNumeric="1" />
		</insert>
		<insert tableName="account_type">
			<column name="id" valueNumeric="60103" />
			<column name="credit_limit" valueNumeric="0E-10" />
			<column name="invoice_design" />
			<column name="invoice_delivery_method_id" valueNumeric="1" />
			<column name="date_created" valueDate="2016-05-20 17:03:56.603" />
			<column name="credit_notification_limit1" valueNumeric="0E-10" />
			<column name="credit_notification_limit2" valueNumeric="0E-10" />
			<column name="language_id" valueNumeric="1" />
			<column name="entity_id" valueNumeric="1" />
			<column name="currency_id" valueNumeric="1" />
			<column name="optlock" valueNumeric="0" />
			<column name="main_subscript_order_period_id" valueNumeric="2" />
			<column name="next_invoice_day_of_period" valueNumeric="1" />
			<column name="invoice_template_id" valueNumeric="1" />
		</insert>
	</changeSet>
	<changeSet author="jbilling (generated)" id="1463744820844-58">
		<insert tableName="meta_field_group">
			<column name="id" valueNumeric="9" />
			<column name="date_created" />
			<column name="date_updated" />
			<column name="entity_id" valueNumeric="1" />
			<column name="display_order" valueNumeric="1" />
			<column name="optlock" valueNumeric="0" />
			<column name="entity_type" value="ACCOUNT_TYPE" />
			<column name="discriminator" value="ACCOUNT_TYPE" />
			<column name="name" value="Primary Contact" />
			<column name="account_type_id" valueNumeric="60102" />
		</insert>
		<insert tableName="meta_field_group">
			<column name="id" valueNumeric="10" />
			<column name="date_created" />
			<column name="date_updated" />
			<column name="entity_id" valueNumeric="1" />
			<column name="display_order" valueNumeric="1" />
			<column name="optlock" valueNumeric="0" />
			<column name="entity_type" value="ACCOUNT_TYPE" />
			<column name="discriminator" value="ACCOUNT_TYPE" />
			<column name="name" value="Billing Address" />
			<column name="account_type_id" valueNumeric="60102" />
		</insert>
		<insert tableName="meta_field_group">
			<column name="id" valueNumeric="11" />
			<column name="date_created" valueDate="2016-05-20" />
			<column name="date_updated" />
			<column name="entity_id" valueNumeric="1" />
			<column name="display_order" valueNumeric="1" />
			<column name="optlock" valueNumeric="1" />
			<column name="entity_type" value="ACCOUNT_TYPE" />
			<column name="discriminator" value="ACCOUNT_TYPE" />
			<column name="name" value="Account" />
			<column name="account_type_id" valueNumeric="60103" />
		</insert>
		<insert tableName="meta_field_group">
			<column name="id" valueNumeric="12" />
			<column name="date_created" />
			<column name="date_updated" />
			<column name="entity_id" valueNumeric="1" />
			<column name="display_order" valueNumeric="2" />
			<column name="optlock" valueNumeric="0" />
			<column name="entity_type" value="ACCOUNT_TYPE" />
			<column name="discriminator" value="ACCOUNT_TYPE" />
			<column name="name" value="Statement" />
			<column name="account_type_id" valueNumeric="60103" />
		</insert>
		<insert tableName="meta_field_group">
			<column name="id" valueNumeric="13" />
			<column name="date_created" />
			<column name="date_updated" />
			<column name="entity_id" valueNumeric="1" />
			<column name="display_order" valueNumeric="3" />
			<column name="optlock" valueNumeric="0" />
			<column name="entity_type" value="ACCOUNT_TYPE" />
			<column name="discriminator" value="ACCOUNT_TYPE" />
			<column name="name" value="Contact" />
			<column name="account_type_id" valueNumeric="60103" />
		</insert>
	</changeSet>
	<changeSet author="jbilling (generated)" id="1463744820844-138">
		<insert tableName="validation_rule">
			<column name="id" valueNumeric="157" />
			<column name="rule_type" value="REGEX" />
			<column name="enabled" valueBoolean="true" />
			<column name="optlock" valueNumeric="0" />
		</insert>
		<insert tableName="validation_rule">
			<column name="id" valueNumeric="158" />
			<column name="rule_type" value="EMAIL" />
			<column name="enabled" valueBoolean="true" />
			<column name="optlock" valueNumeric="0" />
		</insert>
	</changeSet>
	<changeSet author="jbilling (generated)" id="1463744820844-59">
		<insert tableName="meta_field_name">
			<column name="id" valueNumeric="306" />
			<column name="name" value="Phone Country Code" />
			<column name="entity_type" value="ACCOUNT_TYPE" />
			<column name="data_type" value="INTEGER" />
			<column name="is_disabled" valueBoolean="false" />
			<column name="is_mandatory" valueBoolean="false" />
			<column name="display_order" valueNumeric="11" />
			<column name="default_value_id" />
			<column name="optlock" valueNumeric="0" />
			<column name="entity_id" valueNumeric="1" />
			<column name="error_message" />
			<column name="is_primary" valueBoolean="false" />
			<column name="validation_rule_id" />
			<column name="filename" />
			<column name="field_usage" value="PHONE_COUNTRY_CODE" />
			<column name="data_table_id" />
			<column name="help_description" />
			<column name="help_content_url" />
		</insert>
		<insert tableName="meta_field_name">
			<column name="id" valueNumeric="307" />
			<column name="name" value="Phone Area Code" />
			<column name="entity_type" value="ACCOUNT_TYPE" />
			<column name="data_type" value="INTEGER" />
			<column name="is_disabled" valueBoolean="false" />
			<column name="is_mandatory" valueBoolean="false" />
			<column name="display_order" valueNumeric="12" />
			<column name="default_value_id" />
			<column name="optlock" valueNumeric="0" />
			<column name="entity_id" valueNumeric="1" />
			<column name="error_message" />
			<column name="is_primary" valueBoolean="false" />
			<column name="validation_rule_id" />
			<column name="filename" />
			<column name="field_usage" value="PHONE_AREA_CODE" />
			<column name="data_table_id" />
			<column name="help_description" />
			<column name="help_content_url" />
		</insert>
		<insert tableName="meta_field_name">
			<column name="id" valueNumeric="308" />
			<column name="name" value="Postal Code" />
			<column name="entity_type" value="ACCOUNT_TYPE" />
			<column name="data_type" value="STRING" />
			<column name="is_disabled" valueBoolean="false" />
			<column name="is_mandatory" valueBoolean="true" />
			<column name="display_order" valueNumeric="9" />
			<column name="default_value_id" />
			<column name="optlock" valueNumeric="0" />
			<column name="entity_id" valueNumeric="1" />
			<column name="error_message" />
			<column name="is_primary" valueBoolean="false" />
			<column name="validation_rule_id" />
			<column name="filename" value="" />
			<column name="field_usage" value="POSTAL_CODE" />
			<column name="data_table_id" />
			<column name="help_description" />
			<column name="help_content_url" />
		</insert>
		<insert tableName="meta_field_name">
			<column name="id" valueNumeric="309" />
			<column name="name" value="Address 1" />
			<column name="entity_type" value="ACCOUNT_TYPE" />
			<column name="data_type" value="STRING" />
			<column name="is_disabled" valueBoolean="false" />
			<column name="is_mandatory" valueBoolean="false" />
			<column name="display_order" valueNumeric="5" />
			<column name="default_value_id" />
			<column name="optlock" valueNumeric="0" />
			<column name="entity_id" valueNumeric="1" />
			<column name="error_message" />
			<column name="is_primary" valueBoolean="false" />
			<column name="validation_rule_id" />
			<column name="filename" value="" />
			<column name="field_usage" value="ADDRESS1" />
			<column name="data_table_id" />
			<column name="help_description" />
			<column name="help_content_url" />
		</insert>
		<insert tableName="meta_field_name">
			<column name="id" valueNumeric="310" />
			<column name="name" value="First Name" />
			<column name="entity_type" value="ACCOUNT_TYPE" />
			<column name="data_type" value="STRING" />
			<column name="is_disabled" valueBoolean="false" />
			<column name="is_mandatory" valueBoolean="true" />
			<column name="display_order" valueNumeric="2" />
			<column name="default_value_id" />
			<column name="optlock" valueNumeric="0" />
			<column name="entity_id" valueNumeric="1" />
			<column name="error_message" />
			<column name="is_primary" valueBoolean="false" />
			<column name="validation_rule_id" />
			<column name="filename" value="" />
			<column name="field_usage" value="FIRST_NAME" />
			<column name="data_table_id" />
			<column name="help_description" />
			<column name="help_content_url" />
		</insert>
		<insert tableName="meta_field_name">
			<column name="id" valueNumeric="311" />
			<column name="name" value="City" />
			<column name="entity_type" value="ACCOUNT_TYPE" />
			<column name="data_type" value="STRING" />
			<column name="is_disabled" valueBoolean="false" />
			<column name="is_mandatory" valueBoolean="true" />
			<column name="display_order" valueNumeric="7" />
			<column name="default_value_id" />
			<column name="optlock" valueNumeric="0" />
			<column name="entity_id" valueNumeric="1" />
			<column name="error_message" />
			<column name="is_primary" valueBoolean="false" />
			<column name="validation_rule_id" />
			<column name="filename" value="" />
			<column name="field_usage" value="CITY" />
			<column name="data_table_id" />
			<column name="help_description" />
			<column name="help_content_url" />
		</insert>
		<insert tableName="meta_field_name">
			<column name="id" valueNumeric="312" />
			<column name="name" value="Last Name" />
			<column name="entity_type" value="ACCOUNT_TYPE" />
			<column name="data_type" value="STRING" />
			<column name="is_disabled" valueBoolean="false" />
			<column name="is_mandatory" valueBoolean="true" />
			<column name="display_order" valueNumeric="3" />
			<column name="default_value_id" />
			<column name="optlock" valueNumeric="0" />
			<column name="entity_id" valueNumeric="1" />
			<column name="error_message" />
			<column name="is_primary" valueBoolean="false" />
			<column name="validation_rule_id" />
			<column name="filename" value="" />
			<column name="field_usage" value="LAST_NAME" />
			<column name="data_table_id" />
			<column name="help_description" />
			<column name="help_content_url" />
		</insert>
		<insert tableName="meta_field_name">
			<column name="id" valueNumeric="313" />
			<column name="name" value="Country" />
			<column name="entity_type" value="ACCOUNT_TYPE" />
			<column name="data_type" value="STRING" />
			<column name="is_disabled" valueBoolean="false" />
			<column name="is_mandatory" valueBoolean="true" />
			<column name="display_order" valueNumeric="10" />
			<column name="default_value_id" />
			<column name="optlock" valueNumeric="0" />
			<column name="entity_id" valueNumeric="1" />
			<column name="error_message" />
			<column name="is_primary" valueBoolean="false" />
			<column name="validation_rule_id" />
			<column name="filename" value="" />
			<column name="field_usage" value="COUNTRY_CODE" />
			<column name="data_table_id" />
			<column name="help_description" />
			<column name="help_content_url" />
		</insert>
		<insert tableName="meta_field_name">
			<column name="id" valueNumeric="314" />
			<column name="name" value="Address 2" />
			<column name="entity_type" value="ACCOUNT_TYPE" />
			<column name="data_type" value="STRING" />
			<column name="is_disabled" valueBoolean="false" />
			<column name="is_mandatory" valueBoolean="false" />
			<column name="display_order" valueNumeric="6" />
			<column name="default_value_id" />
			<column name="optlock" valueNumeric="0" />
			<column name="entity_id" valueNumeric="1" />
			<column name="error_message" />
			<column name="is_primary" valueBoolean="false" />
			<column name="validation_rule_id" />
			<column name="filename" value="" />
			<column name="field_usage" value="ADDRESS2" />
			<column name="data_table_id" />
			<column name="help_description" />
			<column name="help_content_url" />
		</insert>
		<insert tableName="meta_field_name">
			<column name="id" valueNumeric="315" />
			<column name="name" value="State/Province" />
			<column name="entity_type" value="ACCOUNT_TYPE" />
			<column name="data_type" value="STRING" />
			<column name="is_disabled" valueBoolean="false" />
			<column name="is_mandatory" valueBoolean="true" />
			<column name="display_order" valueNumeric="8" />
			<column name="default_value_id" />
			<column name="optlock" valueNumeric="0" />
			<column name="entity_id" valueNumeric="1" />
			<column name="error_message" />
			<column name="is_primary" valueBoolean="false" />
			<column name="validation_rule_id" />
			<column name="filename" value="" />
			<column name="field_usage" value="STATE_PROVINCE" />
			<column name="data_table_id" />
			<column name="help_description" />
			<column name="help_content_url" />
		</insert>
		<insert tableName="meta_field_name">
			<column name="id" valueNumeric="316" />
			<column name="name" value="Phone Number" />
			<column name="entity_type" value="ACCOUNT_TYPE" />
			<column name="data_type" value="STRING" />
			<column name="is_disabled" valueBoolean="false" />
			<column name="is_mandatory" valueBoolean="false" />
			<column name="display_order" valueNumeric="13" />
			<column name="default_value_id" />
			<column name="optlock" valueNumeric="0" />
			<column name="entity_id" valueNumeric="1" />
			<column name="error_message" />
			<column name="is_primary" valueBoolean="false" />
			<column name="validation_rule_id" />
			<column name="filename" value="" />
			<column name="field_usage" value="PHONE_NUMBER" />
			<column name="data_table_id" />
			<column name="help_description" />
			<column name="help_content_url" />
		</insert>
		<insert tableName="meta_field_name">
			<column name="id" valueNumeric="317" />
			<column name="name" value="Organization" />
			<column name="entity_type" value="ACCOUNT_TYPE" />
			<column name="data_type" value="STRING" />
			<column name="is_disabled" valueBoolean="false" />
			<column name="is_mandatory" valueBoolean="false" />
			<column name="display_order" valueNumeric="4" />
			<column name="default_value_id" />
			<column name="optlock" valueNumeric="0" />
			<column name="entity_id" valueNumeric="1" />
			<column name="error_message" />
			<column name="is_primary" valueBoolean="false" />
			<column name="validation_rule_id" />
			<column name="filename" value="" />
			<column name="field_usage" value="ORGANIZATION" />
			<column name="data_table_id" />
			<column name="help_description" />
			<column name="help_content_url" />
		</insert>
		<insert tableName="meta_field_name">
			<column name="id" valueNumeric="318" />
			<column name="name" value="Email Address" />
			<column name="entity_type" value="ACCOUNT_TYPE" />
			<column name="data_type" value="STRING" />
			<column name="is_disabled" valueBoolean="false" />
			<column name="is_mandatory" valueBoolean="true" />
			<column name="display_order" valueNumeric="1" />
			<column name="default_value_id" />
			<column name="optlock" valueNumeric="0" />
			<column name="entity_id" valueNumeric="1" />
			<column name="error_message" />
			<column name="is_primary" valueBoolean="false" />
			<column name="validation_rule_id" valueNumeric="158" />
			<column name="filename" value="" />
			<column name="field_usage" value="EMAIL" />
			<column name="data_table_id" />
			<column name="help_description" />
			<column name="help_content_url" />
		</insert>
		<insert tableName="meta_field_name">
			<column name="id" valueNumeric="319" />
			<column name="name" value="COUNTRY_CODE" />
			<column name="entity_type" value="ACCOUNT_TYPE" />
			<column name="data_type" value="STRING" />
			<column name="is_disabled" valueBoolean="false" />
			<column name="is_mandatory" valueBoolean="false" />
			<column name="display_order" valueNumeric="1" />
			<column name="default_value_id" />
			<column name="optlock" valueNumeric="0" />
			<column name="entity_id" valueNumeric="1" />
			<column name="error_message" />
			<column name="is_primary" valueBoolean="false" />
			<column name="validation_rule_id" />
			<column name="filename" value="" />
			<column name="field_usage" value="COUNTRY_CODE" />
			<column name="data_table_id" />
			<column name="help_description" />
			<column name="help_content_url" />
		</insert>
		<insert tableName="meta_field_name">
			<column name="id" valueNumeric="320" />
			<column name="name" value="POSTAL_CODE" />
			<column name="entity_type" value="ACCOUNT_TYPE" />
			<column name="data_type" value="STRING" />
			<column name="is_disabled" valueBoolean="false" />
			<column name="is_mandatory" valueBoolean="false" />
			<column name="display_order" valueNumeric="1" />
			<column name="default_value_id" />
			<column name="optlock" valueNumeric="0" />
			<column name="entity_id" valueNumeric="1" />
			<column name="error_message" />
			<column name="is_primary" valueBoolean="false" />
			<column name="validation_rule_id" />
			<column name="filename" value="" />
			<column name="field_usage" value="POSTAL_CODE" />
			<column name="data_table_id" />
			<column name="help_description" />
			<column name="help_content_url" />
		</insert>
		<insert tableName="meta_field_name">
			<column name="id" valueNumeric="321" />
			<column name="name" value="CITY" />
			<column name="entity_type" value="ACCOUNT_TYPE" />
			<column name="data_type" value="STRING" />
			<column name="is_disabled" valueBoolean="false" />
			<column name="is_mandatory" valueBoolean="false" />
			<column name="display_order" valueNumeric="1" />
			<column name="default_value_id" />
			<column name="optlock" valueNumeric="0" />
			<column name="entity_id" valueNumeric="1" />
			<column name="error_message" />
			<column name="is_primary" valueBoolean="false" />
			<column name="validation_rule_id" />
			<column name="filename" value="" />
			<column name="field_usage" value="CITY" />
			<column name="data_table_id" />
			<column name="help_description" />
			<column name="help_content_url" />
		</insert>
		<insert tableName="meta_field_name">
			<column name="id" valueNumeric="322" />
			<column name="name" value="STATE_PROVINCE" />
			<column name="entity_type" value="ACCOUNT_TYPE" />
			<column name="data_type" value="STRING" />
			<column name="is_disabled" valueBoolean="false" />
			<column name="is_mandatory" valueBoolean="false" />
			<column name="display_order" valueNumeric="1" />
			<column name="default_value_id" />
			<column name="optlock" valueNumeric="0" />
			<column name="entity_id" valueNumeric="1" />
			<column name="error_message" />
			<column name="is_primary" valueBoolean="false" />
			<column name="validation_rule_id" />
			<column name="filename" value="" />
			<column name="field_usage" value="STATE_PROVINCE" />
			<column name="data_table_id" />
			<column name="help_description" />
			<column name="help_content_url" />
		</insert>
		<insert tableName="meta_field_name">
			<column name="id" valueNumeric="323" />
			<column name="name" value="ORGANIZATION" />
			<column name="entity_type" value="ACCOUNT_TYPE" />
			<column name="data_type" value="STRING" />
			<column name="is_disabled" valueBoolean="false" />
			<column name="is_mandatory" valueBoolean="false" />
			<column name="display_order" valueNumeric="1" />
			<column name="default_value_id" />
			<column name="optlock" valueNumeric="0" />
			<column name="entity_id" valueNumeric="1" />
			<column name="error_message" />
			<column name="is_primary" valueBoolean="false" />
			<column name="validation_rule_id" />
			<column name="filename" value="" />
			<column name="field_usage" value="ORGANIZATION" />
			<column name="data_table_id" />
			<column name="help_description" />
			<column name="help_content_url" />
		</insert>
		<insert tableName="meta_field_name">
			<column name="id" valueNumeric="324" />
			<column name="name" value="ADDRESS1" />
			<column name="entity_type" value="ACCOUNT_TYPE" />
			<column name="data_type" value="STRING" />
			<column name="is_disabled" valueBoolean="false" />
			<column name="is_mandatory" valueBoolean="false" />
			<column name="display_order" valueNumeric="1" />
			<column name="default_value_id" />
			<column name="optlock" valueNumeric="0" />
			<column name="entity_id" valueNumeric="1" />
			<column name="error_message" />
			<column name="is_primary" valueBoolean="false" />
			<column name="validation_rule_id" />
			<column name="filename" value="" />
			<column name="field_usage" value="ADDRESS1" />
			<column name="data_table_id" />
			<column name="help_description" />
			<column name="help_content_url" />
		</insert>
		<insert tableName="meta_field_name">
			<column name="id" valueNumeric="325" />
			<column name="name" value="BILLING_EMAIL" />
			<column name="entity_type" value="ACCOUNT_TYPE" />
			<column name="data_type" value="STRING" />
			<column name="is_disabled" valueBoolean="false" />
			<column name="is_mandatory" valueBoolean="false" />
			<column name="display_order" valueNumeric="1" />
			<column name="default_value_id" />
			<column name="optlock" valueNumeric="0" />
			<column name="entity_id" valueNumeric="1" />
			<column name="error_message" />
			<column name="is_primary" valueBoolean="false" />
			<column name="validation_rule_id" />
			<column name="filename" value="" />
			<column name="field_usage" value="EMAIL" />
			<column name="data_table_id" />
			<column name="help_description" />
			<column name="help_content_url" />
		</insert>
		<insert tableName="meta_field_name">
			<column name="id" valueNumeric="326" />
			<column name="name" value="LAST_NAME" />
			<column name="entity_type" value="ACCOUNT_TYPE" />
			<column name="data_type" value="STRING" />
			<column name="is_disabled" valueBoolean="false" />
			<column name="is_mandatory" valueBoolean="false" />
			<column name="display_order" valueNumeric="1" />
			<column name="default_value_id" />
			<column name="optlock" valueNumeric="0" />
			<column name="entity_id" valueNumeric="1" />
			<column name="error_message" />
			<column name="is_primary" valueBoolean="false" />
			<column name="validation_rule_id" />
			<column name="filename" value="" />
			<column name="field_usage" value="LAST_NAME" />
			<column name="data_table_id" />
			<column name="help_description" />
			<column name="help_content_url" />
		</insert>
		<insert tableName="meta_field_name">
			<column name="id" valueNumeric="327" />
			<column name="name" value="Address 1" />
			<column name="entity_type" value="ACCOUNT_TYPE" />
			<column name="data_type" value="STRING" />
			<column name="is_disabled" valueBoolean="false" />
			<column name="is_mandatory" valueBoolean="false" />
			<column name="display_order" valueNumeric="5" />
			<column name="default_value_id" />
			<column name="optlock" valueNumeric="0" />
			<column name="entity_id" valueNumeric="1" />
			<column name="error_message" />
			<column name="is_primary" valueBoolean="false" />
			<column name="validation_rule_id" />
			<column name="filename" value="" />
			<column name="field_usage" value="ADDRESS1" />
			<column name="data_table_id" />
			<column name="help_description" />
			<column name="help_content_url" />
		</insert>
		<insert tableName="meta_field_name">
			<column name="id" valueNumeric="328" />
			<column name="name" value="State" />
			<column name="entity_type" value="ACCOUNT_TYPE" />
			<column name="data_type" value="STRING" />
			<column name="is_disabled" valueBoolean="false" />
			<column name="is_mandatory" valueBoolean="false" />
			<column name="display_order" valueNumeric="7" />
			<column name="default_value_id" />
			<column name="optlock" valueNumeric="0" />
			<column name="entity_id" valueNumeric="1" />
			<column name="error_message" />
			<column name="is_primary" valueBoolean="false" />
			<column name="validation_rule_id" />
			<column name="filename" value="" />
			<column name="field_usage" value="STATE_PROVINCE" />
			<column name="data_table_id" />
			<column name="help_description" />
			<column name="help_content_url" />
		</insert>
		<insert tableName="meta_field_name">
			<column name="id" valueNumeric="329" />
			<column name="name" value="Address 2" />
			<column name="entity_type" value="ACCOUNT_TYPE" />
			<column name="data_type" value="STRING" />
			<column name="is_disabled" valueBoolean="false" />
			<column name="is_mandatory" valueBoolean="false" />
			<column name="display_order" valueNumeric="6" />
			<column name="default_value_id" />
			<column name="optlock" valueNumeric="0" />
			<column name="entity_id" valueNumeric="1" />
			<column name="error_message" />
			<column name="is_primary" valueBoolean="false" />
			<column name="validation_rule_id" />
			<column name="filename" value="" />
			<column name="field_usage" value="ADDRESS2" />
			<column name="data_table_id" />
			<column name="help_description" />
			<column name="help_content_url" />
		</insert>
		<insert tableName="meta_field_name">
			<column name="id" valueNumeric="331" />
			<column name="name" value="Name" />
			<column name="entity_type" value="ACCOUNT_TYPE" />
			<column name="data_type" value="STRING" />
			<column name="is_disabled" valueBoolean="false" />
			<column name="is_mandatory" valueBoolean="false" />
			<column name="display_order" valueNumeric="1" />
			<column name="default_value_id" />
			<column name="optlock" valueNumeric="0" />
			<column name="entity_id" valueNumeric="1" />
			<column name="error_message" />
			<column name="is_primary" valueBoolean="false" />
			<column name="validation_rule_id" />
			<column name="filename" value="" />
			<column name="field_usage" value="TITLE" />
			<column name="data_table_id" />
			<column name="help_description" />
			<column name="help_content_url" />
		</insert>
		<insert tableName="meta_field_name">
			<column name="id" valueNumeric="332" />
			<column name="name" value="ZIP" />
			<column name="entity_type" value="ACCOUNT_TYPE" />
			<column name="data_type" value="STRING" />
			<column name="is_disabled" valueBoolean="false" />
			<column name="is_mandatory" valueBoolean="false" />
			<column name="display_order" valueNumeric="8" />
			<column name="default_value_id" />
			<column name="optlock" valueNumeric="0" />
			<column name="entity_id" valueNumeric="1" />
			<column name="error_message" />
			<column name="is_primary" valueBoolean="false" />
			<column name="validation_rule_id" />
			<column name="filename" value="" />
			<column name="field_usage" value="POSTAL_CODE" />
			<column name="data_table_id" />
			<column name="help_description" />
			<column name="help_content_url" />
		</insert>
		<insert tableName="meta_field_name">
			<column name="id" valueNumeric="333" />
			<column name="name" value="Country" />
			<column name="entity_type" value="ACCOUNT_TYPE" />
			<column name="data_type" value="STRING" />
			<column name="is_disabled" valueBoolean="false" />
			<column name="is_mandatory" valueBoolean="false" />
			<column name="display_order" valueNumeric="10" />
			<column name="default_value_id" />
			<column name="optlock" valueNumeric="0" />
			<column name="entity_id" valueNumeric="1" />
			<column name="error_message" />
			<column name="is_primary" valueBoolean="false" />
			<column name="validation_rule_id" />
			<column name="filename" value="" />
			<column name="field_usage" value="COUNTRY_CODE" />
			<column name="data_table_id" />
			<column name="help_description" />
			<column name="help_content_url" />
		</insert>
		<insert tableName="meta_field_name">
			<column name="id" valueNumeric="334" />
			<column name="name" value="City" />
			<column name="entity_type" value="ACCOUNT_TYPE" />
			<column name="data_type" value="STRING" />
			<column name="is_disabled" valueBoolean="false" />
			<column name="is_mandatory" valueBoolean="false" />
			<column name="display_order" valueNumeric="7" />
			<column name="default_value_id" />
			<column name="optlock" valueNumeric="0" />
			<column name="entity_id" valueNumeric="1" />
			<column name="error_message" />
			<column name="is_primary" valueBoolean="false" />
			<column name="validation_rule_id" />
			<column name="filename" value="" />
			<column name="field_usage" value="CITY" />
			<column name="data_table_id" />
			<column name="help_description" />
			<column name="help_content_url" />
		</insert>
		<insert tableName="meta_field_name">
			<column name="id" valueNumeric="335" />
			<column name="name" value="Statement Address 1" />
			<column name="entity_type" value="ACCOUNT_TYPE" />
			<column name="data_type" value="STRING" />
			<column name="is_disabled" valueBoolean="false" />
			<column name="is_mandatory" valueBoolean="false" />
			<column name="display_order" valueNumeric="10" />
			<column name="default_value_id" />
			<column name="optlock" valueNumeric="0" />
			<column name="entity_id" valueNumeric="1" />
			<column name="error_message" />
			<column name="is_primary" valueBoolean="false" />
			<column name="validation_rule_id" />
			<column name="filename" value="" />
			<column name="field_usage" value="ADDRESS1" />
			<column name="data_table_id" />
			<column name="help_description" />
			<column name="help_content_url" />
		</insert>
		<insert tableName="meta_field_name">
			<column name="id" valueNumeric="336" />
			<column name="name" value="Statement ZIP" />
			<column name="entity_type" value="ACCOUNT_TYPE" />
			<column name="data_type" value="STRING" />
			<column name="is_disabled" valueBoolean="false" />
			<column name="is_mandatory" valueBoolean="false" />
			<column name="display_order" valueNumeric="16" />
			<column name="default_value_id" />
			<column name="optlock" valueNumeric="0" />
			<column name="entity_id" valueNumeric="1" />
			<column name="error_message" />
			<column name="is_primary" valueBoolean="false" />
			<column name="validation_rule_id" />
			<column name="filename" value="" />
			<column name="field_usage" value="POSTAL_CODE" />
			<column name="data_table_id" />
			<column name="help_description" />
			<column name="help_content_url" />
		</insert>
		<insert tableName="meta_field_name">
			<column name="id" valueNumeric="337" />
			<column name="name" value="Statement Address 2" />
			<column name="entity_type" value="ACCOUNT_TYPE" />
			<column name="data_type" value="STRING" />
			<column name="is_disabled" valueBoolean="false" />
			<column name="is_mandatory" valueBoolean="false" />
			<column name="display_order" valueNumeric="12" />
			<column name="default_value_id" />
			<column name="optlock" valueNumeric="0" />
			<column name="entity_id" valueNumeric="1" />
			<column name="error_message" />
			<column name="is_primary" valueBoolean="false" />
			<column name="validation_rule_id" />
			<column name="filename" value="" />
			<column name="field_usage" value="ADDRESS2" />
			<column name="data_table_id" />
			<column name="help_description" />
			<column name="help_content_url" />
		</insert>
		<insert tableName="meta_field_name">
			<column name="id" valueNumeric="338" />
			<column name="name" value="Statement Name 1" />
			<column name="entity_type" value="ACCOUNT_TYPE" />
			<column name="data_type" value="STRING" />
			<column name="is_disabled" valueBoolean="false" />
			<column name="is_mandatory" valueBoolean="false" />
			<column name="display_order" valueNumeric="9" />
			<column name="default_value_id" />
			<column name="optlock" valueNumeric="0" />
			<column name="entity_id" valueNumeric="1" />
			<column name="error_message" />
			<column name="is_primary" valueBoolean="false" />
			<column name="validation_rule_id" />
			<column name="filename" value="" />
			<column name="field_usage" value="FIRST_NAME" />
			<column name="data_table_id" />
			<column name="help_description" />
			<column name="help_content_url" />
		</insert>
		<insert tableName="meta_field_name">
			<column name="id" valueNumeric="339" />
			<column name="name" value="Statement Name 2" />
			<column name="entity_type" value="ACCOUNT_TYPE" />
			<column name="data_type" value="STRING" />
			<column name="is_disabled" valueBoolean="false" />
			<column name="is_mandatory" valueBoolean="false" />
			<column name="display_order" valueNumeric="9" />
			<column name="default_value_id" />
			<column name="optlock" valueNumeric="0" />
			<column name="entity_id" valueNumeric="1" />
			<column name="error_message" />
			<column name="is_primary" valueBoolean="false" />
			<column name="validation_rule_id" />
			<column name="filename" value="" />
			<column name="field_usage" value="LAST_NAME" />
			<column name="data_table_id" />
			<column name="help_description" />
			<column name="help_content_url" />
		</insert>
		<insert tableName="meta_field_name">
			<column name="id" valueNumeric="340" />
			<column name="name" value="Statement City" />
			<column name="entity_type" value="ACCOUNT_TYPE" />
			<column name="data_type" value="STRING" />
			<column name="is_disabled" valueBoolean="false" />
			<column name="is_mandatory" valueBoolean="false" />
			<column name="display_order" valueNumeric="13" />
			<column name="default_value_id" />
			<column name="optlock" valueNumeric="0" />
			<column name="entity_id" valueNumeric="1" />
			<column name="error_message" />
			<column name="is_primary" valueBoolean="false" />
			<column name="validation_rule_id" />
			<column name="filename" value="" />
			<column name="field_usage" value="CITY" />
			<column name="data_table_id" />
			<column name="help_description" />
			<column name="help_content_url" />
		</insert>
		<insert tableName="meta_field_name">
			<column name="id" valueNumeric="341" />
			<column name="name" value="Statement Country" />
			<column name="entity_type" value="ACCOUNT_TYPE" />
			<column name="data_type" value="STRING" />
			<column name="is_disabled" valueBoolean="false" />
			<column name="is_mandatory" valueBoolean="false" />
			<column name="display_order" valueNumeric="15" />
			<column name="default_value_id" />
			<column name="optlock" valueNumeric="0" />
			<column name="entity_id" valueNumeric="1" />
			<column name="error_message" />
			<column name="is_primary" valueBoolean="false" />
			<column name="validation_rule_id" />
			<column name="filename" value="" />
			<column name="field_usage" value="COUNTRY_CODE" />
			<column name="data_table_id" />
			<column name="help_description" />
			<column name="help_content_url" />
		</insert>
		<insert tableName="meta_field_name">
			<column name="id" valueNumeric="342" />
			<column name="name" value="Statement State" />
			<column name="entity_type" value="ACCOUNT_TYPE" />
			<column name="data_type" value="STRING" />
			<column name="is_disabled" valueBoolean="false" />
			<column name="is_mandatory" valueBoolean="false" />
			<column name="display_order" valueNumeric="14" />
			<column name="default_value_id" />
			<column name="optlock" valueNumeric="0" />
			<column name="entity_id" valueNumeric="1" />
			<column name="error_message" />
			<column name="is_primary" valueBoolean="false" />
			<column name="validation_rule_id" />
			<column name="filename" value="" />
			<column name="field_usage" value="STATE_PROVINCE" />
			<column name="data_table_id" />
			<column name="help_description" />
			<column name="help_content_url" />
		</insert>
		<insert tableName="meta_field_name">
			<column name="id" valueNumeric="343" />
			<column name="name" value="Contact Email" />
			<column name="entity_type" value="ACCOUNT_TYPE" />
			<column name="data_type" value="STRING" />
			<column name="is_disabled" valueBoolean="false" />
			<column name="is_mandatory" valueBoolean="false" />
			<column name="display_order" valueNumeric="18" />
			<column name="default_value_id" />
			<column name="optlock" valueNumeric="0" />
			<column name="entity_id" valueNumeric="1" />
			<column name="error_message" />
			<column name="is_primary" valueBoolean="false" />
			<column name="validation_rule_id" />
			<column name="filename" value="" />
			<column name="field_usage" value="EMAIL" />
			<column name="data_table_id" />
			<column name="help_description" />
			<column name="help_content_url" />
		</insert>
		<insert tableName="meta_field_name">
			<column name="id" valueNumeric="344" />
			<column name="name" value="Contact Name and Phone" />
			<column name="entity_type" value="ACCOUNT_TYPE" />
			<column name="data_type" value="STRING" />
			<column name="is_disabled" valueBoolean="false" />
			<column name="is_mandatory" valueBoolean="false" />
			<column name="display_order" valueNumeric="17" />
			<column name="default_value_id" />
			<column name="optlock" valueNumeric="0" />
			<column name="entity_id" valueNumeric="1" />
			<column name="error_message" />
			<column name="is_primary" valueBoolean="false" />
			<column name="validation_rule_id" />
			<column name="filename" value="" />
			<column name="field_usage" value="ORGANIZATION" />
			<column name="data_table_id" />
			<column name="help_description" />
			<column name="help_content_url" />
		</insert>
	</changeSet>
	<changeSet author="jbilling (generated)" id="1463744820844-61">
		<insert tableName="metafield_group_meta_field_map">
			<column name="metafield_group_id" valueNumeric="9" />
			<column name="meta_field_value_id" valueNumeric="306" />
		</insert>
		<insert tableName="metafield_group_meta_field_map">
			<column name="metafield_group_id" valueNumeric="9" />
			<column name="meta_field_value_id" valueNumeric="313" />
		</insert>
		<insert tableName="metafield_group_meta_field_map">
			<column name="metafield_group_id" valueNumeric="9" />
			<column name="meta_field_value_id" valueNumeric="312" />
		</insert>
		<insert tableName="metafield_group_meta_field_map">
			<column name="metafield_group_id" valueNumeric="9" />
			<column name="meta_field_value_id" valueNumeric="314" />
		</insert>
		<insert tableName="metafield_group_meta_field_map">
			<column name="metafield_group_id" valueNumeric="9" />
			<column name="meta_field_value_id" valueNumeric="316" />
		</insert>
		<insert tableName="metafield_group_meta_field_map">
			<column name="metafield_group_id" valueNumeric="9" />
			<column name="meta_field_value_id" valueNumeric="310" />
		</insert>
		<insert tableName="metafield_group_meta_field_map">
			<column name="metafield_group_id" valueNumeric="9" />
			<column name="meta_field_value_id" valueNumeric="317" />
		</insert>
		<insert tableName="metafield_group_meta_field_map">
			<column name="metafield_group_id" valueNumeric="9" />
			<column name="meta_field_value_id" valueNumeric="307" />
		</insert>
		<insert tableName="metafield_group_meta_field_map">
			<column name="metafield_group_id" valueNumeric="9" />
			<column name="meta_field_value_id" valueNumeric="311" />
		</insert>
		<insert tableName="metafield_group_meta_field_map">
			<column name="metafield_group_id" valueNumeric="9" />
			<column name="meta_field_value_id" valueNumeric="309" />
		</insert>
		<insert tableName="metafield_group_meta_field_map">
			<column name="metafield_group_id" valueNumeric="9" />
			<column name="meta_field_value_id" valueNumeric="318" />
		</insert>
		<insert tableName="metafield_group_meta_field_map">
			<column name="metafield_group_id" valueNumeric="9" />
			<column name="meta_field_value_id" valueNumeric="308" />
		</insert>
		<insert tableName="metafield_group_meta_field_map">
			<column name="metafield_group_id" valueNumeric="9" />
			<column name="meta_field_value_id" valueNumeric="315" />
		</insert>
		<insert tableName="metafield_group_meta_field_map">
			<column name="metafield_group_id" valueNumeric="10" />
			<column name="meta_field_value_id" valueNumeric="319" />
		</insert>
		<insert tableName="metafield_group_meta_field_map">
			<column name="metafield_group_id" valueNumeric="10" />
			<column name="meta_field_value_id" valueNumeric="323" />
		</insert>
		<insert tableName="metafield_group_meta_field_map">
			<column name="metafield_group_id" valueNumeric="10" />
			<column name="meta_field_value_id" valueNumeric="326" />
		</insert>
		<insert tableName="metafield_group_meta_field_map">
			<column name="metafield_group_id" valueNumeric="10" />
			<column name="meta_field_value_id" valueNumeric="320" />
		</insert>
		<insert tableName="metafield_group_meta_field_map">
			<column name="metafield_group_id" valueNumeric="10" />
			<column name="meta_field_value_id" valueNumeric="321" />
		</insert>
		<insert tableName="metafield_group_meta_field_map">
			<column name="metafield_group_id" valueNumeric="10" />
			<column name="meta_field_value_id" valueNumeric="322" />
		</insert>
		<insert tableName="metafield_group_meta_field_map">
			<column name="metafield_group_id" valueNumeric="10" />
			<column name="meta_field_value_id" valueNumeric="325" />
		</insert>
		<insert tableName="metafield_group_meta_field_map">
			<column name="metafield_group_id" valueNumeric="10" />
			<column name="meta_field_value_id" valueNumeric="324" />
		</insert>
		<insert tableName="metafield_group_meta_field_map">
			<column name="metafield_group_id" valueNumeric="11" />
			<column name="meta_field_value_id" valueNumeric="327" />
		</insert>
		<insert tableName="metafield_group_meta_field_map">
			<column name="metafield_group_id" valueNumeric="11" />
			<column name="meta_field_value_id" valueNumeric="328" />
		</insert>
		<insert tableName="metafield_group_meta_field_map">
			<column name="metafield_group_id" valueNumeric="11" />
			<column name="meta_field_value_id" valueNumeric="329" />
		</insert>
		<insert tableName="metafield_group_meta_field_map">
			<column name="metafield_group_id" valueNumeric="11" />
			<column name="meta_field_value_id" valueNumeric="331" />
		</insert>
		<insert tableName="metafield_group_meta_field_map">
			<column name="metafield_group_id" valueNumeric="11" />
			<column name="meta_field_value_id" valueNumeric="332" />
		</insert>
		<insert tableName="metafield_group_meta_field_map">
			<column name="metafield_group_id" valueNumeric="11" />
			<column name="meta_field_value_id" valueNumeric="334" />
		</insert>
		<insert tableName="metafield_group_meta_field_map">
			<column name="metafield_group_id" valueNumeric="11" />
			<column name="meta_field_value_id" valueNumeric="333" />
		</insert>
		<insert tableName="metafield_group_meta_field_map">
			<column name="metafield_group_id" valueNumeric="12" />
			<column name="meta_field_value_id" valueNumeric="335" />
		</insert>
		<insert tableName="metafield_group_meta_field_map">
			<column name="metafield_group_id" valueNumeric="12" />
			<column name="meta_field_value_id" valueNumeric="336" />
		</insert>
		<insert tableName="metafield_group_meta_field_map">
			<column name="metafield_group_id" valueNumeric="12" />
			<column name="meta_field_value_id" valueNumeric="340" />
		</insert>
		<insert tableName="metafield_group_meta_field_map">
			<column name="metafield_group_id" valueNumeric="12" />
			<column name="meta_field_value_id" valueNumeric="342" />
		</insert>
		<insert tableName="metafield_group_meta_field_map">
			<column name="metafield_group_id" valueNumeric="12" />
			<column name="meta_field_value_id" valueNumeric="341" />
		</insert>
		<insert tableName="metafield_group_meta_field_map">
			<column name="metafield_group_id" valueNumeric="12" />
			<column name="meta_field_value_id" valueNumeric="338" />
		</insert>
		<insert tableName="metafield_group_meta_field_map">
			<column name="metafield_group_id" valueNumeric="12" />
			<column name="meta_field_value_id" valueNumeric="337" />
		</insert>
		<insert tableName="metafield_group_meta_field_map">
			<column name="metafield_group_id" valueNumeric="12" />
			<column name="meta_field_value_id" valueNumeric="339" />
		</insert>
		<insert tableName="metafield_group_meta_field_map">
			<column name="metafield_group_id" valueNumeric="13" />
			<column name="meta_field_value_id" valueNumeric="343" />
		</insert>
		<insert tableName="metafield_group_meta_field_map">
			<column name="metafield_group_id" valueNumeric="13" />
			<column name="meta_field_value_id" valueNumeric="344" />
		</insert>
	</changeSet>
	<changeSet author="jbilling (generated)" id="1463584216513-21">
		<validCheckSum>7:66aa366dd1bc8b0ca064083043303271</validCheckSum>
		<insert tableName="international_description">
			<column name="table_id" valueNumeric="111" />
			<column name="foreign_id" valueNumeric="60103" />
			<column name="psudo_column" value="description" />
			<column name="language_id" valueNumeric="1" />
			<column name="content" value="Migration" />
		</insert>
		<insert tableName="international_description">
			<column name="table_id" valueNumeric="111" />
			<column name="foreign_id" valueNumeric="60102" />
			<column name="psudo_column" value="description" />
			<column name="language_id" valueNumeric="1" />
			<column name="content" value="Standard" />
		</insert>
		<insert tableName="international_description">
			<column name="table_id" valueNumeric="14" />
			<column name="foreign_id" valueNumeric="320101" />
			<column name="psudo_column" value="description" />
			<column name="language_id" valueNumeric="1" />
			<column name="content" value="Inbound" />
		</insert>
		<insert tableName="international_description">
			<column name="table_id" valueNumeric="14" />
			<column name="foreign_id" valueNumeric="320102" />
			<column name="psudo_column" value="description" />
			<column name="language_id" valueNumeric="1" />
			<column name="content" value="Chat" />
		</insert>
		<insert tableName="international_description">
			<column name="table_id" valueNumeric="14" />
			<column name="foreign_id" valueNumeric="320103" />
			<column name="psudo_column" value="description" />
			<column name="language_id" valueNumeric="1" />
			<column name="content" value="Active Response" />
		</insert>
		<insert tableName="international_description">
			<column name="table_id" valueNumeric="108" />
			<column name="foreign_id" valueNumeric="10500" />
			<column name="psudo_column" value="description" />
			<column name="language_id" valueNumeric="1" />
			<column name="content" value="Assigned" />
		</insert>
		<insert tableName="international_description">
			<column name="table_id" valueNumeric="108" />
			<column name="foreign_id" valueNumeric="10501" />
			<column name="psudo_column" value="description" />
			<column name="language_id" valueNumeric="1" />
			<column name="content" value="Available" />
		</insert>
		<insert tableName="international_description">
			<column name="table_id" valueNumeric="108" />
			<column name="foreign_id" valueNumeric="10502" />
			<column name="psudo_column" value="description" />
			<column name="language_id" valueNumeric="1" />
			<column name="content" value="Pending" />
		</insert>
		<insert tableName="international_description">
			<column name="table_id" valueNumeric="14" />
			<column name="foreign_id" valueNumeric="320104" />
			<column name="psudo_column" value="description" />
			<column name="language_id" valueNumeric="1" />
			<column name="content" value="8XX Toll-Free Number" />
		</insert>
		<insert tableName="international_description">
			<column name="table_id" valueNumeric="14" />
			<column name="foreign_id" valueNumeric="320105" />
			<column name="psudo_column" value="description" />
			<column name="language_id" valueNumeric="1" />
			<column name="content" value="800 Toll-Free Number" />
		</insert>
		<insert tableName="international_description">
			<column name="table_id" valueNumeric="14" />
			<column name="foreign_id" valueNumeric="320106" />
			<column name="psudo_column" value="description" />
			<column name="language_id" valueNumeric="1" />
			<column name="content" value="Local/ECF Number" />
		</insert>
		<insert tableName="international_description">
			<column name="table_id" valueNumeric="14" />
			<column name="foreign_id" valueNumeric="320107" />
			<column name="psudo_column" value="description" />
			<column name="language_id" valueNumeric="1" />
			<column name="content" value="Chat Account" />
		</insert>
		<insert tableName="international_description">
			<column name="table_id" valueNumeric="14" />
			<column name="foreign_id" valueNumeric="320108" />
			<column name="psudo_column" value="description" />
			<column name="language_id" valueNumeric="1" />
			<column name="content" value="Active Response Account" />
		</insert>
		<insert tableName="international_description">
			<column name="table_id" valueNumeric="14" />
			<column name="foreign_id" valueNumeric="320109" />
			<column name="psudo_column" value="description" />
			<column name="language_id" valueNumeric="1" />
			<column name="content" value="Penalty Fee" />
		</insert>
		<insert tableName="international_description">
			<column name="table_id" valueNumeric="14" />
			<column name="foreign_id" valueNumeric="320110" />
			<column name="psudo_column" value="description" />
			<column name="language_id" valueNumeric="1" />
			<column name="content" value="Setup Fee (AF)" />
		</insert>
		<insert tableName="international_description">
			<column name="table_id" valueNumeric="14" />
			<column name="foreign_id" valueNumeric="320111" />
			<column name="psudo_column" value="description" />
			<column name="language_id" valueNumeric="1" />
			<column name="content" value="Account Adjustment (General)" />
		</insert>
		<insert tableName="international_description">
			<column name="table_id" valueNumeric="117" />
			<column name="foreign_id" valueNumeric="100" />
			<column name="psudo_column" value="name" />
			<column name="language_id" valueNumeric="1" />
			<column name="content" value="Best Value AFL (300)" />
		</insert>
		<insert tableName="international_description">
			<column name="table_id" valueNumeric="117" />
			<column name="foreign_id" valueNumeric="101" />
			<column name="psudo_column" value="name" />
			<column name="language_id" valueNumeric="1" />
			<column name="content" value="Basic AFK (200)" />
		</insert>
		<insert tableName="international_description">
			<column name="table_id" valueNumeric="117" />
			<column name="foreign_id" valueNumeric="102" />
			<column name="psudo_column" value="name" />
			<column name="language_id" valueNumeric="1" />
			<column name="content" value="Intro AFJ (100)" />
		</insert>
		<insert tableName="international_description">
			<column name="table_id" valueNumeric="117" />
			<column name="foreign_id" valueNumeric="103" />
			<column name="psudo_column" value="name" />
			<column name="language_id" valueNumeric="1" />
			<column name="content" value="Small AF* (39)" />
		</insert>
		<insert tableName="international_description">
			<column name="table_id" valueNumeric="14" />
			<column name="foreign_id" valueNumeric="320112" />
			<column name="psudo_column" value="description" />
			<column name="language_id" valueNumeric="1" />
			<column name="content" value="AF Small Plan" />
		</insert>
		<insert tableName="international_description">
			<column name="table_id" valueNumeric="14" />
			<column name="foreign_id" valueNumeric="320113" />
			<column name="psudo_column" value="description" />
			<column name="language_id" valueNumeric="1" />
			<column name="content" value="AF Intro Plan" />
		</insert>
		<insert tableName="international_description">
			<column name="table_id" valueNumeric="14" />
			<column name="foreign_id" valueNumeric="320114" />
			<column name="psudo_column" value="description" />
			<column name="language_id" valueNumeric="1" />
			<column name="content" value="AF Basic Plan" />
		</insert>
		<insert tableName="international_description">
			<column name="table_id" valueNumeric="14" />
			<column name="foreign_id" valueNumeric="320115" />
			<column name="psudo_column" value="description" />
			<column name="language_id" valueNumeric="1" />
			<column name="content" value="AF Best Value Plan" />
		</insert>
	</changeSet>
	<changeSet author="jbilling (generated)" id="1463584216513-26">
		<insert tableName="item">
			<column name="id" valueNumeric="320101" />
			<column name="internal_number" value="CDR-INBOUND" />
			<column name="entity_id" valueNumeric="1" />
			<column name="deleted" valueNumeric="0" />
			<column name="has_decimals" valueNumeric="1" />
			<column name="optlock" valueNumeric="1" />
			<column name="gl_code" value="" />
			<column name="asset_management_enabled" valueNumeric="0" />
			<column name="standard_availability" valueBoolean="true" />
			<column name="global" valueBoolean="true" />
			<column name="standard_partner_percentage" />
			<column name="master_partner_percentage" />
			<column name="active_since" />
			<column name="active_until" />
			<column name="reservation_duration" valueNumeric="600000" />
		</insert>
		<insert tableName="item">
			<column name="id" valueNumeric="320102" />
			<column name="internal_number" value="CDR-CHAT" />
			<column name="entity_id" valueNumeric="1" />
			<column name="deleted" valueNumeric="0" />
			<column name="has_decimals" valueNumeric="1" />
			<column name="optlock" valueNumeric="1" />
			<column name="gl_code" value="" />
			<column name="asset_management_enabled" valueNumeric="0" />
			<column name="standard_availability" valueBoolean="true" />
			<column name="global" valueBoolean="true" />
			<column name="standard_partner_percentage" />
			<column name="master_partner_percentage" />
			<column name="active_since" />
			<column name="active_until" />
			<column name="reservation_duration" valueNumeric="600000" />
		</insert>
		<insert tableName="item">
			<column name="id" valueNumeric="320103" />
			<column name="internal_number" value="CDR-ACTIVE" />
			<column name="entity_id" valueNumeric="1" />
			<column name="deleted" valueNumeric="0" />
			<column name="has_decimals" valueNumeric="1" />
			<column name="optlock" valueNumeric="1" />
			<column name="gl_code" value="" />
			<column name="asset_management_enabled" valueNumeric="0" />
			<column name="standard_availability" valueBoolean="true" />
			<column name="global" valueBoolean="true" />
			<column name="standard_partner_percentage" />
			<column name="master_partner_percentage" />
			<column name="active_since" />
			<column name="active_until" />
			<column name="reservation_duration" valueNumeric="600000" />
		</insert>
		<insert tableName="item">
			<column name="id" valueNumeric="320104" />
			<column name="internal_number" value="DID-8XX" />
			<column name="entity_id" valueNumeric="1" />
			<column name="deleted" valueNumeric="0" />
			<column name="has_decimals" valueNumeric="0" />
			<column name="optlock" valueNumeric="1" />
			<column name="gl_code" value="" />
			<column name="asset_management_enabled" valueNumeric="1" />
			<column name="standard_availability" valueBoolean="true" />
			<column name="global" valueBoolean="true" />
			<column name="standard_partner_percentage" />
			<column name="master_partner_percentage" />
			<column name="active_since" />
			<column name="active_until" />
			<column name="reservation_duration" valueNumeric="600000" />
		</insert>
		<insert tableName="item">
			<column name="id" valueNumeric="320105" />
			<column name="internal_number" value="DID-800" />
			<column name="entity_id" valueNumeric="1" />
			<column name="deleted" valueNumeric="0" />
			<column name="has_decimals" valueNumeric="0" />
			<column name="optlock" valueNumeric="1" />
			<column name="gl_code" value="" />
			<column name="asset_management_enabled" valueNumeric="1" />
			<column name="standard_availability" valueBoolean="true" />
			<column name="global" valueBoolean="true" />
			<column name="standard_partner_percentage" />
			<column name="master_partner_percentage" />
			<column name="active_since" />
			<column name="active_until" />
			<column name="reservation_duration" valueNumeric="600000" />
		</insert>
		<insert tableName="item">
			<column name="id" valueNumeric="320106" />
			<column name="internal_number" value="DID-LOCAL-ECF" />
			<column name="entity_id" valueNumeric="1" />
			<column name="deleted" valueNumeric="0" />
			<column name="has_decimals" valueNumeric="0" />
			<column name="optlock" valueNumeric="1" />
			<column name="gl_code" value="" />
			<column name="asset_management_enabled" valueNumeric="1" />
			<column name="standard_availability" valueBoolean="true" />
			<column name="global" valueBoolean="true" />
			<column name="standard_partner_percentage" />
			<column name="master_partner_percentage" />
			<column name="active_since" />
			<column name="active_until" />
			<column name="reservation_duration" valueNumeric="600000" />
		</insert>
		<insert tableName="item">
			<column name="id" valueNumeric="320107" />
			<column name="internal_number" value="DID-CHAT" />
			<column name="entity_id" valueNumeric="1" />
			<column name="deleted" valueNumeric="0" />
			<column name="has_decimals" valueNumeric="0" />
			<column name="optlock" valueNumeric="1" />
			<column name="gl_code" value="" />
			<column name="asset_management_enabled" valueNumeric="1" />
			<column name="standard_availability" valueBoolean="true" />
			<column name="global" valueBoolean="true" />
			<column name="standard_partner_percentage" />
			<column name="master_partner_percentage" />
			<column name="active_since" />
			<column name="active_until" />
			<column name="reservation_duration" valueNumeric="600000" />
		</insert>
		<insert tableName="item">
			<column name="id" valueNumeric="320108" />
			<column name="internal_number" value="DID-ACTIVE" />
			<column name="entity_id" valueNumeric="1" />
			<column name="deleted" valueNumeric="0" />
			<column name="has_decimals" valueNumeric="0" />
			<column name="optlock" valueNumeric="1" />
			<column name="gl_code" value="" />
			<column name="asset_management_enabled" valueNumeric="1" />
			<column name="standard_availability" valueBoolean="true" />
			<column name="global" valueBoolean="true" />
			<column name="standard_partner_percentage" />
			<column name="master_partner_percentage" />
			<column name="active_since" />
			<column name="active_until" />
			<column name="reservation_duration" valueNumeric="600000" />
		</insert>
		<insert tableName="item">
			<column name="id" valueNumeric="320109" />
			<column name="internal_number" value="PENALTY-FEE" />
			<column name="entity_id" valueNumeric="1" />
			<column name="deleted" valueNumeric="0" />
			<column name="has_decimals" valueNumeric="0" />
			<column name="optlock" valueNumeric="1" />
			<column name="gl_code" value="" />
			<column name="asset_management_enabled" valueNumeric="0" />
			<column name="standard_availability" valueBoolean="true" />
			<column name="global" valueBoolean="true" />
			<column name="standard_partner_percentage" />
			<column name="master_partner_percentage" />
			<column name="active_since" />
			<column name="active_until" />
			<column name="reservation_duration" valueNumeric="600000" />
		</insert>
		<insert tableName="item">
			<column name="id" valueNumeric="320110" />
			<column name="internal_number" value="FEE-AF-SETUP" />
			<column name="entity_id" valueNumeric="1" />
			<column name="deleted" valueNumeric="0" />
			<column name="has_decimals" valueNumeric="0" />
			<column name="optlock" valueNumeric="1" />
			<column name="gl_code" value="" />
			<column name="asset_management_enabled" valueNumeric="0" />
			<column name="standard_availability" valueBoolean="true" />
			<column name="global" valueBoolean="true" />
			<column name="standard_partner_percentage" />
			<column name="master_partner_percentage" />
			<column name="active_since" />
			<column name="active_until" />
			<column name="reservation_duration" valueNumeric="600000" />
		</insert>
		<insert tableName="item">
			<column name="id" valueNumeric="320111" />
			<column name="internal_number" value="ADJ-GEN" />
			<column name="entity_id" valueNumeric="1" />
			<column name="deleted" valueNumeric="0" />
			<column name="has_decimals" valueNumeric="0" />
			<column name="optlock" valueNumeric="1" />
			<column name="gl_code" value="" />
			<column name="asset_management_enabled" valueNumeric="0" />
			<column name="standard_availability" valueBoolean="true" />
			<column name="global" valueBoolean="true" />
			<column name="standard_partner_percentage" />
			<column name="master_partner_percentage" />
			<column name="active_since" />
			<column name="active_until" />
			<column name="reservation_duration" valueNumeric="600000" />
		</insert>
		<insert tableName="item">
			<column name="id" valueNumeric="320112" />
			<column name="internal_number" value="PLAN-AF" />
			<column name="entity_id" valueNumeric="1" />
			<column name="deleted" valueNumeric="0" />
			<column name="has_decimals" valueNumeric="0" />
			<column name="optlock" valueNumeric="1" />
			<column name="gl_code" />
			<column name="asset_management_enabled" valueNumeric="0" />
			<column name="standard_availability" valueBoolean="true" />
			<column name="global" valueBoolean="true" />
			<column name="standard_partner_percentage" />
			<column name="master_partner_percentage" />
			<column name="active_since" />
			<column name="active_until" />
			<column name="reservation_duration" valueNumeric="600000" />
		</insert>
		<insert tableName="item">
			<column name="id" valueNumeric="320113" />
			<column name="internal_number" value="PLAN-AFJ" />
			<column name="entity_id" valueNumeric="1" />
			<column name="deleted" valueNumeric="0" />
			<column name="has_decimals" valueNumeric="0" />
			<column name="optlock" valueNumeric="1" />
			<column name="gl_code" />
			<column name="asset_management_enabled" valueNumeric="0" />
			<column name="standard_availability" valueBoolean="true" />
			<column name="global" valueBoolean="true" />
			<column name="standard_partner_percentage" />
			<column name="master_partner_percentage" />
			<column name="active_since" />
			<column name="active_until" />
			<column name="reservation_duration" valueNumeric="600000" />
		</insert>
		<insert tableName="item">
			<column name="id" valueNumeric="320114" />
			<column name="internal_number" value="PLAN-AFK" />
			<column name="entity_id" valueNumeric="1" />
			<column name="deleted" valueNumeric="0" />
			<column name="has_decimals" valueNumeric="0" />
			<column name="optlock" valueNumeric="1" />
			<column name="gl_code" />
			<column name="asset_management_enabled" valueNumeric="0" />
			<column name="standard_availability" valueBoolean="true" />
			<column name="global" valueBoolean="true" />
			<column name="standard_partner_percentage" />
			<column name="master_partner_percentage" />
			<column name="active_since" />
			<column name="active_until" />
			<column name="reservation_duration" valueNumeric="600000" />
		</insert>
		<insert tableName="item">
			<column name="id" valueNumeric="320115" />
			<column name="internal_number" value="PLAN-AFL" />
			<column name="entity_id" valueNumeric="1" />
			<column name="deleted" valueNumeric="0" />
			<column name="has_decimals" valueNumeric="0" />
			<column name="optlock" valueNumeric="1" />
			<column name="gl_code" />
			<column name="asset_management_enabled" valueNumeric="0" />
			<column name="standard_availability" valueBoolean="true" />
			<column name="global" valueBoolean="true" />
			<column name="standard_partner_percentage" />
			<column name="master_partner_percentage" />
			<column name="active_since" />
			<column name="active_until" />
			<column name="reservation_duration" valueNumeric="600000" />
		</insert>
	</changeSet>
	<changeSet author="jbilling (generated)" id="1463582460205-82">
		<insert tableName="price_model">
			<column name="id" valueNumeric="220103" />
			<column name="strategy_type" value="FLAT" />
			<column name="rate" valueNumeric="2.5000000000" />
			<column name="included_quantity" />
			<column name="currency_id" valueNumeric="1" />
			<column name="next_model_id" />
			<column name="entity_id" />
		</insert>
		<insert tableName="price_model">
			<column name="id" valueNumeric="220104" />
			<column name="strategy_type" value="FLAT" />
			<column name="rate" valueNumeric="2.5000000000" />
			<column name="included_quantity" />
			<column name="currency_id" valueNumeric="1" />
			<column name="next_model_id" />
			<column name="entity_id" />
		</insert>
		<insert tableName="price_model">
			<column name="id" valueNumeric="220105" />
			<column name="strategy_type" value="FLAT" />
			<column name="rate" valueNumeric="2.5000000000" />
			<column name="included_quantity" />
			<column name="currency_id" valueNumeric="1" />
			<column name="next_model_id" />
			<column name="entity_id" />
		</insert>
		<insert tableName="price_model">
			<column name="id" valueNumeric="220106" />
			<column name="strategy_type" value="FLAT" />
			<column name="rate" valueNumeric="4.9900000000" />
			<column name="included_quantity" />
			<column name="currency_id" valueNumeric="1" />
			<column name="next_model_id" />
			<column name="entity_id" />
		</insert>
		<insert tableName="price_model">
			<column name="id" valueNumeric="220107" />
			<column name="strategy_type" value="FLAT" />
			<column name="rate" valueNumeric="9.9900000000" />
			<column name="included_quantity" />
			<column name="currency_id" valueNumeric="1" />
			<column name="next_model_id" />
			<column name="entity_id" />
		</insert>
		<insert tableName="price_model">
			<column name="id" valueNumeric="220108" />
			<column name="strategy_type" value="FLAT" />
			<column name="rate" valueNumeric="9.9900000000" />
			<column name="included_quantity" />
			<column name="currency_id" valueNumeric="1" />
			<column name="next_model_id" />
			<column name="entity_id" />
		</insert>
		<insert tableName="price_model">
			<column name="id" valueNumeric="220109" />
			<column name="strategy_type" value="FLAT" />
			<column name="rate" valueNumeric="0E-10" />
			<column name="included_quantity" />
			<column name="currency_id" valueNumeric="1" />
			<column name="next_model_id" />
			<column name="entity_id" />
		</insert>
		<insert tableName="price_model">
			<column name="id" valueNumeric="220110" />
			<column name="strategy_type" value="FLAT" />
			<column name="rate" valueNumeric="0E-10" />
			<column name="included_quantity" />
			<column name="currency_id" valueNumeric="1" />
			<column name="next_model_id" />
			<column name="entity_id" />
		</insert>
		<insert tableName="price_model">
			<column name="id" valueNumeric="220111" />
			<column name="strategy_type" value="ZERO" />
			<column name="rate" valueNumeric="0E-10" />
			<column name="included_quantity" />
			<column name="currency_id" valueNumeric="1" />
			<column name="next_model_id" />
			<column name="entity_id" />
		</insert>
		<insert tableName="price_model">
			<column name="id" valueNumeric="220112" />
			<column name="strategy_type" value="FLAT" />
			<column name="rate" valueNumeric="49.0000000000" />
			<column name="included_quantity" />
			<column name="currency_id" valueNumeric="1" />
			<column name="next_model_id" />
			<column name="entity_id" />
		</insert>
		<insert tableName="price_model">
			<column name="id" valueNumeric="220113" />
			<column name="strategy_type" value="FLAT" />
			<column name="rate" valueNumeric="0E-10" />
			<column name="included_quantity" />
			<column name="currency_id" valueNumeric="1" />
			<column name="next_model_id" />
			<column name="entity_id" />
		</insert>
		<insert tableName="price_model">
			<column name="id" valueNumeric="220114" />
			<column name="strategy_type" value="FLAT" />
			<column name="rate" valueNumeric="39.0000000000" />
			<column name="included_quantity" />
			<column name="currency_id" valueNumeric="1" />
			<column name="next_model_id" />
			<column name="entity_id" />
		</insert>
		<insert tableName="price_model">
			<column name="id" valueNumeric="220115" />
			<column name="strategy_type" value="FLAT" />
			<column name="rate" valueNumeric="49.0000000000" />
			<column name="included_quantity" />
			<column name="currency_id" valueNumeric="1" />
			<column name="next_model_id" />
			<column name="entity_id" />
		</insert>
		<insert tableName="price_model">
			<column name="id" valueNumeric="220116" />
			<column name="strategy_type" value="FLAT" />
			<column name="rate" valueNumeric="1.3900000000" />
			<column name="included_quantity" />
			<column name="currency_id" valueNumeric="1" />
			<column name="next_model_id" />
			<column name="entity_id" />
		</insert>
		<insert tableName="price_model">
			<column name="id" valueNumeric="220117" />
			<column name="strategy_type" value="FLAT" />
			<column name="rate" valueNumeric="1.3900000000" />
			<column name="included_quantity" />
			<column name="currency_id" valueNumeric="1" />
			<column name="next_model_id" />
			<column name="entity_id" />
		</insert>
		<insert tableName="price_model">
			<column name="id" valueNumeric="220118" />
			<column name="strategy_type" value="FLAT" />
			<column name="rate" valueNumeric="1.3900000000" />
			<column name="included_quantity" />
			<column name="currency_id" valueNumeric="1" />
			<column name="next_model_id" />
			<column name="entity_id" />
		</insert>
		<insert tableName="price_model">
			<column name="id" valueNumeric="220119" />
			<column name="strategy_type" value="FLAT" />
			<column name="rate" valueNumeric="0E-10" />
			<column name="included_quantity" />
			<column name="currency_id" valueNumeric="1" />
			<column name="next_model_id" />
			<column name="entity_id" />
		</insert>
		<insert tableName="price_model">
			<column name="id" valueNumeric="220120" />
			<column name="strategy_type" value="FLAT" />
			<column name="rate" valueNumeric="100.0000000000" />
			<column name="included_quantity" />
			<column name="currency_id" valueNumeric="1" />
			<column name="next_model_id" />
			<column name="entity_id" />
		</insert>
		<insert tableName="price_model">
			<column name="id" valueNumeric="220121" />
			<column name="strategy_type" value="FLAT" />
			<column name="rate" valueNumeric="49.0000000000" />
			<column name="included_quantity" />
			<column name="currency_id" valueNumeric="1" />
			<column name="next_model_id" />
			<column name="entity_id" />
		</insert>
		<insert tableName="price_model">
			<column name="id" valueNumeric="220122" />
			<column name="strategy_type" value="FLAT" />
			<column name="rate" valueNumeric="0.9500000000" />
			<column name="included_quantity" />
			<column name="currency_id" valueNumeric="1" />
			<column name="next_model_id" />
			<column name="entity_id" />
		</insert>
		<insert tableName="price_model">
			<column name="id" valueNumeric="220123" />
			<column name="strategy_type" value="FLAT" />
			<column name="rate" valueNumeric="0.9500000000" />
			<column name="included_quantity" />
			<column name="currency_id" valueNumeric="1" />
			<column name="next_model_id" />
			<column name="entity_id" />
		</insert>
		<insert tableName="price_model">
			<column name="id" valueNumeric="220124" />
			<column name="strategy_type" value="FLAT" />
			<column name="rate" valueNumeric="0.9500000000" />
			<column name="included_quantity" />
			<column name="currency_id" valueNumeric="1" />
			<column name="next_model_id" />
			<column name="entity_id" />
		</insert>
		<insert tableName="price_model">
			<column name="id" valueNumeric="220125" />
			<column name="strategy_type" value="FLAT" />
			<column name="rate" valueNumeric="0E-10" />
			<column name="included_quantity" />
			<column name="currency_id" valueNumeric="1" />
			<column name="next_model_id" />
			<column name="entity_id" />
		</insert>
		<insert tableName="price_model">
			<column name="id" valueNumeric="220126" />
			<column name="strategy_type" value="FLAT" />
			<column name="rate" valueNumeric="200.0000000000" />
			<column name="included_quantity" />
			<column name="currency_id" valueNumeric="1" />
			<column name="next_model_id" />
			<column name="entity_id" />
		</insert>
		<insert tableName="price_model">
			<column name="id" valueNumeric="220127" />
			<column name="strategy_type" value="FLAT" />
			<column name="rate" valueNumeric="49.0000000000" />
			<column name="included_quantity" />
			<column name="currency_id" valueNumeric="1" />
			<column name="next_model_id" />
			<column name="entity_id" />
		</insert>
		<insert tableName="price_model">
			<column name="id" valueNumeric="220128" />
			<column name="strategy_type" value="FLAT" />
			<column name="rate" valueNumeric="0.9500000000" />
			<column name="included_quantity" />
			<column name="currency_id" valueNumeric="1" />
			<column name="next_model_id" />
			<column name="entity_id" />
		</insert>
		<insert tableName="price_model">
			<column name="id" valueNumeric="220129" />
			<column name="strategy_type" value="FLAT" />
			<column name="rate" valueNumeric="0.9500000000" />
			<column name="included_quantity" />
			<column name="currency_id" valueNumeric="1" />
			<column name="next_model_id" />
			<column name="entity_id" />
		</insert>
		<insert tableName="price_model">
			<column name="id" valueNumeric="220130" />
			<column name="strategy_type" value="FLAT" />
			<column name="rate" valueNumeric="0.9500000000" />
			<column name="included_quantity" />
			<column name="currency_id" valueNumeric="1" />
			<column name="next_model_id" />
			<column name="entity_id" />
		</insert>
		<insert tableName="price_model">
			<column name="id" valueNumeric="220131" />
			<column name="strategy_type" value="FLAT" />
			<column name="rate" valueNumeric="0E-10" />
			<column name="included_quantity" />
			<column name="currency_id" valueNumeric="1" />
			<column name="next_model_id" />
			<column name="entity_id" />
		</insert>
		<insert tableName="price_model">
			<column name="id" valueNumeric="220132" />
			<column name="strategy_type" value="FLAT" />
			<column name="rate" valueNumeric="225.0000000000" />
			<column name="included_quantity" />
			<column name="currency_id" valueNumeric="1" />
			<column name="next_model_id" />
			<column name="entity_id" />
		</insert>
		<insert tableName="price_model">
			<column name="id" valueNumeric="220133" />
			<column name="strategy_type" value="FLAT" />
			<column name="rate" valueNumeric="49.0000000000" />
			<column name="included_quantity" />
			<column name="currency_id" valueNumeric="1" />
			<column name="next_model_id" />
			<column name="entity_id" />
		</insert>
		<insert tableName="price_model">
			<column name="id" valueNumeric="220134" />
			<column name="strategy_type" value="FLAT" />
			<column name="rate" valueNumeric="0.9500000000" />
			<column name="included_quantity" />
			<column name="currency_id" valueNumeric="1" />
			<column name="next_model_id" />
			<column name="entity_id" />
		</insert>
		<insert tableName="price_model">
			<column name="id" valueNumeric="220135" />
			<column name="strategy_type" value="FLAT" />
			<column name="rate" valueNumeric="0.9500000000" />
			<column name="included_quantity" />
			<column name="currency_id" valueNumeric="1" />
			<column name="next_model_id" />
			<column name="entity_id" />
		</insert>
		<insert tableName="price_model">
			<column name="id" valueNumeric="220136" />
			<column name="strategy_type" value="FLAT" />
			<column name="rate" valueNumeric="0.9500000000" />
			<column name="included_quantity" />
			<column name="currency_id" valueNumeric="1" />
			<column name="next_model_id" />
			<column name="entity_id" />
		</insert>
		<insert tableName="price_model">
			<column name="id" valueNumeric="220137" />
			<column name="strategy_type" value="FLAT" />
			<column name="rate" valueNumeric="0E-10" />
			<column name="included_quantity" />
			<column name="currency_id" valueNumeric="1" />
			<column name="next_model_id" />
			<column name="entity_id" />
		</insert>
	</changeSet>
	<changeSet author="jbilling (generated)" id="1463582460205-19">
		<insert tableName="entity_item_price_map">
			<column name="id" valueNumeric="210503" />
			<column name="entity_id" />
			<column name="item_id" valueNumeric="320101" />
		</insert>
		<insert tableName="entity_item_price_map">
			<column name="id" valueNumeric="210504" />
			<column name="entity_id" />
			<column name="item_id" valueNumeric="320102" />
		</insert>
		<insert tableName="entity_item_price_map">
			<column name="id" valueNumeric="210505" />
			<column name="entity_id" />
			<column name="item_id" valueNumeric="320103" />
		</insert>
		<insert tableName="entity_item_price_map">
			<column name="id" valueNumeric="210506" />
			<column name="entity_id" />
			<column name="item_id" valueNumeric="320104" />
		</insert>
		<insert tableName="entity_item_price_map">
			<column name="id" valueNumeric="210507" />
			<column name="entity_id" />
			<column name="item_id" valueNumeric="320105" />
		</insert>
		<insert tableName="entity_item_price_map">
			<column name="id" valueNumeric="210508" />
			<column name="entity_id" />
			<column name="item_id" valueNumeric="320106" />
		</insert>
		<insert tableName="entity_item_price_map">
			<column name="id" valueNumeric="210509" />
			<column name="entity_id" />
			<column name="item_id" valueNumeric="320107" />
		</insert>
		<insert tableName="entity_item_price_map">
			<column name="id" valueNumeric="210510" />
			<column name="entity_id" />
			<column name="item_id" valueNumeric="320108" />
		</insert>
		<insert tableName="entity_item_price_map">
			<column name="id" valueNumeric="210511" />
			<column name="entity_id" />
			<column name="item_id" valueNumeric="320109" />
		</insert>
		<insert tableName="entity_item_price_map">
			<column name="id" valueNumeric="210512" />
			<column name="entity_id" />
			<column name="item_id" valueNumeric="320110" />
		</insert>
		<insert tableName="entity_item_price_map">
			<column name="id" valueNumeric="210513" />
			<column name="entity_id" />
			<column name="item_id" valueNumeric="320111" />
		</insert>
		<insert tableName="entity_item_price_map">
			<column name="id" valueNumeric="210514" />
			<column name="entity_id" />
			<column name="item_id" valueNumeric="320112" />
		</insert>
		<insert tableName="entity_item_price_map">
			<column name="id" valueNumeric="210515" />
			<column name="entity_id" />
			<column name="item_id" valueNumeric="320113" />
		</insert>
		<insert tableName="entity_item_price_map">
			<column name="id" valueNumeric="210516" />
			<column name="entity_id" />
			<column name="item_id" valueNumeric="320114" />
		</insert>
		<insert tableName="entity_item_price_map">
			<column name="id" valueNumeric="210517" />
			<column name="entity_id" />
			<column name="item_id" valueNumeric="320115" />
		</insert>
	</changeSet>
	<changeSet author="jbilling (generated)" id="1463584216513-27">
		<insert tableName="item_price_timeline">
			<column name="price_model_id" valueNumeric="220103" />
			<column name="start_date" valueDate="1970-01-01" />
			<column name="model_map_id" valueNumeric="210503" />
		</insert>
		<insert tableName="item_price_timeline">
			<column name="price_model_id" valueNumeric="220104" />
			<column name="start_date" valueDate="1970-01-01" />
			<column name="model_map_id" valueNumeric="210504" />
		</insert>
		<insert tableName="item_price_timeline">
			<column name="price_model_id" valueNumeric="220105" />
			<column name="start_date" valueDate="1970-01-01" />
			<column name="model_map_id" valueNumeric="210505" />
		</insert>
		<insert tableName="item_price_timeline">
			<column name="price_model_id" valueNumeric="220106" />
			<column name="start_date" valueDate="1970-01-01" />
			<column name="model_map_id" valueNumeric="210506" />
		</insert>
		<insert tableName="item_price_timeline">
			<column name="price_model_id" valueNumeric="220107" />
			<column name="start_date" valueDate="1970-01-01" />
			<column name="model_map_id" valueNumeric="210507" />
		</insert>
		<insert tableName="item_price_timeline">
			<column name="price_model_id" valueNumeric="220108" />
			<column name="start_date" valueDate="1970-01-01" />
			<column name="model_map_id" valueNumeric="210508" />
		</insert>
		<insert tableName="item_price_timeline">
			<column name="price_model_id" valueNumeric="220109" />
			<column name="start_date" valueDate="1970-01-01" />
			<column name="model_map_id" valueNumeric="210509" />
		</insert>
		<insert tableName="item_price_timeline">
			<column name="price_model_id" valueNumeric="220110" />
			<column name="start_date" valueDate="1970-01-01" />
			<column name="model_map_id" valueNumeric="210510" />
		</insert>
		<insert tableName="item_price_timeline">
			<column name="price_model_id" valueNumeric="220111" />
			<column name="start_date" valueDate="1970-01-01" />
			<column name="model_map_id" valueNumeric="210511" />
		</insert>
		<insert tableName="item_price_timeline">
			<column name="price_model_id" valueNumeric="220112" />
			<column name="start_date" valueDate="1970-01-01" />
			<column name="model_map_id" valueNumeric="210512" />
		</insert>
		<insert tableName="item_price_timeline">
			<column name="price_model_id" valueNumeric="220113" />
			<column name="start_date" valueDate="1970-01-01" />
			<column name="model_map_id" valueNumeric="210513" />
		</insert>
		<insert tableName="item_price_timeline">
			<column name="price_model_id" valueNumeric="220114" />
			<column name="start_date" valueDate="1970-01-01" />
			<column name="model_map_id" valueNumeric="210514" />
		</insert>
		<insert tableName="item_price_timeline">
			<column name="price_model_id" valueNumeric="220120" />
			<column name="start_date" valueDate="1970-01-01" />
			<column name="model_map_id" valueNumeric="210515" />
		</insert>
		<insert tableName="item_price_timeline">
			<column name="price_model_id" valueNumeric="220126" />
			<column name="start_date" valueDate="1970-01-01" />
			<column name="model_map_id" valueNumeric="210516" />
		</insert>
		<insert tableName="item_price_timeline">
			<column name="price_model_id" valueNumeric="220132" />
			<column name="start_date" valueDate="1970-01-01" />
			<column name="model_map_id" valueNumeric="210517" />
		</insert>
	</changeSet>
	<changeSet author="jbilling (generated)" id="1463584216513-28">
		<insert tableName="item_type">
			<column name="id" valueNumeric="230303" />
			<column name="entity_id" valueNumeric="1" />
			<column name="description" value="Mediated Usage" />
			<column name="order_line_type_id" valueNumeric="1" />
			<column name="optlock" valueNumeric="0" />
			<column name="internal" valueBoolean="false" />
			<column name="parent_id" />
			<column name="allow_asset_management" valueNumeric="0" />
			<column name="asset_identifier_label" value="" />
			<column name="global" valueBoolean="true" />
			<column name="one_per_order" valueBoolean="false" />
			<column name="one_per_customer" valueBoolean="false" />
		</insert>
		<insert tableName="item_type">
			<column name="id" valueNumeric="230304" />
			<column name="entity_id" valueNumeric="1" />
			<column name="description" value="Number Assets" />
			<column name="order_line_type_id" valueNumeric="1" />
			<column name="optlock" valueNumeric="0" />
			<column name="internal" valueBoolean="false" />
			<column name="parent_id" />
			<column name="allow_asset_management" valueNumeric="1" />
			<column name="asset_identifier_label" value="DID Number" />
			<column name="global" valueBoolean="true" />
			<column name="one_per_order" valueBoolean="false" />
			<column name="one_per_customer" valueBoolean="false" />
		</insert>
		<insert tableName="item_type">
			<column name="id" valueNumeric="230305" />
			<column name="entity_id" valueNumeric="1" />
			<column name="description" value="Adjustments" />
			<column name="order_line_type_id" valueNumeric="7" />
			<column name="optlock" valueNumeric="0" />
			<column name="internal" valueBoolean="false" />
			<column name="parent_id" />
			<column name="allow_asset_management" valueNumeric="0" />
			<column name="asset_identifier_label" value="" />
			<column name="global" valueBoolean="true" />
			<column name="one_per_order" valueBoolean="false" />
			<column name="one_per_customer" valueBoolean="false" />
		</insert>
		<insert tableName="item_type">
			<column name="id" valueNumeric="230306" />
			<column name="entity_id" valueNumeric="1" />
			<column name="description" value="AnswerForce Plans" />
			<column name="order_line_type_id" valueNumeric="1" />
			<column name="optlock" valueNumeric="1" />
			<column name="internal" valueBoolean="false" />
			<column name="parent_id" />
			<column name="allow_asset_management" valueNumeric="0" />
			<column name="asset_identifier_label" value="" />
			<column name="global" valueBoolean="false" />
			<column name="one_per_order" valueBoolean="false" />
			<column name="one_per_customer" valueBoolean="false" />
		</insert>
		<insert tableName="item_type">
			<column name="id" valueNumeric="230307" />
			<column name="entity_id" valueNumeric="1" />
			<column name="description" value="plans" />
			<column name="order_line_type_id" valueNumeric="1" />
			<column name="optlock" valueNumeric="1" />
			<column name="internal" valueBoolean="true" />
			<column name="parent_id" />
			<column name="allow_asset_management" valueNumeric="0" />
			<column name="asset_identifier_label" />
			<column name="global" valueBoolean="false" />
			<column name="one_per_order" valueBoolean="false" />
			<column name="one_per_customer" valueBoolean="false" />
		</insert>
	</changeSet>
	<changeSet author="jbilling (generated)" id="1463584216513-29">
		<insert tableName="item_type_entity_map">
			<column name="item_type_id" valueNumeric="230306" />
			<column name="entity_id" valueNumeric="1" />
		</insert>
		<insert tableName="item_type_entity_map">
			<column name="item_type_id" valueNumeric="230307" />
			<column name="entity_id" valueNumeric="1" />
		</insert>
		<insert tableName="item_type_entity_map">
            <column name="item_type_id" valueNumeric="230303"/>
            <column name="entity_id" valueNumeric="1"/>
        </insert>
	</changeSet>
	<changeSet author="jbilling (generated)" id="1463584216513-2">
	    <validCheckSum>7:2a37dc43809f16da943d8fd014aaaadc</validCheckSum>
		<insert tableName="asset_status">
			<column name="id" valueNumeric="10500" />
			<column name="item_type_id" valueNumeric="230304" />
			<column name="is_default" valueNumeric="0" />
			<column name="is_order_saved" valueNumeric="1" />
			<column name="is_active" valueNumeric="1" />
			<column name="is_available" valueNumeric="0" />
			<column name="deleted" valueNumeric="0" />
			<column name="optlock" valueNumeric="0" />
			<column name="is_internal" valueNumeric="0" />
			<column name="is_pending" valueNumeric="0" />
		</insert>
		<insert tableName="asset_status">
			<column name="id" valueNumeric="10501" />
			<column name="item_type_id" valueNumeric="230304" />
			<column name="is_default" valueNumeric="1" />
			<column name="is_order_saved" valueNumeric="0" />
			<column name="is_active" valueNumeric="0" />
			<column name="is_available" valueNumeric="1" />
			<column name="deleted" valueNumeric="0" />
			<column name="optlock" valueNumeric="0" />
			<column name="is_internal" valueNumeric="0" />
			<column name="is_pending" valueNumeric="0" />
		</insert>
		<insert tableName="asset_status">
			<column name="id" valueNumeric="10502" />
			<column name="item_type_id" valueNumeric="230304" />
			<column name="is_default" valueNumeric="0" />
			<column name="is_active" valueNumeric="0" />
			<column name="is_order_saved" valueNumeric="1" />
			<column name="is_available" valueNumeric="0" />
			<column name="deleted" valueNumeric="0" />
			<column name="optlock" valueNumeric="0" />
			<column name="is_internal" valueNumeric="0" />
			<column name="is_pending" valueNumeric="1" />
		</insert>
	</changeSet>
	<changeSet author="jbilling (generated)" id="1463732542415-80">
		<insert tableName="asset">
			<column name="id" valueNumeric="6916" />
			<column name="identifier" value="8442896773" />
			<column name="create_datetime" valueDate="2014-10-22T23:17:57.769" />
			<column name="status_id" valueNumeric="10501" />
			<column name="entity_id" valueNumeric="1" />
			<column name="deleted" valueNumeric="0" />
			<column name="item_id" valueNumeric="320104" />
			<column name="order_line_id" />
			<column name="notes" value="Bulk Upload" />
			<column name="optlock" valueNumeric="0" />
			<column name="group_id" />
			<column name="provisioning_status" />
			<column name="global" valueBoolean="true" />
		</insert>
		<insert tableName="asset">
			<column name="id" valueNumeric="6917" />
			<column name="identifier" value="8444284529" />
			<column name="create_datetime" valueDate="2014-10-22T23:17:57.793" />
			<column name="status_id" valueNumeric="10501" />
			<column name="entity_id" valueNumeric="1" />
			<column name="deleted" valueNumeric="0" />
			<column name="item_id" valueNumeric="320104" />
			<column name="order_line_id" />
			<column name="notes" value="Bulk Upload" />
			<column name="optlock" valueNumeric="0" />
			<column name="group_id" />
			<column name="provisioning_status" />
			<column name="global" valueBoolean="true" />
		</insert>
		<insert tableName="asset">
			<column name="id" valueNumeric="6918" />
			<column name="identifier" value="8444384876" />
			<column name="create_datetime" valueDate="2014-10-22T23:17:57.809" />
			<column name="status_id" valueNumeric="10501" />
			<column name="entity_id" valueNumeric="1" />
			<column name="deleted" valueNumeric="0" />
			<column name="item_id" valueNumeric="320104" />
			<column name="order_line_id" />
			<column name="notes" value="Bulk Upload" />
			<column name="optlock" valueNumeric="0" />
			<column name="group_id" />
			<column name="provisioning_status" />
			<column name="global" valueBoolean="true" />
		</insert>
		<insert tableName="asset">
			<column name="id" valueNumeric="6919" />
			<column name="identifier" value="8444909900" />
			<column name="create_datetime" valueDate="2014-10-22T23:17:57.820" />
			<column name="status_id" valueNumeric="10501" />
			<column name="entity_id" valueNumeric="1" />
			<column name="deleted" valueNumeric="0" />
			<column name="item_id" valueNumeric="320104" />
			<column name="order_line_id" />
			<column name="notes" value="Bulk Upload" />
			<column name="optlock" valueNumeric="0" />
			<column name="group_id" />
			<column name="provisioning_status" />
			<column name="global" valueBoolean="true" />
		</insert>
		<insert tableName="asset">
			<column name="id" valueNumeric="6920" />
			<column name="identifier" value="8448434929" />
			<column name="create_datetime" valueDate="2014-10-22T23:17:57.827" />
			<column name="status_id" valueNumeric="10501" />
			<column name="entity_id" valueNumeric="1" />
			<column name="deleted" valueNumeric="0" />
			<column name="item_id" valueNumeric="320104" />
			<column name="order_line_id" />
			<column name="notes" value="Bulk Upload" />
			<column name="optlock" valueNumeric="0" />
			<column name="group_id" />
			<column name="provisioning_status" />
			<column name="global" valueBoolean="true" />
		</insert>
		<insert tableName="asset">
			<column name="id" valueNumeric="6921" />
			<column name="identifier" value="8553653375" />
			<column name="create_datetime" valueDate="2014-10-22T23:17:57.837" />
			<column name="status_id" valueNumeric="10501" />
			<column name="entity_id" valueNumeric="1" />
			<column name="deleted" valueNumeric="0" />
			<column name="item_id" valueNumeric="320104" />
			<column name="order_line_id" />
			<column name="notes" value="Bulk Upload" />
			<column name="optlock" valueNumeric="0" />
			<column name="group_id" />
			<column name="provisioning_status" />
			<column name="global" valueBoolean="true" />
		</insert>
		<insert tableName="asset">
			<column name="id" valueNumeric="6922" />
			<column name="identifier" value="8553748331" />
			<column name="create_datetime" valueDate="2014-10-22T23:17:57.850" />
			<column name="status_id" valueNumeric="10501" />
			<column name="entity_id" valueNumeric="1" />
			<column name="deleted" valueNumeric="0" />
			<column name="item_id" valueNumeric="320104" />
			<column name="order_line_id" />
			<column name="notes" value="Bulk Upload" />
			<column name="optlock" valueNumeric="0" />
			<column name="group_id" />
			<column name="provisioning_status" />
			<column name="global" valueBoolean="true" />
		</insert>
		<insert tableName="asset">
			<column name="id" valueNumeric="6923" />
			<column name="identifier" value="8554107223" />
			<column name="create_datetime" valueDate="2014-10-22T23:17:57.873" />
			<column name="status_id" valueNumeric="10501" />
			<column name="entity_id" valueNumeric="1" />
			<column name="deleted" valueNumeric="0" />
			<column name="item_id" valueNumeric="320104" />
			<column name="order_line_id" />
			<column name="notes" value="Bulk Upload" />
			<column name="optlock" valueNumeric="0" />
			<column name="group_id" />
			<column name="provisioning_status" />
			<column name="global" valueBoolean="true" />
		</insert>
		<insert tableName="asset">
			<column name="id" valueNumeric="6924" />
			<column name="identifier" value="8554253729" />
			<column name="create_datetime" valueDate="2014-10-22T23:17:57.881" />
			<column name="status_id" valueNumeric="10501" />
			<column name="entity_id" valueNumeric="1" />
			<column name="deleted" valueNumeric="0" />
			<column name="item_id" valueNumeric="320104" />
			<column name="order_line_id" />
			<column name="notes" value="Bulk Upload" />
			<column name="optlock" valueNumeric="0" />
			<column name="group_id" />
			<column name="provisioning_status" />
			<column name="global" valueBoolean="true" />
		</insert>
		<insert tableName="asset">
			<column name="id" valueNumeric="6925" />
			<column name="identifier" value="8554296276" />
			<column name="create_datetime" valueDate="2014-10-22T23:17:57.887" />
			<column name="status_id" valueNumeric="10501" />
			<column name="entity_id" valueNumeric="1" />
			<column name="deleted" valueNumeric="0" />
			<column name="item_id" valueNumeric="320104" />
			<column name="order_line_id" />
			<column name="notes" value="Bulk Upload" />
			<column name="optlock" valueNumeric="0" />
			<column name="group_id" />
			<column name="provisioning_status" />
			<column name="global" valueBoolean="true" />
		</insert>
		<insert tableName="asset">
			<column name="id" valueNumeric="6926" />
			<column name="identifier" value="8554384973" />
			<column name="create_datetime" valueDate="2014-10-22T23:17:57.905" />
			<column name="status_id" valueNumeric="10501" />
			<column name="entity_id" valueNumeric="1" />
			<column name="deleted" valueNumeric="0" />
			<column name="item_id" valueNumeric="320104" />
			<column name="order_line_id" />
			<column name="notes" value="Bulk Upload" />
			<column name="optlock" valueNumeric="0" />
			<column name="group_id" />
			<column name="provisioning_status" />
			<column name="global" valueBoolean="true" />
		</insert>
		<insert tableName="asset">
			<column name="id" valueNumeric="6927" />
			<column name="identifier" value="8554645742" />
			<column name="create_datetime" valueDate="2014-10-22T23:17:57.924" />
			<column name="status_id" valueNumeric="10501" />
			<column name="entity_id" valueNumeric="1" />
			<column name="deleted" valueNumeric="0" />
			<column name="item_id" valueNumeric="320104" />
			<column name="order_line_id" />
			<column name="notes" value="Bulk Upload" />
			<column name="optlock" valueNumeric="0" />
			<column name="group_id" />
			<column name="provisioning_status" />
			<column name="global" valueBoolean="true" />
		</insert>
		<insert tableName="asset">
			<column name="id" valueNumeric="6928" />
			<column name="identifier" value="8554646742" />
			<column name="create_datetime" valueDate="2014-10-22T23:17:58.30" />
			<column name="status_id" valueNumeric="10501" />
			<column name="entity_id" valueNumeric="1" />
			<column name="deleted" valueNumeric="0" />
			<column name="item_id" valueNumeric="320104" />
			<column name="order_line_id" />
			<column name="notes" value="Bulk Upload" />
			<column name="optlock" valueNumeric="0" />
			<column name="group_id" />
			<column name="provisioning_status" />
			<column name="global" valueBoolean="true" />
		</insert>
		<insert tableName="asset">
			<column name="id" valueNumeric="6929" />
			<column name="identifier" value="8555008782" />
			<column name="create_datetime" valueDate="2014-10-22T23:17:58.47" />
			<column name="status_id" valueNumeric="10501" />
			<column name="entity_id" valueNumeric="1" />
			<column name="deleted" valueNumeric="0" />
			<column name="item_id" valueNumeric="320104" />
			<column name="order_line_id" />
			<column name="notes" value="Bulk Upload" />
			<column name="optlock" valueNumeric="0" />
			<column name="group_id" />
			<column name="provisioning_status" />
			<column name="global" valueBoolean="true" />
		</insert>
		<insert tableName="asset">
			<column name="id" valueNumeric="6930" />
			<column name="identifier" value="8555325767" />
			<column name="create_datetime" valueDate="2014-10-22T23:17:58.58" />
			<column name="status_id" valueNumeric="10501" />
			<column name="entity_id" valueNumeric="1" />
			<column name="deleted" valueNumeric="0" />
			<column name="item_id" valueNumeric="320104" />
			<column name="order_line_id" />
			<column name="notes" value="Bulk Upload" />
			<column name="optlock" valueNumeric="0" />
			<column name="group_id" />
			<column name="provisioning_status" />
			<column name="global" valueBoolean="true" />
		</insert>
		<insert tableName="asset">
			<column name="id" valueNumeric="6931" />
			<column name="identifier" value="8556637672" />
			<column name="create_datetime" valueDate="2014-10-22T23:17:58.74" />
			<column name="status_id" valueNumeric="10501" />
			<column name="entity_id" valueNumeric="1" />
			<column name="deleted" valueNumeric="0" />
			<column name="item_id" valueNumeric="320104" />
			<column name="order_line_id" />
			<column name="notes" value="Bulk Upload" />
			<column name="optlock" valueNumeric="0" />
			<column name="group_id" />
			<column name="provisioning_status" />
			<column name="global" valueBoolean="true" />
		</insert>
		<insert tableName="asset">
			<column name="id" valueNumeric="6932" />
			<column name="identifier" value="8556722732" />
			<column name="create_datetime" valueDate="2014-10-22T23:17:58.107" />
			<column name="status_id" valueNumeric="10501" />
			<column name="entity_id" valueNumeric="1" />
			<column name="deleted" valueNumeric="0" />
			<column name="item_id" valueNumeric="320104" />
			<column name="order_line_id" />
			<column name="notes" value="Bulk Upload" />
			<column name="optlock" valueNumeric="0" />
			<column name="group_id" />
			<column name="provisioning_status" />
			<column name="global" valueBoolean="true" />
		</insert>
		<insert tableName="asset">
			<column name="id" valueNumeric="6933" />
			<column name="identifier" value="8556876084" />
			<column name="create_datetime" valueDate="2014-10-22T23:17:58.125" />
			<column name="status_id" valueNumeric="10501" />
			<column name="entity_id" valueNumeric="1" />
			<column name="deleted" valueNumeric="0" />
			<column name="item_id" valueNumeric="320104" />
			<column name="order_line_id" />
			<column name="notes" value="Bulk Upload" />
			<column name="optlock" valueNumeric="0" />
			<column name="group_id" />
			<column name="provisioning_status" />
			<column name="global" valueBoolean="true" />
		</insert>
		<insert tableName="asset">
			<column name="id" valueNumeric="6934" />
			<column name="identifier" value="8557223237" />
			<column name="create_datetime" valueDate="2014-10-22T23:17:58.143" />
			<column name="status_id" valueNumeric="10501" />
			<column name="entity_id" valueNumeric="1" />
			<column name="deleted" valueNumeric="0" />
			<column name="item_id" valueNumeric="320104" />
			<column name="order_line_id" />
			<column name="notes" value="Bulk Upload" />
			<column name="optlock" valueNumeric="0" />
			<column name="group_id" />
			<column name="provisioning_status" />
			<column name="global" valueBoolean="true" />
		</insert>
		<insert tableName="asset">
			<column name="id" valueNumeric="6935" />
			<column name="identifier" value="8557326627" />
			<column name="create_datetime" valueDate="2014-10-22T23:17:58.155" />
			<column name="status_id" valueNumeric="10501" />
			<column name="entity_id" valueNumeric="1" />
			<column name="deleted" valueNumeric="0" />
			<column name="item_id" valueNumeric="320104" />
			<column name="order_line_id" />
			<column name="notes" value="Bulk Upload" />
			<column name="optlock" valueNumeric="0" />
			<column name="group_id" />
			<column name="provisioning_status" />
			<column name="global" valueBoolean="true" />
		</insert>
		<insert tableName="asset">
			<column name="id" valueNumeric="6936" />
			<column name="identifier" value="8557502665" />
			<column name="create_datetime" valueDate="2014-10-22T23:17:58.193" />
			<column name="status_id" valueNumeric="10501" />
			<column name="entity_id" valueNumeric="1" />
			<column name="deleted" valueNumeric="0" />
			<column name="item_id" valueNumeric="320104" />
			<column name="order_line_id" />
			<column name="notes" value="Bulk Upload" />
			<column name="optlock" valueNumeric="0" />
			<column name="group_id" />
			<column name="provisioning_status" />
			<column name="global" valueBoolean="true" />
		</insert>
		<insert tableName="asset">
			<column name="id" valueNumeric="6937" />
			<column name="identifier" value="8557550440" />
			<column name="create_datetime" valueDate="2014-10-22T23:17:58.199" />
			<column name="status_id" valueNumeric="10501" />
			<column name="entity_id" valueNumeric="1" />
			<column name="deleted" valueNumeric="0" />
			<column name="item_id" valueNumeric="320104" />
			<column name="order_line_id" />
			<column name="notes" value="Bulk Upload" />
			<column name="optlock" valueNumeric="0" />
			<column name="group_id" />
			<column name="provisioning_status" />
			<column name="global" valueBoolean="true" />
		</insert>
		<insert tableName="asset">
			<column name="id" valueNumeric="6938" />
			<column name="identifier" value="8557570440" />
			<column name="create_datetime" valueDate="2014-10-22T23:17:58.211" />
			<column name="status_id" valueNumeric="10501" />
			<column name="entity_id" valueNumeric="1" />
			<column name="deleted" valueNumeric="0" />
			<column name="item_id" valueNumeric="320104" />
			<column name="order_line_id" />
			<column name="notes" value="Bulk Upload" />
			<column name="optlock" valueNumeric="0" />
			<column name="group_id" />
			<column name="provisioning_status" />
			<column name="global" valueBoolean="true" />
		</insert>
		<insert tableName="asset">
			<column name="id" valueNumeric="6939" />
			<column name="identifier" value="8557762811" />
			<column name="create_datetime" valueDate="2014-10-22T23:17:58.253" />
			<column name="status_id" valueNumeric="10501" />
			<column name="entity_id" valueNumeric="1" />
			<column name="deleted" valueNumeric="0" />
			<column name="item_id" valueNumeric="320104" />
			<column name="order_line_id" />
			<column name="notes" value="Bulk Upload" />
			<column name="optlock" valueNumeric="0" />
			<column name="group_id" />
			<column name="provisioning_status" />
			<column name="global" valueBoolean="true" />
		</insert>
		<insert tableName="asset">
			<column name="id" valueNumeric="6940" />
			<column name="identifier" value="8557972473" />
			<column name="create_datetime" valueDate="2014-10-22T23:17:58.258" />
			<column name="status_id" valueNumeric="10501" />
			<column name="entity_id" valueNumeric="1" />
			<column name="deleted" valueNumeric="0" />
			<column name="item_id" valueNumeric="320104" />
			<column name="order_line_id" />
			<column name="notes" value="Bulk Upload" />
			<column name="optlock" valueNumeric="0" />
			<column name="group_id" />
			<column name="provisioning_status" />
			<column name="global" valueBoolean="true" />
		</insert>
		<insert tableName="asset">
			<column name="id" valueNumeric="6941" />
			<column name="identifier" value="8558765626" />
			<column name="create_datetime" valueDate="2014-10-22T23:17:58.279" />
			<column name="status_id" valueNumeric="10501" />
			<column name="entity_id" valueNumeric="1" />
			<column name="deleted" valueNumeric="0" />
			<column name="item_id" valueNumeric="320104" />
			<column name="order_line_id" />
			<column name="notes" value="Bulk Upload" />
			<column name="optlock" valueNumeric="0" />
			<column name="group_id" />
			<column name="provisioning_status" />
			<column name="global" valueBoolean="true" />
		</insert>
		<insert tableName="asset">
			<column name="id" valueNumeric="6942" />
			<column name="identifier" value="8559136699" />
			<column name="create_datetime" valueDate="2014-10-22T23:17:58.331" />
			<column name="status_id" valueNumeric="10501" />
			<column name="entity_id" valueNumeric="1" />
			<column name="deleted" valueNumeric="0" />
			<column name="item_id" valueNumeric="320104" />
			<column name="order_line_id" />
			<column name="notes" value="Bulk Upload" />
			<column name="optlock" valueNumeric="0" />
			<column name="group_id" />
			<column name="provisioning_status" />
			<column name="global" valueBoolean="true" />
		</insert>
		<insert tableName="asset">
			<column name="id" valueNumeric="6943" />
			<column name="identifier" value="8559506683" />
			<column name="create_datetime" valueDate="2014-10-22T23:17:58.336" />
			<column name="status_id" valueNumeric="10501" />
			<column name="entity_id" valueNumeric="1" />
			<column name="deleted" valueNumeric="0" />
			<column name="item_id" valueNumeric="320104" />
			<column name="order_line_id" />
			<column name="notes" value="Bulk Upload" />
			<column name="optlock" valueNumeric="0" />
			<column name="group_id" />
			<column name="provisioning_status" />
			<column name="global" valueBoolean="true" />
		</insert>
		<insert tableName="asset">
			<column name="id" valueNumeric="6944" />
			<column name="identifier" value="8559787597" />
			<column name="create_datetime" valueDate="2014-10-22T23:17:58.357" />
			<column name="status_id" valueNumeric="10501" />
			<column name="entity_id" valueNumeric="1" />
			<column name="deleted" valueNumeric="0" />
			<column name="item_id" valueNumeric="320104" />
			<column name="order_line_id" />
			<column name="notes" value="Bulk Upload" />
			<column name="optlock" valueNumeric="0" />
			<column name="group_id" />
			<column name="provisioning_status" />
			<column name="global" valueBoolean="true" />
		</insert>
		<insert tableName="asset">
			<column name="id" valueNumeric="6945" />
			<column name="identifier" value="8662015605" />
			<column name="create_datetime" valueDate="2014-10-22T23:17:58.403" />
			<column name="status_id" valueNumeric="10501" />
			<column name="entity_id" valueNumeric="1" />
			<column name="deleted" valueNumeric="0" />
			<column name="item_id" valueNumeric="320104" />
			<column name="order_line_id" />
			<column name="notes" value="Bulk Upload" />
			<column name="optlock" valueNumeric="0" />
			<column name="group_id" />
			<column name="provisioning_status" />
			<column name="global" valueBoolean="true" />
		</insert>
		<insert tableName="asset">
			<column name="id" valueNumeric="6946" />
			<column name="identifier" value="8662016263" />
			<column name="create_datetime" valueDate="2014-10-22T23:17:59.210" />
			<column name="status_id" valueNumeric="10501" />
			<column name="entity_id" valueNumeric="1" />
			<column name="deleted" valueNumeric="0" />
			<column name="item_id" valueNumeric="320104" />
			<column name="order_line_id" />
			<column name="notes" value="Bulk Upload" />
			<column name="optlock" valueNumeric="0" />
			<column name="group_id" />
			<column name="provisioning_status" />
			<column name="global" valueBoolean="true" />
		</insert>
		<insert tableName="asset">
			<column name="id" valueNumeric="6947" />
			<column name="identifier" value="8662020442" />
			<column name="create_datetime" valueDate="2014-10-22T23:17:59.233" />
			<column name="status_id" valueNumeric="10501" />
			<column name="entity_id" valueNumeric="1" />
			<column name="deleted" valueNumeric="0" />
			<column name="item_id" valueNumeric="320104" />
			<column name="order_line_id" />
			<column name="notes" value="Bulk Upload" />
			<column name="optlock" valueNumeric="0" />
			<column name="group_id" />
			<column name="provisioning_status" />
			<column name="global" valueBoolean="true" />
		</insert>
		<insert tableName="asset">
			<column name="id" valueNumeric="6948" />
			<column name="identifier" value="8662021775" />
			<column name="create_datetime" valueDate="2014-10-22T23:17:59.239" />
			<column name="status_id" valueNumeric="10501" />
			<column name="entity_id" valueNumeric="1" />
			<column name="deleted" valueNumeric="0" />
			<column name="item_id" valueNumeric="320104" />
			<column name="order_line_id" />
			<column name="notes" value="Bulk Upload" />
			<column name="optlock" valueNumeric="0" />
			<column name="group_id" />
			<column name="provisioning_status" />
			<column name="global" valueBoolean="true" />
		</insert>
		<insert tableName="asset">
			<column name="id" valueNumeric="6949" />
			<column name="identifier" value="8662025184" />
			<column name="create_datetime" valueDate="2014-10-22T23:17:59.278" />
			<column name="status_id" valueNumeric="10501" />
			<column name="entity_id" valueNumeric="1" />
			<column name="deleted" valueNumeric="0" />
			<column name="item_id" valueNumeric="320104" />
			<column name="order_line_id" />
			<column name="notes" value="Bulk Upload" />
			<column name="optlock" valueNumeric="0" />
			<column name="group_id" />
			<column name="provisioning_status" />
			<column name="global" valueBoolean="true" />
		</insert>
		<insert tableName="asset">
			<column name="id" valueNumeric="6950" />
			<column name="identifier" value="8662031384" />
			<column name="create_datetime" valueDate="2014-10-22T23:17:59.285" />
			<column name="status_id" valueNumeric="10501" />
			<column name="entity_id" valueNumeric="1" />
			<column name="deleted" valueNumeric="0" />
			<column name="item_id" valueNumeric="320104" />
			<column name="order_line_id" />
			<column name="notes" value="Bulk Upload" />
			<column name="optlock" valueNumeric="0" />
			<column name="group_id" />
			<column name="provisioning_status" />
			<column name="global" valueBoolean="true" />
		</insert>
		<insert tableName="asset">
			<column name="id" valueNumeric="6951" />
			<column name="identifier" value="8662032309" />
			<column name="create_datetime" valueDate="2014-10-22T23:17:59.296" />
			<column name="status_id" valueNumeric="10501" />
			<column name="entity_id" valueNumeric="1" />
			<column name="deleted" valueNumeric="0" />
			<column name="item_id" valueNumeric="320104" />
			<column name="order_line_id" />
			<column name="notes" value="Bulk Upload" />
			<column name="optlock" valueNumeric="0" />
			<column name="group_id" />
			<column name="provisioning_status" />
			<column name="global" valueBoolean="true" />
		</insert>
		<insert tableName="asset">
			<column name="id" valueNumeric="6952" />
			<column name="identifier" value="8662035264" />
			<column name="create_datetime" valueDate="2014-10-22T23:17:59.327" />
			<column name="status_id" valueNumeric="10501" />
			<column name="entity_id" valueNumeric="1" />
			<column name="deleted" valueNumeric="0" />
			<column name="item_id" valueNumeric="320104" />
			<column name="order_line_id" />
			<column name="notes" value="Bulk Upload" />
			<column name="optlock" valueNumeric="0" />
			<column name="group_id" />
			<column name="provisioning_status" />
			<column name="global" valueBoolean="true" />
		</insert>
		<insert tableName="asset">
			<column name="id" valueNumeric="6953" />
			<column name="identifier" value="8662036376" />
			<column name="create_datetime" valueDate="2014-10-22T23:17:59.362" />
			<column name="status_id" valueNumeric="10501" />
			<column name="entity_id" valueNumeric="1" />
			<column name="deleted" valueNumeric="0" />
			<column name="item_id" valueNumeric="320104" />
			<column name="order_line_id" />
			<column name="notes" value="Bulk Upload" />
			<column name="optlock" valueNumeric="0" />
			<column name="group_id" />
			<column name="provisioning_status" />
			<column name="global" valueBoolean="true" />
		</insert>
		<insert tableName="asset">
			<column name="id" valueNumeric="6954" />
			<column name="identifier" value="8662037548" />
			<column name="create_datetime" valueDate="2014-10-22T23:17:59.391" />
			<column name="status_id" valueNumeric="10501" />
			<column name="entity_id" valueNumeric="1" />
			<column name="deleted" valueNumeric="0" />
			<column name="item_id" valueNumeric="320104" />
			<column name="order_line_id" />
			<column name="notes" value="Bulk Upload" />
			<column name="optlock" valueNumeric="0" />
			<column name="group_id" />
			<column name="provisioning_status" />
			<column name="global" valueBoolean="true" />
		</insert>
		<insert tableName="asset">
			<column name="id" valueNumeric="6955" />
			<column name="identifier" value="8662037860" />
			<column name="create_datetime" valueDate="2014-10-22T23:17:59.401" />
			<column name="status_id" valueNumeric="10501" />
			<column name="entity_id" valueNumeric="1" />
			<column name="deleted" valueNumeric="0" />
			<column name="item_id" valueNumeric="320104" />
			<column name="order_line_id" />
			<column name="notes" value="Bulk Upload" />
			<column name="optlock" valueNumeric="0" />
			<column name="group_id" />
			<column name="provisioning_status" />
			<column name="global" valueBoolean="true" />
		</insert>
		<insert tableName="asset">
			<column name="id" valueNumeric="6956" />
			<column name="identifier" value="8662039669" />
			<column name="create_datetime" valueDate="2014-10-22T23:17:59.411" />
			<column name="status_id" valueNumeric="10501" />
			<column name="entity_id" valueNumeric="1" />
			<column name="deleted" valueNumeric="0" />
			<column name="item_id" valueNumeric="320104" />
			<column name="order_line_id" />
			<column name="notes" value="Bulk Upload" />
			<column name="optlock" valueNumeric="0" />
			<column name="group_id" />
			<column name="provisioning_status" />
			<column name="global" valueBoolean="true" />
		</insert>
		<insert tableName="asset">
			<column name="id" valueNumeric="6957" />
			<column name="identifier" value="8662041703" />
			<column name="create_datetime" valueDate="2014-10-22T23:17:59.448" />
			<column name="status_id" valueNumeric="10501" />
			<column name="entity_id" valueNumeric="1" />
			<column name="deleted" valueNumeric="0" />
			<column name="item_id" valueNumeric="320104" />
			<column name="order_line_id" />
			<column name="notes" value="Bulk Upload" />
			<column name="optlock" valueNumeric="0" />
			<column name="group_id" />
			<column name="provisioning_status" />
			<column name="global" valueBoolean="true" />
		</insert>
		<insert tableName="asset">
			<column name="id" valueNumeric="6958" />
			<column name="identifier" value="8662043953" />
			<column name="create_datetime" valueDate="2014-10-22T23:17:59.514" />
			<column name="status_id" valueNumeric="10501" />
			<column name="entity_id" valueNumeric="1" />
			<column name="deleted" valueNumeric="0" />
			<column name="item_id" valueNumeric="320104" />
			<column name="order_line_id" />
			<column name="notes" value="Bulk Upload" />
			<column name="optlock" valueNumeric="0" />
			<column name="group_id" />
			<column name="provisioning_status" />
			<column name="global" valueBoolean="true" />
		</insert>
		<insert tableName="asset">
			<column name="id" valueNumeric="6959" />
			<column name="identifier" value="8662044770" />
			<column name="create_datetime" valueDate="2014-10-22T23:17:59.537" />
			<column name="status_id" valueNumeric="10501" />
			<column name="entity_id" valueNumeric="1" />
			<column name="deleted" valueNumeric="0" />
			<column name="item_id" valueNumeric="320104" />
			<column name="order_line_id" />
			<column name="notes" value="Bulk Upload" />
			<column name="optlock" valueNumeric="0" />
			<column name="group_id" />
			<column name="provisioning_status" />
			<column name="global" valueBoolean="true" />
		</insert>
		<insert tableName="asset">
			<column name="id" valueNumeric="6960" />
			<column name="identifier" value="8662047463" />
			<column name="create_datetime" valueDate="2014-10-22T23:17:59.617" />
			<column name="status_id" valueNumeric="10501" />
			<column name="entity_id" valueNumeric="1" />
			<column name="deleted" valueNumeric="0" />
			<column name="item_id" valueNumeric="320104" />
			<column name="order_line_id" />
			<column name="notes" value="Bulk Upload" />
			<column name="optlock" valueNumeric="0" />
			<column name="group_id" />
			<column name="provisioning_status" />
			<column name="global" valueBoolean="true" />
		</insert>
		<insert tableName="asset">
			<column name="id" valueNumeric="6961" />
			<column name="identifier" value="8662049278" />
			<column name="create_datetime" valueDate="2014-10-22T23:17:59.637" />
			<column name="status_id" valueNumeric="10501" />
			<column name="entity_id" valueNumeric="1" />
			<column name="deleted" valueNumeric="0" />
			<column name="item_id" valueNumeric="320104" />
			<column name="order_line_id" />
			<column name="notes" value="Bulk Upload" />
			<column name="optlock" valueNumeric="0" />
			<column name="group_id" />
			<column name="provisioning_status" />
			<column name="global" valueBoolean="true" />
		</insert>
		<insert tableName="asset">
			<column name="id" valueNumeric="6962" />
			<column name="identifier" value="8662052284" />
			<column name="create_datetime" valueDate="2014-10-22T23:17:59.643" />
			<column name="status_id" valueNumeric="10501" />
			<column name="entity_id" valueNumeric="1" />
			<column name="deleted" valueNumeric="0" />
			<column name="item_id" valueNumeric="320104" />
			<column name="order_line_id" />
			<column name="notes" value="Bulk Upload" />
			<column name="optlock" valueNumeric="0" />
			<column name="group_id" />
			<column name="provisioning_status" />
			<column name="global" valueBoolean="true" />
		</insert>
		<insert tableName="asset">
			<column name="id" valueNumeric="6963" />
			<column name="identifier" value="8662052460" />
			<column name="create_datetime" valueDate="2014-10-22T23:17:59.744" />
			<column name="status_id" valueNumeric="10501" />
			<column name="entity_id" valueNumeric="1" />
			<column name="deleted" valueNumeric="0" />
			<column name="item_id" valueNumeric="320104" />
			<column name="order_line_id" />
			<column name="notes" value="Bulk Upload" />
			<column name="optlock" valueNumeric="0" />
			<column name="group_id" />
			<column name="provisioning_status" />
			<column name="global" valueBoolean="true" />
		</insert>
		<insert tableName="asset">
			<column name="id" valueNumeric="6964" />
			<column name="identifier" value="8662052992" />
			<column name="create_datetime" valueDate="2014-10-22T23:17:59.754" />
			<column name="status_id" valueNumeric="10501" />
			<column name="entity_id" valueNumeric="1" />
			<column name="deleted" valueNumeric="0" />
			<column name="item_id" valueNumeric="320104" />
			<column name="order_line_id" />
			<column name="notes" value="Bulk Upload" />
			<column name="optlock" valueNumeric="0" />
			<column name="group_id" />
			<column name="provisioning_status" />
			<column name="global" valueBoolean="true" />
		</insert>
		<insert tableName="asset">
			<column name="id" valueNumeric="6965" />
			<column name="identifier" value="8662063910" />
			<column name="create_datetime" valueDate="2014-10-22T23:17:59.760" />
			<column name="status_id" valueNumeric="10501" />
			<column name="entity_id" valueNumeric="1" />
			<column name="deleted" valueNumeric="0" />
			<column name="item_id" valueNumeric="320104" />
			<column name="order_line_id" />
			<column name="notes" value="Bulk Upload" />
			<column name="optlock" valueNumeric="0" />
			<column name="group_id" />
			<column name="provisioning_status" />
			<column name="global" valueBoolean="true" />
		</insert>
		<insert tableName="asset">
			<column name="id" valueNumeric="6966" />
			<column name="identifier" value="8662068801" />
			<column name="create_datetime" valueDate="2014-10-22T23:17:59.766" />
			<column name="status_id" valueNumeric="10501" />
			<column name="entity_id" valueNumeric="1" />
			<column name="deleted" valueNumeric="0" />
			<column name="item_id" valueNumeric="320104" />
			<column name="order_line_id" />
			<column name="notes" value="Bulk Upload" />
			<column name="optlock" valueNumeric="0" />
			<column name="group_id" />
			<column name="provisioning_status" />
			<column name="global" valueBoolean="true" />
		</insert>
		<insert tableName="asset">
			<column name="id" valueNumeric="6967" />
			<column name="identifier" value="8662068962" />
			<column name="create_datetime" valueDate="2014-10-22T23:17:59.783" />
			<column name="status_id" valueNumeric="10501" />
			<column name="entity_id" valueNumeric="1" />
			<column name="deleted" valueNumeric="0" />
			<column name="item_id" valueNumeric="320104" />
			<column name="order_line_id" />
			<column name="notes" value="Bulk Upload" />
			<column name="optlock" valueNumeric="0" />
			<column name="group_id" />
			<column name="provisioning_status" />
			<column name="global" valueBoolean="true" />
		</insert>
		<insert tableName="asset">
			<column name="id" valueNumeric="6968" />
			<column name="identifier" value="8662072739" />
			<column name="create_datetime" valueDate="2014-10-22T23:17:59.805" />
			<column name="status_id" valueNumeric="10501" />
			<column name="entity_id" valueNumeric="1" />
			<column name="deleted" valueNumeric="0" />
			<column name="item_id" valueNumeric="320104" />
			<column name="order_line_id" />
			<column name="notes" value="Bulk Upload" />
			<column name="optlock" valueNumeric="0" />
			<column name="group_id" />
			<column name="provisioning_status" />
			<column name="global" valueBoolean="true" />
		</insert>
		<insert tableName="asset">
			<column name="id" valueNumeric="6969" />
			<column name="identifier" value="8662075933" />
			<column name="create_datetime" valueDate="2014-10-22T23:17:59.865" />
			<column name="status_id" valueNumeric="10501" />
			<column name="entity_id" valueNumeric="1" />
			<column name="deleted" valueNumeric="0" />
			<column name="item_id" valueNumeric="320104" />
			<column name="order_line_id" />
			<column name="notes" value="Bulk Upload" />
			<column name="optlock" valueNumeric="0" />
			<column name="group_id" />
			<column name="provisioning_status" />
			<column name="global" valueBoolean="true" />
		</insert>
		<insert tableName="asset">
			<column name="id" valueNumeric="6970" />
			<column name="identifier" value="8662077804" />
			<column name="create_datetime" valueDate="2014-10-22T23:17:59.896" />
			<column name="status_id" valueNumeric="10501" />
			<column name="entity_id" valueNumeric="1" />
			<column name="deleted" valueNumeric="0" />
			<column name="item_id" valueNumeric="320104" />
			<column name="order_line_id" />
			<column name="notes" value="Bulk Upload" />
			<column name="optlock" valueNumeric="0" />
			<column name="group_id" />
			<column name="provisioning_status" />
			<column name="global" valueBoolean="true" />
		</insert>
		<insert tableName="asset">
			<column name="id" valueNumeric="6971" />
			<column name="identifier" value="8662080493" />
			<column name="create_datetime" valueDate="2014-10-22T23:17:59.907" />
			<column name="status_id" valueNumeric="10501" />
			<column name="entity_id" valueNumeric="1" />
			<column name="deleted" valueNumeric="0" />
			<column name="item_id" valueNumeric="320104" />
			<column name="order_line_id" />
			<column name="notes" value="Bulk Upload" />
			<column name="optlock" valueNumeric="0" />
			<column name="group_id" />
			<column name="provisioning_status" />
			<column name="global" valueBoolean="true" />
		</insert>
		<insert tableName="asset">
			<column name="id" valueNumeric="6972" />
			<column name="identifier" value="8662085427" />
			<column name="create_datetime" valueDate="2014-10-22T23:17:59.914" />
			<column name="status_id" valueNumeric="10501" />
			<column name="entity_id" valueNumeric="1" />
			<column name="deleted" valueNumeric="0" />
			<column name="item_id" valueNumeric="320104" />
			<column name="order_line_id" />
			<column name="notes" value="Bulk Upload" />
			<column name="optlock" valueNumeric="0" />
			<column name="group_id" />
			<column name="provisioning_status" />
			<column name="global" valueBoolean="true" />
		</insert>
		<insert tableName="asset">
			<column name="id" valueNumeric="6973" />
			<column name="identifier" value="8662090186" />
			<column name="create_datetime" valueDate="2014-10-22T23:17:59.966" />
			<column name="status_id" valueNumeric="10501" />
			<column name="entity_id" valueNumeric="1" />
			<column name="deleted" valueNumeric="0" />
			<column name="item_id" valueNumeric="320104" />
			<column name="order_line_id" />
			<column name="notes" value="Bulk Upload" />
			<column name="optlock" valueNumeric="0" />
			<column name="group_id" />
			<column name="provisioning_status" />
			<column name="global" valueBoolean="true" />
		</insert>
		<insert tableName="asset">
			<column name="id" valueNumeric="6974" />
			<column name="identifier" value="8662090821" />
			<column name="create_datetime" valueDate="2014-10-22T23:17:59.972" />
			<column name="status_id" valueNumeric="10501" />
			<column name="entity_id" valueNumeric="1" />
			<column name="deleted" valueNumeric="0" />
			<column name="item_id" valueNumeric="320104" />
			<column name="order_line_id" />
			<column name="notes" value="Bulk Upload" />
			<column name="optlock" valueNumeric="0" />
			<column name="group_id" />
			<column name="provisioning_status" />
			<column name="global" valueBoolean="true" />
		</insert>
		<insert tableName="asset">
			<column name="id" valueNumeric="6975" />
			<column name="identifier" value="8662092324" />
			<column name="create_datetime" valueDate="2014-10-22T23:17:59.996" />
			<column name="status_id" valueNumeric="10501" />
			<column name="entity_id" valueNumeric="1" />
			<column name="deleted" valueNumeric="0" />
			<column name="item_id" valueNumeric="320104" />
			<column name="order_line_id" />
			<column name="notes" value="Bulk Upload" />
			<column name="optlock" valueNumeric="0" />
			<column name="group_id" />
			<column name="provisioning_status" />
			<column name="global" valueBoolean="true" />
		</insert>
		<insert tableName="asset">
			<column name="id" valueNumeric="6976" />
			<column name="identifier" value="8662095986" />
			<column name="create_datetime" valueDate="2014-10-22T23:18:00.45" />
			<column name="status_id" valueNumeric="10501" />
			<column name="entity_id" valueNumeric="1" />
			<column name="deleted" valueNumeric="0" />
			<column name="item_id" valueNumeric="320104" />
			<column name="order_line_id" />
			<column name="notes" value="Bulk Upload" />
			<column name="optlock" valueNumeric="0" />
			<column name="group_id" />
			<column name="provisioning_status" />
			<column name="global" valueBoolean="true" />
		</insert>
		<insert tableName="asset">
			<column name="id" valueNumeric="6977" />
			<column name="identifier" value="8662096477" />
			<column name="create_datetime" valueDate="2014-10-22T23:18:00.50" />
			<column name="status_id" valueNumeric="10501" />
			<column name="entity_id" valueNumeric="1" />
			<column name="deleted" valueNumeric="0" />
			<column name="item_id" valueNumeric="320104" />
			<column name="order_line_id" />
			<column name="notes" value="Bulk Upload" />
			<column name="optlock" valueNumeric="0" />
			<column name="group_id" />
			<column name="provisioning_status" />
			<column name="global" valueBoolean="true" />
		</insert>
		<insert tableName="asset">
			<column name="id" valueNumeric="6978" />
			<column name="identifier" value="8662098073" />
			<column name="create_datetime" valueDate="2014-10-22T23:18:00.68" />
			<column name="status_id" valueNumeric="10501" />
			<column name="entity_id" valueNumeric="1" />
			<column name="deleted" valueNumeric="0" />
			<column name="item_id" valueNumeric="320104" />
			<column name="order_line_id" />
			<column name="notes" value="Bulk Upload" />
			<column name="optlock" valueNumeric="0" />
			<column name="group_id" />
			<column name="provisioning_status" />
			<column name="global" valueBoolean="true" />
		</insert>
		<insert tableName="asset">
			<column name="id" valueNumeric="6979" />
			<column name="identifier" value="8662101586" />
			<column name="create_datetime" valueDate="2014-10-22T23:18:00.74" />
			<column name="status_id" valueNumeric="10501" />
			<column name="entity_id" valueNumeric="1" />
			<column name="deleted" valueNumeric="0" />
			<column name="item_id" valueNumeric="320104" />
			<column name="order_line_id" />
			<column name="notes" value="Bulk Upload" />
			<column name="optlock" valueNumeric="0" />
			<column name="group_id" />
			<column name="provisioning_status" />
			<column name="global" valueBoolean="true" />
		</insert>
		<insert tableName="asset">
			<column name="id" valueNumeric="6980" />
			<column name="identifier" value="8662106796" />
			<column name="create_datetime" valueDate="2014-10-22T23:18:00.84" />
			<column name="status_id" valueNumeric="10501" />
			<column name="entity_id" valueNumeric="1" />
			<column name="deleted" valueNumeric="0" />
			<column name="item_id" valueNumeric="320104" />
			<column name="order_line_id" />
			<column name="notes" value="Bulk Upload" />
			<column name="optlock" valueNumeric="0" />
			<column name="group_id" />
			<column name="provisioning_status" />
			<column name="global" valueBoolean="true" />
		</insert>
		<insert tableName="asset">
			<column name="id" valueNumeric="6981" />
			<column name="identifier" value="8662110867" />
			<column name="create_datetime" valueDate="2014-10-22T23:18:00.97" />
			<column name="status_id" valueNumeric="10501" />
			<column name="entity_id" valueNumeric="1" />
			<column name="deleted" valueNumeric="0" />
			<column name="item_id" valueNumeric="320104" />
			<column name="order_line_id" />
			<column name="notes" value="Bulk Upload" />
			<column name="optlock" valueNumeric="0" />
			<column name="group_id" />
			<column name="provisioning_status" />
			<column name="global" valueBoolean="true" />
		</insert>
		<insert tableName="asset">
			<column name="id" valueNumeric="6982" />
			<column name="identifier" value="8662111331" />
			<column name="create_datetime" valueDate="2014-10-22T23:18:00.111" />
			<column name="status_id" valueNumeric="10501" />
			<column name="entity_id" valueNumeric="1" />
			<column name="deleted" valueNumeric="0" />
			<column name="item_id" valueNumeric="320104" />
			<column name="order_line_id" />
			<column name="notes" value="Bulk Upload" />
			<column name="optlock" valueNumeric="0" />
			<column name="group_id" />
			<column name="provisioning_status" />
			<column name="global" valueBoolean="true" />
		</insert>
		<insert tableName="asset">
			<column name="id" valueNumeric="6983" />
			<column name="identifier" value="8662124538" />
			<column name="create_datetime" valueDate="2014-10-22T23:18:00.129" />
			<column name="status_id" valueNumeric="10501" />
			<column name="entity_id" valueNumeric="1" />
			<column name="deleted" valueNumeric="0" />
			<column name="item_id" valueNumeric="320104" />
			<column name="order_line_id" />
			<column name="notes" value="Bulk Upload" />
			<column name="optlock" valueNumeric="0" />
			<column name="group_id" />
			<column name="provisioning_status" />
			<column name="global" valueBoolean="true" />
		</insert>
		<insert tableName="asset">
			<column name="id" valueNumeric="6984" />
			<column name="identifier" value="8662125426" />
			<column name="create_datetime" valueDate="2014-10-22T23:18:00.620" />
			<column name="status_id" valueNumeric="10501" />
			<column name="entity_id" valueNumeric="1" />
			<column name="deleted" valueNumeric="0" />
			<column name="item_id" valueNumeric="320104" />
			<column name="order_line_id" />
			<column name="notes" value="Bulk Upload" />
			<column name="optlock" valueNumeric="0" />
			<column name="group_id" />
			<column name="provisioning_status" />
			<column name="global" valueBoolean="true" />
		</insert>
		<insert tableName="asset">
			<column name="id" valueNumeric="6985" />
			<column name="identifier" value="8662125576" />
			<column name="create_datetime" valueDate="2014-10-22T23:18:00.643" />
			<column name="status_id" valueNumeric="10501" />
			<column name="entity_id" valueNumeric="1" />
			<column name="deleted" valueNumeric="0" />
			<column name="item_id" valueNumeric="320104" />
			<column name="order_line_id" />
			<column name="notes" value="Bulk Upload" />
			<column name="optlock" valueNumeric="0" />
			<column name="group_id" />
			<column name="provisioning_status" />
			<column name="global" valueBoolean="true" />
		</insert>
		<insert tableName="asset">
			<column name="id" valueNumeric="6986" />
			<column name="identifier" value="8662126157" />
			<column name="create_datetime" valueDate="2014-10-22T23:18:00.687" />
			<column name="status_id" valueNumeric="10501" />
			<column name="entity_id" valueNumeric="1" />
			<column name="deleted" valueNumeric="0" />
			<column name="item_id" valueNumeric="320104" />
			<column name="order_line_id" />
			<column name="notes" value="Bulk Upload" />
			<column name="optlock" valueNumeric="0" />
			<column name="group_id" />
			<column name="provisioning_status" />
			<column name="global" valueBoolean="true" />
		</insert>
		<insert tableName="asset">
			<column name="id" valueNumeric="6987" />
			<column name="identifier" value="8662127123" />
			<column name="create_datetime" valueDate="2014-10-22T23:18:00.710" />
			<column name="status_id" valueNumeric="10501" />
			<column name="entity_id" valueNumeric="1" />
			<column name="deleted" valueNumeric="0" />
			<column name="item_id" valueNumeric="320104" />
			<column name="order_line_id" />
			<column name="notes" value="Bulk Upload" />
			<column name="optlock" valueNumeric="0" />
			<column name="group_id" />
			<column name="provisioning_status" />
			<column name="global" valueBoolean="true" />
		</insert>
		<insert tableName="asset">
			<column name="id" valueNumeric="6988" />
			<column name="identifier" value="8662132426" />
			<column name="create_datetime" valueDate="2014-10-22T23:18:00.720" />
			<column name="status_id" valueNumeric="10501" />
			<column name="entity_id" valueNumeric="1" />
			<column name="deleted" valueNumeric="0" />
			<column name="item_id" valueNumeric="320104" />
			<column name="order_line_id" />
			<column name="notes" value="Bulk Upload" />
			<column name="optlock" valueNumeric="0" />
			<column name="group_id" />
			<column name="provisioning_status" />
			<column name="global" valueBoolean="true" />
		</insert>
		<insert tableName="asset">
			<column name="id" valueNumeric="6989" />
			<column name="identifier" value="8662132793" />
			<column name="create_datetime" valueDate="2014-10-22T23:18:00.730" />
			<column name="status_id" valueNumeric="10501" />
			<column name="entity_id" valueNumeric="1" />
			<column name="deleted" valueNumeric="0" />
			<column name="item_id" valueNumeric="320104" />
			<column name="order_line_id" />
			<column name="notes" value="Bulk Upload" />
			<column name="optlock" valueNumeric="0" />
			<column name="group_id" />
			<column name="provisioning_status" />
			<column name="global" valueBoolean="true" />
		</insert>
		<insert tableName="asset">
			<column name="id" valueNumeric="6990" />
			<column name="identifier" value="8662133308" />
			<column name="create_datetime" valueDate="2014-10-22T23:18:00.741" />
			<column name="status_id" valueNumeric="10501" />
			<column name="entity_id" valueNumeric="1" />
			<column name="deleted" valueNumeric="0" />
			<column name="item_id" valueNumeric="320104" />
			<column name="order_line_id" />
			<column name="notes" value="Bulk Upload" />
			<column name="optlock" valueNumeric="0" />
			<column name="group_id" />
			<column name="provisioning_status" />
			<column name="global" valueBoolean="true" />
		</insert>
		<insert tableName="asset">
			<column name="id" valueNumeric="6991" />
			<column name="identifier" value="8662143432" />
			<column name="create_datetime" valueDate="2014-10-22T23:18:00.772" />
			<column name="status_id" valueNumeric="10501" />
			<column name="entity_id" valueNumeric="1" />
			<column name="deleted" valueNumeric="0" />
			<column name="item_id" valueNumeric="320104" />
			<column name="order_line_id" />
			<column name="notes" value="Bulk Upload" />
			<column name="optlock" valueNumeric="0" />
			<column name="group_id" />
			<column name="provisioning_status" />
			<column name="global" valueBoolean="true" />
		</insert>
		<insert tableName="asset">
			<column name="id" valueNumeric="6992" />
			<column name="identifier" value="8662143597" />
			<column name="create_datetime" valueDate="2014-10-22T23:18:00.779" />
			<column name="status_id" valueNumeric="10501" />
			<column name="entity_id" valueNumeric="1" />
			<column name="deleted" valueNumeric="0" />
			<column name="item_id" valueNumeric="320104" />
			<column name="order_line_id" />
			<column name="notes" value="Bulk Upload" />
			<column name="optlock" valueNumeric="0" />
			<column name="group_id" />
			<column name="provisioning_status" />
			<column name="global" valueBoolean="true" />
		</insert>
		<insert tableName="asset">
			<column name="id" valueNumeric="6993" />
			<column name="identifier" value="8662149857" />
			<column name="create_datetime" valueDate="2014-10-22T23:18:00.823" />
			<column name="status_id" valueNumeric="10501" />
			<column name="entity_id" valueNumeric="1" />
			<column name="deleted" valueNumeric="0" />
			<column name="item_id" valueNumeric="320104" />
			<column name="order_line_id" />
			<column name="notes" value="Bulk Upload" />
			<column name="optlock" valueNumeric="0" />
			<column name="group_id" />
			<column name="provisioning_status" />
			<column name="global" valueBoolean="true" />
		</insert>
		<insert tableName="asset">
			<column name="id" valueNumeric="6994" />
			<column name="identifier" value="8662152080" />
			<column name="create_datetime" valueDate="2014-10-22T23:18:00.835" />
			<column name="status_id" valueNumeric="10501" />
			<column name="entity_id" valueNumeric="1" />
			<column name="deleted" valueNumeric="0" />
			<column name="item_id" valueNumeric="320104" />
			<column name="order_line_id" />
			<column name="notes" value="Bulk Upload" />
			<column name="optlock" valueNumeric="0" />
			<column name="group_id" />
			<column name="provisioning_status" />
			<column name="global" valueBoolean="true" />
		</insert>
		<insert tableName="asset">
			<column name="id" valueNumeric="6995" />
			<column name="identifier" value="8662156814" />
			<column name="create_datetime" valueDate="2014-10-22T23:18:00.841" />
			<column name="status_id" valueNumeric="10501" />
			<column name="entity_id" valueNumeric="1" />
			<column name="deleted" valueNumeric="0" />
			<column name="item_id" valueNumeric="320104" />
			<column name="order_line_id" />
			<column name="notes" value="Bulk Upload" />
			<column name="optlock" valueNumeric="0" />
			<column name="group_id" />
			<column name="provisioning_status" />
			<column name="global" valueBoolean="true" />
		</insert>
		<insert tableName="asset">
			<column name="id" valueNumeric="6996" />
			<column name="identifier" value="8662163739" />
			<column name="create_datetime" valueDate="2014-10-22T23:18:00.847" />
			<column name="status_id" valueNumeric="10501" />
			<column name="entity_id" valueNumeric="1" />
			<column name="deleted" valueNumeric="0" />
			<column name="item_id" valueNumeric="320104" />
			<column name="order_line_id" />
			<column name="notes" value="Bulk Upload" />
			<column name="optlock" valueNumeric="0" />
			<column name="group_id" />
			<column name="provisioning_status" />
			<column name="global" valueBoolean="true" />
		</insert>
		<insert tableName="asset">
			<column name="id" valueNumeric="6997" />
			<column name="identifier" value="8662164743" />
			<column name="create_datetime" valueDate="2014-10-22T23:18:00.862" />
			<column name="status_id" valueNumeric="10501" />
			<column name="entity_id" valueNumeric="1" />
			<column name="deleted" valueNumeric="0" />
			<column name="item_id" valueNumeric="320104" />
			<column name="order_line_id" />
			<column name="notes" value="Bulk Upload" />
			<column name="optlock" valueNumeric="0" />
			<column name="group_id" />
			<column name="provisioning_status" />
			<column name="global" valueBoolean="true" />
		</insert>
		<insert tableName="asset">
			<column name="id" valueNumeric="6998" />
			<column name="identifier" value="8662170081" />
			<column name="create_datetime" valueDate="2014-10-22T23:18:00.871" />
			<column name="status_id" valueNumeric="10501" />
			<column name="entity_id" valueNumeric="1" />
			<column name="deleted" valueNumeric="0" />
			<column name="item_id" valueNumeric="320104" />
			<column name="order_line_id" />
			<column name="notes" value="Bulk Upload" />
			<column name="optlock" valueNumeric="0" />
			<column name="group_id" />
			<column name="provisioning_status" />
			<column name="global" valueBoolean="true" />
		</insert>
		<insert tableName="asset">
			<column name="id" valueNumeric="6999" />
			<column name="identifier" value="8662170928" />
			<column name="create_datetime" valueDate="2014-10-22T23:18:00.877" />
			<column name="status_id" valueNumeric="10501" />
			<column name="entity_id" valueNumeric="1" />
			<column name="deleted" valueNumeric="0" />
			<column name="item_id" valueNumeric="320104" />
			<column name="order_line_id" />
			<column name="notes" value="Bulk Upload" />
			<column name="optlock" valueNumeric="0" />
			<column name="group_id" />
			<column name="provisioning_status" />
			<column name="global" valueBoolean="true" />
		</insert>
		<insert tableName="asset">
			<column name="id" valueNumeric="7000" />
			<column name="identifier" value="8662178330" />
			<column name="create_datetime" valueDate="2014-10-22T23:18:00.906" />
			<column name="status_id" valueNumeric="10501" />
			<column name="entity_id" valueNumeric="1" />
			<column name="deleted" valueNumeric="0" />
			<column name="item_id" valueNumeric="320104" />
			<column name="order_line_id" />
			<column name="notes" value="Bulk Upload" />
			<column name="optlock" valueNumeric="0" />
			<column name="group_id" />
			<column name="provisioning_status" />
			<column name="global" valueBoolean="true" />
		</insert>
		<insert tableName="asset">
			<column name="id" valueNumeric="7001" />
			<column name="identifier" value="8662181125" />
			<column name="create_datetime" valueDate="2014-10-22T23:18:00.946" />
			<column name="status_id" valueNumeric="10501" />
			<column name="entity_id" valueNumeric="1" />
			<column name="deleted" valueNumeric="0" />
			<column name="item_id" valueNumeric="320104" />
			<column name="order_line_id" />
			<column name="notes" value="Bulk Upload" />
			<column name="optlock" valueNumeric="0" />
			<column name="group_id" />
			<column name="provisioning_status" />
			<column name="global" valueBoolean="true" />
		</insert>
		<insert tableName="asset">
			<column name="id" valueNumeric="7002" />
			<column name="identifier" value="8662186901" />
			<column name="create_datetime" valueDate="2014-10-22T23:18:00.980" />
			<column name="status_id" valueNumeric="10501" />
			<column name="entity_id" valueNumeric="1" />
			<column name="deleted" valueNumeric="0" />
			<column name="item_id" valueNumeric="320104" />
			<column name="order_line_id" />
			<column name="notes" value="Bulk Upload" />
			<column name="optlock" valueNumeric="0" />
			<column name="group_id" />
			<column name="provisioning_status" />
			<column name="global" valueBoolean="true" />
		</insert>
		<insert tableName="asset">
			<column name="id" valueNumeric="7003" />
			<column name="identifier" value="8662187045" />
			<column name="create_datetime" valueDate="2014-10-22T23:18:00.986" />
			<column name="status_id" valueNumeric="10501" />
			<column name="entity_id" valueNumeric="1" />
			<column name="deleted" valueNumeric="0" />
			<column name="item_id" valueNumeric="320104" />
			<column name="order_line_id" />
			<column name="notes" value="Bulk Upload" />
			<column name="optlock" valueNumeric="0" />
			<column name="group_id" />
			<column name="provisioning_status" />
			<column name="global" valueBoolean="true" />
		</insert>
		<insert tableName="asset">
			<column name="id" valueNumeric="7004" />
			<column name="identifier" value="8662187249" />
			<column name="create_datetime" valueDate="2014-10-22T23:18:01.3" />
			<column name="status_id" valueNumeric="10501" />
			<column name="entity_id" valueNumeric="1" />
			<column name="deleted" valueNumeric="0" />
			<column name="item_id" valueNumeric="320104" />
			<column name="order_line_id" />
			<column name="notes" value="Bulk Upload" />
			<column name="optlock" valueNumeric="0" />
			<column name="group_id" />
			<column name="provisioning_status" />
			<column name="global" valueBoolean="true" />
		</insert>
		<insert tableName="asset">
			<column name="id" valueNumeric="7005" />
			<column name="identifier" value="8662191757" />
			<column name="create_datetime" valueDate="2014-10-22T23:18:01.14" />
			<column name="status_id" valueNumeric="10501" />
			<column name="entity_id" valueNumeric="1" />
			<column name="deleted" valueNumeric="0" />
			<column name="item_id" valueNumeric="320104" />
			<column name="order_line_id" />
			<column name="notes" value="Bulk Upload" />
			<column name="optlock" valueNumeric="0" />
			<column name="group_id" />
			<column name="provisioning_status" />
			<column name="global" valueBoolean="true" />
		</insert>
		<insert tableName="asset">
			<column name="id" valueNumeric="7006" />
			<column name="identifier" value="8662192209" />
			<column name="create_datetime" valueDate="2014-10-22T23:18:01.19" />
			<column name="status_id" valueNumeric="10501" />
			<column name="entity_id" valueNumeric="1" />
			<column name="deleted" valueNumeric="0" />
			<column name="item_id" valueNumeric="320104" />
			<column name="order_line_id" />
			<column name="notes" value="Bulk Upload" />
			<column name="optlock" valueNumeric="0" />
			<column name="group_id" />
			<column name="provisioning_status" />
			<column name="global" valueBoolean="true" />
		</insert>
		<insert tableName="asset">
			<column name="id" valueNumeric="7007" />
			<column name="identifier" value="8662197280" />
			<column name="create_datetime" valueDate="2014-10-22T23:18:01.25" />
			<column name="status_id" valueNumeric="10501" />
			<column name="entity_id" valueNumeric="1" />
			<column name="deleted" valueNumeric="0" />
			<column name="item_id" valueNumeric="320104" />
			<column name="order_line_id" />
			<column name="notes" value="Bulk Upload" />
			<column name="optlock" valueNumeric="0" />
			<column name="group_id" />
			<column name="provisioning_status" />
			<column name="global" valueBoolean="true" />
		</insert>
		<insert tableName="asset">
			<column name="id" valueNumeric="7008" />
			<column name="identifier" value="8662198493" />
			<column name="create_datetime" valueDate="2014-10-22T23:18:01.31" />
			<column name="status_id" valueNumeric="10501" />
			<column name="entity_id" valueNumeric="1" />
			<column name="deleted" valueNumeric="0" />
			<column name="item_id" valueNumeric="320104" />
			<column name="order_line_id" />
			<column name="notes" value="Bulk Upload" />
			<column name="optlock" valueNumeric="0" />
			<column name="group_id" />
			<column name="provisioning_status" />
			<column name="global" valueBoolean="true" />
		</insert>
		<insert tableName="asset">
			<column name="id" valueNumeric="7009" />
			<column name="identifier" value="8662198516" />
			<column name="create_datetime" valueDate="2014-10-22T23:18:01.57" />
			<column name="status_id" valueNumeric="10501" />
			<column name="entity_id" valueNumeric="1" />
			<column name="deleted" valueNumeric="0" />
			<column name="item_id" valueNumeric="320104" />
			<column name="order_line_id" />
			<column name="notes" value="Bulk Upload" />
			<column name="optlock" valueNumeric="0" />
			<column name="group_id" />
			<column name="provisioning_status" />
			<column name="global" valueBoolean="true" />
		</insert>
		<insert tableName="asset">
			<column name="id" valueNumeric="7010" />
			<column name="identifier" value="8662202181" />
			<column name="create_datetime" valueDate="2014-10-22T23:18:01.66" />
			<column name="status_id" valueNumeric="10501" />
			<column name="entity_id" valueNumeric="1" />
			<column name="deleted" valueNumeric="0" />
			<column name="item_id" valueNumeric="320104" />
			<column name="order_line_id" />
			<column name="notes" value="Bulk Upload" />
			<column name="optlock" valueNumeric="0" />
			<column name="group_id" />
			<column name="provisioning_status" />
			<column name="global" valueBoolean="true" />
		</insert>
		<insert tableName="asset">
			<column name="id" valueNumeric="7011" />
			<column name="identifier" value="8662207231" />
			<column name="create_datetime" valueDate="2014-10-22T23:18:01.76" />
			<column name="status_id" valueNumeric="10501" />
			<column name="entity_id" valueNumeric="1" />
			<column name="deleted" valueNumeric="0" />
			<column name="item_id" valueNumeric="320104" />
			<column name="order_line_id" />
			<column name="notes" value="Bulk Upload" />
			<column name="optlock" valueNumeric="0" />
			<column name="group_id" />
			<column name="provisioning_status" />
			<column name="global" valueBoolean="true" />
		</insert>
		<insert tableName="asset">
			<column name="id" valueNumeric="7012" />
			<column name="identifier" value="8662207607" />
			<column name="create_datetime" valueDate="2014-10-22T23:18:01.111" />
			<column name="status_id" valueNumeric="10501" />
			<column name="entity_id" valueNumeric="1" />
			<column name="deleted" valueNumeric="0" />
			<column name="item_id" valueNumeric="320104" />
			<column name="order_line_id" />
			<column name="notes" value="Bulk Upload" />
			<column name="optlock" valueNumeric="0" />
			<column name="group_id" />
			<column name="provisioning_status" />
			<column name="global" valueBoolean="true" />
		</insert>
		<insert tableName="asset">
			<column name="id" valueNumeric="7013" />
			<column name="identifier" value="8662208452" />
			<column name="create_datetime" valueDate="2014-10-22T23:18:01.122" />
			<column name="status_id" valueNumeric="10501" />
			<column name="entity_id" valueNumeric="1" />
			<column name="deleted" valueNumeric="0" />
			<column name="item_id" valueNumeric="320104" />
			<column name="order_line_id" />
			<column name="notes" value="Bulk Upload" />
			<column name="optlock" valueNumeric="0" />
			<column name="group_id" />
			<column name="provisioning_status" />
			<column name="global" valueBoolean="true" />
		</insert>
		<insert tableName="asset">
			<column name="id" valueNumeric="7014" />
			<column name="identifier" value="8662221016" />
			<column name="create_datetime" valueDate="2014-10-22T23:18:01.151" />
			<column name="status_id" valueNumeric="10501" />
			<column name="entity_id" valueNumeric="1" />
			<column name="deleted" valueNumeric="0" />
			<column name="item_id" valueNumeric="320104" />
			<column name="order_line_id" />
			<column name="notes" value="Bulk Upload" />
			<column name="optlock" valueNumeric="0" />
			<column name="group_id" />
			<column name="provisioning_status" />
			<column name="global" valueBoolean="true" />
		</insert>
		<insert tableName="asset">
			<column name="id" valueNumeric="7015" />
			<column name="identifier" value="8662223579" />
			<column name="create_datetime" valueDate="2014-10-22T23:18:01.165" />
			<column name="status_id" valueNumeric="10501" />
			<column name="entity_id" valueNumeric="1" />
			<column name="deleted" valueNumeric="0" />
			<column name="item_id" valueNumeric="320104" />
			<column name="order_line_id" />
			<column name="notes" value="Bulk Upload" />
			<column name="optlock" valueNumeric="0" />
			<column name="group_id" />
			<column name="provisioning_status" />
			<column name="global" valueBoolean="true" />
		</insert>
		<insert tableName="asset">
			<column name="id" valueNumeric="7016" />
			<column name="identifier" value="8662226525" />
			<column name="create_datetime" valueDate="2014-10-22T23:18:01.192" />
			<column name="status_id" valueNumeric="10501" />
			<column name="entity_id" valueNumeric="1" />
			<column name="deleted" valueNumeric="0" />
			<column name="item_id" valueNumeric="320104" />
			<column name="order_line_id" />
			<column name="notes" value="Bulk Upload" />
			<column name="optlock" valueNumeric="0" />
			<column name="group_id" />
			<column name="provisioning_status" />
			<column name="global" valueBoolean="true" />
		</insert>
		<insert tableName="asset">
			<column name="id" valueNumeric="7017" />
			<column name="identifier" value="8662230606" />
			<column name="create_datetime" valueDate="2014-10-22T23:18:01.199" />
			<column name="status_id" valueNumeric="10501" />
			<column name="entity_id" valueNumeric="1" />
			<column name="deleted" valueNumeric="0" />
			<column name="item_id" valueNumeric="320104" />
			<column name="order_line_id" />
			<column name="notes" value="Bulk Upload" />
			<column name="optlock" valueNumeric="0" />
			<column name="group_id" />
			<column name="provisioning_status" />
			<column name="global" valueBoolean="true" />
		</insert>
		<insert tableName="asset">
			<column name="id" valueNumeric="7018" />
			<column name="identifier" value="8662231019" />
			<column name="create_datetime" valueDate="2014-10-22T23:18:01.251" />
			<column name="status_id" valueNumeric="10501" />
			<column name="entity_id" valueNumeric="1" />
			<column name="deleted" valueNumeric="0" />
			<column name="item_id" valueNumeric="320104" />
			<column name="order_line_id" />
			<column name="notes" value="Bulk Upload" />
			<column name="optlock" valueNumeric="0" />
			<column name="group_id" />
			<column name="provisioning_status" />
			<column name="global" valueBoolean="true" />
		</insert>
		<insert tableName="asset">
			<column name="id" valueNumeric="7019" />
			<column name="identifier" value="8662236236" />
			<column name="create_datetime" valueDate="2014-10-22T23:18:01.258" />
			<column name="status_id" valueNumeric="10501" />
			<column name="entity_id" valueNumeric="1" />
			<column name="deleted" valueNumeric="0" />
			<column name="item_id" valueNumeric="320104" />
			<column name="order_line_id" />
			<column name="notes" value="Bulk Upload" />
			<column name="optlock" valueNumeric="0" />
			<column name="group_id" />
			<column name="provisioning_status" />
			<column name="global" valueBoolean="true" />
		</insert>
		<insert tableName="asset">
			<column name="id" valueNumeric="7020" />
			<column name="identifier" value="8662242118" />
			<column name="create_datetime" valueDate="2014-10-22T23:18:01.292" />
			<column name="status_id" valueNumeric="10501" />
			<column name="entity_id" valueNumeric="1" />
			<column name="deleted" valueNumeric="0" />
			<column name="item_id" valueNumeric="320104" />
			<column name="order_line_id" />
			<column name="notes" value="Bulk Upload" />
			<column name="optlock" valueNumeric="0" />
			<column name="group_id" />
			<column name="provisioning_status" />
			<column name="global" valueBoolean="true" />
		</insert>
		<insert tableName="asset">
			<column name="id" valueNumeric="7021" />
			<column name="identifier" value="8662243753" />
			<column name="create_datetime" valueDate="2014-10-22T23:18:01.342" />
			<column name="status_id" valueNumeric="10501" />
			<column name="entity_id" valueNumeric="1" />
			<column name="deleted" valueNumeric="0" />
			<column name="item_id" valueNumeric="320104" />
			<column name="order_line_id" />
			<column name="notes" value="Bulk Upload" />
			<column name="optlock" valueNumeric="0" />
			<column name="group_id" />
			<column name="provisioning_status" />
			<column name="global" valueBoolean="true" />
		</insert>
		<insert tableName="asset">
			<column name="id" valueNumeric="7022" />
			<column name="identifier" value="8662260975" />
			<column name="create_datetime" valueDate="2014-10-22T23:18:01.375" />
			<column name="status_id" valueNumeric="10501" />
			<column name="entity_id" valueNumeric="1" />
			<column name="deleted" valueNumeric="0" />
			<column name="item_id" valueNumeric="320104" />
			<column name="order_line_id" />
			<column name="notes" value="Bulk Upload" />
			<column name="optlock" valueNumeric="0" />
			<column name="group_id" />
			<column name="provisioning_status" />
			<column name="global" valueBoolean="true" />
		</insert>
		<insert tableName="asset">
			<column name="id" valueNumeric="7023" />
			<column name="identifier" value="8662263611" />
			<column name="create_datetime" valueDate="2014-10-22T23:18:01.392" />
			<column name="status_id" valueNumeric="10501" />
			<column name="entity_id" valueNumeric="1" />
			<column name="deleted" valueNumeric="0" />
			<column name="item_id" valueNumeric="320104" />
			<column name="order_line_id" />
			<column name="notes" value="Bulk Upload" />
			<column name="optlock" valueNumeric="0" />
			<column name="group_id" />
			<column name="provisioning_status" />
			<column name="global" valueBoolean="true" />
		</insert>
		<insert tableName="asset">
			<column name="id" valueNumeric="7024" />
			<column name="identifier" value="8662268322" />
			<column name="create_datetime" valueDate="2014-10-22T23:18:01.404" />
			<column name="status_id" valueNumeric="10501" />
			<column name="entity_id" valueNumeric="1" />
			<column name="deleted" valueNumeric="0" />
			<column name="item_id" valueNumeric="320104" />
			<column name="order_line_id" />
			<column name="notes" value="Bulk Upload" />
			<column name="optlock" valueNumeric="0" />
			<column name="group_id" />
			<column name="provisioning_status" />
			<column name="global" valueBoolean="true" />
		</insert>
		<insert tableName="asset">
			<column name="id" valueNumeric="7025" />
			<column name="identifier" value="8662271432" />
			<column name="create_datetime" valueDate="2014-10-22T23:18:01.411" />
			<column name="status_id" valueNumeric="10501" />
			<column name="entity_id" valueNumeric="1" />
			<column name="deleted" valueNumeric="0" />
			<column name="item_id" valueNumeric="320104" />
			<column name="order_line_id" />
			<column name="notes" value="Bulk Upload" />
			<column name="optlock" valueNumeric="0" />
			<column name="group_id" />
			<column name="provisioning_status" />
			<column name="global" valueBoolean="true" />
		</insert>
		<insert tableName="asset">
			<column name="id" valueNumeric="7026" />
			<column name="identifier" value="8662280260" />
			<column name="create_datetime" valueDate="2014-10-22T23:18:01.492" />
			<column name="status_id" valueNumeric="10501" />
			<column name="entity_id" valueNumeric="1" />
			<column name="deleted" valueNumeric="0" />
			<column name="item_id" valueNumeric="320104" />
			<column name="order_line_id" />
			<column name="notes" value="Bulk Upload" />
			<column name="optlock" valueNumeric="0" />
			<column name="group_id" />
			<column name="provisioning_status" />
			<column name="global" valueBoolean="true" />
		</insert>
		<insert tableName="asset">
			<column name="id" valueNumeric="7027" />
			<column name="identifier" value="8662280290" />
			<column name="create_datetime" valueDate="2014-10-22T23:18:01.512" />
			<column name="status_id" valueNumeric="10501" />
			<column name="entity_id" valueNumeric="1" />
			<column name="deleted" valueNumeric="0" />
			<column name="item_id" valueNumeric="320104" />
			<column name="order_line_id" />
			<column name="notes" value="Bulk Upload" />
			<column name="optlock" valueNumeric="0" />
			<column name="group_id" />
			<column name="provisioning_status" />
			<column name="global" valueBoolean="true" />
		</insert>
		<insert tableName="asset">
			<column name="id" valueNumeric="7028" />
			<column name="identifier" value="8662283039" />
			<column name="create_datetime" valueDate="2014-10-22T23:18:01.522" />
			<column name="status_id" valueNumeric="10501" />
			<column name="entity_id" valueNumeric="1" />
			<column name="deleted" valueNumeric="0" />
			<column name="item_id" valueNumeric="320104" />
			<column name="order_line_id" />
			<column name="notes" value="Bulk Upload" />
			<column name="optlock" valueNumeric="0" />
			<column name="group_id" />
			<column name="provisioning_status" />
			<column name="global" valueBoolean="true" />
		</insert>
		<insert tableName="asset">
			<column name="id" valueNumeric="7029" />
			<column name="identifier" value="8662287339" />
			<column name="create_datetime" valueDate="2014-10-22T23:18:01.533" />
			<column name="status_id" valueNumeric="10501" />
			<column name="entity_id" valueNumeric="1" />
			<column name="deleted" valueNumeric="0" />
			<column name="item_id" valueNumeric="320104" />
			<column name="order_line_id" />
			<column name="notes" value="Bulk Upload" />
			<column name="optlock" valueNumeric="0" />
			<column name="group_id" />
			<column name="provisioning_status" />
			<column name="global" valueBoolean="true" />
		</insert>
		<insert tableName="asset">
			<column name="id" valueNumeric="7030" />
			<column name="identifier" value="8662289948" />
			<column name="create_datetime" valueDate="2014-10-22T23:18:01.549" />
			<column name="status_id" valueNumeric="10501" />
			<column name="entity_id" valueNumeric="1" />
			<column name="deleted" valueNumeric="0" />
			<column name="item_id" valueNumeric="320104" />
			<column name="order_line_id" />
			<column name="notes" value="Bulk Upload" />
			<column name="optlock" valueNumeric="0" />
			<column name="group_id" />
			<column name="provisioning_status" />
			<column name="global" valueBoolean="true" />
		</insert>
		<insert tableName="asset">
			<column name="id" valueNumeric="7031" />
			<column name="identifier" value="8662289989" />
			<column name="create_datetime" valueDate="2014-10-22T23:18:01.566" />
			<column name="status_id" valueNumeric="10501" />
			<column name="entity_id" valueNumeric="1" />
			<column name="deleted" valueNumeric="0" />
			<column name="item_id" valueNumeric="320104" />
			<column name="order_line_id" />
			<column name="notes" value="Bulk Upload" />
			<column name="optlock" valueNumeric="0" />
			<column name="group_id" />
			<column name="provisioning_status" />
			<column name="global" valueBoolean="true" />
		</insert>
		<insert tableName="asset">
			<column name="id" valueNumeric="7032" />
			<column name="identifier" value="8662294684" />
			<column name="create_datetime" valueDate="2014-10-22T23:18:01.740" />
			<column name="status_id" valueNumeric="10501" />
			<column name="entity_id" valueNumeric="1" />
			<column name="deleted" valueNumeric="0" />
			<column name="item_id" valueNumeric="320104" />
			<column name="order_line_id" />
			<column name="notes" value="Bulk Upload" />
			<column name="optlock" valueNumeric="0" />
			<column name="group_id" />
			<column name="provisioning_status" />
			<column name="global" valueBoolean="true" />
		</insert>
		<insert tableName="asset">
			<column name="id" valueNumeric="7033" />
			<column name="identifier" value="8662301855" />
			<column name="create_datetime" valueDate="2014-10-22T23:18:01.751" />
			<column name="status_id" valueNumeric="10501" />
			<column name="entity_id" valueNumeric="1" />
			<column name="deleted" valueNumeric="0" />
			<column name="item_id" valueNumeric="320104" />
			<column name="order_line_id" />
			<column name="notes" value="Bulk Upload" />
			<column name="optlock" valueNumeric="0" />
			<column name="group_id" />
			<column name="provisioning_status" />
			<column name="global" valueBoolean="true" />
		</insert>
		<insert tableName="asset">
			<column name="id" valueNumeric="7034" />
			<column name="identifier" value="8662308494" />
			<column name="create_datetime" valueDate="2014-10-22T23:18:01.761" />
			<column name="status_id" valueNumeric="10501" />
			<column name="entity_id" valueNumeric="1" />
			<column name="deleted" valueNumeric="0" />
			<column name="item_id" valueNumeric="320104" />
			<column name="order_line_id" />
			<column name="notes" value="Bulk Upload" />
			<column name="optlock" valueNumeric="0" />
			<column name="group_id" />
			<column name="provisioning_status" />
			<column name="global" valueBoolean="true" />
		</insert>
		<insert tableName="asset">
			<column name="id" valueNumeric="7035" />
			<column name="identifier" value="8662318485" />
			<column name="create_datetime" valueDate="2014-10-22T23:18:01.771" />
			<column name="status_id" valueNumeric="10501" />
			<column name="entity_id" valueNumeric="1" />
			<column name="deleted" valueNumeric="0" />
			<column name="item_id" valueNumeric="320104" />
			<column name="order_line_id" />
			<column name="notes" value="Bulk Upload" />
			<column name="optlock" valueNumeric="0" />
			<column name="group_id" />
			<column name="provisioning_status" />
			<column name="global" valueBoolean="true" />
		</insert>
		<insert tableName="asset">
			<column name="id" valueNumeric="7036" />
			<column name="identifier" value="8662323151" />
			<column name="create_datetime" valueDate="2014-10-22T23:18:01.819" />
			<column name="status_id" valueNumeric="10501" />
			<column name="entity_id" valueNumeric="1" />
			<column name="deleted" valueNumeric="0" />
			<column name="item_id" valueNumeric="320104" />
			<column name="order_line_id" />
			<column name="notes" value="Bulk Upload" />
			<column name="optlock" valueNumeric="0" />
			<column name="group_id" />
			<column name="provisioning_status" />
			<column name="global" valueBoolean="true" />
		</insert>
		<insert tableName="asset">
			<column name="id" valueNumeric="7037" />
			<column name="identifier" value="8662323392" />
			<column name="create_datetime" valueDate="2014-10-22T23:18:01.827" />
			<column name="status_id" valueNumeric="10501" />
			<column name="entity_id" valueNumeric="1" />
			<column name="deleted" valueNumeric="0" />
			<column name="item_id" valueNumeric="320104" />
			<column name="order_line_id" />
			<column name="notes" value="Bulk Upload" />
			<column name="optlock" valueNumeric="0" />
			<column name="group_id" />
			<column name="provisioning_status" />
			<column name="global" valueBoolean="true" />
		</insert>
		<insert tableName="asset">
			<column name="id" valueNumeric="7038" />
			<column name="identifier" value="8662323433" />
			<column name="create_datetime" valueDate="2014-10-22T23:18:01.838" />
			<column name="status_id" valueNumeric="10501" />
			<column name="entity_id" valueNumeric="1" />
			<column name="deleted" valueNumeric="0" />
			<column name="item_id" valueNumeric="320104" />
			<column name="order_line_id" />
			<column name="notes" value="Bulk Upload" />
			<column name="optlock" valueNumeric="0" />
			<column name="group_id" />
			<column name="provisioning_status" />
			<column name="global" valueBoolean="true" />
		</insert>
		<insert tableName="asset">
			<column name="id" valueNumeric="7039" />
			<column name="identifier" value="8662326234" />
			<column name="create_datetime" valueDate="2014-10-22T23:18:01.852" />
			<column name="status_id" valueNumeric="10501" />
			<column name="entity_id" valueNumeric="1" />
			<column name="deleted" valueNumeric="0" />
			<column name="item_id" valueNumeric="320104" />
			<column name="order_line_id" />
			<column name="notes" value="Bulk Upload" />
			<column name="optlock" valueNumeric="0" />
			<column name="group_id" />
			<column name="provisioning_status" />
			<column name="global" valueBoolean="true" />
		</insert>
		<insert tableName="asset">
			<column name="id" valueNumeric="7040" />
			<column name="identifier" value="8662330699" />
			<column name="create_datetime" valueDate="2014-10-22T23:18:01.897" />
			<column name="status_id" valueNumeric="10501" />
			<column name="entity_id" valueNumeric="1" />
			<column name="deleted" valueNumeric="0" />
			<column name="item_id" valueNumeric="320104" />
			<column name="order_line_id" />
			<column name="notes" value="Bulk Upload" />
			<column name="optlock" valueNumeric="0" />
			<column name="group_id" />
			<column name="provisioning_status" />
			<column name="global" valueBoolean="true" />
		</insert>
		<insert tableName="asset">
			<column name="id" valueNumeric="7041" />
			<column name="identifier" value="8662334367" />
			<column name="create_datetime" valueDate="2014-10-22T23:18:01.919" />
			<column name="status_id" valueNumeric="10501" />
			<column name="entity_id" valueNumeric="1" />
			<column name="deleted" valueNumeric="0" />
			<column name="item_id" valueNumeric="320104" />
			<column name="order_line_id" />
			<column name="notes" value="Bulk Upload" />
			<column name="optlock" valueNumeric="0" />
			<column name="group_id" />
			<column name="provisioning_status" />
			<column name="global" valueBoolean="true" />
		</insert>
		<insert tableName="asset">
			<column name="id" valueNumeric="7042" />
			<column name="identifier" value="8662335461" />
			<column name="create_datetime" valueDate="2014-10-22T23:18:01.979" />
			<column name="status_id" valueNumeric="10501" />
			<column name="entity_id" valueNumeric="1" />
			<column name="deleted" valueNumeric="0" />
			<column name="item_id" valueNumeric="320104" />
			<column name="order_line_id" />
			<column name="notes" value="Bulk Upload" />
			<column name="optlock" valueNumeric="0" />
			<column name="group_id" />
			<column name="provisioning_status" />
			<column name="global" valueBoolean="true" />
		</insert>
		<insert tableName="asset">
			<column name="id" valueNumeric="7043" />
			<column name="identifier" value="8662342811" />
			<column name="create_datetime" valueDate="2014-10-22T23:18:02.6" />
			<column name="status_id" valueNumeric="10501" />
			<column name="entity_id" valueNumeric="1" />
			<column name="deleted" valueNumeric="0" />
			<column name="item_id" valueNumeric="320104" />
			<column name="order_line_id" />
			<column name="notes" value="Bulk Upload" />
			<column name="optlock" valueNumeric="0" />
			<column name="group_id" />
			<column name="provisioning_status" />
			<column name="global" valueBoolean="true" />
		</insert>
		<insert tableName="asset">
			<column name="id" valueNumeric="7044" />
			<column name="identifier" value="8662343318" />
			<column name="create_datetime" valueDate="2014-10-22T23:18:02.16" />
			<column name="status_id" valueNumeric="10501" />
			<column name="entity_id" valueNumeric="1" />
			<column name="deleted" valueNumeric="0" />
			<column name="item_id" valueNumeric="320104" />
			<column name="order_line_id" />
			<column name="notes" value="Bulk Upload" />
			<column name="optlock" valueNumeric="0" />
			<column name="group_id" />
			<column name="provisioning_status" />
			<column name="global" valueBoolean="true" />
		</insert>
		<insert tableName="asset">
			<column name="id" valueNumeric="7045" />
			<column name="identifier" value="8662345977" />
			<column name="create_datetime" valueDate="2014-10-22T23:18:02.37" />
			<column name="status_id" valueNumeric="10501" />
			<column name="entity_id" valueNumeric="1" />
			<column name="deleted" valueNumeric="0" />
			<column name="item_id" valueNumeric="320104" />
			<column name="order_line_id" />
			<column name="notes" value="Bulk Upload" />
			<column name="optlock" valueNumeric="0" />
			<column name="group_id" />
			<column name="provisioning_status" />
			<column name="global" valueBoolean="true" />
		</insert>
		<insert tableName="asset">
			<column name="id" valueNumeric="7046" />
			<column name="identifier" value="8662346774" />
			<column name="create_datetime" valueDate="2014-10-22T23:18:02.48" />
			<column name="status_id" valueNumeric="10501" />
			<column name="entity_id" valueNumeric="1" />
			<column name="deleted" valueNumeric="0" />
			<column name="item_id" valueNumeric="320104" />
			<column name="order_line_id" />
			<column name="notes" value="Bulk Upload" />
			<column name="optlock" valueNumeric="0" />
			<column name="group_id" />
			<column name="provisioning_status" />
			<column name="global" valueBoolean="true" />
		</insert>
		<insert tableName="asset">
			<column name="id" valueNumeric="7047" />
			<column name="identifier" value="8662347537" />
			<column name="create_datetime" valueDate="2014-10-22T23:18:02.62" />
			<column name="status_id" valueNumeric="10501" />
			<column name="entity_id" valueNumeric="1" />
			<column name="deleted" valueNumeric="0" />
			<column name="item_id" valueNumeric="320104" />
			<column name="order_line_id" />
			<column name="notes" value="Bulk Upload" />
			<column name="optlock" valueNumeric="0" />
			<column name="group_id" />
			<column name="provisioning_status" />
			<column name="global" valueBoolean="true" />
		</insert>
		<insert tableName="asset">
			<column name="id" valueNumeric="7048" />
			<column name="identifier" value="8662347735" />
			<column name="create_datetime" valueDate="2014-10-22T23:18:02.250" />
			<column name="status_id" valueNumeric="10501" />
			<column name="entity_id" valueNumeric="1" />
			<column name="deleted" valueNumeric="0" />
			<column name="item_id" valueNumeric="320104" />
			<column name="order_line_id" />
			<column name="notes" value="Bulk Upload" />
			<column name="optlock" valueNumeric="0" />
			<column name="group_id" />
			<column name="provisioning_status" />
			<column name="global" valueBoolean="true" />
		</insert>
		<insert tableName="asset">
			<column name="id" valueNumeric="7049" />
			<column name="identifier" value="8662348509" />
			<column name="create_datetime" valueDate="2014-10-22T23:18:02.257" />
			<column name="status_id" valueNumeric="10501" />
			<column name="entity_id" valueNumeric="1" />
			<column name="deleted" valueNumeric="0" />
			<column name="item_id" valueNumeric="320104" />
			<column name="order_line_id" />
			<column name="notes" value="Bulk Upload" />
			<column name="optlock" valueNumeric="0" />
			<column name="group_id" />
			<column name="provisioning_status" />
			<column name="global" valueBoolean="true" />
		</insert>
		<insert tableName="asset">
			<column name="id" valueNumeric="7050" />
			<column name="identifier" value="8662353774" />
			<column name="create_datetime" valueDate="2014-10-22T23:18:02.269" />
			<column name="status_id" valueNumeric="10501" />
			<column name="entity_id" valueNumeric="1" />
			<column name="deleted" valueNumeric="0" />
			<column name="item_id" valueNumeric="320104" />
			<column name="order_line_id" />
			<column name="notes" value="Bulk Upload" />
			<column name="optlock" valueNumeric="0" />
			<column name="group_id" />
			<column name="provisioning_status" />
			<column name="global" valueBoolean="true" />
		</insert>
		<insert tableName="asset">
			<column name="id" valueNumeric="7051" />
			<column name="identifier" value="8662355703" />
			<column name="create_datetime" valueDate="2014-10-22T23:18:02.350" />
			<column name="status_id" valueNumeric="10501" />
			<column name="entity_id" valueNumeric="1" />
			<column name="deleted" valueNumeric="0" />
			<column name="item_id" valueNumeric="320104" />
			<column name="order_line_id" />
			<column name="notes" value="Bulk Upload" />
			<column name="optlock" valueNumeric="0" />
			<column name="group_id" />
			<column name="provisioning_status" />
			<column name="global" valueBoolean="true" />
		</insert>
		<insert tableName="asset">
			<column name="id" valueNumeric="7052" />
			<column name="identifier" value="8662365472" />
			<column name="create_datetime" valueDate="2014-10-22T23:18:02.361" />
			<column name="status_id" valueNumeric="10501" />
			<column name="entity_id" valueNumeric="1" />
			<column name="deleted" valueNumeric="0" />
			<column name="item_id" valueNumeric="320104" />
			<column name="order_line_id" />
			<column name="notes" value="Bulk Upload" />
			<column name="optlock" valueNumeric="0" />
			<column name="group_id" />
			<column name="provisioning_status" />
			<column name="global" valueBoolean="true" />
		</insert>
		<insert tableName="asset">
			<column name="id" valueNumeric="7053" />
			<column name="identifier" value="8662370324" />
			<column name="create_datetime" valueDate="2014-10-22T23:18:02.366" />
			<column name="status_id" valueNumeric="10501" />
			<column name="entity_id" valueNumeric="1" />
			<column name="deleted" valueNumeric="0" />
			<column name="item_id" valueNumeric="320104" />
			<column name="order_line_id" />
			<column name="notes" value="Bulk Upload" />
			<column name="optlock" valueNumeric="0" />
			<column name="group_id" />
			<column name="provisioning_status" />
			<column name="global" valueBoolean="true" />
		</insert>
		<insert tableName="asset">
			<column name="id" valueNumeric="7054" />
			<column name="identifier" value="8662370331" />
			<column name="create_datetime" valueDate="2014-10-22T23:18:02.373" />
			<column name="status_id" valueNumeric="10501" />
			<column name="entity_id" valueNumeric="1" />
			<column name="deleted" valueNumeric="0" />
			<column name="item_id" valueNumeric="320104" />
			<column name="order_line_id" />
			<column name="notes" value="Bulk Upload" />
			<column name="optlock" valueNumeric="0" />
			<column name="group_id" />
			<column name="provisioning_status" />
			<column name="global" valueBoolean="true" />
		</insert>
		<insert tableName="asset">
			<column name="id" valueNumeric="7055" />
			<column name="identifier" value="8662375342" />
			<column name="create_datetime" valueDate="2014-10-22T23:18:02.390" />
			<column name="status_id" valueNumeric="10501" />
			<column name="entity_id" valueNumeric="1" />
			<column name="deleted" valueNumeric="0" />
			<column name="item_id" valueNumeric="320104" />
			<column name="order_line_id" />
			<column name="notes" value="Bulk Upload" />
			<column name="optlock" valueNumeric="0" />
			<column name="group_id" />
			<column name="provisioning_status" />
			<column name="global" valueBoolean="true" />
		</insert>
		<insert tableName="asset">
			<column name="id" valueNumeric="7056" />
			<column name="identifier" value="8662376583" />
			<column name="create_datetime" valueDate="2014-10-22T23:18:02.410" />
			<column name="status_id" valueNumeric="10501" />
			<column name="entity_id" valueNumeric="1" />
			<column name="deleted" valueNumeric="0" />
			<column name="item_id" valueNumeric="320104" />
			<column name="order_line_id" />
			<column name="notes" value="Bulk Upload" />
			<column name="optlock" valueNumeric="0" />
			<column name="group_id" />
			<column name="provisioning_status" />
			<column name="global" valueBoolean="true" />
		</insert>
		<insert tableName="asset">
			<column name="id" valueNumeric="7057" />
			<column name="identifier" value="8662376667" />
			<column name="create_datetime" valueDate="2014-10-22T23:18:02.431" />
			<column name="status_id" valueNumeric="10501" />
			<column name="entity_id" valueNumeric="1" />
			<column name="deleted" valueNumeric="0" />
			<column name="item_id" valueNumeric="320104" />
			<column name="order_line_id" />
			<column name="notes" value="Bulk Upload" />
			<column name="optlock" valueNumeric="0" />
			<column name="group_id" />
			<column name="provisioning_status" />
			<column name="global" valueBoolean="true" />
		</insert>
		<insert tableName="asset">
			<column name="id" valueNumeric="7058" />
			<column name="identifier" value="8662376970" />
			<column name="create_datetime" valueDate="2014-10-22T23:18:02.468" />
			<column name="status_id" valueNumeric="10501" />
			<column name="entity_id" valueNumeric="1" />
			<column name="deleted" valueNumeric="0" />
			<column name="item_id" valueNumeric="320104" />
			<column name="order_line_id" />
			<column name="notes" value="Bulk Upload" />
			<column name="optlock" valueNumeric="0" />
			<column name="group_id" />
			<column name="provisioning_status" />
			<column name="global" valueBoolean="true" />
		</insert>
		<insert tableName="asset">
			<column name="id" valueNumeric="7059" />
			<column name="identifier" value="8662382645" />
			<column name="create_datetime" valueDate="2014-10-22T23:18:02.502" />
			<column name="status_id" valueNumeric="10501" />
			<column name="entity_id" valueNumeric="1" />
			<column name="deleted" valueNumeric="0" />
			<column name="item_id" valueNumeric="320104" />
			<column name="order_line_id" />
			<column name="notes" value="Bulk Upload" />
			<column name="optlock" valueNumeric="0" />
			<column name="group_id" />
			<column name="provisioning_status" />
			<column name="global" valueBoolean="true" />
		</insert>
		<insert tableName="asset">
			<column name="id" valueNumeric="7060" />
			<column name="identifier" value="8662383202" />
			<column name="create_datetime" valueDate="2014-10-22T23:18:02.607" />
			<column name="status_id" valueNumeric="10501" />
			<column name="entity_id" valueNumeric="1" />
			<column name="deleted" valueNumeric="0" />
			<column name="item_id" valueNumeric="320104" />
			<column name="order_line_id" />
			<column name="notes" value="Bulk Upload" />
			<column name="optlock" valueNumeric="0" />
			<column name="group_id" />
			<column name="provisioning_status" />
			<column name="global" valueBoolean="true" />
		</insert>
		<insert tableName="asset">
			<column name="id" valueNumeric="7061" />
			<column name="identifier" value="8662386191" />
			<column name="create_datetime" valueDate="2014-10-22T23:18:02.617" />
			<column name="status_id" valueNumeric="10501" />
			<column name="entity_id" valueNumeric="1" />
			<column name="deleted" valueNumeric="0" />
			<column name="item_id" valueNumeric="320104" />
			<column name="order_line_id" />
			<column name="notes" value="Bulk Upload" />
			<column name="optlock" valueNumeric="0" />
			<column name="group_id" />
			<column name="provisioning_status" />
			<column name="global" valueBoolean="true" />
		</insert>
		<insert tableName="asset">
			<column name="id" valueNumeric="7062" />
			<column name="identifier" value="8662403284" />
			<column name="create_datetime" valueDate="2014-10-22T23:18:02.644" />
			<column name="status_id" valueNumeric="10501" />
			<column name="entity_id" valueNumeric="1" />
			<column name="deleted" valueNumeric="0" />
			<column name="item_id" valueNumeric="320104" />
			<column name="order_line_id" />
			<column name="notes" value="Bulk Upload" />
			<column name="optlock" valueNumeric="0" />
			<column name="group_id" />
			<column name="provisioning_status" />
			<column name="global" valueBoolean="true" />
		</insert>
		<insert tableName="asset">
			<column name="id" valueNumeric="7063" />
			<column name="identifier" value="8662405881" />
			<column name="create_datetime" valueDate="2014-10-22T23:18:02.663" />
			<column name="status_id" valueNumeric="10501" />
			<column name="entity_id" valueNumeric="1" />
			<column name="deleted" valueNumeric="0" />
			<column name="item_id" valueNumeric="320104" />
			<column name="order_line_id" />
			<column name="notes" value="Bulk Upload" />
			<column name="optlock" valueNumeric="0" />
			<column name="group_id" />
			<column name="provisioning_status" />
			<column name="global" valueBoolean="true" />
		</insert>
		<insert tableName="asset">
			<column name="id" valueNumeric="7064" />
			<column name="identifier" value="8662406276" />
			<column name="create_datetime" valueDate="2014-10-22T23:18:02.674" />
			<column name="status_id" valueNumeric="10501" />
			<column name="entity_id" valueNumeric="1" />
			<column name="deleted" valueNumeric="0" />
			<column name="item_id" valueNumeric="320104" />
			<column name="order_line_id" />
			<column name="notes" value="Bulk Upload" />
			<column name="optlock" valueNumeric="0" />
			<column name="group_id" />
			<column name="provisioning_status" />
			<column name="global" valueBoolean="true" />
		</insert>
		<insert tableName="asset">
			<column name="id" valueNumeric="7065" />
			<column name="identifier" value="8662406844" />
			<column name="create_datetime" valueDate="2014-10-22T23:18:02.681" />
			<column name="status_id" valueNumeric="10501" />
			<column name="entity_id" valueNumeric="1" />
			<column name="deleted" valueNumeric="0" />
			<column name="item_id" valueNumeric="320104" />
			<column name="order_line_id" />
			<column name="notes" value="Bulk Upload" />
			<column name="optlock" valueNumeric="0" />
			<column name="group_id" />
			<column name="provisioning_status" />
			<column name="global" valueBoolean="true" />
		</insert>
		<insert tableName="asset">
			<column name="id" valueNumeric="7066" />
			<column name="identifier" value="8662411603" />
			<column name="create_datetime" valueDate="2014-10-22T23:18:02.687" />
			<column name="status_id" valueNumeric="10501" />
			<column name="entity_id" valueNumeric="1" />
			<column name="deleted" valueNumeric="0" />
			<column name="item_id" valueNumeric="320104" />
			<column name="order_line_id" />
			<column name="notes" value="Bulk Upload" />
			<column name="optlock" valueNumeric="0" />
			<column name="group_id" />
			<column name="provisioning_status" />
			<column name="global" valueBoolean="true" />
		</insert>
		<insert tableName="asset">
			<column name="id" valueNumeric="7067" />
			<column name="identifier" value="8662411682" />
			<column name="create_datetime" valueDate="2014-10-22T23:18:02.734" />
			<column name="status_id" valueNumeric="10501" />
			<column name="entity_id" valueNumeric="1" />
			<column name="deleted" valueNumeric="0" />
			<column name="item_id" valueNumeric="320104" />
			<column name="order_line_id" />
			<column name="notes" value="Bulk Upload" />
			<column name="optlock" valueNumeric="0" />
			<column name="group_id" />
			<column name="provisioning_status" />
			<column name="global" valueBoolean="true" />
		</insert>
		<insert tableName="asset">
			<column name="id" valueNumeric="7068" />
			<column name="identifier" value="8662412546" />
			<column name="create_datetime" valueDate="2014-10-22T23:18:02.749" />
			<column name="status_id" valueNumeric="10501" />
			<column name="entity_id" valueNumeric="1" />
			<column name="deleted" valueNumeric="0" />
			<column name="item_id" valueNumeric="320104" />
			<column name="order_line_id" />
			<column name="notes" value="Bulk Upload" />
			<column name="optlock" valueNumeric="0" />
			<column name="group_id" />
			<column name="provisioning_status" />
			<column name="global" valueBoolean="true" />
		</insert>
		<insert tableName="asset">
			<column name="id" valueNumeric="7069" />
			<column name="identifier" value="8662413865" />
			<column name="create_datetime" valueDate="2014-10-22T23:18:02.773" />
			<column name="status_id" valueNumeric="10501" />
			<column name="entity_id" valueNumeric="1" />
			<column name="deleted" valueNumeric="0" />
			<column name="item_id" valueNumeric="320104" />
			<column name="order_line_id" />
			<column name="notes" value="Bulk Upload" />
			<column name="optlock" valueNumeric="0" />
			<column name="group_id" />
			<column name="provisioning_status" />
			<column name="global" valueBoolean="true" />
		</insert>
		<insert tableName="asset">
			<column name="id" valueNumeric="7070" />
			<column name="identifier" value="8662416920" />
			<column name="create_datetime" valueDate="2014-10-22T23:18:02.795" />
			<column name="status_id" valueNumeric="10501" />
			<column name="entity_id" valueNumeric="1" />
			<column name="deleted" valueNumeric="0" />
			<column name="item_id" valueNumeric="320104" />
			<column name="order_line_id" />
			<column name="notes" value="Bulk Upload" />
			<column name="optlock" valueNumeric="0" />
			<column name="group_id" />
			<column name="provisioning_status" />
			<column name="global" valueBoolean="true" />
		</insert>
		<insert tableName="asset">
			<column name="id" valueNumeric="7071" />
			<column name="identifier" value="8662422871" />
			<column name="create_datetime" valueDate="2014-10-22T23:18:02.801" />
			<column name="status_id" valueNumeric="10501" />
			<column name="entity_id" valueNumeric="1" />
			<column name="deleted" valueNumeric="0" />
			<column name="item_id" valueNumeric="320104" />
			<column name="order_line_id" />
			<column name="notes" value="Bulk Upload" />
			<column name="optlock" valueNumeric="0" />
			<column name="group_id" />
			<column name="provisioning_status" />
			<column name="global" valueBoolean="true" />
		</insert>
		<insert tableName="asset">
			<column name="id" valueNumeric="7072" />
			<column name="identifier" value="8662423988" />
			<column name="create_datetime" valueDate="2014-10-22T23:18:02.848" />
			<column name="status_id" valueNumeric="10501" />
			<column name="entity_id" valueNumeric="1" />
			<column name="deleted" valueNumeric="0" />
			<column name="item_id" valueNumeric="320104" />
			<column name="order_line_id" />
			<column name="notes" value="Bulk Upload" />
			<column name="optlock" valueNumeric="0" />
			<column name="group_id" />
			<column name="provisioning_status" />
			<column name="global" valueBoolean="true" />
		</insert>
		<insert tableName="asset">
			<column name="id" valueNumeric="7073" />
			<column name="identifier" value="8662425616" />
			<column name="create_datetime" valueDate="2014-10-22T23:18:02.874" />
			<column name="status_id" valueNumeric="10501" />
			<column name="entity_id" valueNumeric="1" />
			<column name="deleted" valueNumeric="0" />
			<column name="item_id" valueNumeric="320104" />
			<column name="order_line_id" />
			<column name="notes" value="Bulk Upload" />
			<column name="optlock" valueNumeric="0" />
			<column name="group_id" />
			<column name="provisioning_status" />
			<column name="global" valueBoolean="true" />
		</insert>
		<insert tableName="asset">
			<column name="id" valueNumeric="7074" />
			<column name="identifier" value="8662425630" />
			<column name="create_datetime" valueDate="2014-10-22T23:18:02.885" />
			<column name="status_id" valueNumeric="10501" />
			<column name="entity_id" valueNumeric="1" />
			<column name="deleted" valueNumeric="0" />
			<column name="item_id" valueNumeric="320104" />
			<column name="order_line_id" />
			<column name="notes" value="Bulk Upload" />
			<column name="optlock" valueNumeric="0" />
			<column name="group_id" />
			<column name="provisioning_status" />
			<column name="global" valueBoolean="true" />
		</insert>
		<insert tableName="asset">
			<column name="id" valueNumeric="7075" />
			<column name="identifier" value="8662428078" />
			<column name="create_datetime" valueDate="2014-10-22T23:18:02.899" />
			<column name="status_id" valueNumeric="10501" />
			<column name="entity_id" valueNumeric="1" />
			<column name="deleted" valueNumeric="0" />
			<column name="item_id" valueNumeric="320104" />
			<column name="order_line_id" />
			<column name="notes" value="Bulk Upload" />
			<column name="optlock" valueNumeric="0" />
			<column name="group_id" />
			<column name="provisioning_status" />
			<column name="global" valueBoolean="true" />
		</insert>
		<insert tableName="asset">
			<column name="id" valueNumeric="7076" />
			<column name="identifier" value="8662430268" />
			<column name="create_datetime" valueDate="2014-10-22T23:18:02.922" />
			<column name="status_id" valueNumeric="10501" />
			<column name="entity_id" valueNumeric="1" />
			<column name="deleted" valueNumeric="0" />
			<column name="item_id" valueNumeric="320104" />
			<column name="order_line_id" />
			<column name="notes" value="Bulk Upload" />
			<column name="optlock" valueNumeric="0" />
			<column name="group_id" />
			<column name="provisioning_status" />
			<column name="global" valueBoolean="true" />
		</insert>
		<insert tableName="asset">
			<column name="id" valueNumeric="7077" />
			<column name="identifier" value="8662432471" />
			<column name="create_datetime" valueDate="2014-10-22T23:18:02.929" />
			<column name="status_id" valueNumeric="10501" />
			<column name="entity_id" valueNumeric="1" />
			<column name="deleted" valueNumeric="0" />
			<column name="item_id" valueNumeric="320104" />
			<column name="order_line_id" />
			<column name="notes" value="Bulk Upload" />
			<column name="optlock" valueNumeric="0" />
			<column name="group_id" />
			<column name="provisioning_status" />
			<column name="global" valueBoolean="true" />
		</insert>
		<insert tableName="asset">
			<column name="id" valueNumeric="7078" />
			<column name="identifier" value="8662436512" />
			<column name="create_datetime" valueDate="2014-10-22T23:18:02.939" />
			<column name="status_id" valueNumeric="10501" />
			<column name="entity_id" valueNumeric="1" />
			<column name="deleted" valueNumeric="0" />
			<column name="item_id" valueNumeric="320104" />
			<column name="order_line_id" />
			<column name="notes" value="Bulk Upload" />
			<column name="optlock" valueNumeric="0" />
			<column name="group_id" />
			<column name="provisioning_status" />
			<column name="global" valueBoolean="true" />
		</insert>
		<insert tableName="asset">
			<column name="id" valueNumeric="7079" />
			<column name="identifier" value="8662451609" />
			<column name="create_datetime" valueDate="2014-10-22T23:18:03.107" />
			<column name="status_id" valueNumeric="10501" />
			<column name="entity_id" valueNumeric="1" />
			<column name="deleted" valueNumeric="0" />
			<column name="item_id" valueNumeric="320104" />
			<column name="order_line_id" />
			<column name="notes" value="Bulk Upload" />
			<column name="optlock" valueNumeric="0" />
			<column name="group_id" />
			<column name="provisioning_status" />
			<column name="global" valueBoolean="true" />
		</insert>
		<insert tableName="asset">
			<column name="id" valueNumeric="7080" />
			<column name="identifier" value="8662454185" />
			<column name="create_datetime" valueDate="2014-10-22T23:18:03.123" />
			<column name="status_id" valueNumeric="10501" />
			<column name="entity_id" valueNumeric="1" />
			<column name="deleted" valueNumeric="0" />
			<column name="item_id" valueNumeric="320104" />
			<column name="order_line_id" />
			<column name="notes" value="Bulk Upload" />
			<column name="optlock" valueNumeric="0" />
			<column name="group_id" />
			<column name="provisioning_status" />
			<column name="global" valueBoolean="true" />
		</insert>
		<insert tableName="asset">
			<column name="id" valueNumeric="7081" />
			<column name="identifier" value="8662455557" />
			<column name="create_datetime" valueDate="2014-10-22T23:18:03.129" />
			<column name="status_id" valueNumeric="10501" />
			<column name="entity_id" valueNumeric="1" />
			<column name="deleted" valueNumeric="0" />
			<column name="item_id" valueNumeric="320104" />
			<column name="order_line_id" />
			<column name="notes" value="Bulk Upload" />
			<column name="optlock" valueNumeric="0" />
			<column name="group_id" />
			<column name="provisioning_status" />
			<column name="global" valueBoolean="true" />
		</insert>
		<insert tableName="asset">
			<column name="id" valueNumeric="7082" />
			<column name="identifier" value="8662455857" />
			<column name="create_datetime" valueDate="2014-10-22T23:18:03.159" />
			<column name="status_id" valueNumeric="10501" />
			<column name="entity_id" valueNumeric="1" />
			<column name="deleted" valueNumeric="0" />
			<column name="item_id" valueNumeric="320104" />
			<column name="order_line_id" />
			<column name="notes" value="Bulk Upload" />
			<column name="optlock" valueNumeric="0" />
			<column name="group_id" />
			<column name="provisioning_status" />
			<column name="global" valueBoolean="true" />
		</insert>
		<insert tableName="asset">
			<column name="id" valueNumeric="7083" />
			<column name="identifier" value="8662460668" />
			<column name="create_datetime" valueDate="2014-10-22T23:18:03.177" />
			<column name="status_id" valueNumeric="10501" />
			<column name="entity_id" valueNumeric="1" />
			<column name="deleted" valueNumeric="0" />
			<column name="item_id" valueNumeric="320104" />
			<column name="order_line_id" />
			<column name="notes" value="Bulk Upload" />
			<column name="optlock" valueNumeric="0" />
			<column name="group_id" />
			<column name="provisioning_status" />
			<column name="global" valueBoolean="true" />
		</insert>
		<insert tableName="asset">
			<column name="id" valueNumeric="7084" />
			<column name="identifier" value="8662461731" />
			<column name="create_datetime" valueDate="2014-10-22T23:18:03.198" />
			<column name="status_id" valueNumeric="10501" />
			<column name="entity_id" valueNumeric="1" />
			<column name="deleted" valueNumeric="0" />
			<column name="item_id" valueNumeric="320104" />
			<column name="order_line_id" />
			<column name="notes" value="Bulk Upload" />
			<column name="optlock" valueNumeric="0" />
			<column name="group_id" />
			<column name="provisioning_status" />
			<column name="global" valueBoolean="true" />
		</insert>
		<insert tableName="asset">
			<column name="id" valueNumeric="7085" />
			<column name="identifier" value="8662469438" />
			<column name="create_datetime" valueDate="2014-10-22T23:18:03.209" />
			<column name="status_id" valueNumeric="10501" />
			<column name="entity_id" valueNumeric="1" />
			<column name="deleted" valueNumeric="0" />
			<column name="item_id" valueNumeric="320104" />
			<column name="order_line_id" />
			<column name="notes" value="Bulk Upload" />
			<column name="optlock" valueNumeric="0" />
			<column name="group_id" />
			<column name="provisioning_status" />
			<column name="global" valueBoolean="true" />
		</insert>
		<insert tableName="asset">
			<column name="id" valueNumeric="7086" />
			<column name="identifier" value="8662469818" />
			<column name="create_datetime" valueDate="2014-10-22T23:18:03.244" />
			<column name="status_id" valueNumeric="10501" />
			<column name="entity_id" valueNumeric="1" />
			<column name="deleted" valueNumeric="0" />
			<column name="item_id" valueNumeric="320104" />
			<column name="order_line_id" />
			<column name="notes" value="Bulk Upload" />
			<column name="optlock" valueNumeric="0" />
			<column name="group_id" />
			<column name="provisioning_status" />
			<column name="global" valueBoolean="true" />
		</insert>
		<insert tableName="asset">
			<column name="id" valueNumeric="7087" />
			<column name="identifier" value="8662481795" />
			<column name="create_datetime" valueDate="2014-10-22T23:18:03.251" />
			<column name="status_id" valueNumeric="10501" />
			<column name="entity_id" valueNumeric="1" />
			<column name="deleted" valueNumeric="0" />
			<column name="item_id" valueNumeric="320104" />
			<column name="order_line_id" />
			<column name="notes" value="Bulk Upload" />
			<column name="optlock" valueNumeric="0" />
			<column name="group_id" />
			<column name="provisioning_status" />
			<column name="global" valueBoolean="true" />
		</insert>
		<insert tableName="asset">
			<column name="id" valueNumeric="7088" />
			<column name="identifier" value="8662485753" />
			<column name="create_datetime" valueDate="2014-10-22T23:18:03.261" />
			<column name="status_id" valueNumeric="10501" />
			<column name="entity_id" valueNumeric="1" />
			<column name="deleted" valueNumeric="0" />
			<column name="item_id" valueNumeric="320104" />
			<column name="order_line_id" />
			<column name="notes" value="Bulk Upload" />
			<column name="optlock" valueNumeric="0" />
			<column name="group_id" />
			<column name="provisioning_status" />
			<column name="global" valueBoolean="true" />
		</insert>
		<insert tableName="asset">
			<column name="id" valueNumeric="7089" />
			<column name="identifier" value="8662486141" />
			<column name="create_datetime" valueDate="2014-10-22T23:18:03.318" />
			<column name="status_id" valueNumeric="10501" />
			<column name="entity_id" valueNumeric="1" />
			<column name="deleted" valueNumeric="0" />
			<column name="item_id" valueNumeric="320104" />
			<column name="order_line_id" />
			<column name="notes" value="Bulk Upload" />
			<column name="optlock" valueNumeric="0" />
			<column name="group_id" />
			<column name="provisioning_status" />
			<column name="global" valueBoolean="true" />
		</insert>
		<insert tableName="asset">
			<column name="id" valueNumeric="7090" />
			<column name="identifier" value="8662505073" />
			<column name="create_datetime" valueDate="2014-10-22T23:18:03.350" />
			<column name="status_id" valueNumeric="10501" />
			<column name="entity_id" valueNumeric="1" />
			<column name="deleted" valueNumeric="0" />
			<column name="item_id" valueNumeric="320104" />
			<column name="order_line_id" />
			<column name="notes" value="Bulk Upload" />
			<column name="optlock" valueNumeric="0" />
			<column name="group_id" />
			<column name="provisioning_status" />
			<column name="global" valueBoolean="true" />
		</insert>
		<insert tableName="asset">
			<column name="id" valueNumeric="7091" />
			<column name="identifier" value="8662507659" />
			<column name="create_datetime" valueDate="2014-10-22T23:18:03.357" />
			<column name="status_id" valueNumeric="10501" />
			<column name="entity_id" valueNumeric="1" />
			<column name="deleted" valueNumeric="0" />
			<column name="item_id" valueNumeric="320104" />
			<column name="order_line_id" />
			<column name="notes" value="Bulk Upload" />
			<column name="optlock" valueNumeric="0" />
			<column name="group_id" />
			<column name="provisioning_status" />
			<column name="global" valueBoolean="true" />
		</insert>
		<insert tableName="asset">
			<column name="id" valueNumeric="7092" />
			<column name="identifier" value="8662511829" />
			<column name="create_datetime" valueDate="2014-10-22T23:18:03.428" />
			<column name="status_id" valueNumeric="10501" />
			<column name="entity_id" valueNumeric="1" />
			<column name="deleted" valueNumeric="0" />
			<column name="item_id" valueNumeric="320104" />
			<column name="order_line_id" />
			<column name="notes" value="Bulk Upload" />
			<column name="optlock" valueNumeric="0" />
			<column name="group_id" />
			<column name="provisioning_status" />
			<column name="global" valueBoolean="true" />
		</insert>
		<insert tableName="asset">
			<column name="id" valueNumeric="7093" />
			<column name="identifier" value="8662512341" />
			<column name="create_datetime" valueDate="2014-10-22T23:18:03.435" />
			<column name="status_id" valueNumeric="10501" />
			<column name="entity_id" valueNumeric="1" />
			<column name="deleted" valueNumeric="0" />
			<column name="item_id" valueNumeric="320104" />
			<column name="order_line_id" />
			<column name="notes" value="Bulk Upload" />
			<column name="optlock" valueNumeric="0" />
			<column name="group_id" />
			<column name="provisioning_status" />
			<column name="global" valueBoolean="true" />
		</insert>
		<insert tableName="asset">
			<column name="id" valueNumeric="7094" />
			<column name="identifier" value="8662512728" />
			<column name="create_datetime" valueDate="2014-10-22T23:18:03.451" />
			<column name="status_id" valueNumeric="10501" />
			<column name="entity_id" valueNumeric="1" />
			<column name="deleted" valueNumeric="0" />
			<column name="item_id" valueNumeric="320104" />
			<column name="order_line_id" />
			<column name="notes" value="Bulk Upload" />
			<column name="optlock" valueNumeric="0" />
			<column name="group_id" />
			<column name="provisioning_status" />
			<column name="global" valueBoolean="true" />
		</insert>
		<insert tableName="asset">
			<column name="id" valueNumeric="7095" />
			<column name="identifier" value="8662513724" />
			<column name="create_datetime" valueDate="2014-10-22T23:18:03.465" />
			<column name="status_id" valueNumeric="10501" />
			<column name="entity_id" valueNumeric="1" />
			<column name="deleted" valueNumeric="0" />
			<column name="item_id" valueNumeric="320104" />
			<column name="order_line_id" />
			<column name="notes" value="Bulk Upload" />
			<column name="optlock" valueNumeric="0" />
			<column name="group_id" />
			<column name="provisioning_status" />
			<column name="global" valueBoolean="true" />
		</insert>
		<insert tableName="asset">
			<column name="id" valueNumeric="7096" />
			<column name="identifier" value="8662513836" />
			<column name="create_datetime" valueDate="2014-10-22T23:18:03.473" />
			<column name="status_id" valueNumeric="10501" />
			<column name="entity_id" valueNumeric="1" />
			<column name="deleted" valueNumeric="0" />
			<column name="item_id" valueNumeric="320104" />
			<column name="order_line_id" />
			<column name="notes" value="Bulk Upload" />
			<column name="optlock" valueNumeric="0" />
			<column name="group_id" />
			<column name="provisioning_status" />
			<column name="global" valueBoolean="true" />
		</insert>
		<insert tableName="asset">
			<column name="id" valueNumeric="7097" />
			<column name="identifier" value="8662515911" />
			<column name="create_datetime" valueDate="2014-10-22T23:18:03.482" />
			<column name="status_id" valueNumeric="10501" />
			<column name="entity_id" valueNumeric="1" />
			<column name="deleted" valueNumeric="0" />
			<column name="item_id" valueNumeric="320104" />
			<column name="order_line_id" />
			<column name="notes" value="Bulk Upload" />
			<column name="optlock" valueNumeric="0" />
			<column name="group_id" />
			<column name="provisioning_status" />
			<column name="global" valueBoolean="true" />
		</insert>
		<insert tableName="asset">
			<column name="id" valueNumeric="7098" />
			<column name="identifier" value="8662516675" />
			<column name="create_datetime" valueDate="2014-10-22T23:18:03.493" />
			<column name="status_id" valueNumeric="10501" />
			<column name="entity_id" valueNumeric="1" />
			<column name="deleted" valueNumeric="0" />
			<column name="item_id" valueNumeric="320104" />
			<column name="order_line_id" />
			<column name="notes" value="Bulk Upload" />
			<column name="optlock" valueNumeric="0" />
			<column name="group_id" />
			<column name="provisioning_status" />
			<column name="global" valueBoolean="true" />
		</insert>
		<insert tableName="asset">
			<column name="id" valueNumeric="7099" />
			<column name="identifier" value="8662517980" />
			<column name="create_datetime" valueDate="2014-10-22T23:18:03.606" />
			<column name="status_id" valueNumeric="10501" />
			<column name="entity_id" valueNumeric="1" />
			<column name="deleted" valueNumeric="0" />
			<column name="item_id" valueNumeric="320104" />
			<column name="order_line_id" />
			<column name="notes" value="Bulk Upload" />
			<column name="optlock" valueNumeric="0" />
			<column name="group_id" />
			<column name="provisioning_status" />
			<column name="global" valueBoolean="true" />
		</insert>
		<insert tableName="asset">
			<column name="id" valueNumeric="7100" />
			<column name="identifier" value="8662519385" />
			<column name="create_datetime" valueDate="2014-10-22T23:18:03.645" />
			<column name="status_id" valueNumeric="10501" />
			<column name="entity_id" valueNumeric="1" />
			<column name="deleted" valueNumeric="0" />
			<column name="item_id" valueNumeric="320104" />
			<column name="order_line_id" />
			<column name="notes" value="Bulk Upload" />
			<column name="optlock" valueNumeric="0" />
			<column name="group_id" />
			<column name="provisioning_status" />
			<column name="global" valueBoolean="true" />
		</insert>
		<insert tableName="asset">
			<column name="id" valueNumeric="7101" />
			<column name="identifier" value="8662522893" />
			<column name="create_datetime" valueDate="2014-10-22T23:18:03.658" />
			<column name="status_id" valueNumeric="10501" />
			<column name="entity_id" valueNumeric="1" />
			<column name="deleted" valueNumeric="0" />
			<column name="item_id" valueNumeric="320104" />
			<column name="order_line_id" />
			<column name="notes" value="Bulk Upload" />
			<column name="optlock" valueNumeric="0" />
			<column name="group_id" />
			<column name="provisioning_status" />
			<column name="global" valueBoolean="true" />
		</insert>
		<insert tableName="asset">
			<column name="id" valueNumeric="7102" />
			<column name="identifier" value="8662523312" />
			<column name="create_datetime" valueDate="2014-10-22T23:18:03.668" />
			<column name="status_id" valueNumeric="10501" />
			<column name="entity_id" valueNumeric="1" />
			<column name="deleted" valueNumeric="0" />
			<column name="item_id" valueNumeric="320104" />
			<column name="order_line_id" />
			<column name="notes" value="Bulk Upload" />
			<column name="optlock" valueNumeric="0" />
			<column name="group_id" />
			<column name="provisioning_status" />
			<column name="global" valueBoolean="true" />
		</insert>
		<insert tableName="asset">
			<column name="id" valueNumeric="7103" />
			<column name="identifier" value="8662524082" />
			<column name="create_datetime" valueDate="2014-10-22T23:18:03.675" />
			<column name="status_id" valueNumeric="10501" />
			<column name="entity_id" valueNumeric="1" />
			<column name="deleted" valueNumeric="0" />
			<column name="item_id" valueNumeric="320104" />
			<column name="order_line_id" />
			<column name="notes" value="Bulk Upload" />
			<column name="optlock" valueNumeric="0" />
			<column name="group_id" />
			<column name="provisioning_status" />
			<column name="global" valueBoolean="true" />
		</insert>
		<insert tableName="asset">
			<column name="id" valueNumeric="7104" />
			<column name="identifier" value="8662529480" />
			<column name="create_datetime" valueDate="2014-10-22T23:18:03.681" />
			<column name="status_id" valueNumeric="10501" />
			<column name="entity_id" valueNumeric="1" />
			<column name="deleted" valueNumeric="0" />
			<column name="item_id" valueNumeric="320104" />
			<column name="order_line_id" />
			<column name="notes" value="Bulk Upload" />
			<column name="optlock" valueNumeric="0" />
			<column name="group_id" />
			<column name="provisioning_status" />
			<column name="global" valueBoolean="true" />
		</insert>
		<insert tableName="asset">
			<column name="id" valueNumeric="7105" />
			<column name="identifier" value="8662530442" />
			<column name="create_datetime" valueDate="2014-10-22T23:18:03.687" />
			<column name="status_id" valueNumeric="10501" />
			<column name="entity_id" valueNumeric="1" />
			<column name="deleted" valueNumeric="0" />
			<column name="item_id" valueNumeric="320104" />
			<column name="order_line_id" />
			<column name="notes" value="Bulk Upload" />
			<column name="optlock" valueNumeric="0" />
			<column name="group_id" />
			<column name="provisioning_status" />
			<column name="global" valueBoolean="true" />
		</insert>
		<insert tableName="asset">
			<column name="id" valueNumeric="7106" />
			<column name="identifier" value="8662535382" />
			<column name="create_datetime" valueDate="2014-10-22T23:18:03.706" />
			<column name="status_id" valueNumeric="10501" />
			<column name="entity_id" valueNumeric="1" />
			<column name="deleted" valueNumeric="0" />
			<column name="item_id" valueNumeric="320104" />
			<column name="order_line_id" />
			<column name="notes" value="Bulk Upload" />
			<column name="optlock" valueNumeric="0" />
			<column name="group_id" />
			<column name="provisioning_status" />
			<column name="global" valueBoolean="true" />
		</insert>
		<insert tableName="asset">
			<column name="id" valueNumeric="7107" />
			<column name="identifier" value="8662539733" />
			<column name="create_datetime" valueDate="2014-10-22T23:18:03.712" />
			<column name="status_id" valueNumeric="10501" />
			<column name="entity_id" valueNumeric="1" />
			<column name="deleted" valueNumeric="0" />
			<column name="item_id" valueNumeric="320104" />
			<column name="order_line_id" />
			<column name="notes" value="Bulk Upload" />
			<column name="optlock" valueNumeric="0" />
			<column name="group_id" />
			<column name="provisioning_status" />
			<column name="global" valueBoolean="true" />
		</insert>
		<insert tableName="asset">
			<column name="id" valueNumeric="7108" />
			<column name="identifier" value="8662540745" />
			<column name="create_datetime" valueDate="2014-10-22T23:18:03.770" />
			<column name="status_id" valueNumeric="10501" />
			<column name="entity_id" valueNumeric="1" />
			<column name="deleted" valueNumeric="0" />
			<column name="item_id" valueNumeric="320104" />
			<column name="order_line_id" />
			<column name="notes" value="Bulk Upload" />
			<column name="optlock" valueNumeric="0" />
			<column name="group_id" />
			<column name="provisioning_status" />
			<column name="global" valueBoolean="true" />
		</insert>
		<insert tableName="asset">
			<column name="id" valueNumeric="7109" />
			<column name="identifier" value="8662550853" />
			<column name="create_datetime" valueDate="2014-10-22T23:18:03.810" />
			<column name="status_id" valueNumeric="10501" />
			<column name="entity_id" valueNumeric="1" />
			<column name="deleted" valueNumeric="0" />
			<column name="item_id" valueNumeric="320104" />
			<column name="order_line_id" />
			<column name="notes" value="Bulk Upload" />
			<column name="optlock" valueNumeric="0" />
			<column name="group_id" />
			<column name="provisioning_status" />
			<column name="global" valueBoolean="true" />
		</insert>
		<insert tableName="asset">
			<column name="id" valueNumeric="7110" />
			<column name="identifier" value="8662556815" />
			<column name="create_datetime" valueDate="2014-10-22T23:18:03.826" />
			<column name="status_id" valueNumeric="10501" />
			<column name="entity_id" valueNumeric="1" />
			<column name="deleted" valueNumeric="0" />
			<column name="item_id" valueNumeric="320104" />
			<column name="order_line_id" />
			<column name="notes" value="Bulk Upload" />
			<column name="optlock" valueNumeric="0" />
			<column name="group_id" />
			<column name="provisioning_status" />
			<column name="global" valueBoolean="true" />
		</insert>
		<insert tableName="asset">
			<column name="id" valueNumeric="7111" />
			<column name="identifier" value="8662556818" />
			<column name="create_datetime" valueDate="2014-10-22T23:18:03.861" />
			<column name="status_id" valueNumeric="10501" />
			<column name="entity_id" valueNumeric="1" />
			<column name="deleted" valueNumeric="0" />
			<column name="item_id" valueNumeric="320104" />
			<column name="order_line_id" />
			<column name="notes" value="Bulk Upload" />
			<column name="optlock" valueNumeric="0" />
			<column name="group_id" />
			<column name="provisioning_status" />
			<column name="global" valueBoolean="true" />
		</insert>
		<insert tableName="asset">
			<column name="id" valueNumeric="7112" />
			<column name="identifier" value="8662561277" />
			<column name="create_datetime" valueDate="2014-10-22T23:18:03.869" />
			<column name="status_id" valueNumeric="10501" />
			<column name="entity_id" valueNumeric="1" />
			<column name="deleted" valueNumeric="0" />
			<column name="item_id" valueNumeric="320104" />
			<column name="order_line_id" />
			<column name="notes" value="Bulk Upload" />
			<column name="optlock" valueNumeric="0" />
			<column name="group_id" />
			<column name="provisioning_status" />
			<column name="global" valueBoolean="true" />
		</insert>
		<insert tableName="asset">
			<column name="id" valueNumeric="7113" />
			<column name="identifier" value="8662561487" />
			<column name="create_datetime" valueDate="2014-10-22T23:18:03.971" />
			<column name="status_id" valueNumeric="10501" />
			<column name="entity_id" valueNumeric="1" />
			<column name="deleted" valueNumeric="0" />
			<column name="item_id" valueNumeric="320104" />
			<column name="order_line_id" />
			<column name="notes" value="Bulk Upload" />
			<column name="optlock" valueNumeric="0" />
			<column name="group_id" />
			<column name="provisioning_status" />
			<column name="global" valueBoolean="true" />
		</insert>
		<insert tableName="asset">
			<column name="id" valueNumeric="7114" />
			<column name="identifier" value="8662569621" />
			<column name="create_datetime" valueDate="2014-10-22T23:18:03.983" />
			<column name="status_id" valueNumeric="10501" />
			<column name="entity_id" valueNumeric="1" />
			<column name="deleted" valueNumeric="0" />
			<column name="item_id" valueNumeric="320104" />
			<column name="order_line_id" />
			<column name="notes" value="Bulk Upload" />
			<column name="optlock" valueNumeric="0" />
			<column name="group_id" />
			<column name="provisioning_status" />
			<column name="global" valueBoolean="true" />
		</insert>
		<insert tableName="asset">
			<column name="id" valueNumeric="7115" />
			<column name="identifier" value="8662573614" />
			<column name="create_datetime" valueDate="2014-10-22T23:18:03.989" />
			<column name="status_id" valueNumeric="10501" />
			<column name="entity_id" valueNumeric="1" />
			<column name="deleted" valueNumeric="0" />
			<column name="item_id" valueNumeric="320104" />
			<column name="order_line_id" />
			<column name="notes" value="Bulk Upload" />
			<column name="optlock" valueNumeric="0" />
			<column name="group_id" />
			<column name="provisioning_status" />
			<column name="global" valueBoolean="true" />
		</insert>
		<insert tableName="asset">
			<column name="id" valueNumeric="7116" />
			<column name="identifier" value="8662574193" />
			<column name="create_datetime" valueDate="2014-10-22T23:18:04.107" />
			<column name="status_id" valueNumeric="10501" />
			<column name="entity_id" valueNumeric="1" />
			<column name="deleted" valueNumeric="0" />
			<column name="item_id" valueNumeric="320104" />
			<column name="order_line_id" />
			<column name="notes" value="Bulk Upload" />
			<column name="optlock" valueNumeric="0" />
			<column name="group_id" />
			<column name="provisioning_status" />
			<column name="global" valueBoolean="true" />
		</insert>
		<insert tableName="asset">
			<column name="id" valueNumeric="7117" />
			<column name="identifier" value="8662587160" />
			<column name="create_datetime" valueDate="2014-10-22T23:18:04.122" />
			<column name="status_id" valueNumeric="10501" />
			<column name="entity_id" valueNumeric="1" />
			<column name="deleted" valueNumeric="0" />
			<column name="item_id" valueNumeric="320104" />
			<column name="order_line_id" />
			<column name="notes" value="Bulk Upload" />
			<column name="optlock" valueNumeric="0" />
			<column name="group_id" />
			<column name="provisioning_status" />
			<column name="global" valueBoolean="true" />
		</insert>
		<insert tableName="asset">
			<column name="id" valueNumeric="7118" />
			<column name="identifier" value="8662590341" />
			<column name="create_datetime" valueDate="2014-10-22T23:18:04.144" />
			<column name="status_id" valueNumeric="10501" />
			<column name="entity_id" valueNumeric="1" />
			<column name="deleted" valueNumeric="0" />
			<column name="item_id" valueNumeric="320104" />
			<column name="order_line_id" />
			<column name="notes" value="Bulk Upload" />
			<column name="optlock" valueNumeric="0" />
			<column name="group_id" />
			<column name="provisioning_status" />
			<column name="global" valueBoolean="true" />
		</insert>
		<insert tableName="asset">
			<column name="id" valueNumeric="7119" />
			<column name="identifier" value="8662596483" />
			<column name="create_datetime" valueDate="2014-10-22T23:18:04.278" />
			<column name="status_id" valueNumeric="10501" />
			<column name="entity_id" valueNumeric="1" />
			<column name="deleted" valueNumeric="0" />
			<column name="item_id" valueNumeric="320104" />
			<column name="order_line_id" />
			<column name="notes" value="Bulk Upload" />
			<column name="optlock" valueNumeric="0" />
			<column name="group_id" />
			<column name="provisioning_status" />
			<column name="global" valueBoolean="true" />
		</insert>
		<insert tableName="asset">
			<column name="id" valueNumeric="7120" />
			<column name="identifier" value="8662608660" />
			<column name="create_datetime" valueDate="2014-10-22T23:18:04.284" />
			<column name="status_id" valueNumeric="10501" />
			<column name="entity_id" valueNumeric="1" />
			<column name="deleted" valueNumeric="0" />
			<column name="item_id" valueNumeric="320104" />
			<column name="order_line_id" />
			<column name="notes" value="Bulk Upload" />
			<column name="optlock" valueNumeric="0" />
			<column name="group_id" />
			<column name="provisioning_status" />
			<column name="global" valueBoolean="true" />
		</insert>
		<insert tableName="asset">
			<column name="id" valueNumeric="7121" />
			<column name="identifier" value="8662612158" />
			<column name="create_datetime" valueDate="2014-10-22T23:18:04.315" />
			<column name="status_id" valueNumeric="10501" />
			<column name="entity_id" valueNumeric="1" />
			<column name="deleted" valueNumeric="0" />
			<column name="item_id" valueNumeric="320104" />
			<column name="order_line_id" />
			<column name="notes" value="Bulk Upload" />
			<column name="optlock" valueNumeric="0" />
			<column name="group_id" />
			<column name="provisioning_status" />
			<column name="global" valueBoolean="true" />
		</insert>
		<insert tableName="asset">
			<column name="id" valueNumeric="7122" />
			<column name="identifier" value="8662613503" />
			<column name="create_datetime" valueDate="2014-10-22T23:18:04.321" />
			<column name="status_id" valueNumeric="10501" />
			<column name="entity_id" valueNumeric="1" />
			<column name="deleted" valueNumeric="0" />
			<column name="item_id" valueNumeric="320104" />
			<column name="order_line_id" />
			<column name="notes" value="Bulk Upload" />
			<column name="optlock" valueNumeric="0" />
			<column name="group_id" />
			<column name="provisioning_status" />
			<column name="global" valueBoolean="true" />
		</insert>
		<insert tableName="asset">
			<column name="id" valueNumeric="7123" />
			<column name="identifier" value="8662615451" />
			<column name="create_datetime" valueDate="2014-10-22T23:18:04.331" />
			<column name="status_id" valueNumeric="10501" />
			<column name="entity_id" valueNumeric="1" />
			<column name="deleted" valueNumeric="0" />
			<column name="item_id" valueNumeric="320104" />
			<column name="order_line_id" />
			<column name="notes" value="Bulk Upload" />
			<column name="optlock" valueNumeric="0" />
			<column name="group_id" />
			<column name="provisioning_status" />
			<column name="global" valueBoolean="true" />
		</insert>
		<insert tableName="asset">
			<column name="id" valueNumeric="7124" />
			<column name="identifier" value="8662616434" />
			<column name="create_datetime" valueDate="2014-10-22T23:18:04.358" />
			<column name="status_id" valueNumeric="10501" />
			<column name="entity_id" valueNumeric="1" />
			<column name="deleted" valueNumeric="0" />
			<column name="item_id" valueNumeric="320104" />
			<column name="order_line_id" />
			<column name="notes" value="Bulk Upload" />
			<column name="optlock" valueNumeric="0" />
			<column name="group_id" />
			<column name="provisioning_status" />
			<column name="global" valueBoolean="true" />
		</insert>
		<insert tableName="asset">
			<column name="id" valueNumeric="7125" />
			<column name="identifier" value="8662620518" />
			<column name="create_datetime" valueDate="2014-10-22T23:18:04.393" />
			<column name="status_id" valueNumeric="10501" />
			<column name="entity_id" valueNumeric="1" />
			<column name="deleted" valueNumeric="0" />
			<column name="item_id" valueNumeric="320104" />
			<column name="order_line_id" />
			<column name="notes" value="Bulk Upload" />
			<column name="optlock" valueNumeric="0" />
			<column name="group_id" />
			<column name="provisioning_status" />
			<column name="global" valueBoolean="true" />
		</insert>
		<insert tableName="asset">
			<column name="id" valueNumeric="7126" />
			<column name="identifier" value="8662621512" />
			<column name="create_datetime" valueDate="2014-10-22T23:18:04.401" />
			<column name="status_id" valueNumeric="10501" />
			<column name="entity_id" valueNumeric="1" />
			<column name="deleted" valueNumeric="0" />
			<column name="item_id" valueNumeric="320104" />
			<column name="order_line_id" />
			<column name="notes" value="Bulk Upload" />
			<column name="optlock" valueNumeric="0" />
			<column name="group_id" />
			<column name="provisioning_status" />
			<column name="global" valueBoolean="true" />
		</insert>
		<insert tableName="asset">
			<column name="id" valueNumeric="7127" />
			<column name="identifier" value="8662624268" />
			<column name="create_datetime" valueDate="2014-10-22T23:18:04.417" />
			<column name="status_id" valueNumeric="10501" />
			<column name="entity_id" valueNumeric="1" />
			<column name="deleted" valueNumeric="0" />
			<column name="item_id" valueNumeric="320104" />
			<column name="order_line_id" />
			<column name="notes" value="Bulk Upload" />
			<column name="optlock" valueNumeric="0" />
			<column name="group_id" />
			<column name="provisioning_status" />
			<column name="global" valueBoolean="true" />
		</insert>
		<insert tableName="asset">
			<column name="id" valueNumeric="7128" />
			<column name="identifier" value="8662634483" />
			<column name="create_datetime" valueDate="2014-10-22T23:18:04.429" />
			<column name="status_id" valueNumeric="10501" />
			<column name="entity_id" valueNumeric="1" />
			<column name="deleted" valueNumeric="0" />
			<column name="item_id" valueNumeric="320104" />
			<column name="order_line_id" />
			<column name="notes" value="Bulk Upload" />
			<column name="optlock" valueNumeric="0" />
			<column name="group_id" />
			<column name="provisioning_status" />
			<column name="global" valueBoolean="true" />
		</insert>
		<insert tableName="asset">
			<column name="id" valueNumeric="7129" />
			<column name="identifier" value="8662636372" />
			<column name="create_datetime" valueDate="2014-10-22T23:18:04.532" />
			<column name="status_id" valueNumeric="10501" />
			<column name="entity_id" valueNumeric="1" />
			<column name="deleted" valueNumeric="0" />
			<column name="item_id" valueNumeric="320104" />
			<column name="order_line_id" />
			<column name="notes" value="Bulk Upload" />
			<column name="optlock" valueNumeric="0" />
			<column name="group_id" />
			<column name="provisioning_status" />
			<column name="global" valueBoolean="true" />
		</insert>
		<insert tableName="asset">
			<column name="id" valueNumeric="7130" />
			<column name="identifier" value="8662638347" />
			<column name="create_datetime" valueDate="2014-10-22T23:18:04.559" />
			<column name="status_id" valueNumeric="10501" />
			<column name="entity_id" valueNumeric="1" />
			<column name="deleted" valueNumeric="0" />
			<column name="item_id" valueNumeric="320104" />
			<column name="order_line_id" />
			<column name="notes" value="Bulk Upload" />
			<column name="optlock" valueNumeric="0" />
			<column name="group_id" />
			<column name="provisioning_status" />
			<column name="global" valueBoolean="true" />
		</insert>
		<insert tableName="asset">
			<column name="id" valueNumeric="7131" />
			<column name="identifier" value="8662640109" />
			<column name="create_datetime" valueDate="2014-10-22T23:18:04.581" />
			<column name="status_id" valueNumeric="10501" />
			<column name="entity_id" valueNumeric="1" />
			<column name="deleted" valueNumeric="0" />
			<column name="item_id" valueNumeric="320104" />
			<column name="order_line_id" />
			<column name="notes" value="Bulk Upload" />
			<column name="optlock" valueNumeric="0" />
			<column name="group_id" />
			<column name="provisioning_status" />
			<column name="global" valueBoolean="true" />
		</insert>
		<insert tableName="asset">
			<column name="id" valueNumeric="7132" />
			<column name="identifier" value="8662648878" />
			<column name="create_datetime" valueDate="2014-10-22T23:18:04.660" />
			<column name="status_id" valueNumeric="10501" />
			<column name="entity_id" valueNumeric="1" />
			<column name="deleted" valueNumeric="0" />
			<column name="item_id" valueNumeric="320104" />
			<column name="order_line_id" />
			<column name="notes" value="Bulk Upload" />
			<column name="optlock" valueNumeric="0" />
			<column name="group_id" />
			<column name="provisioning_status" />
			<column name="global" valueBoolean="true" />
		</insert>
		<insert tableName="asset">
			<column name="id" valueNumeric="7133" />
			<column name="identifier" value="8662650581" />
			<column name="create_datetime" valueDate="2014-10-22T23:18:04.688" />
			<column name="status_id" valueNumeric="10501" />
			<column name="entity_id" valueNumeric="1" />
			<column name="deleted" valueNumeric="0" />
			<column name="item_id" valueNumeric="320104" />
			<column name="order_line_id" />
			<column name="notes" value="Bulk Upload" />
			<column name="optlock" valueNumeric="0" />
			<column name="group_id" />
			<column name="provisioning_status" />
			<column name="global" valueBoolean="true" />
		</insert>
		<insert tableName="asset">
			<column name="id" valueNumeric="7134" />
			<column name="identifier" value="8662651467" />
			<column name="create_datetime" valueDate="2014-10-22T23:18:04.701" />
			<column name="status_id" valueNumeric="10501" />
			<column name="entity_id" valueNumeric="1" />
			<column name="deleted" valueNumeric="0" />
			<column name="item_id" valueNumeric="320104" />
			<column name="order_line_id" />
			<column name="notes" value="Bulk Upload" />
			<column name="optlock" valueNumeric="0" />
			<column name="group_id" />
			<column name="provisioning_status" />
			<column name="global" valueBoolean="true" />
		</insert>
		<insert tableName="asset">
			<column name="id" valueNumeric="7135" />
			<column name="identifier" value="8662651494" />
			<column name="create_datetime" valueDate="2014-10-22T23:18:04.707" />
			<column name="status_id" valueNumeric="10501" />
			<column name="entity_id" valueNumeric="1" />
			<column name="deleted" valueNumeric="0" />
			<column name="item_id" valueNumeric="320104" />
			<column name="order_line_id" />
			<column name="notes" value="Bulk Upload" />
			<column name="optlock" valueNumeric="0" />
			<column name="group_id" />
			<column name="provisioning_status" />
			<column name="global" valueBoolean="true" />
		</insert>
		<insert tableName="asset">
			<column name="id" valueNumeric="7136" />
			<column name="identifier" value="8662651505" />
			<column name="create_datetime" valueDate="2014-10-22T23:18:04.717" />
			<column name="status_id" valueNumeric="10501" />
			<column name="entity_id" valueNumeric="1" />
			<column name="deleted" valueNumeric="0" />
			<column name="item_id" valueNumeric="320104" />
			<column name="order_line_id" />
			<column name="notes" value="Bulk Upload" />
			<column name="optlock" valueNumeric="0" />
			<column name="group_id" />
			<column name="provisioning_status" />
			<column name="global" valueBoolean="true" />
		</insert>
		<insert tableName="asset">
			<column name="id" valueNumeric="7137" />
			<column name="identifier" value="8662652570" />
			<column name="create_datetime" valueDate="2014-10-22T23:18:04.736" />
			<column name="status_id" valueNumeric="10501" />
			<column name="entity_id" valueNumeric="1" />
			<column name="deleted" valueNumeric="0" />
			<column name="item_id" valueNumeric="320104" />
			<column name="order_line_id" />
			<column name="notes" value="Bulk Upload" />
			<column name="optlock" valueNumeric="0" />
			<column name="group_id" />
			<column name="provisioning_status" />
			<column name="global" valueBoolean="true" />
		</insert>
		<insert tableName="asset">
			<column name="id" valueNumeric="7138" />
			<column name="identifier" value="8662654579" />
			<column name="create_datetime" valueDate="2014-10-22T23:18:04.742" />
			<column name="status_id" valueNumeric="10501" />
			<column name="entity_id" valueNumeric="1" />
			<column name="deleted" valueNumeric="0" />
			<column name="item_id" valueNumeric="320104" />
			<column name="order_line_id" />
			<column name="notes" value="Bulk Upload" />
			<column name="optlock" valueNumeric="0" />
			<column name="group_id" />
			<column name="provisioning_status" />
			<column name="global" valueBoolean="true" />
		</insert>
		<insert tableName="asset">
			<column name="id" valueNumeric="7139" />
			<column name="identifier" value="8662656333" />
			<column name="create_datetime" valueDate="2014-10-22T23:18:04.748" />
			<column name="status_id" valueNumeric="10501" />
			<column name="entity_id" valueNumeric="1" />
			<column name="deleted" valueNumeric="0" />
			<column name="item_id" valueNumeric="320104" />
			<column name="order_line_id" />
			<column name="notes" value="Bulk Upload" />
			<column name="optlock" valueNumeric="0" />
			<column name="group_id" />
			<column name="provisioning_status" />
			<column name="global" valueBoolean="true" />
		</insert>
		<insert tableName="asset">
			<column name="id" valueNumeric="7140" />
			<column name="identifier" value="8662661550" />
			<column name="create_datetime" valueDate="2014-10-22T23:18:04.754" />
			<column name="status_id" valueNumeric="10501" />
			<column name="entity_id" valueNumeric="1" />
			<column name="deleted" valueNumeric="0" />
			<column name="item_id" valueNumeric="320104" />
			<column name="order_line_id" />
			<column name="notes" value="Bulk Upload" />
			<column name="optlock" valueNumeric="0" />
			<column name="group_id" />
			<column name="provisioning_status" />
			<column name="global" valueBoolean="true" />
		</insert>
		<insert tableName="asset">
			<column name="id" valueNumeric="7141" />
			<column name="identifier" value="8662665427" />
			<column name="create_datetime" valueDate="2014-10-22T23:18:04.760" />
			<column name="status_id" valueNumeric="10501" />
			<column name="entity_id" valueNumeric="1" />
			<column name="deleted" valueNumeric="0" />
			<column name="item_id" valueNumeric="320104" />
			<column name="order_line_id" />
			<column name="notes" value="Bulk Upload" />
			<column name="optlock" valueNumeric="0" />
			<column name="group_id" />
			<column name="provisioning_status" />
			<column name="global" valueBoolean="true" />
		</insert>
		<insert tableName="asset">
			<column name="id" valueNumeric="7142" />
			<column name="identifier" value="8662666823" />
			<column name="create_datetime" valueDate="2014-10-22T23:18:04.794" />
			<column name="status_id" valueNumeric="10501" />
			<column name="entity_id" valueNumeric="1" />
			<column name="deleted" valueNumeric="0" />
			<column name="item_id" valueNumeric="320104" />
			<column name="order_line_id" />
			<column name="notes" value="Bulk Upload" />
			<column name="optlock" valueNumeric="0" />
			<column name="group_id" />
			<column name="provisioning_status" />
			<column name="global" valueBoolean="true" />
		</insert>
		<insert tableName="asset">
			<column name="id" valueNumeric="7143" />
			<column name="identifier" value="8662671068" />
			<column name="create_datetime" valueDate="2014-10-22T23:18:04.810" />
			<column name="status_id" valueNumeric="10501" />
			<column name="entity_id" valueNumeric="1" />
			<column name="deleted" valueNumeric="0" />
			<column name="item_id" valueNumeric="320104" />
			<column name="order_line_id" />
			<column name="notes" value="Bulk Upload" />
			<column name="optlock" valueNumeric="0" />
			<column name="group_id" />
			<column name="provisioning_status" />
			<column name="global" valueBoolean="true" />
		</insert>
		<insert tableName="asset">
			<column name="id" valueNumeric="7144" />
			<column name="identifier" value="8662672991" />
			<column name="create_datetime" valueDate="2014-10-22T23:18:04.816" />
			<column name="status_id" valueNumeric="10501" />
			<column name="entity_id" valueNumeric="1" />
			<column name="deleted" valueNumeric="0" />
			<column name="item_id" valueNumeric="320104" />
			<column name="order_line_id" />
			<column name="notes" value="Bulk Upload" />
			<column name="optlock" valueNumeric="0" />
			<column name="group_id" />
			<column name="provisioning_status" />
			<column name="global" valueBoolean="true" />
		</insert>
		<insert tableName="asset">
			<column name="id" valueNumeric="7145" />
			<column name="identifier" value="8662676113" />
			<column name="create_datetime" valueDate="2014-10-22T23:18:04.859" />
			<column name="status_id" valueNumeric="10501" />
			<column name="entity_id" valueNumeric="1" />
			<column name="deleted" valueNumeric="0" />
			<column name="item_id" valueNumeric="320104" />
			<column name="order_line_id" />
			<column name="notes" value="Bulk Upload" />
			<column name="optlock" valueNumeric="0" />
			<column name="group_id" />
			<column name="provisioning_status" />
			<column name="global" valueBoolean="true" />
		</insert>
		<insert tableName="asset">
			<column name="id" valueNumeric="7146" />
			<column name="identifier" value="8662679905" />
			<column name="create_datetime" valueDate="2014-10-22T23:18:04.885" />
			<column name="status_id" valueNumeric="10501" />
			<column name="entity_id" valueNumeric="1" />
			<column name="deleted" valueNumeric="0" />
			<column name="item_id" valueNumeric="320104" />
			<column name="order_line_id" />
			<column name="notes" value="Bulk Upload" />
			<column name="optlock" valueNumeric="0" />
			<column name="group_id" />
			<column name="provisioning_status" />
			<column name="global" valueBoolean="true" />
		</insert>
		<insert tableName="asset">
			<column name="id" valueNumeric="7147" />
			<column name="identifier" value="8662681975" />
			<column name="create_datetime" valueDate="2014-10-22T23:18:04.912" />
			<column name="status_id" valueNumeric="10501" />
			<column name="entity_id" valueNumeric="1" />
			<column name="deleted" valueNumeric="0" />
			<column name="item_id" valueNumeric="320104" />
			<column name="order_line_id" />
			<column name="notes" value="Bulk Upload" />
			<column name="optlock" valueNumeric="0" />
			<column name="group_id" />
			<column name="provisioning_status" />
			<column name="global" valueBoolean="true" />
		</insert>
		<insert tableName="asset">
			<column name="id" valueNumeric="7148" />
			<column name="identifier" value="8662687335" />
			<column name="create_datetime" valueDate="2014-10-22T23:18:04.918" />
			<column name="status_id" valueNumeric="10501" />
			<column name="entity_id" valueNumeric="1" />
			<column name="deleted" valueNumeric="0" />
			<column name="item_id" valueNumeric="320104" />
			<column name="order_line_id" />
			<column name="notes" value="Bulk Upload" />
			<column name="optlock" valueNumeric="0" />
			<column name="group_id" />
			<column name="provisioning_status" />
			<column name="global" valueBoolean="true" />
		</insert>
		<insert tableName="asset">
			<column name="id" valueNumeric="7149" />
			<column name="identifier" value="8662688746" />
			<column name="create_datetime" valueDate="2014-10-22T23:18:04.941" />
			<column name="status_id" valueNumeric="10501" />
			<column name="entity_id" valueNumeric="1" />
			<column name="deleted" valueNumeric="0" />
			<column name="item_id" valueNumeric="320104" />
			<column name="order_line_id" />
			<column name="notes" value="Bulk Upload" />
			<column name="optlock" valueNumeric="0" />
			<column name="group_id" />
			<column name="provisioning_status" />
			<column name="global" valueBoolean="true" />
		</insert>
		<insert tableName="asset">
			<column name="id" valueNumeric="7150" />
			<column name="identifier" value="8662689479" />
			<column name="create_datetime" valueDate="2014-10-22T23:18:04.951" />
			<column name="status_id" valueNumeric="10501" />
			<column name="entity_id" valueNumeric="1" />
			<column name="deleted" valueNumeric="0" />
			<column name="item_id" valueNumeric="320104" />
			<column name="order_line_id" />
			<column name="notes" value="Bulk Upload" />
			<column name="optlock" valueNumeric="0" />
			<column name="group_id" />
			<column name="provisioning_status" />
			<column name="global" valueBoolean="true" />
		</insert>
		<insert tableName="asset">
			<column name="id" valueNumeric="7151" />
			<column name="identifier" value="8662690484" />
			<column name="create_datetime" valueDate="2014-10-22T23:18:04.961" />
			<column name="status_id" valueNumeric="10501" />
			<column name="entity_id" valueNumeric="1" />
			<column name="deleted" valueNumeric="0" />
			<column name="item_id" valueNumeric="320104" />
			<column name="order_line_id" />
			<column name="notes" value="Bulk Upload" />
			<column name="optlock" valueNumeric="0" />
			<column name="group_id" />
			<column name="provisioning_status" />
			<column name="global" valueBoolean="true" />
		</insert>
		<insert tableName="asset">
			<column name="id" valueNumeric="7152" />
			<column name="identifier" value="8662690554" />
			<column name="create_datetime" valueDate="2014-10-22T23:18:05.48" />
			<column name="status_id" valueNumeric="10501" />
			<column name="entity_id" valueNumeric="1" />
			<column name="deleted" valueNumeric="0" />
			<column name="item_id" valueNumeric="320104" />
			<column name="order_line_id" />
			<column name="notes" value="Bulk Upload" />
			<column name="optlock" valueNumeric="0" />
			<column name="group_id" />
			<column name="provisioning_status" />
			<column name="global" valueBoolean="true" />
		</insert>
		<insert tableName="asset">
			<column name="id" valueNumeric="7153" />
			<column name="identifier" value="8662690729" />
			<column name="create_datetime" valueDate="2014-10-22T23:18:05.179" />
			<column name="status_id" valueNumeric="10501" />
			<column name="entity_id" valueNumeric="1" />
			<column name="deleted" valueNumeric="0" />
			<column name="item_id" valueNumeric="320104" />
			<column name="order_line_id" />
			<column name="notes" value="Bulk Upload" />
			<column name="optlock" valueNumeric="0" />
			<column name="group_id" />
			<column name="provisioning_status" />
			<column name="global" valueBoolean="true" />
		</insert>
		<insert tableName="asset">
			<column name="id" valueNumeric="7154" />
			<column name="identifier" value="8662690973" />
			<column name="create_datetime" valueDate="2014-10-22T23:18:05.241" />
			<column name="status_id" valueNumeric="10501" />
			<column name="entity_id" valueNumeric="1" />
			<column name="deleted" valueNumeric="0" />
			<column name="item_id" valueNumeric="320104" />
			<column name="order_line_id" />
			<column name="notes" value="Bulk Upload" />
			<column name="optlock" valueNumeric="0" />
			<column name="group_id" />
			<column name="provisioning_status" />
			<column name="global" valueBoolean="true" />
		</insert>
		<insert tableName="asset">
			<column name="id" valueNumeric="7155" />
			<column name="identifier" value="8662692782" />
			<column name="create_datetime" valueDate="2014-10-22T23:18:05.251" />
			<column name="status_id" valueNumeric="10501" />
			<column name="entity_id" valueNumeric="1" />
			<column name="deleted" valueNumeric="0" />
			<column name="item_id" valueNumeric="320104" />
			<column name="order_line_id" />
			<column name="notes" value="Bulk Upload" />
			<column name="optlock" valueNumeric="0" />
			<column name="group_id" />
			<column name="provisioning_status" />
			<column name="global" valueBoolean="true" />
		</insert>
		<insert tableName="asset">
			<column name="id" valueNumeric="7156" />
			<column name="identifier" value="8662694698" />
			<column name="create_datetime" valueDate="2014-10-22T23:18:05.261" />
			<column name="status_id" valueNumeric="10501" />
			<column name="entity_id" valueNumeric="1" />
			<column name="deleted" valueNumeric="0" />
			<column name="item_id" valueNumeric="320104" />
			<column name="order_line_id" />
			<column name="notes" value="Bulk Upload" />
			<column name="optlock" valueNumeric="0" />
			<column name="group_id" />
			<column name="provisioning_status" />
			<column name="global" valueBoolean="true" />
		</insert>
		<insert tableName="asset">
			<column name="id" valueNumeric="7157" />
			<column name="identifier" value="8662695137" />
			<column name="create_datetime" valueDate="2014-10-22T23:18:05.272" />
			<column name="status_id" valueNumeric="10501" />
			<column name="entity_id" valueNumeric="1" />
			<column name="deleted" valueNumeric="0" />
			<column name="item_id" valueNumeric="320104" />
			<column name="order_line_id" />
			<column name="notes" value="Bulk Upload" />
			<column name="optlock" valueNumeric="0" />
			<column name="group_id" />
			<column name="provisioning_status" />
			<column name="global" valueBoolean="true" />
		</insert>
		<insert tableName="asset">
			<column name="id" valueNumeric="7158" />
			<column name="identifier" value="8662695411" />
			<column name="create_datetime" valueDate="2014-10-22T23:18:05.350" />
			<column name="status_id" valueNumeric="10501" />
			<column name="entity_id" valueNumeric="1" />
			<column name="deleted" valueNumeric="0" />
			<column name="item_id" valueNumeric="320104" />
			<column name="order_line_id" />
			<column name="notes" value="Bulk Upload" />
			<column name="optlock" valueNumeric="0" />
			<column name="group_id" />
			<column name="provisioning_status" />
			<column name="global" valueBoolean="true" />
		</insert>
		<insert tableName="asset">
			<column name="id" valueNumeric="7159" />
			<column name="identifier" value="8662695519" />
			<column name="create_datetime" valueDate="2014-10-22T23:18:05.373" />
			<column name="status_id" valueNumeric="10501" />
			<column name="entity_id" valueNumeric="1" />
			<column name="deleted" valueNumeric="0" />
			<column name="item_id" valueNumeric="320104" />
			<column name="order_line_id" />
			<column name="notes" value="Bulk Upload" />
			<column name="optlock" valueNumeric="0" />
			<column name="group_id" />
			<column name="provisioning_status" />
			<column name="global" valueBoolean="true" />
		</insert>
		<insert tableName="asset">
			<column name="id" valueNumeric="7160" />
			<column name="identifier" value="8662695685" />
			<column name="create_datetime" valueDate="2014-10-22T23:18:05.424" />
			<column name="status_id" valueNumeric="10501" />
			<column name="entity_id" valueNumeric="1" />
			<column name="deleted" valueNumeric="0" />
			<column name="item_id" valueNumeric="320104" />
			<column name="order_line_id" />
			<column name="notes" value="Bulk Upload" />
			<column name="optlock" valueNumeric="0" />
			<column name="group_id" />
			<column name="provisioning_status" />
			<column name="global" valueBoolean="true" />
		</insert>
		<insert tableName="asset">
			<column name="id" valueNumeric="7161" />
			<column name="identifier" value="8662703365" />
			<column name="create_datetime" valueDate="2014-10-22T23:18:05.430" />
			<column name="status_id" valueNumeric="10501" />
			<column name="entity_id" valueNumeric="1" />
			<column name="deleted" valueNumeric="0" />
			<column name="item_id" valueNumeric="320104" />
			<column name="order_line_id" />
			<column name="notes" value="Bulk Upload" />
			<column name="optlock" valueNumeric="0" />
			<column name="group_id" />
			<column name="provisioning_status" />
			<column name="global" valueBoolean="true" />
		</insert>
		<insert tableName="asset">
			<column name="id" valueNumeric="7162" />
			<column name="identifier" value="8662706462" />
			<column name="create_datetime" valueDate="2014-10-22T23:18:05.437" />
			<column name="status_id" valueNumeric="10501" />
			<column name="entity_id" valueNumeric="1" />
			<column name="deleted" valueNumeric="0" />
			<column name="item_id" valueNumeric="320104" />
			<column name="order_line_id" />
			<column name="notes" value="Bulk Upload" />
			<column name="optlock" valueNumeric="0" />
			<column name="group_id" />
			<column name="provisioning_status" />
			<column name="global" valueBoolean="true" />
		</insert>
		<insert tableName="asset">
			<column name="id" valueNumeric="7163" />
			<column name="identifier" value="8662707496" />
			<column name="create_datetime" valueDate="2014-10-22T23:18:05.444" />
			<column name="status_id" valueNumeric="10501" />
			<column name="entity_id" valueNumeric="1" />
			<column name="deleted" valueNumeric="0" />
			<column name="item_id" valueNumeric="320104" />
			<column name="order_line_id" />
			<column name="notes" value="Bulk Upload" />
			<column name="optlock" valueNumeric="0" />
			<column name="group_id" />
			<column name="provisioning_status" />
			<column name="global" valueBoolean="true" />
		</insert>
		<insert tableName="asset">
			<column name="id" valueNumeric="7164" />
			<column name="identifier" value="8662713145" />
			<column name="create_datetime" valueDate="2014-10-22T23:18:05.462" />
			<column name="status_id" valueNumeric="10501" />
			<column name="entity_id" valueNumeric="1" />
			<column name="deleted" valueNumeric="0" />
			<column name="item_id" valueNumeric="320104" />
			<column name="order_line_id" />
			<column name="notes" value="Bulk Upload" />
			<column name="optlock" valueNumeric="0" />
			<column name="group_id" />
			<column name="provisioning_status" />
			<column name="global" valueBoolean="true" />
		</insert>
		<insert tableName="asset">
			<column name="id" valueNumeric="7165" />
			<column name="identifier" value="8662715589" />
			<column name="create_datetime" valueDate="2014-10-22T23:18:05.469" />
			<column name="status_id" valueNumeric="10501" />
			<column name="entity_id" valueNumeric="1" />
			<column name="deleted" valueNumeric="0" />
			<column name="item_id" valueNumeric="320104" />
			<column name="order_line_id" />
			<column name="notes" value="Bulk Upload" />
			<column name="optlock" valueNumeric="0" />
			<column name="group_id" />
			<column name="provisioning_status" />
			<column name="global" valueBoolean="true" />
		</insert>
		<insert tableName="asset">
			<column name="id" valueNumeric="7166" />
			<column name="identifier" value="8662720039" />
			<column name="create_datetime" valueDate="2014-10-22T23:18:05.623" />
			<column name="status_id" valueNumeric="10501" />
			<column name="entity_id" valueNumeric="1" />
			<column name="deleted" valueNumeric="0" />
			<column name="item_id" valueNumeric="320104" />
			<column name="order_line_id" />
			<column name="notes" value="Bulk Upload" />
			<column name="optlock" valueNumeric="0" />
			<column name="group_id" />
			<column name="provisioning_status" />
			<column name="global" valueBoolean="true" />
		</insert>
		<insert tableName="asset">
			<column name="id" valueNumeric="7167" />
			<column name="identifier" value="8662735941" />
			<column name="create_datetime" valueDate="2014-10-22T23:18:05.636" />
			<column name="status_id" valueNumeric="10501" />
			<column name="entity_id" valueNumeric="1" />
			<column name="deleted" valueNumeric="0" />
			<column name="item_id" valueNumeric="320104" />
			<column name="order_line_id" />
			<column name="notes" value="Bulk Upload" />
			<column name="optlock" valueNumeric="0" />
			<column name="group_id" />
			<column name="provisioning_status" />
			<column name="global" valueBoolean="true" />
		</insert>
		<insert tableName="asset">
			<column name="id" valueNumeric="7168" />
			<column name="identifier" value="8662742708" />
			<column name="create_datetime" valueDate="2014-10-22T23:18:05.669" />
			<column name="status_id" valueNumeric="10501" />
			<column name="entity_id" valueNumeric="1" />
			<column name="deleted" valueNumeric="0" />
			<column name="item_id" valueNumeric="320104" />
			<column name="order_line_id" />
			<column name="notes" value="Bulk Upload" />
			<column name="optlock" valueNumeric="0" />
			<column name="group_id" />
			<column name="provisioning_status" />
			<column name="global" valueBoolean="true" />
		</insert>
		<insert tableName="asset">
			<column name="id" valueNumeric="7169" />
			<column name="identifier" value="8662742769" />
			<column name="create_datetime" valueDate="2014-10-22T23:18:05.680" />
			<column name="status_id" valueNumeric="10501" />
			<column name="entity_id" valueNumeric="1" />
			<column name="deleted" valueNumeric="0" />
			<column name="item_id" valueNumeric="320104" />
			<column name="order_line_id" />
			<column name="notes" value="Bulk Upload" />
			<column name="optlock" valueNumeric="0" />
			<column name="group_id" />
			<column name="provisioning_status" />
			<column name="global" valueBoolean="true" />
		</insert>
		<insert tableName="asset">
			<column name="id" valueNumeric="7170" />
			<column name="identifier" value="8662746556" />
			<column name="create_datetime" valueDate="2014-10-22T23:18:05.687" />
			<column name="status_id" valueNumeric="10501" />
			<column name="entity_id" valueNumeric="1" />
			<column name="deleted" valueNumeric="0" />
			<column name="item_id" valueNumeric="320104" />
			<column name="order_line_id" />
			<column name="notes" value="Bulk Upload" />
			<column name="optlock" valueNumeric="0" />
			<column name="group_id" />
			<column name="provisioning_status" />
			<column name="global" valueBoolean="true" />
		</insert>
		<insert tableName="asset">
			<column name="id" valueNumeric="7171" />
			<column name="identifier" value="8662749863" />
			<column name="create_datetime" valueDate="2014-10-22T23:18:05.714" />
			<column name="status_id" valueNumeric="10501" />
			<column name="entity_id" valueNumeric="1" />
			<column name="deleted" valueNumeric="0" />
			<column name="item_id" valueNumeric="320104" />
			<column name="order_line_id" />
			<column name="notes" value="Bulk Upload" />
			<column name="optlock" valueNumeric="0" />
			<column name="group_id" />
			<column name="provisioning_status" />
			<column name="global" valueBoolean="true" />
		</insert>
		<insert tableName="asset">
			<column name="id" valueNumeric="7172" />
			<column name="identifier" value="8662755873" />
			<column name="create_datetime" valueDate="2014-10-22T23:18:05.720" />
			<column name="status_id" valueNumeric="10501" />
			<column name="entity_id" valueNumeric="1" />
			<column name="deleted" valueNumeric="0" />
			<column name="item_id" valueNumeric="320104" />
			<column name="order_line_id" />
			<column name="notes" value="Bulk Upload" />
			<column name="optlock" valueNumeric="0" />
			<column name="group_id" />
			<column name="provisioning_status" />
			<column name="global" valueBoolean="true" />
		</insert>
		<insert tableName="asset">
			<column name="id" valueNumeric="7173" />
			<column name="identifier" value="8662764931" />
			<column name="create_datetime" valueDate="2014-10-22T23:18:05.726" />
			<column name="status_id" valueNumeric="10501" />
			<column name="entity_id" valueNumeric="1" />
			<column name="deleted" valueNumeric="0" />
			<column name="item_id" valueNumeric="320104" />
			<column name="order_line_id" />
			<column name="notes" value="Bulk Upload" />
			<column name="optlock" valueNumeric="0" />
			<column name="group_id" />
			<column name="provisioning_status" />
			<column name="global" valueBoolean="true" />
		</insert>
		<insert tableName="asset">
			<column name="id" valueNumeric="7174" />
			<column name="identifier" value="8662765143" />
			<column name="create_datetime" valueDate="2014-10-22T23:18:05.745" />
			<column name="status_id" valueNumeric="10501" />
			<column name="entity_id" valueNumeric="1" />
			<column name="deleted" valueNumeric="0" />
			<column name="item_id" valueNumeric="320104" />
			<column name="order_line_id" />
			<column name="notes" value="Bulk Upload" />
			<column name="optlock" valueNumeric="0" />
			<column name="group_id" />
			<column name="provisioning_status" />
			<column name="global" valueBoolean="true" />
		</insert>
		<insert tableName="asset">
			<column name="id" valueNumeric="7175" />
			<column name="identifier" value="8662765661" />
			<column name="create_datetime" valueDate="2014-10-22T23:18:05.751" />
			<column name="status_id" valueNumeric="10501" />
			<column name="entity_id" valueNumeric="1" />
			<column name="deleted" valueNumeric="0" />
			<column name="item_id" valueNumeric="320104" />
			<column name="order_line_id" />
			<column name="notes" value="Bulk Upload" />
			<column name="optlock" valueNumeric="0" />
			<column name="group_id" />
			<column name="provisioning_status" />
			<column name="global" valueBoolean="true" />
		</insert>
		<insert tableName="asset">
			<column name="id" valueNumeric="7176" />
			<column name="identifier" value="8662765849" />
			<column name="create_datetime" valueDate="2014-10-22T23:18:05.757" />
			<column name="status_id" valueNumeric="10501" />
			<column name="entity_id" valueNumeric="1" />
			<column name="deleted" valueNumeric="0" />
			<column name="item_id" valueNumeric="320104" />
			<column name="order_line_id" />
			<column name="notes" value="Bulk Upload" />
			<column name="optlock" valueNumeric="0" />
			<column name="group_id" />
			<column name="provisioning_status" />
			<column name="global" valueBoolean="true" />
		</insert>
		<insert tableName="asset">
			<column name="id" valueNumeric="7177" />
			<column name="identifier" value="8662772948" />
			<column name="create_datetime" valueDate="2014-10-22T23:18:05.768" />
			<column name="status_id" valueNumeric="10501" />
			<column name="entity_id" valueNumeric="1" />
			<column name="deleted" valueNumeric="0" />
			<column name="item_id" valueNumeric="320104" />
			<column name="order_line_id" />
			<column name="notes" value="Bulk Upload" />
			<column name="optlock" valueNumeric="0" />
			<column name="group_id" />
			<column name="provisioning_status" />
			<column name="global" valueBoolean="true" />
		</insert>
		<insert tableName="asset">
			<column name="id" valueNumeric="7178" />
			<column name="identifier" value="8662782281" />
			<column name="create_datetime" valueDate="2014-10-22T23:18:05.778" />
			<column name="status_id" valueNumeric="10501" />
			<column name="entity_id" valueNumeric="1" />
			<column name="deleted" valueNumeric="0" />
			<column name="item_id" valueNumeric="320104" />
			<column name="order_line_id" />
			<column name="notes" value="Bulk Upload" />
			<column name="optlock" valueNumeric="0" />
			<column name="group_id" />
			<column name="provisioning_status" />
			<column name="global" valueBoolean="true" />
		</insert>
		<insert tableName="asset">
			<column name="id" valueNumeric="7179" />
			<column name="identifier" value="8662782711" />
			<column name="create_datetime" valueDate="2014-10-22T23:18:05.826" />
			<column name="status_id" valueNumeric="10501" />
			<column name="entity_id" valueNumeric="1" />
			<column name="deleted" valueNumeric="0" />
			<column name="item_id" valueNumeric="320104" />
			<column name="order_line_id" />
			<column name="notes" value="Bulk Upload" />
			<column name="optlock" valueNumeric="0" />
			<column name="group_id" />
			<column name="provisioning_status" />
			<column name="global" valueBoolean="true" />
		</insert>
		<insert tableName="asset">
			<column name="id" valueNumeric="7180" />
			<column name="identifier" value="8662783315" />
			<column name="create_datetime" valueDate="2014-10-22T23:18:05.841" />
			<column name="status_id" valueNumeric="10501" />
			<column name="entity_id" valueNumeric="1" />
			<column name="deleted" valueNumeric="0" />
			<column name="item_id" valueNumeric="320104" />
			<column name="order_line_id" />
			<column name="notes" value="Bulk Upload" />
			<column name="optlock" valueNumeric="0" />
			<column name="group_id" />
			<column name="provisioning_status" />
			<column name="global" valueBoolean="true" />
		</insert>
		<insert tableName="asset">
			<column name="id" valueNumeric="7181" />
			<column name="identifier" value="8662783324" />
			<column name="create_datetime" valueDate="2014-10-22T23:18:05.849" />
			<column name="status_id" valueNumeric="10501" />
			<column name="entity_id" valueNumeric="1" />
			<column name="deleted" valueNumeric="0" />
			<column name="item_id" valueNumeric="320104" />
			<column name="order_line_id" />
			<column name="notes" value="Bulk Upload" />
			<column name="optlock" valueNumeric="0" />
			<column name="group_id" />
			<column name="provisioning_status" />
			<column name="global" valueBoolean="true" />
		</insert>
		<insert tableName="asset">
			<column name="id" valueNumeric="7182" />
			<column name="identifier" value="8662786260" />
			<column name="create_datetime" valueDate="2014-10-22T23:18:05.952" />
			<column name="status_id" valueNumeric="10501" />
			<column name="entity_id" valueNumeric="1" />
			<column name="deleted" valueNumeric="0" />
			<column name="item_id" valueNumeric="320104" />
			<column name="order_line_id" />
			<column name="notes" value="Bulk Upload" />
			<column name="optlock" valueNumeric="0" />
			<column name="group_id" />
			<column name="provisioning_status" />
			<column name="global" valueBoolean="true" />
		</insert>
		<insert tableName="asset">
			<column name="id" valueNumeric="7183" />
			<column name="identifier" value="8662788245" />
			<column name="create_datetime" valueDate="2014-10-22T23:18:06.12" />
			<column name="status_id" valueNumeric="10501" />
			<column name="entity_id" valueNumeric="1" />
			<column name="deleted" valueNumeric="0" />
			<column name="item_id" valueNumeric="320104" />
			<column name="order_line_id" />
			<column name="notes" value="Bulk Upload" />
			<column name="optlock" valueNumeric="0" />
			<column name="group_id" />
			<column name="provisioning_status" />
			<column name="global" valueBoolean="true" />
		</insert>
		<insert tableName="asset">
			<column name="id" valueNumeric="7184" />
			<column name="identifier" value="8662796388" />
			<column name="create_datetime" valueDate="2014-10-22T23:18:06.75" />
			<column name="status_id" valueNumeric="10501" />
			<column name="entity_id" valueNumeric="1" />
			<column name="deleted" valueNumeric="0" />
			<column name="item_id" valueNumeric="320104" />
			<column name="order_line_id" />
			<column name="notes" value="Bulk Upload" />
			<column name="optlock" valueNumeric="0" />
			<column name="group_id" />
			<column name="provisioning_status" />
			<column name="global" valueBoolean="true" />
		</insert>
		<insert tableName="asset">
			<column name="id" valueNumeric="7185" />
			<column name="identifier" value="8662801622" />
			<column name="create_datetime" valueDate="2014-10-22T23:18:06.122" />
			<column name="status_id" valueNumeric="10501" />
			<column name="entity_id" valueNumeric="1" />
			<column name="deleted" valueNumeric="0" />
			<column name="item_id" valueNumeric="320104" />
			<column name="order_line_id" />
			<column name="notes" value="Bulk Upload" />
			<column name="optlock" valueNumeric="0" />
			<column name="group_id" />
			<column name="provisioning_status" />
			<column name="global" valueBoolean="true" />
		</insert>
		<insert tableName="asset">
			<column name="id" valueNumeric="7186" />
			<column name="identifier" value="8662802590" />
			<column name="create_datetime" valueDate="2014-10-22T23:18:06.132" />
			<column name="status_id" valueNumeric="10501" />
			<column name="entity_id" valueNumeric="1" />
			<column name="deleted" valueNumeric="0" />
			<column name="item_id" valueNumeric="320104" />
			<column name="order_line_id" />
			<column name="notes" value="Bulk Upload" />
			<column name="optlock" valueNumeric="0" />
			<column name="group_id" />
			<column name="provisioning_status" />
			<column name="global" valueBoolean="true" />
		</insert>
		<insert tableName="asset">
			<column name="id" valueNumeric="7187" />
			<column name="identifier" value="8662803260" />
			<column name="create_datetime" valueDate="2014-10-22T23:18:06.153" />
			<column name="status_id" valueNumeric="10501" />
			<column name="entity_id" valueNumeric="1" />
			<column name="deleted" valueNumeric="0" />
			<column name="item_id" valueNumeric="320104" />
			<column name="order_line_id" />
			<column name="notes" value="Bulk Upload" />
			<column name="optlock" valueNumeric="0" />
			<column name="group_id" />
			<column name="provisioning_status" />
			<column name="global" valueBoolean="true" />
		</insert>
		<insert tableName="asset">
			<column name="id" valueNumeric="7188" />
			<column name="identifier" value="8662803683" />
			<column name="create_datetime" valueDate="2014-10-22T23:18:06.159" />
			<column name="status_id" valueNumeric="10501" />
			<column name="entity_id" valueNumeric="1" />
			<column name="deleted" valueNumeric="0" />
			<column name="item_id" valueNumeric="320104" />
			<column name="order_line_id" />
			<column name="notes" value="Bulk Upload" />
			<column name="optlock" valueNumeric="0" />
			<column name="group_id" />
			<column name="provisioning_status" />
			<column name="global" valueBoolean="true" />
		</insert>
		<insert tableName="asset">
			<column name="id" valueNumeric="7189" />
			<column name="identifier" value="8662806223" />
			<column name="create_datetime" valueDate="2014-10-22T23:18:06.204" />
			<column name="status_id" valueNumeric="10501" />
			<column name="entity_id" valueNumeric="1" />
			<column name="deleted" valueNumeric="0" />
			<column name="item_id" valueNumeric="320104" />
			<column name="order_line_id" />
			<column name="notes" value="Bulk Upload" />
			<column name="optlock" valueNumeric="0" />
			<column name="group_id" />
			<column name="provisioning_status" />
			<column name="global" valueBoolean="true" />
		</insert>
		<insert tableName="asset">
			<column name="id" valueNumeric="7190" />
			<column name="identifier" value="8662815314" />
			<column name="create_datetime" valueDate="2014-10-22T23:18:06.215" />
			<column name="status_id" valueNumeric="10501" />
			<column name="entity_id" valueNumeric="1" />
			<column name="deleted" valueNumeric="0" />
			<column name="item_id" valueNumeric="320104" />
			<column name="order_line_id" />
			<column name="notes" value="Bulk Upload" />
			<column name="optlock" valueNumeric="0" />
			<column name="group_id" />
			<column name="provisioning_status" />
			<column name="global" valueBoolean="true" />
		</insert>
		<insert tableName="asset">
			<column name="id" valueNumeric="7191" />
			<column name="identifier" value="8662816882" />
			<column name="create_datetime" valueDate="2014-10-22T23:18:06.226" />
			<column name="status_id" valueNumeric="10501" />
			<column name="entity_id" valueNumeric="1" />
			<column name="deleted" valueNumeric="0" />
			<column name="item_id" valueNumeric="320104" />
			<column name="order_line_id" />
			<column name="notes" value="Bulk Upload" />
			<column name="optlock" valueNumeric="0" />
			<column name="group_id" />
			<column name="provisioning_status" />
			<column name="global" valueBoolean="true" />
		</insert>
		<insert tableName="asset">
			<column name="id" valueNumeric="7192" />
			<column name="identifier" value="8662820849" />
			<column name="create_datetime" valueDate="2014-10-22T23:18:06.249" />
			<column name="status_id" valueNumeric="10501" />
			<column name="entity_id" valueNumeric="1" />
			<column name="deleted" valueNumeric="0" />
			<column name="item_id" valueNumeric="320104" />
			<column name="order_line_id" />
			<column name="notes" value="Bulk Upload" />
			<column name="optlock" valueNumeric="0" />
			<column name="group_id" />
			<column name="provisioning_status" />
			<column name="global" valueBoolean="true" />
		</insert>
		<insert tableName="asset">
			<column name="id" valueNumeric="7193" />
			<column name="identifier" value="8662820886" />
			<column name="create_datetime" valueDate="2014-10-22T23:18:06.315" />
			<column name="status_id" valueNumeric="10501" />
			<column name="entity_id" valueNumeric="1" />
			<column name="deleted" valueNumeric="0" />
			<column name="item_id" valueNumeric="320104" />
			<column name="order_line_id" />
			<column name="notes" value="Bulk Upload" />
			<column name="optlock" valueNumeric="0" />
			<column name="group_id" />
			<column name="provisioning_status" />
			<column name="global" valueBoolean="true" />
		</insert>
		<insert tableName="asset">
			<column name="id" valueNumeric="7194" />
			<column name="identifier" value="8662823066" />
			<column name="create_datetime" valueDate="2014-10-22T23:18:06.354" />
			<column name="status_id" valueNumeric="10501" />
			<column name="entity_id" valueNumeric="1" />
			<column name="deleted" valueNumeric="0" />
			<column name="item_id" valueNumeric="320104" />
			<column name="order_line_id" />
			<column name="notes" value="Bulk Upload" />
			<column name="optlock" valueNumeric="0" />
			<column name="group_id" />
			<column name="provisioning_status" />
			<column name="global" valueBoolean="true" />
		</insert>
		<insert tableName="asset">
			<column name="id" valueNumeric="7195" />
			<column name="identifier" value="8662826462" />
			<column name="create_datetime" valueDate="2014-10-22T23:18:06.377" />
			<column name="status_id" valueNumeric="10501" />
			<column name="entity_id" valueNumeric="1" />
			<column name="deleted" valueNumeric="0" />
			<column name="item_id" valueNumeric="320104" />
			<column name="order_line_id" />
			<column name="notes" value="Bulk Upload" />
			<column name="optlock" valueNumeric="0" />
			<column name="group_id" />
			<column name="provisioning_status" />
			<column name="global" valueBoolean="true" />
		</insert>
		<insert tableName="asset">
			<column name="id" valueNumeric="7196" />
			<column name="identifier" value="8662826608" />
			<column name="create_datetime" valueDate="2014-10-22T23:18:06.391" />
			<column name="status_id" valueNumeric="10501" />
			<column name="entity_id" valueNumeric="1" />
			<column name="deleted" valueNumeric="0" />
			<column name="item_id" valueNumeric="320104" />
			<column name="order_line_id" />
			<column name="notes" value="Bulk Upload" />
			<column name="optlock" valueNumeric="0" />
			<column name="group_id" />
			<column name="provisioning_status" />
			<column name="global" valueBoolean="true" />
		</insert>
		<insert tableName="asset">
			<column name="id" valueNumeric="7197" />
			<column name="identifier" value="8662827492" />
			<column name="create_datetime" valueDate="2014-10-22T23:18:06.401" />
			<column name="status_id" valueNumeric="10501" />
			<column name="entity_id" valueNumeric="1" />
			<column name="deleted" valueNumeric="0" />
			<column name="item_id" valueNumeric="320104" />
			<column name="order_line_id" />
			<column name="notes" value="Bulk Upload" />
			<column name="optlock" valueNumeric="0" />
			<column name="group_id" />
			<column name="provisioning_status" />
			<column name="global" valueBoolean="true" />
		</insert>
		<insert tableName="asset">
			<column name="id" valueNumeric="7198" />
			<column name="identifier" value="8662830825" />
			<column name="create_datetime" valueDate="2014-10-22T23:18:06.424" />
			<column name="status_id" valueNumeric="10501" />
			<column name="entity_id" valueNumeric="1" />
			<column name="deleted" valueNumeric="0" />
			<column name="item_id" valueNumeric="320104" />
			<column name="order_line_id" />
			<column name="notes" value="Bulk Upload" />
			<column name="optlock" valueNumeric="0" />
			<column name="group_id" />
			<column name="provisioning_status" />
			<column name="global" valueBoolean="true" />
		</insert>
		<insert tableName="asset">
			<column name="id" valueNumeric="7199" />
			<column name="identifier" value="8662831059" />
			<column name="create_datetime" valueDate="2014-10-22T23:18:06.450" />
			<column name="status_id" valueNumeric="10501" />
			<column name="entity_id" valueNumeric="1" />
			<column name="deleted" valueNumeric="0" />
			<column name="item_id" valueNumeric="320104" />
			<column name="order_line_id" />
			<column name="notes" value="Bulk Upload" />
			<column name="optlock" valueNumeric="0" />
			<column name="group_id" />
			<column name="provisioning_status" />
			<column name="global" valueBoolean="true" />
		</insert>
		<insert tableName="asset">
			<column name="id" valueNumeric="7200" />
			<column name="identifier" value="8662831393" />
			<column name="create_datetime" valueDate="2014-10-22T23:18:06.473" />
			<column name="status_id" valueNumeric="10501" />
			<column name="entity_id" valueNumeric="1" />
			<column name="deleted" valueNumeric="0" />
			<column name="item_id" valueNumeric="320104" />
			<column name="order_line_id" />
			<column name="notes" value="Bulk Upload" />
			<column name="optlock" valueNumeric="0" />
			<column name="group_id" />
			<column name="provisioning_status" />
			<column name="global" valueBoolean="true" />
		</insert>
		<insert tableName="asset">
			<column name="id" valueNumeric="7201" />
			<column name="identifier" value="8662832452" />
			<column name="create_datetime" valueDate="2014-10-22T23:18:06.623" />
			<column name="status_id" valueNumeric="10501" />
			<column name="entity_id" valueNumeric="1" />
			<column name="deleted" valueNumeric="0" />
			<column name="item_id" valueNumeric="320104" />
			<column name="order_line_id" />
			<column name="notes" value="Bulk Upload" />
			<column name="optlock" valueNumeric="0" />
			<column name="group_id" />
			<column name="provisioning_status" />
			<column name="global" valueBoolean="true" />
		</insert>
		<insert tableName="asset">
			<column name="id" valueNumeric="7202" />
			<column name="identifier" value="8662835304" />
			<column name="create_datetime" valueDate="2014-10-22T23:18:06.671" />
			<column name="status_id" valueNumeric="10501" />
			<column name="entity_id" valueNumeric="1" />
			<column name="deleted" valueNumeric="0" />
			<column name="item_id" valueNumeric="320104" />
			<column name="order_line_id" />
			<column name="notes" value="Bulk Upload" />
			<column name="optlock" valueNumeric="0" />
			<column name="group_id" />
			<column name="provisioning_status" />
			<column name="global" valueBoolean="true" />
		</insert>
		<insert tableName="asset">
			<column name="id" valueNumeric="7203" />
			<column name="identifier" value="8662838468" />
			<column name="create_datetime" valueDate="2014-10-22T23:18:06.687" />
			<column name="status_id" valueNumeric="10501" />
			<column name="entity_id" valueNumeric="1" />
			<column name="deleted" valueNumeric="0" />
			<column name="item_id" valueNumeric="320104" />
			<column name="order_line_id" />
			<column name="notes" value="Bulk Upload" />
			<column name="optlock" valueNumeric="0" />
			<column name="group_id" />
			<column name="provisioning_status" />
			<column name="global" valueBoolean="true" />
		</insert>
		<insert tableName="asset">
			<column name="id" valueNumeric="7204" />
			<column name="identifier" value="8662839935" />
			<column name="create_datetime" valueDate="2014-10-22T23:18:06.824" />
			<column name="status_id" valueNumeric="10501" />
			<column name="entity_id" valueNumeric="1" />
			<column name="deleted" valueNumeric="0" />
			<column name="item_id" valueNumeric="320104" />
			<column name="order_line_id" />
			<column name="notes" value="Bulk Upload" />
			<column name="optlock" valueNumeric="0" />
			<column name="group_id" />
			<column name="provisioning_status" />
			<column name="global" valueBoolean="true" />
		</insert>
		<insert tableName="asset">
			<column name="id" valueNumeric="7205" />
			<column name="identifier" value="8662841364" />
			<column name="create_datetime" valueDate="2014-10-22T23:18:06.839" />
			<column name="status_id" valueNumeric="10501" />
			<column name="entity_id" valueNumeric="1" />
			<column name="deleted" valueNumeric="0" />
			<column name="item_id" valueNumeric="320104" />
			<column name="order_line_id" />
			<column name="notes" value="Bulk Upload" />
			<column name="optlock" valueNumeric="0" />
			<column name="group_id" />
			<column name="provisioning_status" />
			<column name="global" valueBoolean="true" />
		</insert>
		<insert tableName="asset">
			<column name="id" valueNumeric="7206" />
			<column name="identifier" value="8662842939" />
			<column name="create_datetime" valueDate="2014-10-22T23:18:06.930" />
			<column name="status_id" valueNumeric="10501" />
			<column name="entity_id" valueNumeric="1" />
			<column name="deleted" valueNumeric="0" />
			<column name="item_id" valueNumeric="320104" />
			<column name="order_line_id" />
			<column name="notes" value="Bulk Upload" />
			<column name="optlock" valueNumeric="0" />
			<column name="group_id" />
			<column name="provisioning_status" />
			<column name="global" valueBoolean="true" />
		</insert>
		<insert tableName="asset">
			<column name="id" valueNumeric="7207" />
			<column name="identifier" value="8662849739" />
			<column name="create_datetime" valueDate="2014-10-22T23:18:06.940" />
			<column name="status_id" valueNumeric="10501" />
			<column name="entity_id" valueNumeric="1" />
			<column name="deleted" valueNumeric="0" />
			<column name="item_id" valueNumeric="320104" />
			<column name="order_line_id" />
			<column name="notes" value="Bulk Upload" />
			<column name="optlock" valueNumeric="0" />
			<column name="group_id" />
			<column name="provisioning_status" />
			<column name="global" valueBoolean="true" />
		</insert>
		<insert tableName="asset">
			<column name="id" valueNumeric="7208" />
			<column name="identifier" value="8662858021" />
			<column name="create_datetime" valueDate="2014-10-22T23:18:06.948" />
			<column name="status_id" valueNumeric="10501" />
			<column name="entity_id" valueNumeric="1" />
			<column name="deleted" valueNumeric="0" />
			<column name="item_id" valueNumeric="320104" />
			<column name="order_line_id" />
			<column name="notes" value="Bulk Upload" />
			<column name="optlock" valueNumeric="0" />
			<column name="group_id" />
			<column name="provisioning_status" />
			<column name="global" valueBoolean="true" />
		</insert>
		<insert tableName="asset">
			<column name="id" valueNumeric="7209" />
			<column name="identifier" value="8662859464" />
			<column name="create_datetime" valueDate="2014-10-22T23:18:06.962" />
			<column name="status_id" valueNumeric="10501" />
			<column name="entity_id" valueNumeric="1" />
			<column name="deleted" valueNumeric="0" />
			<column name="item_id" valueNumeric="320104" />
			<column name="order_line_id" />
			<column name="notes" value="Bulk Upload" />
			<column name="optlock" valueNumeric="0" />
			<column name="group_id" />
			<column name="provisioning_status" />
			<column name="global" valueBoolean="true" />
		</insert>
		<insert tableName="asset">
			<column name="id" valueNumeric="7210" />
			<column name="identifier" value="8662862388" />
			<column name="create_datetime" valueDate="2014-10-22T23:18:07.5" />
			<column name="status_id" valueNumeric="10501" />
			<column name="entity_id" valueNumeric="1" />
			<column name="deleted" valueNumeric="0" />
			<column name="item_id" valueNumeric="320104" />
			<column name="order_line_id" />
			<column name="notes" value="Bulk Upload" />
			<column name="optlock" valueNumeric="0" />
			<column name="group_id" />
			<column name="provisioning_status" />
			<column name="global" valueBoolean="true" />
		</insert>
		<insert tableName="asset">
			<column name="id" valueNumeric="7211" />
			<column name="identifier" value="8662867366" />
			<column name="create_datetime" valueDate="2014-10-22T23:18:07.11" />
			<column name="status_id" valueNumeric="10501" />
			<column name="entity_id" valueNumeric="1" />
			<column name="deleted" valueNumeric="0" />
			<column name="item_id" valueNumeric="320104" />
			<column name="order_line_id" />
			<column name="notes" value="Bulk Upload" />
			<column name="optlock" valueNumeric="0" />
			<column name="group_id" />
			<column name="provisioning_status" />
			<column name="global" valueBoolean="true" />
		</insert>
		<insert tableName="asset">
			<column name="id" valueNumeric="7212" />
			<column name="identifier" value="8662868983" />
			<column name="create_datetime" valueDate="2014-10-22T23:18:07.17" />
			<column name="status_id" valueNumeric="10501" />
			<column name="entity_id" valueNumeric="1" />
			<column name="deleted" valueNumeric="0" />
			<column name="item_id" valueNumeric="320104" />
			<column name="order_line_id" />
			<column name="notes" value="Bulk Upload" />
			<column name="optlock" valueNumeric="0" />
			<column name="group_id" />
			<column name="provisioning_status" />
			<column name="global" valueBoolean="true" />
		</insert>
		<insert tableName="asset">
			<column name="id" valueNumeric="7213" />
			<column name="identifier" value="8662885793" />
			<column name="create_datetime" valueDate="2014-10-22T23:18:07.24" />
			<column name="status_id" valueNumeric="10501" />
			<column name="entity_id" valueNumeric="1" />
			<column name="deleted" valueNumeric="0" />
			<column name="item_id" valueNumeric="320104" />
			<column name="order_line_id" />
			<column name="notes" value="Bulk Upload" />
			<column name="optlock" valueNumeric="0" />
			<column name="group_id" />
			<column name="provisioning_status" />
			<column name="global" valueBoolean="true" />
		</insert>
		<insert tableName="asset">
			<column name="id" valueNumeric="7214" />
			<column name="identifier" value="8662891380" />
			<column name="create_datetime" valueDate="2014-10-22T23:18:07.54" />
			<column name="status_id" valueNumeric="10501" />
			<column name="entity_id" valueNumeric="1" />
			<column name="deleted" valueNumeric="0" />
			<column name="item_id" valueNumeric="320104" />
			<column name="order_line_id" />
			<column name="notes" value="Bulk Upload" />
			<column name="optlock" valueNumeric="0" />
			<column name="group_id" />
			<column name="provisioning_status" />
			<column name="global" valueBoolean="true" />
		</insert>
		<insert tableName="asset">
			<column name="id" valueNumeric="7215" />
			<column name="identifier" value="8662891796" />
			<column name="create_datetime" valueDate="2014-10-22T23:18:07.70" />
			<column name="status_id" valueNumeric="10501" />
			<column name="entity_id" valueNumeric="1" />
			<column name="deleted" valueNumeric="0" />
			<column name="item_id" valueNumeric="320104" />
			<column name="order_line_id" />
			<column name="notes" value="Bulk Upload" />
			<column name="optlock" valueNumeric="0" />
			<column name="group_id" />
			<column name="provisioning_status" />
			<column name="global" valueBoolean="true" />
		</insert>
		<insert tableName="asset">
			<column name="id" valueNumeric="7216" />
			<column name="identifier" value="8662892303" />
			<column name="create_datetime" valueDate="2014-10-22T23:18:07.79" />
			<column name="status_id" valueNumeric="10501" />
			<column name="entity_id" valueNumeric="1" />
			<column name="deleted" valueNumeric="0" />
			<column name="item_id" valueNumeric="320104" />
			<column name="order_line_id" />
			<column name="notes" value="Bulk Upload" />
			<column name="optlock" valueNumeric="0" />
			<column name="group_id" />
			<column name="provisioning_status" />
			<column name="global" valueBoolean="true" />
		</insert>
		<insert tableName="asset">
			<column name="id" valueNumeric="7217" />
			<column name="identifier" value="8662896041" />
			<column name="create_datetime" valueDate="2014-10-22T23:18:07.89" />
			<column name="status_id" valueNumeric="10501" />
			<column name="entity_id" valueNumeric="1" />
			<column name="deleted" valueNumeric="0" />
			<column name="item_id" valueNumeric="320104" />
			<column name="order_line_id" />
			<column name="notes" value="Bulk Upload" />
			<column name="optlock" valueNumeric="0" />
			<column name="group_id" />
			<column name="provisioning_status" />
			<column name="global" valueBoolean="true" />
		</insert>
		<insert tableName="asset">
			<column name="id" valueNumeric="7218" />
			<column name="identifier" value="8662897951" />
			<column name="create_datetime" valueDate="2014-10-22T23:18:07.107" />
			<column name="status_id" valueNumeric="10501" />
			<column name="entity_id" valueNumeric="1" />
			<column name="deleted" valueNumeric="0" />
			<column name="item_id" valueNumeric="320104" />
			<column name="order_line_id" />
			<column name="notes" value="Bulk Upload" />
			<column name="optlock" valueNumeric="0" />
			<column name="group_id" />
			<column name="provisioning_status" />
			<column name="global" valueBoolean="true" />
		</insert>
		<insert tableName="asset">
			<column name="id" valueNumeric="7219" />
			<column name="identifier" value="8662907254" />
			<column name="create_datetime" valueDate="2014-10-22T23:18:07.118" />
			<column name="status_id" valueNumeric="10501" />
			<column name="entity_id" valueNumeric="1" />
			<column name="deleted" valueNumeric="0" />
			<column name="item_id" valueNumeric="320104" />
			<column name="order_line_id" />
			<column name="notes" value="Bulk Upload" />
			<column name="optlock" valueNumeric="0" />
			<column name="group_id" />
			<column name="provisioning_status" />
			<column name="global" valueBoolean="true" />
		</insert>
		<insert tableName="asset">
			<column name="id" valueNumeric="7220" />
			<column name="identifier" value="8662908137" />
			<column name="create_datetime" valueDate="2014-10-22T23:18:07.130" />
			<column name="status_id" valueNumeric="10501" />
			<column name="entity_id" valueNumeric="1" />
			<column name="deleted" valueNumeric="0" />
			<column name="item_id" valueNumeric="320104" />
			<column name="order_line_id" />
			<column name="notes" value="Bulk Upload" />
			<column name="optlock" valueNumeric="0" />
			<column name="group_id" />
			<column name="provisioning_status" />
			<column name="global" valueBoolean="true" />
		</insert>
		<insert tableName="asset">
			<column name="id" valueNumeric="7221" />
			<column name="identifier" value="8662909918" />
			<column name="create_datetime" valueDate="2014-10-22T23:18:07.138" />
			<column name="status_id" valueNumeric="10501" />
			<column name="entity_id" valueNumeric="1" />
			<column name="deleted" valueNumeric="0" />
			<column name="item_id" valueNumeric="320104" />
			<column name="order_line_id" />
			<column name="notes" value="Bulk Upload" />
			<column name="optlock" valueNumeric="0" />
			<column name="group_id" />
			<column name="provisioning_status" />
			<column name="global" valueBoolean="true" />
		</insert>
		<insert tableName="asset">
			<column name="id" valueNumeric="7222" />
			<column name="identifier" value="8662911491" />
			<column name="create_datetime" valueDate="2014-10-22T23:18:07.252" />
			<column name="status_id" valueNumeric="10501" />
			<column name="entity_id" valueNumeric="1" />
			<column name="deleted" valueNumeric="0" />
			<column name="item_id" valueNumeric="320104" />
			<column name="order_line_id" />
			<column name="notes" value="Bulk Upload" />
			<column name="optlock" valueNumeric="0" />
			<column name="group_id" />
			<column name="provisioning_status" />
			<column name="global" valueBoolean="true" />
		</insert>
		<insert tableName="asset">
			<column name="id" valueNumeric="7224" />
			<column name="identifier" value="8662919534" />
			<column name="create_datetime" valueDate="2014-10-22T23:18:07.638" />
			<column name="status_id" valueNumeric="10501" />
			<column name="entity_id" valueNumeric="1" />
			<column name="deleted" valueNumeric="0" />
			<column name="item_id" valueNumeric="320104" />
			<column name="order_line_id" />
			<column name="notes" value="Bulk Upload" />
			<column name="optlock" valueNumeric="0" />
			<column name="group_id" />
			<column name="provisioning_status" />
			<column name="global" valueBoolean="true" />
		</insert>
		<insert tableName="asset">
			<column name="id" valueNumeric="7225" />
			<column name="identifier" value="8662925859" />
			<column name="create_datetime" valueDate="2014-10-22T23:18:07.651" />
			<column name="status_id" valueNumeric="10501" />
			<column name="entity_id" valueNumeric="1" />
			<column name="deleted" valueNumeric="0" />
			<column name="item_id" valueNumeric="320104" />
			<column name="order_line_id" />
			<column name="notes" value="Bulk Upload" />
			<column name="optlock" valueNumeric="0" />
			<column name="group_id" />
			<column name="provisioning_status" />
			<column name="global" valueBoolean="true" />
		</insert>
		<insert tableName="asset">
			<column name="id" valueNumeric="7226" />
			<column name="identifier" value="8662926042" />
			<column name="create_datetime" valueDate="2014-10-22T23:18:07.658" />
			<column name="status_id" valueNumeric="10501" />
			<column name="entity_id" valueNumeric="1" />
			<column name="deleted" valueNumeric="0" />
			<column name="item_id" valueNumeric="320104" />
			<column name="order_line_id" />
			<column name="notes" value="Bulk Upload" />
			<column name="optlock" valueNumeric="0" />
			<column name="group_id" />
			<column name="provisioning_status" />
			<column name="global" valueBoolean="true" />
		</insert>
		<insert tableName="asset">
			<column name="id" valueNumeric="7227" />
			<column name="identifier" value="8662927843" />
			<column name="create_datetime" valueDate="2014-10-22T23:18:07.689" />
			<column name="status_id" valueNumeric="10501" />
			<column name="entity_id" valueNumeric="1" />
			<column name="deleted" valueNumeric="0" />
			<column name="item_id" valueNumeric="320104" />
			<column name="order_line_id" />
			<column name="notes" value="Bulk Upload" />
			<column name="optlock" valueNumeric="0" />
			<column name="group_id" />
			<column name="provisioning_status" />
			<column name="global" valueBoolean="true" />
		</insert>
		<insert tableName="asset">
			<column name="id" valueNumeric="7228" />
			<column name="identifier" value="8662929871" />
			<column name="create_datetime" valueDate="2014-10-22T23:18:07.696" />
			<column name="status_id" valueNumeric="10501" />
			<column name="entity_id" valueNumeric="1" />
			<column name="deleted" valueNumeric="0" />
			<column name="item_id" valueNumeric="320104" />
			<column name="order_line_id" />
			<column name="notes" value="Bulk Upload" />
			<column name="optlock" valueNumeric="0" />
			<column name="group_id" />
			<column name="provisioning_status" />
			<column name="global" valueBoolean="true" />
		</insert>
		<insert tableName="asset">
			<column name="id" valueNumeric="7229" />
			<column name="identifier" value="8662930849" />
			<column name="create_datetime" valueDate="2014-10-22T23:18:07.707" />
			<column name="status_id" valueNumeric="10501" />
			<column name="entity_id" valueNumeric="1" />
			<column name="deleted" valueNumeric="0" />
			<column name="item_id" valueNumeric="320104" />
			<column name="order_line_id" />
			<column name="notes" value="Bulk Upload" />
			<column name="optlock" valueNumeric="0" />
			<column name="group_id" />
			<column name="provisioning_status" />
			<column name="global" valueBoolean="true" />
		</insert>
		<insert tableName="asset">
			<column name="id" valueNumeric="7230" />
			<column name="identifier" value="8662932016" />
			<column name="create_datetime" valueDate="2014-10-22T23:18:07.752" />
			<column name="status_id" valueNumeric="10501" />
			<column name="entity_id" valueNumeric="1" />
			<column name="deleted" valueNumeric="0" />
			<column name="item_id" valueNumeric="320104" />
			<column name="order_line_id" />
			<column name="notes" value="Bulk Upload" />
			<column name="optlock" valueNumeric="0" />
			<column name="group_id" />
			<column name="provisioning_status" />
			<column name="global" valueBoolean="true" />
		</insert>
		<insert tableName="asset">
			<column name="id" valueNumeric="7231" />
			<column name="identifier" value="8662947411" />
			<column name="create_datetime" valueDate="2014-10-22T23:18:07.769" />
			<column name="status_id" valueNumeric="10501" />
			<column name="entity_id" valueNumeric="1" />
			<column name="deleted" valueNumeric="0" />
			<column name="item_id" valueNumeric="320104" />
			<column name="order_line_id" />
			<column name="notes" value="Bulk Upload" />
			<column name="optlock" valueNumeric="0" />
			<column name="group_id" />
			<column name="provisioning_status" />
			<column name="global" valueBoolean="true" />
		</insert>
		<insert tableName="asset">
			<column name="id" valueNumeric="7232" />
			<column name="identifier" value="8662964198" />
			<column name="create_datetime" valueDate="2014-10-22T23:18:07.775" />
			<column name="status_id" valueNumeric="10501" />
			<column name="entity_id" valueNumeric="1" />
			<column name="deleted" valueNumeric="0" />
			<column name="item_id" valueNumeric="320104" />
			<column name="order_line_id" />
			<column name="notes" value="Bulk Upload" />
			<column name="optlock" valueNumeric="0" />
			<column name="group_id" />
			<column name="provisioning_status" />
			<column name="global" valueBoolean="true" />
		</insert>
		<insert tableName="asset">
			<column name="id" valueNumeric="7233" />
			<column name="identifier" value="8662967525" />
			<column name="create_datetime" valueDate="2014-10-22T23:18:07.859" />
			<column name="status_id" valueNumeric="10501" />
			<column name="entity_id" valueNumeric="1" />
			<column name="deleted" valueNumeric="0" />
			<column name="item_id" valueNumeric="320104" />
			<column name="order_line_id" />
			<column name="notes" value="Bulk Upload" />
			<column name="optlock" valueNumeric="0" />
			<column name="group_id" />
			<column name="provisioning_status" />
			<column name="global" valueBoolean="true" />
		</insert>
		<insert tableName="asset">
			<column name="id" valueNumeric="7234" />
			<column name="identifier" value="8662968083" />
			<column name="create_datetime" valueDate="2014-10-22T23:18:07.898" />
			<column name="status_id" valueNumeric="10501" />
			<column name="entity_id" valueNumeric="1" />
			<column name="deleted" valueNumeric="0" />
			<column name="item_id" valueNumeric="320104" />
			<column name="order_line_id" />
			<column name="notes" value="Bulk Upload" />
			<column name="optlock" valueNumeric="0" />
			<column name="group_id" />
			<column name="provisioning_status" />
			<column name="global" valueBoolean="true" />
		</insert>
		<insert tableName="asset">
			<column name="id" valueNumeric="7235" />
			<column name="identifier" value="8662968089" />
			<column name="create_datetime" valueDate="2014-10-22T23:18:07.913" />
			<column name="status_id" valueNumeric="10501" />
			<column name="entity_id" valueNumeric="1" />
			<column name="deleted" valueNumeric="0" />
			<column name="item_id" valueNumeric="320104" />
			<column name="order_line_id" />
			<column name="notes" value="Bulk Upload" />
			<column name="optlock" valueNumeric="0" />
			<column name="group_id" />
			<column name="provisioning_status" />
			<column name="global" valueBoolean="true" />
		</insert>
		<insert tableName="asset">
			<column name="id" valueNumeric="7236" />
			<column name="identifier" value="8662981947" />
			<column name="create_datetime" valueDate="2014-10-22T23:18:07.946" />
			<column name="status_id" valueNumeric="10501" />
			<column name="entity_id" valueNumeric="1" />
			<column name="deleted" valueNumeric="0" />
			<column name="item_id" valueNumeric="320104" />
			<column name="order_line_id" />
			<column name="notes" value="Bulk Upload" />
			<column name="optlock" valueNumeric="0" />
			<column name="group_id" />
			<column name="provisioning_status" />
			<column name="global" valueBoolean="true" />
		</insert>
		<insert tableName="asset">
			<column name="id" valueNumeric="7237" />
			<column name="identifier" value="8662989559" />
			<column name="create_datetime" valueDate="2014-10-22T23:18:07.952" />
			<column name="status_id" valueNumeric="10501" />
			<column name="entity_id" valueNumeric="1" />
			<column name="deleted" valueNumeric="0" />
			<column name="item_id" valueNumeric="320104" />
			<column name="order_line_id" />
			<column name="notes" value="Bulk Upload" />
			<column name="optlock" valueNumeric="0" />
			<column name="group_id" />
			<column name="provisioning_status" />
			<column name="global" valueBoolean="true" />
		</insert>
		<insert tableName="asset">
			<column name="id" valueNumeric="7238" />
			<column name="identifier" value="8662992457" />
			<column name="create_datetime" valueDate="2014-10-22T23:18:07.969" />
			<column name="status_id" valueNumeric="10501" />
			<column name="entity_id" valueNumeric="1" />
			<column name="deleted" valueNumeric="0" />
			<column name="item_id" valueNumeric="320104" />
			<column name="order_line_id" />
			<column name="notes" value="Bulk Upload" />
			<column name="optlock" valueNumeric="0" />
			<column name="group_id" />
			<column name="provisioning_status" />
			<column name="global" valueBoolean="true" />
		</insert>
		<insert tableName="asset">
			<column name="id" valueNumeric="7239" />
			<column name="identifier" value="8662996537" />
			<column name="create_datetime" valueDate="2014-10-22T23:18:07.975" />
			<column name="status_id" valueNumeric="10501" />
			<column name="entity_id" valueNumeric="1" />
			<column name="deleted" valueNumeric="0" />
			<column name="item_id" valueNumeric="320104" />
			<column name="order_line_id" />
			<column name="notes" value="Bulk Upload" />
			<column name="optlock" valueNumeric="0" />
			<column name="group_id" />
			<column name="provisioning_status" />
			<column name="global" valueBoolean="true" />
		</insert>
		<insert tableName="asset">
			<column name="id" valueNumeric="7240" />
			<column name="identifier" value="8662998532" />
			<column name="create_datetime" valueDate="2014-10-22T23:18:07.997" />
			<column name="status_id" valueNumeric="10501" />
			<column name="entity_id" valueNumeric="1" />
			<column name="deleted" valueNumeric="0" />
			<column name="item_id" valueNumeric="320104" />
			<column name="order_line_id" />
			<column name="notes" value="Bulk Upload" />
			<column name="optlock" valueNumeric="0" />
			<column name="group_id" />
			<column name="provisioning_status" />
			<column name="global" valueBoolean="true" />
		</insert>
		<insert tableName="asset">
			<column name="id" valueNumeric="7241" />
			<column name="identifier" value="8663007655" />
			<column name="create_datetime" valueDate="2014-10-22T23:18:08.40" />
			<column name="status_id" valueNumeric="10501" />
			<column name="entity_id" valueNumeric="1" />
			<column name="deleted" valueNumeric="0" />
			<column name="item_id" valueNumeric="320104" />
			<column name="order_line_id" />
			<column name="notes" value="Bulk Upload" />
			<column name="optlock" valueNumeric="0" />
			<column name="group_id" />
			<column name="provisioning_status" />
			<column name="global" valueBoolean="true" />
		</insert>
		<insert tableName="asset">
			<column name="id" valueNumeric="7242" />
			<column name="identifier" value="8663010847" />
			<column name="create_datetime" valueDate="2014-10-22T23:18:08.53" />
			<column name="status_id" valueNumeric="10501" />
			<column name="entity_id" valueNumeric="1" />
			<column name="deleted" valueNumeric="0" />
			<column name="item_id" valueNumeric="320104" />
			<column name="order_line_id" />
			<column name="notes" value="Bulk Upload" />
			<column name="optlock" valueNumeric="0" />
			<column name="group_id" />
			<column name="provisioning_status" />
			<column name="global" valueBoolean="true" />
		</insert>
		<insert tableName="asset">
			<column name="id" valueNumeric="7243" />
			<column name="identifier" value="8663011250" />
			<column name="create_datetime" valueDate="2014-10-22T23:18:08.63" />
			<column name="status_id" valueNumeric="10501" />
			<column name="entity_id" valueNumeric="1" />
			<column name="deleted" valueNumeric="0" />
			<column name="item_id" valueNumeric="320104" />
			<column name="order_line_id" />
			<column name="notes" value="Bulk Upload" />
			<column name="optlock" valueNumeric="0" />
			<column name="group_id" />
			<column name="provisioning_status" />
			<column name="global" valueBoolean="true" />
		</insert>
		<insert tableName="asset">
			<column name="id" valueNumeric="7244" />
			<column name="identifier" value="8663015458" />
			<column name="create_datetime" valueDate="2014-10-22T23:18:08.73" />
			<column name="status_id" valueNumeric="10501" />
			<column name="entity_id" valueNumeric="1" />
			<column name="deleted" valueNumeric="0" />
			<column name="item_id" valueNumeric="320104" />
			<column name="order_line_id" />
			<column name="notes" value="Bulk Upload" />
			<column name="optlock" valueNumeric="0" />
			<column name="group_id" />
			<column name="provisioning_status" />
			<column name="global" valueBoolean="true" />
		</insert>
		<insert tableName="asset">
			<column name="id" valueNumeric="7245" />
			<column name="identifier" value="8663015632" />
			<column name="create_datetime" valueDate="2014-10-22T23:18:08.85" />
			<column name="status_id" valueNumeric="10501" />
			<column name="entity_id" valueNumeric="1" />
			<column name="deleted" valueNumeric="0" />
			<column name="item_id" valueNumeric="320104" />
			<column name="order_line_id" />
			<column name="notes" value="Bulk Upload" />
			<column name="optlock" valueNumeric="0" />
			<column name="group_id" />
			<column name="provisioning_status" />
			<column name="global" valueBoolean="true" />
		</insert>
		<insert tableName="asset">
			<column name="id" valueNumeric="7246" />
			<column name="identifier" value="8663020529" />
			<column name="create_datetime" valueDate="2014-10-22T23:18:08.91" />
			<column name="status_id" valueNumeric="10501" />
			<column name="entity_id" valueNumeric="1" />
			<column name="deleted" valueNumeric="0" />
			<column name="item_id" valueNumeric="320104" />
			<column name="order_line_id" />
			<column name="notes" value="Bulk Upload" />
			<column name="optlock" valueNumeric="0" />
			<column name="group_id" />
			<column name="provisioning_status" />
			<column name="global" valueBoolean="true" />
		</insert>
		<insert tableName="asset">
			<column name="id" valueNumeric="7247" />
			<column name="identifier" value="8663022429" />
			<column name="create_datetime" valueDate="2014-10-22T23:18:08.104" />
			<column name="status_id" valueNumeric="10501" />
			<column name="entity_id" valueNumeric="1" />
			<column name="deleted" valueNumeric="0" />
			<column name="item_id" valueNumeric="320104" />
			<column name="order_line_id" />
			<column name="notes" value="Bulk Upload" />
			<column name="optlock" valueNumeric="0" />
			<column name="group_id" />
			<column name="provisioning_status" />
			<column name="global" valueBoolean="true" />
		</insert>
		<insert tableName="asset">
			<column name="id" valueNumeric="7248" />
			<column name="identifier" value="8663022476" />
			<column name="create_datetime" valueDate="2014-10-22T23:18:08.121" />
			<column name="status_id" valueNumeric="10501" />
			<column name="entity_id" valueNumeric="1" />
			<column name="deleted" valueNumeric="0" />
			<column name="item_id" valueNumeric="320104" />
			<column name="order_line_id" />
			<column name="notes" value="Bulk Upload" />
			<column name="optlock" valueNumeric="0" />
			<column name="group_id" />
			<column name="provisioning_status" />
			<column name="global" valueBoolean="true" />
		</insert>
		<insert tableName="asset">
			<column name="id" valueNumeric="7249" />
			<column name="identifier" value="8663023764" />
			<column name="create_datetime" valueDate="2014-10-22T23:18:08.210" />
			<column name="status_id" valueNumeric="10501" />
			<column name="entity_id" valueNumeric="1" />
			<column name="deleted" valueNumeric="0" />
			<column name="item_id" valueNumeric="320104" />
			<column name="order_line_id" />
			<column name="notes" value="Bulk Upload" />
			<column name="optlock" valueNumeric="0" />
			<column name="group_id" />
			<column name="provisioning_status" />
			<column name="global" valueBoolean="true" />
		</insert>
		<insert tableName="asset">
			<column name="id" valueNumeric="7250" />
			<column name="identifier" value="8663033097" />
			<column name="create_datetime" valueDate="2014-10-22T23:18:08.344" />
			<column name="status_id" valueNumeric="10501" />
			<column name="entity_id" valueNumeric="1" />
			<column name="deleted" valueNumeric="0" />
			<column name="item_id" valueNumeric="320104" />
			<column name="order_line_id" />
			<column name="notes" value="Bulk Upload" />
			<column name="optlock" valueNumeric="0" />
			<column name="group_id" />
			<column name="provisioning_status" />
			<column name="global" valueBoolean="true" />
		</insert>
		<insert tableName="asset">
			<column name="id" valueNumeric="7251" />
			<column name="identifier" value="8663041221" />
			<column name="create_datetime" valueDate="2014-10-22T23:18:08.353" />
			<column name="status_id" valueNumeric="10501" />
			<column name="entity_id" valueNumeric="1" />
			<column name="deleted" valueNumeric="0" />
			<column name="item_id" valueNumeric="320104" />
			<column name="order_line_id" />
			<column name="notes" value="Bulk Upload" />
			<column name="optlock" valueNumeric="0" />
			<column name="group_id" />
			<column name="provisioning_status" />
			<column name="global" valueBoolean="true" />
		</insert>
		<insert tableName="asset">
			<column name="id" valueNumeric="7252" />
			<column name="identifier" value="8663042018" />
			<column name="create_datetime" valueDate="2014-10-22T23:18:08.416" />
			<column name="status_id" valueNumeric="10501" />
			<column name="entity_id" valueNumeric="1" />
			<column name="deleted" valueNumeric="0" />
			<column name="item_id" valueNumeric="320104" />
			<column name="order_line_id" />
			<column name="notes" value="Bulk Upload" />
			<column name="optlock" valueNumeric="0" />
			<column name="group_id" />
			<column name="provisioning_status" />
			<column name="global" valueBoolean="true" />
		</insert>
		<insert tableName="asset">
			<column name="id" valueNumeric="7253" />
			<column name="identifier" value="8663043334" />
			<column name="create_datetime" valueDate="2014-10-22T23:18:08.454" />
			<column name="status_id" valueNumeric="10501" />
			<column name="entity_id" valueNumeric="1" />
			<column name="deleted" valueNumeric="0" />
			<column name="item_id" valueNumeric="320104" />
			<column name="order_line_id" />
			<column name="notes" value="Bulk Upload" />
			<column name="optlock" valueNumeric="0" />
			<column name="group_id" />
			<column name="provisioning_status" />
			<column name="global" valueBoolean="true" />
		</insert>
		<insert tableName="asset">
			<column name="id" valueNumeric="7254" />
			<column name="identifier" value="8663051887" />
			<column name="create_datetime" valueDate="2014-10-22T23:18:08.466" />
			<column name="status_id" valueNumeric="10501" />
			<column name="entity_id" valueNumeric="1" />
			<column name="deleted" valueNumeric="0" />
			<column name="item_id" valueNumeric="320104" />
			<column name="order_line_id" />
			<column name="notes" value="Bulk Upload" />
			<column name="optlock" valueNumeric="0" />
			<column name="group_id" />
			<column name="provisioning_status" />
			<column name="global" valueBoolean="true" />
		</insert>
		<insert tableName="asset">
			<column name="id" valueNumeric="7255" />
			<column name="identifier" value="8663053629" />
			<column name="create_datetime" valueDate="2014-10-22T23:18:08.584" />
			<column name="status_id" valueNumeric="10501" />
			<column name="entity_id" valueNumeric="1" />
			<column name="deleted" valueNumeric="0" />
			<column name="item_id" valueNumeric="320104" />
			<column name="order_line_id" />
			<column name="notes" value="Bulk Upload" />
			<column name="optlock" valueNumeric="0" />
			<column name="group_id" />
			<column name="provisioning_status" />
			<column name="global" valueBoolean="true" />
		</insert>
		<insert tableName="asset">
			<column name="id" valueNumeric="7256" />
			<column name="identifier" value="8663060137" />
			<column name="create_datetime" valueDate="2014-10-22T23:18:08.598" />
			<column name="status_id" valueNumeric="10501" />
			<column name="entity_id" valueNumeric="1" />
			<column name="deleted" valueNumeric="0" />
			<column name="item_id" valueNumeric="320104" />
			<column name="order_line_id" />
			<column name="notes" value="Bulk Upload" />
			<column name="optlock" valueNumeric="0" />
			<column name="group_id" />
			<column name="provisioning_status" />
			<column name="global" valueBoolean="true" />
		</insert>
		<insert tableName="asset">
			<column name="id" valueNumeric="7257" />
			<column name="identifier" value="8663061332" />
			<column name="create_datetime" valueDate="2014-10-22T23:18:08.606" />
			<column name="status_id" valueNumeric="10501" />
			<column name="entity_id" valueNumeric="1" />
			<column name="deleted" valueNumeric="0" />
			<column name="item_id" valueNumeric="320104" />
			<column name="order_line_id" />
			<column name="notes" value="Bulk Upload" />
			<column name="optlock" valueNumeric="0" />
			<column name="group_id" />
			<column name="provisioning_status" />
			<column name="global" valueBoolean="true" />
		</insert>
		<insert tableName="asset">
			<column name="id" valueNumeric="7258" />
			<column name="identifier" value="8663062079" />
			<column name="create_datetime" valueDate="2014-10-22T23:18:08.633" />
			<column name="status_id" valueNumeric="10501" />
			<column name="entity_id" valueNumeric="1" />
			<column name="deleted" valueNumeric="0" />
			<column name="item_id" valueNumeric="320104" />
			<column name="order_line_id" />
			<column name="notes" value="Bulk Upload" />
			<column name="optlock" valueNumeric="0" />
			<column name="group_id" />
			<column name="provisioning_status" />
			<column name="global" valueBoolean="true" />
		</insert>
		<insert tableName="asset">
			<column name="id" valueNumeric="7259" />
			<column name="identifier" value="8663064162" />
			<column name="create_datetime" valueDate="2014-10-22T23:18:08.646" />
			<column name="status_id" valueNumeric="10501" />
			<column name="entity_id" valueNumeric="1" />
			<column name="deleted" valueNumeric="0" />
			<column name="item_id" valueNumeric="320104" />
			<column name="order_line_id" />
			<column name="notes" value="Bulk Upload" />
			<column name="optlock" valueNumeric="0" />
			<column name="group_id" />
			<column name="provisioning_status" />
			<column name="global" valueBoolean="true" />
		</insert>
		<insert tableName="asset">
			<column name="id" valueNumeric="7260" />
			<column name="identifier" value="8663064789" />
			<column name="create_datetime" valueDate="2014-10-22T23:18:08.658" />
			<column name="status_id" valueNumeric="10501" />
			<column name="entity_id" valueNumeric="1" />
			<column name="deleted" valueNumeric="0" />
			<column name="item_id" valueNumeric="320104" />
			<column name="order_line_id" />
			<column name="notes" value="Bulk Upload" />
			<column name="optlock" valueNumeric="0" />
			<column name="group_id" />
			<column name="provisioning_status" />
			<column name="global" valueBoolean="true" />
		</insert>
		<insert tableName="asset">
			<column name="id" valueNumeric="7261" />
			<column name="identifier" value="8663065592" />
			<column name="create_datetime" valueDate="2014-10-22T23:18:08.665" />
			<column name="status_id" valueNumeric="10501" />
			<column name="entity_id" valueNumeric="1" />
			<column name="deleted" valueNumeric="0" />
			<column name="item_id" valueNumeric="320104" />
			<column name="order_line_id" />
			<column name="notes" value="Bulk Upload" />
			<column name="optlock" valueNumeric="0" />
			<column name="group_id" />
			<column name="provisioning_status" />
			<column name="global" valueBoolean="true" />
		</insert>
		<insert tableName="asset">
			<column name="id" valueNumeric="7262" />
			<column name="identifier" value="8663065960" />
			<column name="create_datetime" valueDate="2014-10-22T23:18:08.680" />
			<column name="status_id" valueNumeric="10501" />
			<column name="entity_id" valueNumeric="1" />
			<column name="deleted" valueNumeric="0" />
			<column name="item_id" valueNumeric="320104" />
			<column name="order_line_id" />
			<column name="notes" value="Bulk Upload" />
			<column name="optlock" valueNumeric="0" />
			<column name="group_id" />
			<column name="provisioning_status" />
			<column name="global" valueBoolean="true" />
		</insert>
		<insert tableName="asset">
			<column name="id" valueNumeric="7263" />
			<column name="identifier" value="8663067627" />
			<column name="create_datetime" valueDate="2014-10-22T23:18:08.686" />
			<column name="status_id" valueNumeric="10501" />
			<column name="entity_id" valueNumeric="1" />
			<column name="deleted" valueNumeric="0" />
			<column name="item_id" valueNumeric="320104" />
			<column name="order_line_id" />
			<column name="notes" value="Bulk Upload" />
			<column name="optlock" valueNumeric="0" />
			<column name="group_id" />
			<column name="provisioning_status" />
			<column name="global" valueBoolean="true" />
		</insert>
		<insert tableName="asset">
			<column name="id" valueNumeric="7264" />
			<column name="identifier" value="8663070154" />
			<column name="create_datetime" valueDate="2014-10-22T23:18:08.696" />
			<column name="status_id" valueNumeric="10501" />
			<column name="entity_id" valueNumeric="1" />
			<column name="deleted" valueNumeric="0" />
			<column name="item_id" valueNumeric="320104" />
			<column name="order_line_id" />
			<column name="notes" value="Bulk Upload" />
			<column name="optlock" valueNumeric="0" />
			<column name="group_id" />
			<column name="provisioning_status" />
			<column name="global" valueBoolean="true" />
		</insert>
		<insert tableName="asset">
			<column name="id" valueNumeric="7265" />
			<column name="identifier" value="8663070543" />
			<column name="create_datetime" valueDate="2014-10-22T23:18:08.725" />
			<column name="status_id" valueNumeric="10501" />
			<column name="entity_id" valueNumeric="1" />
			<column name="deleted" valueNumeric="0" />
			<column name="item_id" valueNumeric="320104" />
			<column name="order_line_id" />
			<column name="notes" value="Bulk Upload" />
			<column name="optlock" valueNumeric="0" />
			<column name="group_id" />
			<column name="provisioning_status" />
			<column name="global" valueBoolean="true" />
		</insert>
		<insert tableName="asset">
			<column name="id" valueNumeric="7266" />
			<column name="identifier" value="8663070774" />
			<column name="create_datetime" valueDate="2014-10-22T23:18:08.748" />
			<column name="status_id" valueNumeric="10501" />
			<column name="entity_id" valueNumeric="1" />
			<column name="deleted" valueNumeric="0" />
			<column name="item_id" valueNumeric="320104" />
			<column name="order_line_id" />
			<column name="notes" value="Bulk Upload" />
			<column name="optlock" valueNumeric="0" />
			<column name="group_id" />
			<column name="provisioning_status" />
			<column name="global" valueBoolean="true" />
		</insert>
		<insert tableName="asset">
			<column name="id" valueNumeric="7267" />
			<column name="identifier" value="8663070942" />
			<column name="create_datetime" valueDate="2014-10-22T23:18:08.758" />
			<column name="status_id" valueNumeric="10501" />
			<column name="entity_id" valueNumeric="1" />
			<column name="deleted" valueNumeric="0" />
			<column name="item_id" valueNumeric="320104" />
			<column name="order_line_id" />
			<column name="notes" value="Bulk Upload" />
			<column name="optlock" valueNumeric="0" />
			<column name="group_id" />
			<column name="provisioning_status" />
			<column name="global" valueBoolean="true" />
		</insert>
		<insert tableName="asset">
			<column name="id" valueNumeric="7268" />
			<column name="identifier" value="8663071036" />
			<column name="create_datetime" valueDate="2014-10-22T23:18:08.773" />
			<column name="status_id" valueNumeric="10501" />
			<column name="entity_id" valueNumeric="1" />
			<column name="deleted" valueNumeric="0" />
			<column name="item_id" valueNumeric="320104" />
			<column name="order_line_id" />
			<column name="notes" value="Bulk Upload" />
			<column name="optlock" valueNumeric="0" />
			<column name="group_id" />
			<column name="provisioning_status" />
			<column name="global" valueBoolean="true" />
		</insert>
		<insert tableName="asset">
			<column name="id" valueNumeric="7269" />
			<column name="identifier" value="8663076399" />
			<column name="create_datetime" valueDate="2014-10-22T23:18:08.783" />
			<column name="status_id" valueNumeric="10501" />
			<column name="entity_id" valueNumeric="1" />
			<column name="deleted" valueNumeric="0" />
			<column name="item_id" valueNumeric="320104" />
			<column name="order_line_id" />
			<column name="notes" value="Bulk Upload" />
			<column name="optlock" valueNumeric="0" />
			<column name="group_id" />
			<column name="provisioning_status" />
			<column name="global" valueBoolean="true" />
		</insert>
		<insert tableName="asset">
			<column name="id" valueNumeric="7270" />
			<column name="identifier" value="8663076402" />
			<column name="create_datetime" valueDate="2014-10-22T23:18:08.794" />
			<column name="status_id" valueNumeric="10501" />
			<column name="entity_id" valueNumeric="1" />
			<column name="deleted" valueNumeric="0" />
			<column name="item_id" valueNumeric="320104" />
			<column name="order_line_id" />
			<column name="notes" value="Bulk Upload" />
			<column name="optlock" valueNumeric="0" />
			<column name="group_id" />
			<column name="provisioning_status" />
			<column name="global" valueBoolean="true" />
		</insert>
		<insert tableName="asset">
			<column name="id" valueNumeric="7271" />
			<column name="identifier" value="8663076980" />
			<column name="create_datetime" valueDate="2014-10-22T23:18:08.800" />
			<column name="status_id" valueNumeric="10501" />
			<column name="entity_id" valueNumeric="1" />
			<column name="deleted" valueNumeric="0" />
			<column name="item_id" valueNumeric="320104" />
			<column name="order_line_id" />
			<column name="notes" value="Bulk Upload" />
			<column name="optlock" valueNumeric="0" />
			<column name="group_id" />
			<column name="provisioning_status" />
			<column name="global" valueBoolean="true" />
		</insert>
		<insert tableName="asset">
			<column name="id" valueNumeric="7272" />
			<column name="identifier" value="8663077017" />
			<column name="create_datetime" valueDate="2014-10-22T23:18:08.811" />
			<column name="status_id" valueNumeric="10501" />
			<column name="entity_id" valueNumeric="1" />
			<column name="deleted" valueNumeric="0" />
			<column name="item_id" valueNumeric="320104" />
			<column name="order_line_id" />
			<column name="notes" value="Bulk Upload" />
			<column name="optlock" valueNumeric="0" />
			<column name="group_id" />
			<column name="provisioning_status" />
			<column name="global" valueBoolean="true" />
		</insert>
		<insert tableName="asset">
			<column name="id" valueNumeric="7273" />
			<column name="identifier" value="8663080630" />
			<column name="create_datetime" valueDate="2014-10-22T23:18:08.914" />
			<column name="status_id" valueNumeric="10501" />
			<column name="entity_id" valueNumeric="1" />
			<column name="deleted" valueNumeric="0" />
			<column name="item_id" valueNumeric="320104" />
			<column name="order_line_id" />
			<column name="notes" value="Bulk Upload" />
			<column name="optlock" valueNumeric="0" />
			<column name="group_id" />
			<column name="provisioning_status" />
			<column name="global" valueBoolean="true" />
		</insert>
		<insert tableName="asset">
			<column name="id" valueNumeric="7274" />
			<column name="identifier" value="8663087102" />
			<column name="create_datetime" valueDate="2014-10-22T23:18:08.924" />
			<column name="status_id" valueNumeric="10501" />
			<column name="entity_id" valueNumeric="1" />
			<column name="deleted" valueNumeric="0" />
			<column name="item_id" valueNumeric="320104" />
			<column name="order_line_id" />
			<column name="notes" value="Bulk Upload" />
			<column name="optlock" valueNumeric="0" />
			<column name="group_id" />
			<column name="provisioning_status" />
			<column name="global" valueBoolean="true" />
		</insert>
		<insert tableName="asset">
			<column name="id" valueNumeric="7275" />
			<column name="identifier" value="8663090754" />
			<column name="create_datetime" valueDate="2014-10-22T23:18:08.945" />
			<column name="status_id" valueNumeric="10501" />
			<column name="entity_id" valueNumeric="1" />
			<column name="deleted" valueNumeric="0" />
			<column name="item_id" valueNumeric="320104" />
			<column name="order_line_id" />
			<column name="notes" value="Bulk Upload" />
			<column name="optlock" valueNumeric="0" />
			<column name="group_id" />
			<column name="provisioning_status" />
			<column name="global" valueBoolean="true" />
		</insert>
		<insert tableName="asset">
			<column name="id" valueNumeric="7276" />
			<column name="identifier" value="8663092382" />
			<column name="create_datetime" valueDate="2014-10-22T23:18:08.956" />
			<column name="status_id" valueNumeric="10501" />
			<column name="entity_id" valueNumeric="1" />
			<column name="deleted" valueNumeric="0" />
			<column name="item_id" valueNumeric="320104" />
			<column name="order_line_id" />
			<column name="notes" value="Bulk Upload" />
			<column name="optlock" valueNumeric="0" />
			<column name="group_id" />
			<column name="provisioning_status" />
			<column name="global" valueBoolean="true" />
		</insert>
		<insert tableName="asset">
			<column name="id" valueNumeric="7277" />
			<column name="identifier" value="8663104535" />
			<column name="create_datetime" valueDate="2014-10-22T23:18:08.962" />
			<column name="status_id" valueNumeric="10501" />
			<column name="entity_id" valueNumeric="1" />
			<column name="deleted" valueNumeric="0" />
			<column name="item_id" valueNumeric="320104" />
			<column name="order_line_id" />
			<column name="notes" value="Bulk Upload" />
			<column name="optlock" valueNumeric="0" />
			<column name="group_id" />
			<column name="provisioning_status" />
			<column name="global" valueBoolean="true" />
		</insert>
		<insert tableName="asset">
			<column name="id" valueNumeric="7278" />
			<column name="identifier" value="8663107699" />
			<column name="create_datetime" valueDate="2014-10-22T23:18:08.968" />
			<column name="status_id" valueNumeric="10501" />
			<column name="entity_id" valueNumeric="1" />
			<column name="deleted" valueNumeric="0" />
			<column name="item_id" valueNumeric="320104" />
			<column name="order_line_id" />
			<column name="notes" value="Bulk Upload" />
			<column name="optlock" valueNumeric="0" />
			<column name="group_id" />
			<column name="provisioning_status" />
			<column name="global" valueBoolean="true" />
		</insert>
		<insert tableName="asset">
			<column name="id" valueNumeric="7279" />
			<column name="identifier" value="8663110543" />
			<column name="create_datetime" valueDate="2014-10-22T23:18:08.988" />
			<column name="status_id" valueNumeric="10501" />
			<column name="entity_id" valueNumeric="1" />
			<column name="deleted" valueNumeric="0" />
			<column name="item_id" valueNumeric="320104" />
			<column name="order_line_id" />
			<column name="notes" value="Bulk Upload" />
			<column name="optlock" valueNumeric="0" />
			<column name="group_id" />
			<column name="provisioning_status" />
			<column name="global" valueBoolean="true" />
		</insert>
		<insert tableName="asset">
			<column name="id" valueNumeric="7280" />
			<column name="identifier" value="8663110590" />
			<column name="create_datetime" valueDate="2014-10-22T23:18:09.17" />
			<column name="status_id" valueNumeric="10501" />
			<column name="entity_id" valueNumeric="1" />
			<column name="deleted" valueNumeric="0" />
			<column name="item_id" valueNumeric="320104" />
			<column name="order_line_id" />
			<column name="notes" value="Bulk Upload" />
			<column name="optlock" valueNumeric="0" />
			<column name="group_id" />
			<column name="provisioning_status" />
			<column name="global" valueBoolean="true" />
		</insert>
		<insert tableName="asset">
			<column name="id" valueNumeric="7281" />
			<column name="identifier" value="8663123397" />
			<column name="create_datetime" valueDate="2014-10-22T23:18:09.111" />
			<column name="status_id" valueNumeric="10501" />
			<column name="entity_id" valueNumeric="1" />
			<column name="deleted" valueNumeric="0" />
			<column name="item_id" valueNumeric="320104" />
			<column name="order_line_id" />
			<column name="notes" value="Bulk Upload" />
			<column name="optlock" valueNumeric="0" />
			<column name="group_id" />
			<column name="provisioning_status" />
			<column name="global" valueBoolean="true" />
		</insert>
		<insert tableName="asset">
			<column name="id" valueNumeric="7282" />
			<column name="identifier" value="8663123849" />
			<column name="create_datetime" valueDate="2014-10-22T23:18:09.124" />
			<column name="status_id" valueNumeric="10501" />
			<column name="entity_id" valueNumeric="1" />
			<column name="deleted" valueNumeric="0" />
			<column name="item_id" valueNumeric="320104" />
			<column name="order_line_id" />
			<column name="notes" value="Bulk Upload" />
			<column name="optlock" valueNumeric="0" />
			<column name="group_id" />
			<column name="provisioning_status" />
			<column name="global" valueBoolean="true" />
		</insert>
		<insert tableName="asset">
			<column name="id" valueNumeric="7283" />
			<column name="identifier" value="8663132121" />
			<column name="create_datetime" valueDate="2014-10-22T23:18:09.167" />
			<column name="status_id" valueNumeric="10501" />
			<column name="entity_id" valueNumeric="1" />
			<column name="deleted" valueNumeric="0" />
			<column name="item_id" valueNumeric="320104" />
			<column name="order_line_id" />
			<column name="notes" value="Bulk Upload" />
			<column name="optlock" valueNumeric="0" />
			<column name="group_id" />
			<column name="provisioning_status" />
			<column name="global" valueBoolean="true" />
		</insert>
		<insert tableName="asset">
			<column name="id" valueNumeric="7284" />
			<column name="identifier" value="8663132519" />
			<column name="create_datetime" valueDate="2014-10-22T23:18:09.174" />
			<column name="status_id" valueNumeric="10501" />
			<column name="entity_id" valueNumeric="1" />
			<column name="deleted" valueNumeric="0" />
			<column name="item_id" valueNumeric="320104" />
			<column name="order_line_id" />
			<column name="notes" value="Bulk Upload" />
			<column name="optlock" valueNumeric="0" />
			<column name="group_id" />
			<column name="provisioning_status" />
			<column name="global" valueBoolean="true" />
		</insert>
		<insert tableName="asset">
			<column name="id" valueNumeric="7285" />
			<column name="identifier" value="8663134045" />
			<column name="create_datetime" valueDate="2014-10-22T23:18:09.203" />
			<column name="status_id" valueNumeric="10501" />
			<column name="entity_id" valueNumeric="1" />
			<column name="deleted" valueNumeric="0" />
			<column name="item_id" valueNumeric="320104" />
			<column name="order_line_id" />
			<column name="notes" value="Bulk Upload" />
			<column name="optlock" valueNumeric="0" />
			<column name="group_id" />
			<column name="provisioning_status" />
			<column name="global" valueBoolean="true" />
		</insert>
		<insert tableName="asset">
			<column name="id" valueNumeric="7286" />
			<column name="identifier" value="8663136092" />
			<column name="create_datetime" valueDate="2014-10-22T23:18:09.217" />
			<column name="status_id" valueNumeric="10501" />
			<column name="entity_id" valueNumeric="1" />
			<column name="deleted" valueNumeric="0" />
			<column name="item_id" valueNumeric="320104" />
			<column name="order_line_id" />
			<column name="notes" value="Bulk Upload" />
			<column name="optlock" valueNumeric="0" />
			<column name="group_id" />
			<column name="provisioning_status" />
			<column name="global" valueBoolean="true" />
		</insert>
		<insert tableName="asset">
			<column name="id" valueNumeric="7287" />
			<column name="identifier" value="8663146213" />
			<column name="create_datetime" valueDate="2014-10-22T23:18:09.228" />
			<column name="status_id" valueNumeric="10501" />
			<column name="entity_id" valueNumeric="1" />
			<column name="deleted" valueNumeric="0" />
			<column name="item_id" valueNumeric="320104" />
			<column name="order_line_id" />
			<column name="notes" value="Bulk Upload" />
			<column name="optlock" valueNumeric="0" />
			<column name="group_id" />
			<column name="provisioning_status" />
			<column name="global" valueBoolean="true" />
		</insert>
		<insert tableName="asset">
			<column name="id" valueNumeric="7288" />
			<column name="identifier" value="8663163301" />
			<column name="create_datetime" valueDate="2014-10-22T23:18:09.251" />
			<column name="status_id" valueNumeric="10501" />
			<column name="entity_id" valueNumeric="1" />
			<column name="deleted" valueNumeric="0" />
			<column name="item_id" valueNumeric="320104" />
			<column name="order_line_id" />
			<column name="notes" value="Bulk Upload" />
			<column name="optlock" valueNumeric="0" />
			<column name="group_id" />
			<column name="provisioning_status" />
			<column name="global" valueBoolean="true" />
		</insert>
		<insert tableName="asset">
			<column name="id" valueNumeric="7289" />
			<column name="identifier" value="8663176892" />
			<column name="create_datetime" valueDate="2014-10-22T23:18:09.294" />
			<column name="status_id" valueNumeric="10501" />
			<column name="entity_id" valueNumeric="1" />
			<column name="deleted" valueNumeric="0" />
			<column name="item_id" valueNumeric="320104" />
			<column name="order_line_id" />
			<column name="notes" value="Bulk Upload" />
			<column name="optlock" valueNumeric="0" />
			<column name="group_id" />
			<column name="provisioning_status" />
			<column name="global" valueBoolean="true" />
		</insert>
		<insert tableName="asset">
			<column name="id" valueNumeric="7290" />
			<column name="identifier" value="8663179696" />
			<column name="create_datetime" valueDate="2014-10-22T23:18:09.345" />
			<column name="status_id" valueNumeric="10501" />
			<column name="entity_id" valueNumeric="1" />
			<column name="deleted" valueNumeric="0" />
			<column name="item_id" valueNumeric="320104" />
			<column name="order_line_id" />
			<column name="notes" value="Bulk Upload" />
			<column name="optlock" valueNumeric="0" />
			<column name="group_id" />
			<column name="provisioning_status" />
			<column name="global" valueBoolean="true" />
		</insert>
		<insert tableName="asset">
			<column name="id" valueNumeric="7291" />
			<column name="identifier" value="8663182486" />
			<column name="create_datetime" valueDate="2014-10-22T23:18:09.368" />
			<column name="status_id" valueNumeric="10501" />
			<column name="entity_id" valueNumeric="1" />
			<column name="deleted" valueNumeric="0" />
			<column name="item_id" valueNumeric="320104" />
			<column name="order_line_id" />
			<column name="notes" value="Bulk Upload" />
			<column name="optlock" valueNumeric="0" />
			<column name="group_id" />
			<column name="provisioning_status" />
			<column name="global" valueBoolean="true" />
		</insert>
		<insert tableName="asset">
			<column name="id" valueNumeric="7292" />
			<column name="identifier" value="8663185934" />
			<column name="create_datetime" valueDate="2014-10-22T23:18:09.389" />
			<column name="status_id" valueNumeric="10501" />
			<column name="entity_id" valueNumeric="1" />
			<column name="deleted" valueNumeric="0" />
			<column name="item_id" valueNumeric="320104" />
			<column name="order_line_id" />
			<column name="notes" value="Bulk Upload" />
			<column name="optlock" valueNumeric="0" />
			<column name="group_id" />
			<column name="provisioning_status" />
			<column name="global" valueBoolean="true" />
		</insert>
		<insert tableName="asset">
			<column name="id" valueNumeric="7293" />
			<column name="identifier" value="8663189416" />
			<column name="create_datetime" valueDate="2014-10-22T23:18:09.435" />
			<column name="status_id" valueNumeric="10501" />
			<column name="entity_id" valueNumeric="1" />
			<column name="deleted" valueNumeric="0" />
			<column name="item_id" valueNumeric="320104" />
			<column name="order_line_id" />
			<column name="notes" value="Bulk Upload" />
			<column name="optlock" valueNumeric="0" />
			<column name="group_id" />
			<column name="provisioning_status" />
			<column name="global" valueBoolean="true" />
		</insert>
		<insert tableName="asset">
			<column name="id" valueNumeric="7294" />
			<column name="identifier" value="8663193317" />
			<column name="create_datetime" valueDate="2014-10-22T23:18:09.460" />
			<column name="status_id" valueNumeric="10501" />
			<column name="entity_id" valueNumeric="1" />
			<column name="deleted" valueNumeric="0" />
			<column name="item_id" valueNumeric="320104" />
			<column name="order_line_id" />
			<column name="notes" value="Bulk Upload" />
			<column name="optlock" valueNumeric="0" />
			<column name="group_id" />
			<column name="provisioning_status" />
			<column name="global" valueBoolean="true" />
		</insert>
		<insert tableName="asset">
			<column name="id" valueNumeric="7295" />
			<column name="identifier" value="8663194442" />
			<column name="create_datetime" valueDate="2014-10-22T23:18:09.477" />
			<column name="status_id" valueNumeric="10501" />
			<column name="entity_id" valueNumeric="1" />
			<column name="deleted" valueNumeric="0" />
			<column name="item_id" valueNumeric="320104" />
			<column name="order_line_id" />
			<column name="notes" value="Bulk Upload" />
			<column name="optlock" valueNumeric="0" />
			<column name="group_id" />
			<column name="provisioning_status" />
			<column name="global" valueBoolean="true" />
		</insert>
		<insert tableName="asset">
			<column name="id" valueNumeric="7296" />
			<column name="identifier" value="8663198327" />
			<column name="create_datetime" valueDate="2014-10-22T23:18:09.503" />
			<column name="status_id" valueNumeric="10501" />
			<column name="entity_id" valueNumeric="1" />
			<column name="deleted" valueNumeric="0" />
			<column name="item_id" valueNumeric="320104" />
			<column name="order_line_id" />
			<column name="notes" value="Bulk Upload" />
			<column name="optlock" valueNumeric="0" />
			<column name="group_id" />
			<column name="provisioning_status" />
			<column name="global" valueBoolean="true" />
		</insert>
		<insert tableName="asset">
			<column name="id" valueNumeric="7297" />
			<column name="identifier" value="8663205556" />
			<column name="create_datetime" valueDate="2014-10-22T23:18:09.526" />
			<column name="status_id" valueNumeric="10501" />
			<column name="entity_id" valueNumeric="1" />
			<column name="deleted" valueNumeric="0" />
			<column name="item_id" valueNumeric="320104" />
			<column name="order_line_id" />
			<column name="notes" value="Bulk Upload" />
			<column name="optlock" valueNumeric="0" />
			<column name="group_id" />
			<column name="provisioning_status" />
			<column name="global" valueBoolean="true" />
		</insert>
		<insert tableName="asset">
			<column name="id" valueNumeric="7298" />
			<column name="identifier" value="8663206679" />
			<column name="create_datetime" valueDate="2014-10-22T23:18:09.545" />
			<column name="status_id" valueNumeric="10501" />
			<column name="entity_id" valueNumeric="1" />
			<column name="deleted" valueNumeric="0" />
			<column name="item_id" valueNumeric="320104" />
			<column name="order_line_id" />
			<column name="notes" value="Bulk Upload" />
			<column name="optlock" valueNumeric="0" />
			<column name="group_id" />
			<column name="provisioning_status" />
			<column name="global" valueBoolean="true" />
		</insert>
		<insert tableName="asset">
			<column name="id" valueNumeric="7299" />
			<column name="identifier" value="8663215591" />
			<column name="create_datetime" valueDate="2014-10-22T23:18:09.551" />
			<column name="status_id" valueNumeric="10501" />
			<column name="entity_id" valueNumeric="1" />
			<column name="deleted" valueNumeric="0" />
			<column name="item_id" valueNumeric="320104" />
			<column name="order_line_id" />
			<column name="notes" value="Bulk Upload" />
			<column name="optlock" valueNumeric="0" />
			<column name="group_id" />
			<column name="provisioning_status" />
			<column name="global" valueBoolean="true" />
		</insert>
		<insert tableName="asset">
			<column name="id" valueNumeric="7300" />
			<column name="identifier" value="8663216766" />
			<column name="create_datetime" valueDate="2014-10-22T23:18:09.611" />
			<column name="status_id" valueNumeric="10501" />
			<column name="entity_id" valueNumeric="1" />
			<column name="deleted" valueNumeric="0" />
			<column name="item_id" valueNumeric="320104" />
			<column name="order_line_id" />
			<column name="notes" value="Bulk Upload" />
			<column name="optlock" valueNumeric="0" />
			<column name="group_id" />
			<column name="provisioning_status" />
			<column name="global" valueBoolean="true" />
		</insert>
		<insert tableName="asset">
			<column name="id" valueNumeric="7301" />
			<column name="identifier" value="8663230756" />
			<column name="create_datetime" valueDate="2014-10-22T23:18:09.630" />
			<column name="status_id" valueNumeric="10501" />
			<column name="entity_id" valueNumeric="1" />
			<column name="deleted" valueNumeric="0" />
			<column name="item_id" valueNumeric="320104" />
			<column name="order_line_id" />
			<column name="notes" value="Bulk Upload" />
			<column name="optlock" valueNumeric="0" />
			<column name="group_id" />
			<column name="provisioning_status" />
			<column name="global" valueBoolean="true" />
		</insert>
		<insert tableName="asset">
			<column name="id" valueNumeric="7302" />
			<column name="identifier" value="8663231676" />
			<column name="create_datetime" valueDate="2014-10-22T23:18:09.660" />
			<column name="status_id" valueNumeric="10501" />
			<column name="entity_id" valueNumeric="1" />
			<column name="deleted" valueNumeric="0" />
			<column name="item_id" valueNumeric="320104" />
			<column name="order_line_id" />
			<column name="notes" value="Bulk Upload" />
			<column name="optlock" valueNumeric="0" />
			<column name="group_id" />
			<column name="provisioning_status" />
			<column name="global" valueBoolean="true" />
		</insert>
		<insert tableName="asset">
			<column name="id" valueNumeric="7303" />
			<column name="identifier" value="8663243416" />
			<column name="create_datetime" valueDate="2014-10-22T23:18:09.715" />
			<column name="status_id" valueNumeric="10501" />
			<column name="entity_id" valueNumeric="1" />
			<column name="deleted" valueNumeric="0" />
			<column name="item_id" valueNumeric="320104" />
			<column name="order_line_id" />
			<column name="notes" value="Bulk Upload" />
			<column name="optlock" valueNumeric="0" />
			<column name="group_id" />
			<column name="provisioning_status" />
			<column name="global" valueBoolean="true" />
		</insert>
		<insert tableName="asset">
			<column name="id" valueNumeric="7304" />
			<column name="identifier" value="8663244982" />
			<column name="create_datetime" valueDate="2014-10-22T23:18:09.735" />
			<column name="status_id" valueNumeric="10501" />
			<column name="entity_id" valueNumeric="1" />
			<column name="deleted" valueNumeric="0" />
			<column name="item_id" valueNumeric="320104" />
			<column name="order_line_id" />
			<column name="notes" value="Bulk Upload" />
			<column name="optlock" valueNumeric="0" />
			<column name="group_id" />
			<column name="provisioning_status" />
			<column name="global" valueBoolean="true" />
		</insert>
		<insert tableName="asset">
			<column name="id" valueNumeric="7305" />
			<column name="identifier" value="8663260113" />
			<column name="create_datetime" valueDate="2014-10-22T23:18:09.764" />
			<column name="status_id" valueNumeric="10501" />
			<column name="entity_id" valueNumeric="1" />
			<column name="deleted" valueNumeric="0" />
			<column name="item_id" valueNumeric="320104" />
			<column name="order_line_id" />
			<column name="notes" value="Bulk Upload" />
			<column name="optlock" valueNumeric="0" />
			<column name="group_id" />
			<column name="provisioning_status" />
			<column name="global" valueBoolean="true" />
		</insert>
		<insert tableName="asset">
			<column name="id" valueNumeric="7306" />
			<column name="identifier" value="8663266860" />
			<column name="create_datetime" valueDate="2014-10-22T23:18:09.775" />
			<column name="status_id" valueNumeric="10501" />
			<column name="entity_id" valueNumeric="1" />
			<column name="deleted" valueNumeric="0" />
			<column name="item_id" valueNumeric="320104" />
			<column name="order_line_id" />
			<column name="notes" value="Bulk Upload" />
			<column name="optlock" valueNumeric="0" />
			<column name="group_id" />
			<column name="provisioning_status" />
			<column name="global" valueBoolean="true" />
		</insert>
		<insert tableName="asset">
			<column name="id" valueNumeric="7307" />
			<column name="identifier" value="8663268189" />
			<column name="create_datetime" valueDate="2014-10-22T23:18:09.795" />
			<column name="status_id" valueNumeric="10501" />
			<column name="entity_id" valueNumeric="1" />
			<column name="deleted" valueNumeric="0" />
			<column name="item_id" valueNumeric="320104" />
			<column name="order_line_id" />
			<column name="notes" value="Bulk Upload" />
			<column name="optlock" valueNumeric="0" />
			<column name="group_id" />
			<column name="provisioning_status" />
			<column name="global" valueBoolean="true" />
		</insert>
		<insert tableName="asset">
			<column name="id" valueNumeric="7308" />
			<column name="identifier" value="8663293652" />
			<column name="create_datetime" valueDate="2014-10-22T23:18:09.811" />
			<column name="status_id" valueNumeric="10501" />
			<column name="entity_id" valueNumeric="1" />
			<column name="deleted" valueNumeric="0" />
			<column name="item_id" valueNumeric="320104" />
			<column name="order_line_id" />
			<column name="notes" value="Bulk Upload" />
			<column name="optlock" valueNumeric="0" />
			<column name="group_id" />
			<column name="provisioning_status" />
			<column name="global" valueBoolean="true" />
		</insert>
		<insert tableName="asset">
			<column name="id" valueNumeric="7309" />
			<column name="identifier" value="8663294704" />
			<column name="create_datetime" valueDate="2014-10-22T23:18:09.832" />
			<column name="status_id" valueNumeric="10501" />
			<column name="entity_id" valueNumeric="1" />
			<column name="deleted" valueNumeric="0" />
			<column name="item_id" valueNumeric="320104" />
			<column name="order_line_id" />
			<column name="notes" value="Bulk Upload" />
			<column name="optlock" valueNumeric="0" />
			<column name="group_id" />
			<column name="provisioning_status" />
			<column name="global" valueBoolean="true" />
		</insert>
		<insert tableName="asset">
			<column name="id" valueNumeric="7310" />
			<column name="identifier" value="8663297598" />
			<column name="create_datetime" valueDate="2014-10-22T23:18:09.849" />
			<column name="status_id" valueNumeric="10501" />
			<column name="entity_id" valueNumeric="1" />
			<column name="deleted" valueNumeric="0" />
			<column name="item_id" valueNumeric="320104" />
			<column name="order_line_id" />
			<column name="notes" value="Bulk Upload" />
			<column name="optlock" valueNumeric="0" />
			<column name="group_id" />
			<column name="provisioning_status" />
			<column name="global" valueBoolean="true" />
		</insert>
		<insert tableName="asset">
			<column name="id" valueNumeric="7311" />
			<column name="identifier" value="8663304063" />
			<column name="create_datetime" valueDate="2014-10-22T23:18:09.864" />
			<column name="status_id" valueNumeric="10501" />
			<column name="entity_id" valueNumeric="1" />
			<column name="deleted" valueNumeric="0" />
			<column name="item_id" valueNumeric="320104" />
			<column name="order_line_id" />
			<column name="notes" value="Bulk Upload" />
			<column name="optlock" valueNumeric="0" />
			<column name="group_id" />
			<column name="provisioning_status" />
			<column name="global" valueBoolean="true" />
		</insert>
		<insert tableName="asset">
			<column name="id" valueNumeric="7312" />
			<column name="identifier" value="8663304382" />
			<column name="create_datetime" valueDate="2014-10-22T23:18:09.875" />
			<column name="status_id" valueNumeric="10501" />
			<column name="entity_id" valueNumeric="1" />
			<column name="deleted" valueNumeric="0" />
			<column name="item_id" valueNumeric="320104" />
			<column name="order_line_id" />
			<column name="notes" value="Bulk Upload" />
			<column name="optlock" valueNumeric="0" />
			<column name="group_id" />
			<column name="provisioning_status" />
			<column name="global" valueBoolean="true" />
		</insert>
		<insert tableName="asset">
			<column name="id" valueNumeric="7313" />
			<column name="identifier" value="8663304405" />
			<column name="create_datetime" valueDate="2014-10-22T23:18:09.909" />
			<column name="status_id" valueNumeric="10501" />
			<column name="entity_id" valueNumeric="1" />
			<column name="deleted" valueNumeric="0" />
			<column name="item_id" valueNumeric="320104" />
			<column name="order_line_id" />
			<column name="notes" value="Bulk Upload" />
			<column name="optlock" valueNumeric="0" />
			<column name="group_id" />
			<column name="provisioning_status" />
			<column name="global" valueBoolean="true" />
		</insert>
		<insert tableName="asset">
			<column name="id" valueNumeric="7314" />
			<column name="identifier" value="8663304899" />
			<column name="create_datetime" valueDate="2014-10-22T23:18:09.920" />
			<column name="status_id" valueNumeric="10501" />
			<column name="entity_id" valueNumeric="1" />
			<column name="deleted" valueNumeric="0" />
			<column name="item_id" valueNumeric="320104" />
			<column name="order_line_id" />
			<column name="notes" value="Bulk Upload" />
			<column name="optlock" valueNumeric="0" />
			<column name="group_id" />
			<column name="provisioning_status" />
			<column name="global" valueBoolean="true" />
		</insert>
		<insert tableName="asset">
			<column name="id" valueNumeric="7315" />
			<column name="identifier" value="8663308486" />
			<column name="create_datetime" valueDate="2014-10-22T23:18:09.932" />
			<column name="status_id" valueNumeric="10501" />
			<column name="entity_id" valueNumeric="1" />
			<column name="deleted" valueNumeric="0" />
			<column name="item_id" valueNumeric="320104" />
			<column name="order_line_id" />
			<column name="notes" value="Bulk Upload" />
			<column name="optlock" valueNumeric="0" />
			<column name="group_id" />
			<column name="provisioning_status" />
			<column name="global" valueBoolean="true" />
		</insert>
		<insert tableName="asset">
			<column name="id" valueNumeric="7316" />
			<column name="identifier" value="8663321761" />
			<column name="create_datetime" valueDate="2014-10-22T23:18:09.965" />
			<column name="status_id" valueNumeric="10501" />
			<column name="entity_id" valueNumeric="1" />
			<column name="deleted" valueNumeric="0" />
			<column name="item_id" valueNumeric="320104" />
			<column name="order_line_id" />
			<column name="notes" value="Bulk Upload" />
			<column name="optlock" valueNumeric="0" />
			<column name="group_id" />
			<column name="provisioning_status" />
			<column name="global" valueBoolean="true" />
		</insert>
		<insert tableName="asset">
			<column name="id" valueNumeric="7317" />
			<column name="identifier" value="8663323495" />
			<column name="create_datetime" valueDate="2014-10-22T23:18:09.972" />
			<column name="status_id" valueNumeric="10501" />
			<column name="entity_id" valueNumeric="1" />
			<column name="deleted" valueNumeric="0" />
			<column name="item_id" valueNumeric="320104" />
			<column name="order_line_id" />
			<column name="notes" value="Bulk Upload" />
			<column name="optlock" valueNumeric="0" />
			<column name="group_id" />
			<column name="provisioning_status" />
			<column name="global" valueBoolean="true" />
		</insert>
		<insert tableName="asset">
			<column name="id" valueNumeric="7318" />
			<column name="identifier" value="8663326572" />
			<column name="create_datetime" valueDate="2014-10-22T23:18:09.979" />
			<column name="status_id" valueNumeric="10501" />
			<column name="entity_id" valueNumeric="1" />
			<column name="deleted" valueNumeric="0" />
			<column name="item_id" valueNumeric="320104" />
			<column name="order_line_id" />
			<column name="notes" value="Bulk Upload" />
			<column name="optlock" valueNumeric="0" />
			<column name="group_id" />
			<column name="provisioning_status" />
			<column name="global" valueBoolean="true" />
		</insert>
		<insert tableName="asset">
			<column name="id" valueNumeric="7319" />
			<column name="identifier" value="8663338228" />
			<column name="create_datetime" valueDate="2014-10-22T23:18:09.985" />
			<column name="status_id" valueNumeric="10501" />
			<column name="entity_id" valueNumeric="1" />
			<column name="deleted" valueNumeric="0" />
			<column name="item_id" valueNumeric="320104" />
			<column name="order_line_id" />
			<column name="notes" value="Bulk Upload" />
			<column name="optlock" valueNumeric="0" />
			<column name="group_id" />
			<column name="provisioning_status" />
			<column name="global" valueBoolean="true" />
		</insert>
		<insert tableName="asset">
			<column name="id" valueNumeric="7320" />
			<column name="identifier" value="8663341684" />
			<column name="create_datetime" valueDate="2014-10-22T23:18:10.41" />
			<column name="status_id" valueNumeric="10501" />
			<column name="entity_id" valueNumeric="1" />
			<column name="deleted" valueNumeric="0" />
			<column name="item_id" valueNumeric="320104" />
			<column name="order_line_id" />
			<column name="notes" value="Bulk Upload" />
			<column name="optlock" valueNumeric="0" />
			<column name="group_id" />
			<column name="provisioning_status" />
			<column name="global" valueBoolean="true" />
		</insert>
		<insert tableName="asset">
			<column name="id" valueNumeric="7321" />
			<column name="identifier" value="8663342172" />
			<column name="create_datetime" valueDate="2014-10-22T23:18:10.53" />
			<column name="status_id" valueNumeric="10501" />
			<column name="entity_id" valueNumeric="1" />
			<column name="deleted" valueNumeric="0" />
			<column name="item_id" valueNumeric="320104" />
			<column name="order_line_id" />
			<column name="notes" value="Bulk Upload" />
			<column name="optlock" valueNumeric="0" />
			<column name="group_id" />
			<column name="provisioning_status" />
			<column name="global" valueBoolean="true" />
		</insert>
		<insert tableName="asset">
			<column name="id" valueNumeric="7322" />
			<column name="identifier" value="8663342820" />
			<column name="create_datetime" valueDate="2014-10-22T23:18:10.69" />
			<column name="status_id" valueNumeric="10501" />
			<column name="entity_id" valueNumeric="1" />
			<column name="deleted" valueNumeric="0" />
			<column name="item_id" valueNumeric="320104" />
			<column name="order_line_id" />
			<column name="notes" value="Bulk Upload" />
			<column name="optlock" valueNumeric="0" />
			<column name="group_id" />
			<column name="provisioning_status" />
			<column name="global" valueBoolean="true" />
		</insert>
		<insert tableName="asset">
			<column name="id" valueNumeric="7323" />
			<column name="identifier" value="8663346807" />
			<column name="create_datetime" valueDate="2014-10-22T23:18:10.77" />
			<column name="status_id" valueNumeric="10501" />
			<column name="entity_id" valueNumeric="1" />
			<column name="deleted" valueNumeric="0" />
			<column name="item_id" valueNumeric="320104" />
			<column name="order_line_id" />
			<column name="notes" value="Bulk Upload" />
			<column name="optlock" valueNumeric="0" />
			<column name="group_id" />
			<column name="provisioning_status" />
			<column name="global" valueBoolean="true" />
		</insert>
		<insert tableName="asset">
			<column name="id" valueNumeric="7324" />
			<column name="identifier" value="8663363303" />
			<column name="create_datetime" valueDate="2014-10-22T23:18:10.126" />
			<column name="status_id" valueNumeric="10501" />
			<column name="entity_id" valueNumeric="1" />
			<column name="deleted" valueNumeric="0" />
			<column name="item_id" valueNumeric="320104" />
			<column name="order_line_id" />
			<column name="notes" value="Bulk Upload" />
			<column name="optlock" valueNumeric="0" />
			<column name="group_id" />
			<column name="provisioning_status" />
			<column name="global" valueBoolean="true" />
		</insert>
		<insert tableName="asset">
			<column name="id" valueNumeric="7325" />
			<column name="identifier" value="8663379153" />
			<column name="create_datetime" valueDate="2014-10-22T23:18:10.133" />
			<column name="status_id" valueNumeric="10501" />
			<column name="entity_id" valueNumeric="1" />
			<column name="deleted" valueNumeric="0" />
			<column name="item_id" valueNumeric="320104" />
			<column name="order_line_id" />
			<column name="notes" value="Bulk Upload" />
			<column name="optlock" valueNumeric="0" />
			<column name="group_id" />
			<column name="provisioning_status" />
			<column name="global" valueBoolean="true" />
		</insert>
		<insert tableName="asset">
			<column name="id" valueNumeric="7326" />
			<column name="identifier" value="8663384209" />
			<column name="create_datetime" valueDate="2014-10-22T23:18:10.139" />
			<column name="status_id" valueNumeric="10501" />
			<column name="entity_id" valueNumeric="1" />
			<column name="deleted" valueNumeric="0" />
			<column name="item_id" valueNumeric="320104" />
			<column name="order_line_id" />
			<column name="notes" value="Bulk Upload" />
			<column name="optlock" valueNumeric="0" />
			<column name="group_id" />
			<column name="provisioning_status" />
			<column name="global" valueBoolean="true" />
		</insert>
		<insert tableName="asset">
			<column name="id" valueNumeric="7327" />
			<column name="identifier" value="8663390929" />
			<column name="create_datetime" valueDate="2014-10-22T23:18:10.146" />
			<column name="status_id" valueNumeric="10501" />
			<column name="entity_id" valueNumeric="1" />
			<column name="deleted" valueNumeric="0" />
			<column name="item_id" valueNumeric="320104" />
			<column name="order_line_id" />
			<column name="notes" value="Bulk Upload" />
			<column name="optlock" valueNumeric="0" />
			<column name="group_id" />
			<column name="provisioning_status" />
			<column name="global" valueBoolean="true" />
		</insert>
		<insert tableName="asset">
			<column name="id" valueNumeric="7328" />
			<column name="identifier" value="8663396298" />
			<column name="create_datetime" valueDate="2014-10-22T23:18:10.167" />
			<column name="status_id" valueNumeric="10501" />
			<column name="entity_id" valueNumeric="1" />
			<column name="deleted" valueNumeric="0" />
			<column name="item_id" valueNumeric="320104" />
			<column name="order_line_id" />
			<column name="notes" value="Bulk Upload" />
			<column name="optlock" valueNumeric="0" />
			<column name="group_id" />
			<column name="provisioning_status" />
			<column name="global" valueBoolean="true" />
		</insert>
		<insert tableName="asset">
			<column name="id" valueNumeric="7329" />
			<column name="identifier" value="8663405551" />
			<column name="create_datetime" valueDate="2014-10-22T23:18:10.232" />
			<column name="status_id" valueNumeric="10501" />
			<column name="entity_id" valueNumeric="1" />
			<column name="deleted" valueNumeric="0" />
			<column name="item_id" valueNumeric="320104" />
			<column name="order_line_id" />
			<column name="notes" value="Bulk Upload" />
			<column name="optlock" valueNumeric="0" />
			<column name="group_id" />
			<column name="provisioning_status" />
			<column name="global" valueBoolean="true" />
		</insert>
		<insert tableName="asset">
			<column name="id" valueNumeric="7330" />
			<column name="identifier" value="8663409549" />
			<column name="create_datetime" valueDate="2014-10-22T23:18:10.254" />
			<column name="status_id" valueNumeric="10501" />
			<column name="entity_id" valueNumeric="1" />
			<column name="deleted" valueNumeric="0" />
			<column name="item_id" valueNumeric="320104" />
			<column name="order_line_id" />
			<column name="notes" value="Bulk Upload" />
			<column name="optlock" valueNumeric="0" />
			<column name="group_id" />
			<column name="provisioning_status" />
			<column name="global" valueBoolean="true" />
		</insert>
		<insert tableName="asset">
			<column name="id" valueNumeric="7331" />
			<column name="identifier" value="8663451758" />
			<column name="create_datetime" valueDate="2014-10-22T23:18:10.260" />
			<column name="status_id" valueNumeric="10501" />
			<column name="entity_id" valueNumeric="1" />
			<column name="deleted" valueNumeric="0" />
			<column name="item_id" valueNumeric="320104" />
			<column name="order_line_id" />
			<column name="notes" value="Bulk Upload" />
			<column name="optlock" valueNumeric="0" />
			<column name="group_id" />
			<column name="provisioning_status" />
			<column name="global" valueBoolean="true" />
		</insert>
		<insert tableName="asset">
			<column name="id" valueNumeric="7332" />
			<column name="identifier" value="8663456092" />
			<column name="create_datetime" valueDate="2014-10-22T23:18:10.285" />
			<column name="status_id" valueNumeric="10501" />
			<column name="entity_id" valueNumeric="1" />
			<column name="deleted" valueNumeric="0" />
			<column name="item_id" valueNumeric="320104" />
			<column name="order_line_id" />
			<column name="notes" value="Bulk Upload" />
			<column name="optlock" valueNumeric="0" />
			<column name="group_id" />
			<column name="provisioning_status" />
			<column name="global" valueBoolean="true" />
		</insert>
		<insert tableName="asset">
			<column name="id" valueNumeric="7333" />
			<column name="identifier" value="8663463007" />
			<column name="create_datetime" valueDate="2014-10-22T23:18:10.317" />
			<column name="status_id" valueNumeric="10501" />
			<column name="entity_id" valueNumeric="1" />
			<column name="deleted" valueNumeric="0" />
			<column name="item_id" valueNumeric="320104" />
			<column name="order_line_id" />
			<column name="notes" value="Bulk Upload" />
			<column name="optlock" valueNumeric="0" />
			<column name="group_id" />
			<column name="provisioning_status" />
			<column name="global" valueBoolean="true" />
		</insert>
		<insert tableName="asset">
			<column name="id" valueNumeric="7334" />
			<column name="identifier" value="8663463032" />
			<column name="create_datetime" valueDate="2014-10-22T23:18:10.323" />
			<column name="status_id" valueNumeric="10501" />
			<column name="entity_id" valueNumeric="1" />
			<column name="deleted" valueNumeric="0" />
			<column name="item_id" valueNumeric="320104" />
			<column name="order_line_id" />
			<column name="notes" value="Bulk Upload" />
			<column name="optlock" valueNumeric="0" />
			<column name="group_id" />
			<column name="provisioning_status" />
			<column name="global" valueBoolean="true" />
		</insert>
		<insert tableName="asset">
			<column name="id" valueNumeric="7335" />
			<column name="identifier" value="8663476006" />
			<column name="create_datetime" valueDate="2014-10-22T23:18:10.329" />
			<column name="status_id" valueNumeric="10501" />
			<column name="entity_id" valueNumeric="1" />
			<column name="deleted" valueNumeric="0" />
			<column name="item_id" valueNumeric="320104" />
			<column name="order_line_id" />
			<column name="notes" value="Bulk Upload" />
			<column name="optlock" valueNumeric="0" />
			<column name="group_id" />
			<column name="provisioning_status" />
			<column name="global" valueBoolean="true" />
		</insert>
		<insert tableName="asset">
			<column name="id" valueNumeric="7336" />
			<column name="identifier" value="8663477921" />
			<column name="create_datetime" valueDate="2014-10-22T23:18:10.336" />
			<column name="status_id" valueNumeric="10501" />
			<column name="entity_id" valueNumeric="1" />
			<column name="deleted" valueNumeric="0" />
			<column name="item_id" valueNumeric="320104" />
			<column name="order_line_id" />
			<column name="notes" value="Bulk Upload" />
			<column name="optlock" valueNumeric="0" />
			<column name="group_id" />
			<column name="provisioning_status" />
			<column name="global" valueBoolean="true" />
		</insert>
		<insert tableName="asset">
			<column name="id" valueNumeric="7337" />
			<column name="identifier" value="8663480144" />
			<column name="create_datetime" valueDate="2014-10-22T23:18:10.342" />
			<column name="status_id" valueNumeric="10501" />
			<column name="entity_id" valueNumeric="1" />
			<column name="deleted" valueNumeric="0" />
			<column name="item_id" valueNumeric="320104" />
			<column name="order_line_id" />
			<column name="notes" value="Bulk Upload" />
			<column name="optlock" valueNumeric="0" />
			<column name="group_id" />
			<column name="provisioning_status" />
			<column name="global" valueBoolean="true" />
		</insert>
		<insert tableName="asset">
			<column name="id" valueNumeric="7338" />
			<column name="identifier" value="8663480804" />
			<column name="create_datetime" valueDate="2014-10-22T23:18:10.369" />
			<column name="status_id" valueNumeric="10501" />
			<column name="entity_id" valueNumeric="1" />
			<column name="deleted" valueNumeric="0" />
			<column name="item_id" valueNumeric="320104" />
			<column name="order_line_id" />
			<column name="notes" value="Bulk Upload" />
			<column name="optlock" valueNumeric="0" />
			<column name="group_id" />
			<column name="provisioning_status" />
			<column name="global" valueBoolean="true" />
		</insert>
		<insert tableName="asset">
			<column name="id" valueNumeric="7339" />
			<column name="identifier" value="8663482253" />
			<column name="create_datetime" valueDate="2014-10-22T23:18:10.402" />
			<column name="status_id" valueNumeric="10501" />
			<column name="entity_id" valueNumeric="1" />
			<column name="deleted" valueNumeric="0" />
			<column name="item_id" valueNumeric="320104" />
			<column name="order_line_id" />
			<column name="notes" value="Bulk Upload" />
			<column name="optlock" valueNumeric="0" />
			<column name="group_id" />
			<column name="provisioning_status" />
			<column name="global" valueBoolean="true" />
		</insert>
		<insert tableName="asset">
			<column name="id" valueNumeric="7340" />
			<column name="identifier" value="8663483393" />
			<column name="create_datetime" valueDate="2014-10-22T23:18:10.434" />
			<column name="status_id" valueNumeric="10501" />
			<column name="entity_id" valueNumeric="1" />
			<column name="deleted" valueNumeric="0" />
			<column name="item_id" valueNumeric="320104" />
			<column name="order_line_id" />
			<column name="notes" value="Bulk Upload" />
			<column name="optlock" valueNumeric="0" />
			<column name="group_id" />
			<column name="provisioning_status" />
			<column name="global" valueBoolean="true" />
		</insert>
		<insert tableName="asset">
			<column name="id" valueNumeric="7341" />
			<column name="identifier" value="8663485867" />
			<column name="create_datetime" valueDate="2014-10-22T23:18:10.483" />
			<column name="status_id" valueNumeric="10501" />
			<column name="entity_id" valueNumeric="1" />
			<column name="deleted" valueNumeric="0" />
			<column name="item_id" valueNumeric="320104" />
			<column name="order_line_id" />
			<column name="notes" value="Bulk Upload" />
			<column name="optlock" valueNumeric="0" />
			<column name="group_id" />
			<column name="provisioning_status" />
			<column name="global" valueBoolean="true" />
		</insert>
		<insert tableName="asset">
			<column name="id" valueNumeric="7342" />
			<column name="identifier" value="8663488229" />
			<column name="create_datetime" valueDate="2014-10-22T23:18:10.489" />
			<column name="status_id" valueNumeric="10501" />
			<column name="entity_id" valueNumeric="1" />
			<column name="deleted" valueNumeric="0" />
			<column name="item_id" valueNumeric="320104" />
			<column name="order_line_id" />
			<column name="notes" value="Bulk Upload" />
			<column name="optlock" valueNumeric="0" />
			<column name="group_id" />
			<column name="provisioning_status" />
			<column name="global" valueBoolean="true" />
		</insert>
		<insert tableName="asset">
			<column name="id" valueNumeric="7343" />
			<column name="identifier" value="8663489426" />
			<column name="create_datetime" valueDate="2014-10-22T23:18:10.510" />
			<column name="status_id" valueNumeric="10501" />
			<column name="entity_id" valueNumeric="1" />
			<column name="deleted" valueNumeric="0" />
			<column name="item_id" valueNumeric="320104" />
			<column name="order_line_id" />
			<column name="notes" value="Bulk Upload" />
			<column name="optlock" valueNumeric="0" />
			<column name="group_id" />
			<column name="provisioning_status" />
			<column name="global" valueBoolean="true" />
		</insert>
		<insert tableName="asset">
			<column name="id" valueNumeric="7344" />
			<column name="identifier" value="8663498927" />
			<column name="create_datetime" valueDate="2014-10-22T23:18:10.525" />
			<column name="status_id" valueNumeric="10501" />
			<column name="entity_id" valueNumeric="1" />
			<column name="deleted" valueNumeric="0" />
			<column name="item_id" valueNumeric="320104" />
			<column name="order_line_id" />
			<column name="notes" value="Bulk Upload" />
			<column name="optlock" valueNumeric="0" />
			<column name="group_id" />
			<column name="provisioning_status" />
			<column name="global" valueBoolean="true" />
		</insert>
		<insert tableName="asset">
			<column name="id" valueNumeric="7345" />
			<column name="identifier" value="8663514520" />
			<column name="create_datetime" valueDate="2014-10-22T23:18:10.532" />
			<column name="status_id" valueNumeric="10501" />
			<column name="entity_id" valueNumeric="1" />
			<column name="deleted" valueNumeric="0" />
			<column name="item_id" valueNumeric="320104" />
			<column name="order_line_id" />
			<column name="notes" value="Bulk Upload" />
			<column name="optlock" valueNumeric="0" />
			<column name="group_id" />
			<column name="provisioning_status" />
			<column name="global" valueBoolean="true" />
		</insert>
		<insert tableName="asset">
			<column name="id" valueNumeric="7346" />
			<column name="identifier" value="8663524842" />
			<column name="create_datetime" valueDate="2014-10-22T23:18:10.559" />
			<column name="status_id" valueNumeric="10501" />
			<column name="entity_id" valueNumeric="1" />
			<column name="deleted" valueNumeric="0" />
			<column name="item_id" valueNumeric="320104" />
			<column name="order_line_id" />
			<column name="notes" value="Bulk Upload" />
			<column name="optlock" valueNumeric="0" />
			<column name="group_id" />
			<column name="provisioning_status" />
			<column name="global" valueBoolean="true" />
		</insert>
		<insert tableName="asset">
			<column name="id" valueNumeric="7347" />
			<column name="identifier" value="8663532650" />
			<column name="create_datetime" valueDate="2014-10-22T23:18:10.583" />
			<column name="status_id" valueNumeric="10501" />
			<column name="entity_id" valueNumeric="1" />
			<column name="deleted" valueNumeric="0" />
			<column name="item_id" valueNumeric="320104" />
			<column name="order_line_id" />
			<column name="notes" value="Bulk Upload" />
			<column name="optlock" valueNumeric="0" />
			<column name="group_id" />
			<column name="provisioning_status" />
			<column name="global" valueBoolean="true" />
		</insert>
		<insert tableName="asset">
			<column name="id" valueNumeric="7348" />
			<column name="identifier" value="8663534088" />
			<column name="create_datetime" valueDate="2014-10-22T23:18:10.593" />
			<column name="status_id" valueNumeric="10501" />
			<column name="entity_id" valueNumeric="1" />
			<column name="deleted" valueNumeric="0" />
			<column name="item_id" valueNumeric="320104" />
			<column name="order_line_id" />
			<column name="notes" value="Bulk Upload" />
			<column name="optlock" valueNumeric="0" />
			<column name="group_id" />
			<column name="provisioning_status" />
			<column name="global" valueBoolean="true" />
		</insert>
		<insert tableName="asset">
			<column name="id" valueNumeric="7349" />
			<column name="identifier" value="8663562235" />
			<column name="create_datetime" valueDate="2014-10-22T23:18:10.599" />
			<column name="status_id" valueNumeric="10501" />
			<column name="entity_id" valueNumeric="1" />
			<column name="deleted" valueNumeric="0" />
			<column name="item_id" valueNumeric="320104" />
			<column name="order_line_id" />
			<column name="notes" value="Bulk Upload" />
			<column name="optlock" valueNumeric="0" />
			<column name="group_id" />
			<column name="provisioning_status" />
			<column name="global" valueBoolean="true" />
		</insert>
		<insert tableName="asset">
			<column name="id" valueNumeric="7350" />
			<column name="identifier" value="8663562857" />
			<column name="create_datetime" valueDate="2014-10-22T23:18:10.617" />
			<column name="status_id" valueNumeric="10501" />
			<column name="entity_id" valueNumeric="1" />
			<column name="deleted" valueNumeric="0" />
			<column name="item_id" valueNumeric="320104" />
			<column name="order_line_id" />
			<column name="notes" value="Bulk Upload" />
			<column name="optlock" valueNumeric="0" />
			<column name="group_id" />
			<column name="provisioning_status" />
			<column name="global" valueBoolean="true" />
		</insert>
		<insert tableName="asset">
			<column name="id" valueNumeric="7351" />
			<column name="identifier" value="8663565236" />
			<column name="create_datetime" valueDate="2014-10-22T23:18:10.642" />
			<column name="status_id" valueNumeric="10501" />
			<column name="entity_id" valueNumeric="1" />
			<column name="deleted" valueNumeric="0" />
			<column name="item_id" valueNumeric="320104" />
			<column name="order_line_id" />
			<column name="notes" value="Bulk Upload" />
			<column name="optlock" valueNumeric="0" />
			<column name="group_id" />
			<column name="provisioning_status" />
			<column name="global" valueBoolean="true" />
		</insert>
		<insert tableName="asset">
			<column name="id" valueNumeric="7352" />
			<column name="identifier" value="8663580520" />
			<column name="create_datetime" valueDate="2014-10-22T23:18:10.657" />
			<column name="status_id" valueNumeric="10501" />
			<column name="entity_id" valueNumeric="1" />
			<column name="deleted" valueNumeric="0" />
			<column name="item_id" valueNumeric="320104" />
			<column name="order_line_id" />
			<column name="notes" value="Bulk Upload" />
			<column name="optlock" valueNumeric="0" />
			<column name="group_id" />
			<column name="provisioning_status" />
			<column name="global" valueBoolean="true" />
		</insert>
		<insert tableName="asset">
			<column name="id" valueNumeric="7353" />
			<column name="identifier" value="8663582245" />
			<column name="create_datetime" valueDate="2014-10-22T23:18:10.663" />
			<column name="status_id" valueNumeric="10501" />
			<column name="entity_id" valueNumeric="1" />
			<column name="deleted" valueNumeric="0" />
			<column name="item_id" valueNumeric="320104" />
			<column name="order_line_id" />
			<column name="notes" value="Bulk Upload" />
			<column name="optlock" valueNumeric="0" />
			<column name="group_id" />
			<column name="provisioning_status" />
			<column name="global" valueBoolean="true" />
		</insert>
		<insert tableName="asset">
			<column name="id" valueNumeric="7354" />
			<column name="identifier" value="8663585533" />
			<column name="create_datetime" valueDate="2014-10-22T23:18:10.855" />
			<column name="status_id" valueNumeric="10501" />
			<column name="entity_id" valueNumeric="1" />
			<column name="deleted" valueNumeric="0" />
			<column name="item_id" valueNumeric="320104" />
			<column name="order_line_id" />
			<column name="notes" value="Bulk Upload" />
			<column name="optlock" valueNumeric="0" />
			<column name="group_id" />
			<column name="provisioning_status" />
			<column name="global" valueBoolean="true" />
		</insert>
		<insert tableName="asset">
			<column name="id" valueNumeric="7355" />
			<column name="identifier" value="8663601080" />
			<column name="create_datetime" valueDate="2014-10-22T23:18:10.862" />
			<column name="status_id" valueNumeric="10501" />
			<column name="entity_id" valueNumeric="1" />
			<column name="deleted" valueNumeric="0" />
			<column name="item_id" valueNumeric="320104" />
			<column name="order_line_id" />
			<column name="notes" value="Bulk Upload" />
			<column name="optlock" valueNumeric="0" />
			<column name="group_id" />
			<column name="provisioning_status" />
			<column name="global" valueBoolean="true" />
		</insert>
		<insert tableName="asset">
			<column name="id" valueNumeric="7356" />
			<column name="identifier" value="8663627664" />
			<column name="create_datetime" valueDate="2014-10-22T23:18:10.878" />
			<column name="status_id" valueNumeric="10501" />
			<column name="entity_id" valueNumeric="1" />
			<column name="deleted" valueNumeric="0" />
			<column name="item_id" valueNumeric="320104" />
			<column name="order_line_id" />
			<column name="notes" value="Bulk Upload" />
			<column name="optlock" valueNumeric="0" />
			<column name="group_id" />
			<column name="provisioning_status" />
			<column name="global" valueBoolean="true" />
		</insert>
		<insert tableName="asset">
			<column name="id" valueNumeric="7357" />
			<column name="identifier" value="8663628203" />
			<column name="create_datetime" valueDate="2014-10-22T23:18:10.886" />
			<column name="status_id" valueNumeric="10501" />
			<column name="entity_id" valueNumeric="1" />
			<column name="deleted" valueNumeric="0" />
			<column name="item_id" valueNumeric="320104" />
			<column name="order_line_id" />
			<column name="notes" value="Bulk Upload" />
			<column name="optlock" valueNumeric="0" />
			<column name="group_id" />
			<column name="provisioning_status" />
			<column name="global" valueBoolean="true" />
		</insert>
		<insert tableName="asset">
			<column name="id" valueNumeric="7358" />
			<column name="identifier" value="8663630717" />
			<column name="create_datetime" valueDate="2014-10-22T23:18:10.944" />
			<column name="status_id" valueNumeric="10501" />
			<column name="entity_id" valueNumeric="1" />
			<column name="deleted" valueNumeric="0" />
			<column name="item_id" valueNumeric="320104" />
			<column name="order_line_id" />
			<column name="notes" value="Bulk Upload" />
			<column name="optlock" valueNumeric="0" />
			<column name="group_id" />
			<column name="provisioning_status" />
			<column name="global" valueBoolean="true" />
		</insert>
		<insert tableName="asset">
			<column name="id" valueNumeric="7359" />
			<column name="identifier" value="8663635430" />
			<column name="create_datetime" valueDate="2014-10-22T23:18:10.950" />
			<column name="status_id" valueNumeric="10501" />
			<column name="entity_id" valueNumeric="1" />
			<column name="deleted" valueNumeric="0" />
			<column name="item_id" valueNumeric="320104" />
			<column name="order_line_id" />
			<column name="notes" value="Bulk Upload" />
			<column name="optlock" valueNumeric="0" />
			<column name="group_id" />
			<column name="provisioning_status" />
			<column name="global" valueBoolean="true" />
		</insert>
		<insert tableName="asset">
			<column name="id" valueNumeric="7360" />
			<column name="identifier" value="8663649751" />
			<column name="create_datetime" valueDate="2014-10-22T23:18:10.978" />
			<column name="status_id" valueNumeric="10501" />
			<column name="entity_id" valueNumeric="1" />
			<column name="deleted" valueNumeric="0" />
			<column name="item_id" valueNumeric="320104" />
			<column name="order_line_id" />
			<column name="notes" value="Bulk Upload" />
			<column name="optlock" valueNumeric="0" />
			<column name="group_id" />
			<column name="provisioning_status" />
			<column name="global" valueBoolean="true" />
		</insert>
		<insert tableName="asset">
			<column name="id" valueNumeric="7361" />
			<column name="identifier" value="8663654244" />
			<column name="create_datetime" valueDate="2014-10-22T23:18:11.46" />
			<column name="status_id" valueNumeric="10501" />
			<column name="entity_id" valueNumeric="1" />
			<column name="deleted" valueNumeric="0" />
			<column name="item_id" valueNumeric="320104" />
			<column name="order_line_id" />
			<column name="notes" value="Bulk Upload" />
			<column name="optlock" valueNumeric="0" />
			<column name="group_id" />
			<column name="provisioning_status" />
			<column name="global" valueBoolean="true" />
		</insert>
		<insert tableName="asset">
			<column name="id" valueNumeric="7362" />
			<column name="identifier" value="8663656006" />
			<column name="create_datetime" valueDate="2014-10-22T23:18:11.344" />
			<column name="status_id" valueNumeric="10501" />
			<column name="entity_id" valueNumeric="1" />
			<column name="deleted" valueNumeric="0" />
			<column name="item_id" valueNumeric="320104" />
			<column name="order_line_id" />
			<column name="notes" value="Bulk Upload" />
			<column name="optlock" valueNumeric="0" />
			<column name="group_id" />
			<column name="provisioning_status" />
			<column name="global" valueBoolean="true" />
		</insert>
		<insert tableName="asset">
			<column name="id" valueNumeric="7363" />
			<column name="identifier" value="8663656490" />
			<column name="create_datetime" valueDate="2014-10-22T23:18:11.352" />
			<column name="status_id" valueNumeric="10501" />
			<column name="entity_id" valueNumeric="1" />
			<column name="deleted" valueNumeric="0" />
			<column name="item_id" valueNumeric="320104" />
			<column name="order_line_id" />
			<column name="notes" value="Bulk Upload" />
			<column name="optlock" valueNumeric="0" />
			<column name="group_id" />
			<column name="provisioning_status" />
			<column name="global" valueBoolean="true" />
		</insert>
		<insert tableName="asset">
			<column name="id" valueNumeric="7364" />
			<column name="identifier" value="8663690932" />
			<column name="create_datetime" valueDate="2014-10-22T23:18:11.372" />
			<column name="status_id" valueNumeric="10501" />
			<column name="entity_id" valueNumeric="1" />
			<column name="deleted" valueNumeric="0" />
			<column name="item_id" valueNumeric="320104" />
			<column name="order_line_id" />
			<column name="notes" value="Bulk Upload" />
			<column name="optlock" valueNumeric="0" />
			<column name="group_id" />
			<column name="provisioning_status" />
			<column name="global" valueBoolean="true" />
		</insert>
		<insert tableName="asset">
			<column name="id" valueNumeric="7365" />
			<column name="identifier" value="8663698622" />
			<column name="create_datetime" valueDate="2014-10-22T23:18:11.405" />
			<column name="status_id" valueNumeric="10501" />
			<column name="entity_id" valueNumeric="1" />
			<column name="deleted" valueNumeric="0" />
			<column name="item_id" valueNumeric="320104" />
			<column name="order_line_id" />
			<column name="notes" value="Bulk Upload" />
			<column name="optlock" valueNumeric="0" />
			<column name="group_id" />
			<column name="provisioning_status" />
			<column name="global" valueBoolean="true" />
		</insert>
		<insert tableName="asset">
			<column name="id" valueNumeric="7366" />
			<column name="identifier" value="8663703438" />
			<column name="create_datetime" valueDate="2014-10-22T23:18:11.430" />
			<column name="status_id" valueNumeric="10501" />
			<column name="entity_id" valueNumeric="1" />
			<column name="deleted" valueNumeric="0" />
			<column name="item_id" valueNumeric="320104" />
			<column name="order_line_id" />
			<column name="notes" value="Bulk Upload" />
			<column name="optlock" valueNumeric="0" />
			<column name="group_id" />
			<column name="provisioning_status" />
			<column name="global" valueBoolean="true" />
		</insert>
		<insert tableName="asset">
			<column name="id" valueNumeric="7367" />
			<column name="identifier" value="8663705969" />
			<column name="create_datetime" valueDate="2014-10-22T23:18:11.438" />
			<column name="status_id" valueNumeric="10501" />
			<column name="entity_id" valueNumeric="1" />
			<column name="deleted" valueNumeric="0" />
			<column name="item_id" valueNumeric="320104" />
			<column name="order_line_id" />
			<column name="notes" value="Bulk Upload" />
			<column name="optlock" valueNumeric="0" />
			<column name="group_id" />
			<column name="provisioning_status" />
			<column name="global" valueBoolean="true" />
		</insert>
		<insert tableName="asset">
			<column name="id" valueNumeric="7368" />
			<column name="identifier" value="8663711355" />
			<column name="create_datetime" valueDate="2014-10-22T23:18:11.448" />
			<column name="status_id" valueNumeric="10501" />
			<column name="entity_id" valueNumeric="1" />
			<column name="deleted" valueNumeric="0" />
			<column name="item_id" valueNumeric="320104" />
			<column name="order_line_id" />
			<column name="notes" value="Bulk Upload" />
			<column name="optlock" valueNumeric="0" />
			<column name="group_id" />
			<column name="provisioning_status" />
			<column name="global" valueBoolean="true" />
		</insert>
		<insert tableName="asset">
			<column name="id" valueNumeric="7591" />
			<column name="identifier" value="8664889599" />
			<column name="create_datetime" valueDate="2014-10-22T23:18:19.245" />
			<column name="status_id" valueNumeric="10501" />
			<column name="entity_id" valueNumeric="1" />
			<column name="deleted" valueNumeric="0" />
			<column name="item_id" valueNumeric="320104" />
			<column name="order_line_id" />
			<column name="notes" value="Bulk Upload" />
			<column name="optlock" valueNumeric="0" />
			<column name="group_id" />
			<column name="provisioning_status" />
			<column name="global" valueBoolean="true" />
		</insert>
		<insert tableName="asset">
			<column name="id" valueNumeric="7594" />
			<column name="identifier" value="8664894218" />
			<column name="create_datetime" valueDate="2014-10-22T23:18:19.340" />
			<column name="status_id" valueNumeric="10501" />
			<column name="entity_id" valueNumeric="1" />
			<column name="deleted" valueNumeric="0" />
			<column name="item_id" valueNumeric="320104" />
			<column name="order_line_id" />
			<column name="notes" value="Bulk Upload" />
			<column name="optlock" valueNumeric="0" />
			<column name="group_id" />
			<column name="provisioning_status" />
			<column name="global" valueBoolean="true" />
		</insert>
		<insert tableName="asset">
			<column name="id" valueNumeric="7595" />
			<column name="identifier" value="8664895147" />
			<column name="create_datetime" valueDate="2014-10-22T23:18:19.443" />
			<column name="status_id" valueNumeric="10501" />
			<column name="entity_id" valueNumeric="1" />
			<column name="deleted" valueNumeric="0" />
			<column name="item_id" valueNumeric="320104" />
			<column name="order_line_id" />
			<column name="notes" value="Bulk Upload" />
			<column name="optlock" valueNumeric="0" />
			<column name="group_id" />
			<column name="provisioning_status" />
			<column name="global" valueBoolean="true" />
		</insert>
		<insert tableName="asset">
			<column name="id" valueNumeric="7596" />
			<column name="identifier" value="8664895207" />
			<column name="create_datetime" valueDate="2014-10-22T23:18:19.462" />
			<column name="status_id" valueNumeric="10501" />
			<column name="entity_id" valueNumeric="1" />
			<column name="deleted" valueNumeric="0" />
			<column name="item_id" valueNumeric="320104" />
			<column name="order_line_id" />
			<column name="notes" value="Bulk Upload" />
			<column name="optlock" valueNumeric="0" />
			<column name="group_id" />
			<column name="provisioning_status" />
			<column name="global" valueBoolean="true" />
		</insert>
		<insert tableName="asset">
			<column name="id" valueNumeric="7597" />
			<column name="identifier" value="8664895446" />
			<column name="create_datetime" valueDate="2014-10-22T23:18:19.494" />
			<column name="status_id" valueNumeric="10501" />
			<column name="entity_id" valueNumeric="1" />
			<column name="deleted" valueNumeric="0" />
			<column name="item_id" valueNumeric="320104" />
			<column name="order_line_id" />
			<column name="notes" value="Bulk Upload" />
			<column name="optlock" valueNumeric="0" />
			<column name="group_id" />
			<column name="provisioning_status" />
			<column name="global" valueBoolean="true" />
		</insert>
		<insert tableName="asset">
			<column name="id" valueNumeric="7598" />
			<column name="identifier" value="8664895637" />
			<column name="create_datetime" valueDate="2014-10-22T23:18:19.569" />
			<column name="status_id" valueNumeric="10501" />
			<column name="entity_id" valueNumeric="1" />
			<column name="deleted" valueNumeric="0" />
			<column name="item_id" valueNumeric="320104" />
			<column name="order_line_id" />
			<column name="notes" value="Bulk Upload" />
			<column name="optlock" valueNumeric="0" />
			<column name="group_id" />
			<column name="provisioning_status" />
			<column name="global" valueBoolean="true" />
		</insert>
		<insert tableName="asset">
			<column name="id" valueNumeric="7369" />
			<column name="identifier" value="8663719356" />
			<column name="create_datetime" valueDate="2014-10-22T23:18:11.536" />
			<column name="status_id" valueNumeric="10501" />
			<column name="entity_id" valueNumeric="1" />
			<column name="deleted" valueNumeric="0" />
			<column name="item_id" valueNumeric="320104" />
			<column name="order_line_id" />
			<column name="notes" value="Bulk Upload" />
			<column name="optlock" valueNumeric="0" />
			<column name="group_id" />
			<column name="provisioning_status" />
			<column name="global" valueBoolean="true" />
		</insert>
		<insert tableName="asset">
			<column name="id" valueNumeric="7370" />
			<column name="identifier" value="8663722256" />
			<column name="create_datetime" valueDate="2014-10-22T23:18:11.552" />
			<column name="status_id" valueNumeric="10501" />
			<column name="entity_id" valueNumeric="1" />
			<column name="deleted" valueNumeric="0" />
			<column name="item_id" valueNumeric="320104" />
			<column name="order_line_id" />
			<column name="notes" value="Bulk Upload" />
			<column name="optlock" valueNumeric="0" />
			<column name="group_id" />
			<column name="provisioning_status" />
			<column name="global" valueBoolean="true" />
		</insert>
		<insert tableName="asset">
			<column name="id" valueNumeric="7371" />
			<column name="identifier" value="8663723585" />
			<column name="create_datetime" valueDate="2014-10-22T23:18:11.559" />
			<column name="status_id" valueNumeric="10501" />
			<column name="entity_id" valueNumeric="1" />
			<column name="deleted" valueNumeric="0" />
			<column name="item_id" valueNumeric="320104" />
			<column name="order_line_id" />
			<column name="notes" value="Bulk Upload" />
			<column name="optlock" valueNumeric="0" />
			<column name="group_id" />
			<column name="provisioning_status" />
			<column name="global" valueBoolean="true" />
		</insert>
		<insert tableName="asset">
			<column name="id" valueNumeric="7372" />
			<column name="identifier" value="8663740088" />
			<column name="create_datetime" valueDate="2014-10-22T23:18:11.565" />
			<column name="status_id" valueNumeric="10501" />
			<column name="entity_id" valueNumeric="1" />
			<column name="deleted" valueNumeric="0" />
			<column name="item_id" valueNumeric="320104" />
			<column name="order_line_id" />
			<column name="notes" value="Bulk Upload" />
			<column name="optlock" valueNumeric="0" />
			<column name="group_id" />
			<column name="provisioning_status" />
			<column name="global" valueBoolean="true" />
		</insert>
		<insert tableName="asset">
			<column name="id" valueNumeric="7373" />
			<column name="identifier" value="8663741434" />
			<column name="create_datetime" valueDate="2014-10-22T23:18:11.604" />
			<column name="status_id" valueNumeric="10501" />
			<column name="entity_id" valueNumeric="1" />
			<column name="deleted" valueNumeric="0" />
			<column name="item_id" valueNumeric="320104" />
			<column name="order_line_id" />
			<column name="notes" value="Bulk Upload" />
			<column name="optlock" valueNumeric="0" />
			<column name="group_id" />
			<column name="provisioning_status" />
			<column name="global" valueBoolean="true" />
		</insert>
		<insert tableName="asset">
			<column name="id" valueNumeric="7374" />
			<column name="identifier" value="8663747917" />
			<column name="create_datetime" valueDate="2014-10-22T23:18:11.619" />
			<column name="status_id" valueNumeric="10501" />
			<column name="entity_id" valueNumeric="1" />
			<column name="deleted" valueNumeric="0" />
			<column name="item_id" valueNumeric="320104" />
			<column name="order_line_id" />
			<column name="notes" value="Bulk Upload" />
			<column name="optlock" valueNumeric="0" />
			<column name="group_id" />
			<column name="provisioning_status" />
			<column name="global" valueBoolean="true" />
		</insert>
		<insert tableName="asset">
			<column name="id" valueNumeric="7375" />
			<column name="identifier" value="8663749457" />
			<column name="create_datetime" valueDate="2014-10-22T23:18:11.660" />
			<column name="status_id" valueNumeric="10501" />
			<column name="entity_id" valueNumeric="1" />
			<column name="deleted" valueNumeric="0" />
			<column name="item_id" valueNumeric="320104" />
			<column name="order_line_id" />
			<column name="notes" value="Bulk Upload" />
			<column name="optlock" valueNumeric="0" />
			<column name="group_id" />
			<column name="provisioning_status" />
			<column name="global" valueBoolean="true" />
		</insert>
		<insert tableName="asset">
			<column name="id" valueNumeric="7376" />
			<column name="identifier" value="8663751269" />
			<column name="create_datetime" valueDate="2014-10-22T23:18:11.674" />
			<column name="status_id" valueNumeric="10501" />
			<column name="entity_id" valueNumeric="1" />
			<column name="deleted" valueNumeric="0" />
			<column name="item_id" valueNumeric="320104" />
			<column name="order_line_id" />
			<column name="notes" value="Bulk Upload" />
			<column name="optlock" valueNumeric="0" />
			<column name="group_id" />
			<column name="provisioning_status" />
			<column name="global" valueBoolean="true" />
		</insert>
		<insert tableName="asset">
			<column name="id" valueNumeric="7377" />
			<column name="identifier" value="8663755073" />
			<column name="create_datetime" valueDate="2014-10-22T23:18:11.681" />
			<column name="status_id" valueNumeric="10501" />
			<column name="entity_id" valueNumeric="1" />
			<column name="deleted" valueNumeric="0" />
			<column name="item_id" valueNumeric="320104" />
			<column name="order_line_id" />
			<column name="notes" value="Bulk Upload" />
			<column name="optlock" valueNumeric="0" />
			<column name="group_id" />
			<column name="provisioning_status" />
			<column name="global" valueBoolean="true" />
		</insert>
		<insert tableName="asset">
			<column name="id" valueNumeric="7378" />
			<column name="identifier" value="8663763496" />
			<column name="create_datetime" valueDate="2014-10-22T23:18:11.687" />
			<column name="status_id" valueNumeric="10501" />
			<column name="entity_id" valueNumeric="1" />
			<column name="deleted" valueNumeric="0" />
			<column name="item_id" valueNumeric="320104" />
			<column name="order_line_id" />
			<column name="notes" value="Bulk Upload" />
			<column name="optlock" valueNumeric="0" />
			<column name="group_id" />
			<column name="provisioning_status" />
			<column name="global" valueBoolean="true" />
		</insert>
		<insert tableName="asset">
			<column name="id" valueNumeric="7379" />
			<column name="identifier" value="8663766046" />
			<column name="create_datetime" valueDate="2014-10-22T23:18:11.728" />
			<column name="status_id" valueNumeric="10501" />
			<column name="entity_id" valueNumeric="1" />
			<column name="deleted" valueNumeric="0" />
			<column name="item_id" valueNumeric="320104" />
			<column name="order_line_id" />
			<column name="notes" value="Bulk Upload" />
			<column name="optlock" valueNumeric="0" />
			<column name="group_id" />
			<column name="provisioning_status" />
			<column name="global" valueBoolean="true" />
		</insert>
		<insert tableName="asset">
			<column name="id" valueNumeric="7380" />
			<column name="identifier" value="8663771574" />
			<column name="create_datetime" valueDate="2014-10-22T23:18:11.748" />
			<column name="status_id" valueNumeric="10501" />
			<column name="entity_id" valueNumeric="1" />
			<column name="deleted" valueNumeric="0" />
			<column name="item_id" valueNumeric="320104" />
			<column name="order_line_id" />
			<column name="notes" value="Bulk Upload" />
			<column name="optlock" valueNumeric="0" />
			<column name="group_id" />
			<column name="provisioning_status" />
			<column name="global" valueBoolean="true" />
		</insert>
		<insert tableName="asset">
			<column name="id" valueNumeric="7381" />
			<column name="identifier" value="8663772371" />
			<column name="create_datetime" valueDate="2014-10-22T23:18:11.772" />
			<column name="status_id" valueNumeric="10501" />
			<column name="entity_id" valueNumeric="1" />
			<column name="deleted" valueNumeric="0" />
			<column name="item_id" valueNumeric="320104" />
			<column name="order_line_id" />
			<column name="notes" value="Bulk Upload" />
			<column name="optlock" valueNumeric="0" />
			<column name="group_id" />
			<column name="provisioning_status" />
			<column name="global" valueBoolean="true" />
		</insert>
		<insert tableName="asset">
			<column name="id" valueNumeric="7382" />
			<column name="identifier" value="8663772372" />
			<column name="create_datetime" valueDate="2014-10-22T23:18:11.783" />
			<column name="status_id" valueNumeric="10501" />
			<column name="entity_id" valueNumeric="1" />
			<column name="deleted" valueNumeric="0" />
			<column name="item_id" valueNumeric="320104" />
			<column name="order_line_id" />
			<column name="notes" value="Bulk Upload" />
			<column name="optlock" valueNumeric="0" />
			<column name="group_id" />
			<column name="provisioning_status" />
			<column name="global" valueBoolean="true" />
		</insert>
		<insert tableName="asset">
			<column name="id" valueNumeric="7383" />
			<column name="identifier" value="8663773055" />
			<column name="create_datetime" valueDate="2014-10-22T23:18:11.789" />
			<column name="status_id" valueNumeric="10501" />
			<column name="entity_id" valueNumeric="1" />
			<column name="deleted" valueNumeric="0" />
			<column name="item_id" valueNumeric="320104" />
			<column name="order_line_id" />
			<column name="notes" value="Bulk Upload" />
			<column name="optlock" valueNumeric="0" />
			<column name="group_id" />
			<column name="provisioning_status" />
			<column name="global" valueBoolean="true" />
		</insert>
		<insert tableName="asset">
			<column name="id" valueNumeric="7384" />
			<column name="identifier" value="8663774762" />
			<column name="create_datetime" valueDate="2014-10-22T23:18:11.796" />
			<column name="status_id" valueNumeric="10501" />
			<column name="entity_id" valueNumeric="1" />
			<column name="deleted" valueNumeric="0" />
			<column name="item_id" valueNumeric="320104" />
			<column name="order_line_id" />
			<column name="notes" value="Bulk Upload" />
			<column name="optlock" valueNumeric="0" />
			<column name="group_id" />
			<column name="provisioning_status" />
			<column name="global" valueBoolean="true" />
		</insert>
		<insert tableName="asset">
			<column name="id" valueNumeric="7385" />
			<column name="identifier" value="8663779370" />
			<column name="create_datetime" valueDate="2014-10-22T23:18:11.837" />
			<column name="status_id" valueNumeric="10501" />
			<column name="entity_id" valueNumeric="1" />
			<column name="deleted" valueNumeric="0" />
			<column name="item_id" valueNumeric="320104" />
			<column name="order_line_id" />
			<column name="notes" value="Bulk Upload" />
			<column name="optlock" valueNumeric="0" />
			<column name="group_id" />
			<column name="provisioning_status" />
			<column name="global" valueBoolean="true" />
		</insert>
		<insert tableName="asset">
			<column name="id" valueNumeric="7386" />
			<column name="identifier" value="8663786075" />
			<column name="create_datetime" valueDate="2014-10-22T23:18:11.843" />
			<column name="status_id" valueNumeric="10501" />
			<column name="entity_id" valueNumeric="1" />
			<column name="deleted" valueNumeric="0" />
			<column name="item_id" valueNumeric="320104" />
			<column name="order_line_id" />
			<column name="notes" value="Bulk Upload" />
			<column name="optlock" valueNumeric="0" />
			<column name="group_id" />
			<column name="provisioning_status" />
			<column name="global" valueBoolean="true" />
		</insert>
		<insert tableName="asset">
			<column name="id" valueNumeric="7387" />
			<column name="identifier" value="8663786679" />
			<column name="create_datetime" valueDate="2014-10-22T23:18:11.849" />
			<column name="status_id" valueNumeric="10501" />
			<column name="entity_id" valueNumeric="1" />
			<column name="deleted" valueNumeric="0" />
			<column name="item_id" valueNumeric="320104" />
			<column name="order_line_id" />
			<column name="notes" value="Bulk Upload" />
			<column name="optlock" valueNumeric="0" />
			<column name="group_id" />
			<column name="provisioning_status" />
			<column name="global" valueBoolean="true" />
		</insert>
		<insert tableName="asset">
			<column name="id" valueNumeric="7388" />
			<column name="identifier" value="8663787621" />
			<column name="create_datetime" valueDate="2014-10-22T23:18:11.878" />
			<column name="status_id" valueNumeric="10501" />
			<column name="entity_id" valueNumeric="1" />
			<column name="deleted" valueNumeric="0" />
			<column name="item_id" valueNumeric="320104" />
			<column name="order_line_id" />
			<column name="notes" value="Bulk Upload" />
			<column name="optlock" valueNumeric="0" />
			<column name="group_id" />
			<column name="provisioning_status" />
			<column name="global" valueBoolean="true" />
		</insert>
		<insert tableName="asset">
			<column name="id" valueNumeric="7389" />
			<column name="identifier" value="8663790541" />
			<column name="create_datetime" valueDate="2014-10-22T23:18:11.943" />
			<column name="status_id" valueNumeric="10501" />
			<column name="entity_id" valueNumeric="1" />
			<column name="deleted" valueNumeric="0" />
			<column name="item_id" valueNumeric="320104" />
			<column name="order_line_id" />
			<column name="notes" value="Bulk Upload" />
			<column name="optlock" valueNumeric="0" />
			<column name="group_id" />
			<column name="provisioning_status" />
			<column name="global" valueBoolean="true" />
		</insert>
		<insert tableName="asset">
			<column name="id" valueNumeric="7390" />
			<column name="identifier" value="8663792738" />
			<column name="create_datetime" valueDate="2014-10-22T23:18:11.949" />
			<column name="status_id" valueNumeric="10501" />
			<column name="entity_id" valueNumeric="1" />
			<column name="deleted" valueNumeric="0" />
			<column name="item_id" valueNumeric="320104" />
			<column name="order_line_id" />
			<column name="notes" value="Bulk Upload" />
			<column name="optlock" valueNumeric="0" />
			<column name="group_id" />
			<column name="provisioning_status" />
			<column name="global" valueBoolean="true" />
		</insert>
		<insert tableName="asset">
			<column name="id" valueNumeric="7391" />
			<column name="identifier" value="8663801444" />
			<column name="create_datetime" valueDate="2014-10-22T23:18:11.955" />
			<column name="status_id" valueNumeric="10501" />
			<column name="entity_id" valueNumeric="1" />
			<column name="deleted" valueNumeric="0" />
			<column name="item_id" valueNumeric="320104" />
			<column name="order_line_id" />
			<column name="notes" value="Bulk Upload" />
			<column name="optlock" valueNumeric="0" />
			<column name="group_id" />
			<column name="provisioning_status" />
			<column name="global" valueBoolean="true" />
		</insert>
		<insert tableName="asset">
			<column name="id" valueNumeric="7392" />
			<column name="identifier" value="8663802631" />
			<column name="create_datetime" valueDate="2014-10-22T23:18:11.984" />
			<column name="status_id" valueNumeric="10501" />
			<column name="entity_id" valueNumeric="1" />
			<column name="deleted" valueNumeric="0" />
			<column name="item_id" valueNumeric="320104" />
			<column name="order_line_id" />
			<column name="notes" value="Bulk Upload" />
			<column name="optlock" valueNumeric="0" />
			<column name="group_id" />
			<column name="provisioning_status" />
			<column name="global" valueBoolean="true" />
		</insert>
		<insert tableName="asset">
			<column name="id" valueNumeric="7393" />
			<column name="identifier" value="8663813632" />
			<column name="create_datetime" valueDate="2014-10-22T23:18:12.150" />
			<column name="status_id" valueNumeric="10501" />
			<column name="entity_id" valueNumeric="1" />
			<column name="deleted" valueNumeric="0" />
			<column name="item_id" valueNumeric="320104" />
			<column name="order_line_id" />
			<column name="notes" value="Bulk Upload" />
			<column name="optlock" valueNumeric="0" />
			<column name="group_id" />
			<column name="provisioning_status" />
			<column name="global" valueBoolean="true" />
		</insert>
		<insert tableName="asset">
			<column name="id" valueNumeric="7394" />
			<column name="identifier" value="8663823680" />
			<column name="create_datetime" valueDate="2014-10-22T23:18:12.187" />
			<column name="status_id" valueNumeric="10501" />
			<column name="entity_id" valueNumeric="1" />
			<column name="deleted" valueNumeric="0" />
			<column name="item_id" valueNumeric="320104" />
			<column name="order_line_id" />
			<column name="notes" value="Bulk Upload" />
			<column name="optlock" valueNumeric="0" />
			<column name="group_id" />
			<column name="provisioning_status" />
			<column name="global" valueBoolean="true" />
		</insert>
		<insert tableName="asset">
			<column name="id" valueNumeric="7395" />
			<column name="identifier" value="8663823736" />
			<column name="create_datetime" valueDate="2014-10-22T23:18:12.253" />
			<column name="status_id" valueNumeric="10501" />
			<column name="entity_id" valueNumeric="1" />
			<column name="deleted" valueNumeric="0" />
			<column name="item_id" valueNumeric="320104" />
			<column name="order_line_id" />
			<column name="notes" value="Bulk Upload" />
			<column name="optlock" valueNumeric="0" />
			<column name="group_id" />
			<column name="provisioning_status" />
			<column name="global" valueBoolean="true" />
		</insert>
		<insert tableName="asset">
			<column name="id" valueNumeric="7396" />
			<column name="identifier" value="8663827764" />
			<column name="create_datetime" valueDate="2014-10-22T23:18:12.274" />
			<column name="status_id" valueNumeric="10501" />
			<column name="entity_id" valueNumeric="1" />
			<column name="deleted" valueNumeric="0" />
			<column name="item_id" valueNumeric="320104" />
			<column name="order_line_id" />
			<column name="notes" value="Bulk Upload" />
			<column name="optlock" valueNumeric="0" />
			<column name="group_id" />
			<column name="provisioning_status" />
			<column name="global" valueBoolean="true" />
		</insert>
		<insert tableName="asset">
			<column name="id" valueNumeric="7397" />
			<column name="identifier" value="8663849477" />
			<column name="create_datetime" valueDate="2014-10-22T23:18:12.325" />
			<column name="status_id" valueNumeric="10501" />
			<column name="entity_id" valueNumeric="1" />
			<column name="deleted" valueNumeric="0" />
			<column name="item_id" valueNumeric="320104" />
			<column name="order_line_id" />
			<column name="notes" value="Bulk Upload" />
			<column name="optlock" valueNumeric="0" />
			<column name="group_id" />
			<column name="provisioning_status" />
			<column name="global" valueBoolean="true" />
		</insert>
		<insert tableName="asset">
			<column name="id" valueNumeric="7398" />
			<column name="identifier" value="8663849580" />
			<column name="create_datetime" valueDate="2014-10-22T23:18:12.358" />
			<column name="status_id" valueNumeric="10501" />
			<column name="entity_id" valueNumeric="1" />
			<column name="deleted" valueNumeric="0" />
			<column name="item_id" valueNumeric="320104" />
			<column name="order_line_id" />
			<column name="notes" value="Bulk Upload" />
			<column name="optlock" valueNumeric="0" />
			<column name="group_id" />
			<column name="provisioning_status" />
			<column name="global" valueBoolean="true" />
		</insert>
		<insert tableName="asset">
			<column name="id" valueNumeric="7399" />
			<column name="identifier" value="8663853025" />
			<column name="create_datetime" valueDate="2014-10-22T23:18:12.381" />
			<column name="status_id" valueNumeric="10501" />
			<column name="entity_id" valueNumeric="1" />
			<column name="deleted" valueNumeric="0" />
			<column name="item_id" valueNumeric="320104" />
			<column name="order_line_id" />
			<column name="notes" value="Bulk Upload" />
			<column name="optlock" valueNumeric="0" />
			<column name="group_id" />
			<column name="provisioning_status" />
			<column name="global" valueBoolean="true" />
		</insert>
		<insert tableName="asset">
			<column name="id" valueNumeric="7400" />
			<column name="identifier" value="8663866508" />
			<column name="create_datetime" valueDate="2014-10-22T23:18:12.388" />
			<column name="status_id" valueNumeric="10501" />
			<column name="entity_id" valueNumeric="1" />
			<column name="deleted" valueNumeric="0" />
			<column name="item_id" valueNumeric="320104" />
			<column name="order_line_id" />
			<column name="notes" value="Bulk Upload" />
			<column name="optlock" valueNumeric="0" />
			<column name="group_id" />
			<column name="provisioning_status" />
			<column name="global" valueBoolean="true" />
		</insert>
		<insert tableName="asset">
			<column name="id" valueNumeric="7401" />
			<column name="identifier" value="8663867022" />
			<column name="create_datetime" valueDate="2014-10-22T23:18:12.437" />
			<column name="status_id" valueNumeric="10501" />
			<column name="entity_id" valueNumeric="1" />
			<column name="deleted" valueNumeric="0" />
			<column name="item_id" valueNumeric="320104" />
			<column name="order_line_id" />
			<column name="notes" value="Bulk Upload" />
			<column name="optlock" valueNumeric="0" />
			<column name="group_id" />
			<column name="provisioning_status" />
			<column name="global" valueBoolean="true" />
		</insert>
		<insert tableName="asset">
			<column name="id" valueNumeric="7402" />
			<column name="identifier" value="8663868231" />
			<column name="create_datetime" valueDate="2014-10-22T23:18:12.478" />
			<column name="status_id" valueNumeric="10501" />
			<column name="entity_id" valueNumeric="1" />
			<column name="deleted" valueNumeric="0" />
			<column name="item_id" valueNumeric="320104" />
			<column name="order_line_id" />
			<column name="notes" value="Bulk Upload" />
			<column name="optlock" valueNumeric="0" />
			<column name="group_id" />
			<column name="provisioning_status" />
			<column name="global" valueBoolean="true" />
		</insert>
		<insert tableName="asset">
			<column name="id" valueNumeric="7403" />
			<column name="identifier" value="8663872109" />
			<column name="create_datetime" valueDate="2014-10-22T23:18:12.489" />
			<column name="status_id" valueNumeric="10501" />
			<column name="entity_id" valueNumeric="1" />
			<column name="deleted" valueNumeric="0" />
			<column name="item_id" valueNumeric="320104" />
			<column name="order_line_id" />
			<column name="notes" value="Bulk Upload" />
			<column name="optlock" valueNumeric="0" />
			<column name="group_id" />
			<column name="provisioning_status" />
			<column name="global" valueBoolean="true" />
		</insert>
		<insert tableName="asset">
			<column name="id" valueNumeric="7404" />
			<column name="identifier" value="8663875571" />
			<column name="create_datetime" valueDate="2014-10-22T23:18:12.496" />
			<column name="status_id" valueNumeric="10501" />
			<column name="entity_id" valueNumeric="1" />
			<column name="deleted" valueNumeric="0" />
			<column name="item_id" valueNumeric="320104" />
			<column name="order_line_id" />
			<column name="notes" value="Bulk Upload" />
			<column name="optlock" valueNumeric="0" />
			<column name="group_id" />
			<column name="provisioning_status" />
			<column name="global" valueBoolean="true" />
		</insert>
		<insert tableName="asset">
			<column name="id" valueNumeric="7405" />
			<column name="identifier" value="8663877622" />
			<column name="create_datetime" valueDate="2014-10-22T23:18:12.502" />
			<column name="status_id" valueNumeric="10501" />
			<column name="entity_id" valueNumeric="1" />
			<column name="deleted" valueNumeric="0" />
			<column name="item_id" valueNumeric="320104" />
			<column name="order_line_id" />
			<column name="notes" value="Bulk Upload" />
			<column name="optlock" valueNumeric="0" />
			<column name="group_id" />
			<column name="provisioning_status" />
			<column name="global" valueBoolean="true" />
		</insert>
		<insert tableName="asset">
			<column name="id" valueNumeric="7406" />
			<column name="identifier" value="8663885589" />
			<column name="create_datetime" valueDate="2014-10-22T23:18:12.509" />
			<column name="status_id" valueNumeric="10501" />
			<column name="entity_id" valueNumeric="1" />
			<column name="deleted" valueNumeric="0" />
			<column name="item_id" valueNumeric="320104" />
			<column name="order_line_id" />
			<column name="notes" value="Bulk Upload" />
			<column name="optlock" valueNumeric="0" />
			<column name="group_id" />
			<column name="provisioning_status" />
			<column name="global" valueBoolean="true" />
		</insert>
		<insert tableName="asset">
			<column name="id" valueNumeric="7407" />
			<column name="identifier" value="8663890369" />
			<column name="create_datetime" valueDate="2014-10-22T23:18:12.652" />
			<column name="status_id" valueNumeric="10501" />
			<column name="entity_id" valueNumeric="1" />
			<column name="deleted" valueNumeric="0" />
			<column name="item_id" valueNumeric="320104" />
			<column name="order_line_id" />
			<column name="notes" value="Bulk Upload" />
			<column name="optlock" valueNumeric="0" />
			<column name="group_id" />
			<column name="provisioning_status" />
			<column name="global" valueBoolean="true" />
		</insert>
		<insert tableName="asset">
			<column name="id" valueNumeric="7408" />
			<column name="identifier" value="8663899466" />
			<column name="create_datetime" valueDate="2014-10-22T23:18:12.666" />
			<column name="status_id" valueNumeric="10501" />
			<column name="entity_id" valueNumeric="1" />
			<column name="deleted" valueNumeric="0" />
			<column name="item_id" valueNumeric="320104" />
			<column name="order_line_id" />
			<column name="notes" value="Bulk Upload" />
			<column name="optlock" valueNumeric="0" />
			<column name="group_id" />
			<column name="provisioning_status" />
			<column name="global" valueBoolean="true" />
		</insert>
		<insert tableName="asset">
			<column name="id" valueNumeric="7409" />
			<column name="identifier" value="8663904533" />
			<column name="create_datetime" valueDate="2014-10-22T23:18:12.687" />
			<column name="status_id" valueNumeric="10501" />
			<column name="entity_id" valueNumeric="1" />
			<column name="deleted" valueNumeric="0" />
			<column name="item_id" valueNumeric="320104" />
			<column name="order_line_id" />
			<column name="notes" value="Bulk Upload" />
			<column name="optlock" valueNumeric="0" />
			<column name="group_id" />
			<column name="provisioning_status" />
			<column name="global" valueBoolean="true" />
		</insert>
		<insert tableName="asset">
			<column name="id" valueNumeric="7410" />
			<column name="identifier" value="8663909387" />
			<column name="create_datetime" valueDate="2014-10-22T23:18:12.722" />
			<column name="status_id" valueNumeric="10501" />
			<column name="entity_id" valueNumeric="1" />
			<column name="deleted" valueNumeric="0" />
			<column name="item_id" valueNumeric="320104" />
			<column name="order_line_id" />
			<column name="notes" value="Bulk Upload" />
			<column name="optlock" valueNumeric="0" />
			<column name="group_id" />
			<column name="provisioning_status" />
			<column name="global" valueBoolean="true" />
		</insert>
		<insert tableName="asset">
			<column name="id" valueNumeric="7411" />
			<column name="identifier" value="8663910250" />
			<column name="create_datetime" valueDate="2014-10-22T23:18:12.742" />
			<column name="status_id" valueNumeric="10501" />
			<column name="entity_id" valueNumeric="1" />
			<column name="deleted" valueNumeric="0" />
			<column name="item_id" valueNumeric="320104" />
			<column name="order_line_id" />
			<column name="notes" value="Bulk Upload" />
			<column name="optlock" valueNumeric="0" />
			<column name="group_id" />
			<column name="provisioning_status" />
			<column name="global" valueBoolean="true" />
		</insert>
		<insert tableName="asset">
			<column name="id" valueNumeric="7412" />
			<column name="identifier" value="8663922479" />
			<column name="create_datetime" valueDate="2014-10-22T23:18:12.749" />
			<column name="status_id" valueNumeric="10501" />
			<column name="entity_id" valueNumeric="1" />
			<column name="deleted" valueNumeric="0" />
			<column name="item_id" valueNumeric="320104" />
			<column name="order_line_id" />
			<column name="notes" value="Bulk Upload" />
			<column name="optlock" valueNumeric="0" />
			<column name="group_id" />
			<column name="provisioning_status" />
			<column name="global" valueBoolean="true" />
		</insert>
		<insert tableName="asset">
			<column name="id" valueNumeric="7413" />
			<column name="identifier" value="8663931733" />
			<column name="create_datetime" valueDate="2014-10-22T23:18:12.774" />
			<column name="status_id" valueNumeric="10501" />
			<column name="entity_id" valueNumeric="1" />
			<column name="deleted" valueNumeric="0" />
			<column name="item_id" valueNumeric="320104" />
			<column name="order_line_id" />
			<column name="notes" value="Bulk Upload" />
			<column name="optlock" valueNumeric="0" />
			<column name="group_id" />
			<column name="provisioning_status" />
			<column name="global" valueBoolean="true" />
		</insert>
		<insert tableName="asset">
			<column name="id" valueNumeric="7414" />
			<column name="identifier" value="8663937162" />
			<column name="create_datetime" valueDate="2014-10-22T23:18:12.781" />
			<column name="status_id" valueNumeric="10501" />
			<column name="entity_id" valueNumeric="1" />
			<column name="deleted" valueNumeric="0" />
			<column name="item_id" valueNumeric="320104" />
			<column name="order_line_id" />
			<column name="notes" value="Bulk Upload" />
			<column name="optlock" valueNumeric="0" />
			<column name="group_id" />
			<column name="provisioning_status" />
			<column name="global" valueBoolean="true" />
		</insert>
		<insert tableName="asset">
			<column name="id" valueNumeric="7415" />
			<column name="identifier" value="8663944846" />
			<column name="create_datetime" valueDate="2014-10-22T23:18:12.800" />
			<column name="status_id" valueNumeric="10501" />
			<column name="entity_id" valueNumeric="1" />
			<column name="deleted" valueNumeric="0" />
			<column name="item_id" valueNumeric="320104" />
			<column name="order_line_id" />
			<column name="notes" value="Bulk Upload" />
			<column name="optlock" valueNumeric="0" />
			<column name="group_id" />
			<column name="provisioning_status" />
			<column name="global" valueBoolean="true" />
		</insert>
		<insert tableName="asset">
			<column name="id" valueNumeric="7416" />
			<column name="identifier" value="8663945441" />
			<column name="create_datetime" valueDate="2014-10-22T23:18:13.43" />
			<column name="status_id" valueNumeric="10501" />
			<column name="entity_id" valueNumeric="1" />
			<column name="deleted" valueNumeric="0" />
			<column name="item_id" valueNumeric="320104" />
			<column name="order_line_id" />
			<column name="notes" value="Bulk Upload" />
			<column name="optlock" valueNumeric="0" />
			<column name="group_id" />
			<column name="provisioning_status" />
			<column name="global" valueBoolean="true" />
		</insert>
		<insert tableName="asset">
			<column name="id" valueNumeric="7417" />
			<column name="identifier" value="8663947872" />
			<column name="create_datetime" valueDate="2014-10-22T23:18:13.57" />
			<column name="status_id" valueNumeric="10501" />
			<column name="entity_id" valueNumeric="1" />
			<column name="deleted" valueNumeric="0" />
			<column name="item_id" valueNumeric="320104" />
			<column name="order_line_id" />
			<column name="notes" value="Bulk Upload" />
			<column name="optlock" valueNumeric="0" />
			<column name="group_id" />
			<column name="provisioning_status" />
			<column name="global" valueBoolean="true" />
		</insert>
		<insert tableName="asset">
			<column name="id" valueNumeric="7418" />
			<column name="identifier" value="8663956402" />
			<column name="create_datetime" valueDate="2014-10-22T23:18:13.65" />
			<column name="status_id" valueNumeric="10501" />
			<column name="entity_id" valueNumeric="1" />
			<column name="deleted" valueNumeric="0" />
			<column name="item_id" valueNumeric="320104" />
			<column name="order_line_id" />
			<column name="notes" value="Bulk Upload" />
			<column name="optlock" valueNumeric="0" />
			<column name="group_id" />
			<column name="provisioning_status" />
			<column name="global" valueBoolean="true" />
		</insert>
		<insert tableName="asset">
			<column name="id" valueNumeric="7419" />
			<column name="identifier" value="8663969826" />
			<column name="create_datetime" valueDate="2014-10-22T23:18:13.104" />
			<column name="status_id" valueNumeric="10501" />
			<column name="entity_id" valueNumeric="1" />
			<column name="deleted" valueNumeric="0" />
			<column name="item_id" valueNumeric="320104" />
			<column name="order_line_id" />
			<column name="notes" value="Bulk Upload" />
			<column name="optlock" valueNumeric="0" />
			<column name="group_id" />
			<column name="provisioning_status" />
			<column name="global" valueBoolean="true" />
		</insert>
		<insert tableName="asset">
			<column name="id" valueNumeric="7420" />
			<column name="identifier" value="8663970235" />
			<column name="create_datetime" valueDate="2014-10-22T23:18:13.302" />
			<column name="status_id" valueNumeric="10501" />
			<column name="entity_id" valueNumeric="1" />
			<column name="deleted" valueNumeric="0" />
			<column name="item_id" valueNumeric="320104" />
			<column name="order_line_id" />
			<column name="notes" value="Bulk Upload" />
			<column name="optlock" valueNumeric="0" />
			<column name="group_id" />
			<column name="provisioning_status" />
			<column name="global" valueBoolean="true" />
		</insert>
		<insert tableName="asset">
			<column name="id" valueNumeric="7421" />
			<column name="identifier" value="8663980373" />
			<column name="create_datetime" valueDate="2014-10-22T23:18:13.367" />
			<column name="status_id" valueNumeric="10501" />
			<column name="entity_id" valueNumeric="1" />
			<column name="deleted" valueNumeric="0" />
			<column name="item_id" valueNumeric="320104" />
			<column name="order_line_id" />
			<column name="notes" value="Bulk Upload" />
			<column name="optlock" valueNumeric="0" />
			<column name="group_id" />
			<column name="provisioning_status" />
			<column name="global" valueBoolean="true" />
		</insert>
		<insert tableName="asset">
			<column name="id" valueNumeric="7422" />
			<column name="identifier" value="8663988907" />
			<column name="create_datetime" valueDate="2014-10-22T23:18:13.374" />
			<column name="status_id" valueNumeric="10501" />
			<column name="entity_id" valueNumeric="1" />
			<column name="deleted" valueNumeric="0" />
			<column name="item_id" valueNumeric="320104" />
			<column name="order_line_id" />
			<column name="notes" value="Bulk Upload" />
			<column name="optlock" valueNumeric="0" />
			<column name="group_id" />
			<column name="provisioning_status" />
			<column name="global" valueBoolean="true" />
		</insert>
		<insert tableName="asset">
			<column name="id" valueNumeric="7423" />
			<column name="identifier" value="8663995385" />
			<column name="create_datetime" valueDate="2014-10-22T23:18:13.386" />
			<column name="status_id" valueNumeric="10501" />
			<column name="entity_id" valueNumeric="1" />
			<column name="deleted" valueNumeric="0" />
			<column name="item_id" valueNumeric="320104" />
			<column name="order_line_id" />
			<column name="notes" value="Bulk Upload" />
			<column name="optlock" valueNumeric="0" />
			<column name="group_id" />
			<column name="provisioning_status" />
			<column name="global" valueBoolean="true" />
		</insert>
		<insert tableName="asset">
			<column name="id" valueNumeric="7424" />
			<column name="identifier" value="8663999823" />
			<column name="create_datetime" valueDate="2014-10-22T23:18:13.393" />
			<column name="status_id" valueNumeric="10501" />
			<column name="entity_id" valueNumeric="1" />
			<column name="deleted" valueNumeric="0" />
			<column name="item_id" valueNumeric="320104" />
			<column name="order_line_id" />
			<column name="notes" value="Bulk Upload" />
			<column name="optlock" valueNumeric="0" />
			<column name="group_id" />
			<column name="provisioning_status" />
			<column name="global" valueBoolean="true" />
		</insert>
		<insert tableName="asset">
			<column name="id" valueNumeric="7425" />
			<column name="identifier" value="8664002172" />
			<column name="create_datetime" valueDate="2014-10-22T23:18:13.399" />
			<column name="status_id" valueNumeric="10501" />
			<column name="entity_id" valueNumeric="1" />
			<column name="deleted" valueNumeric="0" />
			<column name="item_id" valueNumeric="320104" />
			<column name="order_line_id" />
			<column name="notes" value="Bulk Upload" />
			<column name="optlock" valueNumeric="0" />
			<column name="group_id" />
			<column name="provisioning_status" />
			<column name="global" valueBoolean="true" />
		</insert>
		<insert tableName="asset">
			<column name="id" valueNumeric="7426" />
			<column name="identifier" value="8664002404" />
			<column name="create_datetime" valueDate="2014-10-22T23:18:13.412" />
			<column name="status_id" valueNumeric="10501" />
			<column name="entity_id" valueNumeric="1" />
			<column name="deleted" valueNumeric="0" />
			<column name="item_id" valueNumeric="320104" />
			<column name="order_line_id" />
			<column name="notes" value="Bulk Upload" />
			<column name="optlock" valueNumeric="0" />
			<column name="group_id" />
			<column name="provisioning_status" />
			<column name="global" valueBoolean="true" />
		</insert>
		<insert tableName="asset">
			<column name="id" valueNumeric="7427" />
			<column name="identifier" value="8664003314" />
			<column name="create_datetime" valueDate="2014-10-22T23:18:13.418" />
			<column name="status_id" valueNumeric="10501" />
			<column name="entity_id" valueNumeric="1" />
			<column name="deleted" valueNumeric="0" />
			<column name="item_id" valueNumeric="320104" />
			<column name="order_line_id" />
			<column name="notes" value="Bulk Upload" />
			<column name="optlock" valueNumeric="0" />
			<column name="group_id" />
			<column name="provisioning_status" />
			<column name="global" valueBoolean="true" />
		</insert>
		<insert tableName="asset">
			<column name="id" valueNumeric="7428" />
			<column name="identifier" value="8664003709" />
			<column name="create_datetime" valueDate="2014-10-22T23:18:13.464" />
			<column name="status_id" valueNumeric="10501" />
			<column name="entity_id" valueNumeric="1" />
			<column name="deleted" valueNumeric="0" />
			<column name="item_id" valueNumeric="320104" />
			<column name="order_line_id" />
			<column name="notes" value="Bulk Upload" />
			<column name="optlock" valueNumeric="0" />
			<column name="group_id" />
			<column name="provisioning_status" />
			<column name="global" valueBoolean="true" />
		</insert>
		<insert tableName="asset">
			<column name="id" valueNumeric="7429" />
			<column name="identifier" value="8664003721" />
			<column name="create_datetime" valueDate="2014-10-22T23:18:13.508" />
			<column name="status_id" valueNumeric="10501" />
			<column name="entity_id" valueNumeric="1" />
			<column name="deleted" valueNumeric="0" />
			<column name="item_id" valueNumeric="320104" />
			<column name="order_line_id" />
			<column name="notes" value="Bulk Upload" />
			<column name="optlock" valueNumeric="0" />
			<column name="group_id" />
			<column name="provisioning_status" />
			<column name="global" valueBoolean="true" />
		</insert>
		<insert tableName="asset">
			<column name="id" valueNumeric="7430" />
			<column name="identifier" value="8664009401" />
			<column name="create_datetime" valueDate="2014-10-22T23:18:13.535" />
			<column name="status_id" valueNumeric="10501" />
			<column name="entity_id" valueNumeric="1" />
			<column name="deleted" valueNumeric="0" />
			<column name="item_id" valueNumeric="320104" />
			<column name="order_line_id" />
			<column name="notes" value="Bulk Upload" />
			<column name="optlock" valueNumeric="0" />
			<column name="group_id" />
			<column name="provisioning_status" />
			<column name="global" valueBoolean="true" />
		</insert>
		<insert tableName="asset">
			<column name="id" valueNumeric="7431" />
			<column name="identifier" value="8664009402" />
			<column name="create_datetime" valueDate="2014-10-22T23:18:13.545" />
			<column name="status_id" valueNumeric="10501" />
			<column name="entity_id" valueNumeric="1" />
			<column name="deleted" valueNumeric="0" />
			<column name="item_id" valueNumeric="320104" />
			<column name="order_line_id" />
			<column name="notes" value="Bulk Upload" />
			<column name="optlock" valueNumeric="0" />
			<column name="group_id" />
			<column name="provisioning_status" />
			<column name="global" valueBoolean="true" />
		</insert>
		<insert tableName="asset">
			<column name="id" valueNumeric="7432" />
			<column name="identifier" value="8664009441" />
			<column name="create_datetime" valueDate="2014-10-22T23:18:13.553" />
			<column name="status_id" valueNumeric="10501" />
			<column name="entity_id" valueNumeric="1" />
			<column name="deleted" valueNumeric="0" />
			<column name="item_id" valueNumeric="320104" />
			<column name="order_line_id" />
			<column name="notes" value="Bulk Upload" />
			<column name="optlock" valueNumeric="0" />
			<column name="group_id" />
			<column name="provisioning_status" />
			<column name="global" valueBoolean="true" />
		</insert>
		<insert tableName="asset">
			<column name="id" valueNumeric="7433" />
			<column name="identifier" value="8664012441" />
			<column name="create_datetime" valueDate="2014-10-22T23:18:13.568" />
			<column name="status_id" valueNumeric="10501" />
			<column name="entity_id" valueNumeric="1" />
			<column name="deleted" valueNumeric="0" />
			<column name="item_id" valueNumeric="320104" />
			<column name="order_line_id" />
			<column name="notes" value="Bulk Upload" />
			<column name="optlock" valueNumeric="0" />
			<column name="group_id" />
			<column name="provisioning_status" />
			<column name="global" valueBoolean="true" />
		</insert>
		<insert tableName="asset">
			<column name="id" valueNumeric="7434" />
			<column name="identifier" value="8664017262" />
			<column name="create_datetime" valueDate="2014-10-22T23:18:13.584" />
			<column name="status_id" valueNumeric="10501" />
			<column name="entity_id" valueNumeric="1" />
			<column name="deleted" valueNumeric="0" />
			<column name="item_id" valueNumeric="320104" />
			<column name="order_line_id" />
			<column name="notes" value="Bulk Upload" />
			<column name="optlock" valueNumeric="0" />
			<column name="group_id" />
			<column name="provisioning_status" />
			<column name="global" valueBoolean="true" />
		</insert>
		<insert tableName="asset">
			<column name="id" valueNumeric="7435" />
			<column name="identifier" value="8664022889" />
			<column name="create_datetime" valueDate="2014-10-22T23:18:13.607" />
			<column name="status_id" valueNumeric="10501" />
			<column name="entity_id" valueNumeric="1" />
			<column name="deleted" valueNumeric="0" />
			<column name="item_id" valueNumeric="320104" />
			<column name="order_line_id" />
			<column name="notes" value="Bulk Upload" />
			<column name="optlock" valueNumeric="0" />
			<column name="group_id" />
			<column name="provisioning_status" />
			<column name="global" valueBoolean="true" />
		</insert>
		<insert tableName="asset">
			<column name="id" valueNumeric="7436" />
			<column name="identifier" value="8664023274" />
			<column name="create_datetime" valueDate="2014-10-22T23:18:13.617" />
			<column name="status_id" valueNumeric="10501" />
			<column name="entity_id" valueNumeric="1" />
			<column name="deleted" valueNumeric="0" />
			<column name="item_id" valueNumeric="320104" />
			<column name="order_line_id" />
			<column name="notes" value="Bulk Upload" />
			<column name="optlock" valueNumeric="0" />
			<column name="group_id" />
			<column name="provisioning_status" />
			<column name="global" valueBoolean="true" />
		</insert>
		<insert tableName="asset">
			<column name="id" valueNumeric="7437" />
			<column name="identifier" value="8664023967" />
			<column name="create_datetime" valueDate="2014-10-22T23:18:13.625" />
			<column name="status_id" valueNumeric="10501" />
			<column name="entity_id" valueNumeric="1" />
			<column name="deleted" valueNumeric="0" />
			<column name="item_id" valueNumeric="320104" />
			<column name="order_line_id" />
			<column name="notes" value="Bulk Upload" />
			<column name="optlock" valueNumeric="0" />
			<column name="group_id" />
			<column name="provisioning_status" />
			<column name="global" valueBoolean="true" />
		</insert>
		<insert tableName="asset">
			<column name="id" valueNumeric="7438" />
			<column name="identifier" value="8664023997" />
			<column name="create_datetime" valueDate="2014-10-22T23:18:13.694" />
			<column name="status_id" valueNumeric="10501" />
			<column name="entity_id" valueNumeric="1" />
			<column name="deleted" valueNumeric="0" />
			<column name="item_id" valueNumeric="320104" />
			<column name="order_line_id" />
			<column name="notes" value="Bulk Upload" />
			<column name="optlock" valueNumeric="0" />
			<column name="group_id" />
			<column name="provisioning_status" />
			<column name="global" valueBoolean="true" />
		</insert>
		<insert tableName="asset">
			<column name="id" valueNumeric="7439" />
			<column name="identifier" value="8664024059" />
			<column name="create_datetime" valueDate="2014-10-22T23:18:13.701" />
			<column name="status_id" valueNumeric="10501" />
			<column name="entity_id" valueNumeric="1" />
			<column name="deleted" valueNumeric="0" />
			<column name="item_id" valueNumeric="320104" />
			<column name="order_line_id" />
			<column name="notes" value="Bulk Upload" />
			<column name="optlock" valueNumeric="0" />
			<column name="group_id" />
			<column name="provisioning_status" />
			<column name="global" valueBoolean="true" />
		</insert>
		<insert tableName="asset">
			<column name="id" valueNumeric="7440" />
			<column name="identifier" value="8664024096" />
			<column name="create_datetime" valueDate="2014-10-22T23:18:13.783" />
			<column name="status_id" valueNumeric="10501" />
			<column name="entity_id" valueNumeric="1" />
			<column name="deleted" valueNumeric="0" />
			<column name="item_id" valueNumeric="320104" />
			<column name="order_line_id" />
			<column name="notes" value="Bulk Upload" />
			<column name="optlock" valueNumeric="0" />
			<column name="group_id" />
			<column name="provisioning_status" />
			<column name="global" valueBoolean="true" />
		</insert>
		<insert tableName="asset">
			<column name="id" valueNumeric="7441" />
			<column name="identifier" value="8664024098" />
			<column name="create_datetime" valueDate="2014-10-22T23:18:13.789" />
			<column name="status_id" valueNumeric="10501" />
			<column name="entity_id" valueNumeric="1" />
			<column name="deleted" valueNumeric="0" />
			<column name="item_id" valueNumeric="320104" />
			<column name="order_line_id" />
			<column name="notes" value="Bulk Upload" />
			<column name="optlock" valueNumeric="0" />
			<column name="group_id" />
			<column name="provisioning_status" />
			<column name="global" valueBoolean="true" />
		</insert>
		<insert tableName="asset">
			<column name="id" valueNumeric="7442" />
			<column name="identifier" value="8664030652" />
			<column name="create_datetime" valueDate="2014-10-22T23:18:13.795" />
			<column name="status_id" valueNumeric="10501" />
			<column name="entity_id" valueNumeric="1" />
			<column name="deleted" valueNumeric="0" />
			<column name="item_id" valueNumeric="320104" />
			<column name="order_line_id" />
			<column name="notes" value="Bulk Upload" />
			<column name="optlock" valueNumeric="0" />
			<column name="group_id" />
			<column name="provisioning_status" />
			<column name="global" valueBoolean="true" />
		</insert>
		<insert tableName="asset">
			<column name="id" valueNumeric="7443" />
			<column name="identifier" value="8664042482" />
			<column name="create_datetime" valueDate="2014-10-22T23:18:13.802" />
			<column name="status_id" valueNumeric="10501" />
			<column name="entity_id" valueNumeric="1" />
			<column name="deleted" valueNumeric="0" />
			<column name="item_id" valueNumeric="320104" />
			<column name="order_line_id" />
			<column name="notes" value="Bulk Upload" />
			<column name="optlock" valueNumeric="0" />
			<column name="group_id" />
			<column name="provisioning_status" />
			<column name="global" valueBoolean="true" />
		</insert>
		<insert tableName="asset">
			<column name="id" valueNumeric="7444" />
			<column name="identifier" value="8664042487" />
			<column name="create_datetime" valueDate="2014-10-22T23:18:13.808" />
			<column name="status_id" valueNumeric="10501" />
			<column name="entity_id" valueNumeric="1" />
			<column name="deleted" valueNumeric="0" />
			<column name="item_id" valueNumeric="320104" />
			<column name="order_line_id" />
			<column name="notes" value="Bulk Upload" />
			<column name="optlock" valueNumeric="0" />
			<column name="group_id" />
			<column name="provisioning_status" />
			<column name="global" valueBoolean="true" />
		</insert>
		<insert tableName="asset">
			<column name="id" valueNumeric="7445" />
			<column name="identifier" value="8664045875" />
			<column name="create_datetime" valueDate="2014-10-22T23:18:13.815" />
			<column name="status_id" valueNumeric="10501" />
			<column name="entity_id" valueNumeric="1" />
			<column name="deleted" valueNumeric="0" />
			<column name="item_id" valueNumeric="320104" />
			<column name="order_line_id" />
			<column name="notes" value="Bulk Upload" />
			<column name="optlock" valueNumeric="0" />
			<column name="group_id" />
			<column name="provisioning_status" />
			<column name="global" valueBoolean="true" />
		</insert>
		<insert tableName="asset">
			<column name="id" valueNumeric="7446" />
			<column name="identifier" value="8664048235" />
			<column name="create_datetime" valueDate="2014-10-22T23:18:13.850" />
			<column name="status_id" valueNumeric="10501" />
			<column name="entity_id" valueNumeric="1" />
			<column name="deleted" valueNumeric="0" />
			<column name="item_id" valueNumeric="320104" />
			<column name="order_line_id" />
			<column name="notes" value="Bulk Upload" />
			<column name="optlock" valueNumeric="0" />
			<column name="group_id" />
			<column name="provisioning_status" />
			<column name="global" valueBoolean="true" />
		</insert>
		<insert tableName="asset">
			<column name="id" valueNumeric="7447" />
			<column name="identifier" value="8664048394" />
			<column name="create_datetime" valueDate="2014-10-22T23:18:13.886" />
			<column name="status_id" valueNumeric="10501" />
			<column name="entity_id" valueNumeric="1" />
			<column name="deleted" valueNumeric="0" />
			<column name="item_id" valueNumeric="320104" />
			<column name="order_line_id" />
			<column name="notes" value="Bulk Upload" />
			<column name="optlock" valueNumeric="0" />
			<column name="group_id" />
			<column name="provisioning_status" />
			<column name="global" valueBoolean="true" />
		</insert>
		<insert tableName="asset">
			<column name="id" valueNumeric="7448" />
			<column name="identifier" value="8664063699" />
			<column name="create_datetime" valueDate="2014-10-22T23:18:13.902" />
			<column name="status_id" valueNumeric="10501" />
			<column name="entity_id" valueNumeric="1" />
			<column name="deleted" valueNumeric="0" />
			<column name="item_id" valueNumeric="320104" />
			<column name="order_line_id" />
			<column name="notes" value="Bulk Upload" />
			<column name="optlock" valueNumeric="0" />
			<column name="group_id" />
			<column name="provisioning_status" />
			<column name="global" valueBoolean="true" />
		</insert>
		<insert tableName="asset">
			<column name="id" valueNumeric="7449" />
			<column name="identifier" value="8664068449" />
			<column name="create_datetime" valueDate="2014-10-22T23:18:13.932" />
			<column name="status_id" valueNumeric="10501" />
			<column name="entity_id" valueNumeric="1" />
			<column name="deleted" valueNumeric="0" />
			<column name="item_id" valueNumeric="320104" />
			<column name="order_line_id" />
			<column name="notes" value="Bulk Upload" />
			<column name="optlock" valueNumeric="0" />
			<column name="group_id" />
			<column name="provisioning_status" />
			<column name="global" valueBoolean="true" />
		</insert>
		<insert tableName="asset">
			<column name="id" valueNumeric="7450" />
			<column name="identifier" value="8664068507" />
			<column name="create_datetime" valueDate="2014-10-22T23:18:14.417" />
			<column name="status_id" valueNumeric="10501" />
			<column name="entity_id" valueNumeric="1" />
			<column name="deleted" valueNumeric="0" />
			<column name="item_id" valueNumeric="320104" />
			<column name="order_line_id" />
			<column name="notes" value="Bulk Upload" />
			<column name="optlock" valueNumeric="0" />
			<column name="group_id" />
			<column name="provisioning_status" />
			<column name="global" valueBoolean="true" />
		</insert>
		<insert tableName="asset">
			<column name="id" valueNumeric="7451" />
			<column name="identifier" value="8664069115" />
			<column name="create_datetime" valueDate="2014-10-22T23:18:14.424" />
			<column name="status_id" valueNumeric="10501" />
			<column name="entity_id" valueNumeric="1" />
			<column name="deleted" valueNumeric="0" />
			<column name="item_id" valueNumeric="320104" />
			<column name="order_line_id" />
			<column name="notes" value="Bulk Upload" />
			<column name="optlock" valueNumeric="0" />
			<column name="group_id" />
			<column name="provisioning_status" />
			<column name="global" valueBoolean="true" />
		</insert>
		<insert tableName="asset">
			<column name="id" valueNumeric="7452" />
			<column name="identifier" value="8664076599" />
			<column name="create_datetime" valueDate="2014-10-22T23:18:14.435" />
			<column name="status_id" valueNumeric="10501" />
			<column name="entity_id" valueNumeric="1" />
			<column name="deleted" valueNumeric="0" />
			<column name="item_id" valueNumeric="320104" />
			<column name="order_line_id" />
			<column name="notes" value="Bulk Upload" />
			<column name="optlock" valueNumeric="0" />
			<column name="group_id" />
			<column name="provisioning_status" />
			<column name="global" valueBoolean="true" />
		</insert>
		<insert tableName="asset">
			<column name="id" valueNumeric="7453" />
			<column name="identifier" value="8664077292" />
			<column name="create_datetime" valueDate="2014-10-22T23:18:14.449" />
			<column name="status_id" valueNumeric="10501" />
			<column name="entity_id" valueNumeric="1" />
			<column name="deleted" valueNumeric="0" />
			<column name="item_id" valueNumeric="320104" />
			<column name="order_line_id" />
			<column name="notes" value="Bulk Upload" />
			<column name="optlock" valueNumeric="0" />
			<column name="group_id" />
			<column name="provisioning_status" />
			<column name="global" valueBoolean="true" />
		</insert>
		<insert tableName="asset">
			<column name="id" valueNumeric="7454" />
			<column name="identifier" value="8664093472" />
			<column name="create_datetime" valueDate="2014-10-22T23:18:14.470" />
			<column name="status_id" valueNumeric="10501" />
			<column name="entity_id" valueNumeric="1" />
			<column name="deleted" valueNumeric="0" />
			<column name="item_id" valueNumeric="320104" />
			<column name="order_line_id" />
			<column name="notes" value="Bulk Upload" />
			<column name="optlock" valueNumeric="0" />
			<column name="group_id" />
			<column name="provisioning_status" />
			<column name="global" valueBoolean="true" />
		</insert>
		<insert tableName="asset">
			<column name="id" valueNumeric="7455" />
			<column name="identifier" value="8664093484" />
			<column name="create_datetime" valueDate="2014-10-22T23:18:14.694" />
			<column name="status_id" valueNumeric="10501" />
			<column name="entity_id" valueNumeric="1" />
			<column name="deleted" valueNumeric="0" />
			<column name="item_id" valueNumeric="320104" />
			<column name="order_line_id" />
			<column name="notes" value="Bulk Upload" />
			<column name="optlock" valueNumeric="0" />
			<column name="group_id" />
			<column name="provisioning_status" />
			<column name="global" valueBoolean="true" />
		</insert>
		<insert tableName="asset">
			<column name="id" valueNumeric="7456" />
			<column name="identifier" value="8664093609" />
			<column name="create_datetime" valueDate="2014-10-22T23:18:14.706" />
			<column name="status_id" valueNumeric="10501" />
			<column name="entity_id" valueNumeric="1" />
			<column name="deleted" valueNumeric="0" />
			<column name="item_id" valueNumeric="320104" />
			<column name="order_line_id" />
			<column name="notes" value="Bulk Upload" />
			<column name="optlock" valueNumeric="0" />
			<column name="group_id" />
			<column name="provisioning_status" />
			<column name="global" valueBoolean="true" />
		</insert>
		<insert tableName="asset">
			<column name="id" valueNumeric="7457" />
			<column name="identifier" value="8664094325" />
			<column name="create_datetime" valueDate="2014-10-22T23:18:14.727" />
			<column name="status_id" valueNumeric="10501" />
			<column name="entity_id" valueNumeric="1" />
			<column name="deleted" valueNumeric="0" />
			<column name="item_id" valueNumeric="320104" />
			<column name="order_line_id" />
			<column name="notes" value="Bulk Upload" />
			<column name="optlock" valueNumeric="0" />
			<column name="group_id" />
			<column name="provisioning_status" />
			<column name="global" valueBoolean="true" />
		</insert>
		<insert tableName="asset">
			<column name="id" valueNumeric="7458" />
			<column name="identifier" value="8664095293" />
			<column name="create_datetime" valueDate="2014-10-22T23:18:14.743" />
			<column name="status_id" valueNumeric="10501" />
			<column name="entity_id" valueNumeric="1" />
			<column name="deleted" valueNumeric="0" />
			<column name="item_id" valueNumeric="320104" />
			<column name="order_line_id" />
			<column name="notes" value="Bulk Upload" />
			<column name="optlock" valueNumeric="0" />
			<column name="group_id" />
			<column name="provisioning_status" />
			<column name="global" valueBoolean="true" />
		</insert>
		<insert tableName="asset">
			<column name="id" valueNumeric="7459" />
			<column name="identifier" value="8664095449" />
			<column name="create_datetime" valueDate="2014-10-22T23:18:14.774" />
			<column name="status_id" valueNumeric="10501" />
			<column name="entity_id" valueNumeric="1" />
			<column name="deleted" valueNumeric="0" />
			<column name="item_id" valueNumeric="320104" />
			<column name="order_line_id" />
			<column name="notes" value="Bulk Upload" />
			<column name="optlock" valueNumeric="0" />
			<column name="group_id" />
			<column name="provisioning_status" />
			<column name="global" valueBoolean="true" />
		</insert>
		<insert tableName="asset">
			<column name="id" valueNumeric="7460" />
			<column name="identifier" value="8664098674" />
			<column name="create_datetime" valueDate="2014-10-22T23:18:14.796" />
			<column name="status_id" valueNumeric="10501" />
			<column name="entity_id" valueNumeric="1" />
			<column name="deleted" valueNumeric="0" />
			<column name="item_id" valueNumeric="320104" />
			<column name="order_line_id" />
			<column name="notes" value="Bulk Upload" />
			<column name="optlock" valueNumeric="0" />
			<column name="group_id" />
			<column name="provisioning_status" />
			<column name="global" valueBoolean="true" />
		</insert>
		<insert tableName="asset">
			<column name="id" valueNumeric="7461" />
			<column name="identifier" value="8664108459" />
			<column name="create_datetime" valueDate="2014-10-22T23:18:14.820" />
			<column name="status_id" valueNumeric="10501" />
			<column name="entity_id" valueNumeric="1" />
			<column name="deleted" valueNumeric="0" />
			<column name="item_id" valueNumeric="320104" />
			<column name="order_line_id" />
			<column name="notes" value="Bulk Upload" />
			<column name="optlock" valueNumeric="0" />
			<column name="group_id" />
			<column name="provisioning_status" />
			<column name="global" valueBoolean="true" />
		</insert>
		<insert tableName="asset">
			<column name="id" valueNumeric="7462" />
			<column name="identifier" value="8664112844" />
			<column name="create_datetime" valueDate="2014-10-22T23:18:14.890" />
			<column name="status_id" valueNumeric="10501" />
			<column name="entity_id" valueNumeric="1" />
			<column name="deleted" valueNumeric="0" />
			<column name="item_id" valueNumeric="320104" />
			<column name="order_line_id" />
			<column name="notes" value="Bulk Upload" />
			<column name="optlock" valueNumeric="0" />
			<column name="group_id" />
			<column name="provisioning_status" />
			<column name="global" valueBoolean="true" />
		</insert>
		<insert tableName="asset">
			<column name="id" valueNumeric="7463" />
			<column name="identifier" value="8664120823" />
			<column name="create_datetime" valueDate="2014-10-22T23:18:14.906" />
			<column name="status_id" valueNumeric="10501" />
			<column name="entity_id" valueNumeric="1" />
			<column name="deleted" valueNumeric="0" />
			<column name="item_id" valueNumeric="320104" />
			<column name="order_line_id" />
			<column name="notes" value="Bulk Upload" />
			<column name="optlock" valueNumeric="0" />
			<column name="group_id" />
			<column name="provisioning_status" />
			<column name="global" valueBoolean="true" />
		</insert>
		<insert tableName="asset">
			<column name="id" valueNumeric="7464" />
			<column name="identifier" value="8664128111" />
			<column name="create_datetime" valueDate="2014-10-22T23:18:14.922" />
			<column name="status_id" valueNumeric="10501" />
			<column name="entity_id" valueNumeric="1" />
			<column name="deleted" valueNumeric="0" />
			<column name="item_id" valueNumeric="320104" />
			<column name="order_line_id" />
			<column name="notes" value="Bulk Upload" />
			<column name="optlock" valueNumeric="0" />
			<column name="group_id" />
			<column name="provisioning_status" />
			<column name="global" valueBoolean="true" />
		</insert>
		<insert tableName="asset">
			<column name="id" valueNumeric="7465" />
			<column name="identifier" value="8664135937" />
			<column name="create_datetime" valueDate="2014-10-22T23:18:15.25" />
			<column name="status_id" valueNumeric="10501" />
			<column name="entity_id" valueNumeric="1" />
			<column name="deleted" valueNumeric="0" />
			<column name="item_id" valueNumeric="320104" />
			<column name="order_line_id" />
			<column name="notes" value="Bulk Upload" />
			<column name="optlock" valueNumeric="0" />
			<column name="group_id" />
			<column name="provisioning_status" />
			<column name="global" valueBoolean="true" />
		</insert>
		<insert tableName="asset">
			<column name="id" valueNumeric="7466" />
			<column name="identifier" value="8664140362" />
			<column name="create_datetime" valueDate="2014-10-22T23:18:15.32" />
			<column name="status_id" valueNumeric="10501" />
			<column name="entity_id" valueNumeric="1" />
			<column name="deleted" valueNumeric="0" />
			<column name="item_id" valueNumeric="320104" />
			<column name="order_line_id" />
			<column name="notes" value="Bulk Upload" />
			<column name="optlock" valueNumeric="0" />
			<column name="group_id" />
			<column name="provisioning_status" />
			<column name="global" valueBoolean="true" />
		</insert>
		<insert tableName="asset">
			<column name="id" valueNumeric="7467" />
			<column name="identifier" value="8664155473" />
			<column name="create_datetime" valueDate="2014-10-22T23:18:15.65" />
			<column name="status_id" valueNumeric="10501" />
			<column name="entity_id" valueNumeric="1" />
			<column name="deleted" valueNumeric="0" />
			<column name="item_id" valueNumeric="320104" />
			<column name="order_line_id" />
			<column name="notes" value="Bulk Upload" />
			<column name="optlock" valueNumeric="0" />
			<column name="group_id" />
			<column name="provisioning_status" />
			<column name="global" valueBoolean="true" />
		</insert>
		<insert tableName="asset">
			<column name="id" valueNumeric="7468" />
			<column name="identifier" value="8664162029" />
			<column name="create_datetime" valueDate="2014-10-22T23:18:15.99" />
			<column name="status_id" valueNumeric="10501" />
			<column name="entity_id" valueNumeric="1" />
			<column name="deleted" valueNumeric="0" />
			<column name="item_id" valueNumeric="320104" />
			<column name="order_line_id" />
			<column name="notes" value="Bulk Upload" />
			<column name="optlock" valueNumeric="0" />
			<column name="group_id" />
			<column name="provisioning_status" />
			<column name="global" valueBoolean="true" />
		</insert>
		<insert tableName="asset">
			<column name="id" valueNumeric="7469" />
			<column name="identifier" value="8664162253" />
			<column name="create_datetime" valueDate="2014-10-22T23:18:15.106" />
			<column name="status_id" valueNumeric="10501" />
			<column name="entity_id" valueNumeric="1" />
			<column name="deleted" valueNumeric="0" />
			<column name="item_id" valueNumeric="320104" />
			<column name="order_line_id" />
			<column name="notes" value="Bulk Upload" />
			<column name="optlock" valueNumeric="0" />
			<column name="group_id" />
			<column name="provisioning_status" />
			<column name="global" valueBoolean="true" />
		</insert>
		<insert tableName="asset">
			<column name="id" valueNumeric="7470" />
			<column name="identifier" value="8664179585" />
			<column name="create_datetime" valueDate="2014-10-22T23:18:15.125" />
			<column name="status_id" valueNumeric="10501" />
			<column name="entity_id" valueNumeric="1" />
			<column name="deleted" valueNumeric="0" />
			<column name="item_id" valueNumeric="320104" />
			<column name="order_line_id" />
			<column name="notes" value="Bulk Upload" />
			<column name="optlock" valueNumeric="0" />
			<column name="group_id" />
			<column name="provisioning_status" />
			<column name="global" valueBoolean="true" />
		</insert>
		<insert tableName="asset">
			<column name="id" valueNumeric="7471" />
			<column name="identifier" value="8664182720" />
			<column name="create_datetime" valueDate="2014-10-22T23:18:15.252" />
			<column name="status_id" valueNumeric="10501" />
			<column name="entity_id" valueNumeric="1" />
			<column name="deleted" valueNumeric="0" />
			<column name="item_id" valueNumeric="320104" />
			<column name="order_line_id" />
			<column name="notes" value="Bulk Upload" />
			<column name="optlock" valueNumeric="0" />
			<column name="group_id" />
			<column name="provisioning_status" />
			<column name="global" valueBoolean="true" />
		</insert>
		<insert tableName="asset">
			<column name="id" valueNumeric="7472" />
			<column name="identifier" value="8664183419" />
			<column name="create_datetime" valueDate="2014-10-22T23:18:15.268" />
			<column name="status_id" valueNumeric="10501" />
			<column name="entity_id" valueNumeric="1" />
			<column name="deleted" valueNumeric="0" />
			<column name="item_id" valueNumeric="320104" />
			<column name="order_line_id" />
			<column name="notes" value="Bulk Upload" />
			<column name="optlock" valueNumeric="0" />
			<column name="group_id" />
			<column name="provisioning_status" />
			<column name="global" valueBoolean="true" />
		</insert>
		<insert tableName="asset">
			<column name="id" valueNumeric="7473" />
			<column name="identifier" value="8664184678" />
			<column name="create_datetime" valueDate="2014-10-22T23:18:15.284" />
			<column name="status_id" valueNumeric="10501" />
			<column name="entity_id" valueNumeric="1" />
			<column name="deleted" valueNumeric="0" />
			<column name="item_id" valueNumeric="320104" />
			<column name="order_line_id" />
			<column name="notes" value="Bulk Upload" />
			<column name="optlock" valueNumeric="0" />
			<column name="group_id" />
			<column name="provisioning_status" />
			<column name="global" valueBoolean="true" />
		</insert>
		<insert tableName="asset">
			<column name="id" valueNumeric="7474" />
			<column name="identifier" value="8664186242" />
			<column name="create_datetime" valueDate="2014-10-22T23:18:15.319" />
			<column name="status_id" valueNumeric="10501" />
			<column name="entity_id" valueNumeric="1" />
			<column name="deleted" valueNumeric="0" />
			<column name="item_id" valueNumeric="320104" />
			<column name="order_line_id" />
			<column name="notes" value="Bulk Upload" />
			<column name="optlock" valueNumeric="0" />
			<column name="group_id" />
			<column name="provisioning_status" />
			<column name="global" valueBoolean="true" />
		</insert>
		<insert tableName="asset">
			<column name="id" valueNumeric="7475" />
			<column name="identifier" value="8664186281" />
			<column name="create_datetime" valueDate="2014-10-22T23:18:15.325" />
			<column name="status_id" valueNumeric="10501" />
			<column name="entity_id" valueNumeric="1" />
			<column name="deleted" valueNumeric="0" />
			<column name="item_id" valueNumeric="320104" />
			<column name="order_line_id" />
			<column name="notes" value="Bulk Upload" />
			<column name="optlock" valueNumeric="0" />
			<column name="group_id" />
			<column name="provisioning_status" />
			<column name="global" valueBoolean="true" />
		</insert>
		<insert tableName="asset">
			<column name="id" valueNumeric="7476" />
			<column name="identifier" value="8664196569" />
			<column name="create_datetime" valueDate="2014-10-22T23:18:15.338" />
			<column name="status_id" valueNumeric="10501" />
			<column name="entity_id" valueNumeric="1" />
			<column name="deleted" valueNumeric="0" />
			<column name="item_id" valueNumeric="320104" />
			<column name="order_line_id" />
			<column name="notes" value="Bulk Upload" />
			<column name="optlock" valueNumeric="0" />
			<column name="group_id" />
			<column name="provisioning_status" />
			<column name="global" valueBoolean="true" />
		</insert>
		<insert tableName="asset">
			<column name="id" valueNumeric="7477" />
			<column name="identifier" value="8664199266" />
			<column name="create_datetime" valueDate="2014-10-22T23:18:15.370" />
			<column name="status_id" valueNumeric="10501" />
			<column name="entity_id" valueNumeric="1" />
			<column name="deleted" valueNumeric="0" />
			<column name="item_id" valueNumeric="320104" />
			<column name="order_line_id" />
			<column name="notes" value="Bulk Upload" />
			<column name="optlock" valueNumeric="0" />
			<column name="group_id" />
			<column name="provisioning_status" />
			<column name="global" valueBoolean="true" />
		</insert>
		<insert tableName="asset">
			<column name="id" valueNumeric="7478" />
			<column name="identifier" value="8664202099" />
			<column name="create_datetime" valueDate="2014-10-22T23:18:15.411" />
			<column name="status_id" valueNumeric="10501" />
			<column name="entity_id" valueNumeric="1" />
			<column name="deleted" valueNumeric="0" />
			<column name="item_id" valueNumeric="320104" />
			<column name="order_line_id" />
			<column name="notes" value="Bulk Upload" />
			<column name="optlock" valueNumeric="0" />
			<column name="group_id" />
			<column name="provisioning_status" />
			<column name="global" valueBoolean="true" />
		</insert>
		<insert tableName="asset">
			<column name="id" valueNumeric="7479" />
			<column name="identifier" value="8664204151" />
			<column name="create_datetime" valueDate="2014-10-22T23:18:15.417" />
			<column name="status_id" valueNumeric="10501" />
			<column name="entity_id" valueNumeric="1" />
			<column name="deleted" valueNumeric="0" />
			<column name="item_id" valueNumeric="320104" />
			<column name="order_line_id" />
			<column name="notes" value="Bulk Upload" />
			<column name="optlock" valueNumeric="0" />
			<column name="group_id" />
			<column name="provisioning_status" />
			<column name="global" valueBoolean="true" />
		</insert>
		<insert tableName="asset">
			<column name="id" valueNumeric="7480" />
			<column name="identifier" value="8664210668" />
			<column name="create_datetime" valueDate="2014-10-22T23:18:15.466" />
			<column name="status_id" valueNumeric="10501" />
			<column name="entity_id" valueNumeric="1" />
			<column name="deleted" valueNumeric="0" />
			<column name="item_id" valueNumeric="320104" />
			<column name="order_line_id" />
			<column name="notes" value="Bulk Upload" />
			<column name="optlock" valueNumeric="0" />
			<column name="group_id" />
			<column name="provisioning_status" />
			<column name="global" valueBoolean="true" />
		</insert>
		<insert tableName="asset">
			<column name="id" valueNumeric="7481" />
			<column name="identifier" value="8664214702" />
			<column name="create_datetime" valueDate="2014-10-22T23:18:15.473" />
			<column name="status_id" valueNumeric="10501" />
			<column name="entity_id" valueNumeric="1" />
			<column name="deleted" valueNumeric="0" />
			<column name="item_id" valueNumeric="320104" />
			<column name="order_line_id" />
			<column name="notes" value="Bulk Upload" />
			<column name="optlock" valueNumeric="0" />
			<column name="group_id" />
			<column name="provisioning_status" />
			<column name="global" valueBoolean="true" />
		</insert>
		<insert tableName="asset">
			<column name="id" valueNumeric="7482" />
			<column name="identifier" value="8664223722" />
			<column name="create_datetime" valueDate="2014-10-22T23:18:15.499" />
			<column name="status_id" valueNumeric="10501" />
			<column name="entity_id" valueNumeric="1" />
			<column name="deleted" valueNumeric="0" />
			<column name="item_id" valueNumeric="320104" />
			<column name="order_line_id" />
			<column name="notes" value="Bulk Upload" />
			<column name="optlock" valueNumeric="0" />
			<column name="group_id" />
			<column name="provisioning_status" />
			<column name="global" valueBoolean="true" />
		</insert>
		<insert tableName="asset">
			<column name="id" valueNumeric="7483" />
			<column name="identifier" value="8664231426" />
			<column name="create_datetime" valueDate="2014-10-22T23:18:15.511" />
			<column name="status_id" valueNumeric="10501" />
			<column name="entity_id" valueNumeric="1" />
			<column name="deleted" valueNumeric="0" />
			<column name="item_id" valueNumeric="320104" />
			<column name="order_line_id" />
			<column name="notes" value="Bulk Upload" />
			<column name="optlock" valueNumeric="0" />
			<column name="group_id" />
			<column name="provisioning_status" />
			<column name="global" valueBoolean="true" />
		</insert>
		<insert tableName="asset">
			<column name="id" valueNumeric="7484" />
			<column name="identifier" value="8664255573" />
			<column name="create_datetime" valueDate="2014-10-22T23:18:15.535" />
			<column name="status_id" valueNumeric="10501" />
			<column name="entity_id" valueNumeric="1" />
			<column name="deleted" valueNumeric="0" />
			<column name="item_id" valueNumeric="320104" />
			<column name="order_line_id" />
			<column name="notes" value="Bulk Upload" />
			<column name="optlock" valueNumeric="0" />
			<column name="group_id" />
			<column name="provisioning_status" />
			<column name="global" valueBoolean="true" />
		</insert>
		<insert tableName="asset">
			<column name="id" valueNumeric="7485" />
			<column name="identifier" value="8664257826" />
			<column name="create_datetime" valueDate="2014-10-22T23:18:15.607" />
			<column name="status_id" valueNumeric="10501" />
			<column name="entity_id" valueNumeric="1" />
			<column name="deleted" valueNumeric="0" />
			<column name="item_id" valueNumeric="320104" />
			<column name="order_line_id" />
			<column name="notes" value="Bulk Upload" />
			<column name="optlock" valueNumeric="0" />
			<column name="group_id" />
			<column name="provisioning_status" />
			<column name="global" valueBoolean="true" />
		</insert>
		<insert tableName="asset">
			<column name="id" valueNumeric="7486" />
			<column name="identifier" value="8664266982" />
			<column name="create_datetime" valueDate="2014-10-22T23:18:15.618" />
			<column name="status_id" valueNumeric="10501" />
			<column name="entity_id" valueNumeric="1" />
			<column name="deleted" valueNumeric="0" />
			<column name="item_id" valueNumeric="320104" />
			<column name="order_line_id" />
			<column name="notes" value="Bulk Upload" />
			<column name="optlock" valueNumeric="0" />
			<column name="group_id" />
			<column name="provisioning_status" />
			<column name="global" valueBoolean="true" />
		</insert>
		<insert tableName="asset">
			<column name="id" valueNumeric="7487" />
			<column name="identifier" value="8664270151" />
			<column name="create_datetime" valueDate="2014-10-22T23:18:15.624" />
			<column name="status_id" valueNumeric="10501" />
			<column name="entity_id" valueNumeric="1" />
			<column name="deleted" valueNumeric="0" />
			<column name="item_id" valueNumeric="320104" />
			<column name="order_line_id" />
			<column name="notes" value="Bulk Upload" />
			<column name="optlock" valueNumeric="0" />
			<column name="group_id" />
			<column name="provisioning_status" />
			<column name="global" valueBoolean="true" />
		</insert>
		<insert tableName="asset">
			<column name="id" valueNumeric="7488" />
			<column name="identifier" value="8664278662" />
			<column name="create_datetime" valueDate="2014-10-22T23:18:15.655" />
			<column name="status_id" valueNumeric="10501" />
			<column name="entity_id" valueNumeric="1" />
			<column name="deleted" valueNumeric="0" />
			<column name="item_id" valueNumeric="320104" />
			<column name="order_line_id" />
			<column name="notes" value="Bulk Upload" />
			<column name="optlock" valueNumeric="0" />
			<column name="group_id" />
			<column name="provisioning_status" />
			<column name="global" valueBoolean="true" />
		</insert>
		<insert tableName="asset">
			<column name="id" valueNumeric="7489" />
			<column name="identifier" value="8664284432" />
			<column name="create_datetime" valueDate="2014-10-22T23:18:15.714" />
			<column name="status_id" valueNumeric="10501" />
			<column name="entity_id" valueNumeric="1" />
			<column name="deleted" valueNumeric="0" />
			<column name="item_id" valueNumeric="320104" />
			<column name="order_line_id" />
			<column name="notes" value="Bulk Upload" />
			<column name="optlock" valueNumeric="0" />
			<column name="group_id" />
			<column name="provisioning_status" />
			<column name="global" valueBoolean="true" />
		</insert>
		<insert tableName="asset">
			<column name="id" valueNumeric="7490" />
			<column name="identifier" value="8664296002" />
			<column name="create_datetime" valueDate="2014-10-22T23:18:15.732" />
			<column name="status_id" valueNumeric="10501" />
			<column name="entity_id" valueNumeric="1" />
			<column name="deleted" valueNumeric="0" />
			<column name="item_id" valueNumeric="320104" />
			<column name="order_line_id" />
			<column name="notes" value="Bulk Upload" />
			<column name="optlock" valueNumeric="0" />
			<column name="group_id" />
			<column name="provisioning_status" />
			<column name="global" valueBoolean="true" />
		</insert>
		<insert tableName="asset">
			<column name="id" valueNumeric="7491" />
			<column name="identifier" value="8664302224" />
			<column name="create_datetime" valueDate="2014-10-22T23:18:15.739" />
			<column name="status_id" valueNumeric="10501" />
			<column name="entity_id" valueNumeric="1" />
			<column name="deleted" valueNumeric="0" />
			<column name="item_id" valueNumeric="320104" />
			<column name="order_line_id" />
			<column name="notes" value="Bulk Upload" />
			<column name="optlock" valueNumeric="0" />
			<column name="group_id" />
			<column name="provisioning_status" />
			<column name="global" valueBoolean="true" />
		</insert>
		<insert tableName="asset">
			<column name="id" valueNumeric="7493" />
			<column name="identifier" value="8664303012" />
			<column name="create_datetime" valueDate="2014-10-22T23:18:15.776" />
			<column name="status_id" valueNumeric="10501" />
			<column name="entity_id" valueNumeric="1" />
			<column name="deleted" valueNumeric="0" />
			<column name="item_id" valueNumeric="320104" />
			<column name="order_line_id" />
			<column name="notes" value="Bulk Upload" />
			<column name="optlock" valueNumeric="0" />
			<column name="group_id" />
			<column name="provisioning_status" />
			<column name="global" valueBoolean="true" />
		</insert>
		<insert tableName="asset">
			<column name="id" valueNumeric="7494" />
			<column name="identifier" value="8664303319" />
			<column name="create_datetime" valueDate="2014-10-22T23:18:15.815" />
			<column name="status_id" valueNumeric="10501" />
			<column name="entity_id" valueNumeric="1" />
			<column name="deleted" valueNumeric="0" />
			<column name="item_id" valueNumeric="320104" />
			<column name="order_line_id" />
			<column name="notes" value="Bulk Upload" />
			<column name="optlock" valueNumeric="0" />
			<column name="group_id" />
			<column name="provisioning_status" />
			<column name="global" valueBoolean="true" />
		</insert>
		<insert tableName="asset">
			<column name="id" valueNumeric="7495" />
			<column name="identifier" value="8664304632" />
			<column name="create_datetime" valueDate="2014-10-22T23:18:15.826" />
			<column name="status_id" valueNumeric="10501" />
			<column name="entity_id" valueNumeric="1" />
			<column name="deleted" valueNumeric="0" />
			<column name="item_id" valueNumeric="320104" />
			<column name="order_line_id" />
			<column name="notes" value="Bulk Upload" />
			<column name="optlock" valueNumeric="0" />
			<column name="group_id" />
			<column name="provisioning_status" />
			<column name="global" valueBoolean="true" />
		</insert>
		<insert tableName="asset">
			<column name="id" valueNumeric="7496" />
			<column name="identifier" value="8664304745" />
			<column name="create_datetime" valueDate="2014-10-22T23:18:15.833" />
			<column name="status_id" valueNumeric="10501" />
			<column name="entity_id" valueNumeric="1" />
			<column name="deleted" valueNumeric="0" />
			<column name="item_id" valueNumeric="320104" />
			<column name="order_line_id" />
			<column name="notes" value="Bulk Upload" />
			<column name="optlock" valueNumeric="0" />
			<column name="group_id" />
			<column name="provisioning_status" />
			<column name="global" valueBoolean="true" />
		</insert>
		<insert tableName="asset">
			<column name="id" valueNumeric="7497" />
			<column name="identifier" value="8664311190" />
			<column name="create_datetime" valueDate="2014-10-22T23:18:15.857" />
			<column name="status_id" valueNumeric="10501" />
			<column name="entity_id" valueNumeric="1" />
			<column name="deleted" valueNumeric="0" />
			<column name="item_id" valueNumeric="320104" />
			<column name="order_line_id" />
			<column name="notes" value="Bulk Upload" />
			<column name="optlock" valueNumeric="0" />
			<column name="group_id" />
			<column name="provisioning_status" />
			<column name="global" valueBoolean="true" />
		</insert>
		<insert tableName="asset">
			<column name="id" valueNumeric="7498" />
			<column name="identifier" value="8664315894" />
			<column name="create_datetime" valueDate="2014-10-22T23:18:15.882" />
			<column name="status_id" valueNumeric="10501" />
			<column name="entity_id" valueNumeric="1" />
			<column name="deleted" valueNumeric="0" />
			<column name="item_id" valueNumeric="320104" />
			<column name="order_line_id" />
			<column name="notes" value="Bulk Upload" />
			<column name="optlock" valueNumeric="0" />
			<column name="group_id" />
			<column name="provisioning_status" />
			<column name="global" valueBoolean="true" />
		</insert>
		<insert tableName="asset">
			<column name="id" valueNumeric="7499" />
			<column name="identifier" value="8664315930" />
			<column name="create_datetime" valueDate="2014-10-22T23:18:15.938" />
			<column name="status_id" valueNumeric="10501" />
			<column name="entity_id" valueNumeric="1" />
			<column name="deleted" valueNumeric="0" />
			<column name="item_id" valueNumeric="320104" />
			<column name="order_line_id" />
			<column name="notes" value="Bulk Upload" />
			<column name="optlock" valueNumeric="0" />
			<column name="group_id" />
			<column name="provisioning_status" />
			<column name="global" valueBoolean="true" />
		</insert>
		<insert tableName="asset">
			<column name="id" valueNumeric="7500" />
			<column name="identifier" value="8664329253" />
			<column name="create_datetime" valueDate="2014-10-22T23:18:15.945" />
			<column name="status_id" valueNumeric="10501" />
			<column name="entity_id" valueNumeric="1" />
			<column name="deleted" valueNumeric="0" />
			<column name="item_id" valueNumeric="320104" />
			<column name="order_line_id" />
			<column name="notes" value="Bulk Upload" />
			<column name="optlock" valueNumeric="0" />
			<column name="group_id" />
			<column name="provisioning_status" />
			<column name="global" valueBoolean="true" />
		</insert>
		<insert tableName="asset">
			<column name="id" valueNumeric="7501" />
			<column name="identifier" value="8664339737" />
			<column name="create_datetime" valueDate="2014-10-22T23:18:16.130" />
			<column name="status_id" valueNumeric="10501" />
			<column name="entity_id" valueNumeric="1" />
			<column name="deleted" valueNumeric="0" />
			<column name="item_id" valueNumeric="320104" />
			<column name="order_line_id" />
			<column name="notes" value="Bulk Upload" />
			<column name="optlock" valueNumeric="0" />
			<column name="group_id" />
			<column name="provisioning_status" />
			<column name="global" valueBoolean="true" />
		</insert>
		<insert tableName="asset">
			<column name="id" valueNumeric="7502" />
			<column name="identifier" value="8664342345" />
			<column name="create_datetime" valueDate="2014-10-22T23:18:16.143" />
			<column name="status_id" valueNumeric="10501" />
			<column name="entity_id" valueNumeric="1" />
			<column name="deleted" valueNumeric="0" />
			<column name="item_id" valueNumeric="320104" />
			<column name="order_line_id" />
			<column name="notes" value="Bulk Upload" />
			<column name="optlock" valueNumeric="0" />
			<column name="group_id" />
			<column name="provisioning_status" />
			<column name="global" valueBoolean="true" />
		</insert>
		<insert tableName="asset">
			<column name="id" valueNumeric="7503" />
			<column name="identifier" value="8664347088" />
			<column name="create_datetime" valueDate="2014-10-22T23:18:16.168" />
			<column name="status_id" valueNumeric="10501" />
			<column name="entity_id" valueNumeric="1" />
			<column name="deleted" valueNumeric="0" />
			<column name="item_id" valueNumeric="320104" />
			<column name="order_line_id" />
			<column name="notes" value="Bulk Upload" />
			<column name="optlock" valueNumeric="0" />
			<column name="group_id" />
			<column name="provisioning_status" />
			<column name="global" valueBoolean="true" />
		</insert>
		<insert tableName="asset">
			<column name="id" valueNumeric="7504" />
			<column name="identifier" value="8664350158" />
			<column name="create_datetime" valueDate="2014-10-22T23:18:16.176" />
			<column name="status_id" valueNumeric="10501" />
			<column name="entity_id" valueNumeric="1" />
			<column name="deleted" valueNumeric="0" />
			<column name="item_id" valueNumeric="320104" />
			<column name="order_line_id" />
			<column name="notes" value="Bulk Upload" />
			<column name="optlock" valueNumeric="0" />
			<column name="group_id" />
			<column name="provisioning_status" />
			<column name="global" valueBoolean="true" />
		</insert>
		<insert tableName="asset">
			<column name="id" valueNumeric="7505" />
			<column name="identifier" value="8664350931" />
			<column name="create_datetime" valueDate="2014-10-22T23:18:16.183" />
			<column name="status_id" valueNumeric="10501" />
			<column name="entity_id" valueNumeric="1" />
			<column name="deleted" valueNumeric="0" />
			<column name="item_id" valueNumeric="320104" />
			<column name="order_line_id" />
			<column name="notes" value="Bulk Upload" />
			<column name="optlock" valueNumeric="0" />
			<column name="group_id" />
			<column name="provisioning_status" />
			<column name="global" valueBoolean="true" />
		</insert>
		<insert tableName="asset">
			<column name="id" valueNumeric="7506" />
			<column name="identifier" value="8664350968" />
			<column name="create_datetime" valueDate="2014-10-22T23:18:16.190" />
			<column name="status_id" valueNumeric="10501" />
			<column name="entity_id" valueNumeric="1" />
			<column name="deleted" valueNumeric="0" />
			<column name="item_id" valueNumeric="320104" />
			<column name="order_line_id" />
			<column name="notes" value="Bulk Upload" />
			<column name="optlock" valueNumeric="0" />
			<column name="group_id" />
			<column name="provisioning_status" />
			<column name="global" valueBoolean="true" />
		</insert>
		<insert tableName="asset">
			<column name="id" valueNumeric="7507" />
			<column name="identifier" value="8664351918" />
			<column name="create_datetime" valueDate="2014-10-22T23:18:16.212" />
			<column name="status_id" valueNumeric="10501" />
			<column name="entity_id" valueNumeric="1" />
			<column name="deleted" valueNumeric="0" />
			<column name="item_id" valueNumeric="320104" />
			<column name="order_line_id" />
			<column name="notes" value="Bulk Upload" />
			<column name="optlock" valueNumeric="0" />
			<column name="group_id" />
			<column name="provisioning_status" />
			<column name="global" valueBoolean="true" />
		</insert>
		<insert tableName="asset">
			<column name="id" valueNumeric="7508" />
			<column name="identifier" value="8664351927" />
			<column name="create_datetime" valueDate="2014-10-22T23:18:16.268" />
			<column name="status_id" valueNumeric="10501" />
			<column name="entity_id" valueNumeric="1" />
			<column name="deleted" valueNumeric="0" />
			<column name="item_id" valueNumeric="320104" />
			<column name="order_line_id" />
			<column name="notes" value="Bulk Upload" />
			<column name="optlock" valueNumeric="0" />
			<column name="group_id" />
			<column name="provisioning_status" />
			<column name="global" valueBoolean="true" />
		</insert>
		<insert tableName="asset">
			<column name="id" valueNumeric="7509" />
			<column name="identifier" value="8664351928" />
			<column name="create_datetime" valueDate="2014-10-22T23:18:16.389" />
			<column name="status_id" valueNumeric="10501" />
			<column name="entity_id" valueNumeric="1" />
			<column name="deleted" valueNumeric="0" />
			<column name="item_id" valueNumeric="320104" />
			<column name="order_line_id" />
			<column name="notes" value="Bulk Upload" />
			<column name="optlock" valueNumeric="0" />
			<column name="group_id" />
			<column name="provisioning_status" />
			<column name="global" valueBoolean="true" />
		</insert>
		<insert tableName="asset">
			<column name="id" valueNumeric="7510" />
			<column name="identifier" value="8664353844" />
			<column name="create_datetime" valueDate="2014-10-22T23:18:16.439" />
			<column name="status_id" valueNumeric="10501" />
			<column name="entity_id" valueNumeric="1" />
			<column name="deleted" valueNumeric="0" />
			<column name="item_id" valueNumeric="320104" />
			<column name="order_line_id" />
			<column name="notes" value="Bulk Upload" />
			<column name="optlock" valueNumeric="0" />
			<column name="group_id" />
			<column name="provisioning_status" />
			<column name="global" valueBoolean="true" />
		</insert>
		<insert tableName="asset">
			<column name="id" valueNumeric="7511" />
			<column name="identifier" value="8664354116" />
			<column name="create_datetime" valueDate="2014-10-22T23:18:16.455" />
			<column name="status_id" valueNumeric="10501" />
			<column name="entity_id" valueNumeric="1" />
			<column name="deleted" valueNumeric="0" />
			<column name="item_id" valueNumeric="320104" />
			<column name="order_line_id" />
			<column name="notes" value="Bulk Upload" />
			<column name="optlock" valueNumeric="0" />
			<column name="group_id" />
			<column name="provisioning_status" />
			<column name="global" valueBoolean="true" />
		</insert>
		<insert tableName="asset">
			<column name="id" valueNumeric="7512" />
			<column name="identifier" value="8664354932" />
			<column name="create_datetime" valueDate="2014-10-22T23:18:16.471" />
			<column name="status_id" valueNumeric="10501" />
			<column name="entity_id" valueNumeric="1" />
			<column name="deleted" valueNumeric="0" />
			<column name="item_id" valueNumeric="320104" />
			<column name="order_line_id" />
			<column name="notes" value="Bulk Upload" />
			<column name="optlock" valueNumeric="0" />
			<column name="group_id" />
			<column name="provisioning_status" />
			<column name="global" valueBoolean="true" />
		</insert>
		<insert tableName="asset">
			<column name="id" valueNumeric="7513" />
			<column name="identifier" value="8664369573" />
			<column name="create_datetime" valueDate="2014-10-22T23:18:16.485" />
			<column name="status_id" valueNumeric="10501" />
			<column name="entity_id" valueNumeric="1" />
			<column name="deleted" valueNumeric="0" />
			<column name="item_id" valueNumeric="320104" />
			<column name="order_line_id" />
			<column name="notes" value="Bulk Upload" />
			<column name="optlock" valueNumeric="0" />
			<column name="group_id" />
			<column name="provisioning_status" />
			<column name="global" valueBoolean="true" />
		</insert>
		<insert tableName="asset">
			<column name="id" valueNumeric="7514" />
			<column name="identifier" value="8664372079" />
			<column name="create_datetime" valueDate="2014-10-22T23:18:16.682" />
			<column name="status_id" valueNumeric="10501" />
			<column name="entity_id" valueNumeric="1" />
			<column name="deleted" valueNumeric="0" />
			<column name="item_id" valueNumeric="320104" />
			<column name="order_line_id" />
			<column name="notes" value="Bulk Upload" />
			<column name="optlock" valueNumeric="0" />
			<column name="group_id" />
			<column name="provisioning_status" />
			<column name="global" valueBoolean="true" />
		</insert>
		<insert tableName="asset">
			<column name="id" valueNumeric="7515" />
			<column name="identifier" value="8664373918" />
			<column name="create_datetime" valueDate="2014-10-22T23:18:16.726" />
			<column name="status_id" valueNumeric="10501" />
			<column name="entity_id" valueNumeric="1" />
			<column name="deleted" valueNumeric="0" />
			<column name="item_id" valueNumeric="320104" />
			<column name="order_line_id" />
			<column name="notes" value="Bulk Upload" />
			<column name="optlock" valueNumeric="0" />
			<column name="group_id" />
			<column name="provisioning_status" />
			<column name="global" valueBoolean="true" />
		</insert>
		<insert tableName="asset">
			<column name="id" valueNumeric="7516" />
			<column name="identifier" value="8664373919" />
			<column name="create_datetime" valueDate="2014-10-22T23:18:16.749" />
			<column name="status_id" valueNumeric="10501" />
			<column name="entity_id" valueNumeric="1" />
			<column name="deleted" valueNumeric="0" />
			<column name="item_id" valueNumeric="320104" />
			<column name="order_line_id" />
			<column name="notes" value="Bulk Upload" />
			<column name="optlock" valueNumeric="0" />
			<column name="group_id" />
			<column name="provisioning_status" />
			<column name="global" valueBoolean="true" />
		</insert>
		<insert tableName="asset">
			<column name="id" valueNumeric="7517" />
			<column name="identifier" value="8664388804" />
			<column name="create_datetime" valueDate="2014-10-22T23:18:16.776" />
			<column name="status_id" valueNumeric="10501" />
			<column name="entity_id" valueNumeric="1" />
			<column name="deleted" valueNumeric="0" />
			<column name="item_id" valueNumeric="320104" />
			<column name="order_line_id" />
			<column name="notes" value="Bulk Upload" />
			<column name="optlock" valueNumeric="0" />
			<column name="group_id" />
			<column name="provisioning_status" />
			<column name="global" valueBoolean="true" />
		</insert>
		<insert tableName="asset">
			<column name="id" valueNumeric="7518" />
			<column name="identifier" value="8664390944" />
			<column name="create_datetime" valueDate="2014-10-22T23:18:16.782" />
			<column name="status_id" valueNumeric="10501" />
			<column name="entity_id" valueNumeric="1" />
			<column name="deleted" valueNumeric="0" />
			<column name="item_id" valueNumeric="320104" />
			<column name="order_line_id" />
			<column name="notes" value="Bulk Upload" />
			<column name="optlock" valueNumeric="0" />
			<column name="group_id" />
			<column name="provisioning_status" />
			<column name="global" valueBoolean="true" />
		</insert>
		<insert tableName="asset">
			<column name="id" valueNumeric="7519" />
			<column name="identifier" value="8664393478" />
			<column name="create_datetime" valueDate="2014-10-22T23:18:16.819" />
			<column name="status_id" valueNumeric="10501" />
			<column name="entity_id" valueNumeric="1" />
			<column name="deleted" valueNumeric="0" />
			<column name="item_id" valueNumeric="320104" />
			<column name="order_line_id" />
			<column name="notes" value="Bulk Upload" />
			<column name="optlock" valueNumeric="0" />
			<column name="group_id" />
			<column name="provisioning_status" />
			<column name="global" valueBoolean="true" />
		</insert>
		<insert tableName="asset">
			<column name="id" valueNumeric="7520" />
			<column name="identifier" value="8664396120" />
			<column name="create_datetime" valueDate="2014-10-22T23:18:16.827" />
			<column name="status_id" valueNumeric="10501" />
			<column name="entity_id" valueNumeric="1" />
			<column name="deleted" valueNumeric="0" />
			<column name="item_id" valueNumeric="320104" />
			<column name="order_line_id" />
			<column name="notes" value="Bulk Upload" />
			<column name="optlock" valueNumeric="0" />
			<column name="group_id" />
			<column name="provisioning_status" />
			<column name="global" valueBoolean="true" />
		</insert>
		<insert tableName="asset">
			<column name="id" valueNumeric="7521" />
			<column name="identifier" value="8664397276" />
			<column name="create_datetime" valueDate="2014-10-22T23:18:16.834" />
			<column name="status_id" valueNumeric="10501" />
			<column name="entity_id" valueNumeric="1" />
			<column name="deleted" valueNumeric="0" />
			<column name="item_id" valueNumeric="320104" />
			<column name="order_line_id" />
			<column name="notes" value="Bulk Upload" />
			<column name="optlock" valueNumeric="0" />
			<column name="group_id" />
			<column name="provisioning_status" />
			<column name="global" valueBoolean="true" />
		</insert>
		<insert tableName="asset">
			<column name="id" valueNumeric="7522" />
			<column name="identifier" value="8664443393" />
			<column name="create_datetime" valueDate="2014-10-22T23:18:16.884" />
			<column name="status_id" valueNumeric="10501" />
			<column name="entity_id" valueNumeric="1" />
			<column name="deleted" valueNumeric="0" />
			<column name="item_id" valueNumeric="320104" />
			<column name="order_line_id" />
			<column name="notes" value="Bulk Upload" />
			<column name="optlock" valueNumeric="0" />
			<column name="group_id" />
			<column name="provisioning_status" />
			<column name="global" valueBoolean="true" />
		</insert>
		<insert tableName="asset">
			<column name="id" valueNumeric="7523" />
			<column name="identifier" value="8664448978" />
			<column name="create_datetime" valueDate="2014-10-22T23:18:16.898" />
			<column name="status_id" valueNumeric="10501" />
			<column name="entity_id" valueNumeric="1" />
			<column name="deleted" valueNumeric="0" />
			<column name="item_id" valueNumeric="320104" />
			<column name="order_line_id" />
			<column name="notes" value="Bulk Upload" />
			<column name="optlock" valueNumeric="0" />
			<column name="group_id" />
			<column name="provisioning_status" />
			<column name="global" valueBoolean="true" />
		</insert>
		<insert tableName="asset">
			<column name="id" valueNumeric="7524" />
			<column name="identifier" value="8664461605" />
			<column name="create_datetime" valueDate="2014-10-22T23:18:16.955" />
			<column name="status_id" valueNumeric="10501" />
			<column name="entity_id" valueNumeric="1" />
			<column name="deleted" valueNumeric="0" />
			<column name="item_id" valueNumeric="320104" />
			<column name="order_line_id" />
			<column name="notes" value="Bulk Upload" />
			<column name="optlock" valueNumeric="0" />
			<column name="group_id" />
			<column name="provisioning_status" />
			<column name="global" valueBoolean="true" />
		</insert>
		<insert tableName="asset">
			<column name="id" valueNumeric="7525" />
			<column name="identifier" value="8664466462" />
			<column name="create_datetime" valueDate="2014-10-22T23:18:16.967" />
			<column name="status_id" valueNumeric="10501" />
			<column name="entity_id" valueNumeric="1" />
			<column name="deleted" valueNumeric="0" />
			<column name="item_id" valueNumeric="320104" />
			<column name="order_line_id" />
			<column name="notes" value="Bulk Upload" />
			<column name="optlock" valueNumeric="0" />
			<column name="group_id" />
			<column name="provisioning_status" />
			<column name="global" valueBoolean="true" />
		</insert>
		<insert tableName="asset">
			<column name="id" valueNumeric="7526" />
			<column name="identifier" value="8664466474" />
			<column name="create_datetime" valueDate="2014-10-22T23:18:16.973" />
			<column name="status_id" valueNumeric="10501" />
			<column name="entity_id" valueNumeric="1" />
			<column name="deleted" valueNumeric="0" />
			<column name="item_id" valueNumeric="320104" />
			<column name="order_line_id" />
			<column name="notes" value="Bulk Upload" />
			<column name="optlock" valueNumeric="0" />
			<column name="group_id" />
			<column name="provisioning_status" />
			<column name="global" valueBoolean="true" />
		</insert>
		<insert tableName="asset">
			<column name="id" valueNumeric="7527" />
			<column name="identifier" value="8664470712" />
			<column name="create_datetime" valueDate="2014-10-22T23:18:16.980" />
			<column name="status_id" valueNumeric="10501" />
			<column name="entity_id" valueNumeric="1" />
			<column name="deleted" valueNumeric="0" />
			<column name="item_id" valueNumeric="320104" />
			<column name="order_line_id" />
			<column name="notes" value="Bulk Upload" />
			<column name="optlock" valueNumeric="0" />
			<column name="group_id" />
			<column name="provisioning_status" />
			<column name="global" valueBoolean="true" />
		</insert>
		<insert tableName="asset">
			<column name="id" valueNumeric="7528" />
			<column name="identifier" value="8664475503" />
			<column name="create_datetime" valueDate="2014-10-22T23:18:17.10" />
			<column name="status_id" valueNumeric="10501" />
			<column name="entity_id" valueNumeric="1" />
			<column name="deleted" valueNumeric="0" />
			<column name="item_id" valueNumeric="320104" />
			<column name="order_line_id" />
			<column name="notes" value="Bulk Upload" />
			<column name="optlock" valueNumeric="0" />
			<column name="group_id" />
			<column name="provisioning_status" />
			<column name="global" valueBoolean="true" />
		</insert>
		<insert tableName="asset">
			<column name="id" valueNumeric="7529" />
			<column name="identifier" value="8664504662" />
			<column name="create_datetime" valueDate="2014-10-22T23:18:17.31" />
			<column name="status_id" valueNumeric="10501" />
			<column name="entity_id" valueNumeric="1" />
			<column name="deleted" valueNumeric="0" />
			<column name="item_id" valueNumeric="320104" />
			<column name="order_line_id" />
			<column name="notes" value="Bulk Upload" />
			<column name="optlock" valueNumeric="0" />
			<column name="group_id" />
			<column name="provisioning_status" />
			<column name="global" valueBoolean="true" />
		</insert>
		<insert tableName="asset">
			<column name="id" valueNumeric="7530" />
			<column name="identifier" value="8664518357" />
			<column name="create_datetime" valueDate="2014-10-22T23:18:17.88" />
			<column name="status_id" valueNumeric="10501" />
			<column name="entity_id" valueNumeric="1" />
			<column name="deleted" valueNumeric="0" />
			<column name="item_id" valueNumeric="320104" />
			<column name="order_line_id" />
			<column name="notes" value="Bulk Upload" />
			<column name="optlock" valueNumeric="0" />
			<column name="group_id" />
			<column name="provisioning_status" />
			<column name="global" valueBoolean="true" />
		</insert>
		<insert tableName="asset">
			<column name="id" valueNumeric="7531" />
			<column name="identifier" value="8664522074" />
			<column name="create_datetime" valueDate="2014-10-22T23:18:17.95" />
			<column name="status_id" valueNumeric="10501" />
			<column name="entity_id" valueNumeric="1" />
			<column name="deleted" valueNumeric="0" />
			<column name="item_id" valueNumeric="320104" />
			<column name="order_line_id" />
			<column name="notes" value="Bulk Upload" />
			<column name="optlock" valueNumeric="0" />
			<column name="group_id" />
			<column name="provisioning_status" />
			<column name="global" valueBoolean="true" />
		</insert>
		<insert tableName="asset">
			<column name="id" valueNumeric="7532" />
			<column name="identifier" value="8664560364" />
			<column name="create_datetime" valueDate="2014-10-22T23:18:17.131" />
			<column name="status_id" valueNumeric="10501" />
			<column name="entity_id" valueNumeric="1" />
			<column name="deleted" valueNumeric="0" />
			<column name="item_id" valueNumeric="320104" />
			<column name="order_line_id" />
			<column name="notes" value="Bulk Upload" />
			<column name="optlock" valueNumeric="0" />
			<column name="group_id" />
			<column name="provisioning_status" />
			<column name="global" valueBoolean="true" />
		</insert>
		<insert tableName="asset">
			<column name="id" valueNumeric="7533" />
			<column name="identifier" value="8664569105" />
			<column name="create_datetime" valueDate="2014-10-22T23:18:17.209" />
			<column name="status_id" valueNumeric="10501" />
			<column name="entity_id" valueNumeric="1" />
			<column name="deleted" valueNumeric="0" />
			<column name="item_id" valueNumeric="320104" />
			<column name="order_line_id" />
			<column name="notes" value="Bulk Upload" />
			<column name="optlock" valueNumeric="0" />
			<column name="group_id" />
			<column name="provisioning_status" />
			<column name="global" valueBoolean="true" />
		</insert>
		<insert tableName="asset">
			<column name="id" valueNumeric="7534" />
			<column name="identifier" value="8664572491" />
			<column name="create_datetime" valueDate="2014-10-22T23:18:17.233" />
			<column name="status_id" valueNumeric="10501" />
			<column name="entity_id" valueNumeric="1" />
			<column name="deleted" valueNumeric="0" />
			<column name="item_id" valueNumeric="320104" />
			<column name="order_line_id" />
			<column name="notes" value="Bulk Upload" />
			<column name="optlock" valueNumeric="0" />
			<column name="group_id" />
			<column name="provisioning_status" />
			<column name="global" valueBoolean="true" />
		</insert>
		<insert tableName="asset">
			<column name="id" valueNumeric="7535" />
			<column name="identifier" value="8664583171" />
			<column name="create_datetime" valueDate="2014-10-22T23:18:17.294" />
			<column name="status_id" valueNumeric="10501" />
			<column name="entity_id" valueNumeric="1" />
			<column name="deleted" valueNumeric="0" />
			<column name="item_id" valueNumeric="320104" />
			<column name="order_line_id" />
			<column name="notes" value="Bulk Upload" />
			<column name="optlock" valueNumeric="0" />
			<column name="group_id" />
			<column name="provisioning_status" />
			<column name="global" valueBoolean="true" />
		</insert>
		<insert tableName="asset">
			<column name="id" valueNumeric="7536" />
			<column name="identifier" value="8664584491" />
			<column name="create_datetime" valueDate="2014-10-22T23:18:17.364" />
			<column name="status_id" valueNumeric="10501" />
			<column name="entity_id" valueNumeric="1" />
			<column name="deleted" valueNumeric="0" />
			<column name="item_id" valueNumeric="320104" />
			<column name="order_line_id" />
			<column name="notes" value="Bulk Upload" />
			<column name="optlock" valueNumeric="0" />
			<column name="group_id" />
			<column name="provisioning_status" />
			<column name="global" valueBoolean="true" />
		</insert>
		<insert tableName="asset">
			<column name="id" valueNumeric="7537" />
			<column name="identifier" value="8664593055" />
			<column name="create_datetime" valueDate="2014-10-22T23:18:17.385" />
			<column name="status_id" valueNumeric="10501" />
			<column name="entity_id" valueNumeric="1" />
			<column name="deleted" valueNumeric="0" />
			<column name="item_id" valueNumeric="320104" />
			<column name="order_line_id" />
			<column name="notes" value="Bulk Upload" />
			<column name="optlock" valueNumeric="0" />
			<column name="group_id" />
			<column name="provisioning_status" />
			<column name="global" valueBoolean="true" />
		</insert>
		<insert tableName="asset">
			<column name="id" valueNumeric="7538" />
			<column name="identifier" value="8664593057" />
			<column name="create_datetime" valueDate="2014-10-22T23:18:17.401" />
			<column name="status_id" valueNumeric="10501" />
			<column name="entity_id" valueNumeric="1" />
			<column name="deleted" valueNumeric="0" />
			<column name="item_id" valueNumeric="320104" />
			<column name="order_line_id" />
			<column name="notes" value="Bulk Upload" />
			<column name="optlock" valueNumeric="0" />
			<column name="group_id" />
			<column name="provisioning_status" />
			<column name="global" valueBoolean="true" />
		</insert>
		<insert tableName="asset">
			<column name="id" valueNumeric="7539" />
			<column name="identifier" value="8664593060" />
			<column name="create_datetime" valueDate="2014-10-22T23:18:17.408" />
			<column name="status_id" valueNumeric="10501" />
			<column name="entity_id" valueNumeric="1" />
			<column name="deleted" valueNumeric="0" />
			<column name="item_id" valueNumeric="320104" />
			<column name="order_line_id" />
			<column name="notes" value="Bulk Upload" />
			<column name="optlock" valueNumeric="0" />
			<column name="group_id" />
			<column name="provisioning_status" />
			<column name="global" valueBoolean="true" />
		</insert>
		<insert tableName="asset">
			<column name="id" valueNumeric="7540" />
			<column name="identifier" value="8664601444" />
			<column name="create_datetime" valueDate="2014-10-22T23:18:17.420" />
			<column name="status_id" valueNumeric="10501" />
			<column name="entity_id" valueNumeric="1" />
			<column name="deleted" valueNumeric="0" />
			<column name="item_id" valueNumeric="320104" />
			<column name="order_line_id" />
			<column name="notes" value="Bulk Upload" />
			<column name="optlock" valueNumeric="0" />
			<column name="group_id" />
			<column name="provisioning_status" />
			<column name="global" valueBoolean="true" />
		</insert>
		<insert tableName="asset">
			<column name="id" valueNumeric="7541" />
			<column name="identifier" value="8664606662" />
			<column name="create_datetime" valueDate="2014-10-22T23:18:17.518" />
			<column name="status_id" valueNumeric="10501" />
			<column name="entity_id" valueNumeric="1" />
			<column name="deleted" valueNumeric="0" />
			<column name="item_id" valueNumeric="320104" />
			<column name="order_line_id" />
			<column name="notes" value="Bulk Upload" />
			<column name="optlock" valueNumeric="0" />
			<column name="group_id" />
			<column name="provisioning_status" />
			<column name="global" valueBoolean="true" />
		</insert>
		<insert tableName="asset">
			<column name="id" valueNumeric="7542" />
			<column name="identifier" value="8664634091" />
			<column name="create_datetime" valueDate="2014-10-22T23:18:17.590" />
			<column name="status_id" valueNumeric="10501" />
			<column name="entity_id" valueNumeric="1" />
			<column name="deleted" valueNumeric="0" />
			<column name="item_id" valueNumeric="320104" />
			<column name="order_line_id" />
			<column name="notes" value="Bulk Upload" />
			<column name="optlock" valueNumeric="0" />
			<column name="group_id" />
			<column name="provisioning_status" />
			<column name="global" valueBoolean="true" />
		</insert>
		<insert tableName="asset">
			<column name="id" valueNumeric="7543" />
			<column name="identifier" value="8664639201" />
			<column name="create_datetime" valueDate="2014-10-22T23:18:17.603" />
			<column name="status_id" valueNumeric="10501" />
			<column name="entity_id" valueNumeric="1" />
			<column name="deleted" valueNumeric="0" />
			<column name="item_id" valueNumeric="320104" />
			<column name="order_line_id" />
			<column name="notes" value="Bulk Upload" />
			<column name="optlock" valueNumeric="0" />
			<column name="group_id" />
			<column name="provisioning_status" />
			<column name="global" valueBoolean="true" />
		</insert>
		<insert tableName="asset">
			<column name="id" valueNumeric="7544" />
			<column name="identifier" value="8664655147" />
			<column name="create_datetime" valueDate="2014-10-22T23:18:17.609" />
			<column name="status_id" valueNumeric="10501" />
			<column name="entity_id" valueNumeric="1" />
			<column name="deleted" valueNumeric="0" />
			<column name="item_id" valueNumeric="320104" />
			<column name="order_line_id" />
			<column name="notes" value="Bulk Upload" />
			<column name="optlock" valueNumeric="0" />
			<column name="group_id" />
			<column name="provisioning_status" />
			<column name="global" valueBoolean="true" />
		</insert>
		<insert tableName="asset">
			<column name="id" valueNumeric="7545" />
			<column name="identifier" value="8664674192" />
			<column name="create_datetime" valueDate="2014-10-22T23:18:17.621" />
			<column name="status_id" valueNumeric="10501" />
			<column name="entity_id" valueNumeric="1" />
			<column name="deleted" valueNumeric="0" />
			<column name="item_id" valueNumeric="320104" />
			<column name="order_line_id" />
			<column name="notes" value="Bulk Upload" />
			<column name="optlock" valueNumeric="0" />
			<column name="group_id" />
			<column name="provisioning_status" />
			<column name="global" valueBoolean="true" />
		</insert>
		<insert tableName="asset">
			<column name="id" valueNumeric="7546" />
			<column name="identifier" value="8664676934" />
			<column name="create_datetime" valueDate="2014-10-22T23:18:17.628" />
			<column name="status_id" valueNumeric="10501" />
			<column name="entity_id" valueNumeric="1" />
			<column name="deleted" valueNumeric="0" />
			<column name="item_id" valueNumeric="320104" />
			<column name="order_line_id" />
			<column name="notes" value="Bulk Upload" />
			<column name="optlock" valueNumeric="0" />
			<column name="group_id" />
			<column name="provisioning_status" />
			<column name="global" valueBoolean="true" />
		</insert>
		<insert tableName="asset">
			<column name="id" valueNumeric="7547" />
			<column name="identifier" value="8664676940" />
			<column name="create_datetime" valueDate="2014-10-22T23:18:17.636" />
			<column name="status_id" valueNumeric="10501" />
			<column name="entity_id" valueNumeric="1" />
			<column name="deleted" valueNumeric="0" />
			<column name="item_id" valueNumeric="320104" />
			<column name="order_line_id" />
			<column name="notes" value="Bulk Upload" />
			<column name="optlock" valueNumeric="0" />
			<column name="group_id" />
			<column name="provisioning_status" />
			<column name="global" valueBoolean="true" />
		</insert>
		<insert tableName="asset">
			<column name="id" valueNumeric="7548" />
			<column name="identifier" value="8664684533" />
			<column name="create_datetime" valueDate="2014-10-22T23:18:17.667" />
			<column name="status_id" valueNumeric="10501" />
			<column name="entity_id" valueNumeric="1" />
			<column name="deleted" valueNumeric="0" />
			<column name="item_id" valueNumeric="320104" />
			<column name="order_line_id" />
			<column name="notes" value="Bulk Upload" />
			<column name="optlock" valueNumeric="0" />
			<column name="group_id" />
			<column name="provisioning_status" />
			<column name="global" valueBoolean="true" />
		</insert>
		<insert tableName="asset">
			<column name="id" valueNumeric="7549" />
			<column name="identifier" value="8664684575" />
			<column name="create_datetime" valueDate="2014-10-22T23:18:17.689" />
			<column name="status_id" valueNumeric="10501" />
			<column name="entity_id" valueNumeric="1" />
			<column name="deleted" valueNumeric="0" />
			<column name="item_id" valueNumeric="320104" />
			<column name="order_line_id" />
			<column name="notes" value="Bulk Upload" />
			<column name="optlock" valueNumeric="0" />
			<column name="group_id" />
			<column name="provisioning_status" />
			<column name="global" valueBoolean="true" />
		</insert>
		<insert tableName="asset">
			<column name="id" valueNumeric="7550" />
			<column name="identifier" value="8664689330" />
			<column name="create_datetime" valueDate="2014-10-22T23:18:17.704" />
			<column name="status_id" valueNumeric="10501" />
			<column name="entity_id" valueNumeric="1" />
			<column name="deleted" valueNumeric="0" />
			<column name="item_id" valueNumeric="320104" />
			<column name="order_line_id" />
			<column name="notes" value="Bulk Upload" />
			<column name="optlock" valueNumeric="0" />
			<column name="group_id" />
			<column name="provisioning_status" />
			<column name="global" valueBoolean="true" />
		</insert>
		<insert tableName="asset">
			<column name="id" valueNumeric="7551" />
			<column name="identifier" value="8664692065" />
			<column name="create_datetime" valueDate="2014-10-22T23:18:17.713" />
			<column name="status_id" valueNumeric="10501" />
			<column name="entity_id" valueNumeric="1" />
			<column name="deleted" valueNumeric="0" />
			<column name="item_id" valueNumeric="320104" />
			<column name="order_line_id" />
			<column name="notes" value="Bulk Upload" />
			<column name="optlock" valueNumeric="0" />
			<column name="group_id" />
			<column name="provisioning_status" />
			<column name="global" valueBoolean="true" />
		</insert>
		<insert tableName="asset">
			<column name="id" valueNumeric="7552" />
			<column name="identifier" value="8664695521" />
			<column name="create_datetime" valueDate="2014-10-22T23:18:17.728" />
			<column name="status_id" valueNumeric="10501" />
			<column name="entity_id" valueNumeric="1" />
			<column name="deleted" valueNumeric="0" />
			<column name="item_id" valueNumeric="320104" />
			<column name="order_line_id" />
			<column name="notes" value="Bulk Upload" />
			<column name="optlock" valueNumeric="0" />
			<column name="group_id" />
			<column name="provisioning_status" />
			<column name="global" valueBoolean="true" />
		</insert>
		<insert tableName="asset">
			<column name="id" valueNumeric="7553" />
			<column name="identifier" value="8664699315" />
			<column name="create_datetime" valueDate="2014-10-22T23:18:17.749" />
			<column name="status_id" valueNumeric="10501" />
			<column name="entity_id" valueNumeric="1" />
			<column name="deleted" valueNumeric="0" />
			<column name="item_id" valueNumeric="320104" />
			<column name="order_line_id" />
			<column name="notes" value="Bulk Upload" />
			<column name="optlock" valueNumeric="0" />
			<column name="group_id" />
			<column name="provisioning_status" />
			<column name="global" valueBoolean="true" />
		</insert>
		<insert tableName="asset">
			<column name="id" valueNumeric="7554" />
			<column name="identifier" value="8664699489" />
			<column name="create_datetime" valueDate="2014-10-22T23:18:17.764" />
			<column name="status_id" valueNumeric="10501" />
			<column name="entity_id" valueNumeric="1" />
			<column name="deleted" valueNumeric="0" />
			<column name="item_id" valueNumeric="320104" />
			<column name="order_line_id" />
			<column name="notes" value="Bulk Upload" />
			<column name="optlock" valueNumeric="0" />
			<column name="group_id" />
			<column name="provisioning_status" />
			<column name="global" valueBoolean="true" />
		</insert>
		<insert tableName="asset">
			<column name="id" valueNumeric="7555" />
			<column name="identifier" value="8664725819" />
			<column name="create_datetime" valueDate="2014-10-22T23:18:17.799" />
			<column name="status_id" valueNumeric="10501" />
			<column name="entity_id" valueNumeric="1" />
			<column name="deleted" valueNumeric="0" />
			<column name="item_id" valueNumeric="320104" />
			<column name="order_line_id" />
			<column name="notes" value="Bulk Upload" />
			<column name="optlock" valueNumeric="0" />
			<column name="group_id" />
			<column name="provisioning_status" />
			<column name="global" valueBoolean="true" />
		</insert>
		<insert tableName="asset">
			<column name="id" valueNumeric="7556" />
			<column name="identifier" value="8664727185" />
			<column name="create_datetime" valueDate="2014-10-22T23:18:17.811" />
			<column name="status_id" valueNumeric="10501" />
			<column name="entity_id" valueNumeric="1" />
			<column name="deleted" valueNumeric="0" />
			<column name="item_id" valueNumeric="320104" />
			<column name="order_line_id" />
			<column name="notes" value="Bulk Upload" />
			<column name="optlock" valueNumeric="0" />
			<column name="group_id" />
			<column name="provisioning_status" />
			<column name="global" valueBoolean="true" />
		</insert>
		<insert tableName="asset">
			<column name="id" valueNumeric="7557" />
			<column name="identifier" value="8664732337" />
			<column name="create_datetime" valueDate="2014-10-22T23:18:17.818" />
			<column name="status_id" valueNumeric="10501" />
			<column name="entity_id" valueNumeric="1" />
			<column name="deleted" valueNumeric="0" />
			<column name="item_id" valueNumeric="320104" />
			<column name="order_line_id" />
			<column name="notes" value="Bulk Upload" />
			<column name="optlock" valueNumeric="0" />
			<column name="group_id" />
			<column name="provisioning_status" />
			<column name="global" valueBoolean="true" />
		</insert>
		<insert tableName="asset">
			<column name="id" valueNumeric="7558" />
			<column name="identifier" value="8664741344" />
			<column name="create_datetime" valueDate="2014-10-22T23:18:17.838" />
			<column name="status_id" valueNumeric="10501" />
			<column name="entity_id" valueNumeric="1" />
			<column name="deleted" valueNumeric="0" />
			<column name="item_id" valueNumeric="320104" />
			<column name="order_line_id" />
			<column name="notes" value="Bulk Upload" />
			<column name="optlock" valueNumeric="0" />
			<column name="group_id" />
			<column name="provisioning_status" />
			<column name="global" valueBoolean="true" />
		</insert>
		<insert tableName="asset">
			<column name="id" valueNumeric="7559" />
			<column name="identifier" value="8664745917" />
			<column name="create_datetime" valueDate="2014-10-22T23:18:17.845" />
			<column name="status_id" valueNumeric="10501" />
			<column name="entity_id" valueNumeric="1" />
			<column name="deleted" valueNumeric="0" />
			<column name="item_id" valueNumeric="320104" />
			<column name="order_line_id" />
			<column name="notes" value="Bulk Upload" />
			<column name="optlock" valueNumeric="0" />
			<column name="group_id" />
			<column name="provisioning_status" />
			<column name="global" valueBoolean="true" />
		</insert>
		<insert tableName="asset">
			<column name="id" valueNumeric="7560" />
			<column name="identifier" value="8664751056" />
			<column name="create_datetime" valueDate="2014-10-22T23:18:17.852" />
			<column name="status_id" valueNumeric="10501" />
			<column name="entity_id" valueNumeric="1" />
			<column name="deleted" valueNumeric="0" />
			<column name="item_id" valueNumeric="320104" />
			<column name="order_line_id" />
			<column name="notes" value="Bulk Upload" />
			<column name="optlock" valueNumeric="0" />
			<column name="group_id" />
			<column name="provisioning_status" />
			<column name="global" valueBoolean="true" />
		</insert>
		<insert tableName="asset">
			<column name="id" valueNumeric="7561" />
			<column name="identifier" value="8664757025" />
			<column name="create_datetime" valueDate="2014-10-22T23:18:17.868" />
			<column name="status_id" valueNumeric="10501" />
			<column name="entity_id" valueNumeric="1" />
			<column name="deleted" valueNumeric="0" />
			<column name="item_id" valueNumeric="320104" />
			<column name="order_line_id" />
			<column name="notes" value="Bulk Upload" />
			<column name="optlock" valueNumeric="0" />
			<column name="group_id" />
			<column name="provisioning_status" />
			<column name="global" valueBoolean="true" />
		</insert>
		<insert tableName="asset">
			<column name="id" valueNumeric="7562" />
			<column name="identifier" value="8664765339" />
			<column name="create_datetime" valueDate="2014-10-22T23:18:17.908" />
			<column name="status_id" valueNumeric="10501" />
			<column name="entity_id" valueNumeric="1" />
			<column name="deleted" valueNumeric="0" />
			<column name="item_id" valueNumeric="320104" />
			<column name="order_line_id" />
			<column name="notes" value="Bulk Upload" />
			<column name="optlock" valueNumeric="0" />
			<column name="group_id" />
			<column name="provisioning_status" />
			<column name="global" valueBoolean="true" />
		</insert>
		<insert tableName="asset">
			<column name="id" valueNumeric="7563" />
			<column name="identifier" value="8664766444" />
			<column name="create_datetime" valueDate="2014-10-22T23:18:17.966" />
			<column name="status_id" valueNumeric="10501" />
			<column name="entity_id" valueNumeric="1" />
			<column name="deleted" valueNumeric="0" />
			<column name="item_id" valueNumeric="320104" />
			<column name="order_line_id" />
			<column name="notes" value="Bulk Upload" />
			<column name="optlock" valueNumeric="0" />
			<column name="group_id" />
			<column name="provisioning_status" />
			<column name="global" valueBoolean="true" />
		</insert>
		<insert tableName="asset">
			<column name="id" valueNumeric="7564" />
			<column name="identifier" value="8664772682" />
			<column name="create_datetime" valueDate="2014-10-22T23:18:17.978" />
			<column name="status_id" valueNumeric="10501" />
			<column name="entity_id" valueNumeric="1" />
			<column name="deleted" valueNumeric="0" />
			<column name="item_id" valueNumeric="320104" />
			<column name="order_line_id" />
			<column name="notes" value="Bulk Upload" />
			<column name="optlock" valueNumeric="0" />
			<column name="group_id" />
			<column name="provisioning_status" />
			<column name="global" valueBoolean="true" />
		</insert>
		<insert tableName="asset">
			<column name="id" valueNumeric="7565" />
			<column name="identifier" value="8664785426" />
			<column name="create_datetime" valueDate="2014-10-22T23:18:18.24" />
			<column name="status_id" valueNumeric="10501" />
			<column name="entity_id" valueNumeric="1" />
			<column name="deleted" valueNumeric="0" />
			<column name="item_id" valueNumeric="320104" />
			<column name="order_line_id" />
			<column name="notes" value="Bulk Upload" />
			<column name="optlock" valueNumeric="0" />
			<column name="group_id" />
			<column name="provisioning_status" />
			<column name="global" valueBoolean="true" />
		</insert>
		<insert tableName="asset">
			<column name="id" valueNumeric="7566" />
			<column name="identifier" value="8664789597" />
			<column name="create_datetime" valueDate="2014-10-22T23:18:18.99" />
			<column name="status_id" valueNumeric="10501" />
			<column name="entity_id" valueNumeric="1" />
			<column name="deleted" valueNumeric="0" />
			<column name="item_id" valueNumeric="320104" />
			<column name="order_line_id" />
			<column name="notes" value="Bulk Upload" />
			<column name="optlock" valueNumeric="0" />
			<column name="group_id" />
			<column name="provisioning_status" />
			<column name="global" valueBoolean="true" />
		</insert>
		<insert tableName="asset">
			<column name="id" valueNumeric="7567" />
			<column name="identifier" value="8664796656" />
			<column name="create_datetime" valueDate="2014-10-22T23:18:18.112" />
			<column name="status_id" valueNumeric="10501" />
			<column name="entity_id" valueNumeric="1" />
			<column name="deleted" valueNumeric="0" />
			<column name="item_id" valueNumeric="320104" />
			<column name="order_line_id" />
			<column name="notes" value="Bulk Upload" />
			<column name="optlock" valueNumeric="0" />
			<column name="group_id" />
			<column name="provisioning_status" />
			<column name="global" valueBoolean="true" />
		</insert>
		<insert tableName="asset">
			<column name="id" valueNumeric="7568" />
			<column name="identifier" value="8664796772" />
			<column name="create_datetime" valueDate="2014-10-22T23:18:18.143" />
			<column name="status_id" valueNumeric="10501" />
			<column name="entity_id" valueNumeric="1" />
			<column name="deleted" valueNumeric="0" />
			<column name="item_id" valueNumeric="320104" />
			<column name="order_line_id" />
			<column name="notes" value="Bulk Upload" />
			<column name="optlock" valueNumeric="0" />
			<column name="group_id" />
			<column name="provisioning_status" />
			<column name="global" valueBoolean="true" />
		</insert>
		<insert tableName="asset">
			<column name="id" valueNumeric="7569" />
			<column name="identifier" value="8664800048" />
			<column name="create_datetime" valueDate="2014-10-22T23:18:18.222" />
			<column name="status_id" valueNumeric="10501" />
			<column name="entity_id" valueNumeric="1" />
			<column name="deleted" valueNumeric="0" />
			<column name="item_id" valueNumeric="320104" />
			<column name="order_line_id" />
			<column name="notes" value="Bulk Upload" />
			<column name="optlock" valueNumeric="0" />
			<column name="group_id" />
			<column name="provisioning_status" />
			<column name="global" valueBoolean="true" />
		</insert>
		<insert tableName="asset">
			<column name="id" valueNumeric="7570" />
			<column name="identifier" value="8664804546" />
			<column name="create_datetime" valueDate="2014-10-22T23:18:18.274" />
			<column name="status_id" valueNumeric="10501" />
			<column name="entity_id" valueNumeric="1" />
			<column name="deleted" valueNumeric="0" />
			<column name="item_id" valueNumeric="320104" />
			<column name="order_line_id" />
			<column name="notes" value="Bulk Upload" />
			<column name="optlock" valueNumeric="0" />
			<column name="group_id" />
			<column name="provisioning_status" />
			<column name="global" valueBoolean="true" />
		</insert>
		<insert tableName="asset">
			<column name="id" valueNumeric="7571" />
			<column name="identifier" value="8664813292" />
			<column name="create_datetime" valueDate="2014-10-22T23:18:18.291" />
			<column name="status_id" valueNumeric="10501" />
			<column name="entity_id" valueNumeric="1" />
			<column name="deleted" valueNumeric="0" />
			<column name="item_id" valueNumeric="320104" />
			<column name="order_line_id" />
			<column name="notes" value="Bulk Upload" />
			<column name="optlock" valueNumeric="0" />
			<column name="group_id" />
			<column name="provisioning_status" />
			<column name="global" valueBoolean="true" />
		</insert>
		<insert tableName="asset">
			<column name="id" valueNumeric="7572" />
			<column name="identifier" value="8664813296" />
			<column name="create_datetime" valueDate="2014-10-22T23:18:18.310" />
			<column name="status_id" valueNumeric="10501" />
			<column name="entity_id" valueNumeric="1" />
			<column name="deleted" valueNumeric="0" />
			<column name="item_id" valueNumeric="320104" />
			<column name="order_line_id" />
			<column name="notes" value="Bulk Upload" />
			<column name="optlock" valueNumeric="0" />
			<column name="group_id" />
			<column name="provisioning_status" />
			<column name="global" valueBoolean="true" />
		</insert>
		<insert tableName="asset">
			<column name="id" valueNumeric="7573" />
			<column name="identifier" value="8664813298" />
			<column name="create_datetime" valueDate="2014-10-22T23:18:18.320" />
			<column name="status_id" valueNumeric="10501" />
			<column name="entity_id" valueNumeric="1" />
			<column name="deleted" valueNumeric="0" />
			<column name="item_id" valueNumeric="320104" />
			<column name="order_line_id" />
			<column name="notes" value="Bulk Upload" />
			<column name="optlock" valueNumeric="0" />
			<column name="group_id" />
			<column name="provisioning_status" />
			<column name="global" valueBoolean="true" />
		</insert>
		<insert tableName="asset">
			<column name="id" valueNumeric="7574" />
			<column name="identifier" value="8664815933" />
			<column name="create_datetime" valueDate="2014-10-22T23:18:18.480" />
			<column name="status_id" valueNumeric="10501" />
			<column name="entity_id" valueNumeric="1" />
			<column name="deleted" valueNumeric="0" />
			<column name="item_id" valueNumeric="320104" />
			<column name="order_line_id" />
			<column name="notes" value="Bulk Upload" />
			<column name="optlock" valueNumeric="0" />
			<column name="group_id" />
			<column name="provisioning_status" />
			<column name="global" valueBoolean="true" />
		</insert>
		<insert tableName="asset">
			<column name="id" valueNumeric="7575" />
			<column name="identifier" value="8664820458" />
			<column name="create_datetime" valueDate="2014-10-22T23:18:18.488" />
			<column name="status_id" valueNumeric="10501" />
			<column name="entity_id" valueNumeric="1" />
			<column name="deleted" valueNumeric="0" />
			<column name="item_id" valueNumeric="320104" />
			<column name="order_line_id" />
			<column name="notes" value="Bulk Upload" />
			<column name="optlock" valueNumeric="0" />
			<column name="group_id" />
			<column name="provisioning_status" />
			<column name="global" valueBoolean="true" />
		</insert>
		<insert tableName="asset">
			<column name="id" valueNumeric="7576" />
			<column name="identifier" value="8664844022" />
			<column name="create_datetime" valueDate="2014-10-22T23:18:18.495" />
			<column name="status_id" valueNumeric="10501" />
			<column name="entity_id" valueNumeric="1" />
			<column name="deleted" valueNumeric="0" />
			<column name="item_id" valueNumeric="320104" />
			<column name="order_line_id" />
			<column name="notes" value="Bulk Upload" />
			<column name="optlock" valueNumeric="0" />
			<column name="group_id" />
			<column name="provisioning_status" />
			<column name="global" valueBoolean="true" />
		</insert>
		<insert tableName="asset">
			<column name="id" valueNumeric="7577" />
			<column name="identifier" value="8664846057" />
			<column name="create_datetime" valueDate="2014-10-22T23:18:18.642" />
			<column name="status_id" valueNumeric="10501" />
			<column name="entity_id" valueNumeric="1" />
			<column name="deleted" valueNumeric="0" />
			<column name="item_id" valueNumeric="320104" />
			<column name="order_line_id" />
			<column name="notes" value="Bulk Upload" />
			<column name="optlock" valueNumeric="0" />
			<column name="group_id" />
			<column name="provisioning_status" />
			<column name="global" valueBoolean="true" />
		</insert>
		<insert tableName="asset">
			<column name="id" valueNumeric="7578" />
			<column name="identifier" value="8664849281" />
			<column name="create_datetime" valueDate="2014-10-22T23:18:18.654" />
			<column name="status_id" valueNumeric="10501" />
			<column name="entity_id" valueNumeric="1" />
			<column name="deleted" valueNumeric="0" />
			<column name="item_id" valueNumeric="320104" />
			<column name="order_line_id" />
			<column name="notes" value="Bulk Upload" />
			<column name="optlock" valueNumeric="0" />
			<column name="group_id" />
			<column name="provisioning_status" />
			<column name="global" valueBoolean="true" />
		</insert>
		<insert tableName="asset">
			<column name="id" valueNumeric="7579" />
			<column name="identifier" value="8664850847" />
			<column name="create_datetime" valueDate="2014-10-22T23:18:18.676" />
			<column name="status_id" valueNumeric="10501" />
			<column name="entity_id" valueNumeric="1" />
			<column name="deleted" valueNumeric="0" />
			<column name="item_id" valueNumeric="320104" />
			<column name="order_line_id" />
			<column name="notes" value="Bulk Upload" />
			<column name="optlock" valueNumeric="0" />
			<column name="group_id" />
			<column name="provisioning_status" />
			<column name="global" valueBoolean="true" />
		</insert>
		<insert tableName="asset">
			<column name="id" valueNumeric="7580" />
			<column name="identifier" value="8664871491" />
			<column name="create_datetime" valueDate="2014-10-22T23:18:18.691" />
			<column name="status_id" valueNumeric="10501" />
			<column name="entity_id" valueNumeric="1" />
			<column name="deleted" valueNumeric="0" />
			<column name="item_id" valueNumeric="320104" />
			<column name="order_line_id" />
			<column name="notes" value="Bulk Upload" />
			<column name="optlock" valueNumeric="0" />
			<column name="group_id" />
			<column name="provisioning_status" />
			<column name="global" valueBoolean="true" />
		</insert>
		<insert tableName="asset">
			<column name="id" valueNumeric="7581" />
			<column name="identifier" value="8664871782" />
			<column name="create_datetime" valueDate="2014-10-22T23:18:18.839" />
			<column name="status_id" valueNumeric="10501" />
			<column name="entity_id" valueNumeric="1" />
			<column name="deleted" valueNumeric="0" />
			<column name="item_id" valueNumeric="320104" />
			<column name="order_line_id" />
			<column name="notes" value="Bulk Upload" />
			<column name="optlock" valueNumeric="0" />
			<column name="group_id" />
			<column name="provisioning_status" />
			<column name="global" valueBoolean="true" />
		</insert>
		<insert tableName="asset">
			<column name="id" valueNumeric="7582" />
			<column name="identifier" value="8664873305" />
			<column name="create_datetime" valueDate="2014-10-22T23:18:18.850" />
			<column name="status_id" valueNumeric="10501" />
			<column name="entity_id" valueNumeric="1" />
			<column name="deleted" valueNumeric="0" />
			<column name="item_id" valueNumeric="320104" />
			<column name="order_line_id" />
			<column name="notes" value="Bulk Upload" />
			<column name="optlock" valueNumeric="0" />
			<column name="group_id" />
			<column name="provisioning_status" />
			<column name="global" valueBoolean="true" />
		</insert>
		<insert tableName="asset">
			<column name="id" valueNumeric="7583" />
			<column name="identifier" value="8664879481" />
			<column name="create_datetime" valueDate="2014-10-22T23:18:18.867" />
			<column name="status_id" valueNumeric="10501" />
			<column name="entity_id" valueNumeric="1" />
			<column name="deleted" valueNumeric="0" />
			<column name="item_id" valueNumeric="320104" />
			<column name="order_line_id" />
			<column name="notes" value="Bulk Upload" />
			<column name="optlock" valueNumeric="0" />
			<column name="group_id" />
			<column name="provisioning_status" />
			<column name="global" valueBoolean="true" />
		</insert>
		<insert tableName="asset">
			<column name="id" valueNumeric="7584" />
			<column name="identifier" value="8664880306" />
			<column name="create_datetime" valueDate="2014-10-22T23:18:18.873" />
			<column name="status_id" valueNumeric="10501" />
			<column name="entity_id" valueNumeric="1" />
			<column name="deleted" valueNumeric="0" />
			<column name="item_id" valueNumeric="320104" />
			<column name="order_line_id" />
			<column name="notes" value="Bulk Upload" />
			<column name="optlock" valueNumeric="0" />
			<column name="group_id" />
			<column name="provisioning_status" />
			<column name="global" valueBoolean="true" />
		</insert>
		<insert tableName="asset">
			<column name="id" valueNumeric="7585" />
			<column name="identifier" value="8664885503" />
			<column name="create_datetime" valueDate="2014-10-22T23:18:18.893" />
			<column name="status_id" valueNumeric="10501" />
			<column name="entity_id" valueNumeric="1" />
			<column name="deleted" valueNumeric="0" />
			<column name="item_id" valueNumeric="320104" />
			<column name="order_line_id" />
			<column name="notes" value="Bulk Upload" />
			<column name="optlock" valueNumeric="0" />
			<column name="group_id" />
			<column name="provisioning_status" />
			<column name="global" valueBoolean="true" />
		</insert>
		<insert tableName="asset">
			<column name="id" valueNumeric="7586" />
			<column name="identifier" value="8664888183" />
			<column name="create_datetime" valueDate="2014-10-22T23:18:19.80" />
			<column name="status_id" valueNumeric="10501" />
			<column name="entity_id" valueNumeric="1" />
			<column name="deleted" valueNumeric="0" />
			<column name="item_id" valueNumeric="320104" />
			<column name="order_line_id" />
			<column name="notes" value="Bulk Upload" />
			<column name="optlock" valueNumeric="0" />
			<column name="group_id" />
			<column name="provisioning_status" />
			<column name="global" valueBoolean="true" />
		</insert>
		<insert tableName="asset">
			<column name="id" valueNumeric="7587" />
			<column name="identifier" value="8664888402" />
			<column name="create_datetime" valueDate="2014-10-22T23:18:19.92" />
			<column name="status_id" valueNumeric="10501" />
			<column name="entity_id" valueNumeric="1" />
			<column name="deleted" valueNumeric="0" />
			<column name="item_id" valueNumeric="320104" />
			<column name="order_line_id" />
			<column name="notes" value="Bulk Upload" />
			<column name="optlock" valueNumeric="0" />
			<column name="group_id" />
			<column name="provisioning_status" />
			<column name="global" valueBoolean="true" />
		</insert>
		<insert tableName="asset">
			<column name="id" valueNumeric="7588" />
			<column name="identifier" value="8664888702" />
			<column name="create_datetime" valueDate="2014-10-22T23:18:19.177" />
			<column name="status_id" valueNumeric="10501" />
			<column name="entity_id" valueNumeric="1" />
			<column name="deleted" valueNumeric="0" />
			<column name="item_id" valueNumeric="320104" />
			<column name="order_line_id" />
			<column name="notes" value="Bulk Upload" />
			<column name="optlock" valueNumeric="0" />
			<column name="group_id" />
			<column name="provisioning_status" />
			<column name="global" valueBoolean="true" />
		</insert>
		<insert tableName="asset">
			<column name="id" valueNumeric="7589" />
			<column name="identifier" value="8664888980" />
			<column name="create_datetime" valueDate="2014-10-22T23:18:19.195" />
			<column name="status_id" valueNumeric="10501" />
			<column name="entity_id" valueNumeric="1" />
			<column name="deleted" valueNumeric="0" />
			<column name="item_id" valueNumeric="320104" />
			<column name="order_line_id" />
			<column name="notes" value="Bulk Upload" />
			<column name="optlock" valueNumeric="0" />
			<column name="group_id" />
			<column name="provisioning_status" />
			<column name="global" valueBoolean="true" />
		</insert>
		<insert tableName="asset">
			<column name="id" valueNumeric="7590" />
			<column name="identifier" value="8664889221" />
			<column name="create_datetime" valueDate="2014-10-22T23:18:19.201" />
			<column name="status_id" valueNumeric="10501" />
			<column name="entity_id" valueNumeric="1" />
			<column name="deleted" valueNumeric="0" />
			<column name="item_id" valueNumeric="320104" />
			<column name="order_line_id" />
			<column name="notes" value="Bulk Upload" />
			<column name="optlock" valueNumeric="0" />
			<column name="group_id" />
			<column name="provisioning_status" />
			<column name="global" valueBoolean="true" />
		</insert>
		<insert tableName="asset">
			<column name="id" valueNumeric="7592" />
			<column name="identifier" value="8664892489" />
			<column name="create_datetime" valueDate="2014-10-22T23:18:19.275" />
			<column name="status_id" valueNumeric="10501" />
			<column name="entity_id" valueNumeric="1" />
			<column name="deleted" valueNumeric="0" />
			<column name="item_id" valueNumeric="320104" />
			<column name="order_line_id" />
			<column name="notes" value="Bulk Upload" />
			<column name="optlock" valueNumeric="0" />
			<column name="group_id" />
			<column name="provisioning_status" />
			<column name="global" valueBoolean="true" />
		</insert>
		<insert tableName="asset">
			<column name="id" valueNumeric="7593" />
			<column name="identifier" value="8664892772" />
			<column name="create_datetime" valueDate="2014-10-22T23:18:19.330" />
			<column name="status_id" valueNumeric="10501" />
			<column name="entity_id" valueNumeric="1" />
			<column name="deleted" valueNumeric="0" />
			<column name="item_id" valueNumeric="320104" />
			<column name="order_line_id" />
			<column name="notes" value="Bulk Upload" />
			<column name="optlock" valueNumeric="0" />
			<column name="group_id" />
			<column name="provisioning_status" />
			<column name="global" valueBoolean="true" />
		</insert>
		<insert tableName="asset">
			<column name="id" valueNumeric="7599" />
			<column name="identifier" value="8664897817" />
			<column name="create_datetime" valueDate="2014-10-22T23:18:19.657" />
			<column name="status_id" valueNumeric="10501" />
			<column name="entity_id" valueNumeric="1" />
			<column name="deleted" valueNumeric="0" />
			<column name="item_id" valueNumeric="320104" />
			<column name="order_line_id" />
			<column name="notes" value="Bulk Upload" />
			<column name="optlock" valueNumeric="0" />
			<column name="group_id" />
			<column name="provisioning_status" />
			<column name="global" valueBoolean="true" />
		</insert>
		<insert tableName="asset">
			<column name="id" valueNumeric="7600" />
			<column name="identifier" value="8664898020" />
			<column name="create_datetime" valueDate="2014-10-22T23:18:19.714" />
			<column name="status_id" valueNumeric="10501" />
			<column name="entity_id" valueNumeric="1" />
			<column name="deleted" valueNumeric="0" />
			<column name="item_id" valueNumeric="320104" />
			<column name="order_line_id" />
			<column name="notes" value="Bulk Upload" />
			<column name="optlock" valueNumeric="0" />
			<column name="group_id" />
			<column name="provisioning_status" />
			<column name="global" valueBoolean="true" />
		</insert>
		<insert tableName="asset">
			<column name="id" valueNumeric="7601" />
			<column name="identifier" value="8664900350" />
			<column name="create_datetime" valueDate="2014-10-22T23:18:19.729" />
			<column name="status_id" valueNumeric="10501" />
			<column name="entity_id" valueNumeric="1" />
			<column name="deleted" valueNumeric="0" />
			<column name="item_id" valueNumeric="320104" />
			<column name="order_line_id" />
			<column name="notes" value="Bulk Upload" />
			<column name="optlock" valueNumeric="0" />
			<column name="group_id" />
			<column name="provisioning_status" />
			<column name="global" valueBoolean="true" />
		</insert>
		<insert tableName="asset">
			<column name="id" valueNumeric="7602" />
			<column name="identifier" value="8664901130" />
			<column name="create_datetime" valueDate="2014-10-22T23:18:19.750" />
			<column name="status_id" valueNumeric="10501" />
			<column name="entity_id" valueNumeric="1" />
			<column name="deleted" valueNumeric="0" />
			<column name="item_id" valueNumeric="320104" />
			<column name="order_line_id" />
			<column name="notes" value="Bulk Upload" />
			<column name="optlock" valueNumeric="0" />
			<column name="group_id" />
			<column name="provisioning_status" />
			<column name="global" valueBoolean="true" />
		</insert>
		<insert tableName="asset">
			<column name="id" valueNumeric="7603" />
			<column name="identifier" value="8664905821" />
			<column name="create_datetime" valueDate="2014-10-22T23:18:19.761" />
			<column name="status_id" valueNumeric="10501" />
			<column name="entity_id" valueNumeric="1" />
			<column name="deleted" valueNumeric="0" />
			<column name="item_id" valueNumeric="320104" />
			<column name="order_line_id" />
			<column name="notes" value="Bulk Upload" />
			<column name="optlock" valueNumeric="0" />
			<column name="group_id" />
			<column name="provisioning_status" />
			<column name="global" valueBoolean="true" />
		</insert>
		<insert tableName="asset">
			<column name="id" valueNumeric="7604" />
			<column name="identifier" value="8664906919" />
			<column name="create_datetime" valueDate="2014-10-22T23:18:19.777" />
			<column name="status_id" valueNumeric="10501" />
			<column name="entity_id" valueNumeric="1" />
			<column name="deleted" valueNumeric="0" />
			<column name="item_id" valueNumeric="320104" />
			<column name="order_line_id" />
			<column name="notes" value="Bulk Upload" />
			<column name="optlock" valueNumeric="0" />
			<column name="group_id" />
			<column name="provisioning_status" />
			<column name="global" valueBoolean="true" />
		</insert>
		<insert tableName="asset">
			<column name="id" valueNumeric="7605" />
			<column name="identifier" value="8664908420" />
			<column name="create_datetime" valueDate="2014-10-22T23:18:19.783" />
			<column name="status_id" valueNumeric="10501" />
			<column name="entity_id" valueNumeric="1" />
			<column name="deleted" valueNumeric="0" />
			<column name="item_id" valueNumeric="320104" />
			<column name="order_line_id" />
			<column name="notes" value="Bulk Upload" />
			<column name="optlock" valueNumeric="0" />
			<column name="group_id" />
			<column name="provisioning_status" />
			<column name="global" valueBoolean="true" />
		</insert>
		<insert tableName="asset">
			<column name="id" valueNumeric="7606" />
			<column name="identifier" value="8664909286" />
			<column name="create_datetime" valueDate="2014-10-22T23:18:19.822" />
			<column name="status_id" valueNumeric="10501" />
			<column name="entity_id" valueNumeric="1" />
			<column name="deleted" valueNumeric="0" />
			<column name="item_id" valueNumeric="320104" />
			<column name="order_line_id" />
			<column name="notes" value="Bulk Upload" />
			<column name="optlock" valueNumeric="0" />
			<column name="group_id" />
			<column name="provisioning_status" />
			<column name="global" valueBoolean="true" />
		</insert>
		<insert tableName="asset">
			<column name="id" valueNumeric="7607" />
			<column name="identifier" value="8664910329" />
			<column name="create_datetime" valueDate="2014-10-22T23:18:19.853" />
			<column name="status_id" valueNumeric="10501" />
			<column name="entity_id" valueNumeric="1" />
			<column name="deleted" valueNumeric="0" />
			<column name="item_id" valueNumeric="320104" />
			<column name="order_line_id" />
			<column name="notes" value="Bulk Upload" />
			<column name="optlock" valueNumeric="0" />
			<column name="group_id" />
			<column name="provisioning_status" />
			<column name="global" valueBoolean="true" />
		</insert>
		<insert tableName="asset">
			<column name="id" valueNumeric="7608" />
			<column name="identifier" value="8664912129" />
			<column name="create_datetime" valueDate="2014-10-22T23:18:19.865" />
			<column name="status_id" valueNumeric="10501" />
			<column name="entity_id" valueNumeric="1" />
			<column name="deleted" valueNumeric="0" />
			<column name="item_id" valueNumeric="320104" />
			<column name="order_line_id" />
			<column name="notes" value="Bulk Upload" />
			<column name="optlock" valueNumeric="0" />
			<column name="group_id" />
			<column name="provisioning_status" />
			<column name="global" valueBoolean="true" />
		</insert>
		<insert tableName="asset">
			<column name="id" valueNumeric="7609" />
			<column name="identifier" value="8664913572" />
			<column name="create_datetime" valueDate="2014-10-22T23:18:19.881" />
			<column name="status_id" valueNumeric="10501" />
			<column name="entity_id" valueNumeric="1" />
			<column name="deleted" valueNumeric="0" />
			<column name="item_id" valueNumeric="320104" />
			<column name="order_line_id" />
			<column name="notes" value="Bulk Upload" />
			<column name="optlock" valueNumeric="0" />
			<column name="group_id" />
			<column name="provisioning_status" />
			<column name="global" valueBoolean="true" />
		</insert>
		<insert tableName="asset">
			<column name="id" valueNumeric="7610" />
			<column name="identifier" value="8664915295" />
			<column name="create_datetime" valueDate="2014-10-22T23:18:20.102" />
			<column name="status_id" valueNumeric="10501" />
			<column name="entity_id" valueNumeric="1" />
			<column name="deleted" valueNumeric="0" />
			<column name="item_id" valueNumeric="320104" />
			<column name="order_line_id" />
			<column name="notes" value="Bulk Upload" />
			<column name="optlock" valueNumeric="0" />
			<column name="group_id" />
			<column name="provisioning_status" />
			<column name="global" valueBoolean="true" />
		</insert>
		<insert tableName="asset">
			<column name="id" valueNumeric="7611" />
			<column name="identifier" value="8664916572" />
			<column name="create_datetime" valueDate="2014-10-22T23:18:20.117" />
			<column name="status_id" valueNumeric="10501" />
			<column name="entity_id" valueNumeric="1" />
			<column name="deleted" valueNumeric="0" />
			<column name="item_id" valueNumeric="320104" />
			<column name="order_line_id" />
			<column name="notes" value="Bulk Upload" />
			<column name="optlock" valueNumeric="0" />
			<column name="group_id" />
			<column name="provisioning_status" />
			<column name="global" valueBoolean="true" />
		</insert>
		<insert tableName="asset">
			<column name="id" valueNumeric="7612" />
			<column name="identifier" value="8664916660" />
			<column name="create_datetime" valueDate="2014-10-22T23:18:20.169" />
			<column name="status_id" valueNumeric="10501" />
			<column name="entity_id" valueNumeric="1" />
			<column name="deleted" valueNumeric="0" />
			<column name="item_id" valueNumeric="320104" />
			<column name="order_line_id" />
			<column name="notes" value="Bulk Upload" />
			<column name="optlock" valueNumeric="0" />
			<column name="group_id" />
			<column name="provisioning_status" />
			<column name="global" valueBoolean="true" />
		</insert>
		<insert tableName="asset">
			<column name="id" valueNumeric="7613" />
			<column name="identifier" value="8664917552" />
			<column name="create_datetime" valueDate="2014-10-22T23:18:20.178" />
			<column name="status_id" valueNumeric="10501" />
			<column name="entity_id" valueNumeric="1" />
			<column name="deleted" valueNumeric="0" />
			<column name="item_id" valueNumeric="320104" />
			<column name="order_line_id" />
			<column name="notes" value="Bulk Upload" />
			<column name="optlock" valueNumeric="0" />
			<column name="group_id" />
			<column name="provisioning_status" />
			<column name="global" valueBoolean="true" />
		</insert>
		<insert tableName="asset">
			<column name="id" valueNumeric="7614" />
			<column name="identifier" value="8664918415" />
			<column name="create_datetime" valueDate="2014-10-22T23:18:20.205" />
			<column name="status_id" valueNumeric="10501" />
			<column name="entity_id" valueNumeric="1" />
			<column name="deleted" valueNumeric="0" />
			<column name="item_id" valueNumeric="320104" />
			<column name="order_line_id" />
			<column name="notes" value="Bulk Upload" />
			<column name="optlock" valueNumeric="0" />
			<column name="group_id" />
			<column name="provisioning_status" />
			<column name="global" valueBoolean="true" />
		</insert>
		<insert tableName="asset">
			<column name="id" valueNumeric="7615" />
			<column name="identifier" value="8664918504" />
			<column name="create_datetime" valueDate="2014-10-22T23:18:20.224" />
			<column name="status_id" valueNumeric="10501" />
			<column name="entity_id" valueNumeric="1" />
			<column name="deleted" valueNumeric="0" />
			<column name="item_id" valueNumeric="320104" />
			<column name="order_line_id" />
			<column name="notes" value="Bulk Upload" />
			<column name="optlock" valueNumeric="0" />
			<column name="group_id" />
			<column name="provisioning_status" />
			<column name="global" valueBoolean="true" />
		</insert>
		<insert tableName="asset">
			<column name="id" valueNumeric="7616" />
			<column name="identifier" value="8664919351" />
			<column name="create_datetime" valueDate="2014-10-22T23:18:20.239" />
			<column name="status_id" valueNumeric="10501" />
			<column name="entity_id" valueNumeric="1" />
			<column name="deleted" valueNumeric="0" />
			<column name="item_id" valueNumeric="320104" />
			<column name="order_line_id" />
			<column name="notes" value="Bulk Upload" />
			<column name="optlock" valueNumeric="0" />
			<column name="group_id" />
			<column name="provisioning_status" />
			<column name="global" valueBoolean="true" />
		</insert>
		<insert tableName="asset">
			<column name="id" valueNumeric="7617" />
			<column name="identifier" value="8664919606" />
			<column name="create_datetime" valueDate="2014-10-22T23:18:20.254" />
			<column name="status_id" valueNumeric="10501" />
			<column name="entity_id" valueNumeric="1" />
			<column name="deleted" valueNumeric="0" />
			<column name="item_id" valueNumeric="320104" />
			<column name="order_line_id" />
			<column name="notes" value="Bulk Upload" />
			<column name="optlock" valueNumeric="0" />
			<column name="group_id" />
			<column name="provisioning_status" />
			<column name="global" valueBoolean="true" />
		</insert>
		<insert tableName="asset">
			<column name="id" valueNumeric="7618" />
			<column name="identifier" value="8664920420" />
			<column name="create_datetime" valueDate="2014-10-22T23:18:20.313" />
			<column name="status_id" valueNumeric="10501" />
			<column name="entity_id" valueNumeric="1" />
			<column name="deleted" valueNumeric="0" />
			<column name="item_id" valueNumeric="320104" />
			<column name="order_line_id" />
			<column name="notes" value="Bulk Upload" />
			<column name="optlock" valueNumeric="0" />
			<column name="group_id" />
			<column name="provisioning_status" />
			<column name="global" valueBoolean="true" />
		</insert>
		<insert tableName="asset">
			<column name="id" valueNumeric="7619" />
			<column name="identifier" value="8664922375" />
			<column name="create_datetime" valueDate="2014-10-22T23:18:20.324" />
			<column name="status_id" valueNumeric="10501" />
			<column name="entity_id" valueNumeric="1" />
			<column name="deleted" valueNumeric="0" />
			<column name="item_id" valueNumeric="320104" />
			<column name="order_line_id" />
			<column name="notes" value="Bulk Upload" />
			<column name="optlock" valueNumeric="0" />
			<column name="group_id" />
			<column name="provisioning_status" />
			<column name="global" valueBoolean="true" />
		</insert>
		<insert tableName="asset">
			<column name="id" valueNumeric="7620" />
			<column name="identifier" value="8664922419" />
			<column name="create_datetime" valueDate="2014-10-22T23:18:20.336" />
			<column name="status_id" valueNumeric="10501" />
			<column name="entity_id" valueNumeric="1" />
			<column name="deleted" valueNumeric="0" />
			<column name="item_id" valueNumeric="320104" />
			<column name="order_line_id" />
			<column name="notes" value="Bulk Upload" />
			<column name="optlock" valueNumeric="0" />
			<column name="group_id" />
			<column name="provisioning_status" />
			<column name="global" valueBoolean="true" />
		</insert>
		<insert tableName="asset">
			<column name="id" valueNumeric="7621" />
			<column name="identifier" value="8664923407" />
			<column name="create_datetime" valueDate="2014-10-22T23:18:20.343" />
			<column name="status_id" valueNumeric="10501" />
			<column name="entity_id" valueNumeric="1" />
			<column name="deleted" valueNumeric="0" />
			<column name="item_id" valueNumeric="320104" />
			<column name="order_line_id" />
			<column name="notes" value="Bulk Upload" />
			<column name="optlock" valueNumeric="0" />
			<column name="group_id" />
			<column name="provisioning_status" />
			<column name="global" valueBoolean="true" />
		</insert>
		<insert tableName="asset">
			<column name="id" valueNumeric="7622" />
			<column name="identifier" value="8664926396" />
			<column name="create_datetime" valueDate="2014-10-22T23:18:20.388" />
			<column name="status_id" valueNumeric="10501" />
			<column name="entity_id" valueNumeric="1" />
			<column name="deleted" valueNumeric="0" />
			<column name="item_id" valueNumeric="320104" />
			<column name="order_line_id" />
			<column name="notes" value="Bulk Upload" />
			<column name="optlock" valueNumeric="0" />
			<column name="group_id" />
			<column name="provisioning_status" />
			<column name="global" valueBoolean="true" />
		</insert>
		<insert tableName="asset">
			<column name="id" valueNumeric="7623" />
			<column name="identifier" value="8664926503" />
			<column name="create_datetime" valueDate="2014-10-22T23:18:20.394" />
			<column name="status_id" valueNumeric="10501" />
			<column name="entity_id" valueNumeric="1" />
			<column name="deleted" valueNumeric="0" />
			<column name="item_id" valueNumeric="320104" />
			<column name="order_line_id" />
			<column name="notes" value="Bulk Upload" />
			<column name="optlock" valueNumeric="0" />
			<column name="group_id" />
			<column name="provisioning_status" />
			<column name="global" valueBoolean="true" />
		</insert>
		<insert tableName="asset">
			<column name="id" valueNumeric="7624" />
			<column name="identifier" value="8664927284" />
			<column name="create_datetime" valueDate="2014-10-22T23:18:20.421" />
			<column name="status_id" valueNumeric="10501" />
			<column name="entity_id" valueNumeric="1" />
			<column name="deleted" valueNumeric="0" />
			<column name="item_id" valueNumeric="320104" />
			<column name="order_line_id" />
			<column name="notes" value="Bulk Upload" />
			<column name="optlock" valueNumeric="0" />
			<column name="group_id" />
			<column name="provisioning_status" />
			<column name="global" valueBoolean="true" />
		</insert>
		<insert tableName="asset">
			<column name="id" valueNumeric="7625" />
			<column name="identifier" value="8664927538" />
			<column name="create_datetime" valueDate="2014-10-22T23:18:20.440" />
			<column name="status_id" valueNumeric="10501" />
			<column name="entity_id" valueNumeric="1" />
			<column name="deleted" valueNumeric="0" />
			<column name="item_id" valueNumeric="320104" />
			<column name="order_line_id" />
			<column name="notes" value="Bulk Upload" />
			<column name="optlock" valueNumeric="0" />
			<column name="group_id" />
			<column name="provisioning_status" />
			<column name="global" valueBoolean="true" />
		</insert>
		<insert tableName="asset">
			<column name="id" valueNumeric="7626" />
			<column name="identifier" value="8664927592" />
			<column name="create_datetime" valueDate="2014-10-22T23:18:20.484" />
			<column name="status_id" valueNumeric="10501" />
			<column name="entity_id" valueNumeric="1" />
			<column name="deleted" valueNumeric="0" />
			<column name="item_id" valueNumeric="320104" />
			<column name="order_line_id" />
			<column name="notes" value="Bulk Upload" />
			<column name="optlock" valueNumeric="0" />
			<column name="group_id" />
			<column name="provisioning_status" />
			<column name="global" valueBoolean="true" />
		</insert>
		<insert tableName="asset">
			<column name="id" valueNumeric="7627" />
			<column name="identifier" value="8664927732" />
			<column name="create_datetime" valueDate="2014-10-22T23:18:20.501" />
			<column name="status_id" valueNumeric="10501" />
			<column name="entity_id" valueNumeric="1" />
			<column name="deleted" valueNumeric="0" />
			<column name="item_id" valueNumeric="320104" />
			<column name="order_line_id" />
			<column name="notes" value="Bulk Upload" />
			<column name="optlock" valueNumeric="0" />
			<column name="group_id" />
			<column name="provisioning_status" />
			<column name="global" valueBoolean="true" />
		</insert>
		<insert tableName="asset">
			<column name="id" valueNumeric="7628" />
			<column name="identifier" value="8664930233" />
			<column name="create_datetime" valueDate="2014-10-22T23:18:20.512" />
			<column name="status_id" valueNumeric="10501" />
			<column name="entity_id" valueNumeric="1" />
			<column name="deleted" valueNumeric="0" />
			<column name="item_id" valueNumeric="320104" />
			<column name="order_line_id" />
			<column name="notes" value="Bulk Upload" />
			<column name="optlock" valueNumeric="0" />
			<column name="group_id" />
			<column name="provisioning_status" />
			<column name="global" valueBoolean="true" />
		</insert>
		<insert tableName="asset">
			<column name="id" valueNumeric="7629" />
			<column name="identifier" value="8664932977" />
			<column name="create_datetime" valueDate="2014-10-22T23:18:20.533" />
			<column name="status_id" valueNumeric="10501" />
			<column name="entity_id" valueNumeric="1" />
			<column name="deleted" valueNumeric="0" />
			<column name="item_id" valueNumeric="320104" />
			<column name="order_line_id" />
			<column name="notes" value="Bulk Upload" />
			<column name="optlock" valueNumeric="0" />
			<column name="group_id" />
			<column name="provisioning_status" />
			<column name="global" valueBoolean="true" />
		</insert>
		<insert tableName="asset">
			<column name="id" valueNumeric="7630" />
			<column name="identifier" value="8664934572" />
			<column name="create_datetime" valueDate="2014-10-22T23:18:20.540" />
			<column name="status_id" valueNumeric="10501" />
			<column name="entity_id" valueNumeric="1" />
			<column name="deleted" valueNumeric="0" />
			<column name="item_id" valueNumeric="320104" />
			<column name="order_line_id" />
			<column name="notes" value="Bulk Upload" />
			<column name="optlock" valueNumeric="0" />
			<column name="group_id" />
			<column name="provisioning_status" />
			<column name="global" valueBoolean="true" />
		</insert>
		<insert tableName="asset">
			<column name="id" valueNumeric="7631" />
			<column name="identifier" value="8664934767" />
			<column name="create_datetime" valueDate="2014-10-22T23:18:20.580" />
			<column name="status_id" valueNumeric="10501" />
			<column name="entity_id" valueNumeric="1" />
			<column name="deleted" valueNumeric="0" />
			<column name="item_id" valueNumeric="320104" />
			<column name="order_line_id" />
			<column name="notes" value="Bulk Upload" />
			<column name="optlock" valueNumeric="0" />
			<column name="group_id" />
			<column name="provisioning_status" />
			<column name="global" valueBoolean="true" />
		</insert>
		<insert tableName="asset">
			<column name="id" valueNumeric="7632" />
			<column name="identifier" value="8664935854" />
			<column name="create_datetime" valueDate="2014-10-22T23:18:20.587" />
			<column name="status_id" valueNumeric="10501" />
			<column name="entity_id" valueNumeric="1" />
			<column name="deleted" valueNumeric="0" />
			<column name="item_id" valueNumeric="320104" />
			<column name="order_line_id" />
			<column name="notes" value="Bulk Upload" />
			<column name="optlock" valueNumeric="0" />
			<column name="group_id" />
			<column name="provisioning_status" />
			<column name="global" valueBoolean="true" />
		</insert>
		<insert tableName="asset">
			<column name="id" valueNumeric="7633" />
			<column name="identifier" value="8664941087" />
			<column name="create_datetime" valueDate="2014-10-22T23:18:20.593" />
			<column name="status_id" valueNumeric="10501" />
			<column name="entity_id" valueNumeric="1" />
			<column name="deleted" valueNumeric="0" />
			<column name="item_id" valueNumeric="320104" />
			<column name="order_line_id" />
			<column name="notes" value="Bulk Upload" />
			<column name="optlock" valueNumeric="0" />
			<column name="group_id" />
			<column name="provisioning_status" />
			<column name="global" valueBoolean="true" />
		</insert>
		<insert tableName="asset">
			<column name="id" valueNumeric="7634" />
			<column name="identifier" value="8664941208" />
			<column name="create_datetime" valueDate="2014-10-22T23:18:20.618" />
			<column name="status_id" valueNumeric="10501" />
			<column name="entity_id" valueNumeric="1" />
			<column name="deleted" valueNumeric="0" />
			<column name="item_id" valueNumeric="320104" />
			<column name="order_line_id" />
			<column name="notes" value="Bulk Upload" />
			<column name="optlock" valueNumeric="0" />
			<column name="group_id" />
			<column name="provisioning_status" />
			<column name="global" valueBoolean="true" />
		</insert>
		<insert tableName="asset">
			<column name="id" valueNumeric="7635" />
			<column name="identifier" value="8664942658" />
			<column name="create_datetime" valueDate="2014-10-22T23:18:20.634" />
			<column name="status_id" valueNumeric="10501" />
			<column name="entity_id" valueNumeric="1" />
			<column name="deleted" valueNumeric="0" />
			<column name="item_id" valueNumeric="320104" />
			<column name="order_line_id" />
			<column name="notes" value="Bulk Upload" />
			<column name="optlock" valueNumeric="0" />
			<column name="group_id" />
			<column name="provisioning_status" />
			<column name="global" valueBoolean="true" />
		</insert>
		<insert tableName="asset">
			<column name="id" valueNumeric="7636" />
			<column name="identifier" value="8664943105" />
			<column name="create_datetime" valueDate="2014-10-22T23:18:20.641" />
			<column name="status_id" valueNumeric="10501" />
			<column name="entity_id" valueNumeric="1" />
			<column name="deleted" valueNumeric="0" />
			<column name="item_id" valueNumeric="320104" />
			<column name="order_line_id" />
			<column name="notes" value="Bulk Upload" />
			<column name="optlock" valueNumeric="0" />
			<column name="group_id" />
			<column name="provisioning_status" />
			<column name="global" valueBoolean="true" />
		</insert>
		<insert tableName="asset">
			<column name="id" valueNumeric="7637" />
			<column name="identifier" value="8664944132" />
			<column name="create_datetime" valueDate="2014-10-22T23:18:20.652" />
			<column name="status_id" valueNumeric="10501" />
			<column name="entity_id" valueNumeric="1" />
			<column name="deleted" valueNumeric="0" />
			<column name="item_id" valueNumeric="320104" />
			<column name="order_line_id" />
			<column name="notes" value="Bulk Upload" />
			<column name="optlock" valueNumeric="0" />
			<column name="group_id" />
			<column name="provisioning_status" />
			<column name="global" valueBoolean="true" />
		</insert>
		<insert tableName="asset">
			<column name="id" valueNumeric="7638" />
			<column name="identifier" value="8664951668" />
			<column name="create_datetime" valueDate="2014-10-22T23:18:20.662" />
			<column name="status_id" valueNumeric="10501" />
			<column name="entity_id" valueNumeric="1" />
			<column name="deleted" valueNumeric="0" />
			<column name="item_id" valueNumeric="320104" />
			<column name="order_line_id" />
			<column name="notes" value="Bulk Upload" />
			<column name="optlock" valueNumeric="0" />
			<column name="group_id" />
			<column name="provisioning_status" />
			<column name="global" valueBoolean="true" />
		</insert>
		<insert tableName="asset">
			<column name="id" valueNumeric="7639" />
			<column name="identifier" value="8664962355" />
			<column name="create_datetime" valueDate="2014-10-22T23:18:20.673" />
			<column name="status_id" valueNumeric="10501" />
			<column name="entity_id" valueNumeric="1" />
			<column name="deleted" valueNumeric="0" />
			<column name="item_id" valueNumeric="320104" />
			<column name="order_line_id" />
			<column name="notes" value="Bulk Upload" />
			<column name="optlock" valueNumeric="0" />
			<column name="group_id" />
			<column name="provisioning_status" />
			<column name="global" valueBoolean="true" />
		</insert>
		<insert tableName="asset">
			<column name="id" valueNumeric="7640" />
			<column name="identifier" value="8664969549" />
			<column name="create_datetime" valueDate="2014-10-22T23:18:20.695" />
			<column name="status_id" valueNumeric="10501" />
			<column name="entity_id" valueNumeric="1" />
			<column name="deleted" valueNumeric="0" />
			<column name="item_id" valueNumeric="320104" />
			<column name="order_line_id" />
			<column name="notes" value="Bulk Upload" />
			<column name="optlock" valueNumeric="0" />
			<column name="group_id" />
			<column name="provisioning_status" />
			<column name="global" valueBoolean="true" />
		</insert>
		<insert tableName="asset">
			<column name="id" valueNumeric="7641" />
			<column name="identifier" value="8664971176" />
			<column name="create_datetime" valueDate="2014-10-22T23:18:20.721" />
			<column name="status_id" valueNumeric="10501" />
			<column name="entity_id" valueNumeric="1" />
			<column name="deleted" valueNumeric="0" />
			<column name="item_id" valueNumeric="320104" />
			<column name="order_line_id" />
			<column name="notes" value="Bulk Upload" />
			<column name="optlock" valueNumeric="0" />
			<column name="group_id" />
			<column name="provisioning_status" />
			<column name="global" valueBoolean="true" />
		</insert>
		<insert tableName="asset">
			<column name="id" valueNumeric="7642" />
			<column name="identifier" value="8664972131" />
			<column name="create_datetime" valueDate="2014-10-22T23:18:20.783" />
			<column name="status_id" valueNumeric="10501" />
			<column name="entity_id" valueNumeric="1" />
			<column name="deleted" valueNumeric="0" />
			<column name="item_id" valueNumeric="320104" />
			<column name="order_line_id" />
			<column name="notes" value="Bulk Upload" />
			<column name="optlock" valueNumeric="0" />
			<column name="group_id" />
			<column name="provisioning_status" />
			<column name="global" valueBoolean="true" />
		</insert>
		<insert tableName="asset">
			<column name="id" valueNumeric="7643" />
			<column name="identifier" value="8664973188" />
			<column name="create_datetime" valueDate="2014-10-22T23:18:20.831" />
			<column name="status_id" valueNumeric="10501" />
			<column name="entity_id" valueNumeric="1" />
			<column name="deleted" valueNumeric="0" />
			<column name="item_id" valueNumeric="320104" />
			<column name="order_line_id" />
			<column name="notes" value="Bulk Upload" />
			<column name="optlock" valueNumeric="0" />
			<column name="group_id" />
			<column name="provisioning_status" />
			<column name="global" valueBoolean="true" />
		</insert>
		<insert tableName="asset">
			<column name="id" valueNumeric="7644" />
			<column name="identifier" value="8664973204" />
			<column name="create_datetime" valueDate="2014-10-22T23:18:20.844" />
			<column name="status_id" valueNumeric="10501" />
			<column name="entity_id" valueNumeric="1" />
			<column name="deleted" valueNumeric="0" />
			<column name="item_id" valueNumeric="320104" />
			<column name="order_line_id" />
			<column name="notes" value="Bulk Upload" />
			<column name="optlock" valueNumeric="0" />
			<column name="group_id" />
			<column name="provisioning_status" />
			<column name="global" valueBoolean="true" />
		</insert>
		<insert tableName="asset">
			<column name="id" valueNumeric="7645" />
			<column name="identifier" value="8664974231" />
			<column name="create_datetime" valueDate="2014-10-22T23:18:20.878" />
			<column name="status_id" valueNumeric="10501" />
			<column name="entity_id" valueNumeric="1" />
			<column name="deleted" valueNumeric="0" />
			<column name="item_id" valueNumeric="320104" />
			<column name="order_line_id" />
			<column name="notes" value="Bulk Upload" />
			<column name="optlock" valueNumeric="0" />
			<column name="group_id" />
			<column name="provisioning_status" />
			<column name="global" valueBoolean="true" />
		</insert>
		<insert tableName="asset">
			<column name="id" valueNumeric="7646" />
			<column name="identifier" value="8664978213" />
			<column name="create_datetime" valueDate="2014-10-22T23:18:20.930" />
			<column name="status_id" valueNumeric="10501" />
			<column name="entity_id" valueNumeric="1" />
			<column name="deleted" valueNumeric="0" />
			<column name="item_id" valueNumeric="320104" />
			<column name="order_line_id" />
			<column name="notes" value="Bulk Upload" />
			<column name="optlock" valueNumeric="0" />
			<column name="group_id" />
			<column name="provisioning_status" />
			<column name="global" valueBoolean="true" />
		</insert>
		<insert tableName="asset">
			<column name="id" valueNumeric="7647" />
			<column name="identifier" value="8664990818" />
			<column name="create_datetime" valueDate="2014-10-22T23:18:20.936" />
			<column name="status_id" valueNumeric="10501" />
			<column name="entity_id" valueNumeric="1" />
			<column name="deleted" valueNumeric="0" />
			<column name="item_id" valueNumeric="320104" />
			<column name="order_line_id" />
			<column name="notes" value="Bulk Upload" />
			<column name="optlock" valueNumeric="0" />
			<column name="group_id" />
			<column name="provisioning_status" />
			<column name="global" valueBoolean="true" />
		</insert>
		<insert tableName="asset">
			<column name="id" valueNumeric="7648" />
			<column name="identifier" value="8664991238" />
			<column name="create_datetime" valueDate="2014-10-22T23:18:20.989" />
			<column name="status_id" valueNumeric="10501" />
			<column name="entity_id" valueNumeric="1" />
			<column name="deleted" valueNumeric="0" />
			<column name="item_id" valueNumeric="320104" />
			<column name="order_line_id" />
			<column name="notes" value="Bulk Upload" />
			<column name="optlock" valueNumeric="0" />
			<column name="group_id" />
			<column name="provisioning_status" />
			<column name="global" valueBoolean="true" />
		</insert>
		<insert tableName="asset">
			<column name="id" valueNumeric="7649" />
			<column name="identifier" value="8664998478" />
			<column name="create_datetime" valueDate="2014-10-22T23:18:20.995" />
			<column name="status_id" valueNumeric="10501" />
			<column name="entity_id" valueNumeric="1" />
			<column name="deleted" valueNumeric="0" />
			<column name="item_id" valueNumeric="320104" />
			<column name="order_line_id" />
			<column name="notes" value="Bulk Upload" />
			<column name="optlock" valueNumeric="0" />
			<column name="group_id" />
			<column name="provisioning_status" />
			<column name="global" valueBoolean="true" />
		</insert>
		<insert tableName="asset">
			<column name="id" valueNumeric="7650" />
			<column name="identifier" value="8665010860" />
			<column name="create_datetime" valueDate="2014-10-22T23:18:21.20" />
			<column name="status_id" valueNumeric="10501" />
			<column name="entity_id" valueNumeric="1" />
			<column name="deleted" valueNumeric="0" />
			<column name="item_id" valueNumeric="320104" />
			<column name="order_line_id" />
			<column name="notes" value="Bulk Upload" />
			<column name="optlock" valueNumeric="0" />
			<column name="group_id" />
			<column name="provisioning_status" />
			<column name="global" valueBoolean="true" />
		</insert>
		<insert tableName="asset">
			<column name="id" valueNumeric="7651" />
			<column name="identifier" value="8665012653" />
			<column name="create_datetime" valueDate="2014-10-22T23:18:21.30" />
			<column name="status_id" valueNumeric="10501" />
			<column name="entity_id" valueNumeric="1" />
			<column name="deleted" valueNumeric="0" />
			<column name="item_id" valueNumeric="320104" />
			<column name="order_line_id" />
			<column name="notes" value="Bulk Upload" />
			<column name="optlock" valueNumeric="0" />
			<column name="group_id" />
			<column name="provisioning_status" />
			<column name="global" valueBoolean="true" />
		</insert>
		<insert tableName="asset">
			<column name="id" valueNumeric="7652" />
			<column name="identifier" value="8665013667" />
			<column name="create_datetime" valueDate="2014-10-22T23:18:21.57" />
			<column name="status_id" valueNumeric="10501" />
			<column name="entity_id" valueNumeric="1" />
			<column name="deleted" valueNumeric="0" />
			<column name="item_id" valueNumeric="320104" />
			<column name="order_line_id" />
			<column name="notes" value="Bulk Upload" />
			<column name="optlock" valueNumeric="0" />
			<column name="group_id" />
			<column name="provisioning_status" />
			<column name="global" valueBoolean="true" />
		</insert>
		<insert tableName="asset">
			<column name="id" valueNumeric="7653" />
			<column name="identifier" value="8665017338" />
			<column name="create_datetime" valueDate="2014-10-22T23:18:21.117" />
			<column name="status_id" valueNumeric="10501" />
			<column name="entity_id" valueNumeric="1" />
			<column name="deleted" valueNumeric="0" />
			<column name="item_id" valueNumeric="320104" />
			<column name="order_line_id" />
			<column name="notes" value="Bulk Upload" />
			<column name="optlock" valueNumeric="0" />
			<column name="group_id" />
			<column name="provisioning_status" />
			<column name="global" valueBoolean="true" />
		</insert>
		<insert tableName="asset">
			<column name="id" valueNumeric="7654" />
			<column name="identifier" value="8665017701" />
			<column name="create_datetime" valueDate="2014-10-22T23:18:21.124" />
			<column name="status_id" valueNumeric="10501" />
			<column name="entity_id" valueNumeric="1" />
			<column name="deleted" valueNumeric="0" />
			<column name="item_id" valueNumeric="320104" />
			<column name="order_line_id" />
			<column name="notes" value="Bulk Upload" />
			<column name="optlock" valueNumeric="0" />
			<column name="group_id" />
			<column name="provisioning_status" />
			<column name="global" valueBoolean="true" />
		</insert>
		<insert tableName="asset">
			<column name="id" valueNumeric="7655" />
			<column name="identifier" value="8665020164" />
			<column name="create_datetime" valueDate="2014-10-22T23:18:21.130" />
			<column name="status_id" valueNumeric="10501" />
			<column name="entity_id" valueNumeric="1" />
			<column name="deleted" valueNumeric="0" />
			<column name="item_id" valueNumeric="320104" />
			<column name="order_line_id" />
			<column name="notes" value="Bulk Upload" />
			<column name="optlock" valueNumeric="0" />
			<column name="group_id" />
			<column name="provisioning_status" />
			<column name="global" valueBoolean="true" />
		</insert>
		<insert tableName="asset">
			<column name="id" valueNumeric="7656" />
			<column name="identifier" value="8665021778" />
			<column name="create_datetime" valueDate="2014-10-22T23:18:21.137" />
			<column name="status_id" valueNumeric="10501" />
			<column name="entity_id" valueNumeric="1" />
			<column name="deleted" valueNumeric="0" />
			<column name="item_id" valueNumeric="320104" />
			<column name="order_line_id" />
			<column name="notes" value="Bulk Upload" />
			<column name="optlock" valueNumeric="0" />
			<column name="group_id" />
			<column name="provisioning_status" />
			<column name="global" valueBoolean="true" />
		</insert>
		<insert tableName="asset">
			<column name="id" valueNumeric="7657" />
			<column name="identifier" value="8665023185" />
			<column name="create_datetime" valueDate="2014-10-22T23:18:21.143" />
			<column name="status_id" valueNumeric="10501" />
			<column name="entity_id" valueNumeric="1" />
			<column name="deleted" valueNumeric="0" />
			<column name="item_id" valueNumeric="320104" />
			<column name="order_line_id" />
			<column name="notes" value="Bulk Upload" />
			<column name="optlock" valueNumeric="0" />
			<column name="group_id" />
			<column name="provisioning_status" />
			<column name="global" valueBoolean="true" />
		</insert>
		<insert tableName="asset">
			<column name="id" valueNumeric="7658" />
			<column name="identifier" value="8665027862" />
			<column name="create_datetime" valueDate="2014-10-22T23:18:21.194" />
			<column name="status_id" valueNumeric="10501" />
			<column name="entity_id" valueNumeric="1" />
			<column name="deleted" valueNumeric="0" />
			<column name="item_id" valueNumeric="320104" />
			<column name="order_line_id" />
			<column name="notes" value="Bulk Upload" />
			<column name="optlock" valueNumeric="0" />
			<column name="group_id" />
			<column name="provisioning_status" />
			<column name="global" valueBoolean="true" />
		</insert>
		<insert tableName="asset">
			<column name="id" valueNumeric="7659" />
			<column name="identifier" value="8665036123" />
			<column name="create_datetime" valueDate="2014-10-22T23:18:21.220" />
			<column name="status_id" valueNumeric="10501" />
			<column name="entity_id" valueNumeric="1" />
			<column name="deleted" valueNumeric="0" />
			<column name="item_id" valueNumeric="320104" />
			<column name="order_line_id" />
			<column name="notes" value="Bulk Upload" />
			<column name="optlock" valueNumeric="0" />
			<column name="group_id" />
			<column name="provisioning_status" />
			<column name="global" valueBoolean="true" />
		</insert>
		<insert tableName="asset">
			<column name="id" valueNumeric="7660" />
			<column name="identifier" value="8665045126" />
			<column name="create_datetime" valueDate="2014-10-22T23:18:21.233" />
			<column name="status_id" valueNumeric="10501" />
			<column name="entity_id" valueNumeric="1" />
			<column name="deleted" valueNumeric="0" />
			<column name="item_id" valueNumeric="320104" />
			<column name="order_line_id" />
			<column name="notes" value="Bulk Upload" />
			<column name="optlock" valueNumeric="0" />
			<column name="group_id" />
			<column name="provisioning_status" />
			<column name="global" valueBoolean="true" />
		</insert>
		<insert tableName="asset">
			<column name="id" valueNumeric="7661" />
			<column name="identifier" value="8665054310" />
			<column name="create_datetime" valueDate="2014-10-22T23:18:21.268" />
			<column name="status_id" valueNumeric="10501" />
			<column name="entity_id" valueNumeric="1" />
			<column name="deleted" valueNumeric="0" />
			<column name="item_id" valueNumeric="320104" />
			<column name="order_line_id" />
			<column name="notes" value="Bulk Upload" />
			<column name="optlock" valueNumeric="0" />
			<column name="group_id" />
			<column name="provisioning_status" />
			<column name="global" valueBoolean="true" />
		</insert>
		<insert tableName="asset">
			<column name="id" valueNumeric="7662" />
			<column name="identifier" value="8665064159" />
			<column name="create_datetime" valueDate="2014-10-22T23:18:21.275" />
			<column name="status_id" valueNumeric="10501" />
			<column name="entity_id" valueNumeric="1" />
			<column name="deleted" valueNumeric="0" />
			<column name="item_id" valueNumeric="320104" />
			<column name="order_line_id" />
			<column name="notes" value="Bulk Upload" />
			<column name="optlock" valueNumeric="0" />
			<column name="group_id" />
			<column name="provisioning_status" />
			<column name="global" valueBoolean="true" />
		</insert>
		<insert tableName="asset">
			<column name="id" valueNumeric="7663" />
			<column name="identifier" value="8665064961" />
			<column name="create_datetime" valueDate="2014-10-22T23:18:21.282" />
			<column name="status_id" valueNumeric="10501" />
			<column name="entity_id" valueNumeric="1" />
			<column name="deleted" valueNumeric="0" />
			<column name="item_id" valueNumeric="320104" />
			<column name="order_line_id" />
			<column name="notes" value="Bulk Upload" />
			<column name="optlock" valueNumeric="0" />
			<column name="group_id" />
			<column name="provisioning_status" />
			<column name="global" valueBoolean="true" />
		</insert>
		<insert tableName="asset">
			<column name="id" valueNumeric="7664" />
			<column name="identifier" value="8665073301" />
			<column name="create_datetime" valueDate="2014-10-22T23:18:21.359" />
			<column name="status_id" valueNumeric="10501" />
			<column name="entity_id" valueNumeric="1" />
			<column name="deleted" valueNumeric="0" />
			<column name="item_id" valueNumeric="320104" />
			<column name="order_line_id" />
			<column name="notes" value="Bulk Upload" />
			<column name="optlock" valueNumeric="0" />
			<column name="group_id" />
			<column name="provisioning_status" />
			<column name="global" valueBoolean="true" />
		</insert>
		<insert tableName="asset">
			<column name="id" valueNumeric="7665" />
			<column name="identifier" value="8665084166" />
			<column name="create_datetime" valueDate="2014-10-22T23:18:21.366" />
			<column name="status_id" valueNumeric="10501" />
			<column name="entity_id" valueNumeric="1" />
			<column name="deleted" valueNumeric="0" />
			<column name="item_id" valueNumeric="320104" />
			<column name="order_line_id" />
			<column name="notes" value="Bulk Upload" />
			<column name="optlock" valueNumeric="0" />
			<column name="group_id" />
			<column name="provisioning_status" />
			<column name="global" valueBoolean="true" />
		</insert>
		<insert tableName="asset">
			<column name="id" valueNumeric="7666" />
			<column name="identifier" value="8665087397" />
			<column name="create_datetime" valueDate="2014-10-22T23:18:21.401" />
			<column name="status_id" valueNumeric="10501" />
			<column name="entity_id" valueNumeric="1" />
			<column name="deleted" valueNumeric="0" />
			<column name="item_id" valueNumeric="320104" />
			<column name="order_line_id" />
			<column name="notes" value="Bulk Upload" />
			<column name="optlock" valueNumeric="0" />
			<column name="group_id" />
			<column name="provisioning_status" />
			<column name="global" valueBoolean="true" />
		</insert>
		<insert tableName="asset">
			<column name="id" valueNumeric="7667" />
			<column name="identifier" value="8665093937" />
			<column name="create_datetime" valueDate="2014-10-22T23:18:21.864" />
			<column name="status_id" valueNumeric="10501" />
			<column name="entity_id" valueNumeric="1" />
			<column name="deleted" valueNumeric="0" />
			<column name="item_id" valueNumeric="320104" />
			<column name="order_line_id" />
			<column name="notes" value="Bulk Upload" />
			<column name="optlock" valueNumeric="0" />
			<column name="group_id" />
			<column name="provisioning_status" />
			<column name="global" valueBoolean="true" />
		</insert>
		<insert tableName="asset">
			<column name="id" valueNumeric="7668" />
			<column name="identifier" value="8665104850" />
			<column name="create_datetime" valueDate="2014-10-22T23:18:21.889" />
			<column name="status_id" valueNumeric="10501" />
			<column name="entity_id" valueNumeric="1" />
			<column name="deleted" valueNumeric="0" />
			<column name="item_id" valueNumeric="320104" />
			<column name="order_line_id" />
			<column name="notes" value="Bulk Upload" />
			<column name="optlock" valueNumeric="0" />
			<column name="group_id" />
			<column name="provisioning_status" />
			<column name="global" valueBoolean="true" />
		</insert>
		<insert tableName="asset">
			<column name="id" valueNumeric="7669" />
			<column name="identifier" value="8665109154" />
			<column name="create_datetime" valueDate="2014-10-22T23:18:21.907" />
			<column name="status_id" valueNumeric="10501" />
			<column name="entity_id" valueNumeric="1" />
			<column name="deleted" valueNumeric="0" />
			<column name="item_id" valueNumeric="320104" />
			<column name="order_line_id" />
			<column name="notes" value="Bulk Upload" />
			<column name="optlock" valueNumeric="0" />
			<column name="group_id" />
			<column name="provisioning_status" />
			<column name="global" valueBoolean="true" />
		</insert>
		<insert tableName="asset">
			<column name="id" valueNumeric="7670" />
			<column name="identifier" value="8665110763" />
			<column name="create_datetime" valueDate="2014-10-22T23:18:21.956" />
			<column name="status_id" valueNumeric="10501" />
			<column name="entity_id" valueNumeric="1" />
			<column name="deleted" valueNumeric="0" />
			<column name="item_id" valueNumeric="320104" />
			<column name="order_line_id" />
			<column name="notes" value="Bulk Upload" />
			<column name="optlock" valueNumeric="0" />
			<column name="group_id" />
			<column name="provisioning_status" />
			<column name="global" valueBoolean="true" />
		</insert>
		<insert tableName="asset">
			<column name="id" valueNumeric="7671" />
			<column name="identifier" value="8665111677" />
			<column name="create_datetime" valueDate="2014-10-22T23:18:21.973" />
			<column name="status_id" valueNumeric="10501" />
			<column name="entity_id" valueNumeric="1" />
			<column name="deleted" valueNumeric="0" />
			<column name="item_id" valueNumeric="320104" />
			<column name="order_line_id" />
			<column name="notes" value="Bulk Upload" />
			<column name="optlock" valueNumeric="0" />
			<column name="group_id" />
			<column name="provisioning_status" />
			<column name="global" valueBoolean="true" />
		</insert>
		<insert tableName="asset">
			<column name="id" valueNumeric="7672" />
			<column name="identifier" value="8665113846" />
			<column name="create_datetime" valueDate="2014-10-22T23:18:21.999" />
			<column name="status_id" valueNumeric="10501" />
			<column name="entity_id" valueNumeric="1" />
			<column name="deleted" valueNumeric="0" />
			<column name="item_id" valueNumeric="320104" />
			<column name="order_line_id" />
			<column name="notes" value="Bulk Upload" />
			<column name="optlock" valueNumeric="0" />
			<column name="group_id" />
			<column name="provisioning_status" />
			<column name="global" valueBoolean="true" />
		</insert>
		<insert tableName="asset">
			<column name="id" valueNumeric="7673" />
			<column name="identifier" value="8665137153" />
			<column name="create_datetime" valueDate="2014-10-22T23:18:22.6" />
			<column name="status_id" valueNumeric="10501" />
			<column name="entity_id" valueNumeric="1" />
			<column name="deleted" valueNumeric="0" />
			<column name="item_id" valueNumeric="320104" />
			<column name="order_line_id" />
			<column name="notes" value="Bulk Upload" />
			<column name="optlock" valueNumeric="0" />
			<column name="group_id" />
			<column name="provisioning_status" />
			<column name="global" valueBoolean="true" />
		</insert>
		<insert tableName="asset">
			<column name="id" valueNumeric="7674" />
			<column name="identifier" value="8665137583" />
			<column name="create_datetime" valueDate="2014-10-22T23:18:22.12" />
			<column name="status_id" valueNumeric="10501" />
			<column name="entity_id" valueNumeric="1" />
			<column name="deleted" valueNumeric="0" />
			<column name="item_id" valueNumeric="320104" />
			<column name="order_line_id" />
			<column name="notes" value="Bulk Upload" />
			<column name="optlock" valueNumeric="0" />
			<column name="group_id" />
			<column name="provisioning_status" />
			<column name="global" valueBoolean="true" />
		</insert>
		<insert tableName="asset">
			<column name="id" valueNumeric="7675" />
			<column name="identifier" value="8665148072" />
			<column name="create_datetime" valueDate="2014-10-22T23:18:22.23" />
			<column name="status_id" valueNumeric="10501" />
			<column name="entity_id" valueNumeric="1" />
			<column name="deleted" valueNumeric="0" />
			<column name="item_id" valueNumeric="320104" />
			<column name="order_line_id" />
			<column name="notes" value="Bulk Upload" />
			<column name="optlock" valueNumeric="0" />
			<column name="group_id" />
			<column name="provisioning_status" />
			<column name="global" valueBoolean="true" />
		</insert>
		<insert tableName="asset">
			<column name="id" valueNumeric="7676" />
			<column name="identifier" value="8665152131" />
			<column name="create_datetime" valueDate="2014-10-22T23:18:22.49" />
			<column name="status_id" valueNumeric="10501" />
			<column name="entity_id" valueNumeric="1" />
			<column name="deleted" valueNumeric="0" />
			<column name="item_id" valueNumeric="320104" />
			<column name="order_line_id" />
			<column name="notes" value="Bulk Upload" />
			<column name="optlock" valueNumeric="0" />
			<column name="group_id" />
			<column name="provisioning_status" />
			<column name="global" valueBoolean="true" />
		</insert>
		<insert tableName="asset">
			<column name="id" valueNumeric="7677" />
			<column name="identifier" value="8665163173" />
			<column name="create_datetime" valueDate="2014-10-22T23:18:22.83" />
			<column name="status_id" valueNumeric="10501" />
			<column name="entity_id" valueNumeric="1" />
			<column name="deleted" valueNumeric="0" />
			<column name="item_id" valueNumeric="320104" />
			<column name="order_line_id" />
			<column name="notes" value="Bulk Upload" />
			<column name="optlock" valueNumeric="0" />
			<column name="group_id" />
			<column name="provisioning_status" />
			<column name="global" valueBoolean="true" />
		</insert>
		<insert tableName="asset">
			<column name="id" valueNumeric="7678" />
			<column name="identifier" value="8665167265" />
			<column name="create_datetime" valueDate="2014-10-22T23:18:22.95" />
			<column name="status_id" valueNumeric="10501" />
			<column name="entity_id" valueNumeric="1" />
			<column name="deleted" valueNumeric="0" />
			<column name="item_id" valueNumeric="320104" />
			<column name="order_line_id" />
			<column name="notes" value="Bulk Upload" />
			<column name="optlock" valueNumeric="0" />
			<column name="group_id" />
			<column name="provisioning_status" />
			<column name="global" valueBoolean="true" />
		</insert>
		<insert tableName="asset">
			<column name="id" valueNumeric="7679" />
			<column name="identifier" value="8665170303" />
			<column name="create_datetime" valueDate="2014-10-22T23:18:22.112" />
			<column name="status_id" valueNumeric="10501" />
			<column name="entity_id" valueNumeric="1" />
			<column name="deleted" valueNumeric="0" />
			<column name="item_id" valueNumeric="320104" />
			<column name="order_line_id" />
			<column name="notes" value="Bulk Upload" />
			<column name="optlock" valueNumeric="0" />
			<column name="group_id" />
			<column name="provisioning_status" />
			<column name="global" valueBoolean="true" />
		</insert>
		<insert tableName="asset">
			<column name="id" valueNumeric="7680" />
			<column name="identifier" value="8665170387" />
			<column name="create_datetime" valueDate="2014-10-22T23:18:22.157" />
			<column name="status_id" valueNumeric="10501" />
			<column name="entity_id" valueNumeric="1" />
			<column name="deleted" valueNumeric="0" />
			<column name="item_id" valueNumeric="320104" />
			<column name="order_line_id" />
			<column name="notes" value="Bulk Upload" />
			<column name="optlock" valueNumeric="0" />
			<column name="group_id" />
			<column name="provisioning_status" />
			<column name="global" valueBoolean="true" />
		</insert>
		<insert tableName="asset">
			<column name="id" valueNumeric="7681" />
			<column name="identifier" value="8665175498" />
			<column name="create_datetime" valueDate="2014-10-22T23:18:22.169" />
			<column name="status_id" valueNumeric="10501" />
			<column name="entity_id" valueNumeric="1" />
			<column name="deleted" valueNumeric="0" />
			<column name="item_id" valueNumeric="320104" />
			<column name="order_line_id" />
			<column name="notes" value="Bulk Upload" />
			<column name="optlock" valueNumeric="0" />
			<column name="group_id" />
			<column name="provisioning_status" />
			<column name="global" valueBoolean="true" />
		</insert>
		<insert tableName="asset">
			<column name="id" valueNumeric="7682" />
			<column name="identifier" value="8665175951" />
			<column name="create_datetime" valueDate="2014-10-22T23:18:22.176" />
			<column name="status_id" valueNumeric="10501" />
			<column name="entity_id" valueNumeric="1" />
			<column name="deleted" valueNumeric="0" />
			<column name="item_id" valueNumeric="320104" />
			<column name="order_line_id" />
			<column name="notes" value="Bulk Upload" />
			<column name="optlock" valueNumeric="0" />
			<column name="group_id" />
			<column name="provisioning_status" />
			<column name="global" valueBoolean="true" />
		</insert>
		<insert tableName="asset">
			<column name="id" valueNumeric="7683" />
			<column name="identifier" value="8665185365" />
			<column name="create_datetime" valueDate="2014-10-22T23:18:22.205" />
			<column name="status_id" valueNumeric="10501" />
			<column name="entity_id" valueNumeric="1" />
			<column name="deleted" valueNumeric="0" />
			<column name="item_id" valueNumeric="320104" />
			<column name="order_line_id" />
			<column name="notes" value="Bulk Upload" />
			<column name="optlock" valueNumeric="0" />
			<column name="group_id" />
			<column name="provisioning_status" />
			<column name="global" valueBoolean="true" />
		</insert>
		<insert tableName="asset">
			<column name="id" valueNumeric="7684" />
			<column name="identifier" value="8665191460" />
			<column name="create_datetime" valueDate="2014-10-22T23:18:22.242" />
			<column name="status_id" valueNumeric="10501" />
			<column name="entity_id" valueNumeric="1" />
			<column name="deleted" valueNumeric="0" />
			<column name="item_id" valueNumeric="320104" />
			<column name="order_line_id" />
			<column name="notes" value="Bulk Upload" />
			<column name="optlock" valueNumeric="0" />
			<column name="group_id" />
			<column name="provisioning_status" />
			<column name="global" valueBoolean="true" />
		</insert>
		<insert tableName="asset">
			<column name="id" valueNumeric="7685" />
			<column name="identifier" value="8665191463" />
			<column name="create_datetime" valueDate="2014-10-22T23:18:22.275" />
			<column name="status_id" valueNumeric="10501" />
			<column name="entity_id" valueNumeric="1" />
			<column name="deleted" valueNumeric="0" />
			<column name="item_id" valueNumeric="320104" />
			<column name="order_line_id" />
			<column name="notes" value="Bulk Upload" />
			<column name="optlock" valueNumeric="0" />
			<column name="group_id" />
			<column name="provisioning_status" />
			<column name="global" valueBoolean="true" />
		</insert>
		<insert tableName="asset">
			<column name="id" valueNumeric="7686" />
			<column name="identifier" value="8665191486" />
			<column name="create_datetime" valueDate="2014-10-22T23:18:22.363" />
			<column name="status_id" valueNumeric="10501" />
			<column name="entity_id" valueNumeric="1" />
			<column name="deleted" valueNumeric="0" />
			<column name="item_id" valueNumeric="320104" />
			<column name="order_line_id" />
			<column name="notes" value="Bulk Upload" />
			<column name="optlock" valueNumeric="0" />
			<column name="group_id" />
			<column name="provisioning_status" />
			<column name="global" valueBoolean="true" />
		</insert>
		<insert tableName="asset">
			<column name="id" valueNumeric="7687" />
			<column name="identifier" value="8665193092" />
			<column name="create_datetime" valueDate="2014-10-22T23:18:22.402" />
			<column name="status_id" valueNumeric="10501" />
			<column name="entity_id" valueNumeric="1" />
			<column name="deleted" valueNumeric="0" />
			<column name="item_id" valueNumeric="320104" />
			<column name="order_line_id" />
			<column name="notes" value="Bulk Upload" />
			<column name="optlock" valueNumeric="0" />
			<column name="group_id" />
			<column name="provisioning_status" />
			<column name="global" valueBoolean="true" />
		</insert>
		<insert tableName="asset">
			<column name="id" valueNumeric="7688" />
			<column name="identifier" value="8665193098" />
			<column name="create_datetime" valueDate="2014-10-22T23:18:22.481" />
			<column name="status_id" valueNumeric="10501" />
			<column name="entity_id" valueNumeric="1" />
			<column name="deleted" valueNumeric="0" />
			<column name="item_id" valueNumeric="320104" />
			<column name="order_line_id" />
			<column name="notes" value="Bulk Upload" />
			<column name="optlock" valueNumeric="0" />
			<column name="group_id" />
			<column name="provisioning_status" />
			<column name="global" valueBoolean="true" />
		</insert>
		<insert tableName="asset">
			<column name="id" valueNumeric="7689" />
			<column name="identifier" value="8665193401" />
			<column name="create_datetime" valueDate="2014-10-22T23:18:22.508" />
			<column name="status_id" valueNumeric="10501" />
			<column name="entity_id" valueNumeric="1" />
			<column name="deleted" valueNumeric="0" />
			<column name="item_id" valueNumeric="320104" />
			<column name="order_line_id" />
			<column name="notes" value="Bulk Upload" />
			<column name="optlock" valueNumeric="0" />
			<column name="group_id" />
			<column name="provisioning_status" />
			<column name="global" valueBoolean="true" />
		</insert>
		<insert tableName="asset">
			<column name="id" valueNumeric="7690" />
			<column name="identifier" value="8665193404" />
			<column name="create_datetime" valueDate="2014-10-22T23:18:22.526" />
			<column name="status_id" valueNumeric="10501" />
			<column name="entity_id" valueNumeric="1" />
			<column name="deleted" valueNumeric="0" />
			<column name="item_id" valueNumeric="320104" />
			<column name="order_line_id" />
			<column name="notes" value="Bulk Upload" />
			<column name="optlock" valueNumeric="0" />
			<column name="group_id" />
			<column name="provisioning_status" />
			<column name="global" valueBoolean="true" />
		</insert>
		<insert tableName="asset">
			<column name="id" valueNumeric="7691" />
			<column name="identifier" value="8665193407" />
			<column name="create_datetime" valueDate="2014-10-22T23:18:22.553" />
			<column name="status_id" valueNumeric="10501" />
			<column name="entity_id" valueNumeric="1" />
			<column name="deleted" valueNumeric="0" />
			<column name="item_id" valueNumeric="320104" />
			<column name="order_line_id" />
			<column name="notes" value="Bulk Upload" />
			<column name="optlock" valueNumeric="0" />
			<column name="group_id" />
			<column name="provisioning_status" />
			<column name="global" valueBoolean="true" />
		</insert>
		<insert tableName="asset">
			<column name="id" valueNumeric="7692" />
			<column name="identifier" value="8665193408" />
			<column name="create_datetime" valueDate="2014-10-22T23:18:22.565" />
			<column name="status_id" valueNumeric="10501" />
			<column name="entity_id" valueNumeric="1" />
			<column name="deleted" valueNumeric="0" />
			<column name="item_id" valueNumeric="320104" />
			<column name="order_line_id" />
			<column name="notes" value="Bulk Upload" />
			<column name="optlock" valueNumeric="0" />
			<column name="group_id" />
			<column name="provisioning_status" />
			<column name="global" valueBoolean="true" />
		</insert>
		<insert tableName="asset">
			<column name="id" valueNumeric="7693" />
			<column name="identifier" value="8665195102" />
			<column name="create_datetime" valueDate="2014-10-22T23:18:22.572" />
			<column name="status_id" valueNumeric="10501" />
			<column name="entity_id" valueNumeric="1" />
			<column name="deleted" valueNumeric="0" />
			<column name="item_id" valueNumeric="320104" />
			<column name="order_line_id" />
			<column name="notes" value="Bulk Upload" />
			<column name="optlock" valueNumeric="0" />
			<column name="group_id" />
			<column name="provisioning_status" />
			<column name="global" valueBoolean="true" />
		</insert>
		<insert tableName="asset">
			<column name="id" valueNumeric="7694" />
			<column name="identifier" value="8665195104" />
			<column name="create_datetime" valueDate="2014-10-22T23:18:22.579" />
			<column name="status_id" valueNumeric="10501" />
			<column name="entity_id" valueNumeric="1" />
			<column name="deleted" valueNumeric="0" />
			<column name="item_id" valueNumeric="320104" />
			<column name="order_line_id" />
			<column name="notes" value="Bulk Upload" />
			<column name="optlock" valueNumeric="0" />
			<column name="group_id" />
			<column name="provisioning_status" />
			<column name="global" valueBoolean="true" />
		</insert>
		<insert tableName="asset">
			<column name="id" valueNumeric="7695" />
			<column name="identifier" value="8665195110" />
			<column name="create_datetime" valueDate="2014-10-22T23:18:22.585" />
			<column name="status_id" valueNumeric="10501" />
			<column name="entity_id" valueNumeric="1" />
			<column name="deleted" valueNumeric="0" />
			<column name="item_id" valueNumeric="320104" />
			<column name="order_line_id" />
			<column name="notes" value="Bulk Upload" />
			<column name="optlock" valueNumeric="0" />
			<column name="group_id" />
			<column name="provisioning_status" />
			<column name="global" valueBoolean="true" />
		</insert>
		<insert tableName="asset">
			<column name="id" valueNumeric="7696" />
			<column name="identifier" value="8665195142" />
			<column name="create_datetime" valueDate="2014-10-22T23:18:22.606" />
			<column name="status_id" valueNumeric="10501" />
			<column name="entity_id" valueNumeric="1" />
			<column name="deleted" valueNumeric="0" />
			<column name="item_id" valueNumeric="320104" />
			<column name="order_line_id" />
			<column name="notes" value="Bulk Upload" />
			<column name="optlock" valueNumeric="0" />
			<column name="group_id" />
			<column name="provisioning_status" />
			<column name="global" valueBoolean="true" />
		</insert>
		<insert tableName="asset">
			<column name="id" valueNumeric="7697" />
			<column name="identifier" value="8665196303" />
			<column name="create_datetime" valueDate="2014-10-22T23:18:22.618" />
			<column name="status_id" valueNumeric="10501" />
			<column name="entity_id" valueNumeric="1" />
			<column name="deleted" valueNumeric="0" />
			<column name="item_id" valueNumeric="320104" />
			<column name="order_line_id" />
			<column name="notes" value="Bulk Upload" />
			<column name="optlock" valueNumeric="0" />
			<column name="group_id" />
			<column name="provisioning_status" />
			<column name="global" valueBoolean="true" />
		</insert>
		<insert tableName="asset">
			<column name="id" valueNumeric="7698" />
			<column name="identifier" value="8665196304" />
			<column name="create_datetime" valueDate="2014-10-22T23:18:22.629" />
			<column name="status_id" valueNumeric="10501" />
			<column name="entity_id" valueNumeric="1" />
			<column name="deleted" valueNumeric="0" />
			<column name="item_id" valueNumeric="320104" />
			<column name="order_line_id" />
			<column name="notes" value="Bulk Upload" />
			<column name="optlock" valueNumeric="0" />
			<column name="group_id" />
			<column name="provisioning_status" />
			<column name="global" valueBoolean="true" />
		</insert>
		<insert tableName="asset">
			<column name="id" valueNumeric="7699" />
			<column name="identifier" value="8665196307" />
			<column name="create_datetime" valueDate="2014-10-22T23:18:22.636" />
			<column name="status_id" valueNumeric="10501" />
			<column name="entity_id" valueNumeric="1" />
			<column name="deleted" valueNumeric="0" />
			<column name="item_id" valueNumeric="320104" />
			<column name="order_line_id" />
			<column name="notes" value="Bulk Upload" />
			<column name="optlock" valueNumeric="0" />
			<column name="group_id" />
			<column name="provisioning_status" />
			<column name="global" valueBoolean="true" />
		</insert>
		<insert tableName="asset">
			<column name="id" valueNumeric="7700" />
			<column name="identifier" value="8665196310" />
			<column name="create_datetime" valueDate="2014-10-22T23:18:22.653" />
			<column name="status_id" valueNumeric="10501" />
			<column name="entity_id" valueNumeric="1" />
			<column name="deleted" valueNumeric="0" />
			<column name="item_id" valueNumeric="320104" />
			<column name="order_line_id" />
			<column name="notes" value="Bulk Upload" />
			<column name="optlock" valueNumeric="0" />
			<column name="group_id" />
			<column name="provisioning_status" />
			<column name="global" valueBoolean="true" />
		</insert>
		<insert tableName="asset">
			<column name="id" valueNumeric="7701" />
			<column name="identifier" value="8665196311" />
			<column name="create_datetime" valueDate="2014-10-22T23:18:22.671" />
			<column name="status_id" valueNumeric="10501" />
			<column name="entity_id" valueNumeric="1" />
			<column name="deleted" valueNumeric="0" />
			<column name="item_id" valueNumeric="320104" />
			<column name="order_line_id" />
			<column name="notes" value="Bulk Upload" />
			<column name="optlock" valueNumeric="0" />
			<column name="group_id" />
			<column name="provisioning_status" />
			<column name="global" valueBoolean="true" />
		</insert>
		<insert tableName="asset">
			<column name="id" valueNumeric="7702" />
			<column name="identifier" value="8665196313" />
			<column name="create_datetime" valueDate="2014-10-22T23:18:22.743" />
			<column name="status_id" valueNumeric="10501" />
			<column name="entity_id" valueNumeric="1" />
			<column name="deleted" valueNumeric="0" />
			<column name="item_id" valueNumeric="320104" />
			<column name="order_line_id" />
			<column name="notes" value="Bulk Upload" />
			<column name="optlock" valueNumeric="0" />
			<column name="group_id" />
			<column name="provisioning_status" />
			<column name="global" valueBoolean="true" />
		</insert>
		<insert tableName="asset">
			<column name="id" valueNumeric="7703" />
			<column name="identifier" value="8665196316" />
			<column name="create_datetime" valueDate="2014-10-22T23:18:22.754" />
			<column name="status_id" valueNumeric="10501" />
			<column name="entity_id" valueNumeric="1" />
			<column name="deleted" valueNumeric="0" />
			<column name="item_id" valueNumeric="320104" />
			<column name="order_line_id" />
			<column name="notes" value="Bulk Upload" />
			<column name="optlock" valueNumeric="0" />
			<column name="group_id" />
			<column name="provisioning_status" />
			<column name="global" valueBoolean="true" />
		</insert>
		<insert tableName="asset">
			<column name="id" valueNumeric="7704" />
			<column name="identifier" value="8665198414" />
			<column name="create_datetime" valueDate="2014-10-22T23:18:22.775" />
			<column name="status_id" valueNumeric="10501" />
			<column name="entity_id" valueNumeric="1" />
			<column name="deleted" valueNumeric="0" />
			<column name="item_id" valueNumeric="320104" />
			<column name="order_line_id" />
			<column name="notes" value="Bulk Upload" />
			<column name="optlock" valueNumeric="0" />
			<column name="group_id" />
			<column name="provisioning_status" />
			<column name="global" valueBoolean="true" />
		</insert>
		<insert tableName="asset">
			<column name="id" valueNumeric="7705" />
			<column name="identifier" value="8665199238" />
			<column name="create_datetime" valueDate="2014-10-22T23:18:22.793" />
			<column name="status_id" valueNumeric="10501" />
			<column name="entity_id" valueNumeric="1" />
			<column name="deleted" valueNumeric="0" />
			<column name="item_id" valueNumeric="320104" />
			<column name="order_line_id" />
			<column name="notes" value="Bulk Upload" />
			<column name="optlock" valueNumeric="0" />
			<column name="group_id" />
			<column name="provisioning_status" />
			<column name="global" valueBoolean="true" />
		</insert>
		<insert tableName="asset">
			<column name="id" valueNumeric="7706" />
			<column name="identifier" value="8665199240" />
			<column name="create_datetime" valueDate="2014-10-22T23:18:22.924" />
			<column name="status_id" valueNumeric="10501" />
			<column name="entity_id" valueNumeric="1" />
			<column name="deleted" valueNumeric="0" />
			<column name="item_id" valueNumeric="320104" />
			<column name="order_line_id" />
			<column name="notes" value="Bulk Upload" />
			<column name="optlock" valueNumeric="0" />
			<column name="group_id" />
			<column name="provisioning_status" />
			<column name="global" valueBoolean="true" />
		</insert>
		<insert tableName="asset">
			<column name="id" valueNumeric="7707" />
			<column name="identifier" value="8665199244" />
			<column name="create_datetime" valueDate="2014-10-22T23:18:22.932" />
			<column name="status_id" valueNumeric="10501" />
			<column name="entity_id" valueNumeric="1" />
			<column name="deleted" valueNumeric="0" />
			<column name="item_id" valueNumeric="320104" />
			<column name="order_line_id" />
			<column name="notes" value="Bulk Upload" />
			<column name="optlock" valueNumeric="0" />
			<column name="group_id" />
			<column name="provisioning_status" />
			<column name="global" valueBoolean="true" />
		</insert>
		<insert tableName="asset">
			<column name="id" valueNumeric="7708" />
			<column name="identifier" value="8665199245" />
			<column name="create_datetime" valueDate="2014-10-22T23:18:22.944" />
			<column name="status_id" valueNumeric="10501" />
			<column name="entity_id" valueNumeric="1" />
			<column name="deleted" valueNumeric="0" />
			<column name="item_id" valueNumeric="320104" />
			<column name="order_line_id" />
			<column name="notes" value="Bulk Upload" />
			<column name="optlock" valueNumeric="0" />
			<column name="group_id" />
			<column name="provisioning_status" />
			<column name="global" valueBoolean="true" />
		</insert>
		<insert tableName="asset">
			<column name="id" valueNumeric="7709" />
			<column name="identifier" value="8665207616" />
			<column name="create_datetime" valueDate="2014-10-22T23:18:22.963" />
			<column name="status_id" valueNumeric="10501" />
			<column name="entity_id" valueNumeric="1" />
			<column name="deleted" valueNumeric="0" />
			<column name="item_id" valueNumeric="320104" />
			<column name="order_line_id" />
			<column name="notes" value="Bulk Upload" />
			<column name="optlock" valueNumeric="0" />
			<column name="group_id" />
			<column name="provisioning_status" />
			<column name="global" valueBoolean="true" />
		</insert>
		<insert tableName="asset">
			<column name="id" valueNumeric="7710" />
			<column name="identifier" value="8665209806" />
			<column name="create_datetime" valueDate="2014-10-22T23:18:23.19" />
			<column name="status_id" valueNumeric="10501" />
			<column name="entity_id" valueNumeric="1" />
			<column name="deleted" valueNumeric="0" />
			<column name="item_id" valueNumeric="320104" />
			<column name="order_line_id" />
			<column name="notes" value="Bulk Upload" />
			<column name="optlock" valueNumeric="0" />
			<column name="group_id" />
			<column name="provisioning_status" />
			<column name="global" valueBoolean="true" />
		</insert>
		<insert tableName="asset">
			<column name="id" valueNumeric="7711" />
			<column name="identifier" value="8665213818" />
			<column name="create_datetime" valueDate="2014-10-22T23:18:23.48" />
			<column name="status_id" valueNumeric="10501" />
			<column name="entity_id" valueNumeric="1" />
			<column name="deleted" valueNumeric="0" />
			<column name="item_id" valueNumeric="320104" />
			<column name="order_line_id" />
			<column name="notes" value="Bulk Upload" />
			<column name="optlock" valueNumeric="0" />
			<column name="group_id" />
			<column name="provisioning_status" />
			<column name="global" valueBoolean="true" />
		</insert>
		<insert tableName="asset">
			<column name="id" valueNumeric="7712" />
			<column name="identifier" value="8665213820" />
			<column name="create_datetime" valueDate="2014-10-22T23:18:23.121" />
			<column name="status_id" valueNumeric="10501" />
			<column name="entity_id" valueNumeric="1" />
			<column name="deleted" valueNumeric="0" />
			<column name="item_id" valueNumeric="320104" />
			<column name="order_line_id" />
			<column name="notes" value="Bulk Upload" />
			<column name="optlock" valueNumeric="0" />
			<column name="group_id" />
			<column name="provisioning_status" />
			<column name="global" valueBoolean="true" />
		</insert>
		<insert tableName="asset">
			<column name="id" valueNumeric="7713" />
			<column name="identifier" value="8665213823" />
			<column name="create_datetime" valueDate="2014-10-22T23:18:23.149" />
			<column name="status_id" valueNumeric="10501" />
			<column name="entity_id" valueNumeric="1" />
			<column name="deleted" valueNumeric="0" />
			<column name="item_id" valueNumeric="320104" />
			<column name="order_line_id" />
			<column name="notes" value="Bulk Upload" />
			<column name="optlock" valueNumeric="0" />
			<column name="group_id" />
			<column name="provisioning_status" />
			<column name="global" valueBoolean="true" />
		</insert>
		<insert tableName="asset">
			<column name="id" valueNumeric="7714" />
			<column name="identifier" value="8665220898" />
			<column name="create_datetime" valueDate="2014-10-22T23:18:23.176" />
			<column name="status_id" valueNumeric="10501" />
			<column name="entity_id" valueNumeric="1" />
			<column name="deleted" valueNumeric="0" />
			<column name="item_id" valueNumeric="320104" />
			<column name="order_line_id" />
			<column name="notes" value="Bulk Upload" />
			<column name="optlock" valueNumeric="0" />
			<column name="group_id" />
			<column name="provisioning_status" />
			<column name="global" valueBoolean="true" />
		</insert>
		<insert tableName="asset">
			<column name="id" valueNumeric="7715" />
			<column name="identifier" value="8665220903" />
			<column name="create_datetime" valueDate="2014-10-22T23:18:23.222" />
			<column name="status_id" valueNumeric="10501" />
			<column name="entity_id" valueNumeric="1" />
			<column name="deleted" valueNumeric="0" />
			<column name="item_id" valueNumeric="320104" />
			<column name="order_line_id" />
			<column name="notes" value="Bulk Upload" />
			<column name="optlock" valueNumeric="0" />
			<column name="group_id" />
			<column name="provisioning_status" />
			<column name="global" valueBoolean="true" />
		</insert>
		<insert tableName="asset">
			<column name="id" valueNumeric="7716" />
			<column name="identifier" value="8665227642" />
			<column name="create_datetime" valueDate="2014-10-22T23:18:23.242" />
			<column name="status_id" valueNumeric="10501" />
			<column name="entity_id" valueNumeric="1" />
			<column name="deleted" valueNumeric="0" />
			<column name="item_id" valueNumeric="320104" />
			<column name="order_line_id" />
			<column name="notes" value="Bulk Upload" />
			<column name="optlock" valueNumeric="0" />
			<column name="group_id" />
			<column name="provisioning_status" />
			<column name="global" valueBoolean="true" />
		</insert>
		<insert tableName="asset">
			<column name="id" valueNumeric="7717" />
			<column name="identifier" value="8665227773" />
			<column name="create_datetime" valueDate="2014-10-22T23:18:23.249" />
			<column name="status_id" valueNumeric="10501" />
			<column name="entity_id" valueNumeric="1" />
			<column name="deleted" valueNumeric="0" />
			<column name="item_id" valueNumeric="320104" />
			<column name="order_line_id" />
			<column name="notes" value="Bulk Upload" />
			<column name="optlock" valueNumeric="0" />
			<column name="group_id" />
			<column name="provisioning_status" />
			<column name="global" valueBoolean="true" />
		</insert>
		<insert tableName="asset">
			<column name="id" valueNumeric="7718" />
			<column name="identifier" value="8665233111" />
			<column name="create_datetime" valueDate="2014-10-22T23:18:23.263" />
			<column name="status_id" valueNumeric="10501" />
			<column name="entity_id" valueNumeric="1" />
			<column name="deleted" valueNumeric="0" />
			<column name="item_id" valueNumeric="320104" />
			<column name="order_line_id" />
			<column name="notes" value="Bulk Upload" />
			<column name="optlock" valueNumeric="0" />
			<column name="group_id" />
			<column name="provisioning_status" />
			<column name="global" valueBoolean="true" />
		</insert>
		<insert tableName="asset">
			<column name="id" valueNumeric="7719" />
			<column name="identifier" value="8665235618" />
			<column name="create_datetime" valueDate="2014-10-22T23:18:23.297" />
			<column name="status_id" valueNumeric="10501" />
			<column name="entity_id" valueNumeric="1" />
			<column name="deleted" valueNumeric="0" />
			<column name="item_id" valueNumeric="320104" />
			<column name="order_line_id" />
			<column name="notes" value="Bulk Upload" />
			<column name="optlock" valueNumeric="0" />
			<column name="group_id" />
			<column name="provisioning_status" />
			<column name="global" valueBoolean="true" />
		</insert>
		<insert tableName="asset">
			<column name="id" valueNumeric="7720" />
			<column name="identifier" value="8665235621" />
			<column name="create_datetime" valueDate="2014-10-22T23:18:23.316" />
			<column name="status_id" valueNumeric="10501" />
			<column name="entity_id" valueNumeric="1" />
			<column name="deleted" valueNumeric="0" />
			<column name="item_id" valueNumeric="320104" />
			<column name="order_line_id" />
			<column name="notes" value="Bulk Upload" />
			<column name="optlock" valueNumeric="0" />
			<column name="group_id" />
			<column name="provisioning_status" />
			<column name="global" valueBoolean="true" />
		</insert>
		<insert tableName="asset">
			<column name="id" valueNumeric="7721" />
			<column name="identifier" value="8665237379" />
			<column name="create_datetime" valueDate="2014-10-22T23:18:23.355" />
			<column name="status_id" valueNumeric="10501" />
			<column name="entity_id" valueNumeric="1" />
			<column name="deleted" valueNumeric="0" />
			<column name="item_id" valueNumeric="320104" />
			<column name="order_line_id" />
			<column name="notes" value="Bulk Upload" />
			<column name="optlock" valueNumeric="0" />
			<column name="group_id" />
			<column name="provisioning_status" />
			<column name="global" valueBoolean="true" />
		</insert>
		<insert tableName="asset">
			<column name="id" valueNumeric="7722" />
			<column name="identifier" value="8665247322" />
			<column name="create_datetime" valueDate="2014-10-22T23:18:23.362" />
			<column name="status_id" valueNumeric="10501" />
			<column name="entity_id" valueNumeric="1" />
			<column name="deleted" valueNumeric="0" />
			<column name="item_id" valueNumeric="320104" />
			<column name="order_line_id" />
			<column name="notes" value="Bulk Upload" />
			<column name="optlock" valueNumeric="0" />
			<column name="group_id" />
			<column name="provisioning_status" />
			<column name="global" valueBoolean="true" />
		</insert>
		<insert tableName="asset">
			<column name="id" valueNumeric="7723" />
			<column name="identifier" value="8665264521" />
			<column name="create_datetime" valueDate="2014-10-22T23:18:23.398" />
			<column name="status_id" valueNumeric="10501" />
			<column name="entity_id" valueNumeric="1" />
			<column name="deleted" valueNumeric="0" />
			<column name="item_id" valueNumeric="320104" />
			<column name="order_line_id" />
			<column name="notes" value="Bulk Upload" />
			<column name="optlock" valueNumeric="0" />
			<column name="group_id" />
			<column name="provisioning_status" />
			<column name="global" valueBoolean="true" />
		</insert>
		<insert tableName="asset">
			<column name="id" valueNumeric="7724" />
			<column name="identifier" value="8665268171" />
			<column name="create_datetime" valueDate="2014-10-22T23:18:23.405" />
			<column name="status_id" valueNumeric="10501" />
			<column name="entity_id" valueNumeric="1" />
			<column name="deleted" valueNumeric="0" />
			<column name="item_id" valueNumeric="320104" />
			<column name="order_line_id" />
			<column name="notes" value="Bulk Upload" />
			<column name="optlock" valueNumeric="0" />
			<column name="group_id" />
			<column name="provisioning_status" />
			<column name="global" valueBoolean="true" />
		</insert>
		<insert tableName="asset">
			<column name="id" valueNumeric="7725" />
			<column name="identifier" value="8665271497" />
			<column name="create_datetime" valueDate="2014-10-22T23:18:23.425" />
			<column name="status_id" valueNumeric="10501" />
			<column name="entity_id" valueNumeric="1" />
			<column name="deleted" valueNumeric="0" />
			<column name="item_id" valueNumeric="320104" />
			<column name="order_line_id" />
			<column name="notes" value="Bulk Upload" />
			<column name="optlock" valueNumeric="0" />
			<column name="group_id" />
			<column name="provisioning_status" />
			<column name="global" valueBoolean="true" />
		</insert>
		<insert tableName="asset">
			<column name="id" valueNumeric="7726" />
			<column name="identifier" value="8665285443" />
			<column name="create_datetime" valueDate="2014-10-22T23:18:23.433" />
			<column name="status_id" valueNumeric="10501" />
			<column name="entity_id" valueNumeric="1" />
			<column name="deleted" valueNumeric="0" />
			<column name="item_id" valueNumeric="320104" />
			<column name="order_line_id" />
			<column name="notes" value="Bulk Upload" />
			<column name="optlock" valueNumeric="0" />
			<column name="group_id" />
			<column name="provisioning_status" />
			<column name="global" valueBoolean="true" />
		</insert>
		<insert tableName="asset">
			<column name="id" valueNumeric="7727" />
			<column name="identifier" value="8665299836" />
			<column name="create_datetime" valueDate="2014-10-22T23:18:23.448" />
			<column name="status_id" valueNumeric="10501" />
			<column name="entity_id" valueNumeric="1" />
			<column name="deleted" valueNumeric="0" />
			<column name="item_id" valueNumeric="320104" />
			<column name="order_line_id" />
			<column name="notes" value="Bulk Upload" />
			<column name="optlock" valueNumeric="0" />
			<column name="group_id" />
			<column name="provisioning_status" />
			<column name="global" valueBoolean="true" />
		</insert>
		<insert tableName="asset">
			<column name="id" valueNumeric="7728" />
			<column name="identifier" value="8665301517" />
			<column name="create_datetime" valueDate="2014-10-22T23:18:23.465" />
			<column name="status_id" valueNumeric="10501" />
			<column name="entity_id" valueNumeric="1" />
			<column name="deleted" valueNumeric="0" />
			<column name="item_id" valueNumeric="320104" />
			<column name="order_line_id" />
			<column name="notes" value="Bulk Upload" />
			<column name="optlock" valueNumeric="0" />
			<column name="group_id" />
			<column name="provisioning_status" />
			<column name="global" valueBoolean="true" />
		</insert>
		<insert tableName="asset">
			<column name="id" valueNumeric="7729" />
			<column name="identifier" value="8665303246" />
			<column name="create_datetime" valueDate="2014-10-22T23:18:23.481" />
			<column name="status_id" valueNumeric="10501" />
			<column name="entity_id" valueNumeric="1" />
			<column name="deleted" valueNumeric="0" />
			<column name="item_id" valueNumeric="320104" />
			<column name="order_line_id" />
			<column name="notes" value="Bulk Upload" />
			<column name="optlock" valueNumeric="0" />
			<column name="group_id" />
			<column name="provisioning_status" />
			<column name="global" valueBoolean="true" />
		</insert>
		<insert tableName="asset">
			<column name="id" valueNumeric="7730" />
			<column name="identifier" value="8665314829" />
			<column name="create_datetime" valueDate="2014-10-22T23:18:23.494" />
			<column name="status_id" valueNumeric="10501" />
			<column name="entity_id" valueNumeric="1" />
			<column name="deleted" valueNumeric="0" />
			<column name="item_id" valueNumeric="320104" />
			<column name="order_line_id" />
			<column name="notes" value="Bulk Upload" />
			<column name="optlock" valueNumeric="0" />
			<column name="group_id" />
			<column name="provisioning_status" />
			<column name="global" valueBoolean="true" />
		</insert>
		<insert tableName="asset">
			<column name="id" valueNumeric="7731" />
			<column name="identifier" value="8665320832" />
			<column name="create_datetime" valueDate="2014-10-22T23:18:23.536" />
			<column name="status_id" valueNumeric="10501" />
			<column name="entity_id" valueNumeric="1" />
			<column name="deleted" valueNumeric="0" />
			<column name="item_id" valueNumeric="320104" />
			<column name="order_line_id" />
			<column name="notes" value="Bulk Upload" />
			<column name="optlock" valueNumeric="0" />
			<column name="group_id" />
			<column name="provisioning_status" />
			<column name="global" valueBoolean="true" />
		</insert>
		<insert tableName="asset">
			<column name="id" valueNumeric="7732" />
			<column name="identifier" value="8665330936" />
			<column name="create_datetime" valueDate="2014-10-22T23:18:23.543" />
			<column name="status_id" valueNumeric="10501" />
			<column name="entity_id" valueNumeric="1" />
			<column name="deleted" valueNumeric="0" />
			<column name="item_id" valueNumeric="320104" />
			<column name="order_line_id" />
			<column name="notes" value="Bulk Upload" />
			<column name="optlock" valueNumeric="0" />
			<column name="group_id" />
			<column name="provisioning_status" />
			<column name="global" valueBoolean="true" />
		</insert>
		<insert tableName="asset">
			<column name="id" valueNumeric="7733" />
			<column name="identifier" value="8665331171" />
			<column name="create_datetime" valueDate="2014-10-22T23:18:23.549" />
			<column name="status_id" valueNumeric="10501" />
			<column name="entity_id" valueNumeric="1" />
			<column name="deleted" valueNumeric="0" />
			<column name="item_id" valueNumeric="320104" />
			<column name="order_line_id" />
			<column name="notes" value="Bulk Upload" />
			<column name="optlock" valueNumeric="0" />
			<column name="group_id" />
			<column name="provisioning_status" />
			<column name="global" valueBoolean="true" />
		</insert>
		<insert tableName="asset">
			<column name="id" valueNumeric="7734" />
			<column name="identifier" value="8665338102" />
			<column name="create_datetime" valueDate="2014-10-22T23:18:23.570" />
			<column name="status_id" valueNumeric="10501" />
			<column name="entity_id" valueNumeric="1" />
			<column name="deleted" valueNumeric="0" />
			<column name="item_id" valueNumeric="320104" />
			<column name="order_line_id" />
			<column name="notes" value="Bulk Upload" />
			<column name="optlock" valueNumeric="0" />
			<column name="group_id" />
			<column name="provisioning_status" />
			<column name="global" valueBoolean="true" />
		</insert>
		<insert tableName="asset">
			<column name="id" valueNumeric="7735" />
			<column name="identifier" value="8665339930" />
			<column name="create_datetime" valueDate="2014-10-22T23:18:23.577" />
			<column name="status_id" valueNumeric="10501" />
			<column name="entity_id" valueNumeric="1" />
			<column name="deleted" valueNumeric="0" />
			<column name="item_id" valueNumeric="320104" />
			<column name="order_line_id" />
			<column name="notes" value="Bulk Upload" />
			<column name="optlock" valueNumeric="0" />
			<column name="group_id" />
			<column name="provisioning_status" />
			<column name="global" valueBoolean="true" />
		</insert>
		<insert tableName="asset">
			<column name="id" valueNumeric="7736" />
			<column name="identifier" value="8665349348" />
			<column name="create_datetime" valueDate="2014-10-22T23:18:23.631" />
			<column name="status_id" valueNumeric="10501" />
			<column name="entity_id" valueNumeric="1" />
			<column name="deleted" valueNumeric="0" />
			<column name="item_id" valueNumeric="320104" />
			<column name="order_line_id" />
			<column name="notes" value="Bulk Upload" />
			<column name="optlock" valueNumeric="0" />
			<column name="group_id" />
			<column name="provisioning_status" />
			<column name="global" valueBoolean="true" />
		</insert>
		<insert tableName="asset">
			<column name="id" valueNumeric="7737" />
			<column name="identifier" value="8665356340" />
			<column name="create_datetime" valueDate="2014-10-22T23:18:23.642" />
			<column name="status_id" valueNumeric="10501" />
			<column name="entity_id" valueNumeric="1" />
			<column name="deleted" valueNumeric="0" />
			<column name="item_id" valueNumeric="320104" />
			<column name="order_line_id" />
			<column name="notes" value="Bulk Upload" />
			<column name="optlock" valueNumeric="0" />
			<column name="group_id" />
			<column name="provisioning_status" />
			<column name="global" valueBoolean="true" />
		</insert>
		<insert tableName="asset">
			<column name="id" valueNumeric="7738" />
			<column name="identifier" value="8665361374" />
			<column name="create_datetime" valueDate="2014-10-22T23:18:23.764" />
			<column name="status_id" valueNumeric="10501" />
			<column name="entity_id" valueNumeric="1" />
			<column name="deleted" valueNumeric="0" />
			<column name="item_id" valueNumeric="320104" />
			<column name="order_line_id" />
			<column name="notes" value="Bulk Upload" />
			<column name="optlock" valueNumeric="0" />
			<column name="group_id" />
			<column name="provisioning_status" />
			<column name="global" valueBoolean="true" />
		</insert>
		<insert tableName="asset">
			<column name="id" valueNumeric="7739" />
			<column name="identifier" value="8665370394" />
			<column name="create_datetime" valueDate="2014-10-22T23:18:23.808" />
			<column name="status_id" valueNumeric="10501" />
			<column name="entity_id" valueNumeric="1" />
			<column name="deleted" valueNumeric="0" />
			<column name="item_id" valueNumeric="320104" />
			<column name="order_line_id" />
			<column name="notes" value="Bulk Upload" />
			<column name="optlock" valueNumeric="0" />
			<column name="group_id" />
			<column name="provisioning_status" />
			<column name="global" valueBoolean="true" />
		</insert>
		<insert tableName="asset">
			<column name="id" valueNumeric="7740" />
			<column name="identifier" value="8665400981" />
			<column name="create_datetime" valueDate="2014-10-22T23:18:23.859" />
			<column name="status_id" valueNumeric="10501" />
			<column name="entity_id" valueNumeric="1" />
			<column name="deleted" valueNumeric="0" />
			<column name="item_id" valueNumeric="320104" />
			<column name="order_line_id" />
			<column name="notes" value="Bulk Upload" />
			<column name="optlock" valueNumeric="0" />
			<column name="group_id" />
			<column name="provisioning_status" />
			<column name="global" valueBoolean="true" />
		</insert>
		<insert tableName="asset">
			<column name="id" valueNumeric="7741" />
			<column name="identifier" value="8665405418" />
			<column name="create_datetime" valueDate="2014-10-22T23:18:23.868" />
			<column name="status_id" valueNumeric="10501" />
			<column name="entity_id" valueNumeric="1" />
			<column name="deleted" valueNumeric="0" />
			<column name="item_id" valueNumeric="320104" />
			<column name="order_line_id" />
			<column name="notes" value="Bulk Upload" />
			<column name="optlock" valueNumeric="0" />
			<column name="group_id" />
			<column name="provisioning_status" />
			<column name="global" valueBoolean="true" />
		</insert>
		<insert tableName="asset">
			<column name="id" valueNumeric="7742" />
			<column name="identifier" value="8665407342" />
			<column name="create_datetime" valueDate="2014-10-22T23:18:23.886" />
			<column name="status_id" valueNumeric="10501" />
			<column name="entity_id" valueNumeric="1" />
			<column name="deleted" valueNumeric="0" />
			<column name="item_id" valueNumeric="320104" />
			<column name="order_line_id" />
			<column name="notes" value="Bulk Upload" />
			<column name="optlock" valueNumeric="0" />
			<column name="group_id" />
			<column name="provisioning_status" />
			<column name="global" valueBoolean="true" />
		</insert>
		<insert tableName="asset">
			<column name="id" valueNumeric="7743" />
			<column name="identifier" value="8665407991" />
			<column name="create_datetime" valueDate="2014-10-22T23:18:23.943" />
			<column name="status_id" valueNumeric="10501" />
			<column name="entity_id" valueNumeric="1" />
			<column name="deleted" valueNumeric="0" />
			<column name="item_id" valueNumeric="320104" />
			<column name="order_line_id" />
			<column name="notes" value="Bulk Upload" />
			<column name="optlock" valueNumeric="0" />
			<column name="group_id" />
			<column name="provisioning_status" />
			<column name="global" valueBoolean="true" />
		</insert>
		<insert tableName="asset">
			<column name="id" valueNumeric="7744" />
			<column name="identifier" value="8665411427" />
			<column name="create_datetime" valueDate="2014-10-22T23:18:23.968" />
			<column name="status_id" valueNumeric="10501" />
			<column name="entity_id" valueNumeric="1" />
			<column name="deleted" valueNumeric="0" />
			<column name="item_id" valueNumeric="320104" />
			<column name="order_line_id" />
			<column name="notes" value="Bulk Upload" />
			<column name="optlock" valueNumeric="0" />
			<column name="group_id" />
			<column name="provisioning_status" />
			<column name="global" valueBoolean="true" />
		</insert>
		<insert tableName="asset">
			<column name="id" valueNumeric="7745" />
			<column name="identifier" value="8665416365" />
			<column name="create_datetime" valueDate="2014-10-22T23:18:23.999" />
			<column name="status_id" valueNumeric="10501" />
			<column name="entity_id" valueNumeric="1" />
			<column name="deleted" valueNumeric="0" />
			<column name="item_id" valueNumeric="320104" />
			<column name="order_line_id" />
			<column name="notes" value="Bulk Upload" />
			<column name="optlock" valueNumeric="0" />
			<column name="group_id" />
			<column name="provisioning_status" />
			<column name="global" valueBoolean="true" />
		</insert>
		<insert tableName="asset">
			<column name="id" valueNumeric="7746" />
			<column name="identifier" value="8665416497" />
			<column name="create_datetime" valueDate="2014-10-22T23:18:24.18" />
			<column name="status_id" valueNumeric="10501" />
			<column name="entity_id" valueNumeric="1" />
			<column name="deleted" valueNumeric="0" />
			<column name="item_id" valueNumeric="320104" />
			<column name="order_line_id" />
			<column name="notes" value="Bulk Upload" />
			<column name="optlock" valueNumeric="0" />
			<column name="group_id" />
			<column name="provisioning_status" />
			<column name="global" valueBoolean="true" />
		</insert>
		<insert tableName="asset">
			<column name="id" valueNumeric="7747" />
			<column name="identifier" value="8665424008" />
			<column name="create_datetime" valueDate="2014-10-22T23:18:24.39" />
			<column name="status_id" valueNumeric="10501" />
			<column name="entity_id" valueNumeric="1" />
			<column name="deleted" valueNumeric="0" />
			<column name="item_id" valueNumeric="320104" />
			<column name="order_line_id" />
			<column name="notes" value="Bulk Upload" />
			<column name="optlock" valueNumeric="0" />
			<column name="group_id" />
			<column name="provisioning_status" />
			<column name="global" valueBoolean="true" />
		</insert>
		<insert tableName="asset">
			<column name="id" valueNumeric="7748" />
			<column name="identifier" value="8665431842" />
			<column name="create_datetime" valueDate="2014-10-22T23:18:24.46" />
			<column name="status_id" valueNumeric="10501" />
			<column name="entity_id" valueNumeric="1" />
			<column name="deleted" valueNumeric="0" />
			<column name="item_id" valueNumeric="320104" />
			<column name="order_line_id" />
			<column name="notes" value="Bulk Upload" />
			<column name="optlock" valueNumeric="0" />
			<column name="group_id" />
			<column name="provisioning_status" />
			<column name="global" valueBoolean="true" />
		</insert>
		<insert tableName="asset">
			<column name="id" valueNumeric="7749" />
			<column name="identifier" value="8665442639" />
			<column name="create_datetime" valueDate="2014-10-22T23:18:24.98" />
			<column name="status_id" valueNumeric="10501" />
			<column name="entity_id" valueNumeric="1" />
			<column name="deleted" valueNumeric="0" />
			<column name="item_id" valueNumeric="320104" />
			<column name="order_line_id" />
			<column name="notes" value="Bulk Upload" />
			<column name="optlock" valueNumeric="0" />
			<column name="group_id" />
			<column name="provisioning_status" />
			<column name="global" valueBoolean="true" />
		</insert>
		<insert tableName="asset">
			<column name="id" valueNumeric="7750" />
			<column name="identifier" value="8665444073" />
			<column name="create_datetime" valueDate="2014-10-22T23:18:24.110" />
			<column name="status_id" valueNumeric="10501" />
			<column name="entity_id" valueNumeric="1" />
			<column name="deleted" valueNumeric="0" />
			<column name="item_id" valueNumeric="320104" />
			<column name="order_line_id" />
			<column name="notes" value="Bulk Upload" />
			<column name="optlock" valueNumeric="0" />
			<column name="group_id" />
			<column name="provisioning_status" />
			<column name="global" valueBoolean="true" />
		</insert>
		<insert tableName="asset">
			<column name="id" valueNumeric="7751" />
			<column name="identifier" value="8665454441" />
			<column name="create_datetime" valueDate="2014-10-22T23:18:24.138" />
			<column name="status_id" valueNumeric="10501" />
			<column name="entity_id" valueNumeric="1" />
			<column name="deleted" valueNumeric="0" />
			<column name="item_id" valueNumeric="320104" />
			<column name="order_line_id" />
			<column name="notes" value="Bulk Upload" />
			<column name="optlock" valueNumeric="0" />
			<column name="group_id" />
			<column name="provisioning_status" />
			<column name="global" valueBoolean="true" />
		</insert>
		<insert tableName="asset">
			<column name="id" valueNumeric="7752" />
			<column name="identifier" value="8665455744" />
			<column name="create_datetime" valueDate="2014-10-22T23:18:24.181" />
			<column name="status_id" valueNumeric="10501" />
			<column name="entity_id" valueNumeric="1" />
			<column name="deleted" valueNumeric="0" />
			<column name="item_id" valueNumeric="320104" />
			<column name="order_line_id" />
			<column name="notes" value="Bulk Upload" />
			<column name="optlock" valueNumeric="0" />
			<column name="group_id" />
			<column name="provisioning_status" />
			<column name="global" valueBoolean="true" />
		</insert>
		<insert tableName="asset">
			<column name="id" valueNumeric="7753" />
			<column name="identifier" value="8665469357" />
			<column name="create_datetime" valueDate="2014-10-22T23:18:24.236" />
			<column name="status_id" valueNumeric="10501" />
			<column name="entity_id" valueNumeric="1" />
			<column name="deleted" valueNumeric="0" />
			<column name="item_id" valueNumeric="320104" />
			<column name="order_line_id" />
			<column name="notes" value="Bulk Upload" />
			<column name="optlock" valueNumeric="0" />
			<column name="group_id" />
			<column name="provisioning_status" />
			<column name="global" valueBoolean="true" />
		</insert>
		<insert tableName="asset">
			<column name="id" valueNumeric="7754" />
			<column name="identifier" value="8665481801" />
			<column name="create_datetime" valueDate="2014-10-22T23:18:24.283" />
			<column name="status_id" valueNumeric="10501" />
			<column name="entity_id" valueNumeric="1" />
			<column name="deleted" valueNumeric="0" />
			<column name="item_id" valueNumeric="320104" />
			<column name="order_line_id" />
			<column name="notes" value="Bulk Upload" />
			<column name="optlock" valueNumeric="0" />
			<column name="group_id" />
			<column name="provisioning_status" />
			<column name="global" valueBoolean="true" />
		</insert>
		<insert tableName="asset">
			<column name="id" valueNumeric="7755" />
			<column name="identifier" value="8665486516" />
			<column name="create_datetime" valueDate="2014-10-22T23:18:24.303" />
			<column name="status_id" valueNumeric="10501" />
			<column name="entity_id" valueNumeric="1" />
			<column name="deleted" valueNumeric="0" />
			<column name="item_id" valueNumeric="320104" />
			<column name="order_line_id" />
			<column name="notes" value="Bulk Upload" />
			<column name="optlock" valueNumeric="0" />
			<column name="group_id" />
			<column name="provisioning_status" />
			<column name="global" valueBoolean="true" />
		</insert>
		<insert tableName="asset">
			<column name="id" valueNumeric="7756" />
			<column name="identifier" value="8665487417" />
			<column name="create_datetime" valueDate="2014-10-22T23:18:24.343" />
			<column name="status_id" valueNumeric="10501" />
			<column name="entity_id" valueNumeric="1" />
			<column name="deleted" valueNumeric="0" />
			<column name="item_id" valueNumeric="320104" />
			<column name="order_line_id" />
			<column name="notes" value="Bulk Upload" />
			<column name="optlock" valueNumeric="0" />
			<column name="group_id" />
			<column name="provisioning_status" />
			<column name="global" valueBoolean="true" />
		</insert>
		<insert tableName="asset">
			<column name="id" valueNumeric="7757" />
			<column name="identifier" value="8665498761" />
			<column name="create_datetime" valueDate="2014-10-22T23:18:24.435" />
			<column name="status_id" valueNumeric="10501" />
			<column name="entity_id" valueNumeric="1" />
			<column name="deleted" valueNumeric="0" />
			<column name="item_id" valueNumeric="320104" />
			<column name="order_line_id" />
			<column name="notes" value="Bulk Upload" />
			<column name="optlock" valueNumeric="0" />
			<column name="group_id" />
			<column name="provisioning_status" />
			<column name="global" valueBoolean="true" />
		</insert>
		<insert tableName="asset">
			<column name="id" valueNumeric="7758" />
			<column name="identifier" value="8665504853" />
			<column name="create_datetime" valueDate="2014-10-22T23:18:24.471" />
			<column name="status_id" valueNumeric="10501" />
			<column name="entity_id" valueNumeric="1" />
			<column name="deleted" valueNumeric="0" />
			<column name="item_id" valueNumeric="320104" />
			<column name="order_line_id" />
			<column name="notes" value="Bulk Upload" />
			<column name="optlock" valueNumeric="0" />
			<column name="group_id" />
			<column name="provisioning_status" />
			<column name="global" valueBoolean="true" />
		</insert>
		<insert tableName="asset">
			<column name="id" valueNumeric="7759" />
			<column name="identifier" value="8665504899" />
			<column name="create_datetime" valueDate="2014-10-22T23:18:24.487" />
			<column name="status_id" valueNumeric="10501" />
			<column name="entity_id" valueNumeric="1" />
			<column name="deleted" valueNumeric="0" />
			<column name="item_id" valueNumeric="320104" />
			<column name="order_line_id" />
			<column name="notes" value="Bulk Upload" />
			<column name="optlock" valueNumeric="0" />
			<column name="group_id" />
			<column name="provisioning_status" />
			<column name="global" valueBoolean="true" />
		</insert>
		<insert tableName="asset">
			<column name="id" valueNumeric="7760" />
			<column name="identifier" value="8665507006" />
			<column name="create_datetime" valueDate="2014-10-22T23:18:24.493" />
			<column name="status_id" valueNumeric="10501" />
			<column name="entity_id" valueNumeric="1" />
			<column name="deleted" valueNumeric="0" />
			<column name="item_id" valueNumeric="320104" />
			<column name="order_line_id" />
			<column name="notes" value="Bulk Upload" />
			<column name="optlock" valueNumeric="0" />
			<column name="group_id" />
			<column name="provisioning_status" />
			<column name="global" valueBoolean="true" />
		</insert>
		<insert tableName="asset">
			<column name="id" valueNumeric="7761" />
			<column name="identifier" value="8665508674" />
			<column name="create_datetime" valueDate="2014-10-22T23:18:24.514" />
			<column name="status_id" valueNumeric="10501" />
			<column name="entity_id" valueNumeric="1" />
			<column name="deleted" valueNumeric="0" />
			<column name="item_id" valueNumeric="320104" />
			<column name="order_line_id" />
			<column name="notes" value="Bulk Upload" />
			<column name="optlock" valueNumeric="0" />
			<column name="group_id" />
			<column name="provisioning_status" />
			<column name="global" valueBoolean="true" />
		</insert>
		<insert tableName="asset">
			<column name="id" valueNumeric="7762" />
			<column name="identifier" value="8665508678" />
			<column name="create_datetime" valueDate="2014-10-22T23:18:24.525" />
			<column name="status_id" valueNumeric="10501" />
			<column name="entity_id" valueNumeric="1" />
			<column name="deleted" valueNumeric="0" />
			<column name="item_id" valueNumeric="320104" />
			<column name="order_line_id" />
			<column name="notes" value="Bulk Upload" />
			<column name="optlock" valueNumeric="0" />
			<column name="group_id" />
			<column name="provisioning_status" />
			<column name="global" valueBoolean="true" />
		</insert>
		<insert tableName="asset">
			<column name="id" valueNumeric="7763" />
			<column name="identifier" value="8665511224" />
			<column name="create_datetime" valueDate="2014-10-22T23:18:24.531" />
			<column name="status_id" valueNumeric="10501" />
			<column name="entity_id" valueNumeric="1" />
			<column name="deleted" valueNumeric="0" />
			<column name="item_id" valueNumeric="320104" />
			<column name="order_line_id" />
			<column name="notes" value="Bulk Upload" />
			<column name="optlock" valueNumeric="0" />
			<column name="group_id" />
			<column name="provisioning_status" />
			<column name="global" valueBoolean="true" />
		</insert>
		<insert tableName="asset">
			<column name="id" valueNumeric="7764" />
			<column name="identifier" value="8665516802" />
			<column name="create_datetime" valueDate="2014-10-22T23:18:24.538" />
			<column name="status_id" valueNumeric="10501" />
			<column name="entity_id" valueNumeric="1" />
			<column name="deleted" valueNumeric="0" />
			<column name="item_id" valueNumeric="320104" />
			<column name="order_line_id" />
			<column name="notes" value="Bulk Upload" />
			<column name="optlock" valueNumeric="0" />
			<column name="group_id" />
			<column name="provisioning_status" />
			<column name="global" valueBoolean="true" />
		</insert>
		<insert tableName="asset">
			<column name="id" valueNumeric="7765" />
			<column name="identifier" value="8665536004" />
			<column name="create_datetime" valueDate="2014-10-22T23:18:24.638" />
			<column name="status_id" valueNumeric="10501" />
			<column name="entity_id" valueNumeric="1" />
			<column name="deleted" valueNumeric="0" />
			<column name="item_id" valueNumeric="320104" />
			<column name="order_line_id" />
			<column name="notes" value="Bulk Upload" />
			<column name="optlock" valueNumeric="0" />
			<column name="group_id" />
			<column name="provisioning_status" />
			<column name="global" valueBoolean="true" />
		</insert>
		<insert tableName="asset">
			<column name="id" valueNumeric="7766" />
			<column name="identifier" value="8665545189" />
			<column name="create_datetime" valueDate="2014-10-22T23:18:24.652" />
			<column name="status_id" valueNumeric="10501" />
			<column name="entity_id" valueNumeric="1" />
			<column name="deleted" valueNumeric="0" />
			<column name="item_id" valueNumeric="320104" />
			<column name="order_line_id" />
			<column name="notes" value="Bulk Upload" />
			<column name="optlock" valueNumeric="0" />
			<column name="group_id" />
			<column name="provisioning_status" />
			<column name="global" valueBoolean="true" />
		</insert>
		<insert tableName="asset">
			<column name="id" valueNumeric="7767" />
			<column name="identifier" value="8665546420" />
			<column name="create_datetime" valueDate="2014-10-22T23:18:24.692" />
			<column name="status_id" valueNumeric="10501" />
			<column name="entity_id" valueNumeric="1" />
			<column name="deleted" valueNumeric="0" />
			<column name="item_id" valueNumeric="320104" />
			<column name="order_line_id" />
			<column name="notes" value="Bulk Upload" />
			<column name="optlock" valueNumeric="0" />
			<column name="group_id" />
			<column name="provisioning_status" />
			<column name="global" valueBoolean="true" />
		</insert>
		<insert tableName="asset">
			<column name="id" valueNumeric="7768" />
			<column name="identifier" value="8665561288" />
			<column name="create_datetime" valueDate="2014-10-22T23:18:24.726" />
			<column name="status_id" valueNumeric="10501" />
			<column name="entity_id" valueNumeric="1" />
			<column name="deleted" valueNumeric="0" />
			<column name="item_id" valueNumeric="320104" />
			<column name="order_line_id" />
			<column name="notes" value="Bulk Upload" />
			<column name="optlock" valueNumeric="0" />
			<column name="group_id" />
			<column name="provisioning_status" />
			<column name="global" valueBoolean="true" />
		</insert>
		<insert tableName="asset">
			<column name="id" valueNumeric="7769" />
			<column name="identifier" value="8665562784" />
			<column name="create_datetime" valueDate="2014-10-22T23:18:24.734" />
			<column name="status_id" valueNumeric="10501" />
			<column name="entity_id" valueNumeric="1" />
			<column name="deleted" valueNumeric="0" />
			<column name="item_id" valueNumeric="320104" />
			<column name="order_line_id" />
			<column name="notes" value="Bulk Upload" />
			<column name="optlock" valueNumeric="0" />
			<column name="group_id" />
			<column name="provisioning_status" />
			<column name="global" valueBoolean="true" />
		</insert>
		<insert tableName="asset">
			<column name="id" valueNumeric="7770" />
			<column name="identifier" value="8665563176" />
			<column name="create_datetime" valueDate="2014-10-22T23:18:24.745" />
			<column name="status_id" valueNumeric="10501" />
			<column name="entity_id" valueNumeric="1" />
			<column name="deleted" valueNumeric="0" />
			<column name="item_id" valueNumeric="320104" />
			<column name="order_line_id" />
			<column name="notes" value="Bulk Upload" />
			<column name="optlock" valueNumeric="0" />
			<column name="group_id" />
			<column name="provisioning_status" />
			<column name="global" valueBoolean="true" />
		</insert>
		<insert tableName="asset">
			<column name="id" valueNumeric="7771" />
			<column name="identifier" value="8665563211" />
			<column name="create_datetime" valueDate="2014-10-22T23:18:24.775" />
			<column name="status_id" valueNumeric="10501" />
			<column name="entity_id" valueNumeric="1" />
			<column name="deleted" valueNumeric="0" />
			<column name="item_id" valueNumeric="320104" />
			<column name="order_line_id" />
			<column name="notes" value="Bulk Upload" />
			<column name="optlock" valueNumeric="0" />
			<column name="group_id" />
			<column name="provisioning_status" />
			<column name="global" valueBoolean="true" />
		</insert>
		<insert tableName="asset">
			<column name="id" valueNumeric="7772" />
			<column name="identifier" value="8665571492" />
			<column name="create_datetime" valueDate="2014-10-22T23:18:24.784" />
			<column name="status_id" valueNumeric="10501" />
			<column name="entity_id" valueNumeric="1" />
			<column name="deleted" valueNumeric="0" />
			<column name="item_id" valueNumeric="320104" />
			<column name="order_line_id" />
			<column name="notes" value="Bulk Upload" />
			<column name="optlock" valueNumeric="0" />
			<column name="group_id" />
			<column name="provisioning_status" />
			<column name="global" valueBoolean="true" />
		</insert>
		<insert tableName="asset">
			<column name="id" valueNumeric="7773" />
			<column name="identifier" value="8665575330" />
			<column name="create_datetime" valueDate="2014-10-22T23:18:24.803" />
			<column name="status_id" valueNumeric="10501" />
			<column name="entity_id" valueNumeric="1" />
			<column name="deleted" valueNumeric="0" />
			<column name="item_id" valueNumeric="320104" />
			<column name="order_line_id" />
			<column name="notes" value="Bulk Upload" />
			<column name="optlock" valueNumeric="0" />
			<column name="group_id" />
			<column name="provisioning_status" />
			<column name="global" valueBoolean="true" />
		</insert>
		<insert tableName="asset">
			<column name="id" valueNumeric="7774" />
			<column name="identifier" value="8665582237" />
			<column name="create_datetime" valueDate="2014-10-22T23:18:24.813" />
			<column name="status_id" valueNumeric="10501" />
			<column name="entity_id" valueNumeric="1" />
			<column name="deleted" valueNumeric="0" />
			<column name="item_id" valueNumeric="320104" />
			<column name="order_line_id" />
			<column name="notes" value="Bulk Upload" />
			<column name="optlock" valueNumeric="0" />
			<column name="group_id" />
			<column name="provisioning_status" />
			<column name="global" valueBoolean="true" />
		</insert>
		<insert tableName="asset">
			<column name="id" valueNumeric="7775" />
			<column name="identifier" value="8665582842" />
			<column name="create_datetime" valueDate="2014-10-22T23:18:24.901" />
			<column name="status_id" valueNumeric="10501" />
			<column name="entity_id" valueNumeric="1" />
			<column name="deleted" valueNumeric="0" />
			<column name="item_id" valueNumeric="320104" />
			<column name="order_line_id" />
			<column name="notes" value="Bulk Upload" />
			<column name="optlock" valueNumeric="0" />
			<column name="group_id" />
			<column name="provisioning_status" />
			<column name="global" valueBoolean="true" />
		</insert>
		<insert tableName="asset">
			<column name="id" valueNumeric="7776" />
			<column name="identifier" value="8665610747" />
			<column name="create_datetime" valueDate="2014-10-22T23:18:24.909" />
			<column name="status_id" valueNumeric="10501" />
			<column name="entity_id" valueNumeric="1" />
			<column name="deleted" valueNumeric="0" />
			<column name="item_id" valueNumeric="320104" />
			<column name="order_line_id" />
			<column name="notes" value="Bulk Upload" />
			<column name="optlock" valueNumeric="0" />
			<column name="group_id" />
			<column name="provisioning_status" />
			<column name="global" valueBoolean="true" />
		</insert>
		<insert tableName="asset">
			<column name="id" valueNumeric="7777" />
			<column name="identifier" value="8665611722" />
			<column name="create_datetime" valueDate="2014-10-22T23:18:24.979" />
			<column name="status_id" valueNumeric="10501" />
			<column name="entity_id" valueNumeric="1" />
			<column name="deleted" valueNumeric="0" />
			<column name="item_id" valueNumeric="320104" />
			<column name="order_line_id" />
			<column name="notes" value="Bulk Upload" />
			<column name="optlock" valueNumeric="0" />
			<column name="group_id" />
			<column name="provisioning_status" />
			<column name="global" valueBoolean="true" />
		</insert>
		<insert tableName="asset">
			<column name="id" valueNumeric="7778" />
			<column name="identifier" value="8665618048" />
			<column name="create_datetime" valueDate="2014-10-22T23:18:24.998" />
			<column name="status_id" valueNumeric="10501" />
			<column name="entity_id" valueNumeric="1" />
			<column name="deleted" valueNumeric="0" />
			<column name="item_id" valueNumeric="320104" />
			<column name="order_line_id" />
			<column name="notes" value="Bulk Upload" />
			<column name="optlock" valueNumeric="0" />
			<column name="group_id" />
			<column name="provisioning_status" />
			<column name="global" valueBoolean="true" />
		</insert>
		<insert tableName="asset">
			<column name="id" valueNumeric="7779" />
			<column name="identifier" value="8665621577" />
			<column name="create_datetime" valueDate="2014-10-22T23:18:25.86" />
			<column name="status_id" valueNumeric="10501" />
			<column name="entity_id" valueNumeric="1" />
			<column name="deleted" valueNumeric="0" />
			<column name="item_id" valueNumeric="320104" />
			<column name="order_line_id" />
			<column name="notes" value="Bulk Upload" />
			<column name="optlock" valueNumeric="0" />
			<column name="group_id" />
			<column name="provisioning_status" />
			<column name="global" valueBoolean="true" />
		</insert>
		<insert tableName="asset">
			<column name="id" valueNumeric="7780" />
			<column name="identifier" value="8665628607" />
			<column name="create_datetime" valueDate="2014-10-22T23:18:25.240" />
			<column name="status_id" valueNumeric="10501" />
			<column name="entity_id" valueNumeric="1" />
			<column name="deleted" valueNumeric="0" />
			<column name="item_id" valueNumeric="320104" />
			<column name="order_line_id" />
			<column name="notes" value="Bulk Upload" />
			<column name="optlock" valueNumeric="0" />
			<column name="group_id" />
			<column name="provisioning_status" />
			<column name="global" valueBoolean="true" />
		</insert>
		<insert tableName="asset">
			<column name="id" valueNumeric="7781" />
			<column name="identifier" value="8665631347" />
			<column name="create_datetime" valueDate="2014-10-22T23:18:25.280" />
			<column name="status_id" valueNumeric="10501" />
			<column name="entity_id" valueNumeric="1" />
			<column name="deleted" valueNumeric="0" />
			<column name="item_id" valueNumeric="320104" />
			<column name="order_line_id" />
			<column name="notes" value="Bulk Upload" />
			<column name="optlock" valueNumeric="0" />
			<column name="group_id" />
			<column name="provisioning_status" />
			<column name="global" valueBoolean="true" />
		</insert>
		<insert tableName="asset">
			<column name="id" valueNumeric="7782" />
			<column name="identifier" value="8665653444" />
			<column name="create_datetime" valueDate="2014-10-22T23:18:25.303" />
			<column name="status_id" valueNumeric="10501" />
			<column name="entity_id" valueNumeric="1" />
			<column name="deleted" valueNumeric="0" />
			<column name="item_id" valueNumeric="320104" />
			<column name="order_line_id" />
			<column name="notes" value="Bulk Upload" />
			<column name="optlock" valueNumeric="0" />
			<column name="group_id" />
			<column name="provisioning_status" />
			<column name="global" valueBoolean="true" />
		</insert>
		<insert tableName="asset">
			<column name="id" valueNumeric="7783" />
			<column name="identifier" value="8665657607" />
			<column name="create_datetime" valueDate="2014-10-22T23:18:25.334" />
			<column name="status_id" valueNumeric="10501" />
			<column name="entity_id" valueNumeric="1" />
			<column name="deleted" valueNumeric="0" />
			<column name="item_id" valueNumeric="320104" />
			<column name="order_line_id" />
			<column name="notes" value="Bulk Upload" />
			<column name="optlock" valueNumeric="0" />
			<column name="group_id" />
			<column name="provisioning_status" />
			<column name="global" valueBoolean="true" />
		</insert>
		<insert tableName="asset">
			<column name="id" valueNumeric="7784" />
			<column name="identifier" value="8665658675" />
			<column name="create_datetime" valueDate="2014-10-22T23:18:25.340" />
			<column name="status_id" valueNumeric="10501" />
			<column name="entity_id" valueNumeric="1" />
			<column name="deleted" valueNumeric="0" />
			<column name="item_id" valueNumeric="320104" />
			<column name="order_line_id" />
			<column name="notes" value="Bulk Upload" />
			<column name="optlock" valueNumeric="0" />
			<column name="group_id" />
			<column name="provisioning_status" />
			<column name="global" valueBoolean="true" />
		</insert>
		<insert tableName="asset">
			<column name="id" valueNumeric="7785" />
			<column name="identifier" value="8665687358" />
			<column name="create_datetime" valueDate="2014-10-22T23:18:25.366" />
			<column name="status_id" valueNumeric="10501" />
			<column name="entity_id" valueNumeric="1" />
			<column name="deleted" valueNumeric="0" />
			<column name="item_id" valueNumeric="320104" />
			<column name="order_line_id" />
			<column name="notes" value="Bulk Upload" />
			<column name="optlock" valueNumeric="0" />
			<column name="group_id" />
			<column name="provisioning_status" />
			<column name="global" valueBoolean="true" />
		</insert>
		<insert tableName="asset">
			<column name="id" valueNumeric="7786" />
			<column name="identifier" value="8665687809" />
			<column name="create_datetime" valueDate="2014-10-22T23:18:25.382" />
			<column name="status_id" valueNumeric="10501" />
			<column name="entity_id" valueNumeric="1" />
			<column name="deleted" valueNumeric="0" />
			<column name="item_id" valueNumeric="320104" />
			<column name="order_line_id" />
			<column name="notes" value="Bulk Upload" />
			<column name="optlock" valueNumeric="0" />
			<column name="group_id" />
			<column name="provisioning_status" />
			<column name="global" valueBoolean="true" />
		</insert>
		<insert tableName="asset">
			<column name="id" valueNumeric="7787" />
			<column name="identifier" value="8665689671" />
			<column name="create_datetime" valueDate="2014-10-22T23:18:25.406" />
			<column name="status_id" valueNumeric="10501" />
			<column name="entity_id" valueNumeric="1" />
			<column name="deleted" valueNumeric="0" />
			<column name="item_id" valueNumeric="320104" />
			<column name="order_line_id" />
			<column name="notes" value="Bulk Upload" />
			<column name="optlock" valueNumeric="0" />
			<column name="group_id" />
			<column name="provisioning_status" />
			<column name="global" valueBoolean="true" />
		</insert>
		<insert tableName="asset">
			<column name="id" valueNumeric="7788" />
			<column name="identifier" value="8665691285" />
			<column name="create_datetime" valueDate="2014-10-22T23:18:25.425" />
			<column name="status_id" valueNumeric="10501" />
			<column name="entity_id" valueNumeric="1" />
			<column name="deleted" valueNumeric="0" />
			<column name="item_id" valueNumeric="320104" />
			<column name="order_line_id" />
			<column name="notes" value="Bulk Upload" />
			<column name="optlock" valueNumeric="0" />
			<column name="group_id" />
			<column name="provisioning_status" />
			<column name="global" valueBoolean="true" />
		</insert>
		<insert tableName="asset">
			<column name="id" valueNumeric="7789" />
			<column name="identifier" value="8665708301" />
			<column name="create_datetime" valueDate="2014-10-22T23:18:25.478" />
			<column name="status_id" valueNumeric="10501" />
			<column name="entity_id" valueNumeric="1" />
			<column name="deleted" valueNumeric="0" />
			<column name="item_id" valueNumeric="320104" />
			<column name="order_line_id" />
			<column name="notes" value="Bulk Upload" />
			<column name="optlock" valueNumeric="0" />
			<column name="group_id" />
			<column name="provisioning_status" />
			<column name="global" valueBoolean="true" />
		</insert>
		<insert tableName="asset">
			<column name="id" valueNumeric="7790" />
			<column name="identifier" value="8665722084" />
			<column name="create_datetime" valueDate="2014-10-22T23:18:25.499" />
			<column name="status_id" valueNumeric="10501" />
			<column name="entity_id" valueNumeric="1" />
			<column name="deleted" valueNumeric="0" />
			<column name="item_id" valueNumeric="320104" />
			<column name="order_line_id" />
			<column name="notes" value="Bulk Upload" />
			<column name="optlock" valueNumeric="0" />
			<column name="group_id" />
			<column name="provisioning_status" />
			<column name="global" valueBoolean="true" />
		</insert>
		<insert tableName="asset">
			<column name="id" valueNumeric="7791" />
			<column name="identifier" value="8665722462" />
			<column name="create_datetime" valueDate="2014-10-22T23:18:25.550" />
			<column name="status_id" valueNumeric="10501" />
			<column name="entity_id" valueNumeric="1" />
			<column name="deleted" valueNumeric="0" />
			<column name="item_id" valueNumeric="320104" />
			<column name="order_line_id" />
			<column name="notes" value="Bulk Upload" />
			<column name="optlock" valueNumeric="0" />
			<column name="group_id" />
			<column name="provisioning_status" />
			<column name="global" valueBoolean="true" />
		</insert>
		<insert tableName="asset">
			<column name="id" valueNumeric="7792" />
			<column name="identifier" value="8665726917" />
			<column name="create_datetime" valueDate="2014-10-22T23:18:25.653" />
			<column name="status_id" valueNumeric="10501" />
			<column name="entity_id" valueNumeric="1" />
			<column name="deleted" valueNumeric="0" />
			<column name="item_id" valueNumeric="320104" />
			<column name="order_line_id" />
			<column name="notes" value="Bulk Upload" />
			<column name="optlock" valueNumeric="0" />
			<column name="group_id" />
			<column name="provisioning_status" />
			<column name="global" valueBoolean="true" />
		</insert>
		<insert tableName="asset">
			<column name="id" valueNumeric="7793" />
			<column name="identifier" value="8665745631" />
			<column name="create_datetime" valueDate="2014-10-22T23:18:25.661" />
			<column name="status_id" valueNumeric="10501" />
			<column name="entity_id" valueNumeric="1" />
			<column name="deleted" valueNumeric="0" />
			<column name="item_id" valueNumeric="320104" />
			<column name="order_line_id" />
			<column name="notes" value="Bulk Upload" />
			<column name="optlock" valueNumeric="0" />
			<column name="group_id" />
			<column name="provisioning_status" />
			<column name="global" valueBoolean="true" />
		</insert>
		<insert tableName="asset">
			<column name="id" valueNumeric="7794" />
			<column name="identifier" value="8665756273" />
			<column name="create_datetime" valueDate="2014-10-22T23:18:25.715" />
			<column name="status_id" valueNumeric="10501" />
			<column name="entity_id" valueNumeric="1" />
			<column name="deleted" valueNumeric="0" />
			<column name="item_id" valueNumeric="320104" />
			<column name="order_line_id" />
			<column name="notes" value="Bulk Upload" />
			<column name="optlock" valueNumeric="0" />
			<column name="group_id" />
			<column name="provisioning_status" />
			<column name="global" valueBoolean="true" />
		</insert>
		<insert tableName="asset">
			<column name="id" valueNumeric="7795" />
			<column name="identifier" value="8665757556" />
			<column name="create_datetime" valueDate="2014-10-22T23:18:25.728" />
			<column name="status_id" valueNumeric="10501" />
			<column name="entity_id" valueNumeric="1" />
			<column name="deleted" valueNumeric="0" />
			<column name="item_id" valueNumeric="320104" />
			<column name="order_line_id" />
			<column name="notes" value="Bulk Upload" />
			<column name="optlock" valueNumeric="0" />
			<column name="group_id" />
			<column name="provisioning_status" />
			<column name="global" valueBoolean="true" />
		</insert>
		<insert tableName="asset">
			<column name="id" valueNumeric="7796" />
			<column name="identifier" value="8665759669" />
			<column name="create_datetime" valueDate="2014-10-22T23:18:25.735" />
			<column name="status_id" valueNumeric="10501" />
			<column name="entity_id" valueNumeric="1" />
			<column name="deleted" valueNumeric="0" />
			<column name="item_id" valueNumeric="320104" />
			<column name="order_line_id" />
			<column name="notes" value="Bulk Upload" />
			<column name="optlock" valueNumeric="0" />
			<column name="group_id" />
			<column name="provisioning_status" />
			<column name="global" valueBoolean="true" />
		</insert>
		<insert tableName="asset">
			<column name="id" valueNumeric="7797" />
			<column name="identifier" value="8665759695" />
			<column name="create_datetime" valueDate="2014-10-22T23:18:25.765" />
			<column name="status_id" valueNumeric="10501" />
			<column name="entity_id" valueNumeric="1" />
			<column name="deleted" valueNumeric="0" />
			<column name="item_id" valueNumeric="320104" />
			<column name="order_line_id" />
			<column name="notes" value="Bulk Upload" />
			<column name="optlock" valueNumeric="0" />
			<column name="group_id" />
			<column name="provisioning_status" />
			<column name="global" valueBoolean="true" />
		</insert>
		<insert tableName="asset">
			<column name="id" valueNumeric="7798" />
			<column name="identifier" value="8665761059" />
			<column name="create_datetime" valueDate="2014-10-22T23:18:25.773" />
			<column name="status_id" valueNumeric="10501" />
			<column name="entity_id" valueNumeric="1" />
			<column name="deleted" valueNumeric="0" />
			<column name="item_id" valueNumeric="320104" />
			<column name="order_line_id" />
			<column name="notes" value="Bulk Upload" />
			<column name="optlock" valueNumeric="0" />
			<column name="group_id" />
			<column name="provisioning_status" />
			<column name="global" valueBoolean="true" />
		</insert>
		<insert tableName="asset">
			<column name="id" valueNumeric="7799" />
			<column name="identifier" value="8665766370" />
			<column name="create_datetime" valueDate="2014-10-22T23:18:25.780" />
			<column name="status_id" valueNumeric="10501" />
			<column name="entity_id" valueNumeric="1" />
			<column name="deleted" valueNumeric="0" />
			<column name="item_id" valueNumeric="320104" />
			<column name="order_line_id" />
			<column name="notes" value="Bulk Upload" />
			<column name="optlock" valueNumeric="0" />
			<column name="group_id" />
			<column name="provisioning_status" />
			<column name="global" valueBoolean="true" />
		</insert>
		<insert tableName="asset">
			<column name="id" valueNumeric="7800" />
			<column name="identifier" value="8665766421" />
			<column name="create_datetime" valueDate="2014-10-22T23:18:25.786" />
			<column name="status_id" valueNumeric="10501" />
			<column name="entity_id" valueNumeric="1" />
			<column name="deleted" valueNumeric="0" />
			<column name="item_id" valueNumeric="320104" />
			<column name="order_line_id" />
			<column name="notes" value="Bulk Upload" />
			<column name="optlock" valueNumeric="0" />
			<column name="group_id" />
			<column name="provisioning_status" />
			<column name="global" valueBoolean="true" />
		</insert>
		<insert tableName="asset">
			<column name="id" valueNumeric="7801" />
			<column name="identifier" value="8665766425" />
			<column name="create_datetime" valueDate="2014-10-22T23:18:25.809" />
			<column name="status_id" valueNumeric="10501" />
			<column name="entity_id" valueNumeric="1" />
			<column name="deleted" valueNumeric="0" />
			<column name="item_id" valueNumeric="320104" />
			<column name="order_line_id" />
			<column name="notes" value="Bulk Upload" />
			<column name="optlock" valueNumeric="0" />
			<column name="group_id" />
			<column name="provisioning_status" />
			<column name="global" valueBoolean="true" />
		</insert>
		<insert tableName="asset">
			<column name="id" valueNumeric="7802" />
			<column name="identifier" value="8665767457" />
			<column name="create_datetime" valueDate="2014-10-22T23:18:25.836" />
			<column name="status_id" valueNumeric="10501" />
			<column name="entity_id" valueNumeric="1" />
			<column name="deleted" valueNumeric="0" />
			<column name="item_id" valueNumeric="320104" />
			<column name="order_line_id" />
			<column name="notes" value="Bulk Upload" />
			<column name="optlock" valueNumeric="0" />
			<column name="group_id" />
			<column name="provisioning_status" />
			<column name="global" valueBoolean="true" />
		</insert>
		<insert tableName="asset">
			<column name="id" valueNumeric="7803" />
			<column name="identifier" value="8665769548" />
			<column name="create_datetime" valueDate="2014-10-22T23:18:25.939" />
			<column name="status_id" valueNumeric="10501" />
			<column name="entity_id" valueNumeric="1" />
			<column name="deleted" valueNumeric="0" />
			<column name="item_id" valueNumeric="320104" />
			<column name="order_line_id" />
			<column name="notes" value="Bulk Upload" />
			<column name="optlock" valueNumeric="0" />
			<column name="group_id" />
			<column name="provisioning_status" />
			<column name="global" valueBoolean="true" />
		</insert>
		<insert tableName="asset">
			<column name="id" valueNumeric="7804" />
			<column name="identifier" value="8665771777" />
			<column name="create_datetime" valueDate="2014-10-22T23:18:25.946" />
			<column name="status_id" valueNumeric="10501" />
			<column name="entity_id" valueNumeric="1" />
			<column name="deleted" valueNumeric="0" />
			<column name="item_id" valueNumeric="320104" />
			<column name="order_line_id" />
			<column name="notes" value="Bulk Upload" />
			<column name="optlock" valueNumeric="0" />
			<column name="group_id" />
			<column name="provisioning_status" />
			<column name="global" valueBoolean="true" />
		</insert>
		<insert tableName="asset">
			<column name="id" valueNumeric="7805" />
			<column name="identifier" value="8665772319" />
			<column name="create_datetime" valueDate="2014-10-22T23:18:25.958" />
			<column name="status_id" valueNumeric="10501" />
			<column name="entity_id" valueNumeric="1" />
			<column name="deleted" valueNumeric="0" />
			<column name="item_id" valueNumeric="320104" />
			<column name="order_line_id" />
			<column name="notes" value="Bulk Upload" />
			<column name="optlock" valueNumeric="0" />
			<column name="group_id" />
			<column name="provisioning_status" />
			<column name="global" valueBoolean="true" />
		</insert>
		<insert tableName="asset">
			<column name="id" valueNumeric="7806" />
			<column name="identifier" value="8665781511" />
			<column name="create_datetime" valueDate="2014-10-22T23:18:25.974" />
			<column name="status_id" valueNumeric="10501" />
			<column name="entity_id" valueNumeric="1" />
			<column name="deleted" valueNumeric="0" />
			<column name="item_id" valueNumeric="320104" />
			<column name="order_line_id" />
			<column name="notes" value="Bulk Upload" />
			<column name="optlock" valueNumeric="0" />
			<column name="group_id" />
			<column name="provisioning_status" />
			<column name="global" valueBoolean="true" />
		</insert>
		<insert tableName="asset">
			<column name="id" valueNumeric="7807" />
			<column name="identifier" value="8665781513" />
			<column name="create_datetime" valueDate="2014-10-22T23:18:25.981" />
			<column name="status_id" valueNumeric="10501" />
			<column name="entity_id" valueNumeric="1" />
			<column name="deleted" valueNumeric="0" />
			<column name="item_id" valueNumeric="320104" />
			<column name="order_line_id" />
			<column name="notes" value="Bulk Upload" />
			<column name="optlock" valueNumeric="0" />
			<column name="group_id" />
			<column name="provisioning_status" />
			<column name="global" valueBoolean="true" />
		</insert>
		<insert tableName="asset">
			<column name="id" valueNumeric="7808" />
			<column name="identifier" value="8665781526" />
			<column name="create_datetime" valueDate="2014-10-22T23:18:26.2" />
			<column name="status_id" valueNumeric="10501" />
			<column name="entity_id" valueNumeric="1" />
			<column name="deleted" valueNumeric="0" />
			<column name="item_id" valueNumeric="320104" />
			<column name="order_line_id" />
			<column name="notes" value="Bulk Upload" />
			<column name="optlock" valueNumeric="0" />
			<column name="group_id" />
			<column name="provisioning_status" />
			<column name="global" valueBoolean="true" />
		</insert>
		<insert tableName="asset">
			<column name="id" valueNumeric="7809" />
			<column name="identifier" value="8665782157" />
			<column name="create_datetime" valueDate="2014-10-22T23:18:26.84" />
			<column name="status_id" valueNumeric="10501" />
			<column name="entity_id" valueNumeric="1" />
			<column name="deleted" valueNumeric="0" />
			<column name="item_id" valueNumeric="320104" />
			<column name="order_line_id" />
			<column name="notes" value="Bulk Upload" />
			<column name="optlock" valueNumeric="0" />
			<column name="group_id" />
			<column name="provisioning_status" />
			<column name="global" valueBoolean="true" />
		</insert>
		<insert tableName="asset">
			<column name="id" valueNumeric="7810" />
			<column name="identifier" value="8665784082" />
			<column name="create_datetime" valueDate="2014-10-22T23:18:26.160" />
			<column name="status_id" valueNumeric="10501" />
			<column name="entity_id" valueNumeric="1" />
			<column name="deleted" valueNumeric="0" />
			<column name="item_id" valueNumeric="320104" />
			<column name="order_line_id" />
			<column name="notes" value="Bulk Upload" />
			<column name="optlock" valueNumeric="0" />
			<column name="group_id" />
			<column name="provisioning_status" />
			<column name="global" valueBoolean="true" />
		</insert>
		<insert tableName="asset">
			<column name="id" valueNumeric="7811" />
			<column name="identifier" value="8665786478" />
			<column name="create_datetime" valueDate="2014-10-22T23:18:26.170" />
			<column name="status_id" valueNumeric="10501" />
			<column name="entity_id" valueNumeric="1" />
			<column name="deleted" valueNumeric="0" />
			<column name="item_id" valueNumeric="320104" />
			<column name="order_line_id" />
			<column name="notes" value="Bulk Upload" />
			<column name="optlock" valueNumeric="0" />
			<column name="group_id" />
			<column name="provisioning_status" />
			<column name="global" valueBoolean="true" />
		</insert>
		<insert tableName="asset">
			<column name="id" valueNumeric="7812" />
			<column name="identifier" value="8665787328" />
			<column name="create_datetime" valueDate="2014-10-22T23:18:26.195" />
			<column name="status_id" valueNumeric="10501" />
			<column name="entity_id" valueNumeric="1" />
			<column name="deleted" valueNumeric="0" />
			<column name="item_id" valueNumeric="320104" />
			<column name="order_line_id" />
			<column name="notes" value="Bulk Upload" />
			<column name="optlock" valueNumeric="0" />
			<column name="group_id" />
			<column name="provisioning_status" />
			<column name="global" valueBoolean="true" />
		</insert>
		<insert tableName="asset">
			<column name="id" valueNumeric="7813" />
			<column name="identifier" value="8665788443" />
			<column name="create_datetime" valueDate="2014-10-22T23:18:26.253" />
			<column name="status_id" valueNumeric="10501" />
			<column name="entity_id" valueNumeric="1" />
			<column name="deleted" valueNumeric="0" />
			<column name="item_id" valueNumeric="320104" />
			<column name="order_line_id" />
			<column name="notes" value="Bulk Upload" />
			<column name="optlock" valueNumeric="0" />
			<column name="group_id" />
			<column name="provisioning_status" />
			<column name="global" valueBoolean="true" />
		</insert>
		<insert tableName="asset">
			<column name="id" valueNumeric="7814" />
			<column name="identifier" value="8665801041" />
			<column name="create_datetime" valueDate="2014-10-22T23:18:26.282" />
			<column name="status_id" valueNumeric="10501" />
			<column name="entity_id" valueNumeric="1" />
			<column name="deleted" valueNumeric="0" />
			<column name="item_id" valueNumeric="320104" />
			<column name="order_line_id" />
			<column name="notes" value="Bulk Upload" />
			<column name="optlock" valueNumeric="0" />
			<column name="group_id" />
			<column name="provisioning_status" />
			<column name="global" valueBoolean="true" />
		</insert>
		<insert tableName="asset">
			<column name="id" valueNumeric="7815" />
			<column name="identifier" value="8665801090" />
			<column name="create_datetime" valueDate="2014-10-22T23:18:26.315" />
			<column name="status_id" valueNumeric="10501" />
			<column name="entity_id" valueNumeric="1" />
			<column name="deleted" valueNumeric="0" />
			<column name="item_id" valueNumeric="320104" />
			<column name="order_line_id" />
			<column name="notes" value="Bulk Upload" />
			<column name="optlock" valueNumeric="0" />
			<column name="group_id" />
			<column name="provisioning_status" />
			<column name="global" valueBoolean="true" />
		</insert>
		<insert tableName="asset">
			<column name="id" valueNumeric="7816" />
			<column name="identifier" value="8665807157" />
			<column name="create_datetime" valueDate="2014-10-22T23:18:26.326" />
			<column name="status_id" valueNumeric="10501" />
			<column name="entity_id" valueNumeric="1" />
			<column name="deleted" valueNumeric="0" />
			<column name="item_id" valueNumeric="320104" />
			<column name="order_line_id" />
			<column name="notes" value="Bulk Upload" />
			<column name="optlock" valueNumeric="0" />
			<column name="group_id" />
			<column name="provisioning_status" />
			<column name="global" valueBoolean="true" />
		</insert>
		<insert tableName="asset">
			<column name="id" valueNumeric="7817" />
			<column name="identifier" value="8665811150" />
			<column name="create_datetime" valueDate="2014-10-22T23:18:26.342" />
			<column name="status_id" valueNumeric="10501" />
			<column name="entity_id" valueNumeric="1" />
			<column name="deleted" valueNumeric="0" />
			<column name="item_id" valueNumeric="320104" />
			<column name="order_line_id" />
			<column name="notes" value="Bulk Upload" />
			<column name="optlock" valueNumeric="0" />
			<column name="group_id" />
			<column name="provisioning_status" />
			<column name="global" valueBoolean="true" />
		</insert>
		<insert tableName="asset">
			<column name="id" valueNumeric="7818" />
			<column name="identifier" value="8665816933" />
			<column name="create_datetime" valueDate="2014-10-22T23:18:26.380" />
			<column name="status_id" valueNumeric="10501" />
			<column name="entity_id" valueNumeric="1" />
			<column name="deleted" valueNumeric="0" />
			<column name="item_id" valueNumeric="320104" />
			<column name="order_line_id" />
			<column name="notes" value="Bulk Upload" />
			<column name="optlock" valueNumeric="0" />
			<column name="group_id" />
			<column name="provisioning_status" />
			<column name="global" valueBoolean="true" />
		</insert>
		<insert tableName="asset">
			<column name="id" valueNumeric="7819" />
			<column name="identifier" value="8665820003" />
			<column name="create_datetime" valueDate="2014-10-22T23:18:26.393" />
			<column name="status_id" valueNumeric="10501" />
			<column name="entity_id" valueNumeric="1" />
			<column name="deleted" valueNumeric="0" />
			<column name="item_id" valueNumeric="320104" />
			<column name="order_line_id" />
			<column name="notes" value="Bulk Upload" />
			<column name="optlock" valueNumeric="0" />
			<column name="group_id" />
			<column name="provisioning_status" />
			<column name="global" valueBoolean="true" />
		</insert>
		<insert tableName="asset">
			<column name="id" valueNumeric="7820" />
			<column name="identifier" value="8665823024" />
			<column name="create_datetime" valueDate="2014-10-22T23:18:26.399" />
			<column name="status_id" valueNumeric="10501" />
			<column name="entity_id" valueNumeric="1" />
			<column name="deleted" valueNumeric="0" />
			<column name="item_id" valueNumeric="320104" />
			<column name="order_line_id" />
			<column name="notes" value="Bulk Upload" />
			<column name="optlock" valueNumeric="0" />
			<column name="group_id" />
			<column name="provisioning_status" />
			<column name="global" valueBoolean="true" />
		</insert>
		<insert tableName="asset">
			<column name="id" valueNumeric="7821" />
			<column name="identifier" value="8665823025" />
			<column name="create_datetime" valueDate="2014-10-22T23:18:26.442" />
			<column name="status_id" valueNumeric="10501" />
			<column name="entity_id" valueNumeric="1" />
			<column name="deleted" valueNumeric="0" />
			<column name="item_id" valueNumeric="320104" />
			<column name="order_line_id" />
			<column name="notes" value="Bulk Upload" />
			<column name="optlock" valueNumeric="0" />
			<column name="group_id" />
			<column name="provisioning_status" />
			<column name="global" valueBoolean="true" />
		</insert>
		<insert tableName="asset">
			<column name="id" valueNumeric="7822" />
			<column name="identifier" value="8665824422" />
			<column name="create_datetime" valueDate="2014-10-22T23:18:26.486" />
			<column name="status_id" valueNumeric="10501" />
			<column name="entity_id" valueNumeric="1" />
			<column name="deleted" valueNumeric="0" />
			<column name="item_id" valueNumeric="320104" />
			<column name="order_line_id" />
			<column name="notes" value="Bulk Upload" />
			<column name="optlock" valueNumeric="0" />
			<column name="group_id" />
			<column name="provisioning_status" />
			<column name="global" valueBoolean="true" />
		</insert>
		<insert tableName="asset">
			<column name="id" valueNumeric="7823" />
			<column name="identifier" value="8665826937" />
			<column name="create_datetime" valueDate="2014-10-22T23:18:26.509" />
			<column name="status_id" valueNumeric="10501" />
			<column name="entity_id" valueNumeric="1" />
			<column name="deleted" valueNumeric="0" />
			<column name="item_id" valueNumeric="320104" />
			<column name="order_line_id" />
			<column name="notes" value="Bulk Upload" />
			<column name="optlock" valueNumeric="0" />
			<column name="group_id" />
			<column name="provisioning_status" />
			<column name="global" valueBoolean="true" />
		</insert>
		<insert tableName="asset">
			<column name="id" valueNumeric="7824" />
			<column name="identifier" value="8665830578" />
			<column name="create_datetime" valueDate="2014-10-22T23:18:26.626" />
			<column name="status_id" valueNumeric="10501" />
			<column name="entity_id" valueNumeric="1" />
			<column name="deleted" valueNumeric="0" />
			<column name="item_id" valueNumeric="320104" />
			<column name="order_line_id" />
			<column name="notes" value="Bulk Upload" />
			<column name="optlock" valueNumeric="0" />
			<column name="group_id" />
			<column name="provisioning_status" />
			<column name="global" valueBoolean="true" />
		</insert>
		<insert tableName="asset">
			<column name="id" valueNumeric="7825" />
			<column name="identifier" value="8665832046" />
			<column name="create_datetime" valueDate="2014-10-22T23:18:26.639" />
			<column name="status_id" valueNumeric="10501" />
			<column name="entity_id" valueNumeric="1" />
			<column name="deleted" valueNumeric="0" />
			<column name="item_id" valueNumeric="320104" />
			<column name="order_line_id" />
			<column name="notes" value="Bulk Upload" />
			<column name="optlock" valueNumeric="0" />
			<column name="group_id" />
			<column name="provisioning_status" />
			<column name="global" valueBoolean="true" />
		</insert>
		<insert tableName="asset">
			<column name="id" valueNumeric="7826" />
			<column name="identifier" value="8665832095" />
			<column name="create_datetime" valueDate="2014-10-22T23:18:26.646" />
			<column name="status_id" valueNumeric="10501" />
			<column name="entity_id" valueNumeric="1" />
			<column name="deleted" valueNumeric="0" />
			<column name="item_id" valueNumeric="320104" />
			<column name="order_line_id" />
			<column name="notes" value="Bulk Upload" />
			<column name="optlock" valueNumeric="0" />
			<column name="group_id" />
			<column name="provisioning_status" />
			<column name="global" valueBoolean="true" />
		</insert>
		<insert tableName="asset">
			<column name="id" valueNumeric="7827" />
			<column name="identifier" value="8665835094" />
			<column name="create_datetime" valueDate="2014-10-22T23:18:26.657" />
			<column name="status_id" valueNumeric="10501" />
			<column name="entity_id" valueNumeric="1" />
			<column name="deleted" valueNumeric="0" />
			<column name="item_id" valueNumeric="320104" />
			<column name="order_line_id" />
			<column name="notes" value="Bulk Upload" />
			<column name="optlock" valueNumeric="0" />
			<column name="group_id" />
			<column name="provisioning_status" />
			<column name="global" valueBoolean="true" />
		</insert>
		<insert tableName="asset">
			<column name="id" valueNumeric="7828" />
			<column name="identifier" value="8665839133" />
			<column name="create_datetime" valueDate="2014-10-22T23:18:26.694" />
			<column name="status_id" valueNumeric="10501" />
			<column name="entity_id" valueNumeric="1" />
			<column name="deleted" valueNumeric="0" />
			<column name="item_id" valueNumeric="320104" />
			<column name="order_line_id" />
			<column name="notes" value="Bulk Upload" />
			<column name="optlock" valueNumeric="0" />
			<column name="group_id" />
			<column name="provisioning_status" />
			<column name="global" valueBoolean="true" />
		</insert>
		<insert tableName="asset">
			<column name="id" valueNumeric="7829" />
			<column name="identifier" value="8665842742" />
			<column name="create_datetime" valueDate="2014-10-22T23:18:26.733" />
			<column name="status_id" valueNumeric="10501" />
			<column name="entity_id" valueNumeric="1" />
			<column name="deleted" valueNumeric="0" />
			<column name="item_id" valueNumeric="320104" />
			<column name="order_line_id" />
			<column name="notes" value="Bulk Upload" />
			<column name="optlock" valueNumeric="0" />
			<column name="group_id" />
			<column name="provisioning_status" />
			<column name="global" valueBoolean="true" />
		</insert>
		<insert tableName="asset">
			<column name="id" valueNumeric="7830" />
			<column name="identifier" value="8665846845" />
			<column name="create_datetime" valueDate="2014-10-22T23:18:26.761" />
			<column name="status_id" valueNumeric="10501" />
			<column name="entity_id" valueNumeric="1" />
			<column name="deleted" valueNumeric="0" />
			<column name="item_id" valueNumeric="320104" />
			<column name="order_line_id" />
			<column name="notes" value="Bulk Upload" />
			<column name="optlock" valueNumeric="0" />
			<column name="group_id" />
			<column name="provisioning_status" />
			<column name="global" valueBoolean="true" />
		</insert>
		<insert tableName="asset">
			<column name="id" valueNumeric="7831" />
			<column name="identifier" value="8665850992" />
			<column name="create_datetime" valueDate="2014-10-22T23:18:26.804" />
			<column name="status_id" valueNumeric="10501" />
			<column name="entity_id" valueNumeric="1" />
			<column name="deleted" valueNumeric="0" />
			<column name="item_id" valueNumeric="320104" />
			<column name="order_line_id" />
			<column name="notes" value="Bulk Upload" />
			<column name="optlock" valueNumeric="0" />
			<column name="group_id" />
			<column name="provisioning_status" />
			<column name="global" valueBoolean="true" />
		</insert>
		<insert tableName="asset">
			<column name="id" valueNumeric="7832" />
			<column name="identifier" value="8665853972" />
			<column name="create_datetime" valueDate="2014-10-22T23:18:26.838" />
			<column name="status_id" valueNumeric="10501" />
			<column name="entity_id" valueNumeric="1" />
			<column name="deleted" valueNumeric="0" />
			<column name="item_id" valueNumeric="320104" />
			<column name="order_line_id" />
			<column name="notes" value="Bulk Upload" />
			<column name="optlock" valueNumeric="0" />
			<column name="group_id" />
			<column name="provisioning_status" />
			<column name="global" valueBoolean="true" />
		</insert>
		<insert tableName="asset">
			<column name="id" valueNumeric="8061" />
			<column name="identifier" value="8666281505" />
			<column name="create_datetime" valueDate="2014-10-22T23:18:34.549" />
			<column name="status_id" valueNumeric="10501" />
			<column name="entity_id" valueNumeric="1" />
			<column name="deleted" valueNumeric="0" />
			<column name="item_id" valueNumeric="320104" />
			<column name="order_line_id" />
			<column name="notes" value="Bulk Upload" />
			<column name="optlock" valueNumeric="0" />
			<column name="group_id" />
			<column name="provisioning_status" />
			<column name="global" valueBoolean="true" />
		</insert>
		<insert tableName="asset">
			<column name="id" valueNumeric="8062" />
			<column name="identifier" value="8666284605" />
			<column name="create_datetime" valueDate="2014-10-22T23:18:34.559" />
			<column name="status_id" valueNumeric="10501" />
			<column name="entity_id" valueNumeric="1" />
			<column name="deleted" valueNumeric="0" />
			<column name="item_id" valueNumeric="320104" />
			<column name="order_line_id" />
			<column name="notes" value="Bulk Upload" />
			<column name="optlock" valueNumeric="0" />
			<column name="group_id" />
			<column name="provisioning_status" />
			<column name="global" valueBoolean="true" />
		</insert>
		<insert tableName="asset">
			<column name="id" valueNumeric="8063" />
			<column name="identifier" value="8666303761" />
			<column name="create_datetime" valueDate="2014-10-22T23:18:34.574" />
			<column name="status_id" valueNumeric="10501" />
			<column name="entity_id" valueNumeric="1" />
			<column name="deleted" valueNumeric="0" />
			<column name="item_id" valueNumeric="320104" />
			<column name="order_line_id" />
			<column name="notes" value="Bulk Upload" />
			<column name="optlock" valueNumeric="0" />
			<column name="group_id" />
			<column name="provisioning_status" />
			<column name="global" valueBoolean="true" />
		</insert>
		<insert tableName="asset">
			<column name="id" valueNumeric="8064" />
			<column name="identifier" value="8666303763" />
			<column name="create_datetime" valueDate="2014-10-22T23:18:34.593" />
			<column name="status_id" valueNumeric="10501" />
			<column name="entity_id" valueNumeric="1" />
			<column name="deleted" valueNumeric="0" />
			<column name="item_id" valueNumeric="320104" />
			<column name="order_line_id" />
			<column name="notes" value="Bulk Upload" />
			<column name="optlock" valueNumeric="0" />
			<column name="group_id" />
			<column name="provisioning_status" />
			<column name="global" valueBoolean="true" />
		</insert>
		<insert tableName="asset">
			<column name="id" valueNumeric="8065" />
			<column name="identifier" value="8666308008" />
			<column name="create_datetime" valueDate="2014-10-22T23:18:34.647" />
			<column name="status_id" valueNumeric="10501" />
			<column name="entity_id" valueNumeric="1" />
			<column name="deleted" valueNumeric="0" />
			<column name="item_id" valueNumeric="320104" />
			<column name="order_line_id" />
			<column name="notes" value="Bulk Upload" />
			<column name="optlock" valueNumeric="0" />
			<column name="group_id" />
			<column name="provisioning_status" />
			<column name="global" valueBoolean="true" />
		</insert>
		<insert tableName="asset">
			<column name="id" valueNumeric="8066" />
			<column name="identifier" value="8666312676" />
			<column name="create_datetime" valueDate="2014-10-22T23:18:34.661" />
			<column name="status_id" valueNumeric="10501" />
			<column name="entity_id" valueNumeric="1" />
			<column name="deleted" valueNumeric="0" />
			<column name="item_id" valueNumeric="320104" />
			<column name="order_line_id" />
			<column name="notes" value="Bulk Upload" />
			<column name="optlock" valueNumeric="0" />
			<column name="group_id" />
			<column name="provisioning_status" />
			<column name="global" valueBoolean="true" />
		</insert>
		<insert tableName="asset">
			<column name="id" valueNumeric="8067" />
			<column name="identifier" value="8666313791" />
			<column name="create_datetime" valueDate="2014-10-22T23:18:34.681" />
			<column name="status_id" valueNumeric="10501" />
			<column name="entity_id" valueNumeric="1" />
			<column name="deleted" valueNumeric="0" />
			<column name="item_id" valueNumeric="320104" />
			<column name="order_line_id" />
			<column name="notes" value="Bulk Upload" />
			<column name="optlock" valueNumeric="0" />
			<column name="group_id" />
			<column name="provisioning_status" />
			<column name="global" valueBoolean="true" />
		</insert>
		<insert tableName="asset">
			<column name="id" valueNumeric="8068" />
			<column name="identifier" value="8666323203" />
			<column name="create_datetime" valueDate="2014-10-22T23:18:34.693" />
			<column name="status_id" valueNumeric="10501" />
			<column name="entity_id" valueNumeric="1" />
			<column name="deleted" valueNumeric="0" />
			<column name="item_id" valueNumeric="320104" />
			<column name="order_line_id" />
			<column name="notes" value="Bulk Upload" />
			<column name="optlock" valueNumeric="0" />
			<column name="group_id" />
			<column name="provisioning_status" />
			<column name="global" valueBoolean="true" />
		</insert>
		<insert tableName="asset">
			<column name="id" valueNumeric="8069" />
			<column name="identifier" value="8666324192" />
			<column name="create_datetime" valueDate="2014-10-22T23:18:34.728" />
			<column name="status_id" valueNumeric="10501" />
			<column name="entity_id" valueNumeric="1" />
			<column name="deleted" valueNumeric="0" />
			<column name="item_id" valueNumeric="320104" />
			<column name="order_line_id" />
			<column name="notes" value="Bulk Upload" />
			<column name="optlock" valueNumeric="0" />
			<column name="group_id" />
			<column name="provisioning_status" />
			<column name="global" valueBoolean="true" />
		</insert>
		<insert tableName="asset">
			<column name="id" valueNumeric="8070" />
			<column name="identifier" value="8666324556" />
			<column name="create_datetime" valueDate="2014-10-22T23:18:34.740" />
			<column name="status_id" valueNumeric="10501" />
			<column name="entity_id" valueNumeric="1" />
			<column name="deleted" valueNumeric="0" />
			<column name="item_id" valueNumeric="320104" />
			<column name="order_line_id" />
			<column name="notes" value="Bulk Upload" />
			<column name="optlock" valueNumeric="0" />
			<column name="group_id" />
			<column name="provisioning_status" />
			<column name="global" valueBoolean="true" />
		</insert>
		<insert tableName="asset">
			<column name="id" valueNumeric="8071" />
			<column name="identifier" value="8666328895" />
			<column name="create_datetime" valueDate="2014-10-22T23:18:34.768" />
			<column name="status_id" valueNumeric="10501" />
			<column name="entity_id" valueNumeric="1" />
			<column name="deleted" valueNumeric="0" />
			<column name="item_id" valueNumeric="320104" />
			<column name="order_line_id" />
			<column name="notes" value="Bulk Upload" />
			<column name="optlock" valueNumeric="0" />
			<column name="group_id" />
			<column name="provisioning_status" />
			<column name="global" valueBoolean="true" />
		</insert>
		<insert tableName="asset">
			<column name="id" valueNumeric="8072" />
			<column name="identifier" value="8666337241" />
			<column name="create_datetime" valueDate="2014-10-22T23:18:34.791" />
			<column name="status_id" valueNumeric="10501" />
			<column name="entity_id" valueNumeric="1" />
			<column name="deleted" valueNumeric="0" />
			<column name="item_id" valueNumeric="320104" />
			<column name="order_line_id" />
			<column name="notes" value="Bulk Upload" />
			<column name="optlock" valueNumeric="0" />
			<column name="group_id" />
			<column name="provisioning_status" />
			<column name="global" valueBoolean="true" />
		</insert>
		<insert tableName="asset">
			<column name="id" valueNumeric="8073" />
			<column name="identifier" value="8666342288" />
			<column name="create_datetime" valueDate="2014-10-22T23:18:34.797" />
			<column name="status_id" valueNumeric="10501" />
			<column name="entity_id" valueNumeric="1" />
			<column name="deleted" valueNumeric="0" />
			<column name="item_id" valueNumeric="320104" />
			<column name="order_line_id" />
			<column name="notes" value="Bulk Upload" />
			<column name="optlock" valueNumeric="0" />
			<column name="group_id" />
			<column name="provisioning_status" />
			<column name="global" valueBoolean="true" />
		</insert>
		<insert tableName="asset">
			<column name="id" valueNumeric="8074" />
			<column name="identifier" value="8666344835" />
			<column name="create_datetime" valueDate="2014-10-22T23:18:34.831" />
			<column name="status_id" valueNumeric="10501" />
			<column name="entity_id" valueNumeric="1" />
			<column name="deleted" valueNumeric="0" />
			<column name="item_id" valueNumeric="320104" />
			<column name="order_line_id" />
			<column name="notes" value="Bulk Upload" />
			<column name="optlock" valueNumeric="0" />
			<column name="group_id" />
			<column name="provisioning_status" />
			<column name="global" valueBoolean="true" />
		</insert>
		<insert tableName="asset">
			<column name="id" valueNumeric="8075" />
			<column name="identifier" value="8666347394" />
			<column name="create_datetime" valueDate="2014-10-22T23:18:34.893" />
			<column name="status_id" valueNumeric="10501" />
			<column name="entity_id" valueNumeric="1" />
			<column name="deleted" valueNumeric="0" />
			<column name="item_id" valueNumeric="320104" />
			<column name="order_line_id" />
			<column name="notes" value="Bulk Upload" />
			<column name="optlock" valueNumeric="0" />
			<column name="group_id" />
			<column name="provisioning_status" />
			<column name="global" valueBoolean="true" />
		</insert>
		<insert tableName="asset">
			<column name="id" valueNumeric="8076" />
			<column name="identifier" value="8666348204" />
			<column name="create_datetime" valueDate="2014-10-22T23:18:34.922" />
			<column name="status_id" valueNumeric="10501" />
			<column name="entity_id" valueNumeric="1" />
			<column name="deleted" valueNumeric="0" />
			<column name="item_id" valueNumeric="320104" />
			<column name="order_line_id" />
			<column name="notes" value="Bulk Upload" />
			<column name="optlock" valueNumeric="0" />
			<column name="group_id" />
			<column name="provisioning_status" />
			<column name="global" valueBoolean="true" />
		</insert>
		<insert tableName="asset">
			<column name="id" valueNumeric="8077" />
			<column name="identifier" value="8666349714" />
			<column name="create_datetime" valueDate="2014-10-22T23:18:34.933" />
			<column name="status_id" valueNumeric="10501" />
			<column name="entity_id" valueNumeric="1" />
			<column name="deleted" valueNumeric="0" />
			<column name="item_id" valueNumeric="320104" />
			<column name="order_line_id" />
			<column name="notes" value="Bulk Upload" />
			<column name="optlock" valueNumeric="0" />
			<column name="group_id" />
			<column name="provisioning_status" />
			<column name="global" valueBoolean="true" />
		</insert>
		<insert tableName="asset">
			<column name="id" valueNumeric="8078" />
			<column name="identifier" value="8666349719" />
			<column name="create_datetime" valueDate="2014-10-22T23:18:34.940" />
			<column name="status_id" valueNumeric="10501" />
			<column name="entity_id" valueNumeric="1" />
			<column name="deleted" valueNumeric="0" />
			<column name="item_id" valueNumeric="320104" />
			<column name="order_line_id" />
			<column name="notes" value="Bulk Upload" />
			<column name="optlock" valueNumeric="0" />
			<column name="group_id" />
			<column name="provisioning_status" />
			<column name="global" valueBoolean="true" />
		</insert>
		<insert tableName="asset">
			<column name="id" valueNumeric="8079" />
			<column name="identifier" value="8666349723" />
			<column name="create_datetime" valueDate="2014-10-22T23:18:34.970" />
			<column name="status_id" valueNumeric="10501" />
			<column name="entity_id" valueNumeric="1" />
			<column name="deleted" valueNumeric="0" />
			<column name="item_id" valueNumeric="320104" />
			<column name="order_line_id" />
			<column name="notes" value="Bulk Upload" />
			<column name="optlock" valueNumeric="0" />
			<column name="group_id" />
			<column name="provisioning_status" />
			<column name="global" valueBoolean="true" />
		</insert>
		<insert tableName="asset">
			<column name="id" valueNumeric="8080" />
			<column name="identifier" value="8666353272" />
			<column name="create_datetime" valueDate="2014-10-22T23:18:35.40" />
			<column name="status_id" valueNumeric="10501" />
			<column name="entity_id" valueNumeric="1" />
			<column name="deleted" valueNumeric="0" />
			<column name="item_id" valueNumeric="320104" />
			<column name="order_line_id" />
			<column name="notes" value="Bulk Upload" />
			<column name="optlock" valueNumeric="0" />
			<column name="group_id" />
			<column name="provisioning_status" />
			<column name="global" valueBoolean="true" />
		</insert>
		<insert tableName="asset">
			<column name="id" valueNumeric="8081" />
			<column name="identifier" value="8666353285" />
			<column name="create_datetime" valueDate="2014-10-22T23:18:35.81" />
			<column name="status_id" valueNumeric="10501" />
			<column name="entity_id" valueNumeric="1" />
			<column name="deleted" valueNumeric="0" />
			<column name="item_id" valueNumeric="320104" />
			<column name="order_line_id" />
			<column name="notes" value="Bulk Upload" />
			<column name="optlock" valueNumeric="0" />
			<column name="group_id" />
			<column name="provisioning_status" />
			<column name="global" valueBoolean="true" />
		</insert>
		<insert tableName="asset">
			<column name="id" valueNumeric="8082" />
			<column name="identifier" value="8666357938" />
			<column name="create_datetime" valueDate="2014-10-22T23:18:35.90" />
			<column name="status_id" valueNumeric="10501" />
			<column name="entity_id" valueNumeric="1" />
			<column name="deleted" valueNumeric="0" />
			<column name="item_id" valueNumeric="320104" />
			<column name="order_line_id" />
			<column name="notes" value="Bulk Upload" />
			<column name="optlock" valueNumeric="0" />
			<column name="group_id" />
			<column name="provisioning_status" />
			<column name="global" valueBoolean="true" />
		</insert>
		<insert tableName="asset">
			<column name="id" valueNumeric="8083" />
			<column name="identifier" value="8666357940" />
			<column name="create_datetime" valueDate="2014-10-22T23:18:35.100" />
			<column name="status_id" valueNumeric="10501" />
			<column name="entity_id" valueNumeric="1" />
			<column name="deleted" valueNumeric="0" />
			<column name="item_id" valueNumeric="320104" />
			<column name="order_line_id" />
			<column name="notes" value="Bulk Upload" />
			<column name="optlock" valueNumeric="0" />
			<column name="group_id" />
			<column name="provisioning_status" />
			<column name="global" valueBoolean="true" />
		</insert>
		<insert tableName="asset">
			<column name="id" valueNumeric="8084" />
			<column name="identifier" value="8666357941" />
			<column name="create_datetime" valueDate="2014-10-22T23:18:35.135" />
			<column name="status_id" valueNumeric="10501" />
			<column name="entity_id" valueNumeric="1" />
			<column name="deleted" valueNumeric="0" />
			<column name="item_id" valueNumeric="320104" />
			<column name="order_line_id" />
			<column name="notes" value="Bulk Upload" />
			<column name="optlock" valueNumeric="0" />
			<column name="group_id" />
			<column name="provisioning_status" />
			<column name="global" valueBoolean="true" />
		</insert>
		<insert tableName="asset">
			<column name="id" valueNumeric="8085" />
			<column name="identifier" value="8666357942" />
			<column name="create_datetime" valueDate="2014-10-22T23:18:35.141" />
			<column name="status_id" valueNumeric="10501" />
			<column name="entity_id" valueNumeric="1" />
			<column name="deleted" valueNumeric="0" />
			<column name="item_id" valueNumeric="320104" />
			<column name="order_line_id" />
			<column name="notes" value="Bulk Upload" />
			<column name="optlock" valueNumeric="0" />
			<column name="group_id" />
			<column name="provisioning_status" />
			<column name="global" valueBoolean="true" />
		</insert>
		<insert tableName="asset">
			<column name="id" valueNumeric="8086" />
			<column name="identifier" value="8666357943" />
			<column name="create_datetime" valueDate="2014-10-22T23:18:35.156" />
			<column name="status_id" valueNumeric="10501" />
			<column name="entity_id" valueNumeric="1" />
			<column name="deleted" valueNumeric="0" />
			<column name="item_id" valueNumeric="320104" />
			<column name="order_line_id" />
			<column name="notes" value="Bulk Upload" />
			<column name="optlock" valueNumeric="0" />
			<column name="group_id" />
			<column name="provisioning_status" />
			<column name="global" valueBoolean="true" />
		</insert>
		<insert tableName="asset">
			<column name="id" valueNumeric="8087" />
			<column name="identifier" value="8666359515" />
			<column name="create_datetime" valueDate="2014-10-22T23:18:35.176" />
			<column name="status_id" valueNumeric="10501" />
			<column name="entity_id" valueNumeric="1" />
			<column name="deleted" valueNumeric="0" />
			<column name="item_id" valueNumeric="320104" />
			<column name="order_line_id" />
			<column name="notes" value="Bulk Upload" />
			<column name="optlock" valueNumeric="0" />
			<column name="group_id" />
			<column name="provisioning_status" />
			<column name="global" valueBoolean="true" />
		</insert>
		<insert tableName="asset">
			<column name="id" valueNumeric="8088" />
			<column name="identifier" value="8666359539" />
			<column name="create_datetime" valueDate="2014-10-22T23:18:35.193" />
			<column name="status_id" valueNumeric="10501" />
			<column name="entity_id" valueNumeric="1" />
			<column name="deleted" valueNumeric="0" />
			<column name="item_id" valueNumeric="320104" />
			<column name="order_line_id" />
			<column name="notes" value="Bulk Upload" />
			<column name="optlock" valueNumeric="0" />
			<column name="group_id" />
			<column name="provisioning_status" />
			<column name="global" valueBoolean="true" />
		</insert>
		<insert tableName="asset">
			<column name="id" valueNumeric="8089" />
			<column name="identifier" value="8666360076" />
			<column name="create_datetime" valueDate="2014-10-22T23:18:35.213" />
			<column name="status_id" valueNumeric="10501" />
			<column name="entity_id" valueNumeric="1" />
			<column name="deleted" valueNumeric="0" />
			<column name="item_id" valueNumeric="320104" />
			<column name="order_line_id" />
			<column name="notes" value="Bulk Upload" />
			<column name="optlock" valueNumeric="0" />
			<column name="group_id" />
			<column name="provisioning_status" />
			<column name="global" valueBoolean="true" />
		</insert>
		<insert tableName="asset">
			<column name="id" valueNumeric="8090" />
			<column name="identifier" value="8666360102" />
			<column name="create_datetime" valueDate="2014-10-22T23:18:35.233" />
			<column name="status_id" valueNumeric="10501" />
			<column name="entity_id" valueNumeric="1" />
			<column name="deleted" valueNumeric="0" />
			<column name="item_id" valueNumeric="320104" />
			<column name="order_line_id" />
			<column name="notes" value="Bulk Upload" />
			<column name="optlock" valueNumeric="0" />
			<column name="group_id" />
			<column name="provisioning_status" />
			<column name="global" valueBoolean="true" />
		</insert>
		<insert tableName="asset">
			<column name="id" valueNumeric="8091" />
			<column name="identifier" value="8666369848" />
			<column name="create_datetime" valueDate="2014-10-22T23:18:35.312" />
			<column name="status_id" valueNumeric="10501" />
			<column name="entity_id" valueNumeric="1" />
			<column name="deleted" valueNumeric="0" />
			<column name="item_id" valueNumeric="320104" />
			<column name="order_line_id" />
			<column name="notes" value="Bulk Upload" />
			<column name="optlock" valueNumeric="0" />
			<column name="group_id" />
			<column name="provisioning_status" />
			<column name="global" valueBoolean="true" />
		</insert>
		<insert tableName="asset">
			<column name="id" valueNumeric="8092" />
			<column name="identifier" value="8666371096" />
			<column name="create_datetime" valueDate="2014-10-22T23:18:35.318" />
			<column name="status_id" valueNumeric="10501" />
			<column name="entity_id" valueNumeric="1" />
			<column name="deleted" valueNumeric="0" />
			<column name="item_id" valueNumeric="320104" />
			<column name="order_line_id" />
			<column name="notes" value="Bulk Upload" />
			<column name="optlock" valueNumeric="0" />
			<column name="group_id" />
			<column name="provisioning_status" />
			<column name="global" valueBoolean="true" />
		</insert>
		<insert tableName="asset">
			<column name="id" valueNumeric="8093" />
			<column name="identifier" value="8666372770" />
			<column name="create_datetime" valueDate="2014-10-22T23:18:35.324" />
			<column name="status_id" valueNumeric="10501" />
			<column name="entity_id" valueNumeric="1" />
			<column name="deleted" valueNumeric="0" />
			<column name="item_id" valueNumeric="320104" />
			<column name="order_line_id" />
			<column name="notes" value="Bulk Upload" />
			<column name="optlock" valueNumeric="0" />
			<column name="group_id" />
			<column name="provisioning_status" />
			<column name="global" valueBoolean="true" />
		</insert>
		<insert tableName="asset">
			<column name="id" valueNumeric="8094" />
			<column name="identifier" value="8666373961" />
			<column name="create_datetime" valueDate="2014-10-22T23:18:35.381" />
			<column name="status_id" valueNumeric="10501" />
			<column name="entity_id" valueNumeric="1" />
			<column name="deleted" valueNumeric="0" />
			<column name="item_id" valueNumeric="320104" />
			<column name="order_line_id" />
			<column name="notes" value="Bulk Upload" />
			<column name="optlock" valueNumeric="0" />
			<column name="group_id" />
			<column name="provisioning_status" />
			<column name="global" valueBoolean="true" />
		</insert>
		<insert tableName="asset">
			<column name="id" valueNumeric="8095" />
			<column name="identifier" value="8666376616" />
			<column name="create_datetime" valueDate="2014-10-22T23:18:35.397" />
			<column name="status_id" valueNumeric="10501" />
			<column name="entity_id" valueNumeric="1" />
			<column name="deleted" valueNumeric="0" />
			<column name="item_id" valueNumeric="320104" />
			<column name="order_line_id" />
			<column name="notes" value="Bulk Upload" />
			<column name="optlock" valueNumeric="0" />
			<column name="group_id" />
			<column name="provisioning_status" />
			<column name="global" valueBoolean="true" />
		</insert>
		<insert tableName="asset">
			<column name="id" valueNumeric="8096" />
			<column name="identifier" value="8666376753" />
			<column name="create_datetime" valueDate="2014-10-22T23:18:35.412" />
			<column name="status_id" valueNumeric="10501" />
			<column name="entity_id" valueNumeric="1" />
			<column name="deleted" valueNumeric="0" />
			<column name="item_id" valueNumeric="320104" />
			<column name="order_line_id" />
			<column name="notes" value="Bulk Upload" />
			<column name="optlock" valueNumeric="0" />
			<column name="group_id" />
			<column name="provisioning_status" />
			<column name="global" valueBoolean="true" />
		</insert>
		<insert tableName="asset">
			<column name="id" valueNumeric="8097" />
			<column name="identifier" value="8666376790" />
			<column name="create_datetime" valueDate="2014-10-22T23:18:35.424" />
			<column name="status_id" valueNumeric="10501" />
			<column name="entity_id" valueNumeric="1" />
			<column name="deleted" valueNumeric="0" />
			<column name="item_id" valueNumeric="320104" />
			<column name="order_line_id" />
			<column name="notes" value="Bulk Upload" />
			<column name="optlock" valueNumeric="0" />
			<column name="group_id" />
			<column name="provisioning_status" />
			<column name="global" valueBoolean="true" />
		</insert>
		<insert tableName="asset">
			<column name="id" valueNumeric="8098" />
			<column name="identifier" value="8666380730" />
			<column name="create_datetime" valueDate="2014-10-22T23:18:35.434" />
			<column name="status_id" valueNumeric="10501" />
			<column name="entity_id" valueNumeric="1" />
			<column name="deleted" valueNumeric="0" />
			<column name="item_id" valueNumeric="320104" />
			<column name="order_line_id" />
			<column name="notes" value="Bulk Upload" />
			<column name="optlock" valueNumeric="0" />
			<column name="group_id" />
			<column name="provisioning_status" />
			<column name="global" valueBoolean="true" />
		</insert>
		<insert tableName="asset">
			<column name="id" valueNumeric="8099" />
			<column name="identifier" value="8666382672" />
			<column name="create_datetime" valueDate="2014-10-22T23:18:35.441" />
			<column name="status_id" valueNumeric="10501" />
			<column name="entity_id" valueNumeric="1" />
			<column name="deleted" valueNumeric="0" />
			<column name="item_id" valueNumeric="320104" />
			<column name="order_line_id" />
			<column name="notes" value="Bulk Upload" />
			<column name="optlock" valueNumeric="0" />
			<column name="group_id" />
			<column name="provisioning_status" />
			<column name="global" valueBoolean="true" />
		</insert>
		<insert tableName="asset">
			<column name="id" valueNumeric="8100" />
			<column name="identifier" value="8666383747" />
			<column name="create_datetime" valueDate="2014-10-22T23:18:35.464" />
			<column name="status_id" valueNumeric="10501" />
			<column name="entity_id" valueNumeric="1" />
			<column name="deleted" valueNumeric="0" />
			<column name="item_id" valueNumeric="320104" />
			<column name="order_line_id" />
			<column name="notes" value="Bulk Upload" />
			<column name="optlock" valueNumeric="0" />
			<column name="group_id" />
			<column name="provisioning_status" />
			<column name="global" valueBoolean="true" />
		</insert>
		<insert tableName="asset">
			<column name="id" valueNumeric="8101" />
			<column name="identifier" value="8666384904" />
			<column name="create_datetime" valueDate="2014-10-22T23:18:35.510" />
			<column name="status_id" valueNumeric="10501" />
			<column name="entity_id" valueNumeric="1" />
			<column name="deleted" valueNumeric="0" />
			<column name="item_id" valueNumeric="320104" />
			<column name="order_line_id" />
			<column name="notes" value="Bulk Upload" />
			<column name="optlock" valueNumeric="0" />
			<column name="group_id" />
			<column name="provisioning_status" />
			<column name="global" valueBoolean="true" />
		</insert>
		<insert tableName="asset">
			<column name="id" valueNumeric="8102" />
			<column name="identifier" value="8666385251" />
			<column name="create_datetime" valueDate="2014-10-22T23:18:35.567" />
			<column name="status_id" valueNumeric="10501" />
			<column name="entity_id" valueNumeric="1" />
			<column name="deleted" valueNumeric="0" />
			<column name="item_id" valueNumeric="320104" />
			<column name="order_line_id" />
			<column name="notes" value="Bulk Upload" />
			<column name="optlock" valueNumeric="0" />
			<column name="group_id" />
			<column name="provisioning_status" />
			<column name="global" valueBoolean="true" />
		</insert>
		<insert tableName="asset">
			<column name="id" valueNumeric="8103" />
			<column name="identifier" value="8666385254" />
			<column name="create_datetime" valueDate="2014-10-22T23:18:35.585" />
			<column name="status_id" valueNumeric="10501" />
			<column name="entity_id" valueNumeric="1" />
			<column name="deleted" valueNumeric="0" />
			<column name="item_id" valueNumeric="320104" />
			<column name="order_line_id" />
			<column name="notes" value="Bulk Upload" />
			<column name="optlock" valueNumeric="0" />
			<column name="group_id" />
			<column name="provisioning_status" />
			<column name="global" valueBoolean="true" />
		</insert>
		<insert tableName="asset">
			<column name="id" valueNumeric="8104" />
			<column name="identifier" value="8666385255" />
			<column name="create_datetime" valueDate="2014-10-22T23:18:35.626" />
			<column name="status_id" valueNumeric="10501" />
			<column name="entity_id" valueNumeric="1" />
			<column name="deleted" valueNumeric="0" />
			<column name="item_id" valueNumeric="320104" />
			<column name="order_line_id" />
			<column name="notes" value="Bulk Upload" />
			<column name="optlock" valueNumeric="0" />
			<column name="group_id" />
			<column name="provisioning_status" />
			<column name="global" valueBoolean="true" />
		</insert>
		<insert tableName="asset">
			<column name="id" valueNumeric="8105" />
			<column name="identifier" value="8666385256" />
			<column name="create_datetime" valueDate="2014-10-22T23:18:35.641" />
			<column name="status_id" valueNumeric="10501" />
			<column name="entity_id" valueNumeric="1" />
			<column name="deleted" valueNumeric="0" />
			<column name="item_id" valueNumeric="320104" />
			<column name="order_line_id" />
			<column name="notes" value="Bulk Upload" />
			<column name="optlock" valueNumeric="0" />
			<column name="group_id" />
			<column name="provisioning_status" />
			<column name="global" valueBoolean="true" />
		</insert>
		<insert tableName="asset">
			<column name="id" valueNumeric="8106" />
			<column name="identifier" value="8666386567" />
			<column name="create_datetime" valueDate="2014-10-22T23:18:35.652" />
			<column name="status_id" valueNumeric="10501" />
			<column name="entity_id" valueNumeric="1" />
			<column name="deleted" valueNumeric="0" />
			<column name="item_id" valueNumeric="320104" />
			<column name="order_line_id" />
			<column name="notes" value="Bulk Upload" />
			<column name="optlock" valueNumeric="0" />
			<column name="group_id" />
			<column name="provisioning_status" />
			<column name="global" valueBoolean="true" />
		</insert>
		<insert tableName="asset">
			<column name="id" valueNumeric="8107" />
			<column name="identifier" value="8666387823" />
			<column name="create_datetime" valueDate="2014-10-22T23:18:35.676" />
			<column name="status_id" valueNumeric="10501" />
			<column name="entity_id" valueNumeric="1" />
			<column name="deleted" valueNumeric="0" />
			<column name="item_id" valueNumeric="320104" />
			<column name="order_line_id" />
			<column name="notes" value="Bulk Upload" />
			<column name="optlock" valueNumeric="0" />
			<column name="group_id" />
			<column name="provisioning_status" />
			<column name="global" valueBoolean="true" />
		</insert>
		<insert tableName="asset">
			<column name="id" valueNumeric="8108" />
			<column name="identifier" value="8666389736" />
			<column name="create_datetime" valueDate="2014-10-22T23:18:35.692" />
			<column name="status_id" valueNumeric="10501" />
			<column name="entity_id" valueNumeric="1" />
			<column name="deleted" valueNumeric="0" />
			<column name="item_id" valueNumeric="320104" />
			<column name="order_line_id" />
			<column name="notes" value="Bulk Upload" />
			<column name="optlock" valueNumeric="0" />
			<column name="group_id" />
			<column name="provisioning_status" />
			<column name="global" valueBoolean="true" />
		</insert>
		<insert tableName="asset">
			<column name="id" valueNumeric="8109" />
			<column name="identifier" value="8666398554" />
			<column name="create_datetime" valueDate="2014-10-22T23:18:35.698" />
			<column name="status_id" valueNumeric="10501" />
			<column name="entity_id" valueNumeric="1" />
			<column name="deleted" valueNumeric="0" />
			<column name="item_id" valueNumeric="320104" />
			<column name="order_line_id" />
			<column name="notes" value="Bulk Upload" />
			<column name="optlock" valueNumeric="0" />
			<column name="group_id" />
			<column name="provisioning_status" />
			<column name="global" valueBoolean="true" />
		</insert>
		<insert tableName="asset">
			<column name="id" valueNumeric="8110" />
			<column name="identifier" value="8666400801" />
			<column name="create_datetime" valueDate="2014-10-22T23:18:35.721" />
			<column name="status_id" valueNumeric="10501" />
			<column name="entity_id" valueNumeric="1" />
			<column name="deleted" valueNumeric="0" />
			<column name="item_id" valueNumeric="320104" />
			<column name="order_line_id" />
			<column name="notes" value="Bulk Upload" />
			<column name="optlock" valueNumeric="0" />
			<column name="group_id" />
			<column name="provisioning_status" />
			<column name="global" valueBoolean="true" />
		</insert>
		<insert tableName="asset">
			<column name="id" valueNumeric="8111" />
			<column name="identifier" value="8666400803" />
			<column name="create_datetime" valueDate="2014-10-22T23:18:35.737" />
			<column name="status_id" valueNumeric="10501" />
			<column name="entity_id" valueNumeric="1" />
			<column name="deleted" valueNumeric="0" />
			<column name="item_id" valueNumeric="320104" />
			<column name="order_line_id" />
			<column name="notes" value="Bulk Upload" />
			<column name="optlock" valueNumeric="0" />
			<column name="group_id" />
			<column name="provisioning_status" />
			<column name="global" valueBoolean="true" />
		</insert>
		<insert tableName="asset">
			<column name="id" valueNumeric="8112" />
			<column name="identifier" value="8666400972" />
			<column name="create_datetime" valueDate="2014-10-22T23:18:35.745" />
			<column name="status_id" valueNumeric="10501" />
			<column name="entity_id" valueNumeric="1" />
			<column name="deleted" valueNumeric="0" />
			<column name="item_id" valueNumeric="320104" />
			<column name="order_line_id" />
			<column name="notes" value="Bulk Upload" />
			<column name="optlock" valueNumeric="0" />
			<column name="group_id" />
			<column name="provisioning_status" />
			<column name="global" valueBoolean="true" />
		</insert>
		<insert tableName="asset">
			<column name="id" valueNumeric="8113" />
			<column name="identifier" value="8666402618" />
			<column name="create_datetime" valueDate="2014-10-22T23:18:35.751" />
			<column name="status_id" valueNumeric="10501" />
			<column name="entity_id" valueNumeric="1" />
			<column name="deleted" valueNumeric="0" />
			<column name="item_id" valueNumeric="320104" />
			<column name="order_line_id" />
			<column name="notes" value="Bulk Upload" />
			<column name="optlock" valueNumeric="0" />
			<column name="group_id" />
			<column name="provisioning_status" />
			<column name="global" valueBoolean="true" />
		</insert>
		<insert tableName="asset">
			<column name="id" valueNumeric="8114" />
			<column name="identifier" value="8666403248" />
			<column name="create_datetime" valueDate="2014-10-22T23:18:35.778" />
			<column name="status_id" valueNumeric="10501" />
			<column name="entity_id" valueNumeric="1" />
			<column name="deleted" valueNumeric="0" />
			<column name="item_id" valueNumeric="320104" />
			<column name="order_line_id" />
			<column name="notes" value="Bulk Upload" />
			<column name="optlock" valueNumeric="0" />
			<column name="group_id" />
			<column name="provisioning_status" />
			<column name="global" valueBoolean="true" />
		</insert>
		<insert tableName="asset">
			<column name="id" valueNumeric="8115" />
			<column name="identifier" value="8666407709" />
			<column name="create_datetime" valueDate="2014-10-22T23:18:35.840" />
			<column name="status_id" valueNumeric="10501" />
			<column name="entity_id" valueNumeric="1" />
			<column name="deleted" valueNumeric="0" />
			<column name="item_id" valueNumeric="320104" />
			<column name="order_line_id" />
			<column name="notes" value="Bulk Upload" />
			<column name="optlock" valueNumeric="0" />
			<column name="group_id" />
			<column name="provisioning_status" />
			<column name="global" valueBoolean="true" />
		</insert>
		<insert tableName="asset">
			<column name="id" valueNumeric="8116" />
			<column name="identifier" value="8666412162" />
			<column name="create_datetime" valueDate="2014-10-22T23:18:35.897" />
			<column name="status_id" valueNumeric="10501" />
			<column name="entity_id" valueNumeric="1" />
			<column name="deleted" valueNumeric="0" />
			<column name="item_id" valueNumeric="320104" />
			<column name="order_line_id" />
			<column name="notes" value="Bulk Upload" />
			<column name="optlock" valueNumeric="0" />
			<column name="group_id" />
			<column name="provisioning_status" />
			<column name="global" valueBoolean="true" />
		</insert>
		<insert tableName="asset">
			<column name="id" valueNumeric="8117" />
			<column name="identifier" value="8666419828" />
			<column name="create_datetime" valueDate="2014-10-22T23:18:35.935" />
			<column name="status_id" valueNumeric="10501" />
			<column name="entity_id" valueNumeric="1" />
			<column name="deleted" valueNumeric="0" />
			<column name="item_id" valueNumeric="320104" />
			<column name="order_line_id" />
			<column name="notes" value="Bulk Upload" />
			<column name="optlock" valueNumeric="0" />
			<column name="group_id" />
			<column name="provisioning_status" />
			<column name="global" valueBoolean="true" />
		</insert>
		<insert tableName="asset">
			<column name="id" valueNumeric="8118" />
			<column name="identifier" value="8666429835" />
			<column name="create_datetime" valueDate="2014-10-22T23:18:36.7" />
			<column name="status_id" valueNumeric="10501" />
			<column name="entity_id" valueNumeric="1" />
			<column name="deleted" valueNumeric="0" />
			<column name="item_id" valueNumeric="320104" />
			<column name="order_line_id" />
			<column name="notes" value="Bulk Upload" />
			<column name="optlock" valueNumeric="0" />
			<column name="group_id" />
			<column name="provisioning_status" />
			<column name="global" valueBoolean="true" />
		</insert>
		<insert tableName="asset">
			<column name="id" valueNumeric="8119" />
			<column name="identifier" value="8666435007" />
			<column name="create_datetime" valueDate="2014-10-22T23:18:36.21" />
			<column name="status_id" valueNumeric="10501" />
			<column name="entity_id" valueNumeric="1" />
			<column name="deleted" valueNumeric="0" />
			<column name="item_id" valueNumeric="320104" />
			<column name="order_line_id" />
			<column name="notes" value="Bulk Upload" />
			<column name="optlock" valueNumeric="0" />
			<column name="group_id" />
			<column name="provisioning_status" />
			<column name="global" valueBoolean="true" />
		</insert>
		<insert tableName="asset">
			<column name="id" valueNumeric="8120" />
			<column name="identifier" value="8666436246" />
			<column name="create_datetime" valueDate="2014-10-22T23:18:36.32" />
			<column name="status_id" valueNumeric="10501" />
			<column name="entity_id" valueNumeric="1" />
			<column name="deleted" valueNumeric="0" />
			<column name="item_id" valueNumeric="320104" />
			<column name="order_line_id" />
			<column name="notes" value="Bulk Upload" />
			<column name="optlock" valueNumeric="0" />
			<column name="group_id" />
			<column name="provisioning_status" />
			<column name="global" valueBoolean="true" />
		</insert>
		<insert tableName="asset">
			<column name="id" valueNumeric="8121" />
			<column name="identifier" value="8666442137" />
			<column name="create_datetime" valueDate="2014-10-22T23:18:36.160" />
			<column name="status_id" valueNumeric="10501" />
			<column name="entity_id" valueNumeric="1" />
			<column name="deleted" valueNumeric="0" />
			<column name="item_id" valueNumeric="320104" />
			<column name="order_line_id" />
			<column name="notes" value="Bulk Upload" />
			<column name="optlock" valueNumeric="0" />
			<column name="group_id" />
			<column name="provisioning_status" />
			<column name="global" valueBoolean="true" />
		</insert>
		<insert tableName="asset">
			<column name="id" valueNumeric="8122" />
			<column name="identifier" value="8666442488" />
			<column name="create_datetime" valueDate="2014-10-22T23:18:36.285" />
			<column name="status_id" valueNumeric="10501" />
			<column name="entity_id" valueNumeric="1" />
			<column name="deleted" valueNumeric="0" />
			<column name="item_id" valueNumeric="320104" />
			<column name="order_line_id" />
			<column name="notes" value="Bulk Upload" />
			<column name="optlock" valueNumeric="0" />
			<column name="group_id" />
			<column name="provisioning_status" />
			<column name="global" valueBoolean="true" />
		</insert>
		<insert tableName="asset">
			<column name="id" valueNumeric="8123" />
			<column name="identifier" value="8666442490" />
			<column name="create_datetime" valueDate="2014-10-22T23:18:36.376" />
			<column name="status_id" valueNumeric="10501" />
			<column name="entity_id" valueNumeric="1" />
			<column name="deleted" valueNumeric="0" />
			<column name="item_id" valueNumeric="320104" />
			<column name="order_line_id" />
			<column name="notes" value="Bulk Upload" />
			<column name="optlock" valueNumeric="0" />
			<column name="group_id" />
			<column name="provisioning_status" />
			<column name="global" valueBoolean="true" />
		</insert>
		<insert tableName="asset">
			<column name="id" valueNumeric="8124" />
			<column name="identifier" value="8666446970" />
			<column name="create_datetime" valueDate="2014-10-22T23:18:36.386" />
			<column name="status_id" valueNumeric="10501" />
			<column name="entity_id" valueNumeric="1" />
			<column name="deleted" valueNumeric="0" />
			<column name="item_id" valueNumeric="320104" />
			<column name="order_line_id" />
			<column name="notes" value="Bulk Upload" />
			<column name="optlock" valueNumeric="0" />
			<column name="group_id" />
			<column name="provisioning_status" />
			<column name="global" valueBoolean="true" />
		</insert>
		<insert tableName="asset">
			<column name="id" valueNumeric="8125" />
			<column name="identifier" value="8666448753" />
			<column name="create_datetime" valueDate="2014-10-22T23:18:36.423" />
			<column name="status_id" valueNumeric="10501" />
			<column name="entity_id" valueNumeric="1" />
			<column name="deleted" valueNumeric="0" />
			<column name="item_id" valueNumeric="320104" />
			<column name="order_line_id" />
			<column name="notes" value="Bulk Upload" />
			<column name="optlock" valueNumeric="0" />
			<column name="group_id" />
			<column name="provisioning_status" />
			<column name="global" valueBoolean="true" />
		</insert>
		<insert tableName="asset">
			<column name="id" valueNumeric="8126" />
			<column name="identifier" value="8666452657" />
			<column name="create_datetime" valueDate="2014-10-22T23:18:36.464" />
			<column name="status_id" valueNumeric="10501" />
			<column name="entity_id" valueNumeric="1" />
			<column name="deleted" valueNumeric="0" />
			<column name="item_id" valueNumeric="320104" />
			<column name="order_line_id" />
			<column name="notes" value="Bulk Upload" />
			<column name="optlock" valueNumeric="0" />
			<column name="group_id" />
			<column name="provisioning_status" />
			<column name="global" valueBoolean="true" />
		</insert>
		<insert tableName="asset">
			<column name="id" valueNumeric="8127" />
			<column name="identifier" value="8666453227" />
			<column name="create_datetime" valueDate="2014-10-22T23:18:36.470" />
			<column name="status_id" valueNumeric="10501" />
			<column name="entity_id" valueNumeric="1" />
			<column name="deleted" valueNumeric="0" />
			<column name="item_id" valueNumeric="320104" />
			<column name="order_line_id" />
			<column name="notes" value="Bulk Upload" />
			<column name="optlock" valueNumeric="0" />
			<column name="group_id" />
			<column name="provisioning_status" />
			<column name="global" valueBoolean="true" />
		</insert>
		<insert tableName="asset">
			<column name="id" valueNumeric="8128" />
			<column name="identifier" value="8666456478" />
			<column name="create_datetime" valueDate="2014-10-22T23:18:36.478" />
			<column name="status_id" valueNumeric="10501" />
			<column name="entity_id" valueNumeric="1" />
			<column name="deleted" valueNumeric="0" />
			<column name="item_id" valueNumeric="320104" />
			<column name="order_line_id" />
			<column name="notes" value="Bulk Upload" />
			<column name="optlock" valueNumeric="0" />
			<column name="group_id" />
			<column name="provisioning_status" />
			<column name="global" valueBoolean="true" />
		</insert>
		<insert tableName="asset">
			<column name="id" valueNumeric="8129" />
			<column name="identifier" value="8666459006" />
			<column name="create_datetime" valueDate="2014-10-22T23:18:36.512" />
			<column name="status_id" valueNumeric="10501" />
			<column name="entity_id" valueNumeric="1" />
			<column name="deleted" valueNumeric="0" />
			<column name="item_id" valueNumeric="320104" />
			<column name="order_line_id" />
			<column name="notes" value="Bulk Upload" />
			<column name="optlock" valueNumeric="0" />
			<column name="group_id" />
			<column name="provisioning_status" />
			<column name="global" valueBoolean="true" />
		</insert>
		<insert tableName="asset">
			<column name="id" valueNumeric="8130" />
			<column name="identifier" value="8666459009" />
			<column name="create_datetime" valueDate="2014-10-22T23:18:36.523" />
			<column name="status_id" valueNumeric="10501" />
			<column name="entity_id" valueNumeric="1" />
			<column name="deleted" valueNumeric="0" />
			<column name="item_id" valueNumeric="320104" />
			<column name="order_line_id" />
			<column name="notes" value="Bulk Upload" />
			<column name="optlock" valueNumeric="0" />
			<column name="group_id" />
			<column name="provisioning_status" />
			<column name="global" valueBoolean="true" />
		</insert>
		<insert tableName="asset">
			<column name="id" valueNumeric="7833" />
			<column name="identifier" value="8665854019" />
			<column name="create_datetime" valueDate="2014-10-22T23:18:26.896" />
			<column name="status_id" valueNumeric="10501" />
			<column name="entity_id" valueNumeric="1" />
			<column name="deleted" valueNumeric="0" />
			<column name="item_id" valueNumeric="320104" />
			<column name="order_line_id" />
			<column name="notes" value="Bulk Upload" />
			<column name="optlock" valueNumeric="0" />
			<column name="group_id" />
			<column name="provisioning_status" />
			<column name="global" valueBoolean="true" />
		</insert>
		<insert tableName="asset">
			<column name="id" valueNumeric="7834" />
			<column name="identifier" value="8665854047" />
			<column name="create_datetime" valueDate="2014-10-22T23:18:26.920" />
			<column name="status_id" valueNumeric="10501" />
			<column name="entity_id" valueNumeric="1" />
			<column name="deleted" valueNumeric="0" />
			<column name="item_id" valueNumeric="320104" />
			<column name="order_line_id" />
			<column name="notes" value="Bulk Upload" />
			<column name="optlock" valueNumeric="0" />
			<column name="group_id" />
			<column name="provisioning_status" />
			<column name="global" valueBoolean="true" />
		</insert>
		<insert tableName="asset">
			<column name="id" valueNumeric="7835" />
			<column name="identifier" value="8665854053" />
			<column name="create_datetime" valueDate="2014-10-22T23:18:26.933" />
			<column name="status_id" valueNumeric="10501" />
			<column name="entity_id" valueNumeric="1" />
			<column name="deleted" valueNumeric="0" />
			<column name="item_id" valueNumeric="320104" />
			<column name="order_line_id" />
			<column name="notes" value="Bulk Upload" />
			<column name="optlock" valueNumeric="0" />
			<column name="group_id" />
			<column name="provisioning_status" />
			<column name="global" valueBoolean="true" />
		</insert>
		<insert tableName="asset">
			<column name="id" valueNumeric="7836" />
			<column name="identifier" value="8665855112" />
			<column name="create_datetime" valueDate="2014-10-22T23:18:27.42" />
			<column name="status_id" valueNumeric="10501" />
			<column name="entity_id" valueNumeric="1" />
			<column name="deleted" valueNumeric="0" />
			<column name="item_id" valueNumeric="320104" />
			<column name="order_line_id" />
			<column name="notes" value="Bulk Upload" />
			<column name="optlock" valueNumeric="0" />
			<column name="group_id" />
			<column name="provisioning_status" />
			<column name="global" valueBoolean="true" />
		</insert>
		<insert tableName="asset">
			<column name="id" valueNumeric="7837" />
			<column name="identifier" value="8665857034" />
			<column name="create_datetime" valueDate="2014-10-22T23:18:27.54" />
			<column name="status_id" valueNumeric="10501" />
			<column name="entity_id" valueNumeric="1" />
			<column name="deleted" valueNumeric="0" />
			<column name="item_id" valueNumeric="320104" />
			<column name="order_line_id" />
			<column name="notes" value="Bulk Upload" />
			<column name="optlock" valueNumeric="0" />
			<column name="group_id" />
			<column name="provisioning_status" />
			<column name="global" valueBoolean="true" />
		</insert>
		<insert tableName="asset">
			<column name="id" valueNumeric="7838" />
			<column name="identifier" value="8665861070" />
			<column name="create_datetime" valueDate="2014-10-22T23:18:27.71" />
			<column name="status_id" valueNumeric="10501" />
			<column name="entity_id" valueNumeric="1" />
			<column name="deleted" valueNumeric="0" />
			<column name="item_id" valueNumeric="320104" />
			<column name="order_line_id" />
			<column name="notes" value="Bulk Upload" />
			<column name="optlock" valueNumeric="0" />
			<column name="group_id" />
			<column name="provisioning_status" />
			<column name="global" valueBoolean="true" />
		</insert>
		<insert tableName="asset">
			<column name="id" valueNumeric="7839" />
			<column name="identifier" value="8665862427" />
			<column name="create_datetime" valueDate="2014-10-22T23:18:27.89" />
			<column name="status_id" valueNumeric="10501" />
			<column name="entity_id" valueNumeric="1" />
			<column name="deleted" valueNumeric="0" />
			<column name="item_id" valueNumeric="320104" />
			<column name="order_line_id" />
			<column name="notes" value="Bulk Upload" />
			<column name="optlock" valueNumeric="0" />
			<column name="group_id" />
			<column name="provisioning_status" />
			<column name="global" valueBoolean="true" />
		</insert>
		<insert tableName="asset">
			<column name="id" valueNumeric="7840" />
			<column name="identifier" value="8665864405" />
			<column name="create_datetime" valueDate="2014-10-22T23:18:27.101" />
			<column name="status_id" valueNumeric="10501" />
			<column name="entity_id" valueNumeric="1" />
			<column name="deleted" valueNumeric="0" />
			<column name="item_id" valueNumeric="320104" />
			<column name="order_line_id" />
			<column name="notes" value="Bulk Upload" />
			<column name="optlock" valueNumeric="0" />
			<column name="group_id" />
			<column name="provisioning_status" />
			<column name="global" valueBoolean="true" />
		</insert>
		<insert tableName="asset">
			<column name="id" valueNumeric="7841" />
			<column name="identifier" value="8665864440" />
			<column name="create_datetime" valueDate="2014-10-22T23:18:27.146" />
			<column name="status_id" valueNumeric="10501" />
			<column name="entity_id" valueNumeric="1" />
			<column name="deleted" valueNumeric="0" />
			<column name="item_id" valueNumeric="320104" />
			<column name="order_line_id" />
			<column name="notes" value="Bulk Upload" />
			<column name="optlock" valueNumeric="0" />
			<column name="group_id" />
			<column name="provisioning_status" />
			<column name="global" valueBoolean="true" />
		</insert>
		<insert tableName="asset">
			<column name="id" valueNumeric="7842" />
			<column name="identifier" value="8665868522" />
			<column name="create_datetime" valueDate="2014-10-22T23:18:27.153" />
			<column name="status_id" valueNumeric="10501" />
			<column name="entity_id" valueNumeric="1" />
			<column name="deleted" valueNumeric="0" />
			<column name="item_id" valueNumeric="320104" />
			<column name="order_line_id" />
			<column name="notes" value="Bulk Upload" />
			<column name="optlock" valueNumeric="0" />
			<column name="group_id" />
			<column name="provisioning_status" />
			<column name="global" valueBoolean="true" />
		</insert>
		<insert tableName="asset">
			<column name="id" valueNumeric="7843" />
			<column name="identifier" value="8665868645" />
			<column name="create_datetime" valueDate="2014-10-22T23:18:27.187" />
			<column name="status_id" valueNumeric="10501" />
			<column name="entity_id" valueNumeric="1" />
			<column name="deleted" valueNumeric="0" />
			<column name="item_id" valueNumeric="320104" />
			<column name="order_line_id" />
			<column name="notes" value="Bulk Upload" />
			<column name="optlock" valueNumeric="0" />
			<column name="group_id" />
			<column name="provisioning_status" />
			<column name="global" valueBoolean="true" />
		</insert>
		<insert tableName="asset">
			<column name="id" valueNumeric="7844" />
			<column name="identifier" value="8665868679" />
			<column name="create_datetime" valueDate="2014-10-22T23:18:27.240" />
			<column name="status_id" valueNumeric="10501" />
			<column name="entity_id" valueNumeric="1" />
			<column name="deleted" valueNumeric="0" />
			<column name="item_id" valueNumeric="320104" />
			<column name="order_line_id" />
			<column name="notes" value="Bulk Upload" />
			<column name="optlock" valueNumeric="0" />
			<column name="group_id" />
			<column name="provisioning_status" />
			<column name="global" valueBoolean="true" />
		</insert>
		<insert tableName="asset">
			<column name="id" valueNumeric="7845" />
			<column name="identifier" value="8665868689" />
			<column name="create_datetime" valueDate="2014-10-22T23:18:27.250" />
			<column name="status_id" valueNumeric="10501" />
			<column name="entity_id" valueNumeric="1" />
			<column name="deleted" valueNumeric="0" />
			<column name="item_id" valueNumeric="320104" />
			<column name="order_line_id" />
			<column name="notes" value="Bulk Upload" />
			<column name="optlock" valueNumeric="0" />
			<column name="group_id" />
			<column name="provisioning_status" />
			<column name="global" valueBoolean="true" />
		</insert>
		<insert tableName="asset">
			<column name="id" valueNumeric="7846" />
			<column name="identifier" value="8665868805" />
			<column name="create_datetime" valueDate="2014-10-22T23:18:27.257" />
			<column name="status_id" valueNumeric="10501" />
			<column name="entity_id" valueNumeric="1" />
			<column name="deleted" valueNumeric="0" />
			<column name="item_id" valueNumeric="320104" />
			<column name="order_line_id" />
			<column name="notes" value="Bulk Upload" />
			<column name="optlock" valueNumeric="0" />
			<column name="group_id" />
			<column name="provisioning_status" />
			<column name="global" valueBoolean="true" />
		</insert>
		<insert tableName="asset">
			<column name="id" valueNumeric="7847" />
			<column name="identifier" value="8665875232" />
			<column name="create_datetime" valueDate="2014-10-22T23:18:27.281" />
			<column name="status_id" valueNumeric="10501" />
			<column name="entity_id" valueNumeric="1" />
			<column name="deleted" valueNumeric="0" />
			<column name="item_id" valueNumeric="320104" />
			<column name="order_line_id" />
			<column name="notes" value="Bulk Upload" />
			<column name="optlock" valueNumeric="0" />
			<column name="group_id" />
			<column name="provisioning_status" />
			<column name="global" valueBoolean="true" />
		</insert>
		<insert tableName="asset">
			<column name="id" valueNumeric="7848" />
			<column name="identifier" value="8665877686" />
			<column name="create_datetime" valueDate="2014-10-22T23:18:27.347" />
			<column name="status_id" valueNumeric="10501" />
			<column name="entity_id" valueNumeric="1" />
			<column name="deleted" valueNumeric="0" />
			<column name="item_id" valueNumeric="320104" />
			<column name="order_line_id" />
			<column name="notes" value="Bulk Upload" />
			<column name="optlock" valueNumeric="0" />
			<column name="group_id" />
			<column name="provisioning_status" />
			<column name="global" valueBoolean="true" />
		</insert>
		<insert tableName="asset">
			<column name="id" valueNumeric="7849" />
			<column name="identifier" value="8665883521" />
			<column name="create_datetime" valueDate="2014-10-22T23:18:27.357" />
			<column name="status_id" valueNumeric="10501" />
			<column name="entity_id" valueNumeric="1" />
			<column name="deleted" valueNumeric="0" />
			<column name="item_id" valueNumeric="320104" />
			<column name="order_line_id" />
			<column name="notes" value="Bulk Upload" />
			<column name="optlock" valueNumeric="0" />
			<column name="group_id" />
			<column name="provisioning_status" />
			<column name="global" valueBoolean="true" />
		</insert>
		<insert tableName="asset">
			<column name="id" valueNumeric="7850" />
			<column name="identifier" value="8665890065" />
			<column name="create_datetime" valueDate="2014-10-22T23:18:27.365" />
			<column name="status_id" valueNumeric="10501" />
			<column name="entity_id" valueNumeric="1" />
			<column name="deleted" valueNumeric="0" />
			<column name="item_id" valueNumeric="320104" />
			<column name="order_line_id" />
			<column name="notes" value="Bulk Upload" />
			<column name="optlock" valueNumeric="0" />
			<column name="group_id" />
			<column name="provisioning_status" />
			<column name="global" valueBoolean="true" />
		</insert>
		<insert tableName="asset">
			<column name="id" valueNumeric="7851" />
			<column name="identifier" value="8665893305" />
			<column name="create_datetime" valueDate="2014-10-22T23:18:27.392" />
			<column name="status_id" valueNumeric="10501" />
			<column name="entity_id" valueNumeric="1" />
			<column name="deleted" valueNumeric="0" />
			<column name="item_id" valueNumeric="320104" />
			<column name="order_line_id" />
			<column name="notes" value="Bulk Upload" />
			<column name="optlock" valueNumeric="0" />
			<column name="group_id" />
			<column name="provisioning_status" />
			<column name="global" valueBoolean="true" />
		</insert>
		<insert tableName="asset">
			<column name="id" valueNumeric="7852" />
			<column name="identifier" value="8665897727" />
			<column name="create_datetime" valueDate="2014-10-22T23:18:27.422" />
			<column name="status_id" valueNumeric="10501" />
			<column name="entity_id" valueNumeric="1" />
			<column name="deleted" valueNumeric="0" />
			<column name="item_id" valueNumeric="320104" />
			<column name="order_line_id" />
			<column name="notes" value="Bulk Upload" />
			<column name="optlock" valueNumeric="0" />
			<column name="group_id" />
			<column name="provisioning_status" />
			<column name="global" valueBoolean="true" />
		</insert>
		<insert tableName="asset">
			<column name="id" valueNumeric="7853" />
			<column name="identifier" value="8665903082" />
			<column name="create_datetime" valueDate="2014-10-22T23:18:27.435" />
			<column name="status_id" valueNumeric="10501" />
			<column name="entity_id" valueNumeric="1" />
			<column name="deleted" valueNumeric="0" />
			<column name="item_id" valueNumeric="320104" />
			<column name="order_line_id" />
			<column name="notes" value="Bulk Upload" />
			<column name="optlock" valueNumeric="0" />
			<column name="group_id" />
			<column name="provisioning_status" />
			<column name="global" valueBoolean="true" />
		</insert>
		<insert tableName="asset">
			<column name="id" valueNumeric="7854" />
			<column name="identifier" value="8665905955" />
			<column name="create_datetime" valueDate="2014-10-22T23:18:27.464" />
			<column name="status_id" valueNumeric="10501" />
			<column name="entity_id" valueNumeric="1" />
			<column name="deleted" valueNumeric="0" />
			<column name="item_id" valueNumeric="320104" />
			<column name="order_line_id" />
			<column name="notes" value="Bulk Upload" />
			<column name="optlock" valueNumeric="0" />
			<column name="group_id" />
			<column name="provisioning_status" />
			<column name="global" valueBoolean="true" />
		</insert>
		<insert tableName="asset">
			<column name="id" valueNumeric="7855" />
			<column name="identifier" value="8665906750" />
			<column name="create_datetime" valueDate="2014-10-22T23:18:27.475" />
			<column name="status_id" valueNumeric="10501" />
			<column name="entity_id" valueNumeric="1" />
			<column name="deleted" valueNumeric="0" />
			<column name="item_id" valueNumeric="320104" />
			<column name="order_line_id" />
			<column name="notes" value="Bulk Upload" />
			<column name="optlock" valueNumeric="0" />
			<column name="group_id" />
			<column name="provisioning_status" />
			<column name="global" valueBoolean="true" />
		</insert>
		<insert tableName="asset">
			<column name="id" valueNumeric="7856" />
			<column name="identifier" value="8665906813" />
			<column name="create_datetime" valueDate="2014-10-22T23:18:27.482" />
			<column name="status_id" valueNumeric="10501" />
			<column name="entity_id" valueNumeric="1" />
			<column name="deleted" valueNumeric="0" />
			<column name="item_id" valueNumeric="320104" />
			<column name="order_line_id" />
			<column name="notes" value="Bulk Upload" />
			<column name="optlock" valueNumeric="0" />
			<column name="group_id" />
			<column name="provisioning_status" />
			<column name="global" valueBoolean="true" />
		</insert>
		<insert tableName="asset">
			<column name="id" valueNumeric="7857" />
			<column name="identifier" value="8665918708" />
			<column name="create_datetime" valueDate="2014-10-22T23:18:27.503" />
			<column name="status_id" valueNumeric="10501" />
			<column name="entity_id" valueNumeric="1" />
			<column name="deleted" valueNumeric="0" />
			<column name="item_id" valueNumeric="320104" />
			<column name="order_line_id" />
			<column name="notes" value="Bulk Upload" />
			<column name="optlock" valueNumeric="0" />
			<column name="group_id" />
			<column name="provisioning_status" />
			<column name="global" valueBoolean="true" />
		</insert>
		<insert tableName="asset">
			<column name="id" valueNumeric="7858" />
			<column name="identifier" value="8665925010" />
			<column name="create_datetime" valueDate="2014-10-22T23:18:27.633" />
			<column name="status_id" valueNumeric="10501" />
			<column name="entity_id" valueNumeric="1" />
			<column name="deleted" valueNumeric="0" />
			<column name="item_id" valueNumeric="320104" />
			<column name="order_line_id" />
			<column name="notes" value="Bulk Upload" />
			<column name="optlock" valueNumeric="0" />
			<column name="group_id" />
			<column name="provisioning_status" />
			<column name="global" valueBoolean="true" />
		</insert>
		<insert tableName="asset">
			<column name="id" valueNumeric="7859" />
			<column name="identifier" value="8665941295" />
			<column name="create_datetime" valueDate="2014-10-22T23:18:27.651" />
			<column name="status_id" valueNumeric="10501" />
			<column name="entity_id" valueNumeric="1" />
			<column name="deleted" valueNumeric="0" />
			<column name="item_id" valueNumeric="320104" />
			<column name="order_line_id" />
			<column name="notes" value="Bulk Upload" />
			<column name="optlock" valueNumeric="0" />
			<column name="group_id" />
			<column name="provisioning_status" />
			<column name="global" valueBoolean="true" />
		</insert>
		<insert tableName="asset">
			<column name="id" valueNumeric="7860" />
			<column name="identifier" value="8665941774" />
			<column name="create_datetime" valueDate="2014-10-22T23:18:27.678" />
			<column name="status_id" valueNumeric="10501" />
			<column name="entity_id" valueNumeric="1" />
			<column name="deleted" valueNumeric="0" />
			<column name="item_id" valueNumeric="320104" />
			<column name="order_line_id" />
			<column name="notes" value="Bulk Upload" />
			<column name="optlock" valueNumeric="0" />
			<column name="group_id" />
			<column name="provisioning_status" />
			<column name="global" valueBoolean="true" />
		</insert>
		<insert tableName="asset">
			<column name="id" valueNumeric="7861" />
			<column name="identifier" value="8665941775" />
			<column name="create_datetime" valueDate="2014-10-22T23:18:27.817" />
			<column name="status_id" valueNumeric="10501" />
			<column name="entity_id" valueNumeric="1" />
			<column name="deleted" valueNumeric="0" />
			<column name="item_id" valueNumeric="320104" />
			<column name="order_line_id" />
			<column name="notes" value="Bulk Upload" />
			<column name="optlock" valueNumeric="0" />
			<column name="group_id" />
			<column name="provisioning_status" />
			<column name="global" valueBoolean="true" />
		</insert>
		<insert tableName="asset">
			<column name="id" valueNumeric="7862" />
			<column name="identifier" value="8665941776" />
			<column name="create_datetime" valueDate="2014-10-22T23:18:27.890" />
			<column name="status_id" valueNumeric="10501" />
			<column name="entity_id" valueNumeric="1" />
			<column name="deleted" valueNumeric="0" />
			<column name="item_id" valueNumeric="320104" />
			<column name="order_line_id" />
			<column name="notes" value="Bulk Upload" />
			<column name="optlock" valueNumeric="0" />
			<column name="group_id" />
			<column name="provisioning_status" />
			<column name="global" valueBoolean="true" />
		</insert>
		<insert tableName="asset">
			<column name="id" valueNumeric="7863" />
			<column name="identifier" value="8665944495" />
			<column name="create_datetime" valueDate="2014-10-22T23:18:27.932" />
			<column name="status_id" valueNumeric="10501" />
			<column name="entity_id" valueNumeric="1" />
			<column name="deleted" valueNumeric="0" />
			<column name="item_id" valueNumeric="320104" />
			<column name="order_line_id" />
			<column name="notes" value="Bulk Upload" />
			<column name="optlock" valueNumeric="0" />
			<column name="group_id" />
			<column name="provisioning_status" />
			<column name="global" valueBoolean="true" />
		</insert>
		<insert tableName="asset">
			<column name="id" valueNumeric="7864" />
			<column name="identifier" value="8665946584" />
			<column name="create_datetime" valueDate="2014-10-22T23:18:28.65" />
			<column name="status_id" valueNumeric="10501" />
			<column name="entity_id" valueNumeric="1" />
			<column name="deleted" valueNumeric="0" />
			<column name="item_id" valueNumeric="320104" />
			<column name="order_line_id" />
			<column name="notes" value="Bulk Upload" />
			<column name="optlock" valueNumeric="0" />
			<column name="group_id" />
			<column name="provisioning_status" />
			<column name="global" valueBoolean="true" />
		</insert>
		<insert tableName="asset">
			<column name="id" valueNumeric="7865" />
			<column name="identifier" value="8665950483" />
			<column name="create_datetime" valueDate="2014-10-22T23:18:28.215" />
			<column name="status_id" valueNumeric="10501" />
			<column name="entity_id" valueNumeric="1" />
			<column name="deleted" valueNumeric="0" />
			<column name="item_id" valueNumeric="320104" />
			<column name="order_line_id" />
			<column name="notes" value="Bulk Upload" />
			<column name="optlock" valueNumeric="0" />
			<column name="group_id" />
			<column name="provisioning_status" />
			<column name="global" valueBoolean="true" />
		</insert>
		<insert tableName="asset">
			<column name="id" valueNumeric="7866" />
			<column name="identifier" value="8665958386" />
			<column name="create_datetime" valueDate="2014-10-22T23:18:28.281" />
			<column name="status_id" valueNumeric="10501" />
			<column name="entity_id" valueNumeric="1" />
			<column name="deleted" valueNumeric="0" />
			<column name="item_id" valueNumeric="320104" />
			<column name="order_line_id" />
			<column name="notes" value="Bulk Upload" />
			<column name="optlock" valueNumeric="0" />
			<column name="group_id" />
			<column name="provisioning_status" />
			<column name="global" valueBoolean="true" />
		</insert>
		<insert tableName="asset">
			<column name="id" valueNumeric="7867" />
			<column name="identifier" value="8665963390" />
			<column name="create_datetime" valueDate="2014-10-22T23:18:28.289" />
			<column name="status_id" valueNumeric="10501" />
			<column name="entity_id" valueNumeric="1" />
			<column name="deleted" valueNumeric="0" />
			<column name="item_id" valueNumeric="320104" />
			<column name="order_line_id" />
			<column name="notes" value="Bulk Upload" />
			<column name="optlock" valueNumeric="0" />
			<column name="group_id" />
			<column name="provisioning_status" />
			<column name="global" valueBoolean="true" />
		</insert>
		<insert tableName="asset">
			<column name="id" valueNumeric="7868" />
			<column name="identifier" value="8665965399" />
			<column name="create_datetime" valueDate="2014-10-22T23:18:28.303" />
			<column name="status_id" valueNumeric="10501" />
			<column name="entity_id" valueNumeric="1" />
			<column name="deleted" valueNumeric="0" />
			<column name="item_id" valueNumeric="320104" />
			<column name="order_line_id" />
			<column name="notes" value="Bulk Upload" />
			<column name="optlock" valueNumeric="0" />
			<column name="group_id" />
			<column name="provisioning_status" />
			<column name="global" valueBoolean="true" />
		</insert>
		<insert tableName="asset">
			<column name="id" valueNumeric="7869" />
			<column name="identifier" value="8665966326" />
			<column name="create_datetime" valueDate="2014-10-22T23:18:28.337" />
			<column name="status_id" valueNumeric="10501" />
			<column name="entity_id" valueNumeric="1" />
			<column name="deleted" valueNumeric="0" />
			<column name="item_id" valueNumeric="320104" />
			<column name="order_line_id" />
			<column name="notes" value="Bulk Upload" />
			<column name="optlock" valueNumeric="0" />
			<column name="group_id" />
			<column name="provisioning_status" />
			<column name="global" valueBoolean="true" />
		</insert>
		<insert tableName="asset">
			<column name="id" valueNumeric="7870" />
			<column name="identifier" value="8665968017" />
			<column name="create_datetime" valueDate="2014-10-22T23:18:28.349" />
			<column name="status_id" valueNumeric="10501" />
			<column name="entity_id" valueNumeric="1" />
			<column name="deleted" valueNumeric="0" />
			<column name="item_id" valueNumeric="320104" />
			<column name="order_line_id" />
			<column name="notes" value="Bulk Upload" />
			<column name="optlock" valueNumeric="0" />
			<column name="group_id" />
			<column name="provisioning_status" />
			<column name="global" valueBoolean="true" />
		</insert>
		<insert tableName="asset">
			<column name="id" valueNumeric="7871" />
			<column name="identifier" value="8665973311" />
			<column name="create_datetime" valueDate="2014-10-22T23:18:28.375" />
			<column name="status_id" valueNumeric="10501" />
			<column name="entity_id" valueNumeric="1" />
			<column name="deleted" valueNumeric="0" />
			<column name="item_id" valueNumeric="320104" />
			<column name="order_line_id" />
			<column name="notes" value="Bulk Upload" />
			<column name="optlock" valueNumeric="0" />
			<column name="group_id" />
			<column name="provisioning_status" />
			<column name="global" valueBoolean="true" />
		</insert>
		<insert tableName="asset">
			<column name="id" valueNumeric="7872" />
			<column name="identifier" value="8665979410" />
			<column name="create_datetime" valueDate="2014-10-22T23:18:28.407" />
			<column name="status_id" valueNumeric="10501" />
			<column name="entity_id" valueNumeric="1" />
			<column name="deleted" valueNumeric="0" />
			<column name="item_id" valueNumeric="320104" />
			<column name="order_line_id" />
			<column name="notes" value="Bulk Upload" />
			<column name="optlock" valueNumeric="0" />
			<column name="group_id" />
			<column name="provisioning_status" />
			<column name="global" valueBoolean="true" />
		</insert>
		<insert tableName="asset">
			<column name="id" valueNumeric="7873" />
			<column name="identifier" value="8665979721" />
			<column name="create_datetime" valueDate="2014-10-22T23:18:28.414" />
			<column name="status_id" valueNumeric="10501" />
			<column name="entity_id" valueNumeric="1" />
			<column name="deleted" valueNumeric="0" />
			<column name="item_id" valueNumeric="320104" />
			<column name="order_line_id" />
			<column name="notes" value="Bulk Upload" />
			<column name="optlock" valueNumeric="0" />
			<column name="group_id" />
			<column name="provisioning_status" />
			<column name="global" valueBoolean="true" />
		</insert>
		<insert tableName="asset">
			<column name="id" valueNumeric="7874" />
			<column name="identifier" value="8665981288" />
			<column name="create_datetime" valueDate="2014-10-22T23:18:28.421" />
			<column name="status_id" valueNumeric="10501" />
			<column name="entity_id" valueNumeric="1" />
			<column name="deleted" valueNumeric="0" />
			<column name="item_id" valueNumeric="320104" />
			<column name="order_line_id" />
			<column name="notes" value="Bulk Upload" />
			<column name="optlock" valueNumeric="0" />
			<column name="group_id" />
			<column name="provisioning_status" />
			<column name="global" valueBoolean="true" />
		</insert>
		<insert tableName="asset">
			<column name="id" valueNumeric="7875" />
			<column name="identifier" value="8665981384" />
			<column name="create_datetime" valueDate="2014-10-22T23:18:28.433" />
			<column name="status_id" valueNumeric="10501" />
			<column name="entity_id" valueNumeric="1" />
			<column name="deleted" valueNumeric="0" />
			<column name="item_id" valueNumeric="320104" />
			<column name="order_line_id" />
			<column name="notes" value="Bulk Upload" />
			<column name="optlock" valueNumeric="0" />
			<column name="group_id" />
			<column name="provisioning_status" />
			<column name="global" valueBoolean="true" />
		</insert>
		<insert tableName="asset">
			<column name="id" valueNumeric="7876" />
			<column name="identifier" value="8665981387" />
			<column name="create_datetime" valueDate="2014-10-22T23:18:28.440" />
			<column name="status_id" valueNumeric="10501" />
			<column name="entity_id" valueNumeric="1" />
			<column name="deleted" valueNumeric="0" />
			<column name="item_id" valueNumeric="320104" />
			<column name="order_line_id" />
			<column name="notes" value="Bulk Upload" />
			<column name="optlock" valueNumeric="0" />
			<column name="group_id" />
			<column name="provisioning_status" />
			<column name="global" valueBoolean="true" />
		</insert>
		<insert tableName="asset">
			<column name="id" valueNumeric="7877" />
			<column name="identifier" value="8665981429" />
			<column name="create_datetime" valueDate="2014-10-22T23:18:28.458" />
			<column name="status_id" valueNumeric="10501" />
			<column name="entity_id" valueNumeric="1" />
			<column name="deleted" valueNumeric="0" />
			<column name="item_id" valueNumeric="320104" />
			<column name="order_line_id" />
			<column name="notes" value="Bulk Upload" />
			<column name="optlock" valueNumeric="0" />
			<column name="group_id" />
			<column name="provisioning_status" />
			<column name="global" valueBoolean="true" />
		</insert>
		<insert tableName="asset">
			<column name="id" valueNumeric="7878" />
			<column name="identifier" value="8665981446" />
			<column name="create_datetime" valueDate="2014-10-22T23:18:28.464" />
			<column name="status_id" valueNumeric="10501" />
			<column name="entity_id" valueNumeric="1" />
			<column name="deleted" valueNumeric="0" />
			<column name="item_id" valueNumeric="320104" />
			<column name="order_line_id" />
			<column name="notes" value="Bulk Upload" />
			<column name="optlock" valueNumeric="0" />
			<column name="group_id" />
			<column name="provisioning_status" />
			<column name="global" valueBoolean="true" />
		</insert>
		<insert tableName="asset">
			<column name="id" valueNumeric="7879" />
			<column name="identifier" value="8665981449" />
			<column name="create_datetime" valueDate="2014-10-22T23:18:28.476" />
			<column name="status_id" valueNumeric="10501" />
			<column name="entity_id" valueNumeric="1" />
			<column name="deleted" valueNumeric="0" />
			<column name="item_id" valueNumeric="320104" />
			<column name="order_line_id" />
			<column name="notes" value="Bulk Upload" />
			<column name="optlock" valueNumeric="0" />
			<column name="group_id" />
			<column name="provisioning_status" />
			<column name="global" valueBoolean="true" />
		</insert>
		<insert tableName="asset">
			<column name="id" valueNumeric="7880" />
			<column name="identifier" value="8665981526" />
			<column name="create_datetime" valueDate="2014-10-22T23:18:28.502" />
			<column name="status_id" valueNumeric="10501" />
			<column name="entity_id" valueNumeric="1" />
			<column name="deleted" valueNumeric="0" />
			<column name="item_id" valueNumeric="320104" />
			<column name="order_line_id" />
			<column name="notes" value="Bulk Upload" />
			<column name="optlock" valueNumeric="0" />
			<column name="group_id" />
			<column name="provisioning_status" />
			<column name="global" valueBoolean="true" />
		</insert>
		<insert tableName="asset">
			<column name="id" valueNumeric="7881" />
			<column name="identifier" value="8665981539" />
			<column name="create_datetime" valueDate="2014-10-22T23:18:28.555" />
			<column name="status_id" valueNumeric="10501" />
			<column name="entity_id" valueNumeric="1" />
			<column name="deleted" valueNumeric="0" />
			<column name="item_id" valueNumeric="320104" />
			<column name="order_line_id" />
			<column name="notes" value="Bulk Upload" />
			<column name="optlock" valueNumeric="0" />
			<column name="group_id" />
			<column name="provisioning_status" />
			<column name="global" valueBoolean="true" />
		</insert>
		<insert tableName="asset">
			<column name="id" valueNumeric="7882" />
			<column name="identifier" value="8665982119" />
			<column name="create_datetime" valueDate="2014-10-22T23:18:28.566" />
			<column name="status_id" valueNumeric="10501" />
			<column name="entity_id" valueNumeric="1" />
			<column name="deleted" valueNumeric="0" />
			<column name="item_id" valueNumeric="320104" />
			<column name="order_line_id" />
			<column name="notes" value="Bulk Upload" />
			<column name="optlock" valueNumeric="0" />
			<column name="group_id" />
			<column name="provisioning_status" />
			<column name="global" valueBoolean="true" />
		</insert>
		<insert tableName="asset">
			<column name="id" valueNumeric="7883" />
			<column name="identifier" value="8665983403" />
			<column name="create_datetime" valueDate="2014-10-22T23:18:28.592" />
			<column name="status_id" valueNumeric="10501" />
			<column name="entity_id" valueNumeric="1" />
			<column name="deleted" valueNumeric="0" />
			<column name="item_id" valueNumeric="320104" />
			<column name="order_line_id" />
			<column name="notes" value="Bulk Upload" />
			<column name="optlock" valueNumeric="0" />
			<column name="group_id" />
			<column name="provisioning_status" />
			<column name="global" valueBoolean="true" />
		</insert>
		<insert tableName="asset">
			<column name="id" valueNumeric="7884" />
			<column name="identifier" value="8665983446" />
			<column name="create_datetime" valueDate="2014-10-22T23:18:28.676" />
			<column name="status_id" valueNumeric="10501" />
			<column name="entity_id" valueNumeric="1" />
			<column name="deleted" valueNumeric="0" />
			<column name="item_id" valueNumeric="320104" />
			<column name="order_line_id" />
			<column name="notes" value="Bulk Upload" />
			<column name="optlock" valueNumeric="0" />
			<column name="group_id" />
			<column name="provisioning_status" />
			<column name="global" valueBoolean="true" />
		</insert>
		<insert tableName="asset">
			<column name="id" valueNumeric="7885" />
			<column name="identifier" value="8665983447" />
			<column name="create_datetime" valueDate="2014-10-22T23:18:28.695" />
			<column name="status_id" valueNumeric="10501" />
			<column name="entity_id" valueNumeric="1" />
			<column name="deleted" valueNumeric="0" />
			<column name="item_id" valueNumeric="320104" />
			<column name="order_line_id" />
			<column name="notes" value="Bulk Upload" />
			<column name="optlock" valueNumeric="0" />
			<column name="group_id" />
			<column name="provisioning_status" />
			<column name="global" valueBoolean="true" />
		</insert>
		<insert tableName="asset">
			<column name="id" valueNumeric="7886" />
			<column name="identifier" value="8665984535" />
			<column name="create_datetime" valueDate="2014-10-22T23:18:28.705" />
			<column name="status_id" valueNumeric="10501" />
			<column name="entity_id" valueNumeric="1" />
			<column name="deleted" valueNumeric="0" />
			<column name="item_id" valueNumeric="320104" />
			<column name="order_line_id" />
			<column name="notes" value="Bulk Upload" />
			<column name="optlock" valueNumeric="0" />
			<column name="group_id" />
			<column name="provisioning_status" />
			<column name="global" valueBoolean="true" />
		</insert>
		<insert tableName="asset">
			<column name="id" valueNumeric="7887" />
			<column name="identifier" value="8665986364" />
			<column name="create_datetime" valueDate="2014-10-22T23:18:28.723" />
			<column name="status_id" valueNumeric="10501" />
			<column name="entity_id" valueNumeric="1" />
			<column name="deleted" valueNumeric="0" />
			<column name="item_id" valueNumeric="320104" />
			<column name="order_line_id" />
			<column name="notes" value="Bulk Upload" />
			<column name="optlock" valueNumeric="0" />
			<column name="group_id" />
			<column name="provisioning_status" />
			<column name="global" valueBoolean="true" />
		</insert>
		<insert tableName="asset">
			<column name="id" valueNumeric="7888" />
			<column name="identifier" value="8665987271" />
			<column name="create_datetime" valueDate="2014-10-22T23:18:28.731" />
			<column name="status_id" valueNumeric="10501" />
			<column name="entity_id" valueNumeric="1" />
			<column name="deleted" valueNumeric="0" />
			<column name="item_id" valueNumeric="320104" />
			<column name="order_line_id" />
			<column name="notes" value="Bulk Upload" />
			<column name="optlock" valueNumeric="0" />
			<column name="group_id" />
			<column name="provisioning_status" />
			<column name="global" valueBoolean="true" />
		</insert>
		<insert tableName="asset">
			<column name="id" valueNumeric="7889" />
			<column name="identifier" value="8665987276" />
			<column name="create_datetime" valueDate="2014-10-22T23:18:28.762" />
			<column name="status_id" valueNumeric="10501" />
			<column name="entity_id" valueNumeric="1" />
			<column name="deleted" valueNumeric="0" />
			<column name="item_id" valueNumeric="320104" />
			<column name="order_line_id" />
			<column name="notes" value="Bulk Upload" />
			<column name="optlock" valueNumeric="0" />
			<column name="group_id" />
			<column name="provisioning_status" />
			<column name="global" valueBoolean="true" />
		</insert>
		<insert tableName="asset">
			<column name="id" valueNumeric="7890" />
			<column name="identifier" value="8665987397" />
			<column name="create_datetime" valueDate="2014-10-22T23:18:28.769" />
			<column name="status_id" valueNumeric="10501" />
			<column name="entity_id" valueNumeric="1" />
			<column name="deleted" valueNumeric="0" />
			<column name="item_id" valueNumeric="320104" />
			<column name="order_line_id" />
			<column name="notes" value="Bulk Upload" />
			<column name="optlock" valueNumeric="0" />
			<column name="group_id" />
			<column name="provisioning_status" />
			<column name="global" valueBoolean="true" />
		</insert>
		<insert tableName="asset">
			<column name="id" valueNumeric="7891" />
			<column name="identifier" value="8665987411" />
			<column name="create_datetime" valueDate="2014-10-22T23:18:28.809" />
			<column name="status_id" valueNumeric="10501" />
			<column name="entity_id" valueNumeric="1" />
			<column name="deleted" valueNumeric="0" />
			<column name="item_id" valueNumeric="320104" />
			<column name="order_line_id" />
			<column name="notes" value="Bulk Upload" />
			<column name="optlock" valueNumeric="0" />
			<column name="group_id" />
			<column name="provisioning_status" />
			<column name="global" valueBoolean="true" />
		</insert>
		<insert tableName="asset">
			<column name="id" valueNumeric="7892" />
			<column name="identifier" value="8665987445" />
			<column name="create_datetime" valueDate="2014-10-22T23:18:28.816" />
			<column name="status_id" valueNumeric="10501" />
			<column name="entity_id" valueNumeric="1" />
			<column name="deleted" valueNumeric="0" />
			<column name="item_id" valueNumeric="320104" />
			<column name="order_line_id" />
			<column name="notes" value="Bulk Upload" />
			<column name="optlock" valueNumeric="0" />
			<column name="group_id" />
			<column name="provisioning_status" />
			<column name="global" valueBoolean="true" />
		</insert>
		<insert tableName="asset">
			<column name="id" valueNumeric="7893" />
			<column name="identifier" value="8665987449" />
			<column name="create_datetime" valueDate="2014-10-22T23:18:28.827" />
			<column name="status_id" valueNumeric="10501" />
			<column name="entity_id" valueNumeric="1" />
			<column name="deleted" valueNumeric="0" />
			<column name="item_id" valueNumeric="320104" />
			<column name="order_line_id" />
			<column name="notes" value="Bulk Upload" />
			<column name="optlock" valueNumeric="0" />
			<column name="group_id" />
			<column name="provisioning_status" />
			<column name="global" valueBoolean="true" />
		</insert>
		<insert tableName="asset">
			<column name="id" valueNumeric="7894" />
			<column name="identifier" value="8665989513" />
			<column name="create_datetime" valueDate="2014-10-22T23:18:28.930" />
			<column name="status_id" valueNumeric="10501" />
			<column name="entity_id" valueNumeric="1" />
			<column name="deleted" valueNumeric="0" />
			<column name="item_id" valueNumeric="320104" />
			<column name="order_line_id" />
			<column name="notes" value="Bulk Upload" />
			<column name="optlock" valueNumeric="0" />
			<column name="group_id" />
			<column name="provisioning_status" />
			<column name="global" valueBoolean="true" />
		</insert>
		<insert tableName="asset">
			<column name="id" valueNumeric="7895" />
			<column name="identifier" value="8665990148" />
			<column name="create_datetime" valueDate="2014-10-22T23:18:28.970" />
			<column name="status_id" valueNumeric="10501" />
			<column name="entity_id" valueNumeric="1" />
			<column name="deleted" valueNumeric="0" />
			<column name="item_id" valueNumeric="320104" />
			<column name="order_line_id" />
			<column name="notes" value="Bulk Upload" />
			<column name="optlock" valueNumeric="0" />
			<column name="group_id" />
			<column name="provisioning_status" />
			<column name="global" valueBoolean="true" />
		</insert>
		<insert tableName="asset">
			<column name="id" valueNumeric="7896" />
			<column name="identifier" value="8665990213" />
			<column name="create_datetime" valueDate="2014-10-22T23:18:29.8" />
			<column name="status_id" valueNumeric="10501" />
			<column name="entity_id" valueNumeric="1" />
			<column name="deleted" valueNumeric="0" />
			<column name="item_id" valueNumeric="320104" />
			<column name="order_line_id" />
			<column name="notes" value="Bulk Upload" />
			<column name="optlock" valueNumeric="0" />
			<column name="group_id" />
			<column name="provisioning_status" />
			<column name="global" valueBoolean="true" />
		</insert>
		<insert tableName="asset">
			<column name="id" valueNumeric="7897" />
			<column name="identifier" value="8665990237" />
			<column name="create_datetime" valueDate="2014-10-22T23:18:29.38" />
			<column name="status_id" valueNumeric="10501" />
			<column name="entity_id" valueNumeric="1" />
			<column name="deleted" valueNumeric="0" />
			<column name="item_id" valueNumeric="320104" />
			<column name="order_line_id" />
			<column name="notes" value="Bulk Upload" />
			<column name="optlock" valueNumeric="0" />
			<column name="group_id" />
			<column name="provisioning_status" />
			<column name="global" valueBoolean="true" />
		</insert>
		<insert tableName="asset">
			<column name="id" valueNumeric="7898" />
			<column name="identifier" value="8665990253" />
			<column name="create_datetime" valueDate="2014-10-22T23:18:29.45" />
			<column name="status_id" valueNumeric="10501" />
			<column name="entity_id" valueNumeric="1" />
			<column name="deleted" valueNumeric="0" />
			<column name="item_id" valueNumeric="320104" />
			<column name="order_line_id" />
			<column name="notes" value="Bulk Upload" />
			<column name="optlock" valueNumeric="0" />
			<column name="group_id" />
			<column name="provisioning_status" />
			<column name="global" valueBoolean="true" />
		</insert>
		<insert tableName="asset">
			<column name="id" valueNumeric="7899" />
			<column name="identifier" value="8665990272" />
			<column name="create_datetime" valueDate="2014-10-22T23:18:29.63" />
			<column name="status_id" valueNumeric="10501" />
			<column name="entity_id" valueNumeric="1" />
			<column name="deleted" valueNumeric="0" />
			<column name="item_id" valueNumeric="320104" />
			<column name="order_line_id" />
			<column name="notes" value="Bulk Upload" />
			<column name="optlock" valueNumeric="0" />
			<column name="group_id" />
			<column name="provisioning_status" />
			<column name="global" valueBoolean="true" />
		</insert>
		<insert tableName="asset">
			<column name="id" valueNumeric="7900" />
			<column name="identifier" value="8665990307" />
			<column name="create_datetime" valueDate="2014-10-22T23:18:29.81" />
			<column name="status_id" valueNumeric="10501" />
			<column name="entity_id" valueNumeric="1" />
			<column name="deleted" valueNumeric="0" />
			<column name="item_id" valueNumeric="320104" />
			<column name="order_line_id" />
			<column name="notes" value="Bulk Upload" />
			<column name="optlock" valueNumeric="0" />
			<column name="group_id" />
			<column name="provisioning_status" />
			<column name="global" valueBoolean="true" />
		</insert>
		<insert tableName="asset">
			<column name="id" valueNumeric="7901" />
			<column name="identifier" value="8665990412" />
			<column name="create_datetime" valueDate="2014-10-22T23:18:29.129" />
			<column name="status_id" valueNumeric="10501" />
			<column name="entity_id" valueNumeric="1" />
			<column name="deleted" valueNumeric="0" />
			<column name="item_id" valueNumeric="320104" />
			<column name="order_line_id" />
			<column name="notes" value="Bulk Upload" />
			<column name="optlock" valueNumeric="0" />
			<column name="group_id" />
			<column name="provisioning_status" />
			<column name="global" valueBoolean="true" />
		</insert>
		<insert tableName="asset">
			<column name="id" valueNumeric="7902" />
			<column name="identifier" value="8665991356" />
			<column name="create_datetime" valueDate="2014-10-22T23:18:29.157" />
			<column name="status_id" valueNumeric="10501" />
			<column name="entity_id" valueNumeric="1" />
			<column name="deleted" valueNumeric="0" />
			<column name="item_id" valueNumeric="320104" />
			<column name="order_line_id" />
			<column name="notes" value="Bulk Upload" />
			<column name="optlock" valueNumeric="0" />
			<column name="group_id" />
			<column name="provisioning_status" />
			<column name="global" valueBoolean="true" />
		</insert>
		<insert tableName="asset">
			<column name="id" valueNumeric="7903" />
			<column name="identifier" value="8665991364" />
			<column name="create_datetime" valueDate="2014-10-22T23:18:29.181" />
			<column name="status_id" valueNumeric="10501" />
			<column name="entity_id" valueNumeric="1" />
			<column name="deleted" valueNumeric="0" />
			<column name="item_id" valueNumeric="320104" />
			<column name="order_line_id" />
			<column name="notes" value="Bulk Upload" />
			<column name="optlock" valueNumeric="0" />
			<column name="group_id" />
			<column name="provisioning_status" />
			<column name="global" valueBoolean="true" />
		</insert>
		<insert tableName="asset">
			<column name="id" valueNumeric="7904" />
			<column name="identifier" value="8665991384" />
			<column name="create_datetime" valueDate="2014-10-22T23:18:29.194" />
			<column name="status_id" valueNumeric="10501" />
			<column name="entity_id" valueNumeric="1" />
			<column name="deleted" valueNumeric="0" />
			<column name="item_id" valueNumeric="320104" />
			<column name="order_line_id" />
			<column name="notes" value="Bulk Upload" />
			<column name="optlock" valueNumeric="0" />
			<column name="group_id" />
			<column name="provisioning_status" />
			<column name="global" valueBoolean="true" />
		</insert>
		<insert tableName="asset">
			<column name="id" valueNumeric="7905" />
			<column name="identifier" value="8665991416" />
			<column name="create_datetime" valueDate="2014-10-22T23:18:29.263" />
			<column name="status_id" valueNumeric="10501" />
			<column name="entity_id" valueNumeric="1" />
			<column name="deleted" valueNumeric="0" />
			<column name="item_id" valueNumeric="320104" />
			<column name="order_line_id" />
			<column name="notes" value="Bulk Upload" />
			<column name="optlock" valueNumeric="0" />
			<column name="group_id" />
			<column name="provisioning_status" />
			<column name="global" valueBoolean="true" />
		</insert>
		<insert tableName="asset">
			<column name="id" valueNumeric="7906" />
			<column name="identifier" value="8665991445" />
			<column name="create_datetime" valueDate="2014-10-22T23:18:29.270" />
			<column name="status_id" valueNumeric="10501" />
			<column name="entity_id" valueNumeric="1" />
			<column name="deleted" valueNumeric="0" />
			<column name="item_id" valueNumeric="320104" />
			<column name="order_line_id" />
			<column name="notes" value="Bulk Upload" />
			<column name="optlock" valueNumeric="0" />
			<column name="group_id" />
			<column name="provisioning_status" />
			<column name="global" valueBoolean="true" />
		</insert>
		<insert tableName="asset">
			<column name="id" valueNumeric="7907" />
			<column name="identifier" value="8665991477" />
			<column name="create_datetime" valueDate="2014-10-22T23:18:29.282" />
			<column name="status_id" valueNumeric="10501" />
			<column name="entity_id" valueNumeric="1" />
			<column name="deleted" valueNumeric="0" />
			<column name="item_id" valueNumeric="320104" />
			<column name="order_line_id" />
			<column name="notes" value="Bulk Upload" />
			<column name="optlock" valueNumeric="0" />
			<column name="group_id" />
			<column name="provisioning_status" />
			<column name="global" valueBoolean="true" />
		</insert>
		<insert tableName="asset">
			<column name="id" valueNumeric="7908" />
			<column name="identifier" value="8665991479" />
			<column name="create_datetime" valueDate="2014-10-22T23:18:29.360" />
			<column name="status_id" valueNumeric="10501" />
			<column name="entity_id" valueNumeric="1" />
			<column name="deleted" valueNumeric="0" />
			<column name="item_id" valueNumeric="320104" />
			<column name="order_line_id" />
			<column name="notes" value="Bulk Upload" />
			<column name="optlock" valueNumeric="0" />
			<column name="group_id" />
			<column name="provisioning_status" />
			<column name="global" valueBoolean="true" />
		</insert>
		<insert tableName="asset">
			<column name="id" valueNumeric="7909" />
			<column name="identifier" value="8665992269" />
			<column name="create_datetime" valueDate="2014-10-22T23:18:29.389" />
			<column name="status_id" valueNumeric="10501" />
			<column name="entity_id" valueNumeric="1" />
			<column name="deleted" valueNumeric="0" />
			<column name="item_id" valueNumeric="320104" />
			<column name="order_line_id" />
			<column name="notes" value="Bulk Upload" />
			<column name="optlock" valueNumeric="0" />
			<column name="group_id" />
			<column name="provisioning_status" />
			<column name="global" valueBoolean="true" />
		</insert>
		<insert tableName="asset">
			<column name="id" valueNumeric="7910" />
			<column name="identifier" value="8665992270" />
			<column name="create_datetime" valueDate="2014-10-22T23:18:29.398" />
			<column name="status_id" valueNumeric="10501" />
			<column name="entity_id" valueNumeric="1" />
			<column name="deleted" valueNumeric="0" />
			<column name="item_id" valueNumeric="320104" />
			<column name="order_line_id" />
			<column name="notes" value="Bulk Upload" />
			<column name="optlock" valueNumeric="0" />
			<column name="group_id" />
			<column name="provisioning_status" />
			<column name="global" valueBoolean="true" />
		</insert>
		<insert tableName="asset">
			<column name="id" valueNumeric="7911" />
			<column name="identifier" value="8665992275" />
			<column name="create_datetime" valueDate="2014-10-22T23:18:29.453" />
			<column name="status_id" valueNumeric="10501" />
			<column name="entity_id" valueNumeric="1" />
			<column name="deleted" valueNumeric="0" />
			<column name="item_id" valueNumeric="320104" />
			<column name="order_line_id" />
			<column name="notes" value="Bulk Upload" />
			<column name="optlock" valueNumeric="0" />
			<column name="group_id" />
			<column name="provisioning_status" />
			<column name="global" valueBoolean="true" />
		</insert>
		<insert tableName="asset">
			<column name="id" valueNumeric="7912" />
			<column name="identifier" value="8665992279" />
			<column name="create_datetime" valueDate="2014-10-22T23:18:29.531" />
			<column name="status_id" valueNumeric="10501" />
			<column name="entity_id" valueNumeric="1" />
			<column name="deleted" valueNumeric="0" />
			<column name="item_id" valueNumeric="320104" />
			<column name="order_line_id" />
			<column name="notes" value="Bulk Upload" />
			<column name="optlock" valueNumeric="0" />
			<column name="group_id" />
			<column name="provisioning_status" />
			<column name="global" valueBoolean="true" />
		</insert>
		<insert tableName="asset">
			<column name="id" valueNumeric="7913" />
			<column name="identifier" value="8665992281" />
			<column name="create_datetime" valueDate="2014-10-22T23:18:29.543" />
			<column name="status_id" valueNumeric="10501" />
			<column name="entity_id" valueNumeric="1" />
			<column name="deleted" valueNumeric="0" />
			<column name="item_id" valueNumeric="320104" />
			<column name="order_line_id" />
			<column name="notes" value="Bulk Upload" />
			<column name="optlock" valueNumeric="0" />
			<column name="group_id" />
			<column name="provisioning_status" />
			<column name="global" valueBoolean="true" />
		</insert>
		<insert tableName="asset">
			<column name="id" valueNumeric="7914" />
			<column name="identifier" value="8665992318" />
			<column name="create_datetime" valueDate="2014-10-22T23:18:29.555" />
			<column name="status_id" valueNumeric="10501" />
			<column name="entity_id" valueNumeric="1" />
			<column name="deleted" valueNumeric="0" />
			<column name="item_id" valueNumeric="320104" />
			<column name="order_line_id" />
			<column name="notes" value="Bulk Upload" />
			<column name="optlock" valueNumeric="0" />
			<column name="group_id" />
			<column name="provisioning_status" />
			<column name="global" valueBoolean="true" />
		</insert>
		<insert tableName="asset">
			<column name="id" valueNumeric="7915" />
			<column name="identifier" value="8665992396" />
			<column name="create_datetime" valueDate="2014-10-22T23:18:29.588" />
			<column name="status_id" valueNumeric="10501" />
			<column name="entity_id" valueNumeric="1" />
			<column name="deleted" valueNumeric="0" />
			<column name="item_id" valueNumeric="320104" />
			<column name="order_line_id" />
			<column name="notes" value="Bulk Upload" />
			<column name="optlock" valueNumeric="0" />
			<column name="group_id" />
			<column name="provisioning_status" />
			<column name="global" valueBoolean="true" />
		</insert>
		<insert tableName="asset">
			<column name="id" valueNumeric="7916" />
			<column name="identifier" value="8665992657" />
			<column name="create_datetime" valueDate="2014-10-22T23:18:29.618" />
			<column name="status_id" valueNumeric="10501" />
			<column name="entity_id" valueNumeric="1" />
			<column name="deleted" valueNumeric="0" />
			<column name="item_id" valueNumeric="320104" />
			<column name="order_line_id" />
			<column name="notes" value="Bulk Upload" />
			<column name="optlock" valueNumeric="0" />
			<column name="group_id" />
			<column name="provisioning_status" />
			<column name="global" valueBoolean="true" />
		</insert>
		<insert tableName="asset">
			<column name="id" valueNumeric="7917" />
			<column name="identifier" value="8665992902" />
			<column name="create_datetime" valueDate="2014-10-22T23:18:29.642" />
			<column name="status_id" valueNumeric="10501" />
			<column name="entity_id" valueNumeric="1" />
			<column name="deleted" valueNumeric="0" />
			<column name="item_id" valueNumeric="320104" />
			<column name="order_line_id" />
			<column name="notes" value="Bulk Upload" />
			<column name="optlock" valueNumeric="0" />
			<column name="group_id" />
			<column name="provisioning_status" />
			<column name="global" valueBoolean="true" />
		</insert>
		<insert tableName="asset">
			<column name="id" valueNumeric="7918" />
			<column name="identifier" value="8665995241" />
			<column name="create_datetime" valueDate="2014-10-22T23:18:29.778" />
			<column name="status_id" valueNumeric="10501" />
			<column name="entity_id" valueNumeric="1" />
			<column name="deleted" valueNumeric="0" />
			<column name="item_id" valueNumeric="320104" />
			<column name="order_line_id" />
			<column name="notes" value="Bulk Upload" />
			<column name="optlock" valueNumeric="0" />
			<column name="group_id" />
			<column name="provisioning_status" />
			<column name="global" valueBoolean="true" />
		</insert>
		<insert tableName="asset">
			<column name="id" valueNumeric="7919" />
			<column name="identifier" value="8665995362" />
			<column name="create_datetime" valueDate="2014-10-22T23:18:29.806" />
			<column name="status_id" valueNumeric="10501" />
			<column name="entity_id" valueNumeric="1" />
			<column name="deleted" valueNumeric="0" />
			<column name="item_id" valueNumeric="320104" />
			<column name="order_line_id" />
			<column name="notes" value="Bulk Upload" />
			<column name="optlock" valueNumeric="0" />
			<column name="group_id" />
			<column name="provisioning_status" />
			<column name="global" valueBoolean="true" />
		</insert>
		<insert tableName="asset">
			<column name="id" valueNumeric="7920" />
			<column name="identifier" value="8665995726" />
			<column name="create_datetime" valueDate="2014-10-22T23:18:29.931" />
			<column name="status_id" valueNumeric="10501" />
			<column name="entity_id" valueNumeric="1" />
			<column name="deleted" valueNumeric="0" />
			<column name="item_id" valueNumeric="320104" />
			<column name="order_line_id" />
			<column name="notes" value="Bulk Upload" />
			<column name="optlock" valueNumeric="0" />
			<column name="group_id" />
			<column name="provisioning_status" />
			<column name="global" valueBoolean="true" />
		</insert>
		<insert tableName="asset">
			<column name="id" valueNumeric="7921" />
			<column name="identifier" value="8665996209" />
			<column name="create_datetime" valueDate="2014-10-22T23:18:29.938" />
			<column name="status_id" valueNumeric="10501" />
			<column name="entity_id" valueNumeric="1" />
			<column name="deleted" valueNumeric="0" />
			<column name="item_id" valueNumeric="320104" />
			<column name="order_line_id" />
			<column name="notes" value="Bulk Upload" />
			<column name="optlock" valueNumeric="0" />
			<column name="group_id" />
			<column name="provisioning_status" />
			<column name="global" valueBoolean="true" />
		</insert>
		<insert tableName="asset">
			<column name="id" valueNumeric="7922" />
			<column name="identifier" value="8665996213" />
			<column name="create_datetime" valueDate="2014-10-22T23:18:29.971" />
			<column name="status_id" valueNumeric="10501" />
			<column name="entity_id" valueNumeric="1" />
			<column name="deleted" valueNumeric="0" />
			<column name="item_id" valueNumeric="320104" />
			<column name="order_line_id" />
			<column name="notes" value="Bulk Upload" />
			<column name="optlock" valueNumeric="0" />
			<column name="group_id" />
			<column name="provisioning_status" />
			<column name="global" valueBoolean="true" />
		</insert>
		<insert tableName="asset">
			<column name="id" valueNumeric="7923" />
			<column name="identifier" value="8665996223" />
			<column name="create_datetime" valueDate="2014-10-22T23:18:29.984" />
			<column name="status_id" valueNumeric="10501" />
			<column name="entity_id" valueNumeric="1" />
			<column name="deleted" valueNumeric="0" />
			<column name="item_id" valueNumeric="320104" />
			<column name="order_line_id" />
			<column name="notes" value="Bulk Upload" />
			<column name="optlock" valueNumeric="0" />
			<column name="group_id" />
			<column name="provisioning_status" />
			<column name="global" valueBoolean="true" />
		</insert>
		<insert tableName="asset">
			<column name="id" valueNumeric="7924" />
			<column name="identifier" value="8665996271" />
			<column name="create_datetime" valueDate="2014-10-22T23:18:29.993" />
			<column name="status_id" valueNumeric="10501" />
			<column name="entity_id" valueNumeric="1" />
			<column name="deleted" valueNumeric="0" />
			<column name="item_id" valueNumeric="320104" />
			<column name="order_line_id" />
			<column name="notes" value="Bulk Upload" />
			<column name="optlock" valueNumeric="0" />
			<column name="group_id" />
			<column name="provisioning_status" />
			<column name="global" valueBoolean="true" />
		</insert>
		<insert tableName="asset">
			<column name="id" valueNumeric="7925" />
			<column name="identifier" value="8665996273" />
			<column name="create_datetime" valueDate="2014-10-22T23:18:30.24" />
			<column name="status_id" valueNumeric="10501" />
			<column name="entity_id" valueNumeric="1" />
			<column name="deleted" valueNumeric="0" />
			<column name="item_id" valueNumeric="320104" />
			<column name="order_line_id" />
			<column name="notes" value="Bulk Upload" />
			<column name="optlock" valueNumeric="0" />
			<column name="group_id" />
			<column name="provisioning_status" />
			<column name="global" valueBoolean="true" />
		</insert>
		<insert tableName="asset">
			<column name="id" valueNumeric="7926" />
			<column name="identifier" value="8665996445" />
			<column name="create_datetime" valueDate="2014-10-22T23:18:30.48" />
			<column name="status_id" valueNumeric="10501" />
			<column name="entity_id" valueNumeric="1" />
			<column name="deleted" valueNumeric="0" />
			<column name="item_id" valueNumeric="320104" />
			<column name="order_line_id" />
			<column name="notes" value="Bulk Upload" />
			<column name="optlock" valueNumeric="0" />
			<column name="group_id" />
			<column name="provisioning_status" />
			<column name="global" valueBoolean="true" />
		</insert>
		<insert tableName="asset">
			<column name="id" valueNumeric="7927" />
			<column name="identifier" value="8665997251" />
			<column name="create_datetime" valueDate="2014-10-22T23:18:30.72" />
			<column name="status_id" valueNumeric="10501" />
			<column name="entity_id" valueNumeric="1" />
			<column name="deleted" valueNumeric="0" />
			<column name="item_id" valueNumeric="320104" />
			<column name="order_line_id" />
			<column name="notes" value="Bulk Upload" />
			<column name="optlock" valueNumeric="0" />
			<column name="group_id" />
			<column name="provisioning_status" />
			<column name="global" valueBoolean="true" />
		</insert>
		<insert tableName="asset">
			<column name="id" valueNumeric="7928" />
			<column name="identifier" value="8665997512" />
			<column name="create_datetime" valueDate="2014-10-22T23:18:30.79" />
			<column name="status_id" valueNumeric="10501" />
			<column name="entity_id" valueNumeric="1" />
			<column name="deleted" valueNumeric="0" />
			<column name="item_id" valueNumeric="320104" />
			<column name="order_line_id" />
			<column name="notes" value="Bulk Upload" />
			<column name="optlock" valueNumeric="0" />
			<column name="group_id" />
			<column name="provisioning_status" />
			<column name="global" valueBoolean="true" />
		</insert>
		<insert tableName="asset">
			<column name="id" valueNumeric="7929" />
			<column name="identifier" value="8665997993" />
			<column name="create_datetime" valueDate="2014-10-22T23:18:30.110" />
			<column name="status_id" valueNumeric="10501" />
			<column name="entity_id" valueNumeric="1" />
			<column name="deleted" valueNumeric="0" />
			<column name="item_id" valueNumeric="320104" />
			<column name="order_line_id" />
			<column name="notes" value="Bulk Upload" />
			<column name="optlock" valueNumeric="0" />
			<column name="group_id" />
			<column name="provisioning_status" />
			<column name="global" valueBoolean="true" />
		</insert>
		<insert tableName="asset">
			<column name="id" valueNumeric="7930" />
			<column name="identifier" value="8665998295" />
			<column name="create_datetime" valueDate="2014-10-22T23:18:30.119" />
			<column name="status_id" valueNumeric="10501" />
			<column name="entity_id" valueNumeric="1" />
			<column name="deleted" valueNumeric="0" />
			<column name="item_id" valueNumeric="320104" />
			<column name="order_line_id" />
			<column name="notes" value="Bulk Upload" />
			<column name="optlock" valueNumeric="0" />
			<column name="group_id" />
			<column name="provisioning_status" />
			<column name="global" valueBoolean="true" />
		</insert>
		<insert tableName="asset">
			<column name="id" valueNumeric="7931" />
			<column name="identifier" value="8665998297" />
			<column name="create_datetime" valueDate="2014-10-22T23:18:30.165" />
			<column name="status_id" valueNumeric="10501" />
			<column name="entity_id" valueNumeric="1" />
			<column name="deleted" valueNumeric="0" />
			<column name="item_id" valueNumeric="320104" />
			<column name="order_line_id" />
			<column name="notes" value="Bulk Upload" />
			<column name="optlock" valueNumeric="0" />
			<column name="group_id" />
			<column name="provisioning_status" />
			<column name="global" valueBoolean="true" />
		</insert>
		<insert tableName="asset">
			<column name="id" valueNumeric="7932" />
			<column name="identifier" value="8665998474" />
			<column name="create_datetime" valueDate="2014-10-22T23:18:30.193" />
			<column name="status_id" valueNumeric="10501" />
			<column name="entity_id" valueNumeric="1" />
			<column name="deleted" valueNumeric="0" />
			<column name="item_id" valueNumeric="320104" />
			<column name="order_line_id" />
			<column name="notes" value="Bulk Upload" />
			<column name="optlock" valueNumeric="0" />
			<column name="group_id" />
			<column name="provisioning_status" />
			<column name="global" valueBoolean="true" />
		</insert>
		<insert tableName="asset">
			<column name="id" valueNumeric="7933" />
			<column name="identifier" value="8665998493" />
			<column name="create_datetime" valueDate="2014-10-22T23:18:30.199" />
			<column name="status_id" valueNumeric="10501" />
			<column name="entity_id" valueNumeric="1" />
			<column name="deleted" valueNumeric="0" />
			<column name="item_id" valueNumeric="320104" />
			<column name="order_line_id" />
			<column name="notes" value="Bulk Upload" />
			<column name="optlock" valueNumeric="0" />
			<column name="group_id" />
			<column name="provisioning_status" />
			<column name="global" valueBoolean="true" />
		</insert>
		<insert tableName="asset">
			<column name="id" valueNumeric="7934" />
			<column name="identifier" value="8665999338" />
			<column name="create_datetime" valueDate="2014-10-22T23:18:30.225" />
			<column name="status_id" valueNumeric="10501" />
			<column name="entity_id" valueNumeric="1" />
			<column name="deleted" valueNumeric="0" />
			<column name="item_id" valueNumeric="320104" />
			<column name="order_line_id" />
			<column name="notes" value="Bulk Upload" />
			<column name="optlock" valueNumeric="0" />
			<column name="group_id" />
			<column name="provisioning_status" />
			<column name="global" valueBoolean="true" />
		</insert>
		<insert tableName="asset">
			<column name="id" valueNumeric="7935" />
			<column name="identifier" value="8665999352" />
			<column name="create_datetime" valueDate="2014-10-22T23:18:30.235" />
			<column name="status_id" valueNumeric="10501" />
			<column name="entity_id" valueNumeric="1" />
			<column name="deleted" valueNumeric="0" />
			<column name="item_id" valueNumeric="320104" />
			<column name="order_line_id" />
			<column name="notes" value="Bulk Upload" />
			<column name="optlock" valueNumeric="0" />
			<column name="group_id" />
			<column name="provisioning_status" />
			<column name="global" valueBoolean="true" />
		</insert>
		<insert tableName="asset">
			<column name="id" valueNumeric="7936" />
			<column name="identifier" value="8665999354" />
			<column name="create_datetime" valueDate="2014-10-22T23:18:30.253" />
			<column name="status_id" valueNumeric="10501" />
			<column name="entity_id" valueNumeric="1" />
			<column name="deleted" valueNumeric="0" />
			<column name="item_id" valueNumeric="320104" />
			<column name="order_line_id" />
			<column name="notes" value="Bulk Upload" />
			<column name="optlock" valueNumeric="0" />
			<column name="group_id" />
			<column name="provisioning_status" />
			<column name="global" valueBoolean="true" />
		</insert>
		<insert tableName="asset">
			<column name="id" valueNumeric="7937" />
			<column name="identifier" value="8665999847" />
			<column name="create_datetime" valueDate="2014-10-22T23:18:30.281" />
			<column name="status_id" valueNumeric="10501" />
			<column name="entity_id" valueNumeric="1" />
			<column name="deleted" valueNumeric="0" />
			<column name="item_id" valueNumeric="320104" />
			<column name="order_line_id" />
			<column name="notes" value="Bulk Upload" />
			<column name="optlock" valueNumeric="0" />
			<column name="group_id" />
			<column name="provisioning_status" />
			<column name="global" valueBoolean="true" />
		</insert>
		<insert tableName="asset">
			<column name="id" valueNumeric="7938" />
			<column name="identifier" value="8665999877" />
			<column name="create_datetime" valueDate="2014-10-22T23:18:30.293" />
			<column name="status_id" valueNumeric="10501" />
			<column name="entity_id" valueNumeric="1" />
			<column name="deleted" valueNumeric="0" />
			<column name="item_id" valueNumeric="320104" />
			<column name="order_line_id" />
			<column name="notes" value="Bulk Upload" />
			<column name="optlock" valueNumeric="0" />
			<column name="group_id" />
			<column name="provisioning_status" />
			<column name="global" valueBoolean="true" />
		</insert>
		<insert tableName="asset">
			<column name="id" valueNumeric="7939" />
			<column name="identifier" value="8666006986" />
			<column name="create_datetime" valueDate="2014-10-22T23:18:30.303" />
			<column name="status_id" valueNumeric="10501" />
			<column name="entity_id" valueNumeric="1" />
			<column name="deleted" valueNumeric="0" />
			<column name="item_id" valueNumeric="320104" />
			<column name="order_line_id" />
			<column name="notes" value="Bulk Upload" />
			<column name="optlock" valueNumeric="0" />
			<column name="group_id" />
			<column name="provisioning_status" />
			<column name="global" valueBoolean="true" />
		</insert>
		<insert tableName="asset">
			<column name="id" valueNumeric="7940" />
			<column name="identifier" value="8666010117" />
			<column name="create_datetime" valueDate="2014-10-22T23:18:30.322" />
			<column name="status_id" valueNumeric="10501" />
			<column name="entity_id" valueNumeric="1" />
			<column name="deleted" valueNumeric="0" />
			<column name="item_id" valueNumeric="320104" />
			<column name="order_line_id" />
			<column name="notes" value="Bulk Upload" />
			<column name="optlock" valueNumeric="0" />
			<column name="group_id" />
			<column name="provisioning_status" />
			<column name="global" valueBoolean="true" />
		</insert>
		<insert tableName="asset">
			<column name="id" valueNumeric="7941" />
			<column name="identifier" value="8666014874" />
			<column name="create_datetime" valueDate="2014-10-22T23:18:30.329" />
			<column name="status_id" valueNumeric="10501" />
			<column name="entity_id" valueNumeric="1" />
			<column name="deleted" valueNumeric="0" />
			<column name="item_id" valueNumeric="320104" />
			<column name="order_line_id" />
			<column name="notes" value="Bulk Upload" />
			<column name="optlock" valueNumeric="0" />
			<column name="group_id" />
			<column name="provisioning_status" />
			<column name="global" valueBoolean="true" />
		</insert>
		<insert tableName="asset">
			<column name="id" valueNumeric="7942" />
			<column name="identifier" value="8666014877" />
			<column name="create_datetime" valueDate="2014-10-22T23:18:30.430" />
			<column name="status_id" valueNumeric="10501" />
			<column name="entity_id" valueNumeric="1" />
			<column name="deleted" valueNumeric="0" />
			<column name="item_id" valueNumeric="320104" />
			<column name="order_line_id" />
			<column name="notes" value="Bulk Upload" />
			<column name="optlock" valueNumeric="0" />
			<column name="group_id" />
			<column name="provisioning_status" />
			<column name="global" valueBoolean="true" />
		</insert>
		<insert tableName="asset">
			<column name="id" valueNumeric="7943" />
			<column name="identifier" value="8666014924" />
			<column name="create_datetime" valueDate="2014-10-22T23:18:30.441" />
			<column name="status_id" valueNumeric="10501" />
			<column name="entity_id" valueNumeric="1" />
			<column name="deleted" valueNumeric="0" />
			<column name="item_id" valueNumeric="320104" />
			<column name="order_line_id" />
			<column name="notes" value="Bulk Upload" />
			<column name="optlock" valueNumeric="0" />
			<column name="group_id" />
			<column name="provisioning_status" />
			<column name="global" valueBoolean="true" />
		</insert>
		<insert tableName="asset">
			<column name="id" valueNumeric="7944" />
			<column name="identifier" value="8666014967" />
			<column name="create_datetime" valueDate="2014-10-22T23:18:30.454" />
			<column name="status_id" valueNumeric="10501" />
			<column name="entity_id" valueNumeric="1" />
			<column name="deleted" valueNumeric="0" />
			<column name="item_id" valueNumeric="320104" />
			<column name="order_line_id" />
			<column name="notes" value="Bulk Upload" />
			<column name="optlock" valueNumeric="0" />
			<column name="group_id" />
			<column name="provisioning_status" />
			<column name="global" valueBoolean="true" />
		</insert>
		<insert tableName="asset">
			<column name="id" valueNumeric="7945" />
			<column name="identifier" value="8666015507" />
			<column name="create_datetime" valueDate="2014-10-22T23:18:30.607" />
			<column name="status_id" valueNumeric="10501" />
			<column name="entity_id" valueNumeric="1" />
			<column name="deleted" valueNumeric="0" />
			<column name="item_id" valueNumeric="320104" />
			<column name="order_line_id" />
			<column name="notes" value="Bulk Upload" />
			<column name="optlock" valueNumeric="0" />
			<column name="group_id" />
			<column name="provisioning_status" />
			<column name="global" valueBoolean="true" />
		</insert>
		<insert tableName="asset">
			<column name="id" valueNumeric="7946" />
			<column name="identifier" value="8666016166" />
			<column name="create_datetime" valueDate="2014-10-22T23:18:30.653" />
			<column name="status_id" valueNumeric="10501" />
			<column name="entity_id" valueNumeric="1" />
			<column name="deleted" valueNumeric="0" />
			<column name="item_id" valueNumeric="320104" />
			<column name="order_line_id" />
			<column name="notes" value="Bulk Upload" />
			<column name="optlock" valueNumeric="0" />
			<column name="group_id" />
			<column name="provisioning_status" />
			<column name="global" valueBoolean="true" />
		</insert>
		<insert tableName="asset">
			<column name="id" valueNumeric="7947" />
			<column name="identifier" value="8666017012" />
			<column name="create_datetime" valueDate="2014-10-22T23:18:30.659" />
			<column name="status_id" valueNumeric="10501" />
			<column name="entity_id" valueNumeric="1" />
			<column name="deleted" valueNumeric="0" />
			<column name="item_id" valueNumeric="320104" />
			<column name="order_line_id" />
			<column name="notes" value="Bulk Upload" />
			<column name="optlock" valueNumeric="0" />
			<column name="group_id" />
			<column name="provisioning_status" />
			<column name="global" valueBoolean="true" />
		</insert>
		<insert tableName="asset">
			<column name="id" valueNumeric="7948" />
			<column name="identifier" value="8666019848" />
			<column name="create_datetime" valueDate="2014-10-22T23:18:30.669" />
			<column name="status_id" valueNumeric="10501" />
			<column name="entity_id" valueNumeric="1" />
			<column name="deleted" valueNumeric="0" />
			<column name="item_id" valueNumeric="320104" />
			<column name="order_line_id" />
			<column name="notes" value="Bulk Upload" />
			<column name="optlock" valueNumeric="0" />
			<column name="group_id" />
			<column name="provisioning_status" />
			<column name="global" valueBoolean="true" />
		</insert>
		<insert tableName="asset">
			<column name="id" valueNumeric="7949" />
			<column name="identifier" value="8666021135" />
			<column name="create_datetime" valueDate="2014-10-22T23:18:30.698" />
			<column name="status_id" valueNumeric="10501" />
			<column name="entity_id" valueNumeric="1" />
			<column name="deleted" valueNumeric="0" />
			<column name="item_id" valueNumeric="320104" />
			<column name="order_line_id" />
			<column name="notes" value="Bulk Upload" />
			<column name="optlock" valueNumeric="0" />
			<column name="group_id" />
			<column name="provisioning_status" />
			<column name="global" valueBoolean="true" />
		</insert>
		<insert tableName="asset">
			<column name="id" valueNumeric="7950" />
			<column name="identifier" value="8666022892" />
			<column name="create_datetime" valueDate="2014-10-22T23:18:30.719" />
			<column name="status_id" valueNumeric="10501" />
			<column name="entity_id" valueNumeric="1" />
			<column name="deleted" valueNumeric="0" />
			<column name="item_id" valueNumeric="320104" />
			<column name="order_line_id" />
			<column name="notes" value="Bulk Upload" />
			<column name="optlock" valueNumeric="0" />
			<column name="group_id" />
			<column name="provisioning_status" />
			<column name="global" valueBoolean="true" />
		</insert>
		<insert tableName="asset">
			<column name="id" valueNumeric="7951" />
			<column name="identifier" value="8666022896" />
			<column name="create_datetime" valueDate="2014-10-22T23:18:30.732" />
			<column name="status_id" valueNumeric="10501" />
			<column name="entity_id" valueNumeric="1" />
			<column name="deleted" valueNumeric="0" />
			<column name="item_id" valueNumeric="320104" />
			<column name="order_line_id" />
			<column name="notes" value="Bulk Upload" />
			<column name="optlock" valueNumeric="0" />
			<column name="group_id" />
			<column name="provisioning_status" />
			<column name="global" valueBoolean="true" />
		</insert>
		<insert tableName="asset">
			<column name="id" valueNumeric="7952" />
			<column name="identifier" value="8666022939" />
			<column name="create_datetime" valueDate="2014-10-22T23:18:30.738" />
			<column name="status_id" valueNumeric="10501" />
			<column name="entity_id" valueNumeric="1" />
			<column name="deleted" valueNumeric="0" />
			<column name="item_id" valueNumeric="320104" />
			<column name="order_line_id" />
			<column name="notes" value="Bulk Upload" />
			<column name="optlock" valueNumeric="0" />
			<column name="group_id" />
			<column name="provisioning_status" />
			<column name="global" valueBoolean="true" />
		</insert>
		<insert tableName="asset">
			<column name="id" valueNumeric="7953" />
			<column name="identifier" value="8666026984" />
			<column name="create_datetime" valueDate="2014-10-22T23:18:30.744" />
			<column name="status_id" valueNumeric="10501" />
			<column name="entity_id" valueNumeric="1" />
			<column name="deleted" valueNumeric="0" />
			<column name="item_id" valueNumeric="320104" />
			<column name="order_line_id" />
			<column name="notes" value="Bulk Upload" />
			<column name="optlock" valueNumeric="0" />
			<column name="group_id" />
			<column name="provisioning_status" />
			<column name="global" valueBoolean="true" />
		</insert>
		<insert tableName="asset">
			<column name="id" valueNumeric="7954" />
			<column name="identifier" value="8666034413" />
			<column name="create_datetime" valueDate="2014-10-22T23:18:30.785" />
			<column name="status_id" valueNumeric="10501" />
			<column name="entity_id" valueNumeric="1" />
			<column name="deleted" valueNumeric="0" />
			<column name="item_id" valueNumeric="320104" />
			<column name="order_line_id" />
			<column name="notes" value="Bulk Upload" />
			<column name="optlock" valueNumeric="0" />
			<column name="group_id" />
			<column name="provisioning_status" />
			<column name="global" valueBoolean="true" />
		</insert>
		<insert tableName="asset">
			<column name="id" valueNumeric="7955" />
			<column name="identifier" value="8666034420" />
			<column name="create_datetime" valueDate="2014-10-22T23:18:30.796" />
			<column name="status_id" valueNumeric="10501" />
			<column name="entity_id" valueNumeric="1" />
			<column name="deleted" valueNumeric="0" />
			<column name="item_id" valueNumeric="320104" />
			<column name="order_line_id" />
			<column name="notes" value="Bulk Upload" />
			<column name="optlock" valueNumeric="0" />
			<column name="group_id" />
			<column name="provisioning_status" />
			<column name="global" valueBoolean="true" />
		</insert>
		<insert tableName="asset">
			<column name="id" valueNumeric="7956" />
			<column name="identifier" value="8666034508" />
			<column name="create_datetime" valueDate="2014-10-22T23:18:30.807" />
			<column name="status_id" valueNumeric="10501" />
			<column name="entity_id" valueNumeric="1" />
			<column name="deleted" valueNumeric="0" />
			<column name="item_id" valueNumeric="320104" />
			<column name="order_line_id" />
			<column name="notes" value="Bulk Upload" />
			<column name="optlock" valueNumeric="0" />
			<column name="group_id" />
			<column name="provisioning_status" />
			<column name="global" valueBoolean="true" />
		</insert>
		<insert tableName="asset">
			<column name="id" valueNumeric="7957" />
			<column name="identifier" value="8666034512" />
			<column name="create_datetime" valueDate="2014-10-22T23:18:30.859" />
			<column name="status_id" valueNumeric="10501" />
			<column name="entity_id" valueNumeric="1" />
			<column name="deleted" valueNumeric="0" />
			<column name="item_id" valueNumeric="320104" />
			<column name="order_line_id" />
			<column name="notes" value="Bulk Upload" />
			<column name="optlock" valueNumeric="0" />
			<column name="group_id" />
			<column name="provisioning_status" />
			<column name="global" valueBoolean="true" />
		</insert>
		<insert tableName="asset">
			<column name="id" valueNumeric="7958" />
			<column name="identifier" value="8666045351" />
			<column name="create_datetime" valueDate="2014-10-22T23:18:30.997" />
			<column name="status_id" valueNumeric="10501" />
			<column name="entity_id" valueNumeric="1" />
			<column name="deleted" valueNumeric="0" />
			<column name="item_id" valueNumeric="320104" />
			<column name="order_line_id" />
			<column name="notes" value="Bulk Upload" />
			<column name="optlock" valueNumeric="0" />
			<column name="group_id" />
			<column name="provisioning_status" />
			<column name="global" valueBoolean="true" />
		</insert>
		<insert tableName="asset">
			<column name="id" valueNumeric="7959" />
			<column name="identifier" value="8666069010" />
			<column name="create_datetime" valueDate="2014-10-22T23:18:31.4" />
			<column name="status_id" valueNumeric="10501" />
			<column name="entity_id" valueNumeric="1" />
			<column name="deleted" valueNumeric="0" />
			<column name="item_id" valueNumeric="320104" />
			<column name="order_line_id" />
			<column name="notes" value="Bulk Upload" />
			<column name="optlock" valueNumeric="0" />
			<column name="group_id" />
			<column name="provisioning_status" />
			<column name="global" valueBoolean="true" />
		</insert>
		<insert tableName="asset">
			<column name="id" valueNumeric="7960" />
			<column name="identifier" value="8666070723" />
			<column name="create_datetime" valueDate="2014-10-22T23:18:31.15" />
			<column name="status_id" valueNumeric="10501" />
			<column name="entity_id" valueNumeric="1" />
			<column name="deleted" valueNumeric="0" />
			<column name="item_id" valueNumeric="320104" />
			<column name="order_line_id" />
			<column name="notes" value="Bulk Upload" />
			<column name="optlock" valueNumeric="0" />
			<column name="group_id" />
			<column name="provisioning_status" />
			<column name="global" valueBoolean="true" />
		</insert>
		<insert tableName="asset">
			<column name="id" valueNumeric="7961" />
			<column name="identifier" value="8666071729" />
			<column name="create_datetime" valueDate="2014-10-22T23:18:31.25" />
			<column name="status_id" valueNumeric="10501" />
			<column name="entity_id" valueNumeric="1" />
			<column name="deleted" valueNumeric="0" />
			<column name="item_id" valueNumeric="320104" />
			<column name="order_line_id" />
			<column name="notes" value="Bulk Upload" />
			<column name="optlock" valueNumeric="0" />
			<column name="group_id" />
			<column name="provisioning_status" />
			<column name="global" valueBoolean="true" />
		</insert>
		<insert tableName="asset">
			<column name="id" valueNumeric="7962" />
			<column name="identifier" value="8666071730" />
			<column name="create_datetime" valueDate="2014-10-22T23:18:31.41" />
			<column name="status_id" valueNumeric="10501" />
			<column name="entity_id" valueNumeric="1" />
			<column name="deleted" valueNumeric="0" />
			<column name="item_id" valueNumeric="320104" />
			<column name="order_line_id" />
			<column name="notes" value="Bulk Upload" />
			<column name="optlock" valueNumeric="0" />
			<column name="group_id" />
			<column name="provisioning_status" />
			<column name="global" valueBoolean="true" />
		</insert>
		<insert tableName="asset">
			<column name="id" valueNumeric="7963" />
			<column name="identifier" value="8666071732" />
			<column name="create_datetime" valueDate="2014-10-22T23:18:31.69" />
			<column name="status_id" valueNumeric="10501" />
			<column name="entity_id" valueNumeric="1" />
			<column name="deleted" valueNumeric="0" />
			<column name="item_id" valueNumeric="320104" />
			<column name="order_line_id" />
			<column name="notes" value="Bulk Upload" />
			<column name="optlock" valueNumeric="0" />
			<column name="group_id" />
			<column name="provisioning_status" />
			<column name="global" valueBoolean="true" />
		</insert>
		<insert tableName="asset">
			<column name="id" valueNumeric="7964" />
			<column name="identifier" value="8666077467" />
			<column name="create_datetime" valueDate="2014-10-22T23:18:31.81" />
			<column name="status_id" valueNumeric="10501" />
			<column name="entity_id" valueNumeric="1" />
			<column name="deleted" valueNumeric="0" />
			<column name="item_id" valueNumeric="320104" />
			<column name="order_line_id" />
			<column name="notes" value="Bulk Upload" />
			<column name="optlock" valueNumeric="0" />
			<column name="group_id" />
			<column name="provisioning_status" />
			<column name="global" valueBoolean="true" />
		</insert>
		<insert tableName="asset">
			<column name="id" valueNumeric="7965" />
			<column name="identifier" value="8666079535" />
			<column name="create_datetime" valueDate="2014-10-22T23:18:31.113" />
			<column name="status_id" valueNumeric="10501" />
			<column name="entity_id" valueNumeric="1" />
			<column name="deleted" valueNumeric="0" />
			<column name="item_id" valueNumeric="320104" />
			<column name="order_line_id" />
			<column name="notes" value="Bulk Upload" />
			<column name="optlock" valueNumeric="0" />
			<column name="group_id" />
			<column name="provisioning_status" />
			<column name="global" valueBoolean="true" />
		</insert>
		<insert tableName="asset">
			<column name="id" valueNumeric="7966" />
			<column name="identifier" value="8666082513" />
			<column name="create_datetime" valueDate="2014-10-22T23:18:31.292" />
			<column name="status_id" valueNumeric="10501" />
			<column name="entity_id" valueNumeric="1" />
			<column name="deleted" valueNumeric="0" />
			<column name="item_id" valueNumeric="320104" />
			<column name="order_line_id" />
			<column name="notes" value="Bulk Upload" />
			<column name="optlock" valueNumeric="0" />
			<column name="group_id" />
			<column name="provisioning_status" />
			<column name="global" valueBoolean="true" />
		</insert>
		<insert tableName="asset">
			<column name="id" valueNumeric="7967" />
			<column name="identifier" value="8666084608" />
			<column name="create_datetime" valueDate="2014-10-22T23:18:31.338" />
			<column name="status_id" valueNumeric="10501" />
			<column name="entity_id" valueNumeric="1" />
			<column name="deleted" valueNumeric="0" />
			<column name="item_id" valueNumeric="320104" />
			<column name="order_line_id" />
			<column name="notes" value="Bulk Upload" />
			<column name="optlock" valueNumeric="0" />
			<column name="group_id" />
			<column name="provisioning_status" />
			<column name="global" valueBoolean="true" />
		</insert>
		<insert tableName="asset">
			<column name="id" valueNumeric="7968" />
			<column name="identifier" value="8666085242" />
			<column name="create_datetime" valueDate="2014-10-22T23:18:31.353" />
			<column name="status_id" valueNumeric="10501" />
			<column name="entity_id" valueNumeric="1" />
			<column name="deleted" valueNumeric="0" />
			<column name="item_id" valueNumeric="320104" />
			<column name="order_line_id" />
			<column name="notes" value="Bulk Upload" />
			<column name="optlock" valueNumeric="0" />
			<column name="group_id" />
			<column name="provisioning_status" />
			<column name="global" valueBoolean="true" />
		</insert>
		<insert tableName="asset">
			<column name="id" valueNumeric="7969" />
			<column name="identifier" value="8666086841" />
			<column name="create_datetime" valueDate="2014-10-22T23:18:31.359" />
			<column name="status_id" valueNumeric="10501" />
			<column name="entity_id" valueNumeric="1" />
			<column name="deleted" valueNumeric="0" />
			<column name="item_id" valueNumeric="320104" />
			<column name="order_line_id" />
			<column name="notes" value="Bulk Upload" />
			<column name="optlock" valueNumeric="0" />
			<column name="group_id" />
			<column name="provisioning_status" />
			<column name="global" valueBoolean="true" />
		</insert>
		<insert tableName="asset">
			<column name="id" valueNumeric="7970" />
			<column name="identifier" value="8666087838" />
			<column name="create_datetime" valueDate="2014-10-22T23:18:31.476" />
			<column name="status_id" valueNumeric="10501" />
			<column name="entity_id" valueNumeric="1" />
			<column name="deleted" valueNumeric="0" />
			<column name="item_id" valueNumeric="320104" />
			<column name="order_line_id" />
			<column name="notes" value="Bulk Upload" />
			<column name="optlock" valueNumeric="0" />
			<column name="group_id" />
			<column name="provisioning_status" />
			<column name="global" valueBoolean="true" />
		</insert>
		<insert tableName="asset">
			<column name="id" valueNumeric="7971" />
			<column name="identifier" value="8666101775" />
			<column name="create_datetime" valueDate="2014-10-22T23:18:31.482" />
			<column name="status_id" valueNumeric="10501" />
			<column name="entity_id" valueNumeric="1" />
			<column name="deleted" valueNumeric="0" />
			<column name="item_id" valueNumeric="320104" />
			<column name="order_line_id" />
			<column name="notes" value="Bulk Upload" />
			<column name="optlock" valueNumeric="0" />
			<column name="group_id" />
			<column name="provisioning_status" />
			<column name="global" valueBoolean="true" />
		</insert>
		<insert tableName="asset">
			<column name="id" valueNumeric="7972" />
			<column name="identifier" value="8666104235" />
			<column name="create_datetime" valueDate="2014-10-22T23:18:31.539" />
			<column name="status_id" valueNumeric="10501" />
			<column name="entity_id" valueNumeric="1" />
			<column name="deleted" valueNumeric="0" />
			<column name="item_id" valueNumeric="320104" />
			<column name="order_line_id" />
			<column name="notes" value="Bulk Upload" />
			<column name="optlock" valueNumeric="0" />
			<column name="group_id" />
			<column name="provisioning_status" />
			<column name="global" valueBoolean="true" />
		</insert>
		<insert tableName="asset">
			<column name="id" valueNumeric="7973" />
			<column name="identifier" value="8666104847" />
			<column name="create_datetime" valueDate="2014-10-22T23:18:31.652" />
			<column name="status_id" valueNumeric="10501" />
			<column name="entity_id" valueNumeric="1" />
			<column name="deleted" valueNumeric="0" />
			<column name="item_id" valueNumeric="320104" />
			<column name="order_line_id" />
			<column name="notes" value="Bulk Upload" />
			<column name="optlock" valueNumeric="0" />
			<column name="group_id" />
			<column name="provisioning_status" />
			<column name="global" valueBoolean="true" />
		</insert>
		<insert tableName="asset">
			<column name="id" valueNumeric="7974" />
			<column name="identifier" value="8666104923" />
			<column name="create_datetime" valueDate="2014-10-22T23:18:31.676" />
			<column name="status_id" valueNumeric="10501" />
			<column name="entity_id" valueNumeric="1" />
			<column name="deleted" valueNumeric="0" />
			<column name="item_id" valueNumeric="320104" />
			<column name="order_line_id" />
			<column name="notes" value="Bulk Upload" />
			<column name="optlock" valueNumeric="0" />
			<column name="group_id" />
			<column name="provisioning_status" />
			<column name="global" valueBoolean="true" />
		</insert>
		<insert tableName="asset">
			<column name="id" valueNumeric="7975" />
			<column name="identifier" value="8666105053" />
			<column name="create_datetime" valueDate="2014-10-22T23:18:31.704" />
			<column name="status_id" valueNumeric="10501" />
			<column name="entity_id" valueNumeric="1" />
			<column name="deleted" valueNumeric="0" />
			<column name="item_id" valueNumeric="320104" />
			<column name="order_line_id" />
			<column name="notes" value="Bulk Upload" />
			<column name="optlock" valueNumeric="0" />
			<column name="group_id" />
			<column name="provisioning_status" />
			<column name="global" valueBoolean="true" />
		</insert>
		<insert tableName="asset">
			<column name="id" valueNumeric="7976" />
			<column name="identifier" value="8666107407" />
			<column name="create_datetime" valueDate="2014-10-22T23:18:31.715" />
			<column name="status_id" valueNumeric="10501" />
			<column name="entity_id" valueNumeric="1" />
			<column name="deleted" valueNumeric="0" />
			<column name="item_id" valueNumeric="320104" />
			<column name="order_line_id" />
			<column name="notes" value="Bulk Upload" />
			<column name="optlock" valueNumeric="0" />
			<column name="group_id" />
			<column name="provisioning_status" />
			<column name="global" valueBoolean="true" />
		</insert>
		<insert tableName="asset">
			<column name="id" valueNumeric="7977" />
			<column name="identifier" value="8666107408" />
			<column name="create_datetime" valueDate="2014-10-22T23:18:31.725" />
			<column name="status_id" valueNumeric="10501" />
			<column name="entity_id" valueNumeric="1" />
			<column name="deleted" valueNumeric="0" />
			<column name="item_id" valueNumeric="320104" />
			<column name="order_line_id" />
			<column name="notes" value="Bulk Upload" />
			<column name="optlock" valueNumeric="0" />
			<column name="group_id" />
			<column name="provisioning_status" />
			<column name="global" valueBoolean="true" />
		</insert>
		<insert tableName="asset">
			<column name="id" valueNumeric="7978" />
			<column name="identifier" value="8666107413" />
			<column name="create_datetime" valueDate="2014-10-22T23:18:31.801" />
			<column name="status_id" valueNumeric="10501" />
			<column name="entity_id" valueNumeric="1" />
			<column name="deleted" valueNumeric="0" />
			<column name="item_id" valueNumeric="320104" />
			<column name="order_line_id" />
			<column name="notes" value="Bulk Upload" />
			<column name="optlock" valueNumeric="0" />
			<column name="group_id" />
			<column name="provisioning_status" />
			<column name="global" valueBoolean="true" />
		</insert>
		<insert tableName="asset">
			<column name="id" valueNumeric="7979" />
			<column name="identifier" value="8666110869" />
			<column name="create_datetime" valueDate="2014-10-22T23:18:31.830" />
			<column name="status_id" valueNumeric="10501" />
			<column name="entity_id" valueNumeric="1" />
			<column name="deleted" valueNumeric="0" />
			<column name="item_id" valueNumeric="320104" />
			<column name="order_line_id" />
			<column name="notes" value="Bulk Upload" />
			<column name="optlock" valueNumeric="0" />
			<column name="group_id" />
			<column name="provisioning_status" />
			<column name="global" valueBoolean="true" />
		</insert>
		<insert tableName="asset">
			<column name="id" valueNumeric="7980" />
			<column name="identifier" value="8666110871" />
			<column name="create_datetime" valueDate="2014-10-22T23:18:31.860" />
			<column name="status_id" valueNumeric="10501" />
			<column name="entity_id" valueNumeric="1" />
			<column name="deleted" valueNumeric="0" />
			<column name="item_id" valueNumeric="320104" />
			<column name="order_line_id" />
			<column name="notes" value="Bulk Upload" />
			<column name="optlock" valueNumeric="0" />
			<column name="group_id" />
			<column name="provisioning_status" />
			<column name="global" valueBoolean="true" />
		</insert>
		<insert tableName="asset">
			<column name="id" valueNumeric="7981" />
			<column name="identifier" value="8666111123" />
			<column name="create_datetime" valueDate="2014-10-22T23:18:31.927" />
			<column name="status_id" valueNumeric="10501" />
			<column name="entity_id" valueNumeric="1" />
			<column name="deleted" valueNumeric="0" />
			<column name="item_id" valueNumeric="320104" />
			<column name="order_line_id" />
			<column name="notes" value="Bulk Upload" />
			<column name="optlock" valueNumeric="0" />
			<column name="group_id" />
			<column name="provisioning_status" />
			<column name="global" valueBoolean="true" />
		</insert>
		<insert tableName="asset">
			<column name="id" valueNumeric="7982" />
			<column name="identifier" value="8666112445" />
			<column name="create_datetime" valueDate="2014-10-22T23:18:31.935" />
			<column name="status_id" valueNumeric="10501" />
			<column name="entity_id" valueNumeric="1" />
			<column name="deleted" valueNumeric="0" />
			<column name="item_id" valueNumeric="320104" />
			<column name="order_line_id" />
			<column name="notes" value="Bulk Upload" />
			<column name="optlock" valueNumeric="0" />
			<column name="group_id" />
			<column name="provisioning_status" />
			<column name="global" valueBoolean="true" />
		</insert>
		<insert tableName="asset">
			<column name="id" valueNumeric="7983" />
			<column name="identifier" value="8666113697" />
			<column name="create_datetime" valueDate="2014-10-22T23:18:32.40" />
			<column name="status_id" valueNumeric="10501" />
			<column name="entity_id" valueNumeric="1" />
			<column name="deleted" valueNumeric="0" />
			<column name="item_id" valueNumeric="320104" />
			<column name="order_line_id" />
			<column name="notes" value="Bulk Upload" />
			<column name="optlock" valueNumeric="0" />
			<column name="group_id" />
			<column name="provisioning_status" />
			<column name="global" valueBoolean="true" />
		</insert>
		<insert tableName="asset">
			<column name="id" valueNumeric="7984" />
			<column name="identifier" value="8666118124" />
			<column name="create_datetime" valueDate="2014-10-22T23:18:32.66" />
			<column name="status_id" valueNumeric="10501" />
			<column name="entity_id" valueNumeric="1" />
			<column name="deleted" valueNumeric="0" />
			<column name="item_id" valueNumeric="320104" />
			<column name="order_line_id" />
			<column name="notes" value="Bulk Upload" />
			<column name="optlock" valueNumeric="0" />
			<column name="group_id" />
			<column name="provisioning_status" />
			<column name="global" valueBoolean="true" />
		</insert>
		<insert tableName="asset">
			<column name="id" valueNumeric="7985" />
			<column name="identifier" value="8666125280" />
			<column name="create_datetime" valueDate="2014-10-22T23:18:32.72" />
			<column name="status_id" valueNumeric="10501" />
			<column name="entity_id" valueNumeric="1" />
			<column name="deleted" valueNumeric="0" />
			<column name="item_id" valueNumeric="320104" />
			<column name="order_line_id" />
			<column name="notes" value="Bulk Upload" />
			<column name="optlock" valueNumeric="0" />
			<column name="group_id" />
			<column name="provisioning_status" />
			<column name="global" valueBoolean="true" />
		</insert>
		<insert tableName="asset">
			<column name="id" valueNumeric="7986" />
			<column name="identifier" value="8666125680" />
			<column name="create_datetime" valueDate="2014-10-22T23:18:32.98" />
			<column name="status_id" valueNumeric="10501" />
			<column name="entity_id" valueNumeric="1" />
			<column name="deleted" valueNumeric="0" />
			<column name="item_id" valueNumeric="320104" />
			<column name="order_line_id" />
			<column name="notes" value="Bulk Upload" />
			<column name="optlock" valueNumeric="0" />
			<column name="group_id" />
			<column name="provisioning_status" />
			<column name="global" valueBoolean="true" />
		</insert>
		<insert tableName="asset">
			<column name="id" valueNumeric="7987" />
			<column name="identifier" value="8666129041" />
			<column name="create_datetime" valueDate="2014-10-22T23:18:32.123" />
			<column name="status_id" valueNumeric="10501" />
			<column name="entity_id" valueNumeric="1" />
			<column name="deleted" valueNumeric="0" />
			<column name="item_id" valueNumeric="320104" />
			<column name="order_line_id" />
			<column name="notes" value="Bulk Upload" />
			<column name="optlock" valueNumeric="0" />
			<column name="group_id" />
			<column name="provisioning_status" />
			<column name="global" valueBoolean="true" />
		</insert>
		<insert tableName="asset">
			<column name="id" valueNumeric="7988" />
			<column name="identifier" value="8666133340" />
			<column name="create_datetime" valueDate="2014-10-22T23:18:32.129" />
			<column name="status_id" valueNumeric="10501" />
			<column name="entity_id" valueNumeric="1" />
			<column name="deleted" valueNumeric="0" />
			<column name="item_id" valueNumeric="320104" />
			<column name="order_line_id" />
			<column name="notes" value="Bulk Upload" />
			<column name="optlock" valueNumeric="0" />
			<column name="group_id" />
			<column name="provisioning_status" />
			<column name="global" valueBoolean="true" />
		</insert>
		<insert tableName="asset">
			<column name="id" valueNumeric="7989" />
			<column name="identifier" value="8666134636" />
			<column name="create_datetime" valueDate="2014-10-22T23:18:32.148" />
			<column name="status_id" valueNumeric="10501" />
			<column name="entity_id" valueNumeric="1" />
			<column name="deleted" valueNumeric="0" />
			<column name="item_id" valueNumeric="320104" />
			<column name="order_line_id" />
			<column name="notes" value="Bulk Upload" />
			<column name="optlock" valueNumeric="0" />
			<column name="group_id" />
			<column name="provisioning_status" />
			<column name="global" valueBoolean="true" />
		</insert>
		<insert tableName="asset">
			<column name="id" valueNumeric="7990" />
			<column name="identifier" value="8666141940" />
			<column name="create_datetime" valueDate="2014-10-22T23:18:32.154" />
			<column name="status_id" valueNumeric="10501" />
			<column name="entity_id" valueNumeric="1" />
			<column name="deleted" valueNumeric="0" />
			<column name="item_id" valueNumeric="320104" />
			<column name="order_line_id" />
			<column name="notes" value="Bulk Upload" />
			<column name="optlock" valueNumeric="0" />
			<column name="group_id" />
			<column name="provisioning_status" />
			<column name="global" valueBoolean="true" />
		</insert>
		<insert tableName="asset">
			<column name="id" valueNumeric="7991" />
			<column name="identifier" value="8666142034" />
			<column name="create_datetime" valueDate="2014-10-22T23:18:32.168" />
			<column name="status_id" valueNumeric="10501" />
			<column name="entity_id" valueNumeric="1" />
			<column name="deleted" valueNumeric="0" />
			<column name="item_id" valueNumeric="320104" />
			<column name="order_line_id" />
			<column name="notes" value="Bulk Upload" />
			<column name="optlock" valueNumeric="0" />
			<column name="group_id" />
			<column name="provisioning_status" />
			<column name="global" valueBoolean="true" />
		</insert>
		<insert tableName="asset">
			<column name="id" valueNumeric="7992" />
			<column name="identifier" value="8666142055" />
			<column name="create_datetime" valueDate="2014-10-22T23:18:32.225" />
			<column name="status_id" valueNumeric="10501" />
			<column name="entity_id" valueNumeric="1" />
			<column name="deleted" valueNumeric="0" />
			<column name="item_id" valueNumeric="320104" />
			<column name="order_line_id" />
			<column name="notes" value="Bulk Upload" />
			<column name="optlock" valueNumeric="0" />
			<column name="group_id" />
			<column name="provisioning_status" />
			<column name="global" valueBoolean="true" />
		</insert>
		<insert tableName="asset">
			<column name="id" valueNumeric="7993" />
			<column name="identifier" value="8666145934" />
			<column name="create_datetime" valueDate="2014-10-22T23:18:32.239" />
			<column name="status_id" valueNumeric="10501" />
			<column name="entity_id" valueNumeric="1" />
			<column name="deleted" valueNumeric="0" />
			<column name="item_id" valueNumeric="320104" />
			<column name="order_line_id" />
			<column name="notes" value="Bulk Upload" />
			<column name="optlock" valueNumeric="0" />
			<column name="group_id" />
			<column name="provisioning_status" />
			<column name="global" valueBoolean="true" />
		</insert>
		<insert tableName="asset">
			<column name="id" valueNumeric="7994" />
			<column name="identifier" value="8666147869" />
			<column name="create_datetime" valueDate="2014-10-22T23:18:32.301" />
			<column name="status_id" valueNumeric="10501" />
			<column name="entity_id" valueNumeric="1" />
			<column name="deleted" valueNumeric="0" />
			<column name="item_id" valueNumeric="320104" />
			<column name="order_line_id" />
			<column name="notes" value="Bulk Upload" />
			<column name="optlock" valueNumeric="0" />
			<column name="group_id" />
			<column name="provisioning_status" />
			<column name="global" valueBoolean="true" />
		</insert>
		<insert tableName="asset">
			<column name="id" valueNumeric="7995" />
			<column name="identifier" value="8666147954" />
			<column name="create_datetime" valueDate="2014-10-22T23:18:32.332" />
			<column name="status_id" valueNumeric="10501" />
			<column name="entity_id" valueNumeric="1" />
			<column name="deleted" valueNumeric="0" />
			<column name="item_id" valueNumeric="320104" />
			<column name="order_line_id" />
			<column name="notes" value="Bulk Upload" />
			<column name="optlock" valueNumeric="0" />
			<column name="group_id" />
			<column name="provisioning_status" />
			<column name="global" valueBoolean="true" />
		</insert>
		<insert tableName="asset">
			<column name="id" valueNumeric="7996" />
			<column name="identifier" value="8666147974" />
			<column name="create_datetime" valueDate="2014-10-22T23:18:32.346" />
			<column name="status_id" valueNumeric="10501" />
			<column name="entity_id" valueNumeric="1" />
			<column name="deleted" valueNumeric="0" />
			<column name="item_id" valueNumeric="320104" />
			<column name="order_line_id" />
			<column name="notes" value="Bulk Upload" />
			<column name="optlock" valueNumeric="0" />
			<column name="group_id" />
			<column name="provisioning_status" />
			<column name="global" valueBoolean="true" />
		</insert>
		<insert tableName="asset">
			<column name="id" valueNumeric="7997" />
			<column name="identifier" value="8666154310" />
			<column name="create_datetime" valueDate="2014-10-22T23:18:32.351" />
			<column name="status_id" valueNumeric="10501" />
			<column name="entity_id" valueNumeric="1" />
			<column name="deleted" valueNumeric="0" />
			<column name="item_id" valueNumeric="320104" />
			<column name="order_line_id" />
			<column name="notes" value="Bulk Upload" />
			<column name="optlock" valueNumeric="0" />
			<column name="group_id" />
			<column name="provisioning_status" />
			<column name="global" valueBoolean="true" />
		</insert>
		<insert tableName="asset">
			<column name="id" valueNumeric="7998" />
			<column name="identifier" value="8666157277" />
			<column name="create_datetime" valueDate="2014-10-22T23:18:32.376" />
			<column name="status_id" valueNumeric="10501" />
			<column name="entity_id" valueNumeric="1" />
			<column name="deleted" valueNumeric="0" />
			<column name="item_id" valueNumeric="320104" />
			<column name="order_line_id" />
			<column name="notes" value="Bulk Upload" />
			<column name="optlock" valueNumeric="0" />
			<column name="group_id" />
			<column name="provisioning_status" />
			<column name="global" valueBoolean="true" />
		</insert>
		<insert tableName="asset">
			<column name="id" valueNumeric="7999" />
			<column name="identifier" value="8666158533" />
			<column name="create_datetime" valueDate="2014-10-22T23:18:32.382" />
			<column name="status_id" valueNumeric="10501" />
			<column name="entity_id" valueNumeric="1" />
			<column name="deleted" valueNumeric="0" />
			<column name="item_id" valueNumeric="320104" />
			<column name="order_line_id" />
			<column name="notes" value="Bulk Upload" />
			<column name="optlock" valueNumeric="0" />
			<column name="group_id" />
			<column name="provisioning_status" />
			<column name="global" valueBoolean="true" />
		</insert>
		<insert tableName="asset">
			<column name="id" valueNumeric="8000" />
			<column name="identifier" value="8666163097" />
			<column name="create_datetime" valueDate="2014-10-22T23:18:32.392" />
			<column name="status_id" valueNumeric="10501" />
			<column name="entity_id" valueNumeric="1" />
			<column name="deleted" valueNumeric="0" />
			<column name="item_id" valueNumeric="320104" />
			<column name="order_line_id" />
			<column name="notes" value="Bulk Upload" />
			<column name="optlock" valueNumeric="0" />
			<column name="group_id" />
			<column name="provisioning_status" />
			<column name="global" valueBoolean="true" />
		</insert>
		<insert tableName="asset">
			<column name="id" valueNumeric="8001" />
			<column name="identifier" value="8666166420" />
			<column name="create_datetime" valueDate="2014-10-22T23:18:32.456" />
			<column name="status_id" valueNumeric="10501" />
			<column name="entity_id" valueNumeric="1" />
			<column name="deleted" valueNumeric="0" />
			<column name="item_id" valueNumeric="320104" />
			<column name="order_line_id" />
			<column name="notes" value="Bulk Upload" />
			<column name="optlock" valueNumeric="0" />
			<column name="group_id" />
			<column name="provisioning_status" />
			<column name="global" valueBoolean="true" />
		</insert>
		<insert tableName="asset">
			<column name="id" valueNumeric="8002" />
			<column name="identifier" value="8666166421" />
			<column name="create_datetime" valueDate="2014-10-22T23:18:32.752" />
			<column name="status_id" valueNumeric="10501" />
			<column name="entity_id" valueNumeric="1" />
			<column name="deleted" valueNumeric="0" />
			<column name="item_id" valueNumeric="320104" />
			<column name="order_line_id" />
			<column name="notes" value="Bulk Upload" />
			<column name="optlock" valueNumeric="0" />
			<column name="group_id" />
			<column name="provisioning_status" />
			<column name="global" valueBoolean="true" />
		</insert>
		<insert tableName="asset">
			<column name="id" valueNumeric="8003" />
			<column name="identifier" value="8666166423" />
			<column name="create_datetime" valueDate="2014-10-22T23:18:32.777" />
			<column name="status_id" valueNumeric="10501" />
			<column name="entity_id" valueNumeric="1" />
			<column name="deleted" valueNumeric="0" />
			<column name="item_id" valueNumeric="320104" />
			<column name="order_line_id" />
			<column name="notes" value="Bulk Upload" />
			<column name="optlock" valueNumeric="0" />
			<column name="group_id" />
			<column name="provisioning_status" />
			<column name="global" valueBoolean="true" />
		</insert>
		<insert tableName="asset">
			<column name="id" valueNumeric="8004" />
			<column name="identifier" value="8666168307" />
			<column name="create_datetime" valueDate="2014-10-22T23:18:32.795" />
			<column name="status_id" valueNumeric="10501" />
			<column name="entity_id" valueNumeric="1" />
			<column name="deleted" valueNumeric="0" />
			<column name="item_id" valueNumeric="320104" />
			<column name="order_line_id" />
			<column name="notes" value="Bulk Upload" />
			<column name="optlock" valueNumeric="0" />
			<column name="group_id" />
			<column name="provisioning_status" />
			<column name="global" valueBoolean="true" />
		</insert>
		<insert tableName="asset">
			<column name="id" valueNumeric="8005" />
			<column name="identifier" value="8666173373" />
			<column name="create_datetime" valueDate="2014-10-22T23:18:32.817" />
			<column name="status_id" valueNumeric="10501" />
			<column name="entity_id" valueNumeric="1" />
			<column name="deleted" valueNumeric="0" />
			<column name="item_id" valueNumeric="320104" />
			<column name="order_line_id" />
			<column name="notes" value="Bulk Upload" />
			<column name="optlock" valueNumeric="0" />
			<column name="group_id" />
			<column name="provisioning_status" />
			<column name="global" valueBoolean="true" />
		</insert>
		<insert tableName="asset">
			<column name="id" valueNumeric="8006" />
			<column name="identifier" value="8666188675" />
			<column name="create_datetime" valueDate="2014-10-22T23:18:32.830" />
			<column name="status_id" valueNumeric="10501" />
			<column name="entity_id" valueNumeric="1" />
			<column name="deleted" valueNumeric="0" />
			<column name="item_id" valueNumeric="320104" />
			<column name="order_line_id" />
			<column name="notes" value="Bulk Upload" />
			<column name="optlock" valueNumeric="0" />
			<column name="group_id" />
			<column name="provisioning_status" />
			<column name="global" valueBoolean="true" />
		</insert>
		<insert tableName="asset">
			<column name="id" valueNumeric="8007" />
			<column name="identifier" value="8666190537" />
			<column name="create_datetime" valueDate="2014-10-22T23:18:32.842" />
			<column name="status_id" valueNumeric="10501" />
			<column name="entity_id" valueNumeric="1" />
			<column name="deleted" valueNumeric="0" />
			<column name="item_id" valueNumeric="320104" />
			<column name="order_line_id" />
			<column name="notes" value="Bulk Upload" />
			<column name="optlock" valueNumeric="0" />
			<column name="group_id" />
			<column name="provisioning_status" />
			<column name="global" valueBoolean="true" />
		</insert>
		<insert tableName="asset">
			<column name="id" valueNumeric="8008" />
			<column name="identifier" value="8666191277" />
			<column name="create_datetime" valueDate="2014-10-22T23:18:32.854" />
			<column name="status_id" valueNumeric="10501" />
			<column name="entity_id" valueNumeric="1" />
			<column name="deleted" valueNumeric="0" />
			<column name="item_id" valueNumeric="320104" />
			<column name="order_line_id" />
			<column name="notes" value="Bulk Upload" />
			<column name="optlock" valueNumeric="0" />
			<column name="group_id" />
			<column name="provisioning_status" />
			<column name="global" valueBoolean="true" />
		</insert>
		<insert tableName="asset">
			<column name="id" valueNumeric="8009" />
			<column name="identifier" value="8666191281" />
			<column name="create_datetime" valueDate="2014-10-22T23:18:32.934" />
			<column name="status_id" valueNumeric="10501" />
			<column name="entity_id" valueNumeric="1" />
			<column name="deleted" valueNumeric="0" />
			<column name="item_id" valueNumeric="320104" />
			<column name="order_line_id" />
			<column name="notes" value="Bulk Upload" />
			<column name="optlock" valueNumeric="0" />
			<column name="group_id" />
			<column name="provisioning_status" />
			<column name="global" valueBoolean="true" />
		</insert>
		<insert tableName="asset">
			<column name="id" valueNumeric="8010" />
			<column name="identifier" value="8666191282" />
			<column name="create_datetime" valueDate="2014-10-22T23:18:32.952" />
			<column name="status_id" valueNumeric="10501" />
			<column name="entity_id" valueNumeric="1" />
			<column name="deleted" valueNumeric="0" />
			<column name="item_id" valueNumeric="320104" />
			<column name="order_line_id" />
			<column name="notes" value="Bulk Upload" />
			<column name="optlock" valueNumeric="0" />
			<column name="group_id" />
			<column name="provisioning_status" />
			<column name="global" valueBoolean="true" />
		</insert>
		<insert tableName="asset">
			<column name="id" valueNumeric="8011" />
			<column name="identifier" value="8666191283" />
			<column name="create_datetime" valueDate="2014-10-22T23:18:33.103" />
			<column name="status_id" valueNumeric="10501" />
			<column name="entity_id" valueNumeric="1" />
			<column name="deleted" valueNumeric="0" />
			<column name="item_id" valueNumeric="320104" />
			<column name="order_line_id" />
			<column name="notes" value="Bulk Upload" />
			<column name="optlock" valueNumeric="0" />
			<column name="group_id" />
			<column name="provisioning_status" />
			<column name="global" valueBoolean="true" />
		</insert>
		<insert tableName="asset">
			<column name="id" valueNumeric="8012" />
			<column name="identifier" value="8666191284" />
			<column name="create_datetime" valueDate="2014-10-22T23:18:33.165" />
			<column name="status_id" valueNumeric="10501" />
			<column name="entity_id" valueNumeric="1" />
			<column name="deleted" valueNumeric="0" />
			<column name="item_id" valueNumeric="320104" />
			<column name="order_line_id" />
			<column name="notes" value="Bulk Upload" />
			<column name="optlock" valueNumeric="0" />
			<column name="group_id" />
			<column name="provisioning_status" />
			<column name="global" valueBoolean="true" />
		</insert>
		<insert tableName="asset">
			<column name="id" valueNumeric="8013" />
			<column name="identifier" value="8666192409" />
			<column name="create_datetime" valueDate="2014-10-22T23:18:33.178" />
			<column name="status_id" valueNumeric="10501" />
			<column name="entity_id" valueNumeric="1" />
			<column name="deleted" valueNumeric="0" />
			<column name="item_id" valueNumeric="320104" />
			<column name="order_line_id" />
			<column name="notes" value="Bulk Upload" />
			<column name="optlock" valueNumeric="0" />
			<column name="group_id" />
			<column name="provisioning_status" />
			<column name="global" valueBoolean="true" />
		</insert>
		<insert tableName="asset">
			<column name="id" valueNumeric="8014" />
			<column name="identifier" value="8666192410" />
			<column name="create_datetime" valueDate="2014-10-22T23:18:33.263" />
			<column name="status_id" valueNumeric="10501" />
			<column name="entity_id" valueNumeric="1" />
			<column name="deleted" valueNumeric="0" />
			<column name="item_id" valueNumeric="320104" />
			<column name="order_line_id" />
			<column name="notes" value="Bulk Upload" />
			<column name="optlock" valueNumeric="0" />
			<column name="group_id" />
			<column name="provisioning_status" />
			<column name="global" valueBoolean="true" />
		</insert>
		<insert tableName="asset">
			<column name="id" valueNumeric="8015" />
			<column name="identifier" value="8666192731" />
			<column name="create_datetime" valueDate="2014-10-22T23:18:33.285" />
			<column name="status_id" valueNumeric="10501" />
			<column name="entity_id" valueNumeric="1" />
			<column name="deleted" valueNumeric="0" />
			<column name="item_id" valueNumeric="320104" />
			<column name="order_line_id" />
			<column name="notes" value="Bulk Upload" />
			<column name="optlock" valueNumeric="0" />
			<column name="group_id" />
			<column name="provisioning_status" />
			<column name="global" valueBoolean="true" />
		</insert>
		<insert tableName="asset">
			<column name="id" valueNumeric="8016" />
			<column name="identifier" value="8666193918" />
			<column name="create_datetime" valueDate="2014-10-22T23:18:33.298" />
			<column name="status_id" valueNumeric="10501" />
			<column name="entity_id" valueNumeric="1" />
			<column name="deleted" valueNumeric="0" />
			<column name="item_id" valueNumeric="320104" />
			<column name="order_line_id" />
			<column name="notes" value="Bulk Upload" />
			<column name="optlock" valueNumeric="0" />
			<column name="group_id" />
			<column name="provisioning_status" />
			<column name="global" valueBoolean="true" />
		</insert>
		<insert tableName="asset">
			<column name="id" valueNumeric="8017" />
			<column name="identifier" value="8666196576" />
			<column name="create_datetime" valueDate="2014-10-22T23:18:33.330" />
			<column name="status_id" valueNumeric="10501" />
			<column name="entity_id" valueNumeric="1" />
			<column name="deleted" valueNumeric="0" />
			<column name="item_id" valueNumeric="320104" />
			<column name="order_line_id" />
			<column name="notes" value="Bulk Upload" />
			<column name="optlock" valueNumeric="0" />
			<column name="group_id" />
			<column name="provisioning_status" />
			<column name="global" valueBoolean="true" />
		</insert>
		<insert tableName="asset">
			<column name="id" valueNumeric="8018" />
			<column name="identifier" value="8666197105" />
			<column name="create_datetime" valueDate="2014-10-22T23:18:33.371" />
			<column name="status_id" valueNumeric="10501" />
			<column name="entity_id" valueNumeric="1" />
			<column name="deleted" valueNumeric="0" />
			<column name="item_id" valueNumeric="320104" />
			<column name="order_line_id" />
			<column name="notes" value="Bulk Upload" />
			<column name="optlock" valueNumeric="0" />
			<column name="group_id" />
			<column name="provisioning_status" />
			<column name="global" valueBoolean="true" />
		</insert>
		<insert tableName="asset">
			<column name="id" valueNumeric="8019" />
			<column name="identifier" value="8666197978" />
			<column name="create_datetime" valueDate="2014-10-22T23:18:33.384" />
			<column name="status_id" valueNumeric="10501" />
			<column name="entity_id" valueNumeric="1" />
			<column name="deleted" valueNumeric="0" />
			<column name="item_id" valueNumeric="320104" />
			<column name="order_line_id" />
			<column name="notes" value="Bulk Upload" />
			<column name="optlock" valueNumeric="0" />
			<column name="group_id" />
			<column name="provisioning_status" />
			<column name="global" valueBoolean="true" />
		</insert>
		<insert tableName="asset">
			<column name="id" valueNumeric="8020" />
			<column name="identifier" value="8666199372" />
			<column name="create_datetime" valueDate="2014-10-22T23:18:33.435" />
			<column name="status_id" valueNumeric="10501" />
			<column name="entity_id" valueNumeric="1" />
			<column name="deleted" valueNumeric="0" />
			<column name="item_id" valueNumeric="320104" />
			<column name="order_line_id" />
			<column name="notes" value="Bulk Upload" />
			<column name="optlock" valueNumeric="0" />
			<column name="group_id" />
			<column name="provisioning_status" />
			<column name="global" valueBoolean="true" />
		</insert>
		<insert tableName="asset">
			<column name="id" valueNumeric="8021" />
			<column name="identifier" value="8666207045" />
			<column name="create_datetime" valueDate="2014-10-22T23:18:33.476" />
			<column name="status_id" valueNumeric="10501" />
			<column name="entity_id" valueNumeric="1" />
			<column name="deleted" valueNumeric="0" />
			<column name="item_id" valueNumeric="320104" />
			<column name="order_line_id" />
			<column name="notes" value="Bulk Upload" />
			<column name="optlock" valueNumeric="0" />
			<column name="group_id" />
			<column name="provisioning_status" />
			<column name="global" valueBoolean="true" />
		</insert>
		<insert tableName="asset">
			<column name="id" valueNumeric="8022" />
			<column name="identifier" value="8666208853" />
			<column name="create_datetime" valueDate="2014-10-22T23:18:33.492" />
			<column name="status_id" valueNumeric="10501" />
			<column name="entity_id" valueNumeric="1" />
			<column name="deleted" valueNumeric="0" />
			<column name="item_id" valueNumeric="320104" />
			<column name="order_line_id" />
			<column name="notes" value="Bulk Upload" />
			<column name="optlock" valueNumeric="0" />
			<column name="group_id" />
			<column name="provisioning_status" />
			<column name="global" valueBoolean="true" />
		</insert>
		<insert tableName="asset">
			<column name="id" valueNumeric="8023" />
			<column name="identifier" value="8666209244" />
			<column name="create_datetime" valueDate="2014-10-22T23:18:33.509" />
			<column name="status_id" valueNumeric="10501" />
			<column name="entity_id" valueNumeric="1" />
			<column name="deleted" valueNumeric="0" />
			<column name="item_id" valueNumeric="320104" />
			<column name="order_line_id" />
			<column name="notes" value="Bulk Upload" />
			<column name="optlock" valueNumeric="0" />
			<column name="group_id" />
			<column name="provisioning_status" />
			<column name="global" valueBoolean="true" />
		</insert>
		<insert tableName="asset">
			<column name="id" valueNumeric="8024" />
			<column name="identifier" value="8666209245" />
			<column name="create_datetime" valueDate="2014-10-22T23:18:33.555" />
			<column name="status_id" valueNumeric="10501" />
			<column name="entity_id" valueNumeric="1" />
			<column name="deleted" valueNumeric="0" />
			<column name="item_id" valueNumeric="320104" />
			<column name="order_line_id" />
			<column name="notes" value="Bulk Upload" />
			<column name="optlock" valueNumeric="0" />
			<column name="group_id" />
			<column name="provisioning_status" />
			<column name="global" valueBoolean="true" />
		</insert>
		<insert tableName="asset">
			<column name="id" valueNumeric="8025" />
			<column name="identifier" value="8666209246" />
			<column name="create_datetime" valueDate="2014-10-22T23:18:33.561" />
			<column name="status_id" valueNumeric="10501" />
			<column name="entity_id" valueNumeric="1" />
			<column name="deleted" valueNumeric="0" />
			<column name="item_id" valueNumeric="320104" />
			<column name="order_line_id" />
			<column name="notes" value="Bulk Upload" />
			<column name="optlock" valueNumeric="0" />
			<column name="group_id" />
			<column name="provisioning_status" />
			<column name="global" valueBoolean="true" />
		</insert>
		<insert tableName="asset">
			<column name="id" valueNumeric="8026" />
			<column name="identifier" value="8666209248" />
			<column name="create_datetime" valueDate="2014-10-22T23:18:33.568" />
			<column name="status_id" valueNumeric="10501" />
			<column name="entity_id" valueNumeric="1" />
			<column name="deleted" valueNumeric="0" />
			<column name="item_id" valueNumeric="320104" />
			<column name="order_line_id" />
			<column name="notes" value="Bulk Upload" />
			<column name="optlock" valueNumeric="0" />
			<column name="group_id" />
			<column name="provisioning_status" />
			<column name="global" valueBoolean="true" />
		</insert>
		<insert tableName="asset">
			<column name="id" valueNumeric="8027" />
			<column name="identifier" value="8666209249" />
			<column name="create_datetime" valueDate="2014-10-22T23:18:33.577" />
			<column name="status_id" valueNumeric="10501" />
			<column name="entity_id" valueNumeric="1" />
			<column name="deleted" valueNumeric="0" />
			<column name="item_id" valueNumeric="320104" />
			<column name="order_line_id" />
			<column name="notes" value="Bulk Upload" />
			<column name="optlock" valueNumeric="0" />
			<column name="group_id" />
			<column name="provisioning_status" />
			<column name="global" valueBoolean="true" />
		</insert>
		<insert tableName="asset">
			<column name="id" valueNumeric="8028" />
			<column name="identifier" value="8666213008" />
			<column name="create_datetime" valueDate="2014-10-22T23:18:33.588" />
			<column name="status_id" valueNumeric="10501" />
			<column name="entity_id" valueNumeric="1" />
			<column name="deleted" valueNumeric="0" />
			<column name="item_id" valueNumeric="320104" />
			<column name="order_line_id" />
			<column name="notes" value="Bulk Upload" />
			<column name="optlock" valueNumeric="0" />
			<column name="group_id" />
			<column name="provisioning_status" />
			<column name="global" valueBoolean="true" />
		</insert>
		<insert tableName="asset">
			<column name="id" valueNumeric="8029" />
			<column name="identifier" value="8666215456" />
			<column name="create_datetime" valueDate="2014-10-22T23:18:33.599" />
			<column name="status_id" valueNumeric="10501" />
			<column name="entity_id" valueNumeric="1" />
			<column name="deleted" valueNumeric="0" />
			<column name="item_id" valueNumeric="320104" />
			<column name="order_line_id" />
			<column name="notes" value="Bulk Upload" />
			<column name="optlock" valueNumeric="0" />
			<column name="group_id" />
			<column name="provisioning_status" />
			<column name="global" valueBoolean="true" />
		</insert>
		<insert tableName="asset">
			<column name="id" valueNumeric="8030" />
			<column name="identifier" value="8666219018" />
			<column name="create_datetime" valueDate="2014-10-22T23:18:33.661" />
			<column name="status_id" valueNumeric="10501" />
			<column name="entity_id" valueNumeric="1" />
			<column name="deleted" valueNumeric="0" />
			<column name="item_id" valueNumeric="320104" />
			<column name="order_line_id" />
			<column name="notes" value="Bulk Upload" />
			<column name="optlock" valueNumeric="0" />
			<column name="group_id" />
			<column name="provisioning_status" />
			<column name="global" valueBoolean="true" />
		</insert>
		<insert tableName="asset">
			<column name="id" valueNumeric="8031" />
			<column name="identifier" value="8666223133" />
			<column name="create_datetime" valueDate="2014-10-22T23:18:33.764" />
			<column name="status_id" valueNumeric="10501" />
			<column name="entity_id" valueNumeric="1" />
			<column name="deleted" valueNumeric="0" />
			<column name="item_id" valueNumeric="320104" />
			<column name="order_line_id" />
			<column name="notes" value="Bulk Upload" />
			<column name="optlock" valueNumeric="0" />
			<column name="group_id" />
			<column name="provisioning_status" />
			<column name="global" valueBoolean="true" />
		</insert>
		<insert tableName="asset">
			<column name="id" valueNumeric="8032" />
			<column name="identifier" value="8666223230" />
			<column name="create_datetime" valueDate="2014-10-22T23:18:33.831" />
			<column name="status_id" valueNumeric="10501" />
			<column name="entity_id" valueNumeric="1" />
			<column name="deleted" valueNumeric="0" />
			<column name="item_id" valueNumeric="320104" />
			<column name="order_line_id" />
			<column name="notes" value="Bulk Upload" />
			<column name="optlock" valueNumeric="0" />
			<column name="group_id" />
			<column name="provisioning_status" />
			<column name="global" valueBoolean="true" />
		</insert>
		<insert tableName="asset">
			<column name="id" valueNumeric="8033" />
			<column name="identifier" value="8666232248" />
			<column name="create_datetime" valueDate="2014-10-22T23:18:33.847" />
			<column name="status_id" valueNumeric="10501" />
			<column name="entity_id" valueNumeric="1" />
			<column name="deleted" valueNumeric="0" />
			<column name="item_id" valueNumeric="320104" />
			<column name="order_line_id" />
			<column name="notes" value="Bulk Upload" />
			<column name="optlock" valueNumeric="0" />
			<column name="group_id" />
			<column name="provisioning_status" />
			<column name="global" valueBoolean="true" />
		</insert>
		<insert tableName="asset">
			<column name="id" valueNumeric="8034" />
			<column name="identifier" value="8666232249" />
			<column name="create_datetime" valueDate="2014-10-22T23:18:33.869" />
			<column name="status_id" valueNumeric="10501" />
			<column name="entity_id" valueNumeric="1" />
			<column name="deleted" valueNumeric="0" />
			<column name="item_id" valueNumeric="320104" />
			<column name="order_line_id" />
			<column name="notes" value="Bulk Upload" />
			<column name="optlock" valueNumeric="0" />
			<column name="group_id" />
			<column name="provisioning_status" />
			<column name="global" valueBoolean="true" />
		</insert>
		<insert tableName="asset">
			<column name="id" valueNumeric="8035" />
			<column name="identifier" value="8666234109" />
			<column name="create_datetime" valueDate="2014-10-22T23:18:33.885" />
			<column name="status_id" valueNumeric="10501" />
			<column name="entity_id" valueNumeric="1" />
			<column name="deleted" valueNumeric="0" />
			<column name="item_id" valueNumeric="320104" />
			<column name="order_line_id" />
			<column name="notes" value="Bulk Upload" />
			<column name="optlock" valueNumeric="0" />
			<column name="group_id" />
			<column name="provisioning_status" />
			<column name="global" valueBoolean="true" />
		</insert>
		<insert tableName="asset">
			<column name="id" valueNumeric="8036" />
			<column name="identifier" value="8666234181" />
			<column name="create_datetime" valueDate="2014-10-22T23:18:33.937" />
			<column name="status_id" valueNumeric="10501" />
			<column name="entity_id" valueNumeric="1" />
			<column name="deleted" valueNumeric="0" />
			<column name="item_id" valueNumeric="320104" />
			<column name="order_line_id" />
			<column name="notes" value="Bulk Upload" />
			<column name="optlock" valueNumeric="0" />
			<column name="group_id" />
			<column name="provisioning_status" />
			<column name="global" valueBoolean="true" />
		</insert>
		<insert tableName="asset">
			<column name="id" valueNumeric="8037" />
			<column name="identifier" value="8666234227" />
			<column name="create_datetime" valueDate="2014-10-22T23:18:33.943" />
			<column name="status_id" valueNumeric="10501" />
			<column name="entity_id" valueNumeric="1" />
			<column name="deleted" valueNumeric="0" />
			<column name="item_id" valueNumeric="320104" />
			<column name="order_line_id" />
			<column name="notes" value="Bulk Upload" />
			<column name="optlock" valueNumeric="0" />
			<column name="group_id" />
			<column name="provisioning_status" />
			<column name="global" valueBoolean="true" />
		</insert>
		<insert tableName="asset">
			<column name="id" valueNumeric="8038" />
			<column name="identifier" value="8666234292" />
			<column name="create_datetime" valueDate="2014-10-22T23:18:33.951" />
			<column name="status_id" valueNumeric="10501" />
			<column name="entity_id" valueNumeric="1" />
			<column name="deleted" valueNumeric="0" />
			<column name="item_id" valueNumeric="320104" />
			<column name="order_line_id" />
			<column name="notes" value="Bulk Upload" />
			<column name="optlock" valueNumeric="0" />
			<column name="group_id" />
			<column name="provisioning_status" />
			<column name="global" valueBoolean="true" />
		</insert>
		<insert tableName="asset">
			<column name="id" valueNumeric="8039" />
			<column name="identifier" value="8666234295" />
			<column name="create_datetime" valueDate="2014-10-22T23:18:33.962" />
			<column name="status_id" valueNumeric="10501" />
			<column name="entity_id" valueNumeric="1" />
			<column name="deleted" valueNumeric="0" />
			<column name="item_id" valueNumeric="320104" />
			<column name="order_line_id" />
			<column name="notes" value="Bulk Upload" />
			<column name="optlock" valueNumeric="0" />
			<column name="group_id" />
			<column name="provisioning_status" />
			<column name="global" valueBoolean="true" />
		</insert>
		<insert tableName="asset">
			<column name="id" valueNumeric="8040" />
			<column name="identifier" value="8666234304" />
			<column name="create_datetime" valueDate="2014-10-22T23:18:33.978" />
			<column name="status_id" valueNumeric="10501" />
			<column name="entity_id" valueNumeric="1" />
			<column name="deleted" valueNumeric="0" />
			<column name="item_id" valueNumeric="320104" />
			<column name="order_line_id" />
			<column name="notes" value="Bulk Upload" />
			<column name="optlock" valueNumeric="0" />
			<column name="group_id" />
			<column name="provisioning_status" />
			<column name="global" valueBoolean="true" />
		</insert>
		<insert tableName="asset">
			<column name="id" valueNumeric="8041" />
			<column name="identifier" value="8666234536" />
			<column name="create_datetime" valueDate="2014-10-22T23:18:34.17" />
			<column name="status_id" valueNumeric="10501" />
			<column name="entity_id" valueNumeric="1" />
			<column name="deleted" valueNumeric="0" />
			<column name="item_id" valueNumeric="320104" />
			<column name="order_line_id" />
			<column name="notes" value="Bulk Upload" />
			<column name="optlock" valueNumeric="0" />
			<column name="group_id" />
			<column name="provisioning_status" />
			<column name="global" valueBoolean="true" />
		</insert>
		<insert tableName="asset">
			<column name="id" valueNumeric="8042" />
			<column name="identifier" value="8666234564" />
			<column name="create_datetime" valueDate="2014-10-22T23:18:34.106" />
			<column name="status_id" valueNumeric="10501" />
			<column name="entity_id" valueNumeric="1" />
			<column name="deleted" valueNumeric="0" />
			<column name="item_id" valueNumeric="320104" />
			<column name="order_line_id" />
			<column name="notes" value="Bulk Upload" />
			<column name="optlock" valueNumeric="0" />
			<column name="group_id" />
			<column name="provisioning_status" />
			<column name="global" valueBoolean="true" />
		</insert>
		<insert tableName="asset">
			<column name="id" valueNumeric="8043" />
			<column name="identifier" value="8666234583" />
			<column name="create_datetime" valueDate="2014-10-22T23:18:34.120" />
			<column name="status_id" valueNumeric="10501" />
			<column name="entity_id" valueNumeric="1" />
			<column name="deleted" valueNumeric="0" />
			<column name="item_id" valueNumeric="320104" />
			<column name="order_line_id" />
			<column name="notes" value="Bulk Upload" />
			<column name="optlock" valueNumeric="0" />
			<column name="group_id" />
			<column name="provisioning_status" />
			<column name="global" valueBoolean="true" />
		</insert>
		<insert tableName="asset">
			<column name="id" valueNumeric="8044" />
			<column name="identifier" value="8666235460" />
			<column name="create_datetime" valueDate="2014-10-22T23:18:34.125" />
			<column name="status_id" valueNumeric="10501" />
			<column name="entity_id" valueNumeric="1" />
			<column name="deleted" valueNumeric="0" />
			<column name="item_id" valueNumeric="320104" />
			<column name="order_line_id" />
			<column name="notes" value="Bulk Upload" />
			<column name="optlock" valueNumeric="0" />
			<column name="group_id" />
			<column name="provisioning_status" />
			<column name="global" valueBoolean="true" />
		</insert>
		<insert tableName="asset">
			<column name="id" valueNumeric="8045" />
			<column name="identifier" value="8666235712" />
			<column name="create_datetime" valueDate="2014-10-22T23:18:34.136" />
			<column name="status_id" valueNumeric="10501" />
			<column name="entity_id" valueNumeric="1" />
			<column name="deleted" valueNumeric="0" />
			<column name="item_id" valueNumeric="320104" />
			<column name="order_line_id" />
			<column name="notes" value="Bulk Upload" />
			<column name="optlock" valueNumeric="0" />
			<column name="group_id" />
			<column name="provisioning_status" />
			<column name="global" valueBoolean="true" />
		</insert>
		<insert tableName="asset">
			<column name="id" valueNumeric="8046" />
			<column name="identifier" value="8666235883" />
			<column name="create_datetime" valueDate="2014-10-22T23:18:34.158" />
			<column name="status_id" valueNumeric="10501" />
			<column name="entity_id" valueNumeric="1" />
			<column name="deleted" valueNumeric="0" />
			<column name="item_id" valueNumeric="320104" />
			<column name="order_line_id" />
			<column name="notes" value="Bulk Upload" />
			<column name="optlock" valueNumeric="0" />
			<column name="group_id" />
			<column name="provisioning_status" />
			<column name="global" valueBoolean="true" />
		</insert>
		<insert tableName="asset">
			<column name="id" valueNumeric="8047" />
			<column name="identifier" value="8666236318" />
			<column name="create_datetime" valueDate="2014-10-22T23:18:34.164" />
			<column name="status_id" valueNumeric="10501" />
			<column name="entity_id" valueNumeric="1" />
			<column name="deleted" valueNumeric="0" />
			<column name="item_id" valueNumeric="320104" />
			<column name="order_line_id" />
			<column name="notes" value="Bulk Upload" />
			<column name="optlock" valueNumeric="0" />
			<column name="group_id" />
			<column name="provisioning_status" />
			<column name="global" valueBoolean="true" />
		</insert>
		<insert tableName="asset">
			<column name="id" valueNumeric="8048" />
			<column name="identifier" value="8666237513" />
			<column name="create_datetime" valueDate="2014-10-22T23:18:34.227" />
			<column name="status_id" valueNumeric="10501" />
			<column name="entity_id" valueNumeric="1" />
			<column name="deleted" valueNumeric="0" />
			<column name="item_id" valueNumeric="320104" />
			<column name="order_line_id" />
			<column name="notes" value="Bulk Upload" />
			<column name="optlock" valueNumeric="0" />
			<column name="group_id" />
			<column name="provisioning_status" />
			<column name="global" valueBoolean="true" />
		</insert>
		<insert tableName="asset">
			<column name="id" valueNumeric="8049" />
			<column name="identifier" value="8666239033" />
			<column name="create_datetime" valueDate="2014-10-22T23:18:34.276" />
			<column name="status_id" valueNumeric="10501" />
			<column name="entity_id" valueNumeric="1" />
			<column name="deleted" valueNumeric="0" />
			<column name="item_id" valueNumeric="320104" />
			<column name="order_line_id" />
			<column name="notes" value="Bulk Upload" />
			<column name="optlock" valueNumeric="0" />
			<column name="group_id" />
			<column name="provisioning_status" />
			<column name="global" valueBoolean="true" />
		</insert>
		<insert tableName="asset">
			<column name="id" valueNumeric="8050" />
			<column name="identifier" value="8666242710" />
			<column name="create_datetime" valueDate="2014-10-22T23:18:34.282" />
			<column name="status_id" valueNumeric="10501" />
			<column name="entity_id" valueNumeric="1" />
			<column name="deleted" valueNumeric="0" />
			<column name="item_id" valueNumeric="320104" />
			<column name="order_line_id" />
			<column name="notes" value="Bulk Upload" />
			<column name="optlock" valueNumeric="0" />
			<column name="group_id" />
			<column name="provisioning_status" />
			<column name="global" valueBoolean="true" />
		</insert>
		<insert tableName="asset">
			<column name="id" valueNumeric="8051" />
			<column name="identifier" value="8666246780" />
			<column name="create_datetime" valueDate="2014-10-22T23:18:34.303" />
			<column name="status_id" valueNumeric="10501" />
			<column name="entity_id" valueNumeric="1" />
			<column name="deleted" valueNumeric="0" />
			<column name="item_id" valueNumeric="320104" />
			<column name="order_line_id" />
			<column name="notes" value="Bulk Upload" />
			<column name="optlock" valueNumeric="0" />
			<column name="group_id" />
			<column name="provisioning_status" />
			<column name="global" valueBoolean="true" />
		</insert>
		<insert tableName="asset">
			<column name="id" valueNumeric="8052" />
			<column name="identifier" value="8666248229" />
			<column name="create_datetime" valueDate="2014-10-22T23:18:34.314" />
			<column name="status_id" valueNumeric="10501" />
			<column name="entity_id" valueNumeric="1" />
			<column name="deleted" valueNumeric="0" />
			<column name="item_id" valueNumeric="320104" />
			<column name="order_line_id" />
			<column name="notes" value="Bulk Upload" />
			<column name="optlock" valueNumeric="0" />
			<column name="group_id" />
			<column name="provisioning_status" />
			<column name="global" valueBoolean="true" />
		</insert>
		<insert tableName="asset">
			<column name="id" valueNumeric="8053" />
			<column name="identifier" value="8666249089" />
			<column name="create_datetime" valueDate="2014-10-22T23:18:34.320" />
			<column name="status_id" valueNumeric="10501" />
			<column name="entity_id" valueNumeric="1" />
			<column name="deleted" valueNumeric="0" />
			<column name="item_id" valueNumeric="320104" />
			<column name="order_line_id" />
			<column name="notes" value="Bulk Upload" />
			<column name="optlock" valueNumeric="0" />
			<column name="group_id" />
			<column name="provisioning_status" />
			<column name="global" valueBoolean="true" />
		</insert>
		<insert tableName="asset">
			<column name="id" valueNumeric="8054" />
			<column name="identifier" value="8666253319" />
			<column name="create_datetime" valueDate="2014-10-22T23:18:34.326" />
			<column name="status_id" valueNumeric="10501" />
			<column name="entity_id" valueNumeric="1" />
			<column name="deleted" valueNumeric="0" />
			<column name="item_id" valueNumeric="320104" />
			<column name="order_line_id" />
			<column name="notes" value="Bulk Upload" />
			<column name="optlock" valueNumeric="0" />
			<column name="group_id" />
			<column name="provisioning_status" />
			<column name="global" valueBoolean="true" />
		</insert>
		<insert tableName="asset">
			<column name="id" valueNumeric="8055" />
			<column name="identifier" value="8666253464" />
			<column name="create_datetime" valueDate="2014-10-22T23:18:34.345" />
			<column name="status_id" valueNumeric="10501" />
			<column name="entity_id" valueNumeric="1" />
			<column name="deleted" valueNumeric="0" />
			<column name="item_id" valueNumeric="320104" />
			<column name="order_line_id" />
			<column name="notes" value="Bulk Upload" />
			<column name="optlock" valueNumeric="0" />
			<column name="group_id" />
			<column name="provisioning_status" />
			<column name="global" valueBoolean="true" />
		</insert>
		<insert tableName="asset">
			<column name="id" valueNumeric="8056" />
			<column name="identifier" value="8666259334" />
			<column name="create_datetime" valueDate="2014-10-22T23:18:34.367" />
			<column name="status_id" valueNumeric="10501" />
			<column name="entity_id" valueNumeric="1" />
			<column name="deleted" valueNumeric="0" />
			<column name="item_id" valueNumeric="320104" />
			<column name="order_line_id" />
			<column name="notes" value="Bulk Upload" />
			<column name="optlock" valueNumeric="0" />
			<column name="group_id" />
			<column name="provisioning_status" />
			<column name="global" valueBoolean="true" />
		</insert>
		<insert tableName="asset">
			<column name="id" valueNumeric="8057" />
			<column name="identifier" value="8666268101" />
			<column name="create_datetime" valueDate="2014-10-22T23:18:34.413" />
			<column name="status_id" valueNumeric="10501" />
			<column name="entity_id" valueNumeric="1" />
			<column name="deleted" valueNumeric="0" />
			<column name="item_id" valueNumeric="320104" />
			<column name="order_line_id" />
			<column name="notes" value="Bulk Upload" />
			<column name="optlock" valueNumeric="0" />
			<column name="group_id" />
			<column name="provisioning_status" />
			<column name="global" valueBoolean="true" />
		</insert>
		<insert tableName="asset">
			<column name="id" valueNumeric="8058" />
			<column name="identifier" value="8666271054" />
			<column name="create_datetime" valueDate="2014-10-22T23:18:34.423" />
			<column name="status_id" valueNumeric="10501" />
			<column name="entity_id" valueNumeric="1" />
			<column name="deleted" valueNumeric="0" />
			<column name="item_id" valueNumeric="320104" />
			<column name="order_line_id" />
			<column name="notes" value="Bulk Upload" />
			<column name="optlock" valueNumeric="0" />
			<column name="group_id" />
			<column name="provisioning_status" />
			<column name="global" valueBoolean="true" />
		</insert>
		<insert tableName="asset">
			<column name="id" valueNumeric="8059" />
			<column name="identifier" value="8666275494" />
			<column name="create_datetime" valueDate="2014-10-22T23:18:34.461" />
			<column name="status_id" valueNumeric="10501" />
			<column name="entity_id" valueNumeric="1" />
			<column name="deleted" valueNumeric="0" />
			<column name="item_id" valueNumeric="320104" />
			<column name="order_line_id" />
			<column name="notes" value="Bulk Upload" />
			<column name="optlock" valueNumeric="0" />
			<column name="group_id" />
			<column name="provisioning_status" />
			<column name="global" valueBoolean="true" />
		</insert>
		<insert tableName="asset">
			<column name="id" valueNumeric="8060" />
			<column name="identifier" value="8666280118" />
			<column name="create_datetime" valueDate="2014-10-22T23:18:34.472" />
			<column name="status_id" valueNumeric="10501" />
			<column name="entity_id" valueNumeric="1" />
			<column name="deleted" valueNumeric="0" />
			<column name="item_id" valueNumeric="320104" />
			<column name="order_line_id" />
			<column name="notes" value="Bulk Upload" />
			<column name="optlock" valueNumeric="0" />
			<column name="group_id" />
			<column name="provisioning_status" />
			<column name="global" valueBoolean="true" />
		</insert>
		<insert tableName="asset">
			<column name="id" valueNumeric="8259" />
			<column name="identifier" value="8666830157" />
			<column name="create_datetime" valueDate="2014-10-22T23:18:39.968" />
			<column name="status_id" valueNumeric="10501" />
			<column name="entity_id" valueNumeric="1" />
			<column name="deleted" valueNumeric="0" />
			<column name="item_id" valueNumeric="320104" />
			<column name="order_line_id" />
			<column name="notes" value="Bulk Upload" />
			<column name="optlock" valueNumeric="0" />
			<column name="group_id" />
			<column name="provisioning_status" />
			<column name="global" valueBoolean="true" />
		</insert>
		<insert tableName="asset">
			<column name="id" valueNumeric="8260" />
			<column name="identifier" value="8666836330" />
			<column name="create_datetime" valueDate="2014-10-22T23:18:39.998" />
			<column name="status_id" valueNumeric="10501" />
			<column name="entity_id" valueNumeric="1" />
			<column name="deleted" valueNumeric="0" />
			<column name="item_id" valueNumeric="320104" />
			<column name="order_line_id" />
			<column name="notes" value="Bulk Upload" />
			<column name="optlock" valueNumeric="0" />
			<column name="group_id" />
			<column name="provisioning_status" />
			<column name="global" valueBoolean="true" />
		</insert>
		<insert tableName="asset">
			<column name="id" valueNumeric="8261" />
			<column name="identifier" value="8666838289" />
			<column name="create_datetime" valueDate="2014-10-22T23:18:40.17" />
			<column name="status_id" valueNumeric="10501" />
			<column name="entity_id" valueNumeric="1" />
			<column name="deleted" valueNumeric="0" />
			<column name="item_id" valueNumeric="320104" />
			<column name="order_line_id" />
			<column name="notes" value="Bulk Upload" />
			<column name="optlock" valueNumeric="0" />
			<column name="group_id" />
			<column name="provisioning_status" />
			<column name="global" valueBoolean="true" />
		</insert>
		<insert tableName="asset">
			<column name="id" valueNumeric="8262" />
			<column name="identifier" value="8666839663" />
			<column name="create_datetime" valueDate="2014-10-22T23:18:40.32" />
			<column name="status_id" valueNumeric="10501" />
			<column name="entity_id" valueNumeric="1" />
			<column name="deleted" valueNumeric="0" />
			<column name="item_id" valueNumeric="320104" />
			<column name="order_line_id" />
			<column name="notes" value="Bulk Upload" />
			<column name="optlock" valueNumeric="0" />
			<column name="group_id" />
			<column name="provisioning_status" />
			<column name="global" valueBoolean="true" />
		</insert>
		<insert tableName="asset">
			<column name="id" valueNumeric="8263" />
			<column name="identifier" value="8666852421" />
			<column name="create_datetime" valueDate="2014-10-22T23:18:40.38" />
			<column name="status_id" valueNumeric="10501" />
			<column name="entity_id" valueNumeric="1" />
			<column name="deleted" valueNumeric="0" />
			<column name="item_id" valueNumeric="320104" />
			<column name="order_line_id" />
			<column name="notes" value="Bulk Upload" />
			<column name="optlock" valueNumeric="0" />
			<column name="group_id" />
			<column name="provisioning_status" />
			<column name="global" valueBoolean="true" />
		</insert>
		<insert tableName="asset">
			<column name="id" valueNumeric="8264" />
			<column name="identifier" value="8666863107" />
			<column name="create_datetime" valueDate="2014-10-22T23:18:40.49" />
			<column name="status_id" valueNumeric="10501" />
			<column name="entity_id" valueNumeric="1" />
			<column name="deleted" valueNumeric="0" />
			<column name="item_id" valueNumeric="320104" />
			<column name="order_line_id" />
			<column name="notes" value="Bulk Upload" />
			<column name="optlock" valueNumeric="0" />
			<column name="group_id" />
			<column name="provisioning_status" />
			<column name="global" valueBoolean="true" />
		</insert>
		<insert tableName="asset">
			<column name="id" valueNumeric="8265" />
			<column name="identifier" value="8666863122" />
			<column name="create_datetime" valueDate="2014-10-22T23:18:40.120" />
			<column name="status_id" valueNumeric="10501" />
			<column name="entity_id" valueNumeric="1" />
			<column name="deleted" valueNumeric="0" />
			<column name="item_id" valueNumeric="320104" />
			<column name="order_line_id" />
			<column name="notes" value="Bulk Upload" />
			<column name="optlock" valueNumeric="0" />
			<column name="group_id" />
			<column name="provisioning_status" />
			<column name="global" valueBoolean="true" />
		</insert>
		<insert tableName="asset">
			<column name="id" valueNumeric="8266" />
			<column name="identifier" value="8666863362" />
			<column name="create_datetime" valueDate="2014-10-22T23:18:40.134" />
			<column name="status_id" valueNumeric="10501" />
			<column name="entity_id" valueNumeric="1" />
			<column name="deleted" valueNumeric="0" />
			<column name="item_id" valueNumeric="320104" />
			<column name="order_line_id" />
			<column name="notes" value="Bulk Upload" />
			<column name="optlock" valueNumeric="0" />
			<column name="group_id" />
			<column name="provisioning_status" />
			<column name="global" valueBoolean="true" />
		</insert>
		<insert tableName="asset">
			<column name="id" valueNumeric="8267" />
			<column name="identifier" value="8666864945" />
			<column name="create_datetime" valueDate="2014-10-22T23:18:40.146" />
			<column name="status_id" valueNumeric="10501" />
			<column name="entity_id" valueNumeric="1" />
			<column name="deleted" valueNumeric="0" />
			<column name="item_id" valueNumeric="320104" />
			<column name="order_line_id" />
			<column name="notes" value="Bulk Upload" />
			<column name="optlock" valueNumeric="0" />
			<column name="group_id" />
			<column name="provisioning_status" />
			<column name="global" valueBoolean="true" />
		</insert>
		<insert tableName="asset">
			<column name="id" valueNumeric="8268" />
			<column name="identifier" value="8666864949" />
			<column name="create_datetime" valueDate="2014-10-22T23:18:40.163" />
			<column name="status_id" valueNumeric="10501" />
			<column name="entity_id" valueNumeric="1" />
			<column name="deleted" valueNumeric="0" />
			<column name="item_id" valueNumeric="320104" />
			<column name="order_line_id" />
			<column name="notes" value="Bulk Upload" />
			<column name="optlock" valueNumeric="0" />
			<column name="group_id" />
			<column name="provisioning_status" />
			<column name="global" valueBoolean="true" />
		</insert>
		<insert tableName="asset">
			<column name="id" valueNumeric="8269" />
			<column name="identifier" value="8666864950" />
			<column name="create_datetime" valueDate="2014-10-22T23:18:40.183" />
			<column name="status_id" valueNumeric="10501" />
			<column name="entity_id" valueNumeric="1" />
			<column name="deleted" valueNumeric="0" />
			<column name="item_id" valueNumeric="320104" />
			<column name="order_line_id" />
			<column name="notes" value="Bulk Upload" />
			<column name="optlock" valueNumeric="0" />
			<column name="group_id" />
			<column name="provisioning_status" />
			<column name="global" valueBoolean="true" />
		</insert>
		<insert tableName="asset">
			<column name="id" valueNumeric="8270" />
			<column name="identifier" value="8666874206" />
			<column name="create_datetime" valueDate="2014-10-22T23:18:40.196" />
			<column name="status_id" valueNumeric="10501" />
			<column name="entity_id" valueNumeric="1" />
			<column name="deleted" valueNumeric="0" />
			<column name="item_id" valueNumeric="320104" />
			<column name="order_line_id" />
			<column name="notes" value="Bulk Upload" />
			<column name="optlock" valueNumeric="0" />
			<column name="group_id" />
			<column name="provisioning_status" />
			<column name="global" valueBoolean="true" />
		</insert>
		<insert tableName="asset">
			<column name="id" valueNumeric="8271" />
			<column name="identifier" value="8666880493" />
			<column name="create_datetime" valueDate="2014-10-22T23:18:40.202" />
			<column name="status_id" valueNumeric="10501" />
			<column name="entity_id" valueNumeric="1" />
			<column name="deleted" valueNumeric="0" />
			<column name="item_id" valueNumeric="320104" />
			<column name="order_line_id" />
			<column name="notes" value="Bulk Upload" />
			<column name="optlock" valueNumeric="0" />
			<column name="group_id" />
			<column name="provisioning_status" />
			<column name="global" valueBoolean="true" />
		</insert>
		<insert tableName="asset">
			<column name="id" valueNumeric="8272" />
			<column name="identifier" value="8666880906" />
			<column name="create_datetime" valueDate="2014-10-22T23:18:40.217" />
			<column name="status_id" valueNumeric="10501" />
			<column name="entity_id" valueNumeric="1" />
			<column name="deleted" valueNumeric="0" />
			<column name="item_id" valueNumeric="320104" />
			<column name="order_line_id" />
			<column name="notes" value="Bulk Upload" />
			<column name="optlock" valueNumeric="0" />
			<column name="group_id" />
			<column name="provisioning_status" />
			<column name="global" valueBoolean="true" />
		</insert>
		<insert tableName="asset">
			<column name="id" valueNumeric="8273" />
			<column name="identifier" value="8666881977" />
			<column name="create_datetime" valueDate="2014-10-22T23:18:40.235" />
			<column name="status_id" valueNumeric="10501" />
			<column name="entity_id" valueNumeric="1" />
			<column name="deleted" valueNumeric="0" />
			<column name="item_id" valueNumeric="320104" />
			<column name="order_line_id" />
			<column name="notes" value="Bulk Upload" />
			<column name="optlock" valueNumeric="0" />
			<column name="group_id" />
			<column name="provisioning_status" />
			<column name="global" valueBoolean="true" />
		</insert>
		<insert tableName="asset">
			<column name="id" valueNumeric="8274" />
			<column name="identifier" value="8666886391" />
			<column name="create_datetime" valueDate="2014-10-22T23:18:40.293" />
			<column name="status_id" valueNumeric="10501" />
			<column name="entity_id" valueNumeric="1" />
			<column name="deleted" valueNumeric="0" />
			<column name="item_id" valueNumeric="320104" />
			<column name="order_line_id" />
			<column name="notes" value="Bulk Upload" />
			<column name="optlock" valueNumeric="0" />
			<column name="group_id" />
			<column name="provisioning_status" />
			<column name="global" valueBoolean="true" />
		</insert>
		<insert tableName="asset">
			<column name="id" valueNumeric="8275" />
			<column name="identifier" value="8666901728" />
			<column name="create_datetime" valueDate="2014-10-22T23:18:40.312" />
			<column name="status_id" valueNumeric="10501" />
			<column name="entity_id" valueNumeric="1" />
			<column name="deleted" valueNumeric="0" />
			<column name="item_id" valueNumeric="320104" />
			<column name="order_line_id" />
			<column name="notes" value="Bulk Upload" />
			<column name="optlock" valueNumeric="0" />
			<column name="group_id" />
			<column name="provisioning_status" />
			<column name="global" valueBoolean="true" />
		</insert>
		<insert tableName="asset">
			<column name="id" valueNumeric="8276" />
			<column name="identifier" value="8666903963" />
			<column name="create_datetime" valueDate="2014-10-22T23:18:40.424" />
			<column name="status_id" valueNumeric="10501" />
			<column name="entity_id" valueNumeric="1" />
			<column name="deleted" valueNumeric="0" />
			<column name="item_id" valueNumeric="320104" />
			<column name="order_line_id" />
			<column name="notes" value="Bulk Upload" />
			<column name="optlock" valueNumeric="0" />
			<column name="group_id" />
			<column name="provisioning_status" />
			<column name="global" valueBoolean="true" />
		</insert>
		<insert tableName="asset">
			<column name="id" valueNumeric="8277" />
			<column name="identifier" value="8666905110" />
			<column name="create_datetime" valueDate="2014-10-22T23:18:40.468" />
			<column name="status_id" valueNumeric="10501" />
			<column name="entity_id" valueNumeric="1" />
			<column name="deleted" valueNumeric="0" />
			<column name="item_id" valueNumeric="320104" />
			<column name="order_line_id" />
			<column name="notes" value="Bulk Upload" />
			<column name="optlock" valueNumeric="0" />
			<column name="group_id" />
			<column name="provisioning_status" />
			<column name="global" valueBoolean="true" />
		</insert>
		<insert tableName="asset">
			<column name="id" valueNumeric="8278" />
			<column name="identifier" value="8666912928" />
			<column name="create_datetime" valueDate="2014-10-22T23:18:40.479" />
			<column name="status_id" valueNumeric="10501" />
			<column name="entity_id" valueNumeric="1" />
			<column name="deleted" valueNumeric="0" />
			<column name="item_id" valueNumeric="320104" />
			<column name="order_line_id" />
			<column name="notes" value="Bulk Upload" />
			<column name="optlock" valueNumeric="0" />
			<column name="group_id" />
			<column name="provisioning_status" />
			<column name="global" valueBoolean="true" />
		</insert>
		<insert tableName="asset">
			<column name="id" valueNumeric="8279" />
			<column name="identifier" value="8666912984" />
			<column name="create_datetime" valueDate="2014-10-22T23:18:40.502" />
			<column name="status_id" valueNumeric="10501" />
			<column name="entity_id" valueNumeric="1" />
			<column name="deleted" valueNumeric="0" />
			<column name="item_id" valueNumeric="320104" />
			<column name="order_line_id" />
			<column name="notes" value="Bulk Upload" />
			<column name="optlock" valueNumeric="0" />
			<column name="group_id" />
			<column name="provisioning_status" />
			<column name="global" valueBoolean="true" />
		</insert>
		<insert tableName="asset">
			<column name="id" valueNumeric="8280" />
			<column name="identifier" value="8666918337" />
			<column name="create_datetime" valueDate="2014-10-22T23:18:40.514" />
			<column name="status_id" valueNumeric="10501" />
			<column name="entity_id" valueNumeric="1" />
			<column name="deleted" valueNumeric="0" />
			<column name="item_id" valueNumeric="320104" />
			<column name="order_line_id" />
			<column name="notes" value="Bulk Upload" />
			<column name="optlock" valueNumeric="0" />
			<column name="group_id" />
			<column name="provisioning_status" />
			<column name="global" valueBoolean="true" />
		</insert>
		<insert tableName="asset">
			<column name="id" valueNumeric="8281" />
			<column name="identifier" value="8666919373" />
			<column name="create_datetime" valueDate="2014-10-22T23:18:40.541" />
			<column name="status_id" valueNumeric="10501" />
			<column name="entity_id" valueNumeric="1" />
			<column name="deleted" valueNumeric="0" />
			<column name="item_id" valueNumeric="320104" />
			<column name="order_line_id" />
			<column name="notes" value="Bulk Upload" />
			<column name="optlock" valueNumeric="0" />
			<column name="group_id" />
			<column name="provisioning_status" />
			<column name="global" valueBoolean="true" />
		</insert>
		<insert tableName="asset">
			<column name="id" valueNumeric="8282" />
			<column name="identifier" value="8666919374" />
			<column name="create_datetime" valueDate="2014-10-22T23:18:40.574" />
			<column name="status_id" valueNumeric="10501" />
			<column name="entity_id" valueNumeric="1" />
			<column name="deleted" valueNumeric="0" />
			<column name="item_id" valueNumeric="320104" />
			<column name="order_line_id" />
			<column name="notes" value="Bulk Upload" />
			<column name="optlock" valueNumeric="0" />
			<column name="group_id" />
			<column name="provisioning_status" />
			<column name="global" valueBoolean="true" />
		</insert>
		<insert tableName="asset">
			<column name="id" valueNumeric="8283" />
			<column name="identifier" value="8666921599" />
			<column name="create_datetime" valueDate="2014-10-22T23:18:40.606" />
			<column name="status_id" valueNumeric="10501" />
			<column name="entity_id" valueNumeric="1" />
			<column name="deleted" valueNumeric="0" />
			<column name="item_id" valueNumeric="320104" />
			<column name="order_line_id" />
			<column name="notes" value="Bulk Upload" />
			<column name="optlock" valueNumeric="0" />
			<column name="group_id" />
			<column name="provisioning_status" />
			<column name="global" valueBoolean="true" />
		</insert>
		<insert tableName="asset">
			<column name="id" valueNumeric="8284" />
			<column name="identifier" value="8666925089" />
			<column name="create_datetime" valueDate="2014-10-22T23:18:40.613" />
			<column name="status_id" valueNumeric="10501" />
			<column name="entity_id" valueNumeric="1" />
			<column name="deleted" valueNumeric="0" />
			<column name="item_id" valueNumeric="320104" />
			<column name="order_line_id" />
			<column name="notes" value="Bulk Upload" />
			<column name="optlock" valueNumeric="0" />
			<column name="group_id" />
			<column name="provisioning_status" />
			<column name="global" valueBoolean="true" />
		</insert>
		<insert tableName="asset">
			<column name="id" valueNumeric="8285" />
			<column name="identifier" value="8666926791" />
			<column name="create_datetime" valueDate="2014-10-22T23:18:40.619" />
			<column name="status_id" valueNumeric="10501" />
			<column name="entity_id" valueNumeric="1" />
			<column name="deleted" valueNumeric="0" />
			<column name="item_id" valueNumeric="320104" />
			<column name="order_line_id" />
			<column name="notes" value="Bulk Upload" />
			<column name="optlock" valueNumeric="0" />
			<column name="group_id" />
			<column name="provisioning_status" />
			<column name="global" valueBoolean="true" />
		</insert>
		<insert tableName="asset">
			<column name="id" valueNumeric="8286" />
			<column name="identifier" value="8666936559" />
			<column name="create_datetime" valueDate="2014-10-22T23:18:40.634" />
			<column name="status_id" valueNumeric="10501" />
			<column name="entity_id" valueNumeric="1" />
			<column name="deleted" valueNumeric="0" />
			<column name="item_id" valueNumeric="320104" />
			<column name="order_line_id" />
			<column name="notes" value="Bulk Upload" />
			<column name="optlock" valueNumeric="0" />
			<column name="group_id" />
			<column name="provisioning_status" />
			<column name="global" valueBoolean="true" />
		</insert>
		<insert tableName="asset">
			<column name="id" valueNumeric="8287" />
			<column name="identifier" value="8666941366" />
			<column name="create_datetime" valueDate="2014-10-22T23:18:40.649" />
			<column name="status_id" valueNumeric="10501" />
			<column name="entity_id" valueNumeric="1" />
			<column name="deleted" valueNumeric="0" />
			<column name="item_id" valueNumeric="320104" />
			<column name="order_line_id" />
			<column name="notes" value="Bulk Upload" />
			<column name="optlock" valueNumeric="0" />
			<column name="group_id" />
			<column name="provisioning_status" />
			<column name="global" valueBoolean="true" />
		</insert>
		<insert tableName="asset">
			<column name="id" valueNumeric="8288" />
			<column name="identifier" value="8666946204" />
			<column name="create_datetime" valueDate="2014-10-22T23:18:40.656" />
			<column name="status_id" valueNumeric="10501" />
			<column name="entity_id" valueNumeric="1" />
			<column name="deleted" valueNumeric="0" />
			<column name="item_id" valueNumeric="320104" />
			<column name="order_line_id" />
			<column name="notes" value="Bulk Upload" />
			<column name="optlock" valueNumeric="0" />
			<column name="group_id" />
			<column name="provisioning_status" />
			<column name="global" valueBoolean="true" />
		</insert>
		<insert tableName="asset">
			<column name="id" valueNumeric="8289" />
			<column name="identifier" value="8666946853" />
			<column name="create_datetime" valueDate="2014-10-22T23:18:40.666" />
			<column name="status_id" valueNumeric="10501" />
			<column name="entity_id" valueNumeric="1" />
			<column name="deleted" valueNumeric="0" />
			<column name="item_id" valueNumeric="320104" />
			<column name="order_line_id" />
			<column name="notes" value="Bulk Upload" />
			<column name="optlock" valueNumeric="0" />
			<column name="group_id" />
			<column name="provisioning_status" />
			<column name="global" valueBoolean="true" />
		</insert>
		<insert tableName="asset">
			<column name="id" valueNumeric="8290" />
			<column name="identifier" value="8666946855" />
			<column name="create_datetime" valueDate="2014-10-22T23:18:40.673" />
			<column name="status_id" valueNumeric="10501" />
			<column name="entity_id" valueNumeric="1" />
			<column name="deleted" valueNumeric="0" />
			<column name="item_id" valueNumeric="320104" />
			<column name="order_line_id" />
			<column name="notes" value="Bulk Upload" />
			<column name="optlock" valueNumeric="0" />
			<column name="group_id" />
			<column name="provisioning_status" />
			<column name="global" valueBoolean="true" />
		</insert>
		<insert tableName="asset">
			<column name="id" valueNumeric="8291" />
			<column name="identifier" value="8666953360" />
			<column name="create_datetime" valueDate="2014-10-22T23:18:40.696" />
			<column name="status_id" valueNumeric="10501" />
			<column name="entity_id" valueNumeric="1" />
			<column name="deleted" valueNumeric="0" />
			<column name="item_id" valueNumeric="320104" />
			<column name="order_line_id" />
			<column name="notes" value="Bulk Upload" />
			<column name="optlock" valueNumeric="0" />
			<column name="group_id" />
			<column name="provisioning_status" />
			<column name="global" valueBoolean="true" />
		</insert>
		<insert tableName="asset">
			<column name="id" valueNumeric="8292" />
			<column name="identifier" value="8666953566" />
			<column name="create_datetime" valueDate="2014-10-22T23:18:40.707" />
			<column name="status_id" valueNumeric="10501" />
			<column name="entity_id" valueNumeric="1" />
			<column name="deleted" valueNumeric="0" />
			<column name="item_id" valueNumeric="320104" />
			<column name="order_line_id" />
			<column name="notes" value="Bulk Upload" />
			<column name="optlock" valueNumeric="0" />
			<column name="group_id" />
			<column name="provisioning_status" />
			<column name="global" valueBoolean="true" />
		</insert>
		<insert tableName="asset">
			<column name="id" valueNumeric="8293" />
			<column name="identifier" value="8666955263" />
			<column name="create_datetime" valueDate="2014-10-22T23:18:40.722" />
			<column name="status_id" valueNumeric="10501" />
			<column name="entity_id" valueNumeric="1" />
			<column name="deleted" valueNumeric="0" />
			<column name="item_id" valueNumeric="320104" />
			<column name="order_line_id" />
			<column name="notes" value="Bulk Upload" />
			<column name="optlock" valueNumeric="0" />
			<column name="group_id" />
			<column name="provisioning_status" />
			<column name="global" valueBoolean="true" />
		</insert>
		<insert tableName="asset">
			<column name="id" valueNumeric="8294" />
			<column name="identifier" value="8666955355" />
			<column name="create_datetime" valueDate="2014-10-22T23:18:40.729" />
			<column name="status_id" valueNumeric="10501" />
			<column name="entity_id" valueNumeric="1" />
			<column name="deleted" valueNumeric="0" />
			<column name="item_id" valueNumeric="320104" />
			<column name="order_line_id" />
			<column name="notes" value="Bulk Upload" />
			<column name="optlock" valueNumeric="0" />
			<column name="group_id" />
			<column name="provisioning_status" />
			<column name="global" valueBoolean="true" />
		</insert>
		<insert tableName="asset">
			<column name="id" valueNumeric="8131" />
			<column name="identifier" value="8666459558" />
			<column name="create_datetime" valueDate="2014-10-22T23:18:36.671" />
			<column name="status_id" valueNumeric="10501" />
			<column name="entity_id" valueNumeric="1" />
			<column name="deleted" valueNumeric="0" />
			<column name="item_id" valueNumeric="320104" />
			<column name="order_line_id" />
			<column name="notes" value="Bulk Upload" />
			<column name="optlock" valueNumeric="0" />
			<column name="group_id" />
			<column name="provisioning_status" />
			<column name="global" valueBoolean="true" />
		</insert>
		<insert tableName="asset">
			<column name="id" valueNumeric="8132" />
			<column name="identifier" value="8666459830" />
			<column name="create_datetime" valueDate="2014-10-22T23:18:36.733" />
			<column name="status_id" valueNumeric="10501" />
			<column name="entity_id" valueNumeric="1" />
			<column name="deleted" valueNumeric="0" />
			<column name="item_id" valueNumeric="320104" />
			<column name="order_line_id" />
			<column name="notes" value="Bulk Upload" />
			<column name="optlock" valueNumeric="0" />
			<column name="group_id" />
			<column name="provisioning_status" />
			<column name="global" valueBoolean="true" />
		</insert>
		<insert tableName="asset">
			<column name="id" valueNumeric="8133" />
			<column name="identifier" value="8666459831" />
			<column name="create_datetime" valueDate="2014-10-22T23:18:36.745" />
			<column name="status_id" valueNumeric="10501" />
			<column name="entity_id" valueNumeric="1" />
			<column name="deleted" valueNumeric="0" />
			<column name="item_id" valueNumeric="320104" />
			<column name="order_line_id" />
			<column name="notes" value="Bulk Upload" />
			<column name="optlock" valueNumeric="0" />
			<column name="group_id" />
			<column name="provisioning_status" />
			<column name="global" valueBoolean="true" />
		</insert>
		<insert tableName="asset">
			<column name="id" valueNumeric="8134" />
			<column name="identifier" value="8666459833" />
			<column name="create_datetime" valueDate="2014-10-22T23:18:36.769" />
			<column name="status_id" valueNumeric="10501" />
			<column name="entity_id" valueNumeric="1" />
			<column name="deleted" valueNumeric="0" />
			<column name="item_id" valueNumeric="320104" />
			<column name="order_line_id" />
			<column name="notes" value="Bulk Upload" />
			<column name="optlock" valueNumeric="0" />
			<column name="group_id" />
			<column name="provisioning_status" />
			<column name="global" valueBoolean="true" />
		</insert>
		<insert tableName="asset">
			<column name="id" valueNumeric="8135" />
			<column name="identifier" value="8666459839" />
			<column name="create_datetime" valueDate="2014-10-22T23:18:36.796" />
			<column name="status_id" valueNumeric="10501" />
			<column name="entity_id" valueNumeric="1" />
			<column name="deleted" valueNumeric="0" />
			<column name="item_id" valueNumeric="320104" />
			<column name="order_line_id" />
			<column name="notes" value="Bulk Upload" />
			<column name="optlock" valueNumeric="0" />
			<column name="group_id" />
			<column name="provisioning_status" />
			<column name="global" valueBoolean="true" />
		</insert>
		<insert tableName="asset">
			<column name="id" valueNumeric="8136" />
			<column name="identifier" value="8666460676" />
			<column name="create_datetime" valueDate="2014-10-22T23:18:36.803" />
			<column name="status_id" valueNumeric="10501" />
			<column name="entity_id" valueNumeric="1" />
			<column name="deleted" valueNumeric="0" />
			<column name="item_id" valueNumeric="320104" />
			<column name="order_line_id" />
			<column name="notes" value="Bulk Upload" />
			<column name="optlock" valueNumeric="0" />
			<column name="group_id" />
			<column name="provisioning_status" />
			<column name="global" valueBoolean="true" />
		</insert>
		<insert tableName="asset">
			<column name="id" valueNumeric="8137" />
			<column name="identifier" value="8666460686" />
			<column name="create_datetime" valueDate="2014-10-22T23:18:36.809" />
			<column name="status_id" valueNumeric="10501" />
			<column name="entity_id" valueNumeric="1" />
			<column name="deleted" valueNumeric="0" />
			<column name="item_id" valueNumeric="320104" />
			<column name="order_line_id" />
			<column name="notes" value="Bulk Upload" />
			<column name="optlock" valueNumeric="0" />
			<column name="group_id" />
			<column name="provisioning_status" />
			<column name="global" valueBoolean="true" />
		</insert>
		<insert tableName="asset">
			<column name="id" valueNumeric="8138" />
			<column name="identifier" value="8666462362" />
			<column name="create_datetime" valueDate="2014-10-22T23:18:36.817" />
			<column name="status_id" valueNumeric="10501" />
			<column name="entity_id" valueNumeric="1" />
			<column name="deleted" valueNumeric="0" />
			<column name="item_id" valueNumeric="320104" />
			<column name="order_line_id" />
			<column name="notes" value="Bulk Upload" />
			<column name="optlock" valueNumeric="0" />
			<column name="group_id" />
			<column name="provisioning_status" />
			<column name="global" valueBoolean="true" />
		</insert>
		<insert tableName="asset">
			<column name="id" valueNumeric="8139" />
			<column name="identifier" value="8666462582" />
			<column name="create_datetime" valueDate="2014-10-22T23:18:36.823" />
			<column name="status_id" valueNumeric="10501" />
			<column name="entity_id" valueNumeric="1" />
			<column name="deleted" valueNumeric="0" />
			<column name="item_id" valueNumeric="320104" />
			<column name="order_line_id" />
			<column name="notes" value="Bulk Upload" />
			<column name="optlock" valueNumeric="0" />
			<column name="group_id" />
			<column name="provisioning_status" />
			<column name="global" valueBoolean="true" />
		</insert>
		<insert tableName="asset">
			<column name="id" valueNumeric="8140" />
			<column name="identifier" value="8666466140" />
			<column name="create_datetime" valueDate="2014-10-22T23:18:36.842" />
			<column name="status_id" valueNumeric="10501" />
			<column name="entity_id" valueNumeric="1" />
			<column name="deleted" valueNumeric="0" />
			<column name="item_id" valueNumeric="320104" />
			<column name="order_line_id" />
			<column name="notes" value="Bulk Upload" />
			<column name="optlock" valueNumeric="0" />
			<column name="group_id" />
			<column name="provisioning_status" />
			<column name="global" valueBoolean="true" />
		</insert>
		<insert tableName="asset">
			<column name="id" valueNumeric="8141" />
			<column name="identifier" value="8666466141" />
			<column name="create_datetime" valueDate="2014-10-22T23:18:36.869" />
			<column name="status_id" valueNumeric="10501" />
			<column name="entity_id" valueNumeric="1" />
			<column name="deleted" valueNumeric="0" />
			<column name="item_id" valueNumeric="320104" />
			<column name="order_line_id" />
			<column name="notes" value="Bulk Upload" />
			<column name="optlock" valueNumeric="0" />
			<column name="group_id" />
			<column name="provisioning_status" />
			<column name="global" valueBoolean="true" />
		</insert>
		<insert tableName="asset">
			<column name="id" valueNumeric="8142" />
			<column name="identifier" value="8666466143" />
			<column name="create_datetime" valueDate="2014-10-22T23:18:36.885" />
			<column name="status_id" valueNumeric="10501" />
			<column name="entity_id" valueNumeric="1" />
			<column name="deleted" valueNumeric="0" />
			<column name="item_id" valueNumeric="320104" />
			<column name="order_line_id" />
			<column name="notes" value="Bulk Upload" />
			<column name="optlock" valueNumeric="0" />
			<column name="group_id" />
			<column name="provisioning_status" />
			<column name="global" valueBoolean="true" />
		</insert>
		<insert tableName="asset">
			<column name="id" valueNumeric="8143" />
			<column name="identifier" value="8666466157" />
			<column name="create_datetime" valueDate="2014-10-22T23:18:36.913" />
			<column name="status_id" valueNumeric="10501" />
			<column name="entity_id" valueNumeric="1" />
			<column name="deleted" valueNumeric="0" />
			<column name="item_id" valueNumeric="320104" />
			<column name="order_line_id" />
			<column name="notes" value="Bulk Upload" />
			<column name="optlock" valueNumeric="0" />
			<column name="group_id" />
			<column name="provisioning_status" />
			<column name="global" valueBoolean="true" />
		</insert>
		<insert tableName="asset">
			<column name="id" valueNumeric="8144" />
			<column name="identifier" value="8666466158" />
			<column name="create_datetime" valueDate="2014-10-22T23:18:36.928" />
			<column name="status_id" valueNumeric="10501" />
			<column name="entity_id" valueNumeric="1" />
			<column name="deleted" valueNumeric="0" />
			<column name="item_id" valueNumeric="320104" />
			<column name="order_line_id" />
			<column name="notes" value="Bulk Upload" />
			<column name="optlock" valueNumeric="0" />
			<column name="group_id" />
			<column name="provisioning_status" />
			<column name="global" valueBoolean="true" />
		</insert>
		<insert tableName="asset">
			<column name="id" valueNumeric="8145" />
			<column name="identifier" value="8666474356" />
			<column name="create_datetime" valueDate="2014-10-22T23:18:36.950" />
			<column name="status_id" valueNumeric="10501" />
			<column name="entity_id" valueNumeric="1" />
			<column name="deleted" valueNumeric="0" />
			<column name="item_id" valueNumeric="320104" />
			<column name="order_line_id" />
			<column name="notes" value="Bulk Upload" />
			<column name="optlock" valueNumeric="0" />
			<column name="group_id" />
			<column name="provisioning_status" />
			<column name="global" valueBoolean="true" />
		</insert>
		<insert tableName="asset">
			<column name="id" valueNumeric="8146" />
			<column name="identifier" value="8666479523" />
			<column name="create_datetime" valueDate="2014-10-22T23:18:36.964" />
			<column name="status_id" valueNumeric="10501" />
			<column name="entity_id" valueNumeric="1" />
			<column name="deleted" valueNumeric="0" />
			<column name="item_id" valueNumeric="320104" />
			<column name="order_line_id" />
			<column name="notes" value="Bulk Upload" />
			<column name="optlock" valueNumeric="0" />
			<column name="group_id" />
			<column name="provisioning_status" />
			<column name="global" valueBoolean="true" />
		</insert>
		<insert tableName="asset">
			<column name="id" valueNumeric="8147" />
			<column name="identifier" value="8666480813" />
			<column name="create_datetime" valueDate="2014-10-22T23:18:36.974" />
			<column name="status_id" valueNumeric="10501" />
			<column name="entity_id" valueNumeric="1" />
			<column name="deleted" valueNumeric="0" />
			<column name="item_id" valueNumeric="320104" />
			<column name="order_line_id" />
			<column name="notes" value="Bulk Upload" />
			<column name="optlock" valueNumeric="0" />
			<column name="group_id" />
			<column name="provisioning_status" />
			<column name="global" valueBoolean="true" />
		</insert>
		<insert tableName="asset">
			<column name="id" valueNumeric="8148" />
			<column name="identifier" value="8666486233" />
			<column name="create_datetime" valueDate="2014-10-22T23:18:36.980" />
			<column name="status_id" valueNumeric="10501" />
			<column name="entity_id" valueNumeric="1" />
			<column name="deleted" valueNumeric="0" />
			<column name="item_id" valueNumeric="320104" />
			<column name="order_line_id" />
			<column name="notes" value="Bulk Upload" />
			<column name="optlock" valueNumeric="0" />
			<column name="group_id" />
			<column name="provisioning_status" />
			<column name="global" valueBoolean="true" />
		</insert>
		<insert tableName="asset">
			<column name="id" valueNumeric="8149" />
			<column name="identifier" value="8666487328" />
			<column name="create_datetime" valueDate="2014-10-22T23:18:36.989" />
			<column name="status_id" valueNumeric="10501" />
			<column name="entity_id" valueNumeric="1" />
			<column name="deleted" valueNumeric="0" />
			<column name="item_id" valueNumeric="320104" />
			<column name="order_line_id" />
			<column name="notes" value="Bulk Upload" />
			<column name="optlock" valueNumeric="0" />
			<column name="group_id" />
			<column name="provisioning_status" />
			<column name="global" valueBoolean="true" />
		</insert>
		<insert tableName="asset">
			<column name="id" valueNumeric="8150" />
			<column name="identifier" value="8666492556" />
			<column name="create_datetime" valueDate="2014-10-22T23:18:36.995" />
			<column name="status_id" valueNumeric="10501" />
			<column name="entity_id" valueNumeric="1" />
			<column name="deleted" valueNumeric="0" />
			<column name="item_id" valueNumeric="320104" />
			<column name="order_line_id" />
			<column name="notes" value="Bulk Upload" />
			<column name="optlock" valueNumeric="0" />
			<column name="group_id" />
			<column name="provisioning_status" />
			<column name="global" valueBoolean="true" />
		</insert>
		<insert tableName="asset">
			<column name="id" valueNumeric="8151" />
			<column name="identifier" value="8666497889" />
			<column name="create_datetime" valueDate="2014-10-22T23:18:37.27" />
			<column name="status_id" valueNumeric="10501" />
			<column name="entity_id" valueNumeric="1" />
			<column name="deleted" valueNumeric="0" />
			<column name="item_id" valueNumeric="320104" />
			<column name="order_line_id" />
			<column name="notes" value="Bulk Upload" />
			<column name="optlock" valueNumeric="0" />
			<column name="group_id" />
			<column name="provisioning_status" />
			<column name="global" valueBoolean="true" />
		</insert>
		<insert tableName="asset">
			<column name="id" valueNumeric="8152" />
			<column name="identifier" value="8666505449" />
			<column name="create_datetime" valueDate="2014-10-22T23:18:37.33" />
			<column name="status_id" valueNumeric="10501" />
			<column name="entity_id" valueNumeric="1" />
			<column name="deleted" valueNumeric="0" />
			<column name="item_id" valueNumeric="320104" />
			<column name="order_line_id" />
			<column name="notes" value="Bulk Upload" />
			<column name="optlock" valueNumeric="0" />
			<column name="group_id" />
			<column name="provisioning_status" />
			<column name="global" valueBoolean="true" />
		</insert>
		<insert tableName="asset">
			<column name="id" valueNumeric="8153" />
			<column name="identifier" value="8666507253" />
			<column name="create_datetime" valueDate="2014-10-22T23:18:37.48" />
			<column name="status_id" valueNumeric="10501" />
			<column name="entity_id" valueNumeric="1" />
			<column name="deleted" valueNumeric="0" />
			<column name="item_id" valueNumeric="320104" />
			<column name="order_line_id" />
			<column name="notes" value="Bulk Upload" />
			<column name="optlock" valueNumeric="0" />
			<column name="group_id" />
			<column name="provisioning_status" />
			<column name="global" valueBoolean="true" />
		</insert>
		<insert tableName="asset">
			<column name="id" valueNumeric="8154" />
			<column name="identifier" value="8666513697" />
			<column name="create_datetime" valueDate="2014-10-22T23:18:37.68" />
			<column name="status_id" valueNumeric="10501" />
			<column name="entity_id" valueNumeric="1" />
			<column name="deleted" valueNumeric="0" />
			<column name="item_id" valueNumeric="320104" />
			<column name="order_line_id" />
			<column name="notes" value="Bulk Upload" />
			<column name="optlock" valueNumeric="0" />
			<column name="group_id" />
			<column name="provisioning_status" />
			<column name="global" valueBoolean="true" />
		</insert>
		<insert tableName="asset">
			<column name="id" valueNumeric="8155" />
			<column name="identifier" value="8666514009" />
			<column name="create_datetime" valueDate="2014-10-22T23:18:37.74" />
			<column name="status_id" valueNumeric="10501" />
			<column name="entity_id" valueNumeric="1" />
			<column name="deleted" valueNumeric="0" />
			<column name="item_id" valueNumeric="320104" />
			<column name="order_line_id" />
			<column name="notes" value="Bulk Upload" />
			<column name="optlock" valueNumeric="0" />
			<column name="group_id" />
			<column name="provisioning_status" />
			<column name="global" valueBoolean="true" />
		</insert>
		<insert tableName="asset">
			<column name="id" valueNumeric="8156" />
			<column name="identifier" value="8666514427" />
			<column name="create_datetime" valueDate="2014-10-22T23:18:37.87" />
			<column name="status_id" valueNumeric="10501" />
			<column name="entity_id" valueNumeric="1" />
			<column name="deleted" valueNumeric="0" />
			<column name="item_id" valueNumeric="320104" />
			<column name="order_line_id" />
			<column name="notes" value="Bulk Upload" />
			<column name="optlock" valueNumeric="0" />
			<column name="group_id" />
			<column name="provisioning_status" />
			<column name="global" valueBoolean="true" />
		</insert>
		<insert tableName="asset">
			<column name="id" valueNumeric="8157" />
			<column name="identifier" value="8666515901" />
			<column name="create_datetime" valueDate="2014-10-22T23:18:37.138" />
			<column name="status_id" valueNumeric="10501" />
			<column name="entity_id" valueNumeric="1" />
			<column name="deleted" valueNumeric="0" />
			<column name="item_id" valueNumeric="320104" />
			<column name="order_line_id" />
			<column name="notes" value="Bulk Upload" />
			<column name="optlock" valueNumeric="0" />
			<column name="group_id" />
			<column name="provisioning_status" />
			<column name="global" valueBoolean="true" />
		</insert>
		<insert tableName="asset">
			<column name="id" valueNumeric="8158" />
			<column name="identifier" value="8666516015" />
			<column name="create_datetime" valueDate="2014-10-22T23:18:37.173" />
			<column name="status_id" valueNumeric="10501" />
			<column name="entity_id" valueNumeric="1" />
			<column name="deleted" valueNumeric="0" />
			<column name="item_id" valueNumeric="320104" />
			<column name="order_line_id" />
			<column name="notes" value="Bulk Upload" />
			<column name="optlock" valueNumeric="0" />
			<column name="group_id" />
			<column name="provisioning_status" />
			<column name="global" valueBoolean="true" />
		</insert>
		<insert tableName="asset">
			<column name="id" valueNumeric="8159" />
			<column name="identifier" value="8666517874" />
			<column name="create_datetime" valueDate="2014-10-22T23:18:37.178" />
			<column name="status_id" valueNumeric="10501" />
			<column name="entity_id" valueNumeric="1" />
			<column name="deleted" valueNumeric="0" />
			<column name="item_id" valueNumeric="320104" />
			<column name="order_line_id" />
			<column name="notes" value="Bulk Upload" />
			<column name="optlock" valueNumeric="0" />
			<column name="group_id" />
			<column name="provisioning_status" />
			<column name="global" valueBoolean="true" />
		</insert>
		<insert tableName="asset">
			<column name="id" valueNumeric="8160" />
			<column name="identifier" value="8666518445" />
			<column name="create_datetime" valueDate="2014-10-22T23:18:37.184" />
			<column name="status_id" valueNumeric="10501" />
			<column name="entity_id" valueNumeric="1" />
			<column name="deleted" valueNumeric="0" />
			<column name="item_id" valueNumeric="320104" />
			<column name="order_line_id" />
			<column name="notes" value="Bulk Upload" />
			<column name="optlock" valueNumeric="0" />
			<column name="group_id" />
			<column name="provisioning_status" />
			<column name="global" valueBoolean="true" />
		</insert>
		<insert tableName="asset">
			<column name="id" valueNumeric="8161" />
			<column name="identifier" value="8666524708" />
			<column name="create_datetime" valueDate="2014-10-22T23:18:37.194" />
			<column name="status_id" valueNumeric="10501" />
			<column name="entity_id" valueNumeric="1" />
			<column name="deleted" valueNumeric="0" />
			<column name="item_id" valueNumeric="320104" />
			<column name="order_line_id" />
			<column name="notes" value="Bulk Upload" />
			<column name="optlock" valueNumeric="0" />
			<column name="group_id" />
			<column name="provisioning_status" />
			<column name="global" valueBoolean="true" />
		</insert>
		<insert tableName="asset">
			<column name="id" valueNumeric="8162" />
			<column name="identifier" value="8666525283" />
			<column name="create_datetime" valueDate="2014-10-22T23:18:37.227" />
			<column name="status_id" valueNumeric="10501" />
			<column name="entity_id" valueNumeric="1" />
			<column name="deleted" valueNumeric="0" />
			<column name="item_id" valueNumeric="320104" />
			<column name="order_line_id" />
			<column name="notes" value="Bulk Upload" />
			<column name="optlock" valueNumeric="0" />
			<column name="group_id" />
			<column name="provisioning_status" />
			<column name="global" valueBoolean="true" />
		</insert>
		<insert tableName="asset">
			<column name="id" valueNumeric="8163" />
			<column name="identifier" value="8666532278" />
			<column name="create_datetime" valueDate="2014-10-22T23:18:37.233" />
			<column name="status_id" valueNumeric="10501" />
			<column name="entity_id" valueNumeric="1" />
			<column name="deleted" valueNumeric="0" />
			<column name="item_id" valueNumeric="320104" />
			<column name="order_line_id" />
			<column name="notes" value="Bulk Upload" />
			<column name="optlock" valueNumeric="0" />
			<column name="group_id" />
			<column name="provisioning_status" />
			<column name="global" valueBoolean="true" />
		</insert>
		<insert tableName="asset">
			<column name="id" valueNumeric="8164" />
			<column name="identifier" value="8666534248" />
			<column name="create_datetime" valueDate="2014-10-22T23:18:37.465" />
			<column name="status_id" valueNumeric="10501" />
			<column name="entity_id" valueNumeric="1" />
			<column name="deleted" valueNumeric="0" />
			<column name="item_id" valueNumeric="320104" />
			<column name="order_line_id" />
			<column name="notes" value="Bulk Upload" />
			<column name="optlock" valueNumeric="0" />
			<column name="group_id" />
			<column name="provisioning_status" />
			<column name="global" valueBoolean="true" />
		</insert>
		<insert tableName="asset">
			<column name="id" valueNumeric="8165" />
			<column name="identifier" value="8666536048" />
			<column name="create_datetime" valueDate="2014-10-22T23:18:37.471" />
			<column name="status_id" valueNumeric="10501" />
			<column name="entity_id" valueNumeric="1" />
			<column name="deleted" valueNumeric="0" />
			<column name="item_id" valueNumeric="320104" />
			<column name="order_line_id" />
			<column name="notes" value="Bulk Upload" />
			<column name="optlock" valueNumeric="0" />
			<column name="group_id" />
			<column name="provisioning_status" />
			<column name="global" valueBoolean="true" />
		</insert>
		<insert tableName="asset">
			<column name="id" valueNumeric="8166" />
			<column name="identifier" value="8666544788" />
			<column name="create_datetime" valueDate="2014-10-22T23:18:37.498" />
			<column name="status_id" valueNumeric="10501" />
			<column name="entity_id" valueNumeric="1" />
			<column name="deleted" valueNumeric="0" />
			<column name="item_id" valueNumeric="320104" />
			<column name="order_line_id" />
			<column name="notes" value="Bulk Upload" />
			<column name="optlock" valueNumeric="0" />
			<column name="group_id" />
			<column name="provisioning_status" />
			<column name="global" valueBoolean="true" />
		</insert>
		<insert tableName="asset">
			<column name="id" valueNumeric="8167" />
			<column name="identifier" value="8666545111" />
			<column name="create_datetime" valueDate="2014-10-22T23:18:37.544" />
			<column name="status_id" valueNumeric="10501" />
			<column name="entity_id" valueNumeric="1" />
			<column name="deleted" valueNumeric="0" />
			<column name="item_id" valueNumeric="320104" />
			<column name="order_line_id" />
			<column name="notes" value="Bulk Upload" />
			<column name="optlock" valueNumeric="0" />
			<column name="group_id" />
			<column name="provisioning_status" />
			<column name="global" valueBoolean="true" />
		</insert>
		<insert tableName="asset">
			<column name="id" valueNumeric="8168" />
			<column name="identifier" value="8666545560" />
			<column name="create_datetime" valueDate="2014-10-22T23:18:37.551" />
			<column name="status_id" valueNumeric="10501" />
			<column name="entity_id" valueNumeric="1" />
			<column name="deleted" valueNumeric="0" />
			<column name="item_id" valueNumeric="320104" />
			<column name="order_line_id" />
			<column name="notes" value="Bulk Upload" />
			<column name="optlock" valueNumeric="0" />
			<column name="group_id" />
			<column name="provisioning_status" />
			<column name="global" valueBoolean="true" />
		</insert>
		<insert tableName="asset">
			<column name="id" valueNumeric="8169" />
			<column name="identifier" value="8666546292" />
			<column name="create_datetime" valueDate="2014-10-22T23:18:37.602" />
			<column name="status_id" valueNumeric="10501" />
			<column name="entity_id" valueNumeric="1" />
			<column name="deleted" valueNumeric="0" />
			<column name="item_id" valueNumeric="320104" />
			<column name="order_line_id" />
			<column name="notes" value="Bulk Upload" />
			<column name="optlock" valueNumeric="0" />
			<column name="group_id" />
			<column name="provisioning_status" />
			<column name="global" valueBoolean="true" />
		</insert>
		<insert tableName="asset">
			<column name="id" valueNumeric="8170" />
			<column name="identifier" value="8666547331" />
			<column name="create_datetime" valueDate="2014-10-22T23:18:37.631" />
			<column name="status_id" valueNumeric="10501" />
			<column name="entity_id" valueNumeric="1" />
			<column name="deleted" valueNumeric="0" />
			<column name="item_id" valueNumeric="320104" />
			<column name="order_line_id" />
			<column name="notes" value="Bulk Upload" />
			<column name="optlock" valueNumeric="0" />
			<column name="group_id" />
			<column name="provisioning_status" />
			<column name="global" valueBoolean="true" />
		</insert>
		<insert tableName="asset">
			<column name="id" valueNumeric="8171" />
			<column name="identifier" value="8666547421" />
			<column name="create_datetime" valueDate="2014-10-22T23:18:37.660" />
			<column name="status_id" valueNumeric="10501" />
			<column name="entity_id" valueNumeric="1" />
			<column name="deleted" valueNumeric="0" />
			<column name="item_id" valueNumeric="320104" />
			<column name="order_line_id" />
			<column name="notes" value="Bulk Upload" />
			<column name="optlock" valueNumeric="0" />
			<column name="group_id" />
			<column name="provisioning_status" />
			<column name="global" valueBoolean="true" />
		</insert>
		<insert tableName="asset">
			<column name="id" valueNumeric="8172" />
			<column name="identifier" value="8666547567" />
			<column name="create_datetime" valueDate="2014-10-22T23:18:37.701" />
			<column name="status_id" valueNumeric="10501" />
			<column name="entity_id" valueNumeric="1" />
			<column name="deleted" valueNumeric="0" />
			<column name="item_id" valueNumeric="320104" />
			<column name="order_line_id" />
			<column name="notes" value="Bulk Upload" />
			<column name="optlock" valueNumeric="0" />
			<column name="group_id" />
			<column name="provisioning_status" />
			<column name="global" valueBoolean="true" />
		</insert>
		<insert tableName="asset">
			<column name="id" valueNumeric="8173" />
			<column name="identifier" value="8666550415" />
			<column name="create_datetime" valueDate="2014-10-22T23:18:37.754" />
			<column name="status_id" valueNumeric="10501" />
			<column name="entity_id" valueNumeric="1" />
			<column name="deleted" valueNumeric="0" />
			<column name="item_id" valueNumeric="320104" />
			<column name="order_line_id" />
			<column name="notes" value="Bulk Upload" />
			<column name="optlock" valueNumeric="0" />
			<column name="group_id" />
			<column name="provisioning_status" />
			<column name="global" valueBoolean="true" />
		</insert>
		<insert tableName="asset">
			<column name="id" valueNumeric="8174" />
			<column name="identifier" value="8666558545" />
			<column name="create_datetime" valueDate="2014-10-22T23:18:37.761" />
			<column name="status_id" valueNumeric="10501" />
			<column name="entity_id" valueNumeric="1" />
			<column name="deleted" valueNumeric="0" />
			<column name="item_id" valueNumeric="320104" />
			<column name="order_line_id" />
			<column name="notes" value="Bulk Upload" />
			<column name="optlock" valueNumeric="0" />
			<column name="group_id" />
			<column name="provisioning_status" />
			<column name="global" valueBoolean="true" />
		</insert>
		<insert tableName="asset">
			<column name="id" valueNumeric="8175" />
			<column name="identifier" value="8666558546" />
			<column name="create_datetime" valueDate="2014-10-22T23:18:37.783" />
			<column name="status_id" valueNumeric="10501" />
			<column name="entity_id" valueNumeric="1" />
			<column name="deleted" valueNumeric="0" />
			<column name="item_id" valueNumeric="320104" />
			<column name="order_line_id" />
			<column name="notes" value="Bulk Upload" />
			<column name="optlock" valueNumeric="0" />
			<column name="group_id" />
			<column name="provisioning_status" />
			<column name="global" valueBoolean="true" />
		</insert>
		<insert tableName="asset">
			<column name="id" valueNumeric="8176" />
			<column name="identifier" value="8666571940" />
			<column name="create_datetime" valueDate="2014-10-22T23:18:37.793" />
			<column name="status_id" valueNumeric="10501" />
			<column name="entity_id" valueNumeric="1" />
			<column name="deleted" valueNumeric="0" />
			<column name="item_id" valueNumeric="320104" />
			<column name="order_line_id" />
			<column name="notes" value="Bulk Upload" />
			<column name="optlock" valueNumeric="0" />
			<column name="group_id" />
			<column name="provisioning_status" />
			<column name="global" valueBoolean="true" />
		</insert>
		<insert tableName="asset">
			<column name="id" valueNumeric="8177" />
			<column name="identifier" value="8666573821" />
			<column name="create_datetime" valueDate="2014-10-22T23:18:37.802" />
			<column name="status_id" valueNumeric="10501" />
			<column name="entity_id" valueNumeric="1" />
			<column name="deleted" valueNumeric="0" />
			<column name="item_id" valueNumeric="320104" />
			<column name="order_line_id" />
			<column name="notes" value="Bulk Upload" />
			<column name="optlock" valueNumeric="0" />
			<column name="group_id" />
			<column name="provisioning_status" />
			<column name="global" valueBoolean="true" />
		</insert>
		<insert tableName="asset">
			<column name="id" valueNumeric="8178" />
			<column name="identifier" value="8666573974" />
			<column name="create_datetime" valueDate="2014-10-22T23:18:37.865" />
			<column name="status_id" valueNumeric="10501" />
			<column name="entity_id" valueNumeric="1" />
			<column name="deleted" valueNumeric="0" />
			<column name="item_id" valueNumeric="320104" />
			<column name="order_line_id" />
			<column name="notes" value="Bulk Upload" />
			<column name="optlock" valueNumeric="0" />
			<column name="group_id" />
			<column name="provisioning_status" />
			<column name="global" valueBoolean="true" />
		</insert>
		<insert tableName="asset">
			<column name="id" valueNumeric="8179" />
			<column name="identifier" value="8666574127" />
			<column name="create_datetime" valueDate="2014-10-22T23:18:37.901" />
			<column name="status_id" valueNumeric="10501" />
			<column name="entity_id" valueNumeric="1" />
			<column name="deleted" valueNumeric="0" />
			<column name="item_id" valueNumeric="320104" />
			<column name="order_line_id" />
			<column name="notes" value="Bulk Upload" />
			<column name="optlock" valueNumeric="0" />
			<column name="group_id" />
			<column name="provisioning_status" />
			<column name="global" valueBoolean="true" />
		</insert>
		<insert tableName="asset">
			<column name="id" valueNumeric="8180" />
			<column name="identifier" value="8666575295" />
			<column name="create_datetime" valueDate="2014-10-22T23:18:37.907" />
			<column name="status_id" valueNumeric="10501" />
			<column name="entity_id" valueNumeric="1" />
			<column name="deleted" valueNumeric="0" />
			<column name="item_id" valueNumeric="320104" />
			<column name="order_line_id" />
			<column name="notes" value="Bulk Upload" />
			<column name="optlock" valueNumeric="0" />
			<column name="group_id" />
			<column name="provisioning_status" />
			<column name="global" valueBoolean="true" />
		</insert>
		<insert tableName="asset">
			<column name="id" valueNumeric="8181" />
			<column name="identifier" value="8666575306" />
			<column name="create_datetime" valueDate="2014-10-22T23:18:37.913" />
			<column name="status_id" valueNumeric="10501" />
			<column name="entity_id" valueNumeric="1" />
			<column name="deleted" valueNumeric="0" />
			<column name="item_id" valueNumeric="320104" />
			<column name="order_line_id" />
			<column name="notes" value="Bulk Upload" />
			<column name="optlock" valueNumeric="0" />
			<column name="group_id" />
			<column name="provisioning_status" />
			<column name="global" valueBoolean="true" />
		</insert>
		<insert tableName="asset">
			<column name="id" valueNumeric="8182" />
			<column name="identifier" value="8666582734" />
			<column name="create_datetime" valueDate="2014-10-22T23:18:37.981" />
			<column name="status_id" valueNumeric="10501" />
			<column name="entity_id" valueNumeric="1" />
			<column name="deleted" valueNumeric="0" />
			<column name="item_id" valueNumeric="320104" />
			<column name="order_line_id" />
			<column name="notes" value="Bulk Upload" />
			<column name="optlock" valueNumeric="0" />
			<column name="group_id" />
			<column name="provisioning_status" />
			<column name="global" valueBoolean="true" />
		</insert>
		<insert tableName="asset">
			<column name="id" valueNumeric="8183" />
			<column name="identifier" value="8666584906" />
			<column name="create_datetime" valueDate="2014-10-22T23:18:37.987" />
			<column name="status_id" valueNumeric="10501" />
			<column name="entity_id" valueNumeric="1" />
			<column name="deleted" valueNumeric="0" />
			<column name="item_id" valueNumeric="320104" />
			<column name="order_line_id" />
			<column name="notes" value="Bulk Upload" />
			<column name="optlock" valueNumeric="0" />
			<column name="group_id" />
			<column name="provisioning_status" />
			<column name="global" valueBoolean="true" />
		</insert>
		<insert tableName="asset">
			<column name="id" valueNumeric="8184" />
			<column name="identifier" value="8666584913" />
			<column name="create_datetime" valueDate="2014-10-22T23:18:37.999" />
			<column name="status_id" valueNumeric="10501" />
			<column name="entity_id" valueNumeric="1" />
			<column name="deleted" valueNumeric="0" />
			<column name="item_id" valueNumeric="320104" />
			<column name="order_line_id" />
			<column name="notes" value="Bulk Upload" />
			<column name="optlock" valueNumeric="0" />
			<column name="group_id" />
			<column name="provisioning_status" />
			<column name="global" valueBoolean="true" />
		</insert>
		<insert tableName="asset">
			<column name="id" valueNumeric="8185" />
			<column name="identifier" value="8666594724" />
			<column name="create_datetime" valueDate="2014-10-22T23:18:38.5" />
			<column name="status_id" valueNumeric="10501" />
			<column name="entity_id" valueNumeric="1" />
			<column name="deleted" valueNumeric="0" />
			<column name="item_id" valueNumeric="320104" />
			<column name="order_line_id" />
			<column name="notes" value="Bulk Upload" />
			<column name="optlock" valueNumeric="0" />
			<column name="group_id" />
			<column name="provisioning_status" />
			<column name="global" valueBoolean="true" />
		</insert>
		<insert tableName="asset">
			<column name="id" valueNumeric="8186" />
			<column name="identifier" value="8666594741" />
			<column name="create_datetime" valueDate="2014-10-22T23:18:38.16" />
			<column name="status_id" valueNumeric="10501" />
			<column name="entity_id" valueNumeric="1" />
			<column name="deleted" valueNumeric="0" />
			<column name="item_id" valueNumeric="320104" />
			<column name="order_line_id" />
			<column name="notes" value="Bulk Upload" />
			<column name="optlock" valueNumeric="0" />
			<column name="group_id" />
			<column name="provisioning_status" />
			<column name="global" valueBoolean="true" />
		</insert>
		<insert tableName="asset">
			<column name="id" valueNumeric="8187" />
			<column name="identifier" value="8666600310" />
			<column name="create_datetime" valueDate="2014-10-22T23:18:38.36" />
			<column name="status_id" valueNumeric="10501" />
			<column name="entity_id" valueNumeric="1" />
			<column name="deleted" valueNumeric="0" />
			<column name="item_id" valueNumeric="320104" />
			<column name="order_line_id" />
			<column name="notes" value="Bulk Upload" />
			<column name="optlock" valueNumeric="0" />
			<column name="group_id" />
			<column name="provisioning_status" />
			<column name="global" valueBoolean="true" />
		</insert>
		<insert tableName="asset">
			<column name="id" valueNumeric="8188" />
			<column name="identifier" value="8666600331" />
			<column name="create_datetime" valueDate="2014-10-22T23:18:38.53" />
			<column name="status_id" valueNumeric="10501" />
			<column name="entity_id" valueNumeric="1" />
			<column name="deleted" valueNumeric="0" />
			<column name="item_id" valueNumeric="320104" />
			<column name="order_line_id" />
			<column name="notes" value="Bulk Upload" />
			<column name="optlock" valueNumeric="0" />
			<column name="group_id" />
			<column name="provisioning_status" />
			<column name="global" valueBoolean="true" />
		</insert>
		<insert tableName="asset">
			<column name="id" valueNumeric="8189" />
			<column name="identifier" value="8666600375" />
			<column name="create_datetime" valueDate="2014-10-22T23:18:38.85" />
			<column name="status_id" valueNumeric="10501" />
			<column name="entity_id" valueNumeric="1" />
			<column name="deleted" valueNumeric="0" />
			<column name="item_id" valueNumeric="320104" />
			<column name="order_line_id" />
			<column name="notes" value="Bulk Upload" />
			<column name="optlock" valueNumeric="0" />
			<column name="group_id" />
			<column name="provisioning_status" />
			<column name="global" valueBoolean="true" />
		</insert>
		<insert tableName="asset">
			<column name="id" valueNumeric="8190" />
			<column name="identifier" value="8666610166" />
			<column name="create_datetime" valueDate="2014-10-22T23:18:38.91" />
			<column name="status_id" valueNumeric="10501" />
			<column name="entity_id" valueNumeric="1" />
			<column name="deleted" valueNumeric="0" />
			<column name="item_id" valueNumeric="320104" />
			<column name="order_line_id" />
			<column name="notes" value="Bulk Upload" />
			<column name="optlock" valueNumeric="0" />
			<column name="group_id" />
			<column name="provisioning_status" />
			<column name="global" valueBoolean="true" />
		</insert>
		<insert tableName="asset">
			<column name="id" valueNumeric="8191" />
			<column name="identifier" value="8666610195" />
			<column name="create_datetime" valueDate="2014-10-22T23:18:38.101" />
			<column name="status_id" valueNumeric="10501" />
			<column name="entity_id" valueNumeric="1" />
			<column name="deleted" valueNumeric="0" />
			<column name="item_id" valueNumeric="320104" />
			<column name="order_line_id" />
			<column name="notes" value="Bulk Upload" />
			<column name="optlock" valueNumeric="0" />
			<column name="group_id" />
			<column name="provisioning_status" />
			<column name="global" valueBoolean="true" />
		</insert>
		<insert tableName="asset">
			<column name="id" valueNumeric="8192" />
			<column name="identifier" value="8666611449" />
			<column name="create_datetime" valueDate="2014-10-22T23:18:38.113" />
			<column name="status_id" valueNumeric="10501" />
			<column name="entity_id" valueNumeric="1" />
			<column name="deleted" valueNumeric="0" />
			<column name="item_id" valueNumeric="320104" />
			<column name="order_line_id" />
			<column name="notes" value="Bulk Upload" />
			<column name="optlock" valueNumeric="0" />
			<column name="group_id" />
			<column name="provisioning_status" />
			<column name="global" valueBoolean="true" />
		</insert>
		<insert tableName="asset">
			<column name="id" valueNumeric="8193" />
			<column name="identifier" value="8666611780" />
			<column name="create_datetime" valueDate="2014-10-22T23:18:38.125" />
			<column name="status_id" valueNumeric="10501" />
			<column name="entity_id" valueNumeric="1" />
			<column name="deleted" valueNumeric="0" />
			<column name="item_id" valueNumeric="320104" />
			<column name="order_line_id" />
			<column name="notes" value="Bulk Upload" />
			<column name="optlock" valueNumeric="0" />
			<column name="group_id" />
			<column name="provisioning_status" />
			<column name="global" valueBoolean="true" />
		</insert>
		<insert tableName="asset">
			<column name="id" valueNumeric="8194" />
			<column name="identifier" value="8666611895" />
			<column name="create_datetime" valueDate="2014-10-22T23:18:38.131" />
			<column name="status_id" valueNumeric="10501" />
			<column name="entity_id" valueNumeric="1" />
			<column name="deleted" valueNumeric="0" />
			<column name="item_id" valueNumeric="320104" />
			<column name="order_line_id" />
			<column name="notes" value="Bulk Upload" />
			<column name="optlock" valueNumeric="0" />
			<column name="group_id" />
			<column name="provisioning_status" />
			<column name="global" valueBoolean="true" />
		</insert>
		<insert tableName="asset">
			<column name="id" valueNumeric="8195" />
			<column name="identifier" value="8666615934" />
			<column name="create_datetime" valueDate="2014-10-22T23:18:38.137" />
			<column name="status_id" valueNumeric="10501" />
			<column name="entity_id" valueNumeric="1" />
			<column name="deleted" valueNumeric="0" />
			<column name="item_id" valueNumeric="320104" />
			<column name="order_line_id" />
			<column name="notes" value="Bulk Upload" />
			<column name="optlock" valueNumeric="0" />
			<column name="group_id" />
			<column name="provisioning_status" />
			<column name="global" valueBoolean="true" />
		</insert>
		<insert tableName="asset">
			<column name="id" valueNumeric="8196" />
			<column name="identifier" value="8666617144" />
			<column name="create_datetime" valueDate="2014-10-22T23:18:38.151" />
			<column name="status_id" valueNumeric="10501" />
			<column name="entity_id" valueNumeric="1" />
			<column name="deleted" valueNumeric="0" />
			<column name="item_id" valueNumeric="320104" />
			<column name="order_line_id" />
			<column name="notes" value="Bulk Upload" />
			<column name="optlock" valueNumeric="0" />
			<column name="group_id" />
			<column name="provisioning_status" />
			<column name="global" valueBoolean="true" />
		</insert>
		<insert tableName="asset">
			<column name="id" valueNumeric="8197" />
			<column name="identifier" value="8666619211" />
			<column name="create_datetime" valueDate="2014-10-22T23:18:38.157" />
			<column name="status_id" valueNumeric="10501" />
			<column name="entity_id" valueNumeric="1" />
			<column name="deleted" valueNumeric="0" />
			<column name="item_id" valueNumeric="320104" />
			<column name="order_line_id" />
			<column name="notes" value="Bulk Upload" />
			<column name="optlock" valueNumeric="0" />
			<column name="group_id" />
			<column name="provisioning_status" />
			<column name="global" valueBoolean="true" />
		</insert>
		<insert tableName="asset">
			<column name="id" valueNumeric="8198" />
			<column name="identifier" value="8666619212" />
			<column name="create_datetime" valueDate="2014-10-22T23:18:38.163" />
			<column name="status_id" valueNumeric="10501" />
			<column name="entity_id" valueNumeric="1" />
			<column name="deleted" valueNumeric="0" />
			<column name="item_id" valueNumeric="320104" />
			<column name="order_line_id" />
			<column name="notes" value="Bulk Upload" />
			<column name="optlock" valueNumeric="0" />
			<column name="group_id" />
			<column name="provisioning_status" />
			<column name="global" valueBoolean="true" />
		</insert>
		<insert tableName="asset">
			<column name="id" valueNumeric="8199" />
			<column name="identifier" value="8666619666" />
			<column name="create_datetime" valueDate="2014-10-22T23:18:38.180" />
			<column name="status_id" valueNumeric="10501" />
			<column name="entity_id" valueNumeric="1" />
			<column name="deleted" valueNumeric="0" />
			<column name="item_id" valueNumeric="320104" />
			<column name="order_line_id" />
			<column name="notes" value="Bulk Upload" />
			<column name="optlock" valueNumeric="0" />
			<column name="group_id" />
			<column name="provisioning_status" />
			<column name="global" valueBoolean="true" />
		</insert>
		<insert tableName="asset">
			<column name="id" valueNumeric="8200" />
			<column name="identifier" value="8666619932" />
			<column name="create_datetime" valueDate="2014-10-22T23:18:38.223" />
			<column name="status_id" valueNumeric="10501" />
			<column name="entity_id" valueNumeric="1" />
			<column name="deleted" valueNumeric="0" />
			<column name="item_id" valueNumeric="320104" />
			<column name="order_line_id" />
			<column name="notes" value="Bulk Upload" />
			<column name="optlock" valueNumeric="0" />
			<column name="group_id" />
			<column name="provisioning_status" />
			<column name="global" valueBoolean="true" />
		</insert>
		<insert tableName="asset">
			<column name="id" valueNumeric="8201" />
			<column name="identifier" value="8666621946" />
			<column name="create_datetime" valueDate="2014-10-22T23:18:38.302" />
			<column name="status_id" valueNumeric="10501" />
			<column name="entity_id" valueNumeric="1" />
			<column name="deleted" valueNumeric="0" />
			<column name="item_id" valueNumeric="320104" />
			<column name="order_line_id" />
			<column name="notes" value="Bulk Upload" />
			<column name="optlock" valueNumeric="0" />
			<column name="group_id" />
			<column name="provisioning_status" />
			<column name="global" valueBoolean="true" />
		</insert>
		<insert tableName="asset">
			<column name="id" valueNumeric="8202" />
			<column name="identifier" value="8666627638" />
			<column name="create_datetime" valueDate="2014-10-22T23:18:38.309" />
			<column name="status_id" valueNumeric="10501" />
			<column name="entity_id" valueNumeric="1" />
			<column name="deleted" valueNumeric="0" />
			<column name="item_id" valueNumeric="320104" />
			<column name="order_line_id" />
			<column name="notes" value="Bulk Upload" />
			<column name="optlock" valueNumeric="0" />
			<column name="group_id" />
			<column name="provisioning_status" />
			<column name="global" valueBoolean="true" />
		</insert>
		<insert tableName="asset">
			<column name="id" valueNumeric="8203" />
			<column name="identifier" value="8666630547" />
			<column name="create_datetime" valueDate="2014-10-22T23:18:38.339" />
			<column name="status_id" valueNumeric="10501" />
			<column name="entity_id" valueNumeric="1" />
			<column name="deleted" valueNumeric="0" />
			<column name="item_id" valueNumeric="320104" />
			<column name="order_line_id" />
			<column name="notes" value="Bulk Upload" />
			<column name="optlock" valueNumeric="0" />
			<column name="group_id" />
			<column name="provisioning_status" />
			<column name="global" valueBoolean="true" />
		</insert>
		<insert tableName="asset">
			<column name="id" valueNumeric="8204" />
			<column name="identifier" value="8666633675" />
			<column name="create_datetime" valueDate="2014-10-22T23:18:38.357" />
			<column name="status_id" valueNumeric="10501" />
			<column name="entity_id" valueNumeric="1" />
			<column name="deleted" valueNumeric="0" />
			<column name="item_id" valueNumeric="320104" />
			<column name="order_line_id" />
			<column name="notes" value="Bulk Upload" />
			<column name="optlock" valueNumeric="0" />
			<column name="group_id" />
			<column name="provisioning_status" />
			<column name="global" valueBoolean="true" />
		</insert>
		<insert tableName="asset">
			<column name="id" valueNumeric="8205" />
			<column name="identifier" value="8666634280" />
			<column name="create_datetime" valueDate="2014-10-22T23:18:38.363" />
			<column name="status_id" valueNumeric="10501" />
			<column name="entity_id" valueNumeric="1" />
			<column name="deleted" valueNumeric="0" />
			<column name="item_id" valueNumeric="320104" />
			<column name="order_line_id" />
			<column name="notes" value="Bulk Upload" />
			<column name="optlock" valueNumeric="0" />
			<column name="group_id" />
			<column name="provisioning_status" />
			<column name="global" valueBoolean="true" />
		</insert>
		<insert tableName="asset">
			<column name="id" valueNumeric="8206" />
			<column name="identifier" value="8666635662" />
			<column name="create_datetime" valueDate="2014-10-22T23:18:38.526" />
			<column name="status_id" valueNumeric="10501" />
			<column name="entity_id" valueNumeric="1" />
			<column name="deleted" valueNumeric="0" />
			<column name="item_id" valueNumeric="320104" />
			<column name="order_line_id" />
			<column name="notes" value="Bulk Upload" />
			<column name="optlock" valueNumeric="0" />
			<column name="group_id" />
			<column name="provisioning_status" />
			<column name="global" valueBoolean="true" />
		</insert>
		<insert tableName="asset">
			<column name="id" valueNumeric="8207" />
			<column name="identifier" value="8666637418" />
			<column name="create_datetime" valueDate="2014-10-22T23:18:38.533" />
			<column name="status_id" valueNumeric="10501" />
			<column name="entity_id" valueNumeric="1" />
			<column name="deleted" valueNumeric="0" />
			<column name="item_id" valueNumeric="320104" />
			<column name="order_line_id" />
			<column name="notes" value="Bulk Upload" />
			<column name="optlock" valueNumeric="0" />
			<column name="group_id" />
			<column name="provisioning_status" />
			<column name="global" valueBoolean="true" />
		</insert>
		<insert tableName="asset">
			<column name="id" valueNumeric="8208" />
			<column name="identifier" value="8666640791" />
			<column name="create_datetime" valueDate="2014-10-22T23:18:38.544" />
			<column name="status_id" valueNumeric="10501" />
			<column name="entity_id" valueNumeric="1" />
			<column name="deleted" valueNumeric="0" />
			<column name="item_id" valueNumeric="320104" />
			<column name="order_line_id" />
			<column name="notes" value="Bulk Upload" />
			<column name="optlock" valueNumeric="0" />
			<column name="group_id" />
			<column name="provisioning_status" />
			<column name="global" valueBoolean="true" />
		</insert>
		<insert tableName="asset">
			<column name="id" valueNumeric="8209" />
			<column name="identifier" value="8666640792" />
			<column name="create_datetime" valueDate="2014-10-22T23:18:38.620" />
			<column name="status_id" valueNumeric="10501" />
			<column name="entity_id" valueNumeric="1" />
			<column name="deleted" valueNumeric="0" />
			<column name="item_id" valueNumeric="320104" />
			<column name="order_line_id" />
			<column name="notes" value="Bulk Upload" />
			<column name="optlock" valueNumeric="0" />
			<column name="group_id" />
			<column name="provisioning_status" />
			<column name="global" valueBoolean="true" />
		</insert>
		<insert tableName="asset">
			<column name="id" valueNumeric="8210" />
			<column name="identifier" value="8666640795" />
			<column name="create_datetime" valueDate="2014-10-22T23:18:38.650" />
			<column name="status_id" valueNumeric="10501" />
			<column name="entity_id" valueNumeric="1" />
			<column name="deleted" valueNumeric="0" />
			<column name="item_id" valueNumeric="320104" />
			<column name="order_line_id" />
			<column name="notes" value="Bulk Upload" />
			<column name="optlock" valueNumeric="0" />
			<column name="group_id" />
			<column name="provisioning_status" />
			<column name="global" valueBoolean="true" />
		</insert>
		<insert tableName="asset">
			<column name="id" valueNumeric="8211" />
			<column name="identifier" value="8666651860" />
			<column name="create_datetime" valueDate="2014-10-22T23:18:38.699" />
			<column name="status_id" valueNumeric="10501" />
			<column name="entity_id" valueNumeric="1" />
			<column name="deleted" valueNumeric="0" />
			<column name="item_id" valueNumeric="320104" />
			<column name="order_line_id" />
			<column name="notes" value="Bulk Upload" />
			<column name="optlock" valueNumeric="0" />
			<column name="group_id" />
			<column name="provisioning_status" />
			<column name="global" valueBoolean="true" />
		</insert>
		<insert tableName="asset">
			<column name="id" valueNumeric="8212" />
			<column name="identifier" value="8666657371" />
			<column name="create_datetime" valueDate="2014-10-22T23:18:38.706" />
			<column name="status_id" valueNumeric="10501" />
			<column name="entity_id" valueNumeric="1" />
			<column name="deleted" valueNumeric="0" />
			<column name="item_id" valueNumeric="320104" />
			<column name="order_line_id" />
			<column name="notes" value="Bulk Upload" />
			<column name="optlock" valueNumeric="0" />
			<column name="group_id" />
			<column name="provisioning_status" />
			<column name="global" valueBoolean="true" />
		</insert>
		<insert tableName="asset">
			<column name="id" valueNumeric="8213" />
			<column name="identifier" value="8666672146" />
			<column name="create_datetime" valueDate="2014-10-22T23:18:38.765" />
			<column name="status_id" valueNumeric="10501" />
			<column name="entity_id" valueNumeric="1" />
			<column name="deleted" valueNumeric="0" />
			<column name="item_id" valueNumeric="320104" />
			<column name="order_line_id" />
			<column name="notes" value="Bulk Upload" />
			<column name="optlock" valueNumeric="0" />
			<column name="group_id" />
			<column name="provisioning_status" />
			<column name="global" valueBoolean="true" />
		</insert>
		<insert tableName="asset">
			<column name="id" valueNumeric="8214" />
			<column name="identifier" value="8666672170" />
			<column name="create_datetime" valueDate="2014-10-22T23:18:38.772" />
			<column name="status_id" valueNumeric="10501" />
			<column name="entity_id" valueNumeric="1" />
			<column name="deleted" valueNumeric="0" />
			<column name="item_id" valueNumeric="320104" />
			<column name="order_line_id" />
			<column name="notes" value="Bulk Upload" />
			<column name="optlock" valueNumeric="0" />
			<column name="group_id" />
			<column name="provisioning_status" />
			<column name="global" valueBoolean="true" />
		</insert>
		<insert tableName="asset">
			<column name="id" valueNumeric="8215" />
			<column name="identifier" value="8666672171" />
			<column name="create_datetime" valueDate="2014-10-22T23:18:38.822" />
			<column name="status_id" valueNumeric="10501" />
			<column name="entity_id" valueNumeric="1" />
			<column name="deleted" valueNumeric="0" />
			<column name="item_id" valueNumeric="320104" />
			<column name="order_line_id" />
			<column name="notes" value="Bulk Upload" />
			<column name="optlock" valueNumeric="0" />
			<column name="group_id" />
			<column name="provisioning_status" />
			<column name="global" valueBoolean="true" />
		</insert>
		<insert tableName="asset">
			<column name="id" valueNumeric="8216" />
			<column name="identifier" value="8666672183" />
			<column name="create_datetime" valueDate="2014-10-22T23:18:38.835" />
			<column name="status_id" valueNumeric="10501" />
			<column name="entity_id" valueNumeric="1" />
			<column name="deleted" valueNumeric="0" />
			<column name="item_id" valueNumeric="320104" />
			<column name="order_line_id" />
			<column name="notes" value="Bulk Upload" />
			<column name="optlock" valueNumeric="0" />
			<column name="group_id" />
			<column name="provisioning_status" />
			<column name="global" valueBoolean="true" />
		</insert>
		<insert tableName="asset">
			<column name="id" valueNumeric="8217" />
			<column name="identifier" value="8666676076" />
			<column name="create_datetime" valueDate="2014-10-22T23:18:38.876" />
			<column name="status_id" valueNumeric="10501" />
			<column name="entity_id" valueNumeric="1" />
			<column name="deleted" valueNumeric="0" />
			<column name="item_id" valueNumeric="320104" />
			<column name="order_line_id" />
			<column name="notes" value="Bulk Upload" />
			<column name="optlock" valueNumeric="0" />
			<column name="group_id" />
			<column name="provisioning_status" />
			<column name="global" valueBoolean="true" />
		</insert>
		<insert tableName="asset">
			<column name="id" valueNumeric="8218" />
			<column name="identifier" value="8666678923" />
			<column name="create_datetime" valueDate="2014-10-22T23:18:38.886" />
			<column name="status_id" valueNumeric="10501" />
			<column name="entity_id" valueNumeric="1" />
			<column name="deleted" valueNumeric="0" />
			<column name="item_id" valueNumeric="320104" />
			<column name="order_line_id" />
			<column name="notes" value="Bulk Upload" />
			<column name="optlock" valueNumeric="0" />
			<column name="group_id" />
			<column name="provisioning_status" />
			<column name="global" valueBoolean="true" />
		</insert>
		<insert tableName="asset">
			<column name="id" valueNumeric="8219" />
			<column name="identifier" value="8666680567" />
			<column name="create_datetime" valueDate="2014-10-22T23:18:38.893" />
			<column name="status_id" valueNumeric="10501" />
			<column name="entity_id" valueNumeric="1" />
			<column name="deleted" valueNumeric="0" />
			<column name="item_id" valueNumeric="320104" />
			<column name="order_line_id" />
			<column name="notes" value="Bulk Upload" />
			<column name="optlock" valueNumeric="0" />
			<column name="group_id" />
			<column name="provisioning_status" />
			<column name="global" valueBoolean="true" />
		</insert>
		<insert tableName="asset">
			<column name="id" valueNumeric="8220" />
			<column name="identifier" value="8666683147" />
			<column name="create_datetime" valueDate="2014-10-22T23:18:38.899" />
			<column name="status_id" valueNumeric="10501" />
			<column name="entity_id" valueNumeric="1" />
			<column name="deleted" valueNumeric="0" />
			<column name="item_id" valueNumeric="320104" />
			<column name="order_line_id" />
			<column name="notes" value="Bulk Upload" />
			<column name="optlock" valueNumeric="0" />
			<column name="group_id" />
			<column name="provisioning_status" />
			<column name="global" valueBoolean="true" />
		</insert>
		<insert tableName="asset">
			<column name="id" valueNumeric="8221" />
			<column name="identifier" value="8666701232" />
			<column name="create_datetime" valueDate="2014-10-22T23:18:38.909" />
			<column name="status_id" valueNumeric="10501" />
			<column name="entity_id" valueNumeric="1" />
			<column name="deleted" valueNumeric="0" />
			<column name="item_id" valueNumeric="320104" />
			<column name="order_line_id" />
			<column name="notes" value="Bulk Upload" />
			<column name="optlock" valueNumeric="0" />
			<column name="group_id" />
			<column name="provisioning_status" />
			<column name="global" valueBoolean="true" />
		</insert>
		<insert tableName="asset">
			<column name="id" valueNumeric="8222" />
			<column name="identifier" value="8666701239" />
			<column name="create_datetime" valueDate="2014-10-22T23:18:38.925" />
			<column name="status_id" valueNumeric="10501" />
			<column name="entity_id" valueNumeric="1" />
			<column name="deleted" valueNumeric="0" />
			<column name="item_id" valueNumeric="320104" />
			<column name="order_line_id" />
			<column name="notes" value="Bulk Upload" />
			<column name="optlock" valueNumeric="0" />
			<column name="group_id" />
			<column name="provisioning_status" />
			<column name="global" valueBoolean="true" />
		</insert>
		<insert tableName="asset">
			<column name="id" valueNumeric="8223" />
			<column name="identifier" value="8666707283" />
			<column name="create_datetime" valueDate="2014-10-22T23:18:38.931" />
			<column name="status_id" valueNumeric="10501" />
			<column name="entity_id" valueNumeric="1" />
			<column name="deleted" valueNumeric="0" />
			<column name="item_id" valueNumeric="320104" />
			<column name="order_line_id" />
			<column name="notes" value="Bulk Upload" />
			<column name="optlock" valueNumeric="0" />
			<column name="group_id" />
			<column name="provisioning_status" />
			<column name="global" valueBoolean="true" />
		</insert>
		<insert tableName="asset">
			<column name="id" valueNumeric="8224" />
			<column name="identifier" value="8666708068" />
			<column name="create_datetime" valueDate="2014-10-22T23:18:38.937" />
			<column name="status_id" valueNumeric="10501" />
			<column name="entity_id" valueNumeric="1" />
			<column name="deleted" valueNumeric="0" />
			<column name="item_id" valueNumeric="320104" />
			<column name="order_line_id" />
			<column name="notes" value="Bulk Upload" />
			<column name="optlock" valueNumeric="0" />
			<column name="group_id" />
			<column name="provisioning_status" />
			<column name="global" valueBoolean="true" />
		</insert>
		<insert tableName="asset">
			<column name="id" valueNumeric="8225" />
			<column name="identifier" value="8666717625" />
			<column name="create_datetime" valueDate="2014-10-22T23:18:39.119" />
			<column name="status_id" valueNumeric="10501" />
			<column name="entity_id" valueNumeric="1" />
			<column name="deleted" valueNumeric="0" />
			<column name="item_id" valueNumeric="320104" />
			<column name="order_line_id" />
			<column name="notes" value="Bulk Upload" />
			<column name="optlock" valueNumeric="0" />
			<column name="group_id" />
			<column name="provisioning_status" />
			<column name="global" valueBoolean="true" />
		</insert>
		<insert tableName="asset">
			<column name="id" valueNumeric="8226" />
			<column name="identifier" value="8666721104" />
			<column name="create_datetime" valueDate="2014-10-22T23:18:39.131" />
			<column name="status_id" valueNumeric="10501" />
			<column name="entity_id" valueNumeric="1" />
			<column name="deleted" valueNumeric="0" />
			<column name="item_id" valueNumeric="320104" />
			<column name="order_line_id" />
			<column name="notes" value="Bulk Upload" />
			<column name="optlock" valueNumeric="0" />
			<column name="group_id" />
			<column name="provisioning_status" />
			<column name="global" valueBoolean="true" />
		</insert>
		<insert tableName="asset">
			<column name="id" valueNumeric="8227" />
			<column name="identifier" value="8666721257" />
			<column name="create_datetime" valueDate="2014-10-22T23:18:39.166" />
			<column name="status_id" valueNumeric="10501" />
			<column name="entity_id" valueNumeric="1" />
			<column name="deleted" valueNumeric="0" />
			<column name="item_id" valueNumeric="320104" />
			<column name="order_line_id" />
			<column name="notes" value="Bulk Upload" />
			<column name="optlock" valueNumeric="0" />
			<column name="group_id" />
			<column name="provisioning_status" />
			<column name="global" valueBoolean="true" />
		</insert>
		<insert tableName="asset">
			<column name="id" valueNumeric="8228" />
			<column name="identifier" value="8666725741" />
			<column name="create_datetime" valueDate="2014-10-22T23:18:39.186" />
			<column name="status_id" valueNumeric="10501" />
			<column name="entity_id" valueNumeric="1" />
			<column name="deleted" valueNumeric="0" />
			<column name="item_id" valueNumeric="320104" />
			<column name="order_line_id" />
			<column name="notes" value="Bulk Upload" />
			<column name="optlock" valueNumeric="0" />
			<column name="group_id" />
			<column name="provisioning_status" />
			<column name="global" valueBoolean="true" />
		</insert>
		<insert tableName="asset">
			<column name="id" valueNumeric="8229" />
			<column name="identifier" value="8666727627" />
			<column name="create_datetime" valueDate="2014-10-22T23:18:39.201" />
			<column name="status_id" valueNumeric="10501" />
			<column name="entity_id" valueNumeric="1" />
			<column name="deleted" valueNumeric="0" />
			<column name="item_id" valueNumeric="320104" />
			<column name="order_line_id" />
			<column name="notes" value="Bulk Upload" />
			<column name="optlock" valueNumeric="0" />
			<column name="group_id" />
			<column name="provisioning_status" />
			<column name="global" valueBoolean="true" />
		</insert>
		<insert tableName="asset">
			<column name="id" valueNumeric="8230" />
			<column name="identifier" value="8666737658" />
			<column name="create_datetime" valueDate="2014-10-22T23:18:39.218" />
			<column name="status_id" valueNumeric="10501" />
			<column name="entity_id" valueNumeric="1" />
			<column name="deleted" valueNumeric="0" />
			<column name="item_id" valueNumeric="320104" />
			<column name="order_line_id" />
			<column name="notes" value="Bulk Upload" />
			<column name="optlock" valueNumeric="0" />
			<column name="group_id" />
			<column name="provisioning_status" />
			<column name="global" valueBoolean="true" />
		</insert>
		<insert tableName="asset">
			<column name="id" valueNumeric="8231" />
			<column name="identifier" value="8666747923" />
			<column name="create_datetime" valueDate="2014-10-22T23:18:39.247" />
			<column name="status_id" valueNumeric="10501" />
			<column name="entity_id" valueNumeric="1" />
			<column name="deleted" valueNumeric="0" />
			<column name="item_id" valueNumeric="320104" />
			<column name="order_line_id" />
			<column name="notes" value="Bulk Upload" />
			<column name="optlock" valueNumeric="0" />
			<column name="group_id" />
			<column name="provisioning_status" />
			<column name="global" valueBoolean="true" />
		</insert>
		<insert tableName="asset">
			<column name="id" valueNumeric="8232" />
			<column name="identifier" value="8666750332" />
			<column name="create_datetime" valueDate="2014-10-22T23:18:39.258" />
			<column name="status_id" valueNumeric="10501" />
			<column name="entity_id" valueNumeric="1" />
			<column name="deleted" valueNumeric="0" />
			<column name="item_id" valueNumeric="320104" />
			<column name="order_line_id" />
			<column name="notes" value="Bulk Upload" />
			<column name="optlock" valueNumeric="0" />
			<column name="group_id" />
			<column name="provisioning_status" />
			<column name="global" valueBoolean="true" />
		</insert>
		<insert tableName="asset">
			<column name="id" valueNumeric="8233" />
			<column name="identifier" value="8666751115" />
			<column name="create_datetime" valueDate="2014-10-22T23:18:39.264" />
			<column name="status_id" valueNumeric="10501" />
			<column name="entity_id" valueNumeric="1" />
			<column name="deleted" valueNumeric="0" />
			<column name="item_id" valueNumeric="320104" />
			<column name="order_line_id" />
			<column name="notes" value="Bulk Upload" />
			<column name="optlock" valueNumeric="0" />
			<column name="group_id" />
			<column name="provisioning_status" />
			<column name="global" valueBoolean="true" />
		</insert>
		<insert tableName="asset">
			<column name="id" valueNumeric="8234" />
			<column name="identifier" value="8666757604" />
			<column name="create_datetime" valueDate="2014-10-22T23:18:39.296" />
			<column name="status_id" valueNumeric="10501" />
			<column name="entity_id" valueNumeric="1" />
			<column name="deleted" valueNumeric="0" />
			<column name="item_id" valueNumeric="320104" />
			<column name="order_line_id" />
			<column name="notes" value="Bulk Upload" />
			<column name="optlock" valueNumeric="0" />
			<column name="group_id" />
			<column name="provisioning_status" />
			<column name="global" valueBoolean="true" />
		</insert>
		<insert tableName="asset">
			<column name="id" valueNumeric="8235" />
			<column name="identifier" value="8666757931" />
			<column name="create_datetime" valueDate="2014-10-22T23:18:39.361" />
			<column name="status_id" valueNumeric="10501" />
			<column name="entity_id" valueNumeric="1" />
			<column name="deleted" valueNumeric="0" />
			<column name="item_id" valueNumeric="320104" />
			<column name="order_line_id" />
			<column name="notes" value="Bulk Upload" />
			<column name="optlock" valueNumeric="0" />
			<column name="group_id" />
			<column name="provisioning_status" />
			<column name="global" valueBoolean="true" />
		</insert>
		<insert tableName="asset">
			<column name="id" valueNumeric="8236" />
			<column name="identifier" value="8666757934" />
			<column name="create_datetime" valueDate="2014-10-22T23:18:39.367" />
			<column name="status_id" valueNumeric="10501" />
			<column name="entity_id" valueNumeric="1" />
			<column name="deleted" valueNumeric="0" />
			<column name="item_id" valueNumeric="320104" />
			<column name="order_line_id" />
			<column name="notes" value="Bulk Upload" />
			<column name="optlock" valueNumeric="0" />
			<column name="group_id" />
			<column name="provisioning_status" />
			<column name="global" valueBoolean="true" />
		</insert>
		<insert tableName="asset">
			<column name="id" valueNumeric="8237" />
			<column name="identifier" value="8666757935" />
			<column name="create_datetime" valueDate="2014-10-22T23:18:39.439" />
			<column name="status_id" valueNumeric="10501" />
			<column name="entity_id" valueNumeric="1" />
			<column name="deleted" valueNumeric="0" />
			<column name="item_id" valueNumeric="320104" />
			<column name="order_line_id" />
			<column name="notes" value="Bulk Upload" />
			<column name="optlock" valueNumeric="0" />
			<column name="group_id" />
			<column name="provisioning_status" />
			<column name="global" valueBoolean="true" />
		</insert>
		<insert tableName="asset">
			<column name="id" valueNumeric="8238" />
			<column name="identifier" value="8666761303" />
			<column name="create_datetime" valueDate="2014-10-22T23:18:39.501" />
			<column name="status_id" valueNumeric="10501" />
			<column name="entity_id" valueNumeric="1" />
			<column name="deleted" valueNumeric="0" />
			<column name="item_id" valueNumeric="320104" />
			<column name="order_line_id" />
			<column name="notes" value="Bulk Upload" />
			<column name="optlock" valueNumeric="0" />
			<column name="group_id" />
			<column name="provisioning_status" />
			<column name="global" valueBoolean="true" />
		</insert>
		<insert tableName="asset">
			<column name="id" valueNumeric="8239" />
			<column name="identifier" value="8666761305" />
			<column name="create_datetime" valueDate="2014-10-22T23:18:39.518" />
			<column name="status_id" valueNumeric="10501" />
			<column name="entity_id" valueNumeric="1" />
			<column name="deleted" valueNumeric="0" />
			<column name="item_id" valueNumeric="320104" />
			<column name="order_line_id" />
			<column name="notes" value="Bulk Upload" />
			<column name="optlock" valueNumeric="0" />
			<column name="group_id" />
			<column name="provisioning_status" />
			<column name="global" valueBoolean="true" />
		</insert>
		<insert tableName="asset">
			<column name="id" valueNumeric="8240" />
			<column name="identifier" value="8666761306" />
			<column name="create_datetime" valueDate="2014-10-22T23:18:39.572" />
			<column name="status_id" valueNumeric="10501" />
			<column name="entity_id" valueNumeric="1" />
			<column name="deleted" valueNumeric="0" />
			<column name="item_id" valueNumeric="320104" />
			<column name="order_line_id" />
			<column name="notes" value="Bulk Upload" />
			<column name="optlock" valueNumeric="0" />
			<column name="group_id" />
			<column name="provisioning_status" />
			<column name="global" valueBoolean="true" />
		</insert>
		<insert tableName="asset">
			<column name="id" valueNumeric="8241" />
			<column name="identifier" value="8666761308" />
			<column name="create_datetime" valueDate="2014-10-22T23:18:39.625" />
			<column name="status_id" valueNumeric="10501" />
			<column name="entity_id" valueNumeric="1" />
			<column name="deleted" valueNumeric="0" />
			<column name="item_id" valueNumeric="320104" />
			<column name="order_line_id" />
			<column name="notes" value="Bulk Upload" />
			<column name="optlock" valueNumeric="0" />
			<column name="group_id" />
			<column name="provisioning_status" />
			<column name="global" valueBoolean="true" />
		</insert>
		<insert tableName="asset">
			<column name="id" valueNumeric="8242" />
			<column name="identifier" value="8666761309" />
			<column name="create_datetime" valueDate="2014-10-22T23:18:39.637" />
			<column name="status_id" valueNumeric="10501" />
			<column name="entity_id" valueNumeric="1" />
			<column name="deleted" valueNumeric="0" />
			<column name="item_id" valueNumeric="320104" />
			<column name="order_line_id" />
			<column name="notes" value="Bulk Upload" />
			<column name="optlock" valueNumeric="0" />
			<column name="group_id" />
			<column name="provisioning_status" />
			<column name="global" valueBoolean="true" />
		</insert>
		<insert tableName="asset">
			<column name="id" valueNumeric="8243" />
			<column name="identifier" value="8666761310" />
			<column name="create_datetime" valueDate="2014-10-22T23:18:39.649" />
			<column name="status_id" valueNumeric="10501" />
			<column name="entity_id" valueNumeric="1" />
			<column name="deleted" valueNumeric="0" />
			<column name="item_id" valueNumeric="320104" />
			<column name="order_line_id" />
			<column name="notes" value="Bulk Upload" />
			<column name="optlock" valueNumeric="0" />
			<column name="group_id" />
			<column name="provisioning_status" />
			<column name="global" valueBoolean="true" />
		</insert>
		<insert tableName="asset">
			<column name="id" valueNumeric="8244" />
			<column name="identifier" value="8666761311" />
			<column name="create_datetime" valueDate="2014-10-22T23:18:39.666" />
			<column name="status_id" valueNumeric="10501" />
			<column name="entity_id" valueNumeric="1" />
			<column name="deleted" valueNumeric="0" />
			<column name="item_id" valueNumeric="320104" />
			<column name="order_line_id" />
			<column name="notes" value="Bulk Upload" />
			<column name="optlock" valueNumeric="0" />
			<column name="group_id" />
			<column name="provisioning_status" />
			<column name="global" valueBoolean="true" />
		</insert>
		<insert tableName="asset">
			<column name="id" valueNumeric="8245" />
			<column name="identifier" value="8666761314" />
			<column name="create_datetime" valueDate="2014-10-22T23:18:39.682" />
			<column name="status_id" valueNumeric="10501" />
			<column name="entity_id" valueNumeric="1" />
			<column name="deleted" valueNumeric="0" />
			<column name="item_id" valueNumeric="320104" />
			<column name="order_line_id" />
			<column name="notes" value="Bulk Upload" />
			<column name="optlock" valueNumeric="0" />
			<column name="group_id" />
			<column name="provisioning_status" />
			<column name="global" valueBoolean="true" />
		</insert>
		<insert tableName="asset">
			<column name="id" valueNumeric="8246" />
			<column name="identifier" value="8666765399" />
			<column name="create_datetime" valueDate="2014-10-22T23:18:39.774" />
			<column name="status_id" valueNumeric="10501" />
			<column name="entity_id" valueNumeric="1" />
			<column name="deleted" valueNumeric="0" />
			<column name="item_id" valueNumeric="320104" />
			<column name="order_line_id" />
			<column name="notes" value="Bulk Upload" />
			<column name="optlock" valueNumeric="0" />
			<column name="group_id" />
			<column name="provisioning_status" />
			<column name="global" valueBoolean="true" />
		</insert>
		<insert tableName="asset">
			<column name="id" valueNumeric="8247" />
			<column name="identifier" value="8666765539" />
			<column name="create_datetime" valueDate="2014-10-22T23:18:39.805" />
			<column name="status_id" valueNumeric="10501" />
			<column name="entity_id" valueNumeric="1" />
			<column name="deleted" valueNumeric="0" />
			<column name="item_id" valueNumeric="320104" />
			<column name="order_line_id" />
			<column name="notes" value="Bulk Upload" />
			<column name="optlock" valueNumeric="0" />
			<column name="group_id" />
			<column name="provisioning_status" />
			<column name="global" valueBoolean="true" />
		</insert>
		<insert tableName="asset">
			<column name="id" valueNumeric="8248" />
			<column name="identifier" value="8666767445" />
			<column name="create_datetime" valueDate="2014-10-22T23:18:39.832" />
			<column name="status_id" valueNumeric="10501" />
			<column name="entity_id" valueNumeric="1" />
			<column name="deleted" valueNumeric="0" />
			<column name="item_id" valueNumeric="320104" />
			<column name="order_line_id" />
			<column name="notes" value="Bulk Upload" />
			<column name="optlock" valueNumeric="0" />
			<column name="group_id" />
			<column name="provisioning_status" />
			<column name="global" valueBoolean="true" />
		</insert>
		<insert tableName="asset">
			<column name="id" valueNumeric="8249" />
			<column name="identifier" value="8666778053" />
			<column name="create_datetime" valueDate="2014-10-22T23:18:39.850" />
			<column name="status_id" valueNumeric="10501" />
			<column name="entity_id" valueNumeric="1" />
			<column name="deleted" valueNumeric="0" />
			<column name="item_id" valueNumeric="320104" />
			<column name="order_line_id" />
			<column name="notes" value="Bulk Upload" />
			<column name="optlock" valueNumeric="0" />
			<column name="group_id" />
			<column name="provisioning_status" />
			<column name="global" valueBoolean="true" />
		</insert>
		<insert tableName="asset">
			<column name="id" valueNumeric="8250" />
			<column name="identifier" value="8666778275" />
			<column name="create_datetime" valueDate="2014-10-22T23:18:39.860" />
			<column name="status_id" valueNumeric="10501" />
			<column name="entity_id" valueNumeric="1" />
			<column name="deleted" valueNumeric="0" />
			<column name="item_id" valueNumeric="320104" />
			<column name="order_line_id" />
			<column name="notes" value="Bulk Upload" />
			<column name="optlock" valueNumeric="0" />
			<column name="group_id" />
			<column name="provisioning_status" />
			<column name="global" valueBoolean="true" />
		</insert>
		<insert tableName="asset">
			<column name="id" valueNumeric="8251" />
			<column name="identifier" value="8666779882" />
			<column name="create_datetime" valueDate="2014-10-22T23:18:39.870" />
			<column name="status_id" valueNumeric="10501" />
			<column name="entity_id" valueNumeric="1" />
			<column name="deleted" valueNumeric="0" />
			<column name="item_id" valueNumeric="320104" />
			<column name="order_line_id" />
			<column name="notes" value="Bulk Upload" />
			<column name="optlock" valueNumeric="0" />
			<column name="group_id" />
			<column name="provisioning_status" />
			<column name="global" valueBoolean="true" />
		</insert>
		<insert tableName="asset">
			<column name="id" valueNumeric="8252" />
			<column name="identifier" value="8666785387" />
			<column name="create_datetime" valueDate="2014-10-22T23:18:39.876" />
			<column name="status_id" valueNumeric="10501" />
			<column name="entity_id" valueNumeric="1" />
			<column name="deleted" valueNumeric="0" />
			<column name="item_id" valueNumeric="320104" />
			<column name="order_line_id" />
			<column name="notes" value="Bulk Upload" />
			<column name="optlock" valueNumeric="0" />
			<column name="group_id" />
			<column name="provisioning_status" />
			<column name="global" valueBoolean="true" />
		</insert>
		<insert tableName="asset">
			<column name="id" valueNumeric="8253" />
			<column name="identifier" value="8666786634" />
			<column name="create_datetime" valueDate="2014-10-22T23:18:39.894" />
			<column name="status_id" valueNumeric="10501" />
			<column name="entity_id" valueNumeric="1" />
			<column name="deleted" valueNumeric="0" />
			<column name="item_id" valueNumeric="320104" />
			<column name="order_line_id" />
			<column name="notes" value="Bulk Upload" />
			<column name="optlock" valueNumeric="0" />
			<column name="group_id" />
			<column name="provisioning_status" />
			<column name="global" valueBoolean="true" />
		</insert>
		<insert tableName="asset">
			<column name="id" valueNumeric="8254" />
			<column name="identifier" value="8666790600" />
			<column name="create_datetime" valueDate="2014-10-22T23:18:39.904" />
			<column name="status_id" valueNumeric="10501" />
			<column name="entity_id" valueNumeric="1" />
			<column name="deleted" valueNumeric="0" />
			<column name="item_id" valueNumeric="320104" />
			<column name="order_line_id" />
			<column name="notes" value="Bulk Upload" />
			<column name="optlock" valueNumeric="0" />
			<column name="group_id" />
			<column name="provisioning_status" />
			<column name="global" valueBoolean="true" />
		</insert>
		<insert tableName="asset">
			<column name="id" valueNumeric="8255" />
			<column name="identifier" value="8666801678" />
			<column name="create_datetime" valueDate="2014-10-22T23:18:39.922" />
			<column name="status_id" valueNumeric="10501" />
			<column name="entity_id" valueNumeric="1" />
			<column name="deleted" valueNumeric="0" />
			<column name="item_id" valueNumeric="320104" />
			<column name="order_line_id" />
			<column name="notes" value="Bulk Upload" />
			<column name="optlock" valueNumeric="0" />
			<column name="group_id" />
			<column name="provisioning_status" />
			<column name="global" valueBoolean="true" />
		</insert>
		<insert tableName="asset">
			<column name="id" valueNumeric="8256" />
			<column name="identifier" value="8666811227" />
			<column name="create_datetime" valueDate="2014-10-22T23:18:39.937" />
			<column name="status_id" valueNumeric="10501" />
			<column name="entity_id" valueNumeric="1" />
			<column name="deleted" valueNumeric="0" />
			<column name="item_id" valueNumeric="320104" />
			<column name="order_line_id" />
			<column name="notes" value="Bulk Upload" />
			<column name="optlock" valueNumeric="0" />
			<column name="group_id" />
			<column name="provisioning_status" />
			<column name="global" valueBoolean="true" />
		</insert>
		<insert tableName="asset">
			<column name="id" valueNumeric="8257" />
			<column name="identifier" value="8666820279" />
			<column name="create_datetime" valueDate="2014-10-22T23:18:39.948" />
			<column name="status_id" valueNumeric="10501" />
			<column name="entity_id" valueNumeric="1" />
			<column name="deleted" valueNumeric="0" />
			<column name="item_id" valueNumeric="320104" />
			<column name="order_line_id" />
			<column name="notes" value="Bulk Upload" />
			<column name="optlock" valueNumeric="0" />
			<column name="group_id" />
			<column name="provisioning_status" />
			<column name="global" valueBoolean="true" />
		</insert>
		<insert tableName="asset">
			<column name="id" valueNumeric="8258" />
			<column name="identifier" value="8666826052" />
			<column name="create_datetime" valueDate="2014-10-22T23:18:39.955" />
			<column name="status_id" valueNumeric="10501" />
			<column name="entity_id" valueNumeric="1" />
			<column name="deleted" valueNumeric="0" />
			<column name="item_id" valueNumeric="320104" />
			<column name="order_line_id" />
			<column name="notes" value="Bulk Upload" />
			<column name="optlock" valueNumeric="0" />
			<column name="group_id" />
			<column name="provisioning_status" />
			<column name="global" valueBoolean="true" />
		</insert>
		<insert tableName="asset">
			<column name="id" valueNumeric="8782" />
			<column name="identifier" value="8668571018" />
			<column name="create_datetime" valueDate="2014-10-22T23:18:54.418" />
			<column name="status_id" valueNumeric="10501" />
			<column name="entity_id" valueNumeric="1" />
			<column name="deleted" valueNumeric="0" />
			<column name="item_id" valueNumeric="320104" />
			<column name="order_line_id" />
			<column name="notes" value="Bulk Upload" />
			<column name="optlock" valueNumeric="0" />
			<column name="group_id" />
			<column name="provisioning_status" />
			<column name="global" valueBoolean="true" />
		</insert>
		<insert tableName="asset">
			<column name="id" valueNumeric="8783" />
			<column name="identifier" value="8668571046" />
			<column name="create_datetime" valueDate="2014-10-22T23:18:54.433" />
			<column name="status_id" valueNumeric="10501" />
			<column name="entity_id" valueNumeric="1" />
			<column name="deleted" valueNumeric="0" />
			<column name="item_id" valueNumeric="320104" />
			<column name="order_line_id" />
			<column name="notes" value="Bulk Upload" />
			<column name="optlock" valueNumeric="0" />
			<column name="group_id" />
			<column name="provisioning_status" />
			<column name="global" valueBoolean="true" />
		</insert>
		<insert tableName="asset">
			<column name="id" valueNumeric="8784" />
			<column name="identifier" value="8668571434" />
			<column name="create_datetime" valueDate="2014-10-22T23:18:54.473" />
			<column name="status_id" valueNumeric="10501" />
			<column name="entity_id" valueNumeric="1" />
			<column name="deleted" valueNumeric="0" />
			<column name="item_id" valueNumeric="320104" />
			<column name="order_line_id" />
			<column name="notes" value="Bulk Upload" />
			<column name="optlock" valueNumeric="0" />
			<column name="group_id" />
			<column name="provisioning_status" />
			<column name="global" valueBoolean="true" />
		</insert>
		<insert tableName="asset">
			<column name="id" valueNumeric="8785" />
			<column name="identifier" value="8668572133" />
			<column name="create_datetime" valueDate="2014-10-22T23:18:54.480" />
			<column name="status_id" valueNumeric="10501" />
			<column name="entity_id" valueNumeric="1" />
			<column name="deleted" valueNumeric="0" />
			<column name="item_id" valueNumeric="320104" />
			<column name="order_line_id" />
			<column name="notes" value="Bulk Upload" />
			<column name="optlock" valueNumeric="0" />
			<column name="group_id" />
			<column name="provisioning_status" />
			<column name="global" valueBoolean="true" />
		</insert>
		<insert tableName="asset">
			<column name="id" valueNumeric="8786" />
			<column name="identifier" value="8668573991" />
			<column name="create_datetime" valueDate="2014-10-22T23:18:54.486" />
			<column name="status_id" valueNumeric="10501" />
			<column name="entity_id" valueNumeric="1" />
			<column name="deleted" valueNumeric="0" />
			<column name="item_id" valueNumeric="320104" />
			<column name="order_line_id" />
			<column name="notes" value="Bulk Upload" />
			<column name="optlock" valueNumeric="0" />
			<column name="group_id" />
			<column name="provisioning_status" />
			<column name="global" valueBoolean="true" />
		</insert>
		<insert tableName="asset">
			<column name="id" valueNumeric="8787" />
			<column name="identifier" value="8668573997" />
			<column name="create_datetime" valueDate="2014-10-22T23:18:54.501" />
			<column name="status_id" valueNumeric="10501" />
			<column name="entity_id" valueNumeric="1" />
			<column name="deleted" valueNumeric="0" />
			<column name="item_id" valueNumeric="320104" />
			<column name="order_line_id" />
			<column name="notes" value="Bulk Upload" />
			<column name="optlock" valueNumeric="0" />
			<column name="group_id" />
			<column name="provisioning_status" />
			<column name="global" valueBoolean="true" />
		</insert>
		<insert tableName="asset">
			<column name="id" valueNumeric="8788" />
			<column name="identifier" value="8668573998" />
			<column name="create_datetime" valueDate="2014-10-22T23:18:54.530" />
			<column name="status_id" valueNumeric="10501" />
			<column name="entity_id" valueNumeric="1" />
			<column name="deleted" valueNumeric="0" />
			<column name="item_id" valueNumeric="320104" />
			<column name="order_line_id" />
			<column name="notes" value="Bulk Upload" />
			<column name="optlock" valueNumeric="0" />
			<column name="group_id" />
			<column name="provisioning_status" />
			<column name="global" valueBoolean="true" />
		</insert>
		<insert tableName="asset">
			<column name="id" valueNumeric="8789" />
			<column name="identifier" value="8668573999" />
			<column name="create_datetime" valueDate="2014-10-22T23:18:54.542" />
			<column name="status_id" valueNumeric="10501" />
			<column name="entity_id" valueNumeric="1" />
			<column name="deleted" valueNumeric="0" />
			<column name="item_id" valueNumeric="320104" />
			<column name="order_line_id" />
			<column name="notes" value="Bulk Upload" />
			<column name="optlock" valueNumeric="0" />
			<column name="group_id" />
			<column name="provisioning_status" />
			<column name="global" valueBoolean="true" />
		</insert>
		<insert tableName="asset">
			<column name="id" valueNumeric="8790" />
			<column name="identifier" value="8668574001" />
			<column name="create_datetime" valueDate="2014-10-22T23:18:54.548" />
			<column name="status_id" valueNumeric="10501" />
			<column name="entity_id" valueNumeric="1" />
			<column name="deleted" valueNumeric="0" />
			<column name="item_id" valueNumeric="320104" />
			<column name="order_line_id" />
			<column name="notes" value="Bulk Upload" />
			<column name="optlock" valueNumeric="0" />
			<column name="group_id" />
			<column name="provisioning_status" />
			<column name="global" valueBoolean="true" />
		</insert>
		<insert tableName="asset">
			<column name="id" valueNumeric="8791" />
			<column name="identifier" value="8668574014" />
			<column name="create_datetime" valueDate="2014-10-22T23:18:54.579" />
			<column name="status_id" valueNumeric="10501" />
			<column name="entity_id" valueNumeric="1" />
			<column name="deleted" valueNumeric="0" />
			<column name="item_id" valueNumeric="320104" />
			<column name="order_line_id" />
			<column name="notes" value="Bulk Upload" />
			<column name="optlock" valueNumeric="0" />
			<column name="group_id" />
			<column name="provisioning_status" />
			<column name="global" valueBoolean="true" />
		</insert>
		<insert tableName="asset">
			<column name="id" valueNumeric="8792" />
			<column name="identifier" value="8668574029" />
			<column name="create_datetime" valueDate="2014-10-22T23:18:54.585" />
			<column name="status_id" valueNumeric="10501" />
			<column name="entity_id" valueNumeric="1" />
			<column name="deleted" valueNumeric="0" />
			<column name="item_id" valueNumeric="320104" />
			<column name="order_line_id" />
			<column name="notes" value="Bulk Upload" />
			<column name="optlock" valueNumeric="0" />
			<column name="group_id" />
			<column name="provisioning_status" />
			<column name="global" valueBoolean="true" />
		</insert>
		<insert tableName="asset">
			<column name="id" valueNumeric="8793" />
			<column name="identifier" value="8668574225" />
			<column name="create_datetime" valueDate="2014-10-22T23:18:54.595" />
			<column name="status_id" valueNumeric="10501" />
			<column name="entity_id" valueNumeric="1" />
			<column name="deleted" valueNumeric="0" />
			<column name="item_id" valueNumeric="320104" />
			<column name="order_line_id" />
			<column name="notes" value="Bulk Upload" />
			<column name="optlock" valueNumeric="0" />
			<column name="group_id" />
			<column name="provisioning_status" />
			<column name="global" valueBoolean="true" />
		</insert>
		<insert tableName="asset">
			<column name="id" valueNumeric="8794" />
			<column name="identifier" value="8668574459" />
			<column name="create_datetime" valueDate="2014-10-22T23:18:54.601" />
			<column name="status_id" valueNumeric="10501" />
			<column name="entity_id" valueNumeric="1" />
			<column name="deleted" valueNumeric="0" />
			<column name="item_id" valueNumeric="320104" />
			<column name="order_line_id" />
			<column name="notes" value="Bulk Upload" />
			<column name="optlock" valueNumeric="0" />
			<column name="group_id" />
			<column name="provisioning_status" />
			<column name="global" valueBoolean="true" />
		</insert>
		<insert tableName="asset">
			<column name="id" valueNumeric="8795" />
			<column name="identifier" value="8668575771" />
			<column name="create_datetime" valueDate="2014-10-22T23:18:54.616" />
			<column name="status_id" valueNumeric="10501" />
			<column name="entity_id" valueNumeric="1" />
			<column name="deleted" valueNumeric="0" />
			<column name="item_id" valueNumeric="320104" />
			<column name="order_line_id" />
			<column name="notes" value="Bulk Upload" />
			<column name="optlock" valueNumeric="0" />
			<column name="group_id" />
			<column name="provisioning_status" />
			<column name="global" valueBoolean="true" />
		</insert>
		<insert tableName="asset">
			<column name="id" valueNumeric="8796" />
			<column name="identifier" value="8668576171" />
			<column name="create_datetime" valueDate="2014-10-22T23:18:54.622" />
			<column name="status_id" valueNumeric="10501" />
			<column name="entity_id" valueNumeric="1" />
			<column name="deleted" valueNumeric="0" />
			<column name="item_id" valueNumeric="320104" />
			<column name="order_line_id" />
			<column name="notes" value="Bulk Upload" />
			<column name="optlock" valueNumeric="0" />
			<column name="group_id" />
			<column name="provisioning_status" />
			<column name="global" valueBoolean="true" />
		</insert>
		<insert tableName="asset">
			<column name="id" valueNumeric="8797" />
			<column name="identifier" value="8668576284" />
			<column name="create_datetime" valueDate="2014-10-22T23:18:54.628" />
			<column name="status_id" valueNumeric="10501" />
			<column name="entity_id" valueNumeric="1" />
			<column name="deleted" valueNumeric="0" />
			<column name="item_id" valueNumeric="320104" />
			<column name="order_line_id" />
			<column name="notes" value="Bulk Upload" />
			<column name="optlock" valueNumeric="0" />
			<column name="group_id" />
			<column name="provisioning_status" />
			<column name="global" valueBoolean="true" />
		</insert>
		<insert tableName="asset">
			<column name="id" valueNumeric="8798" />
			<column name="identifier" value="8668577120" />
			<column name="create_datetime" valueDate="2014-10-22T23:18:54.655" />
			<column name="status_id" valueNumeric="10501" />
			<column name="entity_id" valueNumeric="1" />
			<column name="deleted" valueNumeric="0" />
			<column name="item_id" valueNumeric="320104" />
			<column name="order_line_id" />
			<column name="notes" value="Bulk Upload" />
			<column name="optlock" valueNumeric="0" />
			<column name="group_id" />
			<column name="provisioning_status" />
			<column name="global" valueBoolean="true" />
		</insert>
		<insert tableName="asset">
			<column name="id" valueNumeric="8799" />
			<column name="identifier" value="8668577273" />
			<column name="create_datetime" valueDate="2014-10-22T23:18:54.690" />
			<column name="status_id" valueNumeric="10501" />
			<column name="entity_id" valueNumeric="1" />
			<column name="deleted" valueNumeric="0" />
			<column name="item_id" valueNumeric="320104" />
			<column name="order_line_id" />
			<column name="notes" value="Bulk Upload" />
			<column name="optlock" valueNumeric="0" />
			<column name="group_id" />
			<column name="provisioning_status" />
			<column name="global" valueBoolean="true" />
		</insert>
		<insert tableName="asset">
			<column name="id" valueNumeric="8800" />
			<column name="identifier" value="8668577959" />
			<column name="create_datetime" valueDate="2014-10-22T23:18:54.737" />
			<column name="status_id" valueNumeric="10501" />
			<column name="entity_id" valueNumeric="1" />
			<column name="deleted" valueNumeric="0" />
			<column name="item_id" valueNumeric="320104" />
			<column name="order_line_id" />
			<column name="notes" value="Bulk Upload" />
			<column name="optlock" valueNumeric="0" />
			<column name="group_id" />
			<column name="provisioning_status" />
			<column name="global" valueBoolean="true" />
		</insert>
		<insert tableName="asset">
			<column name="id" valueNumeric="8801" />
			<column name="identifier" value="8668578173" />
			<column name="create_datetime" valueDate="2014-10-22T23:18:54.746" />
			<column name="status_id" valueNumeric="10501" />
			<column name="entity_id" valueNumeric="1" />
			<column name="deleted" valueNumeric="0" />
			<column name="item_id" valueNumeric="320104" />
			<column name="order_line_id" />
			<column name="notes" value="Bulk Upload" />
			<column name="optlock" valueNumeric="0" />
			<column name="group_id" />
			<column name="provisioning_status" />
			<column name="global" valueBoolean="true" />
		</insert>
		<insert tableName="asset">
			<column name="id" valueNumeric="8802" />
			<column name="identifier" value="8668580218" />
			<column name="create_datetime" valueDate="2014-10-22T23:18:54.756" />
			<column name="status_id" valueNumeric="10501" />
			<column name="entity_id" valueNumeric="1" />
			<column name="deleted" valueNumeric="0" />
			<column name="item_id" valueNumeric="320104" />
			<column name="order_line_id" />
			<column name="notes" value="Bulk Upload" />
			<column name="optlock" valueNumeric="0" />
			<column name="group_id" />
			<column name="provisioning_status" />
			<column name="global" valueBoolean="true" />
		</insert>
		<insert tableName="asset">
			<column name="id" valueNumeric="8803" />
			<column name="identifier" value="8668581952" />
			<column name="create_datetime" valueDate="2014-10-22T23:18:54.776" />
			<column name="status_id" valueNumeric="10501" />
			<column name="entity_id" valueNumeric="1" />
			<column name="deleted" valueNumeric="0" />
			<column name="item_id" valueNumeric="320104" />
			<column name="order_line_id" />
			<column name="notes" value="Bulk Upload" />
			<column name="optlock" valueNumeric="0" />
			<column name="group_id" />
			<column name="provisioning_status" />
			<column name="global" valueBoolean="true" />
		</insert>
		<insert tableName="asset">
			<column name="id" valueNumeric="8804" />
			<column name="identifier" value="8668581963" />
			<column name="create_datetime" valueDate="2014-10-22T23:18:54.786" />
			<column name="status_id" valueNumeric="10501" />
			<column name="entity_id" valueNumeric="1" />
			<column name="deleted" valueNumeric="0" />
			<column name="item_id" valueNumeric="320104" />
			<column name="order_line_id" />
			<column name="notes" value="Bulk Upload" />
			<column name="optlock" valueNumeric="0" />
			<column name="group_id" />
			<column name="provisioning_status" />
			<column name="global" valueBoolean="true" />
		</insert>
		<insert tableName="asset">
			<column name="id" valueNumeric="8805" />
			<column name="identifier" value="8668581964" />
			<column name="create_datetime" valueDate="2014-10-22T23:18:54.801" />
			<column name="status_id" valueNumeric="10501" />
			<column name="entity_id" valueNumeric="1" />
			<column name="deleted" valueNumeric="0" />
			<column name="item_id" valueNumeric="320104" />
			<column name="order_line_id" />
			<column name="notes" value="Bulk Upload" />
			<column name="optlock" valueNumeric="0" />
			<column name="group_id" />
			<column name="provisioning_status" />
			<column name="global" valueBoolean="true" />
		</insert>
		<insert tableName="asset">
			<column name="id" valueNumeric="8806" />
			<column name="identifier" value="8668581965" />
			<column name="create_datetime" valueDate="2014-10-22T23:18:54.819" />
			<column name="status_id" valueNumeric="10501" />
			<column name="entity_id" valueNumeric="1" />
			<column name="deleted" valueNumeric="0" />
			<column name="item_id" valueNumeric="320104" />
			<column name="order_line_id" />
			<column name="notes" value="Bulk Upload" />
			<column name="optlock" valueNumeric="0" />
			<column name="group_id" />
			<column name="provisioning_status" />
			<column name="global" valueBoolean="true" />
		</insert>
		<insert tableName="asset">
			<column name="id" valueNumeric="8807" />
			<column name="identifier" value="8668581969" />
			<column name="create_datetime" valueDate="2014-10-22T23:18:54.830" />
			<column name="status_id" valueNumeric="10501" />
			<column name="entity_id" valueNumeric="1" />
			<column name="deleted" valueNumeric="0" />
			<column name="item_id" valueNumeric="320104" />
			<column name="order_line_id" />
			<column name="notes" value="Bulk Upload" />
			<column name="optlock" valueNumeric="0" />
			<column name="group_id" />
			<column name="provisioning_status" />
			<column name="global" valueBoolean="true" />
		</insert>
		<insert tableName="asset">
			<column name="id" valueNumeric="8808" />
			<column name="identifier" value="8668581972" />
			<column name="create_datetime" valueDate="2014-10-22T23:18:54.883" />
			<column name="status_id" valueNumeric="10501" />
			<column name="entity_id" valueNumeric="1" />
			<column name="deleted" valueNumeric="0" />
			<column name="item_id" valueNumeric="320104" />
			<column name="order_line_id" />
			<column name="notes" value="Bulk Upload" />
			<column name="optlock" valueNumeric="0" />
			<column name="group_id" />
			<column name="provisioning_status" />
			<column name="global" valueBoolean="true" />
		</insert>
		<insert tableName="asset">
			<column name="id" valueNumeric="8809" />
			<column name="identifier" value="8668585077" />
			<column name="create_datetime" valueDate="2014-10-22T23:18:54.905" />
			<column name="status_id" valueNumeric="10501" />
			<column name="entity_id" valueNumeric="1" />
			<column name="deleted" valueNumeric="0" />
			<column name="item_id" valueNumeric="320104" />
			<column name="order_line_id" />
			<column name="notes" value="Bulk Upload" />
			<column name="optlock" valueNumeric="0" />
			<column name="group_id" />
			<column name="provisioning_status" />
			<column name="global" valueBoolean="true" />
		</insert>
		<insert tableName="asset">
			<column name="id" valueNumeric="8810" />
			<column name="identifier" value="8668585711" />
			<column name="create_datetime" valueDate="2014-10-22T23:18:54.941" />
			<column name="status_id" valueNumeric="10501" />
			<column name="entity_id" valueNumeric="1" />
			<column name="deleted" valueNumeric="0" />
			<column name="item_id" valueNumeric="320104" />
			<column name="order_line_id" />
			<column name="notes" value="Bulk Upload" />
			<column name="optlock" valueNumeric="0" />
			<column name="group_id" />
			<column name="provisioning_status" />
			<column name="global" valueBoolean="true" />
		</insert>
		<insert tableName="asset">
			<column name="id" valueNumeric="8811" />
			<column name="identifier" value="8668585713" />
			<column name="create_datetime" valueDate="2014-10-22T23:18:55.27" />
			<column name="status_id" valueNumeric="10501" />
			<column name="entity_id" valueNumeric="1" />
			<column name="deleted" valueNumeric="0" />
			<column name="item_id" valueNumeric="320104" />
			<column name="order_line_id" />
			<column name="notes" value="Bulk Upload" />
			<column name="optlock" valueNumeric="0" />
			<column name="group_id" />
			<column name="provisioning_status" />
			<column name="global" valueBoolean="true" />
		</insert>
		<insert tableName="asset">
			<column name="id" valueNumeric="8812" />
			<column name="identifier" value="8668585717" />
			<column name="create_datetime" valueDate="2014-10-22T23:18:55.33" />
			<column name="status_id" valueNumeric="10501" />
			<column name="entity_id" valueNumeric="1" />
			<column name="deleted" valueNumeric="0" />
			<column name="item_id" valueNumeric="320104" />
			<column name="order_line_id" />
			<column name="notes" value="Bulk Upload" />
			<column name="optlock" valueNumeric="0" />
			<column name="group_id" />
			<column name="provisioning_status" />
			<column name="global" valueBoolean="true" />
		</insert>
		<insert tableName="asset">
			<column name="id" valueNumeric="8813" />
			<column name="identifier" value="8668586114" />
			<column name="create_datetime" valueDate="2014-10-22T23:18:55.46" />
			<column name="status_id" valueNumeric="10501" />
			<column name="entity_id" valueNumeric="1" />
			<column name="deleted" valueNumeric="0" />
			<column name="item_id" valueNumeric="320104" />
			<column name="order_line_id" />
			<column name="notes" value="Bulk Upload" />
			<column name="optlock" valueNumeric="0" />
			<column name="group_id" />
			<column name="provisioning_status" />
			<column name="global" valueBoolean="true" />
		</insert>
		<insert tableName="asset">
			<column name="id" valueNumeric="8814" />
			<column name="identifier" value="8668588466" />
			<column name="create_datetime" valueDate="2014-10-22T23:18:55.67" />
			<column name="status_id" valueNumeric="10501" />
			<column name="entity_id" valueNumeric="1" />
			<column name="deleted" valueNumeric="0" />
			<column name="item_id" valueNumeric="320104" />
			<column name="order_line_id" />
			<column name="notes" value="Bulk Upload" />
			<column name="optlock" valueNumeric="0" />
			<column name="group_id" />
			<column name="provisioning_status" />
			<column name="global" valueBoolean="true" />
		</insert>
		<insert tableName="asset">
			<column name="id" valueNumeric="8815" />
			<column name="identifier" value="8668590704" />
			<column name="create_datetime" valueDate="2014-10-22T23:18:55.73" />
			<column name="status_id" valueNumeric="10501" />
			<column name="entity_id" valueNumeric="1" />
			<column name="deleted" valueNumeric="0" />
			<column name="item_id" valueNumeric="320104" />
			<column name="order_line_id" />
			<column name="notes" value="Bulk Upload" />
			<column name="optlock" valueNumeric="0" />
			<column name="group_id" />
			<column name="provisioning_status" />
			<column name="global" valueBoolean="true" />
		</insert>
		<insert tableName="asset">
			<column name="id" valueNumeric="8816" />
			<column name="identifier" value="8668593533" />
			<column name="create_datetime" valueDate="2014-10-22T23:18:55.121" />
			<column name="status_id" valueNumeric="10501" />
			<column name="entity_id" valueNumeric="1" />
			<column name="deleted" valueNumeric="0" />
			<column name="item_id" valueNumeric="320104" />
			<column name="order_line_id" />
			<column name="notes" value="Bulk Upload" />
			<column name="optlock" valueNumeric="0" />
			<column name="group_id" />
			<column name="provisioning_status" />
			<column name="global" valueBoolean="true" />
		</insert>
		<insert tableName="asset">
			<column name="id" valueNumeric="8817" />
			<column name="identifier" value="8668594131" />
			<column name="create_datetime" valueDate="2014-10-22T23:18:55.145" />
			<column name="status_id" valueNumeric="10501" />
			<column name="entity_id" valueNumeric="1" />
			<column name="deleted" valueNumeric="0" />
			<column name="item_id" valueNumeric="320104" />
			<column name="order_line_id" />
			<column name="notes" value="Bulk Upload" />
			<column name="optlock" valueNumeric="0" />
			<column name="group_id" />
			<column name="provisioning_status" />
			<column name="global" valueBoolean="true" />
		</insert>
		<insert tableName="asset">
			<column name="id" valueNumeric="8818" />
			<column name="identifier" value="8668594133" />
			<column name="create_datetime" valueDate="2014-10-22T23:18:55.151" />
			<column name="status_id" valueNumeric="10501" />
			<column name="entity_id" valueNumeric="1" />
			<column name="deleted" valueNumeric="0" />
			<column name="item_id" valueNumeric="320104" />
			<column name="order_line_id" />
			<column name="notes" value="Bulk Upload" />
			<column name="optlock" valueNumeric="0" />
			<column name="group_id" />
			<column name="provisioning_status" />
			<column name="global" valueBoolean="true" />
		</insert>
		<insert tableName="asset">
			<column name="id" valueNumeric="8819" />
			<column name="identifier" value="8668594135" />
			<column name="create_datetime" valueDate="2014-10-22T23:18:55.182" />
			<column name="status_id" valueNumeric="10501" />
			<column name="entity_id" valueNumeric="1" />
			<column name="deleted" valueNumeric="0" />
			<column name="item_id" valueNumeric="320104" />
			<column name="order_line_id" />
			<column name="notes" value="Bulk Upload" />
			<column name="optlock" valueNumeric="0" />
			<column name="group_id" />
			<column name="provisioning_status" />
			<column name="global" valueBoolean="true" />
		</insert>
		<insert tableName="asset">
			<column name="id" valueNumeric="8820" />
			<column name="identifier" value="8668594138" />
			<column name="create_datetime" valueDate="2014-10-22T23:18:55.202" />
			<column name="status_id" valueNumeric="10501" />
			<column name="entity_id" valueNumeric="1" />
			<column name="deleted" valueNumeric="0" />
			<column name="item_id" valueNumeric="320104" />
			<column name="order_line_id" />
			<column name="notes" value="Bulk Upload" />
			<column name="optlock" valueNumeric="0" />
			<column name="group_id" />
			<column name="provisioning_status" />
			<column name="global" valueBoolean="true" />
		</insert>
		<insert tableName="asset">
			<column name="id" valueNumeric="8821" />
			<column name="identifier" value="8668594362" />
			<column name="create_datetime" valueDate="2014-10-22T23:18:55.257" />
			<column name="status_id" valueNumeric="10501" />
			<column name="entity_id" valueNumeric="1" />
			<column name="deleted" valueNumeric="0" />
			<column name="item_id" valueNumeric="320104" />
			<column name="order_line_id" />
			<column name="notes" value="Bulk Upload" />
			<column name="optlock" valueNumeric="0" />
			<column name="group_id" />
			<column name="provisioning_status" />
			<column name="global" valueBoolean="true" />
		</insert>
		<insert tableName="asset">
			<column name="id" valueNumeric="8822" />
			<column name="identifier" value="8668594640" />
			<column name="create_datetime" valueDate="2014-10-22T23:18:55.267" />
			<column name="status_id" valueNumeric="10501" />
			<column name="entity_id" valueNumeric="1" />
			<column name="deleted" valueNumeric="0" />
			<column name="item_id" valueNumeric="320104" />
			<column name="order_line_id" />
			<column name="notes" value="Bulk Upload" />
			<column name="optlock" valueNumeric="0" />
			<column name="group_id" />
			<column name="provisioning_status" />
			<column name="global" valueBoolean="true" />
		</insert>
		<insert tableName="asset">
			<column name="id" valueNumeric="8823" />
			<column name="identifier" value="8668595363" />
			<column name="create_datetime" valueDate="2014-10-22T23:18:55.285" />
			<column name="status_id" valueNumeric="10501" />
			<column name="entity_id" valueNumeric="1" />
			<column name="deleted" valueNumeric="0" />
			<column name="item_id" valueNumeric="320104" />
			<column name="order_line_id" />
			<column name="notes" value="Bulk Upload" />
			<column name="optlock" valueNumeric="0" />
			<column name="group_id" />
			<column name="provisioning_status" />
			<column name="global" valueBoolean="true" />
		</insert>
		<insert tableName="asset">
			<column name="id" valueNumeric="8824" />
			<column name="identifier" value="8668596271" />
			<column name="create_datetime" valueDate="2014-10-22T23:18:55.299" />
			<column name="status_id" valueNumeric="10501" />
			<column name="entity_id" valueNumeric="1" />
			<column name="deleted" valueNumeric="0" />
			<column name="item_id" valueNumeric="320104" />
			<column name="order_line_id" />
			<column name="notes" value="Bulk Upload" />
			<column name="optlock" valueNumeric="0" />
			<column name="group_id" />
			<column name="provisioning_status" />
			<column name="global" valueBoolean="true" />
		</insert>
		<insert tableName="asset">
			<column name="id" valueNumeric="9078" />
			<column name="identifier" value="8668963005" />
			<column name="create_datetime" valueDate="2014-10-22T23:19:03.143" />
			<column name="status_id" valueNumeric="10501" />
			<column name="entity_id" valueNumeric="1" />
			<column name="deleted" valueNumeric="0" />
			<column name="item_id" valueNumeric="320104" />
			<column name="order_line_id" />
			<column name="notes" value="Bulk Upload" />
			<column name="optlock" valueNumeric="0" />
			<column name="group_id" />
			<column name="provisioning_status" />
			<column name="global" valueBoolean="true" />
		</insert>
		<insert tableName="asset">
			<column name="id" valueNumeric="9375" />
			<column name="identifier" value="8669303293" />
			<column name="create_datetime" valueDate="2014-10-22T23:19:12.994" />
			<column name="status_id" valueNumeric="10501" />
			<column name="entity_id" valueNumeric="1" />
			<column name="deleted" valueNumeric="0" />
			<column name="item_id" valueNumeric="320104" />
			<column name="order_line_id" />
			<column name="notes" value="Bulk Upload" />
			<column name="optlock" valueNumeric="0" />
			<column name="group_id" />
			<column name="provisioning_status" />
			<column name="global" valueBoolean="true" />
		</insert>
		<insert tableName="asset">
			<column name="id" valueNumeric="9376" />
			<column name="identifier" value="8669303295" />
			<column name="create_datetime" valueDate="2014-10-22T23:19:13.57" />
			<column name="status_id" valueNumeric="10501" />
			<column name="entity_id" valueNumeric="1" />
			<column name="deleted" valueNumeric="0" />
			<column name="item_id" valueNumeric="320104" />
			<column name="order_line_id" />
			<column name="notes" value="Bulk Upload" />
			<column name="optlock" valueNumeric="0" />
			<column name="group_id" />
			<column name="provisioning_status" />
			<column name="global" valueBoolean="true" />
		</insert>
		<insert tableName="asset">
			<column name="id" valueNumeric="9377" />
			<column name="identifier" value="8669303316" />
			<column name="create_datetime" valueDate="2014-10-22T23:19:13.72" />
			<column name="status_id" valueNumeric="10501" />
			<column name="entity_id" valueNumeric="1" />
			<column name="deleted" valueNumeric="0" />
			<column name="item_id" valueNumeric="320104" />
			<column name="order_line_id" />
			<column name="notes" value="Bulk Upload" />
			<column name="optlock" valueNumeric="0" />
			<column name="group_id" />
			<column name="provisioning_status" />
			<column name="global" valueBoolean="true" />
		</insert>
		<insert tableName="asset">
			<column name="id" valueNumeric="9378" />
			<column name="identifier" value="8669303385" />
			<column name="create_datetime" valueDate="2014-10-22T23:19:13.122" />
			<column name="status_id" valueNumeric="10501" />
			<column name="entity_id" valueNumeric="1" />
			<column name="deleted" valueNumeric="0" />
			<column name="item_id" valueNumeric="320104" />
			<column name="order_line_id" />
			<column name="notes" value="Bulk Upload" />
			<column name="optlock" valueNumeric="0" />
			<column name="group_id" />
			<column name="provisioning_status" />
			<column name="global" valueBoolean="true" />
		</insert>
		<insert tableName="asset">
			<column name="id" valueNumeric="8295" />
			<column name="identifier" value="8666958006" />
			<column name="create_datetime" valueDate="2014-10-22T23:18:40.752" />
			<column name="status_id" valueNumeric="10501" />
			<column name="entity_id" valueNumeric="1" />
			<column name="deleted" valueNumeric="0" />
			<column name="item_id" valueNumeric="320104" />
			<column name="order_line_id" />
			<column name="notes" value="Bulk Upload" />
			<column name="optlock" valueNumeric="0" />
			<column name="group_id" />
			<column name="provisioning_status" />
			<column name="global" valueBoolean="true" />
		</insert>
		<insert tableName="asset">
			<column name="id" valueNumeric="8296" />
			<column name="identifier" value="8666969765" />
			<column name="create_datetime" valueDate="2014-10-22T23:18:40.779" />
			<column name="status_id" valueNumeric="10501" />
			<column name="entity_id" valueNumeric="1" />
			<column name="deleted" valueNumeric="0" />
			<column name="item_id" valueNumeric="320104" />
			<column name="order_line_id" />
			<column name="notes" value="Bulk Upload" />
			<column name="optlock" valueNumeric="0" />
			<column name="group_id" />
			<column name="provisioning_status" />
			<column name="global" valueBoolean="true" />
		</insert>
		<insert tableName="asset">
			<column name="id" valueNumeric="8297" />
			<column name="identifier" value="8666971598" />
			<column name="create_datetime" valueDate="2014-10-22T23:18:40.873" />
			<column name="status_id" valueNumeric="10501" />
			<column name="entity_id" valueNumeric="1" />
			<column name="deleted" valueNumeric="0" />
			<column name="item_id" valueNumeric="320104" />
			<column name="order_line_id" />
			<column name="notes" value="Bulk Upload" />
			<column name="optlock" valueNumeric="0" />
			<column name="group_id" />
			<column name="provisioning_status" />
			<column name="global" valueBoolean="true" />
		</insert>
		<insert tableName="asset">
			<column name="id" valueNumeric="8298" />
			<column name="identifier" value="8666973555" />
			<column name="create_datetime" valueDate="2014-10-22T23:18:40.892" />
			<column name="status_id" valueNumeric="10501" />
			<column name="entity_id" valueNumeric="1" />
			<column name="deleted" valueNumeric="0" />
			<column name="item_id" valueNumeric="320104" />
			<column name="order_line_id" />
			<column name="notes" value="Bulk Upload" />
			<column name="optlock" valueNumeric="0" />
			<column name="group_id" />
			<column name="provisioning_status" />
			<column name="global" valueBoolean="true" />
		</insert>
		<insert tableName="asset">
			<column name="id" valueNumeric="8299" />
			<column name="identifier" value="8666994942" />
			<column name="create_datetime" valueDate="2014-10-22T23:18:40.902" />
			<column name="status_id" valueNumeric="10501" />
			<column name="entity_id" valueNumeric="1" />
			<column name="deleted" valueNumeric="0" />
			<column name="item_id" valueNumeric="320104" />
			<column name="order_line_id" />
			<column name="notes" value="Bulk Upload" />
			<column name="optlock" valueNumeric="0" />
			<column name="group_id" />
			<column name="provisioning_status" />
			<column name="global" valueBoolean="true" />
		</insert>
		<insert tableName="asset">
			<column name="id" valueNumeric="8300" />
			<column name="identifier" value="8666997783" />
			<column name="create_datetime" valueDate="2014-10-22T23:18:40.912" />
			<column name="status_id" valueNumeric="10501" />
			<column name="entity_id" valueNumeric="1" />
			<column name="deleted" valueNumeric="0" />
			<column name="item_id" valueNumeric="320104" />
			<column name="order_line_id" />
			<column name="notes" value="Bulk Upload" />
			<column name="optlock" valueNumeric="0" />
			<column name="group_id" />
			<column name="provisioning_status" />
			<column name="global" valueBoolean="true" />
		</insert>
		<insert tableName="asset">
			<column name="id" valueNumeric="8301" />
			<column name="identifier" value="8666999154" />
			<column name="create_datetime" valueDate="2014-10-22T23:18:40.920" />
			<column name="status_id" valueNumeric="10501" />
			<column name="entity_id" valueNumeric="1" />
			<column name="deleted" valueNumeric="0" />
			<column name="item_id" valueNumeric="320104" />
			<column name="order_line_id" />
			<column name="notes" value="Bulk Upload" />
			<column name="optlock" valueNumeric="0" />
			<column name="group_id" />
			<column name="provisioning_status" />
			<column name="global" valueBoolean="true" />
		</insert>
		<insert tableName="asset">
			<column name="id" valueNumeric="8302" />
			<column name="identifier" value="8666999163" />
			<column name="create_datetime" valueDate="2014-10-22T23:18:40.930" />
			<column name="status_id" valueNumeric="10501" />
			<column name="entity_id" valueNumeric="1" />
			<column name="deleted" valueNumeric="0" />
			<column name="item_id" valueNumeric="320104" />
			<column name="order_line_id" />
			<column name="notes" value="Bulk Upload" />
			<column name="optlock" valueNumeric="0" />
			<column name="group_id" />
			<column name="provisioning_status" />
			<column name="global" valueBoolean="true" />
		</insert>
		<insert tableName="asset">
			<column name="id" valueNumeric="8303" />
			<column name="identifier" value="8666999176" />
			<column name="create_datetime" valueDate="2014-10-22T23:18:40.947" />
			<column name="status_id" valueNumeric="10501" />
			<column name="entity_id" valueNumeric="1" />
			<column name="deleted" valueNumeric="0" />
			<column name="item_id" valueNumeric="320104" />
			<column name="order_line_id" />
			<column name="notes" value="Bulk Upload" />
			<column name="optlock" valueNumeric="0" />
			<column name="group_id" />
			<column name="provisioning_status" />
			<column name="global" valueBoolean="true" />
		</insert>
		<insert tableName="asset">
			<column name="id" valueNumeric="8304" />
			<column name="identifier" value="8666999180" />
			<column name="create_datetime" valueDate="2014-10-22T23:18:40.994" />
			<column name="status_id" valueNumeric="10501" />
			<column name="entity_id" valueNumeric="1" />
			<column name="deleted" valueNumeric="0" />
			<column name="item_id" valueNumeric="320104" />
			<column name="order_line_id" />
			<column name="notes" value="Bulk Upload" />
			<column name="optlock" valueNumeric="0" />
			<column name="group_id" />
			<column name="provisioning_status" />
			<column name="global" valueBoolean="true" />
		</insert>
		<insert tableName="asset">
			<column name="id" valueNumeric="8305" />
			<column name="identifier" value="8667000169" />
			<column name="create_datetime" valueDate="2014-10-22T23:18:41.43" />
			<column name="status_id" valueNumeric="10501" />
			<column name="entity_id" valueNumeric="1" />
			<column name="deleted" valueNumeric="0" />
			<column name="item_id" valueNumeric="320104" />
			<column name="order_line_id" />
			<column name="notes" value="Bulk Upload" />
			<column name="optlock" valueNumeric="0" />
			<column name="group_id" />
			<column name="provisioning_status" />
			<column name="global" valueBoolean="true" />
		</insert>
		<insert tableName="asset">
			<column name="id" valueNumeric="8306" />
			<column name="identifier" value="8667005007" />
			<column name="create_datetime" valueDate="2014-10-22T23:18:41.50" />
			<column name="status_id" valueNumeric="10501" />
			<column name="entity_id" valueNumeric="1" />
			<column name="deleted" valueNumeric="0" />
			<column name="item_id" valueNumeric="320104" />
			<column name="order_line_id" />
			<column name="notes" value="Bulk Upload" />
			<column name="optlock" valueNumeric="0" />
			<column name="group_id" />
			<column name="provisioning_status" />
			<column name="global" valueBoolean="true" />
		</insert>
		<insert tableName="asset">
			<column name="id" valueNumeric="8307" />
			<column name="identifier" value="8667012473" />
			<column name="create_datetime" valueDate="2014-10-22T23:18:41.62" />
			<column name="status_id" valueNumeric="10501" />
			<column name="entity_id" valueNumeric="1" />
			<column name="deleted" valueNumeric="0" />
			<column name="item_id" valueNumeric="320104" />
			<column name="order_line_id" />
			<column name="notes" value="Bulk Upload" />
			<column name="optlock" valueNumeric="0" />
			<column name="group_id" />
			<column name="provisioning_status" />
			<column name="global" valueBoolean="true" />
		</insert>
		<insert tableName="asset">
			<column name="id" valueNumeric="8308" />
			<column name="identifier" value="8667017077" />
			<column name="create_datetime" valueDate="2014-10-22T23:18:41.107" />
			<column name="status_id" valueNumeric="10501" />
			<column name="entity_id" valueNumeric="1" />
			<column name="deleted" valueNumeric="0" />
			<column name="item_id" valueNumeric="320104" />
			<column name="order_line_id" />
			<column name="notes" value="Bulk Upload" />
			<column name="optlock" valueNumeric="0" />
			<column name="group_id" />
			<column name="provisioning_status" />
			<column name="global" valueBoolean="true" />
		</insert>
		<insert tableName="asset">
			<column name="id" valueNumeric="8309" />
			<column name="identifier" value="8667017088" />
			<column name="create_datetime" valueDate="2014-10-22T23:18:41.123" />
			<column name="status_id" valueNumeric="10501" />
			<column name="entity_id" valueNumeric="1" />
			<column name="deleted" valueNumeric="0" />
			<column name="item_id" valueNumeric="320104" />
			<column name="order_line_id" />
			<column name="notes" value="Bulk Upload" />
			<column name="optlock" valueNumeric="0" />
			<column name="group_id" />
			<column name="provisioning_status" />
			<column name="global" valueBoolean="true" />
		</insert>
		<insert tableName="asset">
			<column name="id" valueNumeric="8310" />
			<column name="identifier" value="8667017325" />
			<column name="create_datetime" valueDate="2014-10-22T23:18:41.163" />
			<column name="status_id" valueNumeric="10501" />
			<column name="entity_id" valueNumeric="1" />
			<column name="deleted" valueNumeric="0" />
			<column name="item_id" valueNumeric="320104" />
			<column name="order_line_id" />
			<column name="notes" value="Bulk Upload" />
			<column name="optlock" valueNumeric="0" />
			<column name="group_id" />
			<column name="provisioning_status" />
			<column name="global" valueBoolean="true" />
		</insert>
		<insert tableName="asset">
			<column name="id" valueNumeric="8311" />
			<column name="identifier" value="8667020396" />
			<column name="create_datetime" valueDate="2014-10-22T23:18:41.173" />
			<column name="status_id" valueNumeric="10501" />
			<column name="entity_id" valueNumeric="1" />
			<column name="deleted" valueNumeric="0" />
			<column name="item_id" valueNumeric="320104" />
			<column name="order_line_id" />
			<column name="notes" value="Bulk Upload" />
			<column name="optlock" valueNumeric="0" />
			<column name="group_id" />
			<column name="provisioning_status" />
			<column name="global" valueBoolean="true" />
		</insert>
		<insert tableName="asset">
			<column name="id" valueNumeric="8312" />
			<column name="identifier" value="8667020766" />
			<column name="create_datetime" valueDate="2014-10-22T23:18:41.201" />
			<column name="status_id" valueNumeric="10501" />
			<column name="entity_id" valueNumeric="1" />
			<column name="deleted" valueNumeric="0" />
			<column name="item_id" valueNumeric="320104" />
			<column name="order_line_id" />
			<column name="notes" value="Bulk Upload" />
			<column name="optlock" valueNumeric="0" />
			<column name="group_id" />
			<column name="provisioning_status" />
			<column name="global" valueBoolean="true" />
		</insert>
		<insert tableName="asset">
			<column name="id" valueNumeric="8313" />
			<column name="identifier" value="8667020822" />
			<column name="create_datetime" valueDate="2014-10-22T23:18:41.244" />
			<column name="status_id" valueNumeric="10501" />
			<column name="entity_id" valueNumeric="1" />
			<column name="deleted" valueNumeric="0" />
			<column name="item_id" valueNumeric="320104" />
			<column name="order_line_id" />
			<column name="notes" value="Bulk Upload" />
			<column name="optlock" valueNumeric="0" />
			<column name="group_id" />
			<column name="provisioning_status" />
			<column name="global" valueBoolean="true" />
		</insert>
		<insert tableName="asset">
			<column name="id" valueNumeric="8314" />
			<column name="identifier" value="8667020824" />
			<column name="create_datetime" valueDate="2014-10-22T23:18:41.255" />
			<column name="status_id" valueNumeric="10501" />
			<column name="entity_id" valueNumeric="1" />
			<column name="deleted" valueNumeric="0" />
			<column name="item_id" valueNumeric="320104" />
			<column name="order_line_id" />
			<column name="notes" value="Bulk Upload" />
			<column name="optlock" valueNumeric="0" />
			<column name="group_id" />
			<column name="provisioning_status" />
			<column name="global" valueBoolean="true" />
		</insert>
		<insert tableName="asset">
			<column name="id" valueNumeric="8315" />
			<column name="identifier" value="8667026011" />
			<column name="create_datetime" valueDate="2014-10-22T23:18:41.374" />
			<column name="status_id" valueNumeric="10501" />
			<column name="entity_id" valueNumeric="1" />
			<column name="deleted" valueNumeric="0" />
			<column name="item_id" valueNumeric="320104" />
			<column name="order_line_id" />
			<column name="notes" value="Bulk Upload" />
			<column name="optlock" valueNumeric="0" />
			<column name="group_id" />
			<column name="provisioning_status" />
			<column name="global" valueBoolean="true" />
		</insert>
		<insert tableName="asset">
			<column name="id" valueNumeric="8316" />
			<column name="identifier" value="8667030257" />
			<column name="create_datetime" valueDate="2014-10-22T23:18:41.381" />
			<column name="status_id" valueNumeric="10501" />
			<column name="entity_id" valueNumeric="1" />
			<column name="deleted" valueNumeric="0" />
			<column name="item_id" valueNumeric="320104" />
			<column name="order_line_id" />
			<column name="notes" value="Bulk Upload" />
			<column name="optlock" valueNumeric="0" />
			<column name="group_id" />
			<column name="provisioning_status" />
			<column name="global" valueBoolean="true" />
		</insert>
		<insert tableName="asset">
			<column name="id" valueNumeric="8317" />
			<column name="identifier" value="8667046465" />
			<column name="create_datetime" valueDate="2014-10-22T23:18:41.395" />
			<column name="status_id" valueNumeric="10501" />
			<column name="entity_id" valueNumeric="1" />
			<column name="deleted" valueNumeric="0" />
			<column name="item_id" valueNumeric="320104" />
			<column name="order_line_id" />
			<column name="notes" value="Bulk Upload" />
			<column name="optlock" valueNumeric="0" />
			<column name="group_id" />
			<column name="provisioning_status" />
			<column name="global" valueBoolean="true" />
		</insert>
		<insert tableName="asset">
			<column name="id" valueNumeric="8318" />
			<column name="identifier" value="8667077703" />
			<column name="create_datetime" valueDate="2014-10-22T23:18:41.417" />
			<column name="status_id" valueNumeric="10501" />
			<column name="entity_id" valueNumeric="1" />
			<column name="deleted" valueNumeric="0" />
			<column name="item_id" valueNumeric="320104" />
			<column name="order_line_id" />
			<column name="notes" value="Bulk Upload" />
			<column name="optlock" valueNumeric="0" />
			<column name="group_id" />
			<column name="provisioning_status" />
			<column name="global" valueBoolean="true" />
		</insert>
		<insert tableName="asset">
			<column name="id" valueNumeric="8319" />
			<column name="identifier" value="8667077729" />
			<column name="create_datetime" valueDate="2014-10-22T23:18:41.428" />
			<column name="status_id" valueNumeric="10501" />
			<column name="entity_id" valueNumeric="1" />
			<column name="deleted" valueNumeric="0" />
			<column name="item_id" valueNumeric="320104" />
			<column name="order_line_id" />
			<column name="notes" value="Bulk Upload" />
			<column name="optlock" valueNumeric="0" />
			<column name="group_id" />
			<column name="provisioning_status" />
			<column name="global" valueBoolean="true" />
		</insert>
		<insert tableName="asset">
			<column name="id" valueNumeric="8320" />
			<column name="identifier" value="8667080645" />
			<column name="create_datetime" valueDate="2014-10-22T23:18:41.439" />
			<column name="status_id" valueNumeric="10501" />
			<column name="entity_id" valueNumeric="1" />
			<column name="deleted" valueNumeric="0" />
			<column name="item_id" valueNumeric="320104" />
			<column name="order_line_id" />
			<column name="notes" value="Bulk Upload" />
			<column name="optlock" valueNumeric="0" />
			<column name="group_id" />
			<column name="provisioning_status" />
			<column name="global" valueBoolean="true" />
		</insert>
		<insert tableName="asset">
			<column name="id" valueNumeric="8321" />
			<column name="identifier" value="8667080646" />
			<column name="create_datetime" valueDate="2014-10-22T23:18:41.449" />
			<column name="status_id" valueNumeric="10501" />
			<column name="entity_id" valueNumeric="1" />
			<column name="deleted" valueNumeric="0" />
			<column name="item_id" valueNumeric="320104" />
			<column name="order_line_id" />
			<column name="notes" value="Bulk Upload" />
			<column name="optlock" valueNumeric="0" />
			<column name="group_id" />
			<column name="provisioning_status" />
			<column name="global" valueBoolean="true" />
		</insert>
		<insert tableName="asset">
			<column name="id" valueNumeric="8322" />
			<column name="identifier" value="8667080649" />
			<column name="create_datetime" valueDate="2014-10-22T23:18:41.487" />
			<column name="status_id" valueNumeric="10501" />
			<column name="entity_id" valueNumeric="1" />
			<column name="deleted" valueNumeric="0" />
			<column name="item_id" valueNumeric="320104" />
			<column name="order_line_id" />
			<column name="notes" value="Bulk Upload" />
			<column name="optlock" valueNumeric="0" />
			<column name="group_id" />
			<column name="provisioning_status" />
			<column name="global" valueBoolean="true" />
		</insert>
		<insert tableName="asset">
			<column name="id" valueNumeric="8323" />
			<column name="identifier" value="8667080651" />
			<column name="create_datetime" valueDate="2014-10-22T23:18:41.494" />
			<column name="status_id" valueNumeric="10501" />
			<column name="entity_id" valueNumeric="1" />
			<column name="deleted" valueNumeric="0" />
			<column name="item_id" valueNumeric="320104" />
			<column name="order_line_id" />
			<column name="notes" value="Bulk Upload" />
			<column name="optlock" valueNumeric="0" />
			<column name="group_id" />
			<column name="provisioning_status" />
			<column name="global" valueBoolean="true" />
		</insert>
		<insert tableName="asset">
			<column name="id" valueNumeric="8324" />
			<column name="identifier" value="8667092894" />
			<column name="create_datetime" valueDate="2014-10-22T23:18:41.505" />
			<column name="status_id" valueNumeric="10501" />
			<column name="entity_id" valueNumeric="1" />
			<column name="deleted" valueNumeric="0" />
			<column name="item_id" valueNumeric="320104" />
			<column name="order_line_id" />
			<column name="notes" value="Bulk Upload" />
			<column name="optlock" valueNumeric="0" />
			<column name="group_id" />
			<column name="provisioning_status" />
			<column name="global" valueBoolean="true" />
		</insert>
		<insert tableName="asset">
			<column name="id" valueNumeric="8325" />
			<column name="identifier" value="8667099495" />
			<column name="create_datetime" valueDate="2014-10-22T23:18:41.550" />
			<column name="status_id" valueNumeric="10501" />
			<column name="entity_id" valueNumeric="1" />
			<column name="deleted" valueNumeric="0" />
			<column name="item_id" valueNumeric="320104" />
			<column name="order_line_id" />
			<column name="notes" value="Bulk Upload" />
			<column name="optlock" valueNumeric="0" />
			<column name="group_id" />
			<column name="provisioning_status" />
			<column name="global" valueBoolean="true" />
		</insert>
		<insert tableName="asset">
			<column name="id" valueNumeric="8326" />
			<column name="identifier" value="8667101308" />
			<column name="create_datetime" valueDate="2014-10-22T23:18:41.560" />
			<column name="status_id" valueNumeric="10501" />
			<column name="entity_id" valueNumeric="1" />
			<column name="deleted" valueNumeric="0" />
			<column name="item_id" valueNumeric="320104" />
			<column name="order_line_id" />
			<column name="notes" value="Bulk Upload" />
			<column name="optlock" valueNumeric="0" />
			<column name="group_id" />
			<column name="provisioning_status" />
			<column name="global" valueBoolean="true" />
		</insert>
		<insert tableName="asset">
			<column name="id" valueNumeric="8327" />
			<column name="identifier" value="8667101336" />
			<column name="create_datetime" valueDate="2014-10-22T23:18:41.577" />
			<column name="status_id" valueNumeric="10501" />
			<column name="entity_id" valueNumeric="1" />
			<column name="deleted" valueNumeric="0" />
			<column name="item_id" valueNumeric="320104" />
			<column name="order_line_id" />
			<column name="notes" value="Bulk Upload" />
			<column name="optlock" valueNumeric="0" />
			<column name="group_id" />
			<column name="provisioning_status" />
			<column name="global" valueBoolean="true" />
		</insert>
		<insert tableName="asset">
			<column name="id" valueNumeric="8328" />
			<column name="identifier" value="8667116180" />
			<column name="create_datetime" valueDate="2014-10-22T23:18:41.587" />
			<column name="status_id" valueNumeric="10501" />
			<column name="entity_id" valueNumeric="1" />
			<column name="deleted" valueNumeric="0" />
			<column name="item_id" valueNumeric="320104" />
			<column name="order_line_id" />
			<column name="notes" value="Bulk Upload" />
			<column name="optlock" valueNumeric="0" />
			<column name="group_id" />
			<column name="provisioning_status" />
			<column name="global" valueBoolean="true" />
		</insert>
		<insert tableName="asset">
			<column name="id" valueNumeric="8329" />
			<column name="identifier" value="8667116929" />
			<column name="create_datetime" valueDate="2014-10-22T23:18:41.593" />
			<column name="status_id" valueNumeric="10501" />
			<column name="entity_id" valueNumeric="1" />
			<column name="deleted" valueNumeric="0" />
			<column name="item_id" valueNumeric="320104" />
			<column name="order_line_id" />
			<column name="notes" value="Bulk Upload" />
			<column name="optlock" valueNumeric="0" />
			<column name="group_id" />
			<column name="provisioning_status" />
			<column name="global" valueBoolean="true" />
		</insert>
		<insert tableName="asset">
			<column name="id" valueNumeric="8330" />
			<column name="identifier" value="8667128284" />
			<column name="create_datetime" valueDate="2014-10-22T23:18:41.603" />
			<column name="status_id" valueNumeric="10501" />
			<column name="entity_id" valueNumeric="1" />
			<column name="deleted" valueNumeric="0" />
			<column name="item_id" valueNumeric="320104" />
			<column name="order_line_id" />
			<column name="notes" value="Bulk Upload" />
			<column name="optlock" valueNumeric="0" />
			<column name="group_id" />
			<column name="provisioning_status" />
			<column name="global" valueBoolean="true" />
		</insert>
		<insert tableName="asset">
			<column name="id" valueNumeric="8578" />
			<column name="identifier" value="8668068581" />
			<column name="create_datetime" valueDate="2014-10-22T23:18:48.412" />
			<column name="status_id" valueNumeric="10501" />
			<column name="entity_id" valueNumeric="1" />
			<column name="deleted" valueNumeric="0" />
			<column name="item_id" valueNumeric="320104" />
			<column name="order_line_id" />
			<column name="notes" value="Bulk Upload" />
			<column name="optlock" valueNumeric="0" />
			<column name="group_id" />
			<column name="provisioning_status" />
			<column name="global" valueBoolean="true" />
		</insert>
		<insert tableName="asset">
			<column name="id" valueNumeric="8579" />
			<column name="identifier" value="8668069560" />
			<column name="create_datetime" valueDate="2014-10-22T23:18:48.501" />
			<column name="status_id" valueNumeric="10501" />
			<column name="entity_id" valueNumeric="1" />
			<column name="deleted" valueNumeric="0" />
			<column name="item_id" valueNumeric="320104" />
			<column name="order_line_id" />
			<column name="notes" value="Bulk Upload" />
			<column name="optlock" valueNumeric="0" />
			<column name="group_id" />
			<column name="provisioning_status" />
			<column name="global" valueBoolean="true" />
		</insert>
		<insert tableName="asset">
			<column name="id" valueNumeric="8580" />
			<column name="identifier" value="8668069987" />
			<column name="create_datetime" valueDate="2014-10-22T23:18:48.517" />
			<column name="status_id" valueNumeric="10501" />
			<column name="entity_id" valueNumeric="1" />
			<column name="deleted" valueNumeric="0" />
			<column name="item_id" valueNumeric="320104" />
			<column name="order_line_id" />
			<column name="notes" value="Bulk Upload" />
			<column name="optlock" valueNumeric="0" />
			<column name="group_id" />
			<column name="provisioning_status" />
			<column name="global" valueBoolean="true" />
		</insert>
		<insert tableName="asset">
			<column name="id" valueNumeric="8581" />
			<column name="identifier" value="8668071499" />
			<column name="create_datetime" valueDate="2014-10-22T23:18:48.541" />
			<column name="status_id" valueNumeric="10501" />
			<column name="entity_id" valueNumeric="1" />
			<column name="deleted" valueNumeric="0" />
			<column name="item_id" valueNumeric="320104" />
			<column name="order_line_id" />
			<column name="notes" value="Bulk Upload" />
			<column name="optlock" valueNumeric="0" />
			<column name="group_id" />
			<column name="provisioning_status" />
			<column name="global" valueBoolean="true" />
		</insert>
		<insert tableName="asset">
			<column name="id" valueNumeric="8582" />
			<column name="identifier" value="8668078394" />
			<column name="create_datetime" valueDate="2014-10-22T23:18:48.561" />
			<column name="status_id" valueNumeric="10501" />
			<column name="entity_id" valueNumeric="1" />
			<column name="deleted" valueNumeric="0" />
			<column name="item_id" valueNumeric="320104" />
			<column name="order_line_id" />
			<column name="notes" value="Bulk Upload" />
			<column name="optlock" valueNumeric="0" />
			<column name="group_id" />
			<column name="provisioning_status" />
			<column name="global" valueBoolean="true" />
		</insert>
		<insert tableName="asset">
			<column name="id" valueNumeric="8583" />
			<column name="identifier" value="8668091967" />
			<column name="create_datetime" valueDate="2014-10-22T23:18:48.568" />
			<column name="status_id" valueNumeric="10501" />
			<column name="entity_id" valueNumeric="1" />
			<column name="deleted" valueNumeric="0" />
			<column name="item_id" valueNumeric="320104" />
			<column name="order_line_id" />
			<column name="notes" value="Bulk Upload" />
			<column name="optlock" valueNumeric="0" />
			<column name="group_id" />
			<column name="provisioning_status" />
			<column name="global" valueBoolean="true" />
		</insert>
		<insert tableName="asset">
			<column name="id" valueNumeric="8584" />
			<column name="identifier" value="8668093127" />
			<column name="create_datetime" valueDate="2014-10-22T23:18:48.575" />
			<column name="status_id" valueNumeric="10501" />
			<column name="entity_id" valueNumeric="1" />
			<column name="deleted" valueNumeric="0" />
			<column name="item_id" valueNumeric="320104" />
			<column name="order_line_id" />
			<column name="notes" value="Bulk Upload" />
			<column name="optlock" valueNumeric="0" />
			<column name="group_id" />
			<column name="provisioning_status" />
			<column name="global" valueBoolean="true" />
		</insert>
		<insert tableName="asset">
			<column name="id" valueNumeric="8747" />
			<column name="identifier" value="8668546964" />
			<column name="create_datetime" valueDate="2014-10-22T23:18:52.989" />
			<column name="status_id" valueNumeric="10501" />
			<column name="entity_id" valueNumeric="1" />
			<column name="deleted" valueNumeric="0" />
			<column name="item_id" valueNumeric="320104" />
			<column name="order_line_id" />
			<column name="notes" value="Bulk Upload" />
			<column name="optlock" valueNumeric="0" />
			<column name="group_id" />
			<column name="provisioning_status" />
			<column name="global" valueBoolean="true" />
		</insert>
		<insert tableName="asset">
			<column name="id" valueNumeric="8748" />
			<column name="identifier" value="8668547467" />
			<column name="create_datetime" valueDate="2014-10-22T23:18:53.27" />
			<column name="status_id" valueNumeric="10501" />
			<column name="entity_id" valueNumeric="1" />
			<column name="deleted" valueNumeric="0" />
			<column name="item_id" valueNumeric="320104" />
			<column name="order_line_id" />
			<column name="notes" value="Bulk Upload" />
			<column name="optlock" valueNumeric="0" />
			<column name="group_id" />
			<column name="provisioning_status" />
			<column name="global" valueBoolean="true" />
		</insert>
		<insert tableName="asset">
			<column name="id" valueNumeric="8749" />
			<column name="identifier" value="8668547487" />
			<column name="create_datetime" valueDate="2014-10-22T23:18:53.42" />
			<column name="status_id" valueNumeric="10501" />
			<column name="entity_id" valueNumeric="1" />
			<column name="deleted" valueNumeric="0" />
			<column name="item_id" valueNumeric="320104" />
			<column name="order_line_id" />
			<column name="notes" value="Bulk Upload" />
			<column name="optlock" valueNumeric="0" />
			<column name="group_id" />
			<column name="provisioning_status" />
			<column name="global" valueBoolean="true" />
		</insert>
		<insert tableName="asset">
			<column name="id" valueNumeric="8750" />
			<column name="identifier" value="8668548987" />
			<column name="create_datetime" valueDate="2014-10-22T23:18:53.53" />
			<column name="status_id" valueNumeric="10501" />
			<column name="entity_id" valueNumeric="1" />
			<column name="deleted" valueNumeric="0" />
			<column name="item_id" valueNumeric="320104" />
			<column name="order_line_id" />
			<column name="notes" value="Bulk Upload" />
			<column name="optlock" valueNumeric="0" />
			<column name="group_id" />
			<column name="provisioning_status" />
			<column name="global" valueBoolean="true" />
		</insert>
		<insert tableName="asset">
			<column name="id" valueNumeric="8751" />
			<column name="identifier" value="8668549615" />
			<column name="create_datetime" valueDate="2014-10-22T23:18:53.223" />
			<column name="status_id" valueNumeric="10501" />
			<column name="entity_id" valueNumeric="1" />
			<column name="deleted" valueNumeric="0" />
			<column name="item_id" valueNumeric="320104" />
			<column name="order_line_id" />
			<column name="notes" value="Bulk Upload" />
			<column name="optlock" valueNumeric="0" />
			<column name="group_id" />
			<column name="provisioning_status" />
			<column name="global" valueBoolean="true" />
		</insert>
		<insert tableName="asset">
			<column name="id" valueNumeric="8752" />
			<column name="identifier" value="8668550453" />
			<column name="create_datetime" valueDate="2014-10-22T23:18:53.334" />
			<column name="status_id" valueNumeric="10501" />
			<column name="entity_id" valueNumeric="1" />
			<column name="deleted" valueNumeric="0" />
			<column name="item_id" valueNumeric="320104" />
			<column name="order_line_id" />
			<column name="notes" value="Bulk Upload" />
			<column name="optlock" valueNumeric="0" />
			<column name="group_id" />
			<column name="provisioning_status" />
			<column name="global" valueBoolean="true" />
		</insert>
		<insert tableName="asset">
			<column name="id" valueNumeric="8753" />
			<column name="identifier" value="8668550607" />
			<column name="create_datetime" valueDate="2014-10-22T23:18:53.375" />
			<column name="status_id" valueNumeric="10501" />
			<column name="entity_id" valueNumeric="1" />
			<column name="deleted" valueNumeric="0" />
			<column name="item_id" valueNumeric="320104" />
			<column name="order_line_id" />
			<column name="notes" value="Bulk Upload" />
			<column name="optlock" valueNumeric="0" />
			<column name="group_id" />
			<column name="provisioning_status" />
			<column name="global" valueBoolean="true" />
		</insert>
		<insert tableName="asset">
			<column name="id" valueNumeric="8754" />
			<column name="identifier" value="8668551392" />
			<column name="create_datetime" valueDate="2014-10-22T23:18:53.398" />
			<column name="status_id" valueNumeric="10501" />
			<column name="entity_id" valueNumeric="1" />
			<column name="deleted" valueNumeric="0" />
			<column name="item_id" valueNumeric="320104" />
			<column name="order_line_id" />
			<column name="notes" value="Bulk Upload" />
			<column name="optlock" valueNumeric="0" />
			<column name="group_id" />
			<column name="provisioning_status" />
			<column name="global" valueBoolean="true" />
		</insert>
		<insert tableName="asset">
			<column name="id" valueNumeric="8755" />
			<column name="identifier" value="8668551874" />
			<column name="create_datetime" valueDate="2014-10-22T23:18:53.434" />
			<column name="status_id" valueNumeric="10501" />
			<column name="entity_id" valueNumeric="1" />
			<column name="deleted" valueNumeric="0" />
			<column name="item_id" valueNumeric="320104" />
			<column name="order_line_id" />
			<column name="notes" value="Bulk Upload" />
			<column name="optlock" valueNumeric="0" />
			<column name="group_id" />
			<column name="provisioning_status" />
			<column name="global" valueBoolean="true" />
		</insert>
		<insert tableName="asset">
			<column name="id" valueNumeric="8756" />
			<column name="identifier" value="8668553658" />
			<column name="create_datetime" valueDate="2014-10-22T23:18:53.440" />
			<column name="status_id" valueNumeric="10501" />
			<column name="entity_id" valueNumeric="1" />
			<column name="deleted" valueNumeric="0" />
			<column name="item_id" valueNumeric="320104" />
			<column name="order_line_id" />
			<column name="notes" value="Bulk Upload" />
			<column name="optlock" valueNumeric="0" />
			<column name="group_id" />
			<column name="provisioning_status" />
			<column name="global" valueBoolean="true" />
		</insert>
		<insert tableName="asset">
			<column name="id" valueNumeric="8757" />
			<column name="identifier" value="8668553907" />
			<column name="create_datetime" valueDate="2014-10-22T23:18:53.453" />
			<column name="status_id" valueNumeric="10501" />
			<column name="entity_id" valueNumeric="1" />
			<column name="deleted" valueNumeric="0" />
			<column name="item_id" valueNumeric="320104" />
			<column name="order_line_id" />
			<column name="notes" value="Bulk Upload" />
			<column name="optlock" valueNumeric="0" />
			<column name="group_id" />
			<column name="provisioning_status" />
			<column name="global" valueBoolean="true" />
		</insert>
		<insert tableName="asset">
			<column name="id" valueNumeric="8758" />
			<column name="identifier" value="8668554075" />
			<column name="create_datetime" valueDate="2014-10-22T23:18:53.474" />
			<column name="status_id" valueNumeric="10501" />
			<column name="entity_id" valueNumeric="1" />
			<column name="deleted" valueNumeric="0" />
			<column name="item_id" valueNumeric="320104" />
			<column name="order_line_id" />
			<column name="notes" value="Bulk Upload" />
			<column name="optlock" valueNumeric="0" />
			<column name="group_id" />
			<column name="provisioning_status" />
			<column name="global" valueBoolean="true" />
		</insert>
		<insert tableName="asset">
			<column name="id" valueNumeric="8759" />
			<column name="identifier" value="8668558769" />
			<column name="create_datetime" valueDate="2014-10-22T23:18:53.486" />
			<column name="status_id" valueNumeric="10501" />
			<column name="entity_id" valueNumeric="1" />
			<column name="deleted" valueNumeric="0" />
			<column name="item_id" valueNumeric="320104" />
			<column name="order_line_id" />
			<column name="notes" value="Bulk Upload" />
			<column name="optlock" valueNumeric="0" />
			<column name="group_id" />
			<column name="provisioning_status" />
			<column name="global" valueBoolean="true" />
		</insert>
		<insert tableName="asset">
			<column name="id" valueNumeric="8760" />
			<column name="identifier" value="8668559515" />
			<column name="create_datetime" valueDate="2014-10-22T23:18:53.502" />
			<column name="status_id" valueNumeric="10501" />
			<column name="entity_id" valueNumeric="1" />
			<column name="deleted" valueNumeric="0" />
			<column name="item_id" valueNumeric="320104" />
			<column name="order_line_id" />
			<column name="notes" value="Bulk Upload" />
			<column name="optlock" valueNumeric="0" />
			<column name="group_id" />
			<column name="provisioning_status" />
			<column name="global" valueBoolean="true" />
		</insert>
		<insert tableName="asset">
			<column name="id" valueNumeric="8761" />
			<column name="identifier" value="8668559692" />
			<column name="create_datetime" valueDate="2014-10-22T23:18:53.526" />
			<column name="status_id" valueNumeric="10501" />
			<column name="entity_id" valueNumeric="1" />
			<column name="deleted" valueNumeric="0" />
			<column name="item_id" valueNumeric="320104" />
			<column name="order_line_id" />
			<column name="notes" value="Bulk Upload" />
			<column name="optlock" valueNumeric="0" />
			<column name="group_id" />
			<column name="provisioning_status" />
			<column name="global" valueBoolean="true" />
		</insert>
		<insert tableName="asset">
			<column name="id" valueNumeric="8762" />
			<column name="identifier" value="8668560658" />
			<column name="create_datetime" valueDate="2014-10-22T23:18:53.536" />
			<column name="status_id" valueNumeric="10501" />
			<column name="entity_id" valueNumeric="1" />
			<column name="deleted" valueNumeric="0" />
			<column name="item_id" valueNumeric="320104" />
			<column name="order_line_id" />
			<column name="notes" value="Bulk Upload" />
			<column name="optlock" valueNumeric="0" />
			<column name="group_id" />
			<column name="provisioning_status" />
			<column name="global" valueBoolean="true" />
		</insert>
		<insert tableName="asset">
			<column name="id" valueNumeric="8763" />
			<column name="identifier" value="8668561022" />
			<column name="create_datetime" valueDate="2014-10-22T23:18:53.543" />
			<column name="status_id" valueNumeric="10501" />
			<column name="entity_id" valueNumeric="1" />
			<column name="deleted" valueNumeric="0" />
			<column name="item_id" valueNumeric="320104" />
			<column name="order_line_id" />
			<column name="notes" value="Bulk Upload" />
			<column name="optlock" valueNumeric="0" />
			<column name="group_id" />
			<column name="provisioning_status" />
			<column name="global" valueBoolean="true" />
		</insert>
		<insert tableName="asset">
			<column name="id" valueNumeric="8764" />
			<column name="identifier" value="8668561025" />
			<column name="create_datetime" valueDate="2014-10-22T23:18:53.572" />
			<column name="status_id" valueNumeric="10501" />
			<column name="entity_id" valueNumeric="1" />
			<column name="deleted" valueNumeric="0" />
			<column name="item_id" valueNumeric="320104" />
			<column name="order_line_id" />
			<column name="notes" value="Bulk Upload" />
			<column name="optlock" valueNumeric="0" />
			<column name="group_id" />
			<column name="provisioning_status" />
			<column name="global" valueBoolean="true" />
		</insert>
		<insert tableName="asset">
			<column name="id" valueNumeric="8765" />
			<column name="identifier" value="8668561059" />
			<column name="create_datetime" valueDate="2014-10-22T23:18:53.639" />
			<column name="status_id" valueNumeric="10501" />
			<column name="entity_id" valueNumeric="1" />
			<column name="deleted" valueNumeric="0" />
			<column name="item_id" valueNumeric="320104" />
			<column name="order_line_id" />
			<column name="notes" value="Bulk Upload" />
			<column name="optlock" valueNumeric="0" />
			<column name="group_id" />
			<column name="provisioning_status" />
			<column name="global" valueBoolean="true" />
		</insert>
		<insert tableName="asset">
			<column name="id" valueNumeric="8766" />
			<column name="identifier" value="8668562236" />
			<column name="create_datetime" valueDate="2014-10-22T23:18:53.648" />
			<column name="status_id" valueNumeric="10501" />
			<column name="entity_id" valueNumeric="1" />
			<column name="deleted" valueNumeric="0" />
			<column name="item_id" valueNumeric="320104" />
			<column name="order_line_id" />
			<column name="notes" value="Bulk Upload" />
			<column name="optlock" valueNumeric="0" />
			<column name="group_id" />
			<column name="provisioning_status" />
			<column name="global" valueBoolean="true" />
		</insert>
		<insert tableName="asset">
			<column name="id" valueNumeric="8767" />
			<column name="identifier" value="8668562909" />
			<column name="create_datetime" valueDate="2014-10-22T23:18:53.881" />
			<column name="status_id" valueNumeric="10501" />
			<column name="entity_id" valueNumeric="1" />
			<column name="deleted" valueNumeric="0" />
			<column name="item_id" valueNumeric="320104" />
			<column name="order_line_id" />
			<column name="notes" value="Bulk Upload" />
			<column name="optlock" valueNumeric="0" />
			<column name="group_id" />
			<column name="provisioning_status" />
			<column name="global" valueBoolean="true" />
		</insert>
		<insert tableName="asset">
			<column name="id" valueNumeric="8768" />
			<column name="identifier" value="8668563663" />
			<column name="create_datetime" valueDate="2014-10-22T23:18:53.898" />
			<column name="status_id" valueNumeric="10501" />
			<column name="entity_id" valueNumeric="1" />
			<column name="deleted" valueNumeric="0" />
			<column name="item_id" valueNumeric="320104" />
			<column name="order_line_id" />
			<column name="notes" value="Bulk Upload" />
			<column name="optlock" valueNumeric="0" />
			<column name="group_id" />
			<column name="provisioning_status" />
			<column name="global" valueBoolean="true" />
		</insert>
		<insert tableName="asset">
			<column name="id" valueNumeric="8769" />
			<column name="identifier" value="8668563767" />
			<column name="create_datetime" valueDate="2014-10-22T23:18:53.923" />
			<column name="status_id" valueNumeric="10501" />
			<column name="entity_id" valueNumeric="1" />
			<column name="deleted" valueNumeric="0" />
			<column name="item_id" valueNumeric="320104" />
			<column name="order_line_id" />
			<column name="notes" value="Bulk Upload" />
			<column name="optlock" valueNumeric="0" />
			<column name="group_id" />
			<column name="provisioning_status" />
			<column name="global" valueBoolean="true" />
		</insert>
		<insert tableName="asset">
			<column name="id" valueNumeric="8770" />
			<column name="identifier" value="8668563875" />
			<column name="create_datetime" valueDate="2014-10-22T23:18:53.929" />
			<column name="status_id" valueNumeric="10501" />
			<column name="entity_id" valueNumeric="1" />
			<column name="deleted" valueNumeric="0" />
			<column name="item_id" valueNumeric="320104" />
			<column name="order_line_id" />
			<column name="notes" value="Bulk Upload" />
			<column name="optlock" valueNumeric="0" />
			<column name="group_id" />
			<column name="provisioning_status" />
			<column name="global" valueBoolean="true" />
		</insert>
		<insert tableName="asset">
			<column name="id" valueNumeric="8771" />
			<column name="identifier" value="8668564064" />
			<column name="create_datetime" valueDate="2014-10-22T23:18:53.948" />
			<column name="status_id" valueNumeric="10501" />
			<column name="entity_id" valueNumeric="1" />
			<column name="deleted" valueNumeric="0" />
			<column name="item_id" valueNumeric="320104" />
			<column name="order_line_id" />
			<column name="notes" value="Bulk Upload" />
			<column name="optlock" valueNumeric="0" />
			<column name="group_id" />
			<column name="provisioning_status" />
			<column name="global" valueBoolean="true" />
		</insert>
		<insert tableName="asset">
			<column name="id" valueNumeric="8772" />
			<column name="identifier" value="8668564070" />
			<column name="create_datetime" valueDate="2014-10-22T23:18:54.65" />
			<column name="status_id" valueNumeric="10501" />
			<column name="entity_id" valueNumeric="1" />
			<column name="deleted" valueNumeric="0" />
			<column name="item_id" valueNumeric="320104" />
			<column name="order_line_id" />
			<column name="notes" value="Bulk Upload" />
			<column name="optlock" valueNumeric="0" />
			<column name="group_id" />
			<column name="provisioning_status" />
			<column name="global" valueBoolean="true" />
		</insert>
		<insert tableName="asset">
			<column name="id" valueNumeric="8773" />
			<column name="identifier" value="8668565913" />
			<column name="create_datetime" valueDate="2014-10-22T23:18:54.85" />
			<column name="status_id" valueNumeric="10501" />
			<column name="entity_id" valueNumeric="1" />
			<column name="deleted" valueNumeric="0" />
			<column name="item_id" valueNumeric="320104" />
			<column name="order_line_id" />
			<column name="notes" value="Bulk Upload" />
			<column name="optlock" valueNumeric="0" />
			<column name="group_id" />
			<column name="provisioning_status" />
			<column name="global" valueBoolean="true" />
		</insert>
		<insert tableName="asset">
			<column name="id" valueNumeric="8774" />
			<column name="identifier" value="8668566239" />
			<column name="create_datetime" valueDate="2014-10-22T23:18:54.166" />
			<column name="status_id" valueNumeric="10501" />
			<column name="entity_id" valueNumeric="1" />
			<column name="deleted" valueNumeric="0" />
			<column name="item_id" valueNumeric="320104" />
			<column name="order_line_id" />
			<column name="notes" value="Bulk Upload" />
			<column name="optlock" valueNumeric="0" />
			<column name="group_id" />
			<column name="provisioning_status" />
			<column name="global" valueBoolean="true" />
		</insert>
		<insert tableName="asset">
			<column name="id" valueNumeric="8775" />
			<column name="identifier" value="8668567232" />
			<column name="create_datetime" valueDate="2014-10-22T23:18:54.172" />
			<column name="status_id" valueNumeric="10501" />
			<column name="entity_id" valueNumeric="1" />
			<column name="deleted" valueNumeric="0" />
			<column name="item_id" valueNumeric="320104" />
			<column name="order_line_id" />
			<column name="notes" value="Bulk Upload" />
			<column name="optlock" valueNumeric="0" />
			<column name="group_id" />
			<column name="provisioning_status" />
			<column name="global" valueBoolean="true" />
		</insert>
		<insert tableName="asset">
			<column name="id" valueNumeric="8776" />
			<column name="identifier" value="8668567806" />
			<column name="create_datetime" valueDate="2014-10-22T23:18:54.188" />
			<column name="status_id" valueNumeric="10501" />
			<column name="entity_id" valueNumeric="1" />
			<column name="deleted" valueNumeric="0" />
			<column name="item_id" valueNumeric="320104" />
			<column name="order_line_id" />
			<column name="notes" value="Bulk Upload" />
			<column name="optlock" valueNumeric="0" />
			<column name="group_id" />
			<column name="provisioning_status" />
			<column name="global" valueBoolean="true" />
		</insert>
		<insert tableName="asset">
			<column name="id" valueNumeric="8777" />
			<column name="identifier" value="8668567854" />
			<column name="create_datetime" valueDate="2014-10-22T23:18:54.198" />
			<column name="status_id" valueNumeric="10501" />
			<column name="entity_id" valueNumeric="1" />
			<column name="deleted" valueNumeric="0" />
			<column name="item_id" valueNumeric="320104" />
			<column name="order_line_id" />
			<column name="notes" value="Bulk Upload" />
			<column name="optlock" valueNumeric="0" />
			<column name="group_id" />
			<column name="provisioning_status" />
			<column name="global" valueBoolean="true" />
		</insert>
		<insert tableName="asset">
			<column name="id" valueNumeric="8778" />
			<column name="identifier" value="8668567855" />
			<column name="create_datetime" valueDate="2014-10-22T23:18:54.336" />
			<column name="status_id" valueNumeric="10501" />
			<column name="entity_id" valueNumeric="1" />
			<column name="deleted" valueNumeric="0" />
			<column name="item_id" valueNumeric="320104" />
			<column name="order_line_id" />
			<column name="notes" value="Bulk Upload" />
			<column name="optlock" valueNumeric="0" />
			<column name="group_id" />
			<column name="provisioning_status" />
			<column name="global" valueBoolean="true" />
		</insert>
		<insert tableName="asset">
			<column name="id" valueNumeric="8779" />
			<column name="identifier" value="8668567865" />
			<column name="create_datetime" valueDate="2014-10-22T23:18:54.343" />
			<column name="status_id" valueNumeric="10501" />
			<column name="entity_id" valueNumeric="1" />
			<column name="deleted" valueNumeric="0" />
			<column name="item_id" valueNumeric="320104" />
			<column name="order_line_id" />
			<column name="notes" value="Bulk Upload" />
			<column name="optlock" valueNumeric="0" />
			<column name="group_id" />
			<column name="provisioning_status" />
			<column name="global" valueBoolean="true" />
		</insert>
		<insert tableName="asset">
			<column name="id" valueNumeric="8780" />
			<column name="identifier" value="8668570065" />
			<column name="create_datetime" valueDate="2014-10-22T23:18:54.353" />
			<column name="status_id" valueNumeric="10501" />
			<column name="entity_id" valueNumeric="1" />
			<column name="deleted" valueNumeric="0" />
			<column name="item_id" valueNumeric="320104" />
			<column name="order_line_id" />
			<column name="notes" value="Bulk Upload" />
			<column name="optlock" valueNumeric="0" />
			<column name="group_id" />
			<column name="provisioning_status" />
			<column name="global" valueBoolean="true" />
		</insert>
		<insert tableName="asset">
			<column name="id" valueNumeric="8781" />
			<column name="identifier" value="8668570280" />
			<column name="create_datetime" valueDate="2014-10-22T23:18:54.367" />
			<column name="status_id" valueNumeric="10501" />
			<column name="entity_id" valueNumeric="1" />
			<column name="deleted" valueNumeric="0" />
			<column name="item_id" valueNumeric="320104" />
			<column name="order_line_id" />
			<column name="notes" value="Bulk Upload" />
			<column name="optlock" valueNumeric="0" />
			<column name="group_id" />
			<column name="provisioning_status" />
			<column name="global" valueBoolean="true" />
		</insert>
		<insert tableName="asset">
			<column name="id" valueNumeric="8825" />
			<column name="identifier" value="8668597057" />
			<column name="create_datetime" valueDate="2014-10-22T23:18:55.396" />
			<column name="status_id" valueNumeric="10501" />
			<column name="entity_id" valueNumeric="1" />
			<column name="deleted" valueNumeric="0" />
			<column name="item_id" valueNumeric="320104" />
			<column name="order_line_id" />
			<column name="notes" value="Bulk Upload" />
			<column name="optlock" valueNumeric="0" />
			<column name="group_id" />
			<column name="provisioning_status" />
			<column name="global" valueBoolean="true" />
		</insert>
		<insert tableName="asset">
			<column name="id" valueNumeric="8826" />
			<column name="identifier" value="8668597942" />
			<column name="create_datetime" valueDate="2014-10-22T23:18:55.409" />
			<column name="status_id" valueNumeric="10501" />
			<column name="entity_id" valueNumeric="1" />
			<column name="deleted" valueNumeric="0" />
			<column name="item_id" valueNumeric="320104" />
			<column name="order_line_id" />
			<column name="notes" value="Bulk Upload" />
			<column name="optlock" valueNumeric="0" />
			<column name="group_id" />
			<column name="provisioning_status" />
			<column name="global" valueBoolean="true" />
		</insert>
		<insert tableName="asset">
			<column name="id" valueNumeric="8827" />
			<column name="identifier" value="8668598697" />
			<column name="create_datetime" valueDate="2014-10-22T23:18:55.701" />
			<column name="status_id" valueNumeric="10501" />
			<column name="entity_id" valueNumeric="1" />
			<column name="deleted" valueNumeric="0" />
			<column name="item_id" valueNumeric="320104" />
			<column name="order_line_id" />
			<column name="notes" value="Bulk Upload" />
			<column name="optlock" valueNumeric="0" />
			<column name="group_id" />
			<column name="provisioning_status" />
			<column name="global" valueBoolean="true" />
		</insert>
		<insert tableName="asset">
			<column name="id" valueNumeric="8828" />
			<column name="identifier" value="8668598881" />
			<column name="create_datetime" valueDate="2014-10-22T23:18:55.710" />
			<column name="status_id" valueNumeric="10501" />
			<column name="entity_id" valueNumeric="1" />
			<column name="deleted" valueNumeric="0" />
			<column name="item_id" valueNumeric="320104" />
			<column name="order_line_id" />
			<column name="notes" value="Bulk Upload" />
			<column name="optlock" valueNumeric="0" />
			<column name="group_id" />
			<column name="provisioning_status" />
			<column name="global" valueBoolean="true" />
		</insert>
		<insert tableName="asset">
			<column name="id" valueNumeric="8829" />
			<column name="identifier" value="8668598998" />
			<column name="create_datetime" valueDate="2014-10-22T23:18:55.717" />
			<column name="status_id" valueNumeric="10501" />
			<column name="entity_id" valueNumeric="1" />
			<column name="deleted" valueNumeric="0" />
			<column name="item_id" valueNumeric="320104" />
			<column name="order_line_id" />
			<column name="notes" value="Bulk Upload" />
			<column name="optlock" valueNumeric="0" />
			<column name="group_id" />
			<column name="provisioning_status" />
			<column name="global" valueBoolean="true" />
		</insert>
		<insert tableName="asset">
			<column name="id" valueNumeric="8830" />
			<column name="identifier" value="8668599163" />
			<column name="create_datetime" valueDate="2014-10-22T23:18:55.736" />
			<column name="status_id" valueNumeric="10501" />
			<column name="entity_id" valueNumeric="1" />
			<column name="deleted" valueNumeric="0" />
			<column name="item_id" valueNumeric="320104" />
			<column name="order_line_id" />
			<column name="notes" value="Bulk Upload" />
			<column name="optlock" valueNumeric="0" />
			<column name="group_id" />
			<column name="provisioning_status" />
			<column name="global" valueBoolean="true" />
		</insert>
		<insert tableName="asset">
			<column name="id" valueNumeric="8831" />
			<column name="identifier" value="8668599182" />
			<column name="create_datetime" valueDate="2014-10-22T23:18:55.747" />
			<column name="status_id" valueNumeric="10501" />
			<column name="entity_id" valueNumeric="1" />
			<column name="deleted" valueNumeric="0" />
			<column name="item_id" valueNumeric="320104" />
			<column name="order_line_id" />
			<column name="notes" value="Bulk Upload" />
			<column name="optlock" valueNumeric="0" />
			<column name="group_id" />
			<column name="provisioning_status" />
			<column name="global" valueBoolean="true" />
		</insert>
		<insert tableName="asset">
			<column name="id" valueNumeric="8832" />
			<column name="identifier" value="8668600240" />
			<column name="create_datetime" valueDate="2014-10-22T23:18:55.769" />
			<column name="status_id" valueNumeric="10501" />
			<column name="entity_id" valueNumeric="1" />
			<column name="deleted" valueNumeric="0" />
			<column name="item_id" valueNumeric="320104" />
			<column name="order_line_id" />
			<column name="notes" value="Bulk Upload" />
			<column name="optlock" valueNumeric="0" />
			<column name="group_id" />
			<column name="provisioning_status" />
			<column name="global" valueBoolean="true" />
		</insert>
		<insert tableName="asset">
			<column name="id" valueNumeric="8833" />
			<column name="identifier" value="8668601350" />
			<column name="create_datetime" valueDate="2014-10-22T23:18:55.775" />
			<column name="status_id" valueNumeric="10501" />
			<column name="entity_id" valueNumeric="1" />
			<column name="deleted" valueNumeric="0" />
			<column name="item_id" valueNumeric="320104" />
			<column name="order_line_id" />
			<column name="notes" value="Bulk Upload" />
			<column name="optlock" valueNumeric="0" />
			<column name="group_id" />
			<column name="provisioning_status" />
			<column name="global" valueBoolean="true" />
		</insert>
		<insert tableName="asset">
			<column name="id" valueNumeric="8834" />
			<column name="identifier" value="8668601929" />
			<column name="create_datetime" valueDate="2014-10-22T23:18:55.781" />
			<column name="status_id" valueNumeric="10501" />
			<column name="entity_id" valueNumeric="1" />
			<column name="deleted" valueNumeric="0" />
			<column name="item_id" valueNumeric="320104" />
			<column name="order_line_id" />
			<column name="notes" value="Bulk Upload" />
			<column name="optlock" valueNumeric="0" />
			<column name="group_id" />
			<column name="provisioning_status" />
			<column name="global" valueBoolean="true" />
		</insert>
		<insert tableName="asset">
			<column name="id" valueNumeric="8331" />
			<column name="identifier" value="8667147223" />
			<column name="create_datetime" valueDate="2014-10-22T23:18:41.671" />
			<column name="status_id" valueNumeric="10501" />
			<column name="entity_id" valueNumeric="1" />
			<column name="deleted" valueNumeric="0" />
			<column name="item_id" valueNumeric="320104" />
			<column name="order_line_id" />
			<column name="notes" value="Bulk Upload" />
			<column name="optlock" valueNumeric="0" />
			<column name="group_id" />
			<column name="provisioning_status" />
			<column name="global" valueBoolean="true" />
		</insert>
		<insert tableName="asset">
			<column name="id" valueNumeric="8332" />
			<column name="identifier" value="8667148622" />
			<column name="create_datetime" valueDate="2014-10-22T23:18:41.693" />
			<column name="status_id" valueNumeric="10501" />
			<column name="entity_id" valueNumeric="1" />
			<column name="deleted" valueNumeric="0" />
			<column name="item_id" valueNumeric="320104" />
			<column name="order_line_id" />
			<column name="notes" value="Bulk Upload" />
			<column name="optlock" valueNumeric="0" />
			<column name="group_id" />
			<column name="provisioning_status" />
			<column name="global" valueBoolean="true" />
		</insert>
		<insert tableName="asset">
			<column name="id" valueNumeric="8333" />
			<column name="identifier" value="8667150086" />
			<column name="create_datetime" valueDate="2014-10-22T23:18:41.708" />
			<column name="status_id" valueNumeric="10501" />
			<column name="entity_id" valueNumeric="1" />
			<column name="deleted" valueNumeric="0" />
			<column name="item_id" valueNumeric="320104" />
			<column name="order_line_id" />
			<column name="notes" value="Bulk Upload" />
			<column name="optlock" valueNumeric="0" />
			<column name="group_id" />
			<column name="provisioning_status" />
			<column name="global" valueBoolean="true" />
		</insert>
		<insert tableName="asset">
			<column name="id" valueNumeric="8334" />
			<column name="identifier" value="8667156634" />
			<column name="create_datetime" valueDate="2014-10-22T23:18:41.729" />
			<column name="status_id" valueNumeric="10501" />
			<column name="entity_id" valueNumeric="1" />
			<column name="deleted" valueNumeric="0" />
			<column name="item_id" valueNumeric="320104" />
			<column name="order_line_id" />
			<column name="notes" value="Bulk Upload" />
			<column name="optlock" valueNumeric="0" />
			<column name="group_id" />
			<column name="provisioning_status" />
			<column name="global" valueBoolean="true" />
		</insert>
		<insert tableName="asset">
			<column name="id" valueNumeric="8335" />
			<column name="identifier" value="8667163408" />
			<column name="create_datetime" valueDate="2014-10-22T23:18:41.740" />
			<column name="status_id" valueNumeric="10501" />
			<column name="entity_id" valueNumeric="1" />
			<column name="deleted" valueNumeric="0" />
			<column name="item_id" valueNumeric="320104" />
			<column name="order_line_id" />
			<column name="notes" value="Bulk Upload" />
			<column name="optlock" valueNumeric="0" />
			<column name="group_id" />
			<column name="provisioning_status" />
			<column name="global" valueBoolean="true" />
		</insert>
		<insert tableName="asset">
			<column name="id" valueNumeric="8336" />
			<column name="identifier" value="8667163414" />
			<column name="create_datetime" valueDate="2014-10-22T23:18:41.747" />
			<column name="status_id" valueNumeric="10501" />
			<column name="entity_id" valueNumeric="1" />
			<column name="deleted" valueNumeric="0" />
			<column name="item_id" valueNumeric="320104" />
			<column name="order_line_id" />
			<column name="notes" value="Bulk Upload" />
			<column name="optlock" valueNumeric="0" />
			<column name="group_id" />
			<column name="provisioning_status" />
			<column name="global" valueBoolean="true" />
		</insert>
		<insert tableName="asset">
			<column name="id" valueNumeric="8337" />
			<column name="identifier" value="8667172693" />
			<column name="create_datetime" valueDate="2014-10-22T23:18:41.753" />
			<column name="status_id" valueNumeric="10501" />
			<column name="entity_id" valueNumeric="1" />
			<column name="deleted" valueNumeric="0" />
			<column name="item_id" valueNumeric="320104" />
			<column name="order_line_id" />
			<column name="notes" value="Bulk Upload" />
			<column name="optlock" valueNumeric="0" />
			<column name="group_id" />
			<column name="provisioning_status" />
			<column name="global" valueBoolean="true" />
		</insert>
		<insert tableName="asset">
			<column name="id" valueNumeric="8338" />
			<column name="identifier" value="8667182936" />
			<column name="create_datetime" valueDate="2014-10-22T23:18:41.759" />
			<column name="status_id" valueNumeric="10501" />
			<column name="entity_id" valueNumeric="1" />
			<column name="deleted" valueNumeric="0" />
			<column name="item_id" valueNumeric="320104" />
			<column name="order_line_id" />
			<column name="notes" value="Bulk Upload" />
			<column name="optlock" valueNumeric="0" />
			<column name="group_id" />
			<column name="provisioning_status" />
			<column name="global" valueBoolean="true" />
		</insert>
		<insert tableName="asset">
			<column name="id" valueNumeric="8339" />
			<column name="identifier" value="8667184530" />
			<column name="create_datetime" valueDate="2014-10-22T23:18:41.766" />
			<column name="status_id" valueNumeric="10501" />
			<column name="entity_id" valueNumeric="1" />
			<column name="deleted" valueNumeric="0" />
			<column name="item_id" valueNumeric="320104" />
			<column name="order_line_id" />
			<column name="notes" value="Bulk Upload" />
			<column name="optlock" valueNumeric="0" />
			<column name="group_id" />
			<column name="provisioning_status" />
			<column name="global" valueBoolean="true" />
		</insert>
		<insert tableName="asset">
			<column name="id" valueNumeric="8340" />
			<column name="identifier" value="8667184534" />
			<column name="create_datetime" valueDate="2014-10-22T23:18:41.785" />
			<column name="status_id" valueNumeric="10501" />
			<column name="entity_id" valueNumeric="1" />
			<column name="deleted" valueNumeric="0" />
			<column name="item_id" valueNumeric="320104" />
			<column name="order_line_id" />
			<column name="notes" value="Bulk Upload" />
			<column name="optlock" valueNumeric="0" />
			<column name="group_id" />
			<column name="provisioning_status" />
			<column name="global" valueBoolean="true" />
		</insert>
		<insert tableName="asset">
			<column name="id" valueNumeric="8341" />
			<column name="identifier" value="8667191033" />
			<column name="create_datetime" valueDate="2014-10-22T23:18:41.802" />
			<column name="status_id" valueNumeric="10501" />
			<column name="entity_id" valueNumeric="1" />
			<column name="deleted" valueNumeric="0" />
			<column name="item_id" valueNumeric="320104" />
			<column name="order_line_id" />
			<column name="notes" value="Bulk Upload" />
			<column name="optlock" valueNumeric="0" />
			<column name="group_id" />
			<column name="provisioning_status" />
			<column name="global" valueBoolean="true" />
		</insert>
		<insert tableName="asset">
			<column name="id" valueNumeric="8342" />
			<column name="identifier" value="8667193812" />
			<column name="create_datetime" valueDate="2014-10-22T23:18:41.833" />
			<column name="status_id" valueNumeric="10501" />
			<column name="entity_id" valueNumeric="1" />
			<column name="deleted" valueNumeric="0" />
			<column name="item_id" valueNumeric="320104" />
			<column name="order_line_id" />
			<column name="notes" value="Bulk Upload" />
			<column name="optlock" valueNumeric="0" />
			<column name="group_id" />
			<column name="provisioning_status" />
			<column name="global" valueBoolean="true" />
		</insert>
		<insert tableName="asset">
			<column name="id" valueNumeric="8343" />
			<column name="identifier" value="8667195049" />
			<column name="create_datetime" valueDate="2014-10-22T23:18:41.878" />
			<column name="status_id" valueNumeric="10501" />
			<column name="entity_id" valueNumeric="1" />
			<column name="deleted" valueNumeric="0" />
			<column name="item_id" valueNumeric="320104" />
			<column name="order_line_id" />
			<column name="notes" value="Bulk Upload" />
			<column name="optlock" valueNumeric="0" />
			<column name="group_id" />
			<column name="provisioning_status" />
			<column name="global" valueBoolean="true" />
		</insert>
		<insert tableName="asset">
			<column name="id" valueNumeric="8344" />
			<column name="identifier" value="8667204861" />
			<column name="create_datetime" valueDate="2014-10-22T23:18:41.885" />
			<column name="status_id" valueNumeric="10501" />
			<column name="entity_id" valueNumeric="1" />
			<column name="deleted" valueNumeric="0" />
			<column name="item_id" valueNumeric="320104" />
			<column name="order_line_id" />
			<column name="notes" value="Bulk Upload" />
			<column name="optlock" valueNumeric="0" />
			<column name="group_id" />
			<column name="provisioning_status" />
			<column name="global" valueBoolean="true" />
		</insert>
		<insert tableName="asset">
			<column name="id" valueNumeric="8345" />
			<column name="identifier" value="8667211097" />
			<column name="create_datetime" valueDate="2014-10-22T23:18:41.901" />
			<column name="status_id" valueNumeric="10501" />
			<column name="entity_id" valueNumeric="1" />
			<column name="deleted" valueNumeric="0" />
			<column name="item_id" valueNumeric="320104" />
			<column name="order_line_id" />
			<column name="notes" value="Bulk Upload" />
			<column name="optlock" valueNumeric="0" />
			<column name="group_id" />
			<column name="provisioning_status" />
			<column name="global" valueBoolean="true" />
		</insert>
		<insert tableName="asset">
			<column name="id" valueNumeric="8346" />
			<column name="identifier" value="8667212524" />
			<column name="create_datetime" valueDate="2014-10-22T23:18:41.919" />
			<column name="status_id" valueNumeric="10501" />
			<column name="entity_id" valueNumeric="1" />
			<column name="deleted" valueNumeric="0" />
			<column name="item_id" valueNumeric="320104" />
			<column name="order_line_id" />
			<column name="notes" value="Bulk Upload" />
			<column name="optlock" valueNumeric="0" />
			<column name="group_id" />
			<column name="provisioning_status" />
			<column name="global" valueBoolean="true" />
		</insert>
		<insert tableName="asset">
			<column name="id" valueNumeric="8347" />
			<column name="identifier" value="8667212924" />
			<column name="create_datetime" valueDate="2014-10-22T23:18:41.926" />
			<column name="status_id" valueNumeric="10501" />
			<column name="entity_id" valueNumeric="1" />
			<column name="deleted" valueNumeric="0" />
			<column name="item_id" valueNumeric="320104" />
			<column name="order_line_id" />
			<column name="notes" value="Bulk Upload" />
			<column name="optlock" valueNumeric="0" />
			<column name="group_id" />
			<column name="provisioning_status" />
			<column name="global" valueBoolean="true" />
		</insert>
		<insert tableName="asset">
			<column name="id" valueNumeric="8348" />
			<column name="identifier" value="8667220375" />
			<column name="create_datetime" valueDate="2014-10-22T23:18:41.977" />
			<column name="status_id" valueNumeric="10501" />
			<column name="entity_id" valueNumeric="1" />
			<column name="deleted" valueNumeric="0" />
			<column name="item_id" valueNumeric="320104" />
			<column name="order_line_id" />
			<column name="notes" value="Bulk Upload" />
			<column name="optlock" valueNumeric="0" />
			<column name="group_id" />
			<column name="provisioning_status" />
			<column name="global" valueBoolean="true" />
		</insert>
		<insert tableName="asset">
			<column name="id" valueNumeric="8349" />
			<column name="identifier" value="8667222034" />
			<column name="create_datetime" valueDate="2014-10-22T23:18:42.129" />
			<column name="status_id" valueNumeric="10501" />
			<column name="entity_id" valueNumeric="1" />
			<column name="deleted" valueNumeric="0" />
			<column name="item_id" valueNumeric="320104" />
			<column name="order_line_id" />
			<column name="notes" value="Bulk Upload" />
			<column name="optlock" valueNumeric="0" />
			<column name="group_id" />
			<column name="provisioning_status" />
			<column name="global" valueBoolean="true" />
		</insert>
		<insert tableName="asset">
			<column name="id" valueNumeric="8350" />
			<column name="identifier" value="8667240501" />
			<column name="create_datetime" valueDate="2014-10-22T23:18:42.157" />
			<column name="status_id" valueNumeric="10501" />
			<column name="entity_id" valueNumeric="1" />
			<column name="deleted" valueNumeric="0" />
			<column name="item_id" valueNumeric="320104" />
			<column name="order_line_id" />
			<column name="notes" value="Bulk Upload" />
			<column name="optlock" valueNumeric="0" />
			<column name="group_id" />
			<column name="provisioning_status" />
			<column name="global" valueBoolean="true" />
		</insert>
		<insert tableName="asset">
			<column name="id" valueNumeric="8351" />
			<column name="identifier" value="8667240932" />
			<column name="create_datetime" valueDate="2014-10-22T23:18:42.237" />
			<column name="status_id" valueNumeric="10501" />
			<column name="entity_id" valueNumeric="1" />
			<column name="deleted" valueNumeric="0" />
			<column name="item_id" valueNumeric="320104" />
			<column name="order_line_id" />
			<column name="notes" value="Bulk Upload" />
			<column name="optlock" valueNumeric="0" />
			<column name="group_id" />
			<column name="provisioning_status" />
			<column name="global" valueBoolean="true" />
		</insert>
		<insert tableName="asset">
			<column name="id" valueNumeric="8352" />
			<column name="identifier" value="8667241367" />
			<column name="create_datetime" valueDate="2014-10-22T23:18:42.269" />
			<column name="status_id" valueNumeric="10501" />
			<column name="entity_id" valueNumeric="1" />
			<column name="deleted" valueNumeric="0" />
			<column name="item_id" valueNumeric="320104" />
			<column name="order_line_id" />
			<column name="notes" value="Bulk Upload" />
			<column name="optlock" valueNumeric="0" />
			<column name="group_id" />
			<column name="provisioning_status" />
			<column name="global" valueBoolean="true" />
		</insert>
		<insert tableName="asset">
			<column name="id" valueNumeric="8353" />
			<column name="identifier" value="8667242213" />
			<column name="create_datetime" valueDate="2014-10-22T23:18:42.430" />
			<column name="status_id" valueNumeric="10501" />
			<column name="entity_id" valueNumeric="1" />
			<column name="deleted" valueNumeric="0" />
			<column name="item_id" valueNumeric="320104" />
			<column name="order_line_id" />
			<column name="notes" value="Bulk Upload" />
			<column name="optlock" valueNumeric="0" />
			<column name="group_id" />
			<column name="provisioning_status" />
			<column name="global" valueBoolean="true" />
		</insert>
		<insert tableName="asset">
			<column name="id" valueNumeric="8354" />
			<column name="identifier" value="8667248326" />
			<column name="create_datetime" valueDate="2014-10-22T23:18:42.466" />
			<column name="status_id" valueNumeric="10501" />
			<column name="entity_id" valueNumeric="1" />
			<column name="deleted" valueNumeric="0" />
			<column name="item_id" valueNumeric="320104" />
			<column name="order_line_id" />
			<column name="notes" value="Bulk Upload" />
			<column name="optlock" valueNumeric="0" />
			<column name="group_id" />
			<column name="provisioning_status" />
			<column name="global" valueBoolean="true" />
		</insert>
		<insert tableName="asset">
			<column name="id" valueNumeric="8355" />
			<column name="identifier" value="8667248333" />
			<column name="create_datetime" valueDate="2014-10-22T23:18:42.496" />
			<column name="status_id" valueNumeric="10501" />
			<column name="entity_id" valueNumeric="1" />
			<column name="deleted" valueNumeric="0" />
			<column name="item_id" valueNumeric="320104" />
			<column name="order_line_id" />
			<column name="notes" value="Bulk Upload" />
			<column name="optlock" valueNumeric="0" />
			<column name="group_id" />
			<column name="provisioning_status" />
			<column name="global" valueBoolean="true" />
		</insert>
		<insert tableName="asset">
			<column name="id" valueNumeric="8356" />
			<column name="identifier" value="8667251505" />
			<column name="create_datetime" valueDate="2014-10-22T23:18:42.512" />
			<column name="status_id" valueNumeric="10501" />
			<column name="entity_id" valueNumeric="1" />
			<column name="deleted" valueNumeric="0" />
			<column name="item_id" valueNumeric="320104" />
			<column name="order_line_id" />
			<column name="notes" value="Bulk Upload" />
			<column name="optlock" valueNumeric="0" />
			<column name="group_id" />
			<column name="provisioning_status" />
			<column name="global" valueBoolean="true" />
		</insert>
		<insert tableName="asset">
			<column name="id" valueNumeric="8357" />
			<column name="identifier" value="8667252249" />
			<column name="create_datetime" valueDate="2014-10-22T23:18:42.520" />
			<column name="status_id" valueNumeric="10501" />
			<column name="entity_id" valueNumeric="1" />
			<column name="deleted" valueNumeric="0" />
			<column name="item_id" valueNumeric="320104" />
			<column name="order_line_id" />
			<column name="notes" value="Bulk Upload" />
			<column name="optlock" valueNumeric="0" />
			<column name="group_id" />
			<column name="provisioning_status" />
			<column name="global" valueBoolean="true" />
		</insert>
		<insert tableName="asset">
			<column name="id" valueNumeric="8358" />
			<column name="identifier" value="8667254563" />
			<column name="create_datetime" valueDate="2014-10-22T23:18:42.528" />
			<column name="status_id" valueNumeric="10501" />
			<column name="entity_id" valueNumeric="1" />
			<column name="deleted" valueNumeric="0" />
			<column name="item_id" valueNumeric="320104" />
			<column name="order_line_id" />
			<column name="notes" value="Bulk Upload" />
			<column name="optlock" valueNumeric="0" />
			<column name="group_id" />
			<column name="provisioning_status" />
			<column name="global" valueBoolean="true" />
		</insert>
		<insert tableName="asset">
			<column name="id" valueNumeric="8359" />
			<column name="identifier" value="8667259497" />
			<column name="create_datetime" valueDate="2014-10-22T23:18:42.535" />
			<column name="status_id" valueNumeric="10501" />
			<column name="entity_id" valueNumeric="1" />
			<column name="deleted" valueNumeric="0" />
			<column name="item_id" valueNumeric="320104" />
			<column name="order_line_id" />
			<column name="notes" value="Bulk Upload" />
			<column name="optlock" valueNumeric="0" />
			<column name="group_id" />
			<column name="provisioning_status" />
			<column name="global" valueBoolean="true" />
		</insert>
		<insert tableName="asset">
			<column name="id" valueNumeric="8360" />
			<column name="identifier" value="8667259541" />
			<column name="create_datetime" valueDate="2014-10-22T23:18:42.555" />
			<column name="status_id" valueNumeric="10501" />
			<column name="entity_id" valueNumeric="1" />
			<column name="deleted" valueNumeric="0" />
			<column name="item_id" valueNumeric="320104" />
			<column name="order_line_id" />
			<column name="notes" value="Bulk Upload" />
			<column name="optlock" valueNumeric="0" />
			<column name="group_id" />
			<column name="provisioning_status" />
			<column name="global" valueBoolean="true" />
		</insert>
		<insert tableName="asset">
			<column name="id" valueNumeric="8361" />
			<column name="identifier" value="8667266611" />
			<column name="create_datetime" valueDate="2014-10-22T23:18:42.595" />
			<column name="status_id" valueNumeric="10501" />
			<column name="entity_id" valueNumeric="1" />
			<column name="deleted" valueNumeric="0" />
			<column name="item_id" valueNumeric="320104" />
			<column name="order_line_id" />
			<column name="notes" value="Bulk Upload" />
			<column name="optlock" valueNumeric="0" />
			<column name="group_id" />
			<column name="provisioning_status" />
			<column name="global" valueBoolean="true" />
		</insert>
		<insert tableName="asset">
			<column name="id" valueNumeric="8362" />
			<column name="identifier" value="8667267786" />
			<column name="create_datetime" valueDate="2014-10-22T23:18:42.605" />
			<column name="status_id" valueNumeric="10501" />
			<column name="entity_id" valueNumeric="1" />
			<column name="deleted" valueNumeric="0" />
			<column name="item_id" valueNumeric="320104" />
			<column name="order_line_id" />
			<column name="notes" value="Bulk Upload" />
			<column name="optlock" valueNumeric="0" />
			<column name="group_id" />
			<column name="provisioning_status" />
			<column name="global" valueBoolean="true" />
		</insert>
		<insert tableName="asset">
			<column name="id" valueNumeric="8363" />
			<column name="identifier" value="8667268156" />
			<column name="create_datetime" valueDate="2014-10-22T23:18:42.630" />
			<column name="status_id" valueNumeric="10501" />
			<column name="entity_id" valueNumeric="1" />
			<column name="deleted" valueNumeric="0" />
			<column name="item_id" valueNumeric="320104" />
			<column name="order_line_id" />
			<column name="notes" value="Bulk Upload" />
			<column name="optlock" valueNumeric="0" />
			<column name="group_id" />
			<column name="provisioning_status" />
			<column name="global" valueBoolean="true" />
		</insert>
		<insert tableName="asset">
			<column name="id" valueNumeric="8364" />
			<column name="identifier" value="8667268533" />
			<column name="create_datetime" valueDate="2014-10-22T23:18:42.641" />
			<column name="status_id" valueNumeric="10501" />
			<column name="entity_id" valueNumeric="1" />
			<column name="deleted" valueNumeric="0" />
			<column name="item_id" valueNumeric="320104" />
			<column name="order_line_id" />
			<column name="notes" value="Bulk Upload" />
			<column name="optlock" valueNumeric="0" />
			<column name="group_id" />
			<column name="provisioning_status" />
			<column name="global" valueBoolean="true" />
		</insert>
		<insert tableName="asset">
			<column name="id" valueNumeric="8365" />
			<column name="identifier" value="8667270462" />
			<column name="create_datetime" valueDate="2014-10-22T23:18:42.653" />
			<column name="status_id" valueNumeric="10501" />
			<column name="entity_id" valueNumeric="1" />
			<column name="deleted" valueNumeric="0" />
			<column name="item_id" valueNumeric="320104" />
			<column name="order_line_id" />
			<column name="notes" value="Bulk Upload" />
			<column name="optlock" valueNumeric="0" />
			<column name="group_id" />
			<column name="provisioning_status" />
			<column name="global" valueBoolean="true" />
		</insert>
		<insert tableName="asset">
			<column name="id" valueNumeric="8366" />
			<column name="identifier" value="8667277798" />
			<column name="create_datetime" valueDate="2014-10-22T23:18:42.683" />
			<column name="status_id" valueNumeric="10501" />
			<column name="entity_id" valueNumeric="1" />
			<column name="deleted" valueNumeric="0" />
			<column name="item_id" valueNumeric="320104" />
			<column name="order_line_id" />
			<column name="notes" value="Bulk Upload" />
			<column name="optlock" valueNumeric="0" />
			<column name="group_id" />
			<column name="provisioning_status" />
			<column name="global" valueBoolean="true" />
		</insert>
		<insert tableName="asset">
			<column name="id" valueNumeric="8367" />
			<column name="identifier" value="8667277872" />
			<column name="create_datetime" valueDate="2014-10-22T23:18:42.718" />
			<column name="status_id" valueNumeric="10501" />
			<column name="entity_id" valueNumeric="1" />
			<column name="deleted" valueNumeric="0" />
			<column name="item_id" valueNumeric="320104" />
			<column name="order_line_id" />
			<column name="notes" value="Bulk Upload" />
			<column name="optlock" valueNumeric="0" />
			<column name="group_id" />
			<column name="provisioning_status" />
			<column name="global" valueBoolean="true" />
		</insert>
		<insert tableName="asset">
			<column name="id" valueNumeric="8368" />
			<column name="identifier" value="8667278708" />
			<column name="create_datetime" valueDate="2014-10-22T23:18:42.737" />
			<column name="status_id" valueNumeric="10501" />
			<column name="entity_id" valueNumeric="1" />
			<column name="deleted" valueNumeric="0" />
			<column name="item_id" valueNumeric="320104" />
			<column name="order_line_id" />
			<column name="notes" value="Bulk Upload" />
			<column name="optlock" valueNumeric="0" />
			<column name="group_id" />
			<column name="provisioning_status" />
			<column name="global" valueBoolean="true" />
		</insert>
		<insert tableName="asset">
			<column name="id" valueNumeric="8369" />
			<column name="identifier" value="8667281948" />
			<column name="create_datetime" valueDate="2014-10-22T23:18:42.743" />
			<column name="status_id" valueNumeric="10501" />
			<column name="entity_id" valueNumeric="1" />
			<column name="deleted" valueNumeric="0" />
			<column name="item_id" valueNumeric="320104" />
			<column name="order_line_id" />
			<column name="notes" value="Bulk Upload" />
			<column name="optlock" valueNumeric="0" />
			<column name="group_id" />
			<column name="provisioning_status" />
			<column name="global" valueBoolean="true" />
		</insert>
		<insert tableName="asset">
			<column name="id" valueNumeric="8370" />
			<column name="identifier" value="8667284648" />
			<column name="create_datetime" valueDate="2014-10-22T23:18:42.749" />
			<column name="status_id" valueNumeric="10501" />
			<column name="entity_id" valueNumeric="1" />
			<column name="deleted" valueNumeric="0" />
			<column name="item_id" valueNumeric="320104" />
			<column name="order_line_id" />
			<column name="notes" value="Bulk Upload" />
			<column name="optlock" valueNumeric="0" />
			<column name="group_id" />
			<column name="provisioning_status" />
			<column name="global" valueBoolean="true" />
		</insert>
		<insert tableName="asset">
			<column name="id" valueNumeric="8371" />
			<column name="identifier" value="8667285414" />
			<column name="create_datetime" valueDate="2014-10-22T23:18:42.788" />
			<column name="status_id" valueNumeric="10501" />
			<column name="entity_id" valueNumeric="1" />
			<column name="deleted" valueNumeric="0" />
			<column name="item_id" valueNumeric="320104" />
			<column name="order_line_id" />
			<column name="notes" value="Bulk Upload" />
			<column name="optlock" valueNumeric="0" />
			<column name="group_id" />
			<column name="provisioning_status" />
			<column name="global" valueBoolean="true" />
		</insert>
		<insert tableName="asset">
			<column name="id" valueNumeric="8372" />
			<column name="identifier" value="8667286702" />
			<column name="create_datetime" valueDate="2014-10-22T23:18:42.795" />
			<column name="status_id" valueNumeric="10501" />
			<column name="entity_id" valueNumeric="1" />
			<column name="deleted" valueNumeric="0" />
			<column name="item_id" valueNumeric="320104" />
			<column name="order_line_id" />
			<column name="notes" value="Bulk Upload" />
			<column name="optlock" valueNumeric="0" />
			<column name="group_id" />
			<column name="provisioning_status" />
			<column name="global" valueBoolean="true" />
		</insert>
		<insert tableName="asset">
			<column name="id" valueNumeric="8373" />
			<column name="identifier" value="8667290014" />
			<column name="create_datetime" valueDate="2014-10-22T23:18:42.805" />
			<column name="status_id" valueNumeric="10501" />
			<column name="entity_id" valueNumeric="1" />
			<column name="deleted" valueNumeric="0" />
			<column name="item_id" valueNumeric="320104" />
			<column name="order_line_id" />
			<column name="notes" value="Bulk Upload" />
			<column name="optlock" valueNumeric="0" />
			<column name="group_id" />
			<column name="provisioning_status" />
			<column name="global" valueBoolean="true" />
		</insert>
		<insert tableName="asset">
			<column name="id" valueNumeric="8374" />
			<column name="identifier" value="8667298578" />
			<column name="create_datetime" valueDate="2014-10-22T23:18:42.815" />
			<column name="status_id" valueNumeric="10501" />
			<column name="entity_id" valueNumeric="1" />
			<column name="deleted" valueNumeric="0" />
			<column name="item_id" valueNumeric="320104" />
			<column name="order_line_id" />
			<column name="notes" value="Bulk Upload" />
			<column name="optlock" valueNumeric="0" />
			<column name="group_id" />
			<column name="provisioning_status" />
			<column name="global" valueBoolean="true" />
		</insert>
		<insert tableName="asset">
			<column name="id" valueNumeric="8375" />
			<column name="identifier" value="8667301879" />
			<column name="create_datetime" valueDate="2014-10-22T23:18:42.821" />
			<column name="status_id" valueNumeric="10501" />
			<column name="entity_id" valueNumeric="1" />
			<column name="deleted" valueNumeric="0" />
			<column name="item_id" valueNumeric="320104" />
			<column name="order_line_id" />
			<column name="notes" value="Bulk Upload" />
			<column name="optlock" valueNumeric="0" />
			<column name="group_id" />
			<column name="provisioning_status" />
			<column name="global" valueBoolean="true" />
		</insert>
		<insert tableName="asset">
			<column name="id" valueNumeric="8376" />
			<column name="identifier" value="8667302927" />
			<column name="create_datetime" valueDate="2014-10-22T23:18:42.826" />
			<column name="status_id" valueNumeric="10501" />
			<column name="entity_id" valueNumeric="1" />
			<column name="deleted" valueNumeric="0" />
			<column name="item_id" valueNumeric="320104" />
			<column name="order_line_id" />
			<column name="notes" value="Bulk Upload" />
			<column name="optlock" valueNumeric="0" />
			<column name="group_id" />
			<column name="provisioning_status" />
			<column name="global" valueBoolean="true" />
		</insert>
		<insert tableName="asset">
			<column name="id" valueNumeric="8377" />
			<column name="identifier" value="8667307675" />
			<column name="create_datetime" valueDate="2014-10-22T23:18:42.840" />
			<column name="status_id" valueNumeric="10501" />
			<column name="entity_id" valueNumeric="1" />
			<column name="deleted" valueNumeric="0" />
			<column name="item_id" valueNumeric="320104" />
			<column name="order_line_id" />
			<column name="notes" value="Bulk Upload" />
			<column name="optlock" valueNumeric="0" />
			<column name="group_id" />
			<column name="provisioning_status" />
			<column name="global" valueBoolean="true" />
		</insert>
		<insert tableName="asset">
			<column name="id" valueNumeric="8378" />
			<column name="identifier" value="8667312090" />
			<column name="create_datetime" valueDate="2014-10-22T23:18:42.874" />
			<column name="status_id" valueNumeric="10501" />
			<column name="entity_id" valueNumeric="1" />
			<column name="deleted" valueNumeric="0" />
			<column name="item_id" valueNumeric="320104" />
			<column name="order_line_id" />
			<column name="notes" value="Bulk Upload" />
			<column name="optlock" valueNumeric="0" />
			<column name="group_id" />
			<column name="provisioning_status" />
			<column name="global" valueBoolean="true" />
		</insert>
		<insert tableName="asset">
			<column name="id" valueNumeric="8379" />
			<column name="identifier" value="8667312417" />
			<column name="create_datetime" valueDate="2014-10-22T23:18:42.897" />
			<column name="status_id" valueNumeric="10501" />
			<column name="entity_id" valueNumeric="1" />
			<column name="deleted" valueNumeric="0" />
			<column name="item_id" valueNumeric="320104" />
			<column name="order_line_id" />
			<column name="notes" value="Bulk Upload" />
			<column name="optlock" valueNumeric="0" />
			<column name="group_id" />
			<column name="provisioning_status" />
			<column name="global" valueBoolean="true" />
		</insert>
		<insert tableName="asset">
			<column name="id" valueNumeric="8380" />
			<column name="identifier" value="8667313211" />
			<column name="create_datetime" valueDate="2014-10-22T23:18:42.907" />
			<column name="status_id" valueNumeric="10501" />
			<column name="entity_id" valueNumeric="1" />
			<column name="deleted" valueNumeric="0" />
			<column name="item_id" valueNumeric="320104" />
			<column name="order_line_id" />
			<column name="notes" value="Bulk Upload" />
			<column name="optlock" valueNumeric="0" />
			<column name="group_id" />
			<column name="provisioning_status" />
			<column name="global" valueBoolean="true" />
		</insert>
		<insert tableName="asset">
			<column name="id" valueNumeric="8381" />
			<column name="identifier" value="8667317510" />
			<column name="create_datetime" valueDate="2014-10-22T23:18:42.985" />
			<column name="status_id" valueNumeric="10501" />
			<column name="entity_id" valueNumeric="1" />
			<column name="deleted" valueNumeric="0" />
			<column name="item_id" valueNumeric="320104" />
			<column name="order_line_id" />
			<column name="notes" value="Bulk Upload" />
			<column name="optlock" valueNumeric="0" />
			<column name="group_id" />
			<column name="provisioning_status" />
			<column name="global" valueBoolean="true" />
		</insert>
		<insert tableName="asset">
			<column name="id" valueNumeric="8382" />
			<column name="identifier" value="8667318139" />
			<column name="create_datetime" valueDate="2014-10-22T23:18:43.5" />
			<column name="status_id" valueNumeric="10501" />
			<column name="entity_id" valueNumeric="1" />
			<column name="deleted" valueNumeric="0" />
			<column name="item_id" valueNumeric="320104" />
			<column name="order_line_id" />
			<column name="notes" value="Bulk Upload" />
			<column name="optlock" valueNumeric="0" />
			<column name="group_id" />
			<column name="provisioning_status" />
			<column name="global" valueBoolean="true" />
		</insert>
		<insert tableName="asset">
			<column name="id" valueNumeric="8383" />
			<column name="identifier" value="8667323282" />
			<column name="create_datetime" valueDate="2014-10-22T23:18:43.25" />
			<column name="status_id" valueNumeric="10501" />
			<column name="entity_id" valueNumeric="1" />
			<column name="deleted" valueNumeric="0" />
			<column name="item_id" valueNumeric="320104" />
			<column name="order_line_id" />
			<column name="notes" value="Bulk Upload" />
			<column name="optlock" valueNumeric="0" />
			<column name="group_id" />
			<column name="provisioning_status" />
			<column name="global" valueBoolean="true" />
		</insert>
		<insert tableName="asset">
			<column name="id" valueNumeric="9050" />
			<column name="identifier" value="8668947176" />
			<column name="create_datetime" valueDate="2014-10-22T23:19:02.322" />
			<column name="status_id" valueNumeric="10501" />
			<column name="entity_id" valueNumeric="1" />
			<column name="deleted" valueNumeric="0" />
			<column name="item_id" valueNumeric="320104" />
			<column name="order_line_id" />
			<column name="notes" value="Bulk Upload" />
			<column name="optlock" valueNumeric="0" />
			<column name="group_id" />
			<column name="provisioning_status" />
			<column name="global" valueBoolean="true" />
		</insert>
		<insert tableName="asset">
			<column name="id" valueNumeric="9051" />
			<column name="identifier" value="8668947403" />
			<column name="create_datetime" valueDate="2014-10-22T23:19:02.382" />
			<column name="status_id" valueNumeric="10501" />
			<column name="entity_id" valueNumeric="1" />
			<column name="deleted" valueNumeric="0" />
			<column name="item_id" valueNumeric="320104" />
			<column name="order_line_id" />
			<column name="notes" value="Bulk Upload" />
			<column name="optlock" valueNumeric="0" />
			<column name="group_id" />
			<column name="provisioning_status" />
			<column name="global" valueBoolean="true" />
		</insert>
		<insert tableName="asset">
			<column name="id" valueNumeric="9052" />
			<column name="identifier" value="8668947479" />
			<column name="create_datetime" valueDate="2014-10-22T23:19:02.388" />
			<column name="status_id" valueNumeric="10501" />
			<column name="entity_id" valueNumeric="1" />
			<column name="deleted" valueNumeric="0" />
			<column name="item_id" valueNumeric="320104" />
			<column name="order_line_id" />
			<column name="notes" value="Bulk Upload" />
			<column name="optlock" valueNumeric="0" />
			<column name="group_id" />
			<column name="provisioning_status" />
			<column name="global" valueBoolean="true" />
		</insert>
		<insert tableName="asset">
			<column name="id" valueNumeric="9053" />
			<column name="identifier" value="8668948282" />
			<column name="create_datetime" valueDate="2014-10-22T23:19:02.424" />
			<column name="status_id" valueNumeric="10501" />
			<column name="entity_id" valueNumeric="1" />
			<column name="deleted" valueNumeric="0" />
			<column name="item_id" valueNumeric="320104" />
			<column name="order_line_id" />
			<column name="notes" value="Bulk Upload" />
			<column name="optlock" valueNumeric="0" />
			<column name="group_id" />
			<column name="provisioning_status" />
			<column name="global" valueBoolean="true" />
		</insert>
		<insert tableName="asset">
			<column name="id" valueNumeric="9054" />
			<column name="identifier" value="8668948565" />
			<column name="create_datetime" valueDate="2014-10-22T23:19:02.431" />
			<column name="status_id" valueNumeric="10501" />
			<column name="entity_id" valueNumeric="1" />
			<column name="deleted" valueNumeric="0" />
			<column name="item_id" valueNumeric="320104" />
			<column name="order_line_id" />
			<column name="notes" value="Bulk Upload" />
			<column name="optlock" valueNumeric="0" />
			<column name="group_id" />
			<column name="provisioning_status" />
			<column name="global" valueBoolean="true" />
		</insert>
		<insert tableName="asset">
			<column name="id" valueNumeric="9055" />
			<column name="identifier" value="8668949202" />
			<column name="create_datetime" valueDate="2014-10-22T23:19:02.437" />
			<column name="status_id" valueNumeric="10501" />
			<column name="entity_id" valueNumeric="1" />
			<column name="deleted" valueNumeric="0" />
			<column name="item_id" valueNumeric="320104" />
			<column name="order_line_id" />
			<column name="notes" value="Bulk Upload" />
			<column name="optlock" valueNumeric="0" />
			<column name="group_id" />
			<column name="provisioning_status" />
			<column name="global" valueBoolean="true" />
		</insert>
		<insert tableName="asset">
			<column name="id" valueNumeric="9056" />
			<column name="identifier" value="8668949205" />
			<column name="create_datetime" valueDate="2014-10-22T23:19:02.486" />
			<column name="status_id" valueNumeric="10501" />
			<column name="entity_id" valueNumeric="1" />
			<column name="deleted" valueNumeric="0" />
			<column name="item_id" valueNumeric="320104" />
			<column name="order_line_id" />
			<column name="notes" value="Bulk Upload" />
			<column name="optlock" valueNumeric="0" />
			<column name="group_id" />
			<column name="provisioning_status" />
			<column name="global" valueBoolean="true" />
		</insert>
		<insert tableName="asset">
			<column name="id" valueNumeric="9057" />
			<column name="identifier" value="8668949358" />
			<column name="create_datetime" valueDate="2014-10-22T23:19:02.558" />
			<column name="status_id" valueNumeric="10501" />
			<column name="entity_id" valueNumeric="1" />
			<column name="deleted" valueNumeric="0" />
			<column name="item_id" valueNumeric="320104" />
			<column name="order_line_id" />
			<column name="notes" value="Bulk Upload" />
			<column name="optlock" valueNumeric="0" />
			<column name="group_id" />
			<column name="provisioning_status" />
			<column name="global" valueBoolean="true" />
		</insert>
		<insert tableName="asset">
			<column name="id" valueNumeric="9058" />
			<column name="identifier" value="8668949427" />
			<column name="create_datetime" valueDate="2014-10-22T23:19:02.578" />
			<column name="status_id" valueNumeric="10501" />
			<column name="entity_id" valueNumeric="1" />
			<column name="deleted" valueNumeric="0" />
			<column name="item_id" valueNumeric="320104" />
			<column name="order_line_id" />
			<column name="notes" value="Bulk Upload" />
			<column name="optlock" valueNumeric="0" />
			<column name="group_id" />
			<column name="provisioning_status" />
			<column name="global" valueBoolean="true" />
		</insert>
		<insert tableName="asset">
			<column name="id" valueNumeric="9059" />
			<column name="identifier" value="8668950628" />
			<column name="create_datetime" valueDate="2014-10-22T23:19:02.630" />
			<column name="status_id" valueNumeric="10501" />
			<column name="entity_id" valueNumeric="1" />
			<column name="deleted" valueNumeric="0" />
			<column name="item_id" valueNumeric="320104" />
			<column name="order_line_id" />
			<column name="notes" value="Bulk Upload" />
			<column name="optlock" valueNumeric="0" />
			<column name="group_id" />
			<column name="provisioning_status" />
			<column name="global" valueBoolean="true" />
		</insert>
		<insert tableName="asset">
			<column name="id" valueNumeric="9060" />
			<column name="identifier" value="8668951036" />
			<column name="create_datetime" valueDate="2014-10-22T23:19:02.646" />
			<column name="status_id" valueNumeric="10501" />
			<column name="entity_id" valueNumeric="1" />
			<column name="deleted" valueNumeric="0" />
			<column name="item_id" valueNumeric="320104" />
			<column name="order_line_id" />
			<column name="notes" value="Bulk Upload" />
			<column name="optlock" valueNumeric="0" />
			<column name="group_id" />
			<column name="provisioning_status" />
			<column name="global" valueBoolean="true" />
		</insert>
		<insert tableName="asset">
			<column name="id" valueNumeric="9061" />
			<column name="identifier" value="8668951704" />
			<column name="create_datetime" valueDate="2014-10-22T23:19:02.656" />
			<column name="status_id" valueNumeric="10501" />
			<column name="entity_id" valueNumeric="1" />
			<column name="deleted" valueNumeric="0" />
			<column name="item_id" valueNumeric="320104" />
			<column name="order_line_id" />
			<column name="notes" value="Bulk Upload" />
			<column name="optlock" valueNumeric="0" />
			<column name="group_id" />
			<column name="provisioning_status" />
			<column name="global" valueBoolean="true" />
		</insert>
		<insert tableName="asset">
			<column name="id" valueNumeric="9062" />
			<column name="identifier" value="8668953238" />
			<column name="create_datetime" valueDate="2014-10-22T23:19:02.674" />
			<column name="status_id" valueNumeric="10501" />
			<column name="entity_id" valueNumeric="1" />
			<column name="deleted" valueNumeric="0" />
			<column name="item_id" valueNumeric="320104" />
			<column name="order_line_id" />
			<column name="notes" value="Bulk Upload" />
			<column name="optlock" valueNumeric="0" />
			<column name="group_id" />
			<column name="provisioning_status" />
			<column name="global" valueBoolean="true" />
		</insert>
		<insert tableName="asset">
			<column name="id" valueNumeric="9063" />
			<column name="identifier" value="8668954123" />
			<column name="create_datetime" valueDate="2014-10-22T23:19:02.774" />
			<column name="status_id" valueNumeric="10501" />
			<column name="entity_id" valueNumeric="1" />
			<column name="deleted" valueNumeric="0" />
			<column name="item_id" valueNumeric="320104" />
			<column name="order_line_id" />
			<column name="notes" value="Bulk Upload" />
			<column name="optlock" valueNumeric="0" />
			<column name="group_id" />
			<column name="provisioning_status" />
			<column name="global" valueBoolean="true" />
		</insert>
		<insert tableName="asset">
			<column name="id" valueNumeric="9064" />
			<column name="identifier" value="8668954778" />
			<column name="create_datetime" valueDate="2014-10-22T23:19:02.785" />
			<column name="status_id" valueNumeric="10501" />
			<column name="entity_id" valueNumeric="1" />
			<column name="deleted" valueNumeric="0" />
			<column name="item_id" valueNumeric="320104" />
			<column name="order_line_id" />
			<column name="notes" value="Bulk Upload" />
			<column name="optlock" valueNumeric="0" />
			<column name="group_id" />
			<column name="provisioning_status" />
			<column name="global" valueBoolean="true" />
		</insert>
		<insert tableName="asset">
			<column name="id" valueNumeric="9065" />
			<column name="identifier" value="8668954788" />
			<column name="create_datetime" valueDate="2014-10-22T23:19:02.838" />
			<column name="status_id" valueNumeric="10501" />
			<column name="entity_id" valueNumeric="1" />
			<column name="deleted" valueNumeric="0" />
			<column name="item_id" valueNumeric="320104" />
			<column name="order_line_id" />
			<column name="notes" value="Bulk Upload" />
			<column name="optlock" valueNumeric="0" />
			<column name="group_id" />
			<column name="provisioning_status" />
			<column name="global" valueBoolean="true" />
		</insert>
		<insert tableName="asset">
			<column name="id" valueNumeric="9066" />
			<column name="identifier" value="8668954851" />
			<column name="create_datetime" valueDate="2014-10-22T23:19:02.882" />
			<column name="status_id" valueNumeric="10501" />
			<column name="entity_id" valueNumeric="1" />
			<column name="deleted" valueNumeric="0" />
			<column name="item_id" valueNumeric="320104" />
			<column name="order_line_id" />
			<column name="notes" value="Bulk Upload" />
			<column name="optlock" valueNumeric="0" />
			<column name="group_id" />
			<column name="provisioning_status" />
			<column name="global" valueBoolean="true" />
		</insert>
		<insert tableName="asset">
			<column name="id" valueNumeric="9067" />
			<column name="identifier" value="8668955717" />
			<column name="create_datetime" valueDate="2014-10-22T23:19:02.897" />
			<column name="status_id" valueNumeric="10501" />
			<column name="entity_id" valueNumeric="1" />
			<column name="deleted" valueNumeric="0" />
			<column name="item_id" valueNumeric="320104" />
			<column name="order_line_id" />
			<column name="notes" value="Bulk Upload" />
			<column name="optlock" valueNumeric="0" />
			<column name="group_id" />
			<column name="provisioning_status" />
			<column name="global" valueBoolean="true" />
		</insert>
		<insert tableName="asset">
			<column name="id" valueNumeric="9068" />
			<column name="identifier" value="8668955719" />
			<column name="create_datetime" valueDate="2014-10-22T23:19:02.914" />
			<column name="status_id" valueNumeric="10501" />
			<column name="entity_id" valueNumeric="1" />
			<column name="deleted" valueNumeric="0" />
			<column name="item_id" valueNumeric="320104" />
			<column name="order_line_id" />
			<column name="notes" value="Bulk Upload" />
			<column name="optlock" valueNumeric="0" />
			<column name="group_id" />
			<column name="provisioning_status" />
			<column name="global" valueBoolean="true" />
		</insert>
		<insert tableName="asset">
			<column name="id" valueNumeric="9069" />
			<column name="identifier" value="8668955760" />
			<column name="create_datetime" valueDate="2014-10-22T23:19:02.967" />
			<column name="status_id" valueNumeric="10501" />
			<column name="entity_id" valueNumeric="1" />
			<column name="deleted" valueNumeric="0" />
			<column name="item_id" valueNumeric="320104" />
			<column name="order_line_id" />
			<column name="notes" value="Bulk Upload" />
			<column name="optlock" valueNumeric="0" />
			<column name="group_id" />
			<column name="provisioning_status" />
			<column name="global" valueBoolean="true" />
		</insert>
		<insert tableName="asset">
			<column name="id" valueNumeric="9070" />
			<column name="identifier" value="8668955924" />
			<column name="create_datetime" valueDate="2014-10-22T23:19:02.974" />
			<column name="status_id" valueNumeric="10501" />
			<column name="entity_id" valueNumeric="1" />
			<column name="deleted" valueNumeric="0" />
			<column name="item_id" valueNumeric="320104" />
			<column name="order_line_id" />
			<column name="notes" value="Bulk Upload" />
			<column name="optlock" valueNumeric="0" />
			<column name="group_id" />
			<column name="provisioning_status" />
			<column name="global" valueBoolean="true" />
		</insert>
		<insert tableName="asset">
			<column name="id" valueNumeric="9071" />
			<column name="identifier" value="8668957529" />
			<column name="create_datetime" valueDate="2014-10-22T23:19:02.980" />
			<column name="status_id" valueNumeric="10501" />
			<column name="entity_id" valueNumeric="1" />
			<column name="deleted" valueNumeric="0" />
			<column name="item_id" valueNumeric="320104" />
			<column name="order_line_id" />
			<column name="notes" value="Bulk Upload" />
			<column name="optlock" valueNumeric="0" />
			<column name="group_id" />
			<column name="provisioning_status" />
			<column name="global" valueBoolean="true" />
		</insert>
		<insert tableName="asset">
			<column name="id" valueNumeric="9072" />
			<column name="identifier" value="8668959027" />
			<column name="create_datetime" valueDate="2014-10-22T23:19:02.992" />
			<column name="status_id" valueNumeric="10501" />
			<column name="entity_id" valueNumeric="1" />
			<column name="deleted" valueNumeric="0" />
			<column name="item_id" valueNumeric="320104" />
			<column name="order_line_id" />
			<column name="notes" value="Bulk Upload" />
			<column name="optlock" valueNumeric="0" />
			<column name="group_id" />
			<column name="provisioning_status" />
			<column name="global" valueBoolean="true" />
		</insert>
		<insert tableName="asset">
			<column name="id" valueNumeric="9073" />
			<column name="identifier" value="8668960630" />
			<column name="create_datetime" valueDate="2014-10-22T23:19:03.2" />
			<column name="status_id" valueNumeric="10501" />
			<column name="entity_id" valueNumeric="1" />
			<column name="deleted" valueNumeric="0" />
			<column name="item_id" valueNumeric="320104" />
			<column name="order_line_id" />
			<column name="notes" value="Bulk Upload" />
			<column name="optlock" valueNumeric="0" />
			<column name="group_id" />
			<column name="provisioning_status" />
			<column name="global" valueBoolean="true" />
		</insert>
		<insert tableName="asset">
			<column name="id" valueNumeric="9074" />
			<column name="identifier" value="8668960830" />
			<column name="create_datetime" valueDate="2014-10-22T23:19:03.17" />
			<column name="status_id" valueNumeric="10501" />
			<column name="entity_id" valueNumeric="1" />
			<column name="deleted" valueNumeric="0" />
			<column name="item_id" valueNumeric="320104" />
			<column name="order_line_id" />
			<column name="notes" value="Bulk Upload" />
			<column name="optlock" valueNumeric="0" />
			<column name="group_id" />
			<column name="provisioning_status" />
			<column name="global" valueBoolean="true" />
		</insert>
		<insert tableName="asset">
			<column name="id" valueNumeric="9075" />
			<column name="identifier" value="8668961248" />
			<column name="create_datetime" valueDate="2014-10-22T23:19:03.63" />
			<column name="status_id" valueNumeric="10501" />
			<column name="entity_id" valueNumeric="1" />
			<column name="deleted" valueNumeric="0" />
			<column name="item_id" valueNumeric="320104" />
			<column name="order_line_id" />
			<column name="notes" value="Bulk Upload" />
			<column name="optlock" valueNumeric="0" />
			<column name="group_id" />
			<column name="provisioning_status" />
			<column name="global" valueBoolean="true" />
		</insert>
		<insert tableName="asset">
			<column name="id" valueNumeric="9076" />
			<column name="identifier" value="8668961249" />
			<column name="create_datetime" valueDate="2014-10-22T23:19:03.70" />
			<column name="status_id" valueNumeric="10501" />
			<column name="entity_id" valueNumeric="1" />
			<column name="deleted" valueNumeric="0" />
			<column name="item_id" valueNumeric="320104" />
			<column name="order_line_id" />
			<column name="notes" value="Bulk Upload" />
			<column name="optlock" valueNumeric="0" />
			<column name="group_id" />
			<column name="provisioning_status" />
			<column name="global" valueBoolean="true" />
		</insert>
		<insert tableName="asset">
			<column name="id" valueNumeric="9077" />
			<column name="identifier" value="8668962323" />
			<column name="create_datetime" valueDate="2014-10-22T23:19:03.78" />
			<column name="status_id" valueNumeric="10501" />
			<column name="entity_id" valueNumeric="1" />
			<column name="deleted" valueNumeric="0" />
			<column name="item_id" valueNumeric="320104" />
			<column name="order_line_id" />
			<column name="notes" value="Bulk Upload" />
			<column name="optlock" valueNumeric="0" />
			<column name="group_id" />
			<column name="provisioning_status" />
			<column name="global" valueBoolean="true" />
		</insert>
		<insert tableName="asset">
			<column name="id" valueNumeric="9079" />
			<column name="identifier" value="8668963006" />
			<column name="create_datetime" valueDate="2014-10-22T23:19:03.201" />
			<column name="status_id" valueNumeric="10501" />
			<column name="entity_id" valueNumeric="1" />
			<column name="deleted" valueNumeric="0" />
			<column name="item_id" valueNumeric="320104" />
			<column name="order_line_id" />
			<column name="notes" value="Bulk Upload" />
			<column name="optlock" valueNumeric="0" />
			<column name="group_id" />
			<column name="provisioning_status" />
			<column name="global" valueBoolean="true" />
		</insert>
		<insert tableName="asset">
			<column name="id" valueNumeric="9080" />
			<column name="identifier" value="8668963884" />
			<column name="create_datetime" valueDate="2014-10-22T23:19:03.221" />
			<column name="status_id" valueNumeric="10501" />
			<column name="entity_id" valueNumeric="1" />
			<column name="deleted" valueNumeric="0" />
			<column name="item_id" valueNumeric="320104" />
			<column name="order_line_id" />
			<column name="notes" value="Bulk Upload" />
			<column name="optlock" valueNumeric="0" />
			<column name="group_id" />
			<column name="provisioning_status" />
			<column name="global" valueBoolean="true" />
		</insert>
		<insert tableName="asset">
			<column name="id" valueNumeric="9081" />
			<column name="identifier" value="8668964750" />
			<column name="create_datetime" valueDate="2014-10-22T23:19:03.246" />
			<column name="status_id" valueNumeric="10501" />
			<column name="entity_id" valueNumeric="1" />
			<column name="deleted" valueNumeric="0" />
			<column name="item_id" valueNumeric="320104" />
			<column name="order_line_id" />
			<column name="notes" value="Bulk Upload" />
			<column name="optlock" valueNumeric="0" />
			<column name="group_id" />
			<column name="provisioning_status" />
			<column name="global" valueBoolean="true" />
		</insert>
		<insert tableName="asset">
			<column name="id" valueNumeric="9082" />
			<column name="identifier" value="8668965328" />
			<column name="create_datetime" valueDate="2014-10-22T23:19:03.257" />
			<column name="status_id" valueNumeric="10501" />
			<column name="entity_id" valueNumeric="1" />
			<column name="deleted" valueNumeric="0" />
			<column name="item_id" valueNumeric="320104" />
			<column name="order_line_id" />
			<column name="notes" value="Bulk Upload" />
			<column name="optlock" valueNumeric="0" />
			<column name="group_id" />
			<column name="provisioning_status" />
			<column name="global" valueBoolean="true" />
		</insert>
		<insert tableName="asset">
			<column name="id" valueNumeric="9083" />
			<column name="identifier" value="8668965465" />
			<column name="create_datetime" valueDate="2014-10-22T23:19:03.267" />
			<column name="status_id" valueNumeric="10501" />
			<column name="entity_id" valueNumeric="1" />
			<column name="deleted" valueNumeric="0" />
			<column name="item_id" valueNumeric="320104" />
			<column name="order_line_id" />
			<column name="notes" value="Bulk Upload" />
			<column name="optlock" valueNumeric="0" />
			<column name="group_id" />
			<column name="provisioning_status" />
			<column name="global" valueBoolean="true" />
		</insert>
		<insert tableName="asset">
			<column name="id" valueNumeric="9084" />
			<column name="identifier" value="8668965647" />
			<column name="create_datetime" valueDate="2014-10-22T23:19:03.274" />
			<column name="status_id" valueNumeric="10501" />
			<column name="entity_id" valueNumeric="1" />
			<column name="deleted" valueNumeric="0" />
			<column name="item_id" valueNumeric="320104" />
			<column name="order_line_id" />
			<column name="notes" value="Bulk Upload" />
			<column name="optlock" valueNumeric="0" />
			<column name="group_id" />
			<column name="provisioning_status" />
			<column name="global" valueBoolean="true" />
		</insert>
		<insert tableName="asset">
			<column name="id" valueNumeric="9085" />
			<column name="identifier" value="8668965829" />
			<column name="create_datetime" valueDate="2014-10-22T23:19:03.318" />
			<column name="status_id" valueNumeric="10501" />
			<column name="entity_id" valueNumeric="1" />
			<column name="deleted" valueNumeric="0" />
			<column name="item_id" valueNumeric="320104" />
			<column name="order_line_id" />
			<column name="notes" value="Bulk Upload" />
			<column name="optlock" valueNumeric="0" />
			<column name="group_id" />
			<column name="provisioning_status" />
			<column name="global" valueBoolean="true" />
		</insert>
		<insert tableName="asset">
			<column name="id" valueNumeric="8384" />
			<column name="identifier" value="8667329362" />
			<column name="create_datetime" valueDate="2014-10-22T23:18:43.53" />
			<column name="status_id" valueNumeric="10501" />
			<column name="entity_id" valueNumeric="1" />
			<column name="deleted" valueNumeric="0" />
			<column name="item_id" valueNumeric="320104" />
			<column name="order_line_id" />
			<column name="notes" value="Bulk Upload" />
			<column name="optlock" valueNumeric="0" />
			<column name="group_id" />
			<column name="provisioning_status" />
			<column name="global" valueBoolean="true" />
		</insert>
		<insert tableName="asset">
			<column name="id" valueNumeric="8385" />
			<column name="identifier" value="8667330097" />
			<column name="create_datetime" valueDate="2014-10-22T23:18:43.73" />
			<column name="status_id" valueNumeric="10501" />
			<column name="entity_id" valueNumeric="1" />
			<column name="deleted" valueNumeric="0" />
			<column name="item_id" valueNumeric="320104" />
			<column name="order_line_id" />
			<column name="notes" value="Bulk Upload" />
			<column name="optlock" valueNumeric="0" />
			<column name="group_id" />
			<column name="provisioning_status" />
			<column name="global" valueBoolean="true" />
		</insert>
		<insert tableName="asset">
			<column name="id" valueNumeric="8386" />
			<column name="identifier" value="8667333132" />
			<column name="create_datetime" valueDate="2014-10-22T23:18:43.79" />
			<column name="status_id" valueNumeric="10501" />
			<column name="entity_id" valueNumeric="1" />
			<column name="deleted" valueNumeric="0" />
			<column name="item_id" valueNumeric="320104" />
			<column name="order_line_id" />
			<column name="notes" value="Bulk Upload" />
			<column name="optlock" valueNumeric="0" />
			<column name="group_id" />
			<column name="provisioning_status" />
			<column name="global" valueBoolean="true" />
		</insert>
		<insert tableName="asset">
			<column name="id" valueNumeric="8387" />
			<column name="identifier" value="8667358995" />
			<column name="create_datetime" valueDate="2014-10-22T23:18:43.100" />
			<column name="status_id" valueNumeric="10501" />
			<column name="entity_id" valueNumeric="1" />
			<column name="deleted" valueNumeric="0" />
			<column name="item_id" valueNumeric="320104" />
			<column name="order_line_id" />
			<column name="notes" value="Bulk Upload" />
			<column name="optlock" valueNumeric="0" />
			<column name="group_id" />
			<column name="provisioning_status" />
			<column name="global" valueBoolean="true" />
		</insert>
		<insert tableName="asset">
			<column name="id" valueNumeric="8388" />
			<column name="identifier" value="8667359592" />
			<column name="create_datetime" valueDate="2014-10-22T23:18:43.107" />
			<column name="status_id" valueNumeric="10501" />
			<column name="entity_id" valueNumeric="1" />
			<column name="deleted" valueNumeric="0" />
			<column name="item_id" valueNumeric="320104" />
			<column name="order_line_id" />
			<column name="notes" value="Bulk Upload" />
			<column name="optlock" valueNumeric="0" />
			<column name="group_id" />
			<column name="provisioning_status" />
			<column name="global" valueBoolean="true" />
		</insert>
		<insert tableName="asset">
			<column name="id" valueNumeric="8389" />
			<column name="identifier" value="8667362259" />
			<column name="create_datetime" valueDate="2014-10-22T23:18:43.146" />
			<column name="status_id" valueNumeric="10501" />
			<column name="entity_id" valueNumeric="1" />
			<column name="deleted" valueNumeric="0" />
			<column name="item_id" valueNumeric="320104" />
			<column name="order_line_id" />
			<column name="notes" value="Bulk Upload" />
			<column name="optlock" valueNumeric="0" />
			<column name="group_id" />
			<column name="provisioning_status" />
			<column name="global" valueBoolean="true" />
		</insert>
		<insert tableName="asset">
			<column name="id" valueNumeric="8390" />
			<column name="identifier" value="8667366272" />
			<column name="create_datetime" valueDate="2014-10-22T23:18:43.153" />
			<column name="status_id" valueNumeric="10501" />
			<column name="entity_id" valueNumeric="1" />
			<column name="deleted" valueNumeric="0" />
			<column name="item_id" valueNumeric="320104" />
			<column name="order_line_id" />
			<column name="notes" value="Bulk Upload" />
			<column name="optlock" valueNumeric="0" />
			<column name="group_id" />
			<column name="provisioning_status" />
			<column name="global" valueBoolean="true" />
		</insert>
		<insert tableName="asset">
			<column name="id" valueNumeric="8391" />
			<column name="identifier" value="8667367034" />
			<column name="create_datetime" valueDate="2014-10-22T23:18:43.173" />
			<column name="status_id" valueNumeric="10501" />
			<column name="entity_id" valueNumeric="1" />
			<column name="deleted" valueNumeric="0" />
			<column name="item_id" valueNumeric="320104" />
			<column name="order_line_id" />
			<column name="notes" value="Bulk Upload" />
			<column name="optlock" valueNumeric="0" />
			<column name="group_id" />
			<column name="provisioning_status" />
			<column name="global" valueBoolean="true" />
		</insert>
		<insert tableName="asset">
			<column name="id" valueNumeric="8392" />
			<column name="identifier" value="8667367847" />
			<column name="create_datetime" valueDate="2014-10-22T23:18:43.201" />
			<column name="status_id" valueNumeric="10501" />
			<column name="entity_id" valueNumeric="1" />
			<column name="deleted" valueNumeric="0" />
			<column name="item_id" valueNumeric="320104" />
			<column name="order_line_id" />
			<column name="notes" value="Bulk Upload" />
			<column name="optlock" valueNumeric="0" />
			<column name="group_id" />
			<column name="provisioning_status" />
			<column name="global" valueBoolean="true" />
		</insert>
		<insert tableName="asset">
			<column name="id" valueNumeric="8393" />
			<column name="identifier" value="8667373176" />
			<column name="create_datetime" valueDate="2014-10-22T23:18:43.208" />
			<column name="status_id" valueNumeric="10501" />
			<column name="entity_id" valueNumeric="1" />
			<column name="deleted" valueNumeric="0" />
			<column name="item_id" valueNumeric="320104" />
			<column name="order_line_id" />
			<column name="notes" value="Bulk Upload" />
			<column name="optlock" valueNumeric="0" />
			<column name="group_id" />
			<column name="provisioning_status" />
			<column name="global" valueBoolean="true" />
		</insert>
		<insert tableName="asset">
			<column name="id" valueNumeric="8394" />
			<column name="identifier" value="8667375744" />
			<column name="create_datetime" valueDate="2014-10-22T23:18:43.241" />
			<column name="status_id" valueNumeric="10501" />
			<column name="entity_id" valueNumeric="1" />
			<column name="deleted" valueNumeric="0" />
			<column name="item_id" valueNumeric="320104" />
			<column name="order_line_id" />
			<column name="notes" value="Bulk Upload" />
			<column name="optlock" valueNumeric="0" />
			<column name="group_id" />
			<column name="provisioning_status" />
			<column name="global" valueBoolean="true" />
		</insert>
		<insert tableName="asset">
			<column name="id" valueNumeric="8395" />
			<column name="identifier" value="8667377519" />
			<column name="create_datetime" valueDate="2014-10-22T23:18:43.261" />
			<column name="status_id" valueNumeric="10501" />
			<column name="entity_id" valueNumeric="1" />
			<column name="deleted" valueNumeric="0" />
			<column name="item_id" valueNumeric="320104" />
			<column name="order_line_id" />
			<column name="notes" value="Bulk Upload" />
			<column name="optlock" valueNumeric="0" />
			<column name="group_id" />
			<column name="provisioning_status" />
			<column name="global" valueBoolean="true" />
		</insert>
		<insert tableName="asset">
			<column name="id" valueNumeric="8396" />
			<column name="identifier" value="8667378137" />
			<column name="create_datetime" valueDate="2014-10-22T23:18:43.347" />
			<column name="status_id" valueNumeric="10501" />
			<column name="entity_id" valueNumeric="1" />
			<column name="deleted" valueNumeric="0" />
			<column name="item_id" valueNumeric="320104" />
			<column name="order_line_id" />
			<column name="notes" value="Bulk Upload" />
			<column name="optlock" valueNumeric="0" />
			<column name="group_id" />
			<column name="provisioning_status" />
			<column name="global" valueBoolean="true" />
		</insert>
		<insert tableName="asset">
			<column name="id" valueNumeric="8397" />
			<column name="identifier" value="8667382638" />
			<column name="create_datetime" valueDate="2014-10-22T23:18:43.412" />
			<column name="status_id" valueNumeric="10501" />
			<column name="entity_id" valueNumeric="1" />
			<column name="deleted" valueNumeric="0" />
			<column name="item_id" valueNumeric="320104" />
			<column name="order_line_id" />
			<column name="notes" value="Bulk Upload" />
			<column name="optlock" valueNumeric="0" />
			<column name="group_id" />
			<column name="provisioning_status" />
			<column name="global" valueBoolean="true" />
		</insert>
		<insert tableName="asset">
			<column name="id" valueNumeric="8398" />
			<column name="identifier" value="8667399224" />
			<column name="create_datetime" valueDate="2014-10-22T23:18:43.457" />
			<column name="status_id" valueNumeric="10501" />
			<column name="entity_id" valueNumeric="1" />
			<column name="deleted" valueNumeric="0" />
			<column name="item_id" valueNumeric="320104" />
			<column name="order_line_id" />
			<column name="notes" value="Bulk Upload" />
			<column name="optlock" valueNumeric="0" />
			<column name="group_id" />
			<column name="provisioning_status" />
			<column name="global" valueBoolean="true" />
		</insert>
		<insert tableName="asset">
			<column name="id" valueNumeric="8399" />
			<column name="identifier" value="8667407429" />
			<column name="create_datetime" valueDate="2014-10-22T23:18:43.625" />
			<column name="status_id" valueNumeric="10501" />
			<column name="entity_id" valueNumeric="1" />
			<column name="deleted" valueNumeric="0" />
			<column name="item_id" valueNumeric="320104" />
			<column name="order_line_id" />
			<column name="notes" value="Bulk Upload" />
			<column name="optlock" valueNumeric="0" />
			<column name="group_id" />
			<column name="provisioning_status" />
			<column name="global" valueBoolean="true" />
		</insert>
		<insert tableName="asset">
			<column name="id" valueNumeric="8400" />
			<column name="identifier" value="8667409065" />
			<column name="create_datetime" valueDate="2014-10-22T23:18:43.633" />
			<column name="status_id" valueNumeric="10501" />
			<column name="entity_id" valueNumeric="1" />
			<column name="deleted" valueNumeric="0" />
			<column name="item_id" valueNumeric="320104" />
			<column name="order_line_id" />
			<column name="notes" value="Bulk Upload" />
			<column name="optlock" valueNumeric="0" />
			<column name="group_id" />
			<column name="provisioning_status" />
			<column name="global" valueBoolean="true" />
		</insert>
		<insert tableName="asset">
			<column name="id" valueNumeric="8401" />
			<column name="identifier" value="8667409839" />
			<column name="create_datetime" valueDate="2014-10-22T23:18:43.650" />
			<column name="status_id" valueNumeric="10501" />
			<column name="entity_id" valueNumeric="1" />
			<column name="deleted" valueNumeric="0" />
			<column name="item_id" valueNumeric="320104" />
			<column name="order_line_id" />
			<column name="notes" value="Bulk Upload" />
			<column name="optlock" valueNumeric="0" />
			<column name="group_id" />
			<column name="provisioning_status" />
			<column name="global" valueBoolean="true" />
		</insert>
		<insert tableName="asset">
			<column name="id" valueNumeric="8402" />
			<column name="identifier" value="8667411268" />
			<column name="create_datetime" valueDate="2014-10-22T23:18:43.662" />
			<column name="status_id" valueNumeric="10501" />
			<column name="entity_id" valueNumeric="1" />
			<column name="deleted" valueNumeric="0" />
			<column name="item_id" valueNumeric="320104" />
			<column name="order_line_id" />
			<column name="notes" value="Bulk Upload" />
			<column name="optlock" valueNumeric="0" />
			<column name="group_id" />
			<column name="provisioning_status" />
			<column name="global" valueBoolean="true" />
		</insert>
		<insert tableName="asset">
			<column name="id" valueNumeric="8403" />
			<column name="identifier" value="8667418036" />
			<column name="create_datetime" valueDate="2014-10-22T23:18:43.686" />
			<column name="status_id" valueNumeric="10501" />
			<column name="entity_id" valueNumeric="1" />
			<column name="deleted" valueNumeric="0" />
			<column name="item_id" valueNumeric="320104" />
			<column name="order_line_id" />
			<column name="notes" value="Bulk Upload" />
			<column name="optlock" valueNumeric="0" />
			<column name="group_id" />
			<column name="provisioning_status" />
			<column name="global" valueBoolean="true" />
		</insert>
		<insert tableName="asset">
			<column name="id" valueNumeric="8405" />
			<column name="identifier" value="8667425162" />
			<column name="create_datetime" valueDate="2014-10-22T23:18:43.764" />
			<column name="status_id" valueNumeric="10501" />
			<column name="entity_id" valueNumeric="1" />
			<column name="deleted" valueNumeric="0" />
			<column name="item_id" valueNumeric="320104" />
			<column name="order_line_id" />
			<column name="notes" value="Bulk Upload" />
			<column name="optlock" valueNumeric="0" />
			<column name="group_id" />
			<column name="provisioning_status" />
			<column name="global" valueBoolean="true" />
		</insert>
		<insert tableName="asset">
			<column name="id" valueNumeric="8406" />
			<column name="identifier" value="8667430703" />
			<column name="create_datetime" valueDate="2014-10-22T23:18:43.770" />
			<column name="status_id" valueNumeric="10501" />
			<column name="entity_id" valueNumeric="1" />
			<column name="deleted" valueNumeric="0" />
			<column name="item_id" valueNumeric="320104" />
			<column name="order_line_id" />
			<column name="notes" value="Bulk Upload" />
			<column name="optlock" valueNumeric="0" />
			<column name="group_id" />
			<column name="provisioning_status" />
			<column name="global" valueBoolean="true" />
		</insert>
		<insert tableName="asset">
			<column name="id" valueNumeric="8407" />
			<column name="identifier" value="8667432436" />
			<column name="create_datetime" valueDate="2014-10-22T23:18:43.813" />
			<column name="status_id" valueNumeric="10501" />
			<column name="entity_id" valueNumeric="1" />
			<column name="deleted" valueNumeric="0" />
			<column name="item_id" valueNumeric="320104" />
			<column name="order_line_id" />
			<column name="notes" value="Bulk Upload" />
			<column name="optlock" valueNumeric="0" />
			<column name="group_id" />
			<column name="provisioning_status" />
			<column name="global" valueBoolean="true" />
		</insert>
		<insert tableName="asset">
			<column name="id" valueNumeric="8408" />
			<column name="identifier" value="8667432437" />
			<column name="create_datetime" valueDate="2014-10-22T23:18:43.866" />
			<column name="status_id" valueNumeric="10501" />
			<column name="entity_id" valueNumeric="1" />
			<column name="deleted" valueNumeric="0" />
			<column name="item_id" valueNumeric="320104" />
			<column name="order_line_id" />
			<column name="notes" value="Bulk Upload" />
			<column name="optlock" valueNumeric="0" />
			<column name="group_id" />
			<column name="provisioning_status" />
			<column name="global" valueBoolean="true" />
		</insert>
		<insert tableName="asset">
			<column name="id" valueNumeric="8409" />
			<column name="identifier" value="8667432946" />
			<column name="create_datetime" valueDate="2014-10-22T23:18:43.872" />
			<column name="status_id" valueNumeric="10501" />
			<column name="entity_id" valueNumeric="1" />
			<column name="deleted" valueNumeric="0" />
			<column name="item_id" valueNumeric="320104" />
			<column name="order_line_id" />
			<column name="notes" value="Bulk Upload" />
			<column name="optlock" valueNumeric="0" />
			<column name="group_id" />
			<column name="provisioning_status" />
			<column name="global" valueBoolean="true" />
		</insert>
		<insert tableName="asset">
			<column name="id" valueNumeric="8410" />
			<column name="identifier" value="8667433321" />
			<column name="create_datetime" valueDate="2014-10-22T23:18:43.880" />
			<column name="status_id" valueNumeric="10501" />
			<column name="entity_id" valueNumeric="1" />
			<column name="deleted" valueNumeric="0" />
			<column name="item_id" valueNumeric="320104" />
			<column name="order_line_id" />
			<column name="notes" value="Bulk Upload" />
			<column name="optlock" valueNumeric="0" />
			<column name="group_id" />
			<column name="provisioning_status" />
			<column name="global" valueBoolean="true" />
		</insert>
		<insert tableName="asset">
			<column name="id" valueNumeric="8411" />
			<column name="identifier" value="8667452287" />
			<column name="create_datetime" valueDate="2014-10-22T23:18:43.891" />
			<column name="status_id" valueNumeric="10501" />
			<column name="entity_id" valueNumeric="1" />
			<column name="deleted" valueNumeric="0" />
			<column name="item_id" valueNumeric="320104" />
			<column name="order_line_id" />
			<column name="notes" value="Bulk Upload" />
			<column name="optlock" valueNumeric="0" />
			<column name="group_id" />
			<column name="provisioning_status" />
			<column name="global" valueBoolean="true" />
		</insert>
		<insert tableName="asset">
			<column name="id" valueNumeric="8412" />
			<column name="identifier" value="8667453759" />
			<column name="create_datetime" valueDate="2014-10-22T23:18:43.910" />
			<column name="status_id" valueNumeric="10501" />
			<column name="entity_id" valueNumeric="1" />
			<column name="deleted" valueNumeric="0" />
			<column name="item_id" valueNumeric="320104" />
			<column name="order_line_id" />
			<column name="notes" value="Bulk Upload" />
			<column name="optlock" valueNumeric="0" />
			<column name="group_id" />
			<column name="provisioning_status" />
			<column name="global" valueBoolean="true" />
		</insert>
		<insert tableName="asset">
			<column name="id" valueNumeric="8413" />
			<column name="identifier" value="8667453762" />
			<column name="create_datetime" valueDate="2014-10-22T23:18:43.950" />
			<column name="status_id" valueNumeric="10501" />
			<column name="entity_id" valueNumeric="1" />
			<column name="deleted" valueNumeric="0" />
			<column name="item_id" valueNumeric="320104" />
			<column name="order_line_id" />
			<column name="notes" value="Bulk Upload" />
			<column name="optlock" valueNumeric="0" />
			<column name="group_id" />
			<column name="provisioning_status" />
			<column name="global" valueBoolean="true" />
		</insert>
		<insert tableName="asset">
			<column name="id" valueNumeric="8414" />
			<column name="identifier" value="8667453763" />
			<column name="create_datetime" valueDate="2014-10-22T23:18:43.988" />
			<column name="status_id" valueNumeric="10501" />
			<column name="entity_id" valueNumeric="1" />
			<column name="deleted" valueNumeric="0" />
			<column name="item_id" valueNumeric="320104" />
			<column name="order_line_id" />
			<column name="notes" value="Bulk Upload" />
			<column name="optlock" valueNumeric="0" />
			<column name="group_id" />
			<column name="provisioning_status" />
			<column name="global" valueBoolean="true" />
		</insert>
		<insert tableName="asset">
			<column name="id" valueNumeric="8415" />
			<column name="identifier" value="8667453765" />
			<column name="create_datetime" valueDate="2014-10-22T23:18:44.13" />
			<column name="status_id" valueNumeric="10501" />
			<column name="entity_id" valueNumeric="1" />
			<column name="deleted" valueNumeric="0" />
			<column name="item_id" valueNumeric="320104" />
			<column name="order_line_id" />
			<column name="notes" value="Bulk Upload" />
			<column name="optlock" valueNumeric="0" />
			<column name="group_id" />
			<column name="provisioning_status" />
			<column name="global" valueBoolean="true" />
		</insert>
		<insert tableName="asset">
			<column name="id" valueNumeric="8416" />
			<column name="identifier" value="8667459792" />
			<column name="create_datetime" valueDate="2014-10-22T23:18:44.34" />
			<column name="status_id" valueNumeric="10501" />
			<column name="entity_id" valueNumeric="1" />
			<column name="deleted" valueNumeric="0" />
			<column name="item_id" valueNumeric="320104" />
			<column name="order_line_id" />
			<column name="notes" value="Bulk Upload" />
			<column name="optlock" valueNumeric="0" />
			<column name="group_id" />
			<column name="provisioning_status" />
			<column name="global" valueBoolean="true" />
		</insert>
		<insert tableName="asset">
			<column name="id" valueNumeric="8417" />
			<column name="identifier" value="8667465605" />
			<column name="create_datetime" valueDate="2014-10-22T23:18:44.40" />
			<column name="status_id" valueNumeric="10501" />
			<column name="entity_id" valueNumeric="1" />
			<column name="deleted" valueNumeric="0" />
			<column name="item_id" valueNumeric="320104" />
			<column name="order_line_id" />
			<column name="notes" value="Bulk Upload" />
			<column name="optlock" valueNumeric="0" />
			<column name="group_id" />
			<column name="provisioning_status" />
			<column name="global" valueBoolean="true" />
		</insert>
		<insert tableName="asset">
			<column name="id" valueNumeric="8418" />
			<column name="identifier" value="8667466688" />
			<column name="create_datetime" valueDate="2014-10-22T23:18:44.64" />
			<column name="status_id" valueNumeric="10501" />
			<column name="entity_id" valueNumeric="1" />
			<column name="deleted" valueNumeric="0" />
			<column name="item_id" valueNumeric="320104" />
			<column name="order_line_id" />
			<column name="notes" value="Bulk Upload" />
			<column name="optlock" valueNumeric="0" />
			<column name="group_id" />
			<column name="provisioning_status" />
			<column name="global" valueBoolean="true" />
		</insert>
		<insert tableName="asset">
			<column name="id" valueNumeric="8419" />
			<column name="identifier" value="8667467258" />
			<column name="create_datetime" valueDate="2014-10-22T23:18:44.70" />
			<column name="status_id" valueNumeric="10501" />
			<column name="entity_id" valueNumeric="1" />
			<column name="deleted" valueNumeric="0" />
			<column name="item_id" valueNumeric="320104" />
			<column name="order_line_id" />
			<column name="notes" value="Bulk Upload" />
			<column name="optlock" valueNumeric="0" />
			<column name="group_id" />
			<column name="provisioning_status" />
			<column name="global" valueBoolean="true" />
		</insert>
		<insert tableName="asset">
			<column name="id" valueNumeric="8420" />
			<column name="identifier" value="8667477942" />
			<column name="create_datetime" valueDate="2014-10-22T23:18:44.76" />
			<column name="status_id" valueNumeric="10501" />
			<column name="entity_id" valueNumeric="1" />
			<column name="deleted" valueNumeric="0" />
			<column name="item_id" valueNumeric="320104" />
			<column name="order_line_id" />
			<column name="notes" value="Bulk Upload" />
			<column name="optlock" valueNumeric="0" />
			<column name="group_id" />
			<column name="provisioning_status" />
			<column name="global" valueBoolean="true" />
		</insert>
		<insert tableName="asset">
			<column name="id" valueNumeric="8421" />
			<column name="identifier" value="8667482777" />
			<column name="create_datetime" valueDate="2014-10-22T23:18:44.82" />
			<column name="status_id" valueNumeric="10501" />
			<column name="entity_id" valueNumeric="1" />
			<column name="deleted" valueNumeric="0" />
			<column name="item_id" valueNumeric="320104" />
			<column name="order_line_id" />
			<column name="notes" value="Bulk Upload" />
			<column name="optlock" valueNumeric="0" />
			<column name="group_id" />
			<column name="provisioning_status" />
			<column name="global" valueBoolean="true" />
		</insert>
		<insert tableName="asset">
			<column name="id" valueNumeric="8422" />
			<column name="identifier" value="8667484546" />
			<column name="create_datetime" valueDate="2014-10-22T23:18:44.94" />
			<column name="status_id" valueNumeric="10501" />
			<column name="entity_id" valueNumeric="1" />
			<column name="deleted" valueNumeric="0" />
			<column name="item_id" valueNumeric="320104" />
			<column name="order_line_id" />
			<column name="notes" value="Bulk Upload" />
			<column name="optlock" valueNumeric="0" />
			<column name="group_id" />
			<column name="provisioning_status" />
			<column name="global" valueBoolean="true" />
		</insert>
		<insert tableName="asset">
			<column name="id" valueNumeric="8423" />
			<column name="identifier" value="8667485202" />
			<column name="create_datetime" valueDate="2014-10-22T23:18:44.101" />
			<column name="status_id" valueNumeric="10501" />
			<column name="entity_id" valueNumeric="1" />
			<column name="deleted" valueNumeric="0" />
			<column name="item_id" valueNumeric="320104" />
			<column name="order_line_id" />
			<column name="notes" value="Bulk Upload" />
			<column name="optlock" valueNumeric="0" />
			<column name="group_id" />
			<column name="provisioning_status" />
			<column name="global" valueBoolean="true" />
		</insert>
		<insert tableName="asset">
			<column name="id" valueNumeric="8424" />
			<column name="identifier" value="8667485436" />
			<column name="create_datetime" valueDate="2014-10-22T23:18:44.107" />
			<column name="status_id" valueNumeric="10501" />
			<column name="entity_id" valueNumeric="1" />
			<column name="deleted" valueNumeric="0" />
			<column name="item_id" valueNumeric="320104" />
			<column name="order_line_id" />
			<column name="notes" value="Bulk Upload" />
			<column name="optlock" valueNumeric="0" />
			<column name="group_id" />
			<column name="provisioning_status" />
			<column name="global" valueBoolean="true" />
		</insert>
		<insert tableName="asset">
			<column name="id" valueNumeric="8425" />
			<column name="identifier" value="8667486393" />
			<column name="create_datetime" valueDate="2014-10-22T23:18:44.117" />
			<column name="status_id" valueNumeric="10501" />
			<column name="entity_id" valueNumeric="1" />
			<column name="deleted" valueNumeric="0" />
			<column name="item_id" valueNumeric="320104" />
			<column name="order_line_id" />
			<column name="notes" value="Bulk Upload" />
			<column name="optlock" valueNumeric="0" />
			<column name="group_id" />
			<column name="provisioning_status" />
			<column name="global" valueBoolean="true" />
		</insert>
		<insert tableName="asset">
			<column name="id" valueNumeric="8426" />
			<column name="identifier" value="8667486492" />
			<column name="create_datetime" valueDate="2014-10-22T23:18:44.128" />
			<column name="status_id" valueNumeric="10501" />
			<column name="entity_id" valueNumeric="1" />
			<column name="deleted" valueNumeric="0" />
			<column name="item_id" valueNumeric="320104" />
			<column name="order_line_id" />
			<column name="notes" value="Bulk Upload" />
			<column name="optlock" valueNumeric="0" />
			<column name="group_id" />
			<column name="provisioning_status" />
			<column name="global" valueBoolean="true" />
		</insert>
		<insert tableName="asset">
			<column name="id" valueNumeric="8427" />
			<column name="identifier" value="8667486494" />
			<column name="create_datetime" valueDate="2014-10-22T23:18:44.164" />
			<column name="status_id" valueNumeric="10501" />
			<column name="entity_id" valueNumeric="1" />
			<column name="deleted" valueNumeric="0" />
			<column name="item_id" valueNumeric="320104" />
			<column name="order_line_id" />
			<column name="notes" value="Bulk Upload" />
			<column name="optlock" valueNumeric="0" />
			<column name="group_id" />
			<column name="provisioning_status" />
			<column name="global" valueBoolean="true" />
		</insert>
		<insert tableName="asset">
			<column name="id" valueNumeric="8428" />
			<column name="identifier" value="8667486496" />
			<column name="create_datetime" valueDate="2014-10-22T23:18:44.175" />
			<column name="status_id" valueNumeric="10501" />
			<column name="entity_id" valueNumeric="1" />
			<column name="deleted" valueNumeric="0" />
			<column name="item_id" valueNumeric="320104" />
			<column name="order_line_id" />
			<column name="notes" value="Bulk Upload" />
			<column name="optlock" valueNumeric="0" />
			<column name="group_id" />
			<column name="provisioning_status" />
			<column name="global" valueBoolean="true" />
		</insert>
		<insert tableName="asset">
			<column name="id" valueNumeric="8429" />
			<column name="identifier" value="8667486498" />
			<column name="create_datetime" valueDate="2014-10-22T23:18:44.234" />
			<column name="status_id" valueNumeric="10501" />
			<column name="entity_id" valueNumeric="1" />
			<column name="deleted" valueNumeric="0" />
			<column name="item_id" valueNumeric="320104" />
			<column name="order_line_id" />
			<column name="notes" value="Bulk Upload" />
			<column name="optlock" valueNumeric="0" />
			<column name="group_id" />
			<column name="provisioning_status" />
			<column name="global" valueBoolean="true" />
		</insert>
		<insert tableName="asset">
			<column name="id" valueNumeric="8430" />
			<column name="identifier" value="8667487203" />
			<column name="create_datetime" valueDate="2014-10-22T23:18:44.249" />
			<column name="status_id" valueNumeric="10501" />
			<column name="entity_id" valueNumeric="1" />
			<column name="deleted" valueNumeric="0" />
			<column name="item_id" valueNumeric="320104" />
			<column name="order_line_id" />
			<column name="notes" value="Bulk Upload" />
			<column name="optlock" valueNumeric="0" />
			<column name="group_id" />
			<column name="provisioning_status" />
			<column name="global" valueBoolean="true" />
		</insert>
		<insert tableName="asset">
			<column name="id" valueNumeric="8431" />
			<column name="identifier" value="8667489246" />
			<column name="create_datetime" valueDate="2014-10-22T23:18:44.326" />
			<column name="status_id" valueNumeric="10501" />
			<column name="entity_id" valueNumeric="1" />
			<column name="deleted" valueNumeric="0" />
			<column name="item_id" valueNumeric="320104" />
			<column name="order_line_id" />
			<column name="notes" value="Bulk Upload" />
			<column name="optlock" valueNumeric="0" />
			<column name="group_id" />
			<column name="provisioning_status" />
			<column name="global" valueBoolean="true" />
		</insert>
		<insert tableName="asset">
			<column name="id" valueNumeric="8432" />
			<column name="identifier" value="8667489252" />
			<column name="create_datetime" valueDate="2014-10-22T23:18:44.335" />
			<column name="status_id" valueNumeric="10501" />
			<column name="entity_id" valueNumeric="1" />
			<column name="deleted" valueNumeric="0" />
			<column name="item_id" valueNumeric="320104" />
			<column name="order_line_id" />
			<column name="notes" value="Bulk Upload" />
			<column name="optlock" valueNumeric="0" />
			<column name="group_id" />
			<column name="provisioning_status" />
			<column name="global" valueBoolean="true" />
		</insert>
		<insert tableName="asset">
			<column name="id" valueNumeric="8433" />
			<column name="identifier" value="8667494598" />
			<column name="create_datetime" valueDate="2014-10-22T23:18:44.342" />
			<column name="status_id" valueNumeric="10501" />
			<column name="entity_id" valueNumeric="1" />
			<column name="deleted" valueNumeric="0" />
			<column name="item_id" valueNumeric="320104" />
			<column name="order_line_id" />
			<column name="notes" value="Bulk Upload" />
			<column name="optlock" valueNumeric="0" />
			<column name="group_id" />
			<column name="provisioning_status" />
			<column name="global" valueBoolean="true" />
		</insert>
		<insert tableName="asset">
			<column name="id" valueNumeric="8434" />
			<column name="identifier" value="8667496768" />
			<column name="create_datetime" valueDate="2014-10-22T23:18:44.424" />
			<column name="status_id" valueNumeric="10501" />
			<column name="entity_id" valueNumeric="1" />
			<column name="deleted" valueNumeric="0" />
			<column name="item_id" valueNumeric="320104" />
			<column name="order_line_id" />
			<column name="notes" value="Bulk Upload" />
			<column name="optlock" valueNumeric="0" />
			<column name="group_id" />
			<column name="provisioning_status" />
			<column name="global" valueBoolean="true" />
		</insert>
		<insert tableName="asset">
			<column name="id" valueNumeric="8435" />
			<column name="identifier" value="8667497472" />
			<column name="create_datetime" valueDate="2014-10-22T23:18:44.437" />
			<column name="status_id" valueNumeric="10501" />
			<column name="entity_id" valueNumeric="1" />
			<column name="deleted" valueNumeric="0" />
			<column name="item_id" valueNumeric="320104" />
			<column name="order_line_id" />
			<column name="notes" value="Bulk Upload" />
			<column name="optlock" valueNumeric="0" />
			<column name="group_id" />
			<column name="provisioning_status" />
			<column name="global" valueBoolean="true" />
		</insert>
		<insert tableName="asset">
			<column name="id" valueNumeric="8436" />
			<column name="identifier" value="8667498003" />
			<column name="create_datetime" valueDate="2014-10-22T23:18:44.492" />
			<column name="status_id" valueNumeric="10501" />
			<column name="entity_id" valueNumeric="1" />
			<column name="deleted" valueNumeric="0" />
			<column name="item_id" valueNumeric="320104" />
			<column name="order_line_id" />
			<column name="notes" value="Bulk Upload" />
			<column name="optlock" valueNumeric="0" />
			<column name="group_id" />
			<column name="provisioning_status" />
			<column name="global" valueBoolean="true" />
		</insert>
		<insert tableName="asset">
			<column name="id" valueNumeric="8437" />
			<column name="identifier" value="8667499770" />
			<column name="create_datetime" valueDate="2014-10-22T23:18:44.581" />
			<column name="status_id" valueNumeric="10501" />
			<column name="entity_id" valueNumeric="1" />
			<column name="deleted" valueNumeric="0" />
			<column name="item_id" valueNumeric="320104" />
			<column name="order_line_id" />
			<column name="notes" value="Bulk Upload" />
			<column name="optlock" valueNumeric="0" />
			<column name="group_id" />
			<column name="provisioning_status" />
			<column name="global" valueBoolean="true" />
		</insert>
		<insert tableName="asset">
			<column name="id" valueNumeric="8438" />
			<column name="identifier" value="8667501610" />
			<column name="create_datetime" valueDate="2014-10-22T23:18:44.588" />
			<column name="status_id" valueNumeric="10501" />
			<column name="entity_id" valueNumeric="1" />
			<column name="deleted" valueNumeric="0" />
			<column name="item_id" valueNumeric="320104" />
			<column name="order_line_id" />
			<column name="notes" value="Bulk Upload" />
			<column name="optlock" valueNumeric="0" />
			<column name="group_id" />
			<column name="provisioning_status" />
			<column name="global" valueBoolean="true" />
		</insert>
		<insert tableName="asset">
			<column name="id" valueNumeric="8439" />
			<column name="identifier" value="8667502634" />
			<column name="create_datetime" valueDate="2014-10-22T23:18:44.614" />
			<column name="status_id" valueNumeric="10501" />
			<column name="entity_id" valueNumeric="1" />
			<column name="deleted" valueNumeric="0" />
			<column name="item_id" valueNumeric="320104" />
			<column name="order_line_id" />
			<column name="notes" value="Bulk Upload" />
			<column name="optlock" valueNumeric="0" />
			<column name="group_id" />
			<column name="provisioning_status" />
			<column name="global" valueBoolean="true" />
		</insert>
		<insert tableName="asset">
			<column name="id" valueNumeric="8440" />
			<column name="identifier" value="8667505704" />
			<column name="create_datetime" valueDate="2014-10-22T23:18:44.620" />
			<column name="status_id" valueNumeric="10501" />
			<column name="entity_id" valueNumeric="1" />
			<column name="deleted" valueNumeric="0" />
			<column name="item_id" valueNumeric="320104" />
			<column name="order_line_id" />
			<column name="notes" value="Bulk Upload" />
			<column name="optlock" valueNumeric="0" />
			<column name="group_id" />
			<column name="provisioning_status" />
			<column name="global" valueBoolean="true" />
		</insert>
		<insert tableName="asset">
			<column name="id" valueNumeric="8441" />
			<column name="identifier" value="8667506474" />
			<column name="create_datetime" valueDate="2014-10-22T23:18:44.631" />
			<column name="status_id" valueNumeric="10501" />
			<column name="entity_id" valueNumeric="1" />
			<column name="deleted" valueNumeric="0" />
			<column name="item_id" valueNumeric="320104" />
			<column name="order_line_id" />
			<column name="notes" value="Bulk Upload" />
			<column name="optlock" valueNumeric="0" />
			<column name="group_id" />
			<column name="provisioning_status" />
			<column name="global" valueBoolean="true" />
		</insert>
		<insert tableName="asset">
			<column name="id" valueNumeric="8442" />
			<column name="identifier" value="8667507074" />
			<column name="create_datetime" valueDate="2014-10-22T23:18:44.642" />
			<column name="status_id" valueNumeric="10501" />
			<column name="entity_id" valueNumeric="1" />
			<column name="deleted" valueNumeric="0" />
			<column name="item_id" valueNumeric="320104" />
			<column name="order_line_id" />
			<column name="notes" value="Bulk Upload" />
			<column name="optlock" valueNumeric="0" />
			<column name="group_id" />
			<column name="provisioning_status" />
			<column name="global" valueBoolean="true" />
		</insert>
		<insert tableName="asset">
			<column name="id" valueNumeric="8443" />
			<column name="identifier" value="8667512133" />
			<column name="create_datetime" valueDate="2014-10-22T23:18:44.662" />
			<column name="status_id" valueNumeric="10501" />
			<column name="entity_id" valueNumeric="1" />
			<column name="deleted" valueNumeric="0" />
			<column name="item_id" valueNumeric="320104" />
			<column name="order_line_id" />
			<column name="notes" value="Bulk Upload" />
			<column name="optlock" valueNumeric="0" />
			<column name="group_id" />
			<column name="provisioning_status" />
			<column name="global" valueBoolean="true" />
		</insert>
		<insert tableName="asset">
			<column name="id" valueNumeric="8444" />
			<column name="identifier" value="8667512134" />
			<column name="create_datetime" valueDate="2014-10-22T23:18:44.702" />
			<column name="status_id" valueNumeric="10501" />
			<column name="entity_id" valueNumeric="1" />
			<column name="deleted" valueNumeric="0" />
			<column name="item_id" valueNumeric="320104" />
			<column name="order_line_id" />
			<column name="notes" value="Bulk Upload" />
			<column name="optlock" valueNumeric="0" />
			<column name="group_id" />
			<column name="provisioning_status" />
			<column name="global" valueBoolean="true" />
		</insert>
		<insert tableName="asset">
			<column name="id" valueNumeric="8445" />
			<column name="identifier" value="8667512139" />
			<column name="create_datetime" valueDate="2014-10-22T23:18:44.713" />
			<column name="status_id" valueNumeric="10501" />
			<column name="entity_id" valueNumeric="1" />
			<column name="deleted" valueNumeric="0" />
			<column name="item_id" valueNumeric="320104" />
			<column name="order_line_id" />
			<column name="notes" value="Bulk Upload" />
			<column name="optlock" valueNumeric="0" />
			<column name="group_id" />
			<column name="provisioning_status" />
			<column name="global" valueBoolean="true" />
		</insert>
		<insert tableName="asset">
			<column name="id" valueNumeric="8446" />
			<column name="identifier" value="8667513093" />
			<column name="create_datetime" valueDate="2014-10-22T23:18:44.757" />
			<column name="status_id" valueNumeric="10501" />
			<column name="entity_id" valueNumeric="1" />
			<column name="deleted" valueNumeric="0" />
			<column name="item_id" valueNumeric="320104" />
			<column name="order_line_id" />
			<column name="notes" value="Bulk Upload" />
			<column name="optlock" valueNumeric="0" />
			<column name="group_id" />
			<column name="provisioning_status" />
			<column name="global" valueBoolean="true" />
		</insert>
		<insert tableName="asset">
			<column name="id" valueNumeric="8447" />
			<column name="identifier" value="8667514197" />
			<column name="create_datetime" valueDate="2014-10-22T23:18:44.806" />
			<column name="status_id" valueNumeric="10501" />
			<column name="entity_id" valueNumeric="1" />
			<column name="deleted" valueNumeric="0" />
			<column name="item_id" valueNumeric="320104" />
			<column name="order_line_id" />
			<column name="notes" value="Bulk Upload" />
			<column name="optlock" valueNumeric="0" />
			<column name="group_id" />
			<column name="provisioning_status" />
			<column name="global" valueBoolean="true" />
		</insert>
		<insert tableName="asset">
			<column name="id" valueNumeric="8448" />
			<column name="identifier" value="8667516743" />
			<column name="create_datetime" valueDate="2014-10-22T23:18:44.831" />
			<column name="status_id" valueNumeric="10501" />
			<column name="entity_id" valueNumeric="1" />
			<column name="deleted" valueNumeric="0" />
			<column name="item_id" valueNumeric="320104" />
			<column name="order_line_id" />
			<column name="notes" value="Bulk Upload" />
			<column name="optlock" valueNumeric="0" />
			<column name="group_id" />
			<column name="provisioning_status" />
			<column name="global" valueBoolean="true" />
		</insert>
		<insert tableName="asset">
			<column name="id" valueNumeric="8449" />
			<column name="identifier" value="8667516746" />
			<column name="create_datetime" valueDate="2014-10-22T23:18:44.897" />
			<column name="status_id" valueNumeric="10501" />
			<column name="entity_id" valueNumeric="1" />
			<column name="deleted" valueNumeric="0" />
			<column name="item_id" valueNumeric="320104" />
			<column name="order_line_id" />
			<column name="notes" value="Bulk Upload" />
			<column name="optlock" valueNumeric="0" />
			<column name="group_id" />
			<column name="provisioning_status" />
			<column name="global" valueBoolean="true" />
		</insert>
		<insert tableName="asset">
			<column name="id" valueNumeric="8450" />
			<column name="identifier" value="8667516749" />
			<column name="create_datetime" valueDate="2014-10-22T23:18:44.909" />
			<column name="status_id" valueNumeric="10501" />
			<column name="entity_id" valueNumeric="1" />
			<column name="deleted" valueNumeric="0" />
			<column name="item_id" valueNumeric="320104" />
			<column name="order_line_id" />
			<column name="notes" value="Bulk Upload" />
			<column name="optlock" valueNumeric="0" />
			<column name="group_id" />
			<column name="provisioning_status" />
			<column name="global" valueBoolean="true" />
		</insert>
		<insert tableName="asset">
			<column name="id" valueNumeric="8451" />
			<column name="identifier" value="8667519472" />
			<column name="create_datetime" valueDate="2014-10-22T23:18:44.987" />
			<column name="status_id" valueNumeric="10501" />
			<column name="entity_id" valueNumeric="1" />
			<column name="deleted" valueNumeric="0" />
			<column name="item_id" valueNumeric="320104" />
			<column name="order_line_id" />
			<column name="notes" value="Bulk Upload" />
			<column name="optlock" valueNumeric="0" />
			<column name="group_id" />
			<column name="provisioning_status" />
			<column name="global" valueBoolean="true" />
		</insert>
		<insert tableName="asset">
			<column name="id" valueNumeric="8452" />
			<column name="identifier" value="8667525327" />
			<column name="create_datetime" valueDate="2014-10-22T23:18:45.22" />
			<column name="status_id" valueNumeric="10501" />
			<column name="entity_id" valueNumeric="1" />
			<column name="deleted" valueNumeric="0" />
			<column name="item_id" valueNumeric="320104" />
			<column name="order_line_id" />
			<column name="notes" value="Bulk Upload" />
			<column name="optlock" valueNumeric="0" />
			<column name="group_id" />
			<column name="provisioning_status" />
			<column name="global" valueBoolean="true" />
		</insert>
		<insert tableName="asset">
			<column name="id" valueNumeric="8453" />
			<column name="identifier" value="8667527062" />
			<column name="create_datetime" valueDate="2014-10-22T23:18:45.40" />
			<column name="status_id" valueNumeric="10501" />
			<column name="entity_id" valueNumeric="1" />
			<column name="deleted" valueNumeric="0" />
			<column name="item_id" valueNumeric="320104" />
			<column name="order_line_id" />
			<column name="notes" value="Bulk Upload" />
			<column name="optlock" valueNumeric="0" />
			<column name="group_id" />
			<column name="provisioning_status" />
			<column name="global" valueBoolean="true" />
		</insert>
		<insert tableName="asset">
			<column name="id" valueNumeric="8454" />
			<column name="identifier" value="8667529321" />
			<column name="create_datetime" valueDate="2014-10-22T23:18:45.46" />
			<column name="status_id" valueNumeric="10501" />
			<column name="entity_id" valueNumeric="1" />
			<column name="deleted" valueNumeric="0" />
			<column name="item_id" valueNumeric="320104" />
			<column name="order_line_id" />
			<column name="notes" value="Bulk Upload" />
			<column name="optlock" valueNumeric="0" />
			<column name="group_id" />
			<column name="provisioning_status" />
			<column name="global" valueBoolean="true" />
		</insert>
		<insert tableName="asset">
			<column name="id" valueNumeric="8455" />
			<column name="identifier" value="8667534892" />
			<column name="create_datetime" valueDate="2014-10-22T23:18:45.52" />
			<column name="status_id" valueNumeric="10501" />
			<column name="entity_id" valueNumeric="1" />
			<column name="deleted" valueNumeric="0" />
			<column name="item_id" valueNumeric="320104" />
			<column name="order_line_id" />
			<column name="notes" value="Bulk Upload" />
			<column name="optlock" valueNumeric="0" />
			<column name="group_id" />
			<column name="provisioning_status" />
			<column name="global" valueBoolean="true" />
		</insert>
		<insert tableName="asset">
			<column name="id" valueNumeric="8456" />
			<column name="identifier" value="8667535641" />
			<column name="create_datetime" valueDate="2014-10-22T23:18:45.64" />
			<column name="status_id" valueNumeric="10501" />
			<column name="entity_id" valueNumeric="1" />
			<column name="deleted" valueNumeric="0" />
			<column name="item_id" valueNumeric="320104" />
			<column name="order_line_id" />
			<column name="notes" value="Bulk Upload" />
			<column name="optlock" valueNumeric="0" />
			<column name="group_id" />
			<column name="provisioning_status" />
			<column name="global" valueBoolean="true" />
		</insert>
		<insert tableName="asset">
			<column name="id" valueNumeric="8457" />
			<column name="identifier" value="8667535679" />
			<column name="create_datetime" valueDate="2014-10-22T23:18:45.126" />
			<column name="status_id" valueNumeric="10501" />
			<column name="entity_id" valueNumeric="1" />
			<column name="deleted" valueNumeric="0" />
			<column name="item_id" valueNumeric="320104" />
			<column name="order_line_id" />
			<column name="notes" value="Bulk Upload" />
			<column name="optlock" valueNumeric="0" />
			<column name="group_id" />
			<column name="provisioning_status" />
			<column name="global" valueBoolean="true" />
		</insert>
		<insert tableName="asset">
			<column name="id" valueNumeric="8458" />
			<column name="identifier" value="8667540325" />
			<column name="create_datetime" valueDate="2014-10-22T23:18:45.267" />
			<column name="status_id" valueNumeric="10501" />
			<column name="entity_id" valueNumeric="1" />
			<column name="deleted" valueNumeric="0" />
			<column name="item_id" valueNumeric="320104" />
			<column name="order_line_id" />
			<column name="notes" value="Bulk Upload" />
			<column name="optlock" valueNumeric="0" />
			<column name="group_id" />
			<column name="provisioning_status" />
			<column name="global" valueBoolean="true" />
		</insert>
		<insert tableName="asset">
			<column name="id" valueNumeric="8459" />
			<column name="identifier" value="8667548227" />
			<column name="create_datetime" valueDate="2014-10-22T23:18:45.301" />
			<column name="status_id" valueNumeric="10501" />
			<column name="entity_id" valueNumeric="1" />
			<column name="deleted" valueNumeric="0" />
			<column name="item_id" valueNumeric="320104" />
			<column name="order_line_id" />
			<column name="notes" value="Bulk Upload" />
			<column name="optlock" valueNumeric="0" />
			<column name="group_id" />
			<column name="provisioning_status" />
			<column name="global" valueBoolean="true" />
		</insert>
		<insert tableName="asset">
			<column name="id" valueNumeric="8460" />
			<column name="identifier" value="8667553447" />
			<column name="create_datetime" valueDate="2014-10-22T23:18:45.313" />
			<column name="status_id" valueNumeric="10501" />
			<column name="entity_id" valueNumeric="1" />
			<column name="deleted" valueNumeric="0" />
			<column name="item_id" valueNumeric="320104" />
			<column name="order_line_id" />
			<column name="notes" value="Bulk Upload" />
			<column name="optlock" valueNumeric="0" />
			<column name="group_id" />
			<column name="provisioning_status" />
			<column name="global" valueBoolean="true" />
		</insert>
		<insert tableName="asset">
			<column name="id" valueNumeric="8461" />
			<column name="identifier" value="8667554019" />
			<column name="create_datetime" valueDate="2014-10-22T23:18:45.330" />
			<column name="status_id" valueNumeric="10501" />
			<column name="entity_id" valueNumeric="1" />
			<column name="deleted" valueNumeric="0" />
			<column name="item_id" valueNumeric="320104" />
			<column name="order_line_id" />
			<column name="notes" value="Bulk Upload" />
			<column name="optlock" valueNumeric="0" />
			<column name="group_id" />
			<column name="provisioning_status" />
			<column name="global" valueBoolean="true" />
		</insert>
		<insert tableName="asset">
			<column name="id" valueNumeric="8462" />
			<column name="identifier" value="8667555382" />
			<column name="create_datetime" valueDate="2014-10-22T23:18:45.336" />
			<column name="status_id" valueNumeric="10501" />
			<column name="entity_id" valueNumeric="1" />
			<column name="deleted" valueNumeric="0" />
			<column name="item_id" valueNumeric="320104" />
			<column name="order_line_id" />
			<column name="notes" value="Bulk Upload" />
			<column name="optlock" valueNumeric="0" />
			<column name="group_id" />
			<column name="provisioning_status" />
			<column name="global" valueBoolean="true" />
		</insert>
		<insert tableName="asset">
			<column name="id" valueNumeric="8463" />
			<column name="identifier" value="8667555918" />
			<column name="create_datetime" valueDate="2014-10-22T23:18:45.353" />
			<column name="status_id" valueNumeric="10501" />
			<column name="entity_id" valueNumeric="1" />
			<column name="deleted" valueNumeric="0" />
			<column name="item_id" valueNumeric="320104" />
			<column name="order_line_id" />
			<column name="notes" value="Bulk Upload" />
			<column name="optlock" valueNumeric="0" />
			<column name="group_id" />
			<column name="provisioning_status" />
			<column name="global" valueBoolean="true" />
		</insert>
		<insert tableName="asset">
			<column name="id" valueNumeric="8464" />
			<column name="identifier" value="8667556599" />
			<column name="create_datetime" valueDate="2014-10-22T23:18:45.425" />
			<column name="status_id" valueNumeric="10501" />
			<column name="entity_id" valueNumeric="1" />
			<column name="deleted" valueNumeric="0" />
			<column name="item_id" valueNumeric="320104" />
			<column name="order_line_id" />
			<column name="notes" value="Bulk Upload" />
			<column name="optlock" valueNumeric="0" />
			<column name="group_id" />
			<column name="provisioning_status" />
			<column name="global" valueBoolean="true" />
		</insert>
		<insert tableName="asset">
			<column name="id" valueNumeric="8465" />
			<column name="identifier" value="8667565786" />
			<column name="create_datetime" valueDate="2014-10-22T23:18:45.431" />
			<column name="status_id" valueNumeric="10501" />
			<column name="entity_id" valueNumeric="1" />
			<column name="deleted" valueNumeric="0" />
			<column name="item_id" valueNumeric="320104" />
			<column name="order_line_id" />
			<column name="notes" value="Bulk Upload" />
			<column name="optlock" valueNumeric="0" />
			<column name="group_id" />
			<column name="provisioning_status" />
			<column name="global" valueBoolean="true" />
		</insert>
		<insert tableName="asset">
			<column name="id" valueNumeric="8466" />
			<column name="identifier" value="8667581934" />
			<column name="create_datetime" valueDate="2014-10-22T23:18:45.453" />
			<column name="status_id" valueNumeric="10501" />
			<column name="entity_id" valueNumeric="1" />
			<column name="deleted" valueNumeric="0" />
			<column name="item_id" valueNumeric="320104" />
			<column name="order_line_id" />
			<column name="notes" value="Bulk Upload" />
			<column name="optlock" valueNumeric="0" />
			<column name="group_id" />
			<column name="provisioning_status" />
			<column name="global" valueBoolean="true" />
		</insert>
		<insert tableName="asset">
			<column name="id" valueNumeric="8467" />
			<column name="identifier" value="8667582836" />
			<column name="create_datetime" valueDate="2014-10-22T23:18:45.461" />
			<column name="status_id" valueNumeric="10501" />
			<column name="entity_id" valueNumeric="1" />
			<column name="deleted" valueNumeric="0" />
			<column name="item_id" valueNumeric="320104" />
			<column name="order_line_id" />
			<column name="notes" value="Bulk Upload" />
			<column name="optlock" valueNumeric="0" />
			<column name="group_id" />
			<column name="provisioning_status" />
			<column name="global" valueBoolean="true" />
		</insert>
		<insert tableName="asset">
			<column name="id" valueNumeric="8468" />
			<column name="identifier" value="8667601551" />
			<column name="create_datetime" valueDate="2014-10-22T23:18:45.489" />
			<column name="status_id" valueNumeric="10501" />
			<column name="entity_id" valueNumeric="1" />
			<column name="deleted" valueNumeric="0" />
			<column name="item_id" valueNumeric="320104" />
			<column name="order_line_id" />
			<column name="notes" value="Bulk Upload" />
			<column name="optlock" valueNumeric="0" />
			<column name="group_id" />
			<column name="provisioning_status" />
			<column name="global" valueBoolean="true" />
		</insert>
		<insert tableName="asset">
			<column name="id" valueNumeric="8469" />
			<column name="identifier" value="8667618563" />
			<column name="create_datetime" valueDate="2014-10-22T23:18:45.505" />
			<column name="status_id" valueNumeric="10501" />
			<column name="entity_id" valueNumeric="1" />
			<column name="deleted" valueNumeric="0" />
			<column name="item_id" valueNumeric="320104" />
			<column name="order_line_id" />
			<column name="notes" value="Bulk Upload" />
			<column name="optlock" valueNumeric="0" />
			<column name="group_id" />
			<column name="provisioning_status" />
			<column name="global" valueBoolean="true" />
		</insert>
		<insert tableName="asset">
			<column name="id" valueNumeric="8470" />
			<column name="identifier" value="8667619898" />
			<column name="create_datetime" valueDate="2014-10-22T23:18:45.524" />
			<column name="status_id" valueNumeric="10501" />
			<column name="entity_id" valueNumeric="1" />
			<column name="deleted" valueNumeric="0" />
			<column name="item_id" valueNumeric="320104" />
			<column name="order_line_id" />
			<column name="notes" value="Bulk Upload" />
			<column name="optlock" valueNumeric="0" />
			<column name="group_id" />
			<column name="provisioning_status" />
			<column name="global" valueBoolean="true" />
		</insert>
		<insert tableName="asset">
			<column name="id" valueNumeric="8471" />
			<column name="identifier" value="8667623637" />
			<column name="create_datetime" valueDate="2014-10-22T23:18:45.530" />
			<column name="status_id" valueNumeric="10501" />
			<column name="entity_id" valueNumeric="1" />
			<column name="deleted" valueNumeric="0" />
			<column name="item_id" valueNumeric="320104" />
			<column name="order_line_id" />
			<column name="notes" value="Bulk Upload" />
			<column name="optlock" valueNumeric="0" />
			<column name="group_id" />
			<column name="provisioning_status" />
			<column name="global" valueBoolean="true" />
		</insert>
		<insert tableName="asset">
			<column name="id" valueNumeric="8472" />
			<column name="identifier" value="8667625186" />
			<column name="create_datetime" valueDate="2014-10-22T23:18:45.634" />
			<column name="status_id" valueNumeric="10501" />
			<column name="entity_id" valueNumeric="1" />
			<column name="deleted" valueNumeric="0" />
			<column name="item_id" valueNumeric="320104" />
			<column name="order_line_id" />
			<column name="notes" value="Bulk Upload" />
			<column name="optlock" valueNumeric="0" />
			<column name="group_id" />
			<column name="provisioning_status" />
			<column name="global" valueBoolean="true" />
		</insert>
		<insert tableName="asset">
			<column name="id" valueNumeric="8404" />
			<column name="identifier" value="8667420750" />
			<column name="create_datetime" valueDate="2014-10-22T23:18:43.747" />
			<column name="status_id" valueNumeric="10501" />
			<column name="entity_id" valueNumeric="1" />
			<column name="deleted" valueNumeric="0" />
			<column name="item_id" valueNumeric="320104" />
			<column name="order_line_id" />
			<column name="notes" value="Bulk Upload" />
			<column name="optlock" valueNumeric="0" />
			<column name="group_id" />
			<column name="provisioning_status" />
			<column name="global" valueBoolean="true" />
		</insert>
		<insert tableName="asset">
			<column name="id" valueNumeric="8525" />
			<column name="identifier" value="8667860611" />
			<column name="create_datetime" valueDate="2014-10-22T23:18:47.48" />
			<column name="status_id" valueNumeric="10501" />
			<column name="entity_id" valueNumeric="1" />
			<column name="deleted" valueNumeric="0" />
			<column name="item_id" valueNumeric="320104" />
			<column name="order_line_id" />
			<column name="notes" value="Bulk Upload" />
			<column name="optlock" valueNumeric="0" />
			<column name="group_id" />
			<column name="provisioning_status" />
			<column name="global" valueBoolean="true" />
		</insert>
		<insert tableName="asset">
			<column name="id" valueNumeric="8526" />
			<column name="identifier" value="8667860849" />
			<column name="create_datetime" valueDate="2014-10-22T23:18:47.85" />
			<column name="status_id" valueNumeric="10501" />
			<column name="entity_id" valueNumeric="1" />
			<column name="deleted" valueNumeric="0" />
			<column name="item_id" valueNumeric="320104" />
			<column name="order_line_id" />
			<column name="notes" value="Bulk Upload" />
			<column name="optlock" valueNumeric="0" />
			<column name="group_id" />
			<column name="provisioning_status" />
			<column name="global" valueBoolean="true" />
		</insert>
		<insert tableName="asset">
			<column name="id" valueNumeric="8527" />
			<column name="identifier" value="8667863417" />
			<column name="create_datetime" valueDate="2014-10-22T23:18:47.93" />
			<column name="status_id" valueNumeric="10501" />
			<column name="entity_id" valueNumeric="1" />
			<column name="deleted" valueNumeric="0" />
			<column name="item_id" valueNumeric="320104" />
			<column name="order_line_id" />
			<column name="notes" value="Bulk Upload" />
			<column name="optlock" valueNumeric="0" />
			<column name="group_id" />
			<column name="provisioning_status" />
			<column name="global" valueBoolean="true" />
		</insert>
		<insert tableName="asset">
			<column name="id" valueNumeric="8528" />
			<column name="identifier" value="8667864693" />
			<column name="create_datetime" valueDate="2014-10-22T23:18:47.118" />
			<column name="status_id" valueNumeric="10501" />
			<column name="entity_id" valueNumeric="1" />
			<column name="deleted" valueNumeric="0" />
			<column name="item_id" valueNumeric="320104" />
			<column name="order_line_id" />
			<column name="notes" value="Bulk Upload" />
			<column name="optlock" valueNumeric="0" />
			<column name="group_id" />
			<column name="provisioning_status" />
			<column name="global" valueBoolean="true" />
		</insert>
		<insert tableName="asset">
			<column name="id" valueNumeric="8529" />
			<column name="identifier" value="8667866337" />
			<column name="create_datetime" valueDate="2014-10-22T23:18:47.130" />
			<column name="status_id" valueNumeric="10501" />
			<column name="entity_id" valueNumeric="1" />
			<column name="deleted" valueNumeric="0" />
			<column name="item_id" valueNumeric="320104" />
			<column name="order_line_id" />
			<column name="notes" value="Bulk Upload" />
			<column name="optlock" valueNumeric="0" />
			<column name="group_id" />
			<column name="provisioning_status" />
			<column name="global" valueBoolean="true" />
		</insert>
		<insert tableName="asset">
			<column name="id" valueNumeric="8530" />
			<column name="identifier" value="8667868785" />
			<column name="create_datetime" valueDate="2014-10-22T23:18:47.191" />
			<column name="status_id" valueNumeric="10501" />
			<column name="entity_id" valueNumeric="1" />
			<column name="deleted" valueNumeric="0" />
			<column name="item_id" valueNumeric="320104" />
			<column name="order_line_id" />
			<column name="notes" value="Bulk Upload" />
			<column name="optlock" valueNumeric="0" />
			<column name="group_id" />
			<column name="provisioning_status" />
			<column name="global" valueBoolean="true" />
		</insert>
		<insert tableName="asset">
			<column name="id" valueNumeric="8531" />
			<column name="identifier" value="8667884969" />
			<column name="create_datetime" valueDate="2014-10-22T23:18:47.213" />
			<column name="status_id" valueNumeric="10501" />
			<column name="entity_id" valueNumeric="1" />
			<column name="deleted" valueNumeric="0" />
			<column name="item_id" valueNumeric="320104" />
			<column name="order_line_id" />
			<column name="notes" value="Bulk Upload" />
			<column name="optlock" valueNumeric="0" />
			<column name="group_id" />
			<column name="provisioning_status" />
			<column name="global" valueBoolean="true" />
		</insert>
		<insert tableName="asset">
			<column name="id" valueNumeric="8532" />
			<column name="identifier" value="8667886830" />
			<column name="create_datetime" valueDate="2014-10-22T23:18:47.230" />
			<column name="status_id" valueNumeric="10501" />
			<column name="entity_id" valueNumeric="1" />
			<column name="deleted" valueNumeric="0" />
			<column name="item_id" valueNumeric="320104" />
			<column name="order_line_id" />
			<column name="notes" value="Bulk Upload" />
			<column name="optlock" valueNumeric="0" />
			<column name="group_id" />
			<column name="provisioning_status" />
			<column name="global" valueBoolean="true" />
		</insert>
		<insert tableName="asset">
			<column name="id" valueNumeric="8533" />
			<column name="identifier" value="8667887738" />
			<column name="create_datetime" valueDate="2014-10-22T23:18:47.317" />
			<column name="status_id" valueNumeric="10501" />
			<column name="entity_id" valueNumeric="1" />
			<column name="deleted" valueNumeric="0" />
			<column name="item_id" valueNumeric="320104" />
			<column name="order_line_id" />
			<column name="notes" value="Bulk Upload" />
			<column name="optlock" valueNumeric="0" />
			<column name="group_id" />
			<column name="provisioning_status" />
			<column name="global" valueBoolean="true" />
		</insert>
		<insert tableName="asset">
			<column name="id" valueNumeric="8534" />
			<column name="identifier" value="8667891986" />
			<column name="create_datetime" valueDate="2014-10-22T23:18:47.324" />
			<column name="status_id" valueNumeric="10501" />
			<column name="entity_id" valueNumeric="1" />
			<column name="deleted" valueNumeric="0" />
			<column name="item_id" valueNumeric="320104" />
			<column name="order_line_id" />
			<column name="notes" value="Bulk Upload" />
			<column name="optlock" valueNumeric="0" />
			<column name="group_id" />
			<column name="provisioning_status" />
			<column name="global" valueBoolean="true" />
		</insert>
		<insert tableName="asset">
			<column name="id" valueNumeric="8535" />
			<column name="identifier" value="8667895796" />
			<column name="create_datetime" valueDate="2014-10-22T23:18:47.343" />
			<column name="status_id" valueNumeric="10501" />
			<column name="entity_id" valueNumeric="1" />
			<column name="deleted" valueNumeric="0" />
			<column name="item_id" valueNumeric="320104" />
			<column name="order_line_id" />
			<column name="notes" value="Bulk Upload" />
			<column name="optlock" valueNumeric="0" />
			<column name="group_id" />
			<column name="provisioning_status" />
			<column name="global" valueBoolean="true" />
		</insert>
		<insert tableName="asset">
			<column name="id" valueNumeric="8536" />
			<column name="identifier" value="8667901010" />
			<column name="create_datetime" valueDate="2014-10-22T23:18:47.355" />
			<column name="status_id" valueNumeric="10501" />
			<column name="entity_id" valueNumeric="1" />
			<column name="deleted" valueNumeric="0" />
			<column name="item_id" valueNumeric="320104" />
			<column name="order_line_id" />
			<column name="notes" value="Bulk Upload" />
			<column name="optlock" valueNumeric="0" />
			<column name="group_id" />
			<column name="provisioning_status" />
			<column name="global" valueBoolean="true" />
		</insert>
		<insert tableName="asset">
			<column name="id" valueNumeric="8537" />
			<column name="identifier" value="8667913354" />
			<column name="create_datetime" valueDate="2014-10-22T23:18:47.361" />
			<column name="status_id" valueNumeric="10501" />
			<column name="entity_id" valueNumeric="1" />
			<column name="deleted" valueNumeric="0" />
			<column name="item_id" valueNumeric="320104" />
			<column name="order_line_id" />
			<column name="notes" value="Bulk Upload" />
			<column name="optlock" valueNumeric="0" />
			<column name="group_id" />
			<column name="provisioning_status" />
			<column name="global" valueBoolean="true" />
		</insert>
		<insert tableName="asset">
			<column name="id" valueNumeric="8538" />
			<column name="identifier" value="8667922763" />
			<column name="create_datetime" valueDate="2014-10-22T23:18:47.367" />
			<column name="status_id" valueNumeric="10501" />
			<column name="entity_id" valueNumeric="1" />
			<column name="deleted" valueNumeric="0" />
			<column name="item_id" valueNumeric="320104" />
			<column name="order_line_id" />
			<column name="notes" value="Bulk Upload" />
			<column name="optlock" valueNumeric="0" />
			<column name="group_id" />
			<column name="provisioning_status" />
			<column name="global" valueBoolean="true" />
		</insert>
		<insert tableName="asset">
			<column name="id" valueNumeric="8539" />
			<column name="identifier" value="8667925269" />
			<column name="create_datetime" valueDate="2014-10-22T23:18:47.373" />
			<column name="status_id" valueNumeric="10501" />
			<column name="entity_id" valueNumeric="1" />
			<column name="deleted" valueNumeric="0" />
			<column name="item_id" valueNumeric="320104" />
			<column name="order_line_id" />
			<column name="notes" value="Bulk Upload" />
			<column name="optlock" valueNumeric="0" />
			<column name="group_id" />
			<column name="provisioning_status" />
			<column name="global" valueBoolean="true" />
		</insert>
		<insert tableName="asset">
			<column name="id" valueNumeric="8540" />
			<column name="identifier" value="8667931379" />
			<column name="create_datetime" valueDate="2014-10-22T23:18:47.397" />
			<column name="status_id" valueNumeric="10501" />
			<column name="entity_id" valueNumeric="1" />
			<column name="deleted" valueNumeric="0" />
			<column name="item_id" valueNumeric="320104" />
			<column name="order_line_id" />
			<column name="notes" value="Bulk Upload" />
			<column name="optlock" valueNumeric="0" />
			<column name="group_id" />
			<column name="provisioning_status" />
			<column name="global" valueBoolean="true" />
		</insert>
		<insert tableName="asset">
			<column name="id" valueNumeric="8541" />
			<column name="identifier" value="8667938370" />
			<column name="create_datetime" valueDate="2014-10-22T23:18:47.425" />
			<column name="status_id" valueNumeric="10501" />
			<column name="entity_id" valueNumeric="1" />
			<column name="deleted" valueNumeric="0" />
			<column name="item_id" valueNumeric="320104" />
			<column name="order_line_id" />
			<column name="notes" value="Bulk Upload" />
			<column name="optlock" valueNumeric="0" />
			<column name="group_id" />
			<column name="provisioning_status" />
			<column name="global" valueBoolean="true" />
		</insert>
		<insert tableName="asset">
			<column name="id" valueNumeric="8542" />
			<column name="identifier" value="8667940317" />
			<column name="create_datetime" valueDate="2014-10-22T23:18:47.515" />
			<column name="status_id" valueNumeric="10501" />
			<column name="entity_id" valueNumeric="1" />
			<column name="deleted" valueNumeric="0" />
			<column name="item_id" valueNumeric="320104" />
			<column name="order_line_id" />
			<column name="notes" value="Bulk Upload" />
			<column name="optlock" valueNumeric="0" />
			<column name="group_id" />
			<column name="provisioning_status" />
			<column name="global" valueBoolean="true" />
		</insert>
		<insert tableName="asset">
			<column name="id" valueNumeric="8543" />
			<column name="identifier" value="8667940320" />
			<column name="create_datetime" valueDate="2014-10-22T23:18:47.525" />
			<column name="status_id" valueNumeric="10501" />
			<column name="entity_id" valueNumeric="1" />
			<column name="deleted" valueNumeric="0" />
			<column name="item_id" valueNumeric="320104" />
			<column name="order_line_id" />
			<column name="notes" value="Bulk Upload" />
			<column name="optlock" valueNumeric="0" />
			<column name="group_id" />
			<column name="provisioning_status" />
			<column name="global" valueBoolean="true" />
		</insert>
		<insert tableName="asset">
			<column name="id" valueNumeric="8544" />
			<column name="identifier" value="8667946300" />
			<column name="create_datetime" valueDate="2014-10-22T23:18:47.540" />
			<column name="status_id" valueNumeric="10501" />
			<column name="entity_id" valueNumeric="1" />
			<column name="deleted" valueNumeric="0" />
			<column name="item_id" valueNumeric="320104" />
			<column name="order_line_id" />
			<column name="notes" value="Bulk Upload" />
			<column name="optlock" valueNumeric="0" />
			<column name="group_id" />
			<column name="provisioning_status" />
			<column name="global" valueBoolean="true" />
		</insert>
		<insert tableName="asset">
			<column name="id" valueNumeric="8545" />
			<column name="identifier" value="8667963008" />
			<column name="create_datetime" valueDate="2014-10-22T23:18:47.546" />
			<column name="status_id" valueNumeric="10501" />
			<column name="entity_id" valueNumeric="1" />
			<column name="deleted" valueNumeric="0" />
			<column name="item_id" valueNumeric="320104" />
			<column name="order_line_id" />
			<column name="notes" value="Bulk Upload" />
			<column name="optlock" valueNumeric="0" />
			<column name="group_id" />
			<column name="provisioning_status" />
			<column name="global" valueBoolean="true" />
		</insert>
		<insert tableName="asset">
			<column name="id" valueNumeric="8546" />
			<column name="identifier" value="8667964497" />
			<column name="create_datetime" valueDate="2014-10-22T23:18:47.552" />
			<column name="status_id" valueNumeric="10501" />
			<column name="entity_id" valueNumeric="1" />
			<column name="deleted" valueNumeric="0" />
			<column name="item_id" valueNumeric="320104" />
			<column name="order_line_id" />
			<column name="notes" value="Bulk Upload" />
			<column name="optlock" valueNumeric="0" />
			<column name="group_id" />
			<column name="provisioning_status" />
			<column name="global" valueBoolean="true" />
		</insert>
		<insert tableName="asset">
			<column name="id" valueNumeric="8547" />
			<column name="identifier" value="8667973577" />
			<column name="create_datetime" valueDate="2014-10-22T23:18:47.563" />
			<column name="status_id" valueNumeric="10501" />
			<column name="entity_id" valueNumeric="1" />
			<column name="deleted" valueNumeric="0" />
			<column name="item_id" valueNumeric="320104" />
			<column name="order_line_id" />
			<column name="notes" value="Bulk Upload" />
			<column name="optlock" valueNumeric="0" />
			<column name="group_id" />
			<column name="provisioning_status" />
			<column name="global" valueBoolean="true" />
		</insert>
		<insert tableName="asset">
			<column name="id" valueNumeric="8548" />
			<column name="identifier" value="8667977667" />
			<column name="create_datetime" valueDate="2014-10-22T23:18:47.569" />
			<column name="status_id" valueNumeric="10501" />
			<column name="entity_id" valueNumeric="1" />
			<column name="deleted" valueNumeric="0" />
			<column name="item_id" valueNumeric="320104" />
			<column name="order_line_id" />
			<column name="notes" value="Bulk Upload" />
			<column name="optlock" valueNumeric="0" />
			<column name="group_id" />
			<column name="provisioning_status" />
			<column name="global" valueBoolean="true" />
		</insert>
		<insert tableName="asset">
			<column name="id" valueNumeric="8549" />
			<column name="identifier" value="8667978571" />
			<column name="create_datetime" valueDate="2014-10-22T23:18:47.575" />
			<column name="status_id" valueNumeric="10501" />
			<column name="entity_id" valueNumeric="1" />
			<column name="deleted" valueNumeric="0" />
			<column name="item_id" valueNumeric="320104" />
			<column name="order_line_id" />
			<column name="notes" value="Bulk Upload" />
			<column name="optlock" valueNumeric="0" />
			<column name="group_id" />
			<column name="provisioning_status" />
			<column name="global" valueBoolean="true" />
		</insert>
		<insert tableName="asset">
			<column name="id" valueNumeric="8550" />
			<column name="identifier" value="8667985799" />
			<column name="create_datetime" valueDate="2014-10-22T23:18:47.593" />
			<column name="status_id" valueNumeric="10501" />
			<column name="entity_id" valueNumeric="1" />
			<column name="deleted" valueNumeric="0" />
			<column name="item_id" valueNumeric="320104" />
			<column name="order_line_id" />
			<column name="notes" value="Bulk Upload" />
			<column name="optlock" valueNumeric="0" />
			<column name="group_id" />
			<column name="provisioning_status" />
			<column name="global" valueBoolean="true" />
		</insert>
		<insert tableName="asset">
			<column name="id" valueNumeric="8551" />
			<column name="identifier" value="8667989774" />
			<column name="create_datetime" valueDate="2014-10-22T23:18:47.624" />
			<column name="status_id" valueNumeric="10501" />
			<column name="entity_id" valueNumeric="1" />
			<column name="deleted" valueNumeric="0" />
			<column name="item_id" valueNumeric="320104" />
			<column name="order_line_id" />
			<column name="notes" value="Bulk Upload" />
			<column name="optlock" valueNumeric="0" />
			<column name="group_id" />
			<column name="provisioning_status" />
			<column name="global" valueBoolean="true" />
		</insert>
		<insert tableName="asset">
			<column name="id" valueNumeric="8552" />
			<column name="identifier" value="8667992577" />
			<column name="create_datetime" valueDate="2014-10-22T23:18:47.630" />
			<column name="status_id" valueNumeric="10501" />
			<column name="entity_id" valueNumeric="1" />
			<column name="deleted" valueNumeric="0" />
			<column name="item_id" valueNumeric="320104" />
			<column name="order_line_id" />
			<column name="notes" value="Bulk Upload" />
			<column name="optlock" valueNumeric="0" />
			<column name="group_id" />
			<column name="provisioning_status" />
			<column name="global" valueBoolean="true" />
		</insert>
		<insert tableName="asset">
			<column name="id" valueNumeric="8553" />
			<column name="identifier" value="8668000068" />
			<column name="create_datetime" valueDate="2014-10-22T23:18:47.640" />
			<column name="status_id" valueNumeric="10501" />
			<column name="entity_id" valueNumeric="1" />
			<column name="deleted" valueNumeric="0" />
			<column name="item_id" valueNumeric="320104" />
			<column name="order_line_id" />
			<column name="notes" value="Bulk Upload" />
			<column name="optlock" valueNumeric="0" />
			<column name="group_id" />
			<column name="provisioning_status" />
			<column name="global" valueBoolean="true" />
		</insert>
		<insert tableName="asset">
			<column name="id" valueNumeric="8554" />
			<column name="identifier" value="8668001957" />
			<column name="create_datetime" valueDate="2014-10-22T23:18:47.664" />
			<column name="status_id" valueNumeric="10501" />
			<column name="entity_id" valueNumeric="1" />
			<column name="deleted" valueNumeric="0" />
			<column name="item_id" valueNumeric="320104" />
			<column name="order_line_id" />
			<column name="notes" value="Bulk Upload" />
			<column name="optlock" valueNumeric="0" />
			<column name="group_id" />
			<column name="provisioning_status" />
			<column name="global" valueBoolean="true" />
		</insert>
		<insert tableName="asset">
			<column name="id" valueNumeric="8555" />
			<column name="identifier" value="8668003989" />
			<column name="create_datetime" valueDate="2014-10-22T23:18:47.670" />
			<column name="status_id" valueNumeric="10501" />
			<column name="entity_id" valueNumeric="1" />
			<column name="deleted" valueNumeric="0" />
			<column name="item_id" valueNumeric="320104" />
			<column name="order_line_id" />
			<column name="notes" value="Bulk Upload" />
			<column name="optlock" valueNumeric="0" />
			<column name="group_id" />
			<column name="provisioning_status" />
			<column name="global" valueBoolean="true" />
		</insert>
		<insert tableName="asset">
			<column name="id" valueNumeric="8556" />
			<column name="identifier" value="8668003992" />
			<column name="create_datetime" valueDate="2014-10-22T23:18:47.685" />
			<column name="status_id" valueNumeric="10501" />
			<column name="entity_id" valueNumeric="1" />
			<column name="deleted" valueNumeric="0" />
			<column name="item_id" valueNumeric="320104" />
			<column name="order_line_id" />
			<column name="notes" value="Bulk Upload" />
			<column name="optlock" valueNumeric="0" />
			<column name="group_id" />
			<column name="provisioning_status" />
			<column name="global" valueBoolean="true" />
		</insert>
		<insert tableName="asset">
			<column name="id" valueNumeric="8557" />
			<column name="identifier" value="8668020805" />
			<column name="create_datetime" valueDate="2014-10-22T23:18:47.690" />
			<column name="status_id" valueNumeric="10501" />
			<column name="entity_id" valueNumeric="1" />
			<column name="deleted" valueNumeric="0" />
			<column name="item_id" valueNumeric="320104" />
			<column name="order_line_id" />
			<column name="notes" value="Bulk Upload" />
			<column name="optlock" valueNumeric="0" />
			<column name="group_id" />
			<column name="provisioning_status" />
			<column name="global" valueBoolean="true" />
		</insert>
		<insert tableName="asset">
			<column name="id" valueNumeric="8558" />
			<column name="identifier" value="8668021460" />
			<column name="create_datetime" valueDate="2014-10-22T23:18:47.712" />
			<column name="status_id" valueNumeric="10501" />
			<column name="entity_id" valueNumeric="1" />
			<column name="deleted" valueNumeric="0" />
			<column name="item_id" valueNumeric="320104" />
			<column name="order_line_id" />
			<column name="notes" value="Bulk Upload" />
			<column name="optlock" valueNumeric="0" />
			<column name="group_id" />
			<column name="provisioning_status" />
			<column name="global" valueBoolean="true" />
		</insert>
		<insert tableName="asset">
			<column name="id" valueNumeric="8559" />
			<column name="identifier" value="8668024555" />
			<column name="create_datetime" valueDate="2014-10-22T23:18:47.734" />
			<column name="status_id" valueNumeric="10501" />
			<column name="entity_id" valueNumeric="1" />
			<column name="deleted" valueNumeric="0" />
			<column name="item_id" valueNumeric="320104" />
			<column name="order_line_id" />
			<column name="notes" value="Bulk Upload" />
			<column name="optlock" valueNumeric="0" />
			<column name="group_id" />
			<column name="provisioning_status" />
			<column name="global" valueBoolean="true" />
		</insert>
		<insert tableName="asset">
			<column name="id" valueNumeric="8560" />
			<column name="identifier" value="8668024582" />
			<column name="create_datetime" valueDate="2014-10-22T23:18:47.760" />
			<column name="status_id" valueNumeric="10501" />
			<column name="entity_id" valueNumeric="1" />
			<column name="deleted" valueNumeric="0" />
			<column name="item_id" valueNumeric="320104" />
			<column name="order_line_id" />
			<column name="notes" value="Bulk Upload" />
			<column name="optlock" valueNumeric="0" />
			<column name="group_id" />
			<column name="provisioning_status" />
			<column name="global" valueBoolean="true" />
		</insert>
		<insert tableName="asset">
			<column name="id" valueNumeric="8561" />
			<column name="identifier" value="8668025693" />
			<column name="create_datetime" valueDate="2014-10-22T23:18:47.796" />
			<column name="status_id" valueNumeric="10501" />
			<column name="entity_id" valueNumeric="1" />
			<column name="deleted" valueNumeric="0" />
			<column name="item_id" valueNumeric="320104" />
			<column name="order_line_id" />
			<column name="notes" value="Bulk Upload" />
			<column name="optlock" valueNumeric="0" />
			<column name="group_id" />
			<column name="provisioning_status" />
			<column name="global" valueBoolean="true" />
		</insert>
		<insert tableName="asset">
			<column name="id" valueNumeric="8562" />
			<column name="identifier" value="8668027397" />
			<column name="create_datetime" valueDate="2014-10-22T23:18:47.802" />
			<column name="status_id" valueNumeric="10501" />
			<column name="entity_id" valueNumeric="1" />
			<column name="deleted" valueNumeric="0" />
			<column name="item_id" valueNumeric="320104" />
			<column name="order_line_id" />
			<column name="notes" value="Bulk Upload" />
			<column name="optlock" valueNumeric="0" />
			<column name="group_id" />
			<column name="provisioning_status" />
			<column name="global" valueBoolean="true" />
		</insert>
		<insert tableName="asset">
			<column name="id" valueNumeric="8563" />
			<column name="identifier" value="8668027398" />
			<column name="create_datetime" valueDate="2014-10-22T23:18:47.817" />
			<column name="status_id" valueNumeric="10501" />
			<column name="entity_id" valueNumeric="1" />
			<column name="deleted" valueNumeric="0" />
			<column name="item_id" valueNumeric="320104" />
			<column name="order_line_id" />
			<column name="notes" value="Bulk Upload" />
			<column name="optlock" valueNumeric="0" />
			<column name="group_id" />
			<column name="provisioning_status" />
			<column name="global" valueBoolean="true" />
		</insert>
		<insert tableName="asset">
			<column name="id" valueNumeric="8564" />
			<column name="identifier" value="8668027510" />
			<column name="create_datetime" valueDate="2014-10-22T23:18:47.827" />
			<column name="status_id" valueNumeric="10501" />
			<column name="entity_id" valueNumeric="1" />
			<column name="deleted" valueNumeric="0" />
			<column name="item_id" valueNumeric="320104" />
			<column name="order_line_id" />
			<column name="notes" value="Bulk Upload" />
			<column name="optlock" valueNumeric="0" />
			<column name="group_id" />
			<column name="provisioning_status" />
			<column name="global" valueBoolean="true" />
		</insert>
		<insert tableName="asset">
			<column name="id" valueNumeric="8565" />
			<column name="identifier" value="8668030637" />
			<column name="create_datetime" valueDate="2014-10-22T23:18:47.866" />
			<column name="status_id" valueNumeric="10501" />
			<column name="entity_id" valueNumeric="1" />
			<column name="deleted" valueNumeric="0" />
			<column name="item_id" valueNumeric="320104" />
			<column name="order_line_id" />
			<column name="notes" value="Bulk Upload" />
			<column name="optlock" valueNumeric="0" />
			<column name="group_id" />
			<column name="provisioning_status" />
			<column name="global" valueBoolean="true" />
		</insert>
		<insert tableName="asset">
			<column name="id" valueNumeric="8566" />
			<column name="identifier" value="8668034405" />
			<column name="create_datetime" valueDate="2014-10-22T23:18:47.961" />
			<column name="status_id" valueNumeric="10501" />
			<column name="entity_id" valueNumeric="1" />
			<column name="deleted" valueNumeric="0" />
			<column name="item_id" valueNumeric="320104" />
			<column name="order_line_id" />
			<column name="notes" value="Bulk Upload" />
			<column name="optlock" valueNumeric="0" />
			<column name="group_id" />
			<column name="provisioning_status" />
			<column name="global" valueBoolean="true" />
		</insert>
		<insert tableName="asset">
			<column name="id" valueNumeric="8567" />
			<column name="identifier" value="8668037691" />
			<column name="create_datetime" valueDate="2014-10-22T23:18:47.983" />
			<column name="status_id" valueNumeric="10501" />
			<column name="entity_id" valueNumeric="1" />
			<column name="deleted" valueNumeric="0" />
			<column name="item_id" valueNumeric="320104" />
			<column name="order_line_id" />
			<column name="notes" value="Bulk Upload" />
			<column name="optlock" valueNumeric="0" />
			<column name="group_id" />
			<column name="provisioning_status" />
			<column name="global" valueBoolean="true" />
		</insert>
		<insert tableName="asset">
			<column name="id" valueNumeric="8568" />
			<column name="identifier" value="8668039718" />
			<column name="create_datetime" valueDate="2014-10-22T23:18:48.1" />
			<column name="status_id" valueNumeric="10501" />
			<column name="entity_id" valueNumeric="1" />
			<column name="deleted" valueNumeric="0" />
			<column name="item_id" valueNumeric="320104" />
			<column name="order_line_id" />
			<column name="notes" value="Bulk Upload" />
			<column name="optlock" valueNumeric="0" />
			<column name="group_id" />
			<column name="provisioning_status" />
			<column name="global" valueBoolean="true" />
		</insert>
		<insert tableName="asset">
			<column name="id" valueNumeric="8569" />
			<column name="identifier" value="8668047496" />
			<column name="create_datetime" valueDate="2014-10-22T23:18:48.8" />
			<column name="status_id" valueNumeric="10501" />
			<column name="entity_id" valueNumeric="1" />
			<column name="deleted" valueNumeric="0" />
			<column name="item_id" valueNumeric="320104" />
			<column name="order_line_id" />
			<column name="notes" value="Bulk Upload" />
			<column name="optlock" valueNumeric="0" />
			<column name="group_id" />
			<column name="provisioning_status" />
			<column name="global" valueBoolean="true" />
		</insert>
		<insert tableName="asset">
			<column name="id" valueNumeric="8570" />
			<column name="identifier" value="8668048424" />
			<column name="create_datetime" valueDate="2014-10-22T23:18:48.15" />
			<column name="status_id" valueNumeric="10501" />
			<column name="entity_id" valueNumeric="1" />
			<column name="deleted" valueNumeric="0" />
			<column name="item_id" valueNumeric="320104" />
			<column name="order_line_id" />
			<column name="notes" value="Bulk Upload" />
			<column name="optlock" valueNumeric="0" />
			<column name="group_id" />
			<column name="provisioning_status" />
			<column name="global" valueBoolean="true" />
		</insert>
		<insert tableName="asset">
			<column name="id" valueNumeric="8571" />
			<column name="identifier" value="8668050248" />
			<column name="create_datetime" valueDate="2014-10-22T23:18:48.25" />
			<column name="status_id" valueNumeric="10501" />
			<column name="entity_id" valueNumeric="1" />
			<column name="deleted" valueNumeric="0" />
			<column name="item_id" valueNumeric="320104" />
			<column name="order_line_id" />
			<column name="notes" value="Bulk Upload" />
			<column name="optlock" valueNumeric="0" />
			<column name="group_id" />
			<column name="provisioning_status" />
			<column name="global" valueBoolean="true" />
		</insert>
		<insert tableName="asset">
			<column name="id" valueNumeric="8572" />
			<column name="identifier" value="8668050291" />
			<column name="create_datetime" valueDate="2014-10-22T23:18:48.31" />
			<column name="status_id" valueNumeric="10501" />
			<column name="entity_id" valueNumeric="1" />
			<column name="deleted" valueNumeric="0" />
			<column name="item_id" valueNumeric="320104" />
			<column name="order_line_id" />
			<column name="notes" value="Bulk Upload" />
			<column name="optlock" valueNumeric="0" />
			<column name="group_id" />
			<column name="provisioning_status" />
			<column name="global" valueBoolean="true" />
		</insert>
		<insert tableName="asset">
			<column name="id" valueNumeric="8573" />
			<column name="identifier" value="8668051639" />
			<column name="create_datetime" valueDate="2014-10-22T23:18:48.37" />
			<column name="status_id" valueNumeric="10501" />
			<column name="entity_id" valueNumeric="1" />
			<column name="deleted" valueNumeric="0" />
			<column name="item_id" valueNumeric="320104" />
			<column name="order_line_id" />
			<column name="notes" value="Bulk Upload" />
			<column name="optlock" valueNumeric="0" />
			<column name="group_id" />
			<column name="provisioning_status" />
			<column name="global" valueBoolean="true" />
		</insert>
		<insert tableName="asset">
			<column name="id" valueNumeric="8574" />
			<column name="identifier" value="8668053124" />
			<column name="create_datetime" valueDate="2014-10-22T23:18:48.68" />
			<column name="status_id" valueNumeric="10501" />
			<column name="entity_id" valueNumeric="1" />
			<column name="deleted" valueNumeric="0" />
			<column name="item_id" valueNumeric="320104" />
			<column name="order_line_id" />
			<column name="notes" value="Bulk Upload" />
			<column name="optlock" valueNumeric="0" />
			<column name="group_id" />
			<column name="provisioning_status" />
			<column name="global" valueBoolean="true" />
		</insert>
		<insert tableName="asset">
			<column name="id" valueNumeric="8575" />
			<column name="identifier" value="8668056072" />
			<column name="create_datetime" valueDate="2014-10-22T23:18:48.75" />
			<column name="status_id" valueNumeric="10501" />
			<column name="entity_id" valueNumeric="1" />
			<column name="deleted" valueNumeric="0" />
			<column name="item_id" valueNumeric="320104" />
			<column name="order_line_id" />
			<column name="notes" value="Bulk Upload" />
			<column name="optlock" valueNumeric="0" />
			<column name="group_id" />
			<column name="provisioning_status" />
			<column name="global" valueBoolean="true" />
		</insert>
		<insert tableName="asset">
			<column name="id" valueNumeric="8576" />
			<column name="identifier" value="8668056487" />
			<column name="create_datetime" valueDate="2014-10-22T23:18:48.117" />
			<column name="status_id" valueNumeric="10501" />
			<column name="entity_id" valueNumeric="1" />
			<column name="deleted" valueNumeric="0" />
			<column name="item_id" valueNumeric="320104" />
			<column name="order_line_id" />
			<column name="notes" value="Bulk Upload" />
			<column name="optlock" valueNumeric="0" />
			<column name="group_id" />
			<column name="provisioning_status" />
			<column name="global" valueBoolean="true" />
		</insert>
		<insert tableName="asset">
			<column name="id" valueNumeric="8577" />
			<column name="identifier" value="8668059563" />
			<column name="create_datetime" valueDate="2014-10-22T23:18:48.128" />
			<column name="status_id" valueNumeric="10501" />
			<column name="entity_id" valueNumeric="1" />
			<column name="deleted" valueNumeric="0" />
			<column name="item_id" valueNumeric="320104" />
			<column name="order_line_id" />
			<column name="notes" value="Bulk Upload" />
			<column name="optlock" valueNumeric="0" />
			<column name="group_id" />
			<column name="provisioning_status" />
			<column name="global" valueBoolean="true" />
		</insert>
		<insert tableName="asset">
			<column name="id" valueNumeric="8473" />
			<column name="identifier" value="8667636960" />
			<column name="create_datetime" valueDate="2014-10-22T23:18:45.648" />
			<column name="status_id" valueNumeric="10501" />
			<column name="entity_id" valueNumeric="1" />
			<column name="deleted" valueNumeric="0" />
			<column name="item_id" valueNumeric="320104" />
			<column name="order_line_id" />
			<column name="notes" value="Bulk Upload" />
			<column name="optlock" valueNumeric="0" />
			<column name="group_id" />
			<column name="provisioning_status" />
			<column name="global" valueBoolean="true" />
		</insert>
		<insert tableName="asset">
			<column name="id" valueNumeric="8474" />
			<column name="identifier" value="8667642322" />
			<column name="create_datetime" valueDate="2014-10-22T23:18:45.654" />
			<column name="status_id" valueNumeric="10501" />
			<column name="entity_id" valueNumeric="1" />
			<column name="deleted" valueNumeric="0" />
			<column name="item_id" valueNumeric="320104" />
			<column name="order_line_id" />
			<column name="notes" value="Bulk Upload" />
			<column name="optlock" valueNumeric="0" />
			<column name="group_id" />
			<column name="provisioning_status" />
			<column name="global" valueBoolean="true" />
		</insert>
		<insert tableName="asset">
			<column name="id" valueNumeric="8475" />
			<column name="identifier" value="8667646372" />
			<column name="create_datetime" valueDate="2014-10-22T23:18:45.684" />
			<column name="status_id" valueNumeric="10501" />
			<column name="entity_id" valueNumeric="1" />
			<column name="deleted" valueNumeric="0" />
			<column name="item_id" valueNumeric="320104" />
			<column name="order_line_id" />
			<column name="notes" value="Bulk Upload" />
			<column name="optlock" valueNumeric="0" />
			<column name="group_id" />
			<column name="provisioning_status" />
			<column name="global" valueBoolean="true" />
		</insert>
		<insert tableName="asset">
			<column name="id" valueNumeric="8476" />
			<column name="identifier" value="8667647046" />
			<column name="create_datetime" valueDate="2014-10-22T23:18:45.690" />
			<column name="status_id" valueNumeric="10501" />
			<column name="entity_id" valueNumeric="1" />
			<column name="deleted" valueNumeric="0" />
			<column name="item_id" valueNumeric="320104" />
			<column name="order_line_id" />
			<column name="notes" value="Bulk Upload" />
			<column name="optlock" valueNumeric="0" />
			<column name="group_id" />
			<column name="provisioning_status" />
			<column name="global" valueBoolean="true" />
		</insert>
		<insert tableName="asset">
			<column name="id" valueNumeric="8477" />
			<column name="identifier" value="8667651046" />
			<column name="create_datetime" valueDate="2014-10-22T23:18:45.708" />
			<column name="status_id" valueNumeric="10501" />
			<column name="entity_id" valueNumeric="1" />
			<column name="deleted" valueNumeric="0" />
			<column name="item_id" valueNumeric="320104" />
			<column name="order_line_id" />
			<column name="notes" value="Bulk Upload" />
			<column name="optlock" valueNumeric="0" />
			<column name="group_id" />
			<column name="provisioning_status" />
			<column name="global" valueBoolean="true" />
		</insert>
		<insert tableName="asset">
			<column name="id" valueNumeric="8478" />
			<column name="identifier" value="8667651047" />
			<column name="create_datetime" valueDate="2014-10-22T23:18:45.722" />
			<column name="status_id" valueNumeric="10501" />
			<column name="entity_id" valueNumeric="1" />
			<column name="deleted" valueNumeric="0" />
			<column name="item_id" valueNumeric="320104" />
			<column name="order_line_id" />
			<column name="notes" value="Bulk Upload" />
			<column name="optlock" valueNumeric="0" />
			<column name="group_id" />
			<column name="provisioning_status" />
			<column name="global" valueBoolean="true" />
		</insert>
		<insert tableName="asset">
			<column name="id" valueNumeric="8479" />
			<column name="identifier" value="8667651049" />
			<column name="create_datetime" valueDate="2014-10-22T23:18:45.747" />
			<column name="status_id" valueNumeric="10501" />
			<column name="entity_id" valueNumeric="1" />
			<column name="deleted" valueNumeric="0" />
			<column name="item_id" valueNumeric="320104" />
			<column name="order_line_id" />
			<column name="notes" value="Bulk Upload" />
			<column name="optlock" valueNumeric="0" />
			<column name="group_id" />
			<column name="provisioning_status" />
			<column name="global" valueBoolean="true" />
		</insert>
		<insert tableName="asset">
			<column name="id" valueNumeric="8480" />
			<column name="identifier" value="8667651658" />
			<column name="create_datetime" valueDate="2014-10-22T23:18:45.767" />
			<column name="status_id" valueNumeric="10501" />
			<column name="entity_id" valueNumeric="1" />
			<column name="deleted" valueNumeric="0" />
			<column name="item_id" valueNumeric="320104" />
			<column name="order_line_id" />
			<column name="notes" value="Bulk Upload" />
			<column name="optlock" valueNumeric="0" />
			<column name="group_id" />
			<column name="provisioning_status" />
			<column name="global" valueBoolean="true" />
		</insert>
		<insert tableName="asset">
			<column name="id" valueNumeric="8481" />
			<column name="identifier" value="8667658755" />
			<column name="create_datetime" valueDate="2014-10-22T23:18:45.777" />
			<column name="status_id" valueNumeric="10501" />
			<column name="entity_id" valueNumeric="1" />
			<column name="deleted" valueNumeric="0" />
			<column name="item_id" valueNumeric="320104" />
			<column name="order_line_id" />
			<column name="notes" value="Bulk Upload" />
			<column name="optlock" valueNumeric="0" />
			<column name="group_id" />
			<column name="provisioning_status" />
			<column name="global" valueBoolean="true" />
		</insert>
		<insert tableName="asset">
			<column name="id" valueNumeric="8482" />
			<column name="identifier" value="8667659433" />
			<column name="create_datetime" valueDate="2014-10-22T23:18:45.783" />
			<column name="status_id" valueNumeric="10501" />
			<column name="entity_id" valueNumeric="1" />
			<column name="deleted" valueNumeric="0" />
			<column name="item_id" valueNumeric="320104" />
			<column name="order_line_id" />
			<column name="notes" value="Bulk Upload" />
			<column name="optlock" valueNumeric="0" />
			<column name="group_id" />
			<column name="provisioning_status" />
			<column name="global" valueBoolean="true" />
		</insert>
		<insert tableName="asset">
			<column name="id" valueNumeric="8483" />
			<column name="identifier" value="8667670411" />
			<column name="create_datetime" valueDate="2014-10-22T23:18:45.806" />
			<column name="status_id" valueNumeric="10501" />
			<column name="entity_id" valueNumeric="1" />
			<column name="deleted" valueNumeric="0" />
			<column name="item_id" valueNumeric="320104" />
			<column name="order_line_id" />
			<column name="notes" value="Bulk Upload" />
			<column name="optlock" valueNumeric="0" />
			<column name="group_id" />
			<column name="provisioning_status" />
			<column name="global" valueBoolean="true" />
		</insert>
		<insert tableName="asset">
			<column name="id" valueNumeric="8484" />
			<column name="identifier" value="8667670412" />
			<column name="create_datetime" valueDate="2014-10-22T23:18:45.822" />
			<column name="status_id" valueNumeric="10501" />
			<column name="entity_id" valueNumeric="1" />
			<column name="deleted" valueNumeric="0" />
			<column name="item_id" valueNumeric="320104" />
			<column name="order_line_id" />
			<column name="notes" value="Bulk Upload" />
			<column name="optlock" valueNumeric="0" />
			<column name="group_id" />
			<column name="provisioning_status" />
			<column name="global" valueBoolean="true" />
		</insert>
		<insert tableName="asset">
			<column name="id" valueNumeric="8485" />
			<column name="identifier" value="8667670420" />
			<column name="create_datetime" valueDate="2014-10-22T23:18:45.869" />
			<column name="status_id" valueNumeric="10501" />
			<column name="entity_id" valueNumeric="1" />
			<column name="deleted" valueNumeric="0" />
			<column name="item_id" valueNumeric="320104" />
			<column name="order_line_id" />
			<column name="notes" value="Bulk Upload" />
			<column name="optlock" valueNumeric="0" />
			<column name="group_id" />
			<column name="provisioning_status" />
			<column name="global" valueBoolean="true" />
		</insert>
		<insert tableName="asset">
			<column name="id" valueNumeric="8486" />
			<column name="identifier" value="8667678021" />
			<column name="create_datetime" valueDate="2014-10-22T23:18:45.892" />
			<column name="status_id" valueNumeric="10501" />
			<column name="entity_id" valueNumeric="1" />
			<column name="deleted" valueNumeric="0" />
			<column name="item_id" valueNumeric="320104" />
			<column name="order_line_id" />
			<column name="notes" value="Bulk Upload" />
			<column name="optlock" valueNumeric="0" />
			<column name="group_id" />
			<column name="provisioning_status" />
			<column name="global" valueBoolean="true" />
		</insert>
		<insert tableName="asset">
			<column name="id" valueNumeric="8487" />
			<column name="identifier" value="8667687245" />
			<column name="create_datetime" valueDate="2014-10-22T23:18:45.910" />
			<column name="status_id" valueNumeric="10501" />
			<column name="entity_id" valueNumeric="1" />
			<column name="deleted" valueNumeric="0" />
			<column name="item_id" valueNumeric="320104" />
			<column name="order_line_id" />
			<column name="notes" value="Bulk Upload" />
			<column name="optlock" valueNumeric="0" />
			<column name="group_id" />
			<column name="provisioning_status" />
			<column name="global" valueBoolean="true" />
		</insert>
		<insert tableName="asset">
			<column name="id" valueNumeric="8488" />
			<column name="identifier" value="8667692297" />
			<column name="create_datetime" valueDate="2014-10-22T23:18:45.935" />
			<column name="status_id" valueNumeric="10501" />
			<column name="entity_id" valueNumeric="1" />
			<column name="deleted" valueNumeric="0" />
			<column name="item_id" valueNumeric="320104" />
			<column name="order_line_id" />
			<column name="notes" value="Bulk Upload" />
			<column name="optlock" valueNumeric="0" />
			<column name="group_id" />
			<column name="provisioning_status" />
			<column name="global" valueBoolean="true" />
		</insert>
		<insert tableName="asset">
			<column name="id" valueNumeric="8489" />
			<column name="identifier" value="8667708909" />
			<column name="create_datetime" valueDate="2014-10-22T23:18:45.941" />
			<column name="status_id" valueNumeric="10501" />
			<column name="entity_id" valueNumeric="1" />
			<column name="deleted" valueNumeric="0" />
			<column name="item_id" valueNumeric="320104" />
			<column name="order_line_id" />
			<column name="notes" value="Bulk Upload" />
			<column name="optlock" valueNumeric="0" />
			<column name="group_id" />
			<column name="provisioning_status" />
			<column name="global" valueBoolean="true" />
		</insert>
		<insert tableName="asset">
			<column name="id" valueNumeric="8490" />
			<column name="identifier" value="8667713154" />
			<column name="create_datetime" valueDate="2014-10-22T23:18:45.947" />
			<column name="status_id" valueNumeric="10501" />
			<column name="entity_id" valueNumeric="1" />
			<column name="deleted" valueNumeric="0" />
			<column name="item_id" valueNumeric="320104" />
			<column name="order_line_id" />
			<column name="notes" value="Bulk Upload" />
			<column name="optlock" valueNumeric="0" />
			<column name="group_id" />
			<column name="provisioning_status" />
			<column name="global" valueBoolean="true" />
		</insert>
		<insert tableName="asset">
			<column name="id" valueNumeric="8491" />
			<column name="identifier" value="8667713155" />
			<column name="create_datetime" valueDate="2014-10-22T23:18:45.966" />
			<column name="status_id" valueNumeric="10501" />
			<column name="entity_id" valueNumeric="1" />
			<column name="deleted" valueNumeric="0" />
			<column name="item_id" valueNumeric="320104" />
			<column name="order_line_id" />
			<column name="notes" value="Bulk Upload" />
			<column name="optlock" valueNumeric="0" />
			<column name="group_id" />
			<column name="provisioning_status" />
			<column name="global" valueBoolean="true" />
		</insert>
		<insert tableName="asset">
			<column name="id" valueNumeric="8492" />
			<column name="identifier" value="8667713157" />
			<column name="create_datetime" valueDate="2014-10-22T23:18:45.980" />
			<column name="status_id" valueNumeric="10501" />
			<column name="entity_id" valueNumeric="1" />
			<column name="deleted" valueNumeric="0" />
			<column name="item_id" valueNumeric="320104" />
			<column name="order_line_id" />
			<column name="notes" value="Bulk Upload" />
			<column name="optlock" valueNumeric="0" />
			<column name="group_id" />
			<column name="provisioning_status" />
			<column name="global" valueBoolean="true" />
		</insert>
		<insert tableName="asset">
			<column name="id" valueNumeric="8493" />
			<column name="identifier" value="8667731096" />
			<column name="create_datetime" valueDate="2014-10-22T23:18:45.989" />
			<column name="status_id" valueNumeric="10501" />
			<column name="entity_id" valueNumeric="1" />
			<column name="deleted" valueNumeric="0" />
			<column name="item_id" valueNumeric="320104" />
			<column name="order_line_id" />
			<column name="notes" value="Bulk Upload" />
			<column name="optlock" valueNumeric="0" />
			<column name="group_id" />
			<column name="provisioning_status" />
			<column name="global" valueBoolean="true" />
		</insert>
		<insert tableName="asset">
			<column name="id" valueNumeric="8494" />
			<column name="identifier" value="8667731097" />
			<column name="create_datetime" valueDate="2014-10-22T23:18:46.3" />
			<column name="status_id" valueNumeric="10501" />
			<column name="entity_id" valueNumeric="1" />
			<column name="deleted" valueNumeric="0" />
			<column name="item_id" valueNumeric="320104" />
			<column name="order_line_id" />
			<column name="notes" value="Bulk Upload" />
			<column name="optlock" valueNumeric="0" />
			<column name="group_id" />
			<column name="provisioning_status" />
			<column name="global" valueBoolean="true" />
		</insert>
		<insert tableName="asset">
			<column name="id" valueNumeric="8495" />
			<column name="identifier" value="8667731101" />
			<column name="create_datetime" valueDate="2014-10-22T23:18:46.67" />
			<column name="status_id" valueNumeric="10501" />
			<column name="entity_id" valueNumeric="1" />
			<column name="deleted" valueNumeric="0" />
			<column name="item_id" valueNumeric="320104" />
			<column name="order_line_id" />
			<column name="notes" value="Bulk Upload" />
			<column name="optlock" valueNumeric="0" />
			<column name="group_id" />
			<column name="provisioning_status" />
			<column name="global" valueBoolean="true" />
		</insert>
		<insert tableName="asset">
			<column name="id" valueNumeric="8496" />
			<column name="identifier" value="8667734149" />
			<column name="create_datetime" valueDate="2014-10-22T23:18:46.109" />
			<column name="status_id" valueNumeric="10501" />
			<column name="entity_id" valueNumeric="1" />
			<column name="deleted" valueNumeric="0" />
			<column name="item_id" valueNumeric="320104" />
			<column name="order_line_id" />
			<column name="notes" value="Bulk Upload" />
			<column name="optlock" valueNumeric="0" />
			<column name="group_id" />
			<column name="provisioning_status" />
			<column name="global" valueBoolean="true" />
		</insert>
		<insert tableName="asset">
			<column name="id" valueNumeric="8497" />
			<column name="identifier" value="8667741503" />
			<column name="create_datetime" valueDate="2014-10-22T23:18:46.119" />
			<column name="status_id" valueNumeric="10501" />
			<column name="entity_id" valueNumeric="1" />
			<column name="deleted" valueNumeric="0" />
			<column name="item_id" valueNumeric="320104" />
			<column name="order_line_id" />
			<column name="notes" value="Bulk Upload" />
			<column name="optlock" valueNumeric="0" />
			<column name="group_id" />
			<column name="provisioning_status" />
			<column name="global" valueBoolean="true" />
		</insert>
		<insert tableName="asset">
			<column name="id" valueNumeric="8498" />
			<column name="identifier" value="8667741679" />
			<column name="create_datetime" valueDate="2014-10-22T23:18:46.125" />
			<column name="status_id" valueNumeric="10501" />
			<column name="entity_id" valueNumeric="1" />
			<column name="deleted" valueNumeric="0" />
			<column name="item_id" valueNumeric="320104" />
			<column name="order_line_id" />
			<column name="notes" value="Bulk Upload" />
			<column name="optlock" valueNumeric="0" />
			<column name="group_id" />
			<column name="provisioning_status" />
			<column name="global" valueBoolean="true" />
		</insert>
		<insert tableName="asset">
			<column name="id" valueNumeric="8499" />
			<column name="identifier" value="8667748273" />
			<column name="create_datetime" valueDate="2014-10-22T23:18:46.136" />
			<column name="status_id" valueNumeric="10501" />
			<column name="entity_id" valueNumeric="1" />
			<column name="deleted" valueNumeric="0" />
			<column name="item_id" valueNumeric="320104" />
			<column name="order_line_id" />
			<column name="notes" value="Bulk Upload" />
			<column name="optlock" valueNumeric="0" />
			<column name="group_id" />
			<column name="provisioning_status" />
			<column name="global" valueBoolean="true" />
		</insert>
		<insert tableName="asset">
			<column name="id" valueNumeric="8500" />
			<column name="identifier" value="8667750444" />
			<column name="create_datetime" valueDate="2014-10-22T23:18:46.147" />
			<column name="status_id" valueNumeric="10501" />
			<column name="entity_id" valueNumeric="1" />
			<column name="deleted" valueNumeric="0" />
			<column name="item_id" valueNumeric="320104" />
			<column name="order_line_id" />
			<column name="notes" value="Bulk Upload" />
			<column name="optlock" valueNumeric="0" />
			<column name="group_id" />
			<column name="provisioning_status" />
			<column name="global" valueBoolean="true" />
		</insert>
		<insert tableName="asset">
			<column name="id" valueNumeric="8501" />
			<column name="identifier" value="8667754964" />
			<column name="create_datetime" valueDate="2014-10-22T23:18:46.159" />
			<column name="status_id" valueNumeric="10501" />
			<column name="entity_id" valueNumeric="1" />
			<column name="deleted" valueNumeric="0" />
			<column name="item_id" valueNumeric="320104" />
			<column name="order_line_id" />
			<column name="notes" value="Bulk Upload" />
			<column name="optlock" valueNumeric="0" />
			<column name="group_id" />
			<column name="provisioning_status" />
			<column name="global" valueBoolean="true" />
		</insert>
		<insert tableName="asset">
			<column name="id" valueNumeric="8502" />
			<column name="identifier" value="8667756343" />
			<column name="create_datetime" valueDate="2014-10-22T23:18:46.166" />
			<column name="status_id" valueNumeric="10501" />
			<column name="entity_id" valueNumeric="1" />
			<column name="deleted" valueNumeric="0" />
			<column name="item_id" valueNumeric="320104" />
			<column name="order_line_id" />
			<column name="notes" value="Bulk Upload" />
			<column name="optlock" valueNumeric="0" />
			<column name="group_id" />
			<column name="provisioning_status" />
			<column name="global" valueBoolean="true" />
		</insert>
		<insert tableName="asset">
			<column name="id" valueNumeric="8503" />
			<column name="identifier" value="8667764635" />
			<column name="create_datetime" valueDate="2014-10-22T23:18:46.178" />
			<column name="status_id" valueNumeric="10501" />
			<column name="entity_id" valueNumeric="1" />
			<column name="deleted" valueNumeric="0" />
			<column name="item_id" valueNumeric="320104" />
			<column name="order_line_id" />
			<column name="notes" value="Bulk Upload" />
			<column name="optlock" valueNumeric="0" />
			<column name="group_id" />
			<column name="provisioning_status" />
			<column name="global" valueBoolean="true" />
		</insert>
		<insert tableName="asset">
			<column name="id" valueNumeric="8504" />
			<column name="identifier" value="8667764642" />
			<column name="create_datetime" valueDate="2014-10-22T23:18:46.193" />
			<column name="status_id" valueNumeric="10501" />
			<column name="entity_id" valueNumeric="1" />
			<column name="deleted" valueNumeric="0" />
			<column name="item_id" valueNumeric="320104" />
			<column name="order_line_id" />
			<column name="notes" value="Bulk Upload" />
			<column name="optlock" valueNumeric="0" />
			<column name="group_id" />
			<column name="provisioning_status" />
			<column name="global" valueBoolean="true" />
		</insert>
		<insert tableName="asset">
			<column name="id" valueNumeric="8505" />
			<column name="identifier" value="8667764649" />
			<column name="create_datetime" valueDate="2014-10-22T23:18:46.239" />
			<column name="status_id" valueNumeric="10501" />
			<column name="entity_id" valueNumeric="1" />
			<column name="deleted" valueNumeric="0" />
			<column name="item_id" valueNumeric="320104" />
			<column name="order_line_id" />
			<column name="notes" value="Bulk Upload" />
			<column name="optlock" valueNumeric="0" />
			<column name="group_id" />
			<column name="provisioning_status" />
			<column name="global" valueBoolean="true" />
		</insert>
		<insert tableName="asset">
			<column name="id" valueNumeric="8506" />
			<column name="identifier" value="8667765572" />
			<column name="create_datetime" valueDate="2014-10-22T23:18:46.326" />
			<column name="status_id" valueNumeric="10501" />
			<column name="entity_id" valueNumeric="1" />
			<column name="deleted" valueNumeric="0" />
			<column name="item_id" valueNumeric="320104" />
			<column name="order_line_id" />
			<column name="notes" value="Bulk Upload" />
			<column name="optlock" valueNumeric="0" />
			<column name="group_id" />
			<column name="provisioning_status" />
			<column name="global" valueBoolean="true" />
		</insert>
		<insert tableName="asset">
			<column name="id" valueNumeric="8507" />
			<column name="identifier" value="8667768552" />
			<column name="create_datetime" valueDate="2014-10-22T23:18:46.361" />
			<column name="status_id" valueNumeric="10501" />
			<column name="entity_id" valueNumeric="1" />
			<column name="deleted" valueNumeric="0" />
			<column name="item_id" valueNumeric="320104" />
			<column name="order_line_id" />
			<column name="notes" value="Bulk Upload" />
			<column name="optlock" valueNumeric="0" />
			<column name="group_id" />
			<column name="provisioning_status" />
			<column name="global" valueBoolean="true" />
		</insert>
		<insert tableName="asset">
			<column name="id" valueNumeric="8508" />
			<column name="identifier" value="8667769880" />
			<column name="create_datetime" valueDate="2014-10-22T23:18:46.384" />
			<column name="status_id" valueNumeric="10501" />
			<column name="entity_id" valueNumeric="1" />
			<column name="deleted" valueNumeric="0" />
			<column name="item_id" valueNumeric="320104" />
			<column name="order_line_id" />
			<column name="notes" value="Bulk Upload" />
			<column name="optlock" valueNumeric="0" />
			<column name="group_id" />
			<column name="provisioning_status" />
			<column name="global" valueBoolean="true" />
		</insert>
		<insert tableName="asset">
			<column name="id" valueNumeric="8509" />
			<column name="identifier" value="8667770215" />
			<column name="create_datetime" valueDate="2014-10-22T23:18:46.650" />
			<column name="status_id" valueNumeric="10501" />
			<column name="entity_id" valueNumeric="1" />
			<column name="deleted" valueNumeric="0" />
			<column name="item_id" valueNumeric="320104" />
			<column name="order_line_id" />
			<column name="notes" value="Bulk Upload" />
			<column name="optlock" valueNumeric="0" />
			<column name="group_id" />
			<column name="provisioning_status" />
			<column name="global" valueBoolean="true" />
		</insert>
		<insert tableName="asset">
			<column name="id" valueNumeric="8510" />
			<column name="identifier" value="8667771375" />
			<column name="create_datetime" valueDate="2014-10-22T23:18:46.690" />
			<column name="status_id" valueNumeric="10501" />
			<column name="entity_id" valueNumeric="1" />
			<column name="deleted" valueNumeric="0" />
			<column name="item_id" valueNumeric="320104" />
			<column name="order_line_id" />
			<column name="notes" value="Bulk Upload" />
			<column name="optlock" valueNumeric="0" />
			<column name="group_id" />
			<column name="provisioning_status" />
			<column name="global" valueBoolean="true" />
		</insert>
		<insert tableName="asset">
			<column name="id" valueNumeric="8511" />
			<column name="identifier" value="8667775670" />
			<column name="create_datetime" valueDate="2014-10-22T23:18:46.711" />
			<column name="status_id" valueNumeric="10501" />
			<column name="entity_id" valueNumeric="1" />
			<column name="deleted" valueNumeric="0" />
			<column name="item_id" valueNumeric="320104" />
			<column name="order_line_id" />
			<column name="notes" value="Bulk Upload" />
			<column name="optlock" valueNumeric="0" />
			<column name="group_id" />
			<column name="provisioning_status" />
			<column name="global" valueBoolean="true" />
		</insert>
		<insert tableName="asset">
			<column name="id" valueNumeric="8512" />
			<column name="identifier" value="8667776104" />
			<column name="create_datetime" valueDate="2014-10-22T23:18:46.757" />
			<column name="status_id" valueNumeric="10501" />
			<column name="entity_id" valueNumeric="1" />
			<column name="deleted" valueNumeric="0" />
			<column name="item_id" valueNumeric="320104" />
			<column name="order_line_id" />
			<column name="notes" value="Bulk Upload" />
			<column name="optlock" valueNumeric="0" />
			<column name="group_id" />
			<column name="provisioning_status" />
			<column name="global" valueBoolean="true" />
		</insert>
		<insert tableName="asset">
			<column name="id" valueNumeric="8513" />
			<column name="identifier" value="8667779856" />
			<column name="create_datetime" valueDate="2014-10-22T23:18:46.765" />
			<column name="status_id" valueNumeric="10501" />
			<column name="entity_id" valueNumeric="1" />
			<column name="deleted" valueNumeric="0" />
			<column name="item_id" valueNumeric="320104" />
			<column name="order_line_id" />
			<column name="notes" value="Bulk Upload" />
			<column name="optlock" valueNumeric="0" />
			<column name="group_id" />
			<column name="provisioning_status" />
			<column name="global" valueBoolean="true" />
		</insert>
		<insert tableName="asset">
			<column name="id" valueNumeric="8514" />
			<column name="identifier" value="8667788622" />
			<column name="create_datetime" valueDate="2014-10-22T23:18:46.780" />
			<column name="status_id" valueNumeric="10501" />
			<column name="entity_id" valueNumeric="1" />
			<column name="deleted" valueNumeric="0" />
			<column name="item_id" valueNumeric="320104" />
			<column name="order_line_id" />
			<column name="notes" value="Bulk Upload" />
			<column name="optlock" valueNumeric="0" />
			<column name="group_id" />
			<column name="provisioning_status" />
			<column name="global" valueBoolean="true" />
		</insert>
		<insert tableName="asset">
			<column name="id" valueNumeric="8515" />
			<column name="identifier" value="8667790763" />
			<column name="create_datetime" valueDate="2014-10-22T23:18:46.809" />
			<column name="status_id" valueNumeric="10501" />
			<column name="entity_id" valueNumeric="1" />
			<column name="deleted" valueNumeric="0" />
			<column name="item_id" valueNumeric="320104" />
			<column name="order_line_id" />
			<column name="notes" value="Bulk Upload" />
			<column name="optlock" valueNumeric="0" />
			<column name="group_id" />
			<column name="provisioning_status" />
			<column name="global" valueBoolean="true" />
		</insert>
		<insert tableName="asset">
			<column name="id" valueNumeric="8516" />
			<column name="identifier" value="8667799749" />
			<column name="create_datetime" valueDate="2014-10-22T23:18:46.815" />
			<column name="status_id" valueNumeric="10501" />
			<column name="entity_id" valueNumeric="1" />
			<column name="deleted" valueNumeric="0" />
			<column name="item_id" valueNumeric="320104" />
			<column name="order_line_id" />
			<column name="notes" value="Bulk Upload" />
			<column name="optlock" valueNumeric="0" />
			<column name="group_id" />
			<column name="provisioning_status" />
			<column name="global" valueBoolean="true" />
		</insert>
		<insert tableName="asset">
			<column name="id" valueNumeric="8517" />
			<column name="identifier" value="8667801741" />
			<column name="create_datetime" valueDate="2014-10-22T23:18:46.862" />
			<column name="status_id" valueNumeric="10501" />
			<column name="entity_id" valueNumeric="1" />
			<column name="deleted" valueNumeric="0" />
			<column name="item_id" valueNumeric="320104" />
			<column name="order_line_id" />
			<column name="notes" value="Bulk Upload" />
			<column name="optlock" valueNumeric="0" />
			<column name="group_id" />
			<column name="provisioning_status" />
			<column name="global" valueBoolean="true" />
		</insert>
		<insert tableName="asset">
			<column name="id" valueNumeric="8518" />
			<column name="identifier" value="8667808824" />
			<column name="create_datetime" valueDate="2014-10-22T23:18:46.870" />
			<column name="status_id" valueNumeric="10501" />
			<column name="entity_id" valueNumeric="1" />
			<column name="deleted" valueNumeric="0" />
			<column name="item_id" valueNumeric="320104" />
			<column name="order_line_id" />
			<column name="notes" value="Bulk Upload" />
			<column name="optlock" valueNumeric="0" />
			<column name="group_id" />
			<column name="provisioning_status" />
			<column name="global" valueBoolean="true" />
		</insert>
		<insert tableName="asset">
			<column name="id" valueNumeric="8519" />
			<column name="identifier" value="8667808826" />
			<column name="create_datetime" valueDate="2014-10-22T23:18:46.910" />
			<column name="status_id" valueNumeric="10501" />
			<column name="entity_id" valueNumeric="1" />
			<column name="deleted" valueNumeric="0" />
			<column name="item_id" valueNumeric="320104" />
			<column name="order_line_id" />
			<column name="notes" value="Bulk Upload" />
			<column name="optlock" valueNumeric="0" />
			<column name="group_id" />
			<column name="provisioning_status" />
			<column name="global" valueBoolean="true" />
		</insert>
		<insert tableName="asset">
			<column name="id" valueNumeric="8520" />
			<column name="identifier" value="8667819463" />
			<column name="create_datetime" valueDate="2014-10-22T23:18:46.925" />
			<column name="status_id" valueNumeric="10501" />
			<column name="entity_id" valueNumeric="1" />
			<column name="deleted" valueNumeric="0" />
			<column name="item_id" valueNumeric="320104" />
			<column name="order_line_id" />
			<column name="notes" value="Bulk Upload" />
			<column name="optlock" valueNumeric="0" />
			<column name="group_id" />
			<column name="provisioning_status" />
			<column name="global" valueBoolean="true" />
		</insert>
		<insert tableName="asset">
			<column name="id" valueNumeric="8521" />
			<column name="identifier" value="8667828339" />
			<column name="create_datetime" valueDate="2014-10-22T23:18:46.932" />
			<column name="status_id" valueNumeric="10501" />
			<column name="entity_id" valueNumeric="1" />
			<column name="deleted" valueNumeric="0" />
			<column name="item_id" valueNumeric="320104" />
			<column name="order_line_id" />
			<column name="notes" value="Bulk Upload" />
			<column name="optlock" valueNumeric="0" />
			<column name="group_id" />
			<column name="provisioning_status" />
			<column name="global" valueBoolean="true" />
		</insert>
		<insert tableName="asset">
			<column name="id" valueNumeric="8522" />
			<column name="identifier" value="8667829153" />
			<column name="create_datetime" valueDate="2014-10-22T23:18:46.943" />
			<column name="status_id" valueNumeric="10501" />
			<column name="entity_id" valueNumeric="1" />
			<column name="deleted" valueNumeric="0" />
			<column name="item_id" valueNumeric="320104" />
			<column name="order_line_id" />
			<column name="notes" value="Bulk Upload" />
			<column name="optlock" valueNumeric="0" />
			<column name="group_id" />
			<column name="provisioning_status" />
			<column name="global" valueBoolean="true" />
		</insert>
		<insert tableName="asset">
			<column name="id" valueNumeric="8523" />
			<column name="identifier" value="8667841493" />
			<column name="create_datetime" valueDate="2014-10-22T23:18:46.963" />
			<column name="status_id" valueNumeric="10501" />
			<column name="entity_id" valueNumeric="1" />
			<column name="deleted" valueNumeric="0" />
			<column name="item_id" valueNumeric="320104" />
			<column name="order_line_id" />
			<column name="notes" value="Bulk Upload" />
			<column name="optlock" valueNumeric="0" />
			<column name="group_id" />
			<column name="provisioning_status" />
			<column name="global" valueBoolean="true" />
		</insert>
		<insert tableName="asset">
			<column name="id" valueNumeric="8524" />
			<column name="identifier" value="8667842431" />
			<column name="create_datetime" valueDate="2014-10-22T23:18:47.1" />
			<column name="status_id" valueNumeric="10501" />
			<column name="entity_id" valueNumeric="1" />
			<column name="deleted" valueNumeric="0" />
			<column name="item_id" valueNumeric="320104" />
			<column name="order_line_id" />
			<column name="notes" value="Bulk Upload" />
			<column name="optlock" valueNumeric="0" />
			<column name="group_id" />
			<column name="provisioning_status" />
			<column name="global" valueBoolean="true" />
		</insert>
		<insert tableName="asset">
			<column name="id" valueNumeric="8585" />
			<column name="identifier" value="8668093128" />
			<column name="create_datetime" valueDate="2014-10-22T23:18:48.644" />
			<column name="status_id" valueNumeric="10501" />
			<column name="entity_id" valueNumeric="1" />
			<column name="deleted" valueNumeric="0" />
			<column name="item_id" valueNumeric="320104" />
			<column name="order_line_id" />
			<column name="notes" value="Bulk Upload" />
			<column name="optlock" valueNumeric="0" />
			<column name="group_id" />
			<column name="provisioning_status" />
			<column name="global" valueBoolean="true" />
		</insert>
		<insert tableName="asset">
			<column name="id" valueNumeric="8586" />
			<column name="identifier" value="8668094502" />
			<column name="create_datetime" valueDate="2014-10-22T23:18:48.716" />
			<column name="status_id" valueNumeric="10501" />
			<column name="entity_id" valueNumeric="1" />
			<column name="deleted" valueNumeric="0" />
			<column name="item_id" valueNumeric="320104" />
			<column name="order_line_id" />
			<column name="notes" value="Bulk Upload" />
			<column name="optlock" valueNumeric="0" />
			<column name="group_id" />
			<column name="provisioning_status" />
			<column name="global" valueBoolean="true" />
		</insert>
		<insert tableName="asset">
			<column name="id" valueNumeric="8587" />
			<column name="identifier" value="8668103194" />
			<column name="create_datetime" valueDate="2014-10-22T23:18:48.745" />
			<column name="status_id" valueNumeric="10501" />
			<column name="entity_id" valueNumeric="1" />
			<column name="deleted" valueNumeric="0" />
			<column name="item_id" valueNumeric="320104" />
			<column name="order_line_id" />
			<column name="notes" value="Bulk Upload" />
			<column name="optlock" valueNumeric="0" />
			<column name="group_id" />
			<column name="provisioning_status" />
			<column name="global" valueBoolean="true" />
		</insert>
		<insert tableName="asset">
			<column name="id" valueNumeric="8588" />
			<column name="identifier" value="8668104915" />
			<column name="create_datetime" valueDate="2014-10-22T23:18:48.801" />
			<column name="status_id" valueNumeric="10501" />
			<column name="entity_id" valueNumeric="1" />
			<column name="deleted" valueNumeric="0" />
			<column name="item_id" valueNumeric="320104" />
			<column name="order_line_id" />
			<column name="notes" value="Bulk Upload" />
			<column name="optlock" valueNumeric="0" />
			<column name="group_id" />
			<column name="provisioning_status" />
			<column name="global" valueBoolean="true" />
		</insert>
		<insert tableName="asset">
			<column name="id" valueNumeric="8589" />
			<column name="identifier" value="8668110047" />
			<column name="create_datetime" valueDate="2014-10-22T23:18:48.820" />
			<column name="status_id" valueNumeric="10501" />
			<column name="entity_id" valueNumeric="1" />
			<column name="deleted" valueNumeric="0" />
			<column name="item_id" valueNumeric="320104" />
			<column name="order_line_id" />
			<column name="notes" value="Bulk Upload" />
			<column name="optlock" valueNumeric="0" />
			<column name="group_id" />
			<column name="provisioning_status" />
			<column name="global" valueBoolean="true" />
		</insert>
		<insert tableName="asset">
			<column name="id" valueNumeric="8590" />
			<column name="identifier" value="8668113011" />
			<column name="create_datetime" valueDate="2014-10-22T23:18:48.839" />
			<column name="status_id" valueNumeric="10501" />
			<column name="entity_id" valueNumeric="1" />
			<column name="deleted" valueNumeric="0" />
			<column name="item_id" valueNumeric="320104" />
			<column name="order_line_id" />
			<column name="notes" value="Bulk Upload" />
			<column name="optlock" valueNumeric="0" />
			<column name="group_id" />
			<column name="provisioning_status" />
			<column name="global" valueBoolean="true" />
		</insert>
		<insert tableName="asset">
			<column name="id" valueNumeric="8591" />
			<column name="identifier" value="8668113347" />
			<column name="create_datetime" valueDate="2014-10-22T23:18:48.849" />
			<column name="status_id" valueNumeric="10501" />
			<column name="entity_id" valueNumeric="1" />
			<column name="deleted" valueNumeric="0" />
			<column name="item_id" valueNumeric="320104" />
			<column name="order_line_id" />
			<column name="notes" value="Bulk Upload" />
			<column name="optlock" valueNumeric="0" />
			<column name="group_id" />
			<column name="provisioning_status" />
			<column name="global" valueBoolean="true" />
		</insert>
		<insert tableName="asset">
			<column name="id" valueNumeric="8592" />
			<column name="identifier" value="8668115321" />
			<column name="create_datetime" valueDate="2014-10-22T23:18:48.864" />
			<column name="status_id" valueNumeric="10501" />
			<column name="entity_id" valueNumeric="1" />
			<column name="deleted" valueNumeric="0" />
			<column name="item_id" valueNumeric="320104" />
			<column name="order_line_id" />
			<column name="notes" value="Bulk Upload" />
			<column name="optlock" valueNumeric="0" />
			<column name="group_id" />
			<column name="provisioning_status" />
			<column name="global" valueBoolean="true" />
		</insert>
		<insert tableName="asset">
			<column name="id" valueNumeric="8593" />
			<column name="identifier" value="8668115330" />
			<column name="create_datetime" valueDate="2014-10-22T23:18:48.891" />
			<column name="status_id" valueNumeric="10501" />
			<column name="entity_id" valueNumeric="1" />
			<column name="deleted" valueNumeric="0" />
			<column name="item_id" valueNumeric="320104" />
			<column name="order_line_id" />
			<column name="notes" value="Bulk Upload" />
			<column name="optlock" valueNumeric="0" />
			<column name="group_id" />
			<column name="provisioning_status" />
			<column name="global" valueBoolean="true" />
		</insert>
		<insert tableName="asset">
			<column name="id" valueNumeric="8594" />
			<column name="identifier" value="8668118992" />
			<column name="create_datetime" valueDate="2014-10-22T23:18:48.905" />
			<column name="status_id" valueNumeric="10501" />
			<column name="entity_id" valueNumeric="1" />
			<column name="deleted" valueNumeric="0" />
			<column name="item_id" valueNumeric="320104" />
			<column name="order_line_id" />
			<column name="notes" value="Bulk Upload" />
			<column name="optlock" valueNumeric="0" />
			<column name="group_id" />
			<column name="provisioning_status" />
			<column name="global" valueBoolean="true" />
		</insert>
		<insert tableName="asset">
			<column name="id" valueNumeric="8595" />
			<column name="identifier" value="8668120444" />
			<column name="create_datetime" valueDate="2014-10-22T23:18:48.933" />
			<column name="status_id" valueNumeric="10501" />
			<column name="entity_id" valueNumeric="1" />
			<column name="deleted" valueNumeric="0" />
			<column name="item_id" valueNumeric="320104" />
			<column name="order_line_id" />
			<column name="notes" value="Bulk Upload" />
			<column name="optlock" valueNumeric="0" />
			<column name="group_id" />
			<column name="provisioning_status" />
			<column name="global" valueBoolean="true" />
		</insert>
		<insert tableName="asset">
			<column name="id" valueNumeric="8596" />
			<column name="identifier" value="8668120449" />
			<column name="create_datetime" valueDate="2014-10-22T23:18:48.939" />
			<column name="status_id" valueNumeric="10501" />
			<column name="entity_id" valueNumeric="1" />
			<column name="deleted" valueNumeric="0" />
			<column name="item_id" valueNumeric="320104" />
			<column name="order_line_id" />
			<column name="notes" value="Bulk Upload" />
			<column name="optlock" valueNumeric="0" />
			<column name="group_id" />
			<column name="provisioning_status" />
			<column name="global" valueBoolean="true" />
		</insert>
		<insert tableName="asset">
			<column name="id" valueNumeric="8597" />
			<column name="identifier" value="8668122568" />
			<column name="create_datetime" valueDate="2014-10-22T23:18:48.949" />
			<column name="status_id" valueNumeric="10501" />
			<column name="entity_id" valueNumeric="1" />
			<column name="deleted" valueNumeric="0" />
			<column name="item_id" valueNumeric="320104" />
			<column name="order_line_id" />
			<column name="notes" value="Bulk Upload" />
			<column name="optlock" valueNumeric="0" />
			<column name="group_id" />
			<column name="provisioning_status" />
			<column name="global" valueBoolean="true" />
		</insert>
		<insert tableName="asset">
			<column name="id" valueNumeric="8598" />
			<column name="identifier" value="8668128209" />
			<column name="create_datetime" valueDate="2014-10-22T23:18:48.985" />
			<column name="status_id" valueNumeric="10501" />
			<column name="entity_id" valueNumeric="1" />
			<column name="deleted" valueNumeric="0" />
			<column name="item_id" valueNumeric="320104" />
			<column name="order_line_id" />
			<column name="notes" value="Bulk Upload" />
			<column name="optlock" valueNumeric="0" />
			<column name="group_id" />
			<column name="provisioning_status" />
			<column name="global" valueBoolean="true" />
		</insert>
		<insert tableName="asset">
			<column name="id" valueNumeric="8599" />
			<column name="identifier" value="8668142565" />
			<column name="create_datetime" valueDate="2014-10-22T23:18:49.21" />
			<column name="status_id" valueNumeric="10501" />
			<column name="entity_id" valueNumeric="1" />
			<column name="deleted" valueNumeric="0" />
			<column name="item_id" valueNumeric="320104" />
			<column name="order_line_id" />
			<column name="notes" value="Bulk Upload" />
			<column name="optlock" valueNumeric="0" />
			<column name="group_id" />
			<column name="provisioning_status" />
			<column name="global" valueBoolean="true" />
		</insert>
		<insert tableName="asset">
			<column name="id" valueNumeric="8600" />
			<column name="identifier" value="8668142853" />
			<column name="create_datetime" valueDate="2014-10-22T23:18:49.123" />
			<column name="status_id" valueNumeric="10501" />
			<column name="entity_id" valueNumeric="1" />
			<column name="deleted" valueNumeric="0" />
			<column name="item_id" valueNumeric="320104" />
			<column name="order_line_id" />
			<column name="notes" value="Bulk Upload" />
			<column name="optlock" valueNumeric="0" />
			<column name="group_id" />
			<column name="provisioning_status" />
			<column name="global" valueBoolean="true" />
		</insert>
		<insert tableName="asset">
			<column name="id" valueNumeric="8601" />
			<column name="identifier" value="8668152971" />
			<column name="create_datetime" valueDate="2014-10-22T23:18:49.131" />
			<column name="status_id" valueNumeric="10501" />
			<column name="entity_id" valueNumeric="1" />
			<column name="deleted" valueNumeric="0" />
			<column name="item_id" valueNumeric="320104" />
			<column name="order_line_id" />
			<column name="notes" value="Bulk Upload" />
			<column name="optlock" valueNumeric="0" />
			<column name="group_id" />
			<column name="provisioning_status" />
			<column name="global" valueBoolean="true" />
		</insert>
		<insert tableName="asset">
			<column name="id" valueNumeric="8602" />
			<column name="identifier" value="8668156934" />
			<column name="create_datetime" valueDate="2014-10-22T23:18:49.193" />
			<column name="status_id" valueNumeric="10501" />
			<column name="entity_id" valueNumeric="1" />
			<column name="deleted" valueNumeric="0" />
			<column name="item_id" valueNumeric="320104" />
			<column name="order_line_id" />
			<column name="notes" value="Bulk Upload" />
			<column name="optlock" valueNumeric="0" />
			<column name="group_id" />
			<column name="provisioning_status" />
			<column name="global" valueBoolean="true" />
		</insert>
		<insert tableName="asset">
			<column name="id" valueNumeric="8603" />
			<column name="identifier" value="8668156935" />
			<column name="create_datetime" valueDate="2014-10-22T23:18:49.199" />
			<column name="status_id" valueNumeric="10501" />
			<column name="entity_id" valueNumeric="1" />
			<column name="deleted" valueNumeric="0" />
			<column name="item_id" valueNumeric="320104" />
			<column name="order_line_id" />
			<column name="notes" value="Bulk Upload" />
			<column name="optlock" valueNumeric="0" />
			<column name="group_id" />
			<column name="provisioning_status" />
			<column name="global" valueBoolean="true" />
		</insert>
		<insert tableName="asset">
			<column name="id" valueNumeric="8604" />
			<column name="identifier" value="8668158768" />
			<column name="create_datetime" valueDate="2014-10-22T23:18:49.242" />
			<column name="status_id" valueNumeric="10501" />
			<column name="entity_id" valueNumeric="1" />
			<column name="deleted" valueNumeric="0" />
			<column name="item_id" valueNumeric="320104" />
			<column name="order_line_id" />
			<column name="notes" value="Bulk Upload" />
			<column name="optlock" valueNumeric="0" />
			<column name="group_id" />
			<column name="provisioning_status" />
			<column name="global" valueBoolean="true" />
		</insert>
		<insert tableName="asset">
			<column name="id" valueNumeric="8605" />
			<column name="identifier" value="8668158857" />
			<column name="create_datetime" valueDate="2014-10-22T23:18:49.269" />
			<column name="status_id" valueNumeric="10501" />
			<column name="entity_id" valueNumeric="1" />
			<column name="deleted" valueNumeric="0" />
			<column name="item_id" valueNumeric="320104" />
			<column name="order_line_id" />
			<column name="notes" value="Bulk Upload" />
			<column name="optlock" valueNumeric="0" />
			<column name="group_id" />
			<column name="provisioning_status" />
			<column name="global" valueBoolean="true" />
		</insert>
		<insert tableName="asset">
			<column name="id" valueNumeric="8606" />
			<column name="identifier" value="8668158861" />
			<column name="create_datetime" valueDate="2014-10-22T23:18:49.351" />
			<column name="status_id" valueNumeric="10501" />
			<column name="entity_id" valueNumeric="1" />
			<column name="deleted" valueNumeric="0" />
			<column name="item_id" valueNumeric="320104" />
			<column name="order_line_id" />
			<column name="notes" value="Bulk Upload" />
			<column name="optlock" valueNumeric="0" />
			<column name="group_id" />
			<column name="provisioning_status" />
			<column name="global" valueBoolean="true" />
		</insert>
		<insert tableName="asset">
			<column name="id" valueNumeric="8607" />
			<column name="identifier" value="8668161918" />
			<column name="create_datetime" valueDate="2014-10-22T23:18:49.362" />
			<column name="status_id" valueNumeric="10501" />
			<column name="entity_id" valueNumeric="1" />
			<column name="deleted" valueNumeric="0" />
			<column name="item_id" valueNumeric="320104" />
			<column name="order_line_id" />
			<column name="notes" value="Bulk Upload" />
			<column name="optlock" valueNumeric="0" />
			<column name="group_id" />
			<column name="provisioning_status" />
			<column name="global" valueBoolean="true" />
		</insert>
		<insert tableName="asset">
			<column name="id" valueNumeric="8608" />
			<column name="identifier" value="8668166335" />
			<column name="create_datetime" valueDate="2014-10-22T23:18:49.372" />
			<column name="status_id" valueNumeric="10501" />
			<column name="entity_id" valueNumeric="1" />
			<column name="deleted" valueNumeric="0" />
			<column name="item_id" valueNumeric="320104" />
			<column name="order_line_id" />
			<column name="notes" value="Bulk Upload" />
			<column name="optlock" valueNumeric="0" />
			<column name="group_id" />
			<column name="provisioning_status" />
			<column name="global" valueBoolean="true" />
		</insert>
		<insert tableName="asset">
			<column name="id" valueNumeric="8609" />
			<column name="identifier" value="8668172837" />
			<column name="create_datetime" valueDate="2014-10-22T23:18:49.402" />
			<column name="status_id" valueNumeric="10501" />
			<column name="entity_id" valueNumeric="1" />
			<column name="deleted" valueNumeric="0" />
			<column name="item_id" valueNumeric="320104" />
			<column name="order_line_id" />
			<column name="notes" value="Bulk Upload" />
			<column name="optlock" valueNumeric="0" />
			<column name="group_id" />
			<column name="provisioning_status" />
			<column name="global" valueBoolean="true" />
		</insert>
		<insert tableName="asset">
			<column name="id" valueNumeric="8610" />
			<column name="identifier" value="8668181086" />
			<column name="create_datetime" valueDate="2014-10-22T23:18:49.463" />
			<column name="status_id" valueNumeric="10501" />
			<column name="entity_id" valueNumeric="1" />
			<column name="deleted" valueNumeric="0" />
			<column name="item_id" valueNumeric="320104" />
			<column name="order_line_id" />
			<column name="notes" value="Bulk Upload" />
			<column name="optlock" valueNumeric="0" />
			<column name="group_id" />
			<column name="provisioning_status" />
			<column name="global" valueBoolean="true" />
		</insert>
		<insert tableName="asset">
			<column name="id" valueNumeric="8611" />
			<column name="identifier" value="8668182899" />
			<column name="create_datetime" valueDate="2014-10-22T23:18:49.486" />
			<column name="status_id" valueNumeric="10501" />
			<column name="entity_id" valueNumeric="1" />
			<column name="deleted" valueNumeric="0" />
			<column name="item_id" valueNumeric="320104" />
			<column name="order_line_id" />
			<column name="notes" value="Bulk Upload" />
			<column name="optlock" valueNumeric="0" />
			<column name="group_id" />
			<column name="provisioning_status" />
			<column name="global" valueBoolean="true" />
		</insert>
		<insert tableName="asset">
			<column name="id" valueNumeric="8612" />
			<column name="identifier" value="8668184731" />
			<column name="create_datetime" valueDate="2014-10-22T23:18:49.496" />
			<column name="status_id" valueNumeric="10501" />
			<column name="entity_id" valueNumeric="1" />
			<column name="deleted" valueNumeric="0" />
			<column name="item_id" valueNumeric="320104" />
			<column name="order_line_id" />
			<column name="notes" value="Bulk Upload" />
			<column name="optlock" valueNumeric="0" />
			<column name="group_id" />
			<column name="provisioning_status" />
			<column name="global" valueBoolean="true" />
		</insert>
		<insert tableName="asset">
			<column name="id" valueNumeric="8613" />
			<column name="identifier" value="8668188090" />
			<column name="create_datetime" valueDate="2014-10-22T23:18:49.516" />
			<column name="status_id" valueNumeric="10501" />
			<column name="entity_id" valueNumeric="1" />
			<column name="deleted" valueNumeric="0" />
			<column name="item_id" valueNumeric="320104" />
			<column name="order_line_id" />
			<column name="notes" value="Bulk Upload" />
			<column name="optlock" valueNumeric="0" />
			<column name="group_id" />
			<column name="provisioning_status" />
			<column name="global" valueBoolean="true" />
		</insert>
		<insert tableName="asset">
			<column name="id" valueNumeric="8614" />
			<column name="identifier" value="8668188237" />
			<column name="create_datetime" valueDate="2014-10-22T23:18:49.542" />
			<column name="status_id" valueNumeric="10501" />
			<column name="entity_id" valueNumeric="1" />
			<column name="deleted" valueNumeric="0" />
			<column name="item_id" valueNumeric="320104" />
			<column name="order_line_id" />
			<column name="notes" value="Bulk Upload" />
			<column name="optlock" valueNumeric="0" />
			<column name="group_id" />
			<column name="provisioning_status" />
			<column name="global" valueBoolean="true" />
		</insert>
		<insert tableName="asset">
			<column name="id" valueNumeric="8615" />
			<column name="identifier" value="8668190979" />
			<column name="create_datetime" valueDate="2014-10-22T23:18:49.574" />
			<column name="status_id" valueNumeric="10501" />
			<column name="entity_id" valueNumeric="1" />
			<column name="deleted" valueNumeric="0" />
			<column name="item_id" valueNumeric="320104" />
			<column name="order_line_id" />
			<column name="notes" value="Bulk Upload" />
			<column name="optlock" valueNumeric="0" />
			<column name="group_id" />
			<column name="provisioning_status" />
			<column name="global" valueBoolean="true" />
		</insert>
		<insert tableName="asset">
			<column name="id" valueNumeric="8616" />
			<column name="identifier" value="8668195537" />
			<column name="create_datetime" valueDate="2014-10-22T23:18:49.588" />
			<column name="status_id" valueNumeric="10501" />
			<column name="entity_id" valueNumeric="1" />
			<column name="deleted" valueNumeric="0" />
			<column name="item_id" valueNumeric="320104" />
			<column name="order_line_id" />
			<column name="notes" value="Bulk Upload" />
			<column name="optlock" valueNumeric="0" />
			<column name="group_id" />
			<column name="provisioning_status" />
			<column name="global" valueBoolean="true" />
		</insert>
		<insert tableName="asset">
			<column name="id" valueNumeric="8617" />
			<column name="identifier" value="8668203008" />
			<column name="create_datetime" valueDate="2014-10-22T23:18:49.617" />
			<column name="status_id" valueNumeric="10501" />
			<column name="entity_id" valueNumeric="1" />
			<column name="deleted" valueNumeric="0" />
			<column name="item_id" valueNumeric="320104" />
			<column name="order_line_id" />
			<column name="notes" value="Bulk Upload" />
			<column name="optlock" valueNumeric="0" />
			<column name="group_id" />
			<column name="provisioning_status" />
			<column name="global" valueBoolean="true" />
		</insert>
		<insert tableName="asset">
			<column name="id" valueNumeric="8618" />
			<column name="identifier" value="8668203567" />
			<column name="create_datetime" valueDate="2014-10-22T23:18:49.630" />
			<column name="status_id" valueNumeric="10501" />
			<column name="entity_id" valueNumeric="1" />
			<column name="deleted" valueNumeric="0" />
			<column name="item_id" valueNumeric="320104" />
			<column name="order_line_id" />
			<column name="notes" value="Bulk Upload" />
			<column name="optlock" valueNumeric="0" />
			<column name="group_id" />
			<column name="provisioning_status" />
			<column name="global" valueBoolean="true" />
		</insert>
		<insert tableName="asset">
			<column name="id" valueNumeric="8619" />
			<column name="identifier" value="8668204542" />
			<column name="create_datetime" valueDate="2014-10-22T23:18:49.636" />
			<column name="status_id" valueNumeric="10501" />
			<column name="entity_id" valueNumeric="1" />
			<column name="deleted" valueNumeric="0" />
			<column name="item_id" valueNumeric="320104" />
			<column name="order_line_id" />
			<column name="notes" value="Bulk Upload" />
			<column name="optlock" valueNumeric="0" />
			<column name="group_id" />
			<column name="provisioning_status" />
			<column name="global" valueBoolean="true" />
		</insert>
		<insert tableName="asset">
			<column name="id" valueNumeric="8620" />
			<column name="identifier" value="8668205666" />
			<column name="create_datetime" valueDate="2014-10-22T23:18:49.657" />
			<column name="status_id" valueNumeric="10501" />
			<column name="entity_id" valueNumeric="1" />
			<column name="deleted" valueNumeric="0" />
			<column name="item_id" valueNumeric="320104" />
			<column name="order_line_id" />
			<column name="notes" value="Bulk Upload" />
			<column name="optlock" valueNumeric="0" />
			<column name="group_id" />
			<column name="provisioning_status" />
			<column name="global" valueBoolean="true" />
		</insert>
		<insert tableName="asset">
			<column name="id" valueNumeric="8621" />
			<column name="identifier" value="8668218684" />
			<column name="create_datetime" valueDate="2014-10-22T23:18:49.669" />
			<column name="status_id" valueNumeric="10501" />
			<column name="entity_id" valueNumeric="1" />
			<column name="deleted" valueNumeric="0" />
			<column name="item_id" valueNumeric="320104" />
			<column name="order_line_id" />
			<column name="notes" value="Bulk Upload" />
			<column name="optlock" valueNumeric="0" />
			<column name="group_id" />
			<column name="provisioning_status" />
			<column name="global" valueBoolean="true" />
		</insert>
		<insert tableName="asset">
			<column name="id" valueNumeric="8622" />
			<column name="identifier" value="8668218819" />
			<column name="create_datetime" valueDate="2014-10-22T23:18:49.680" />
			<column name="status_id" valueNumeric="10501" />
			<column name="entity_id" valueNumeric="1" />
			<column name="deleted" valueNumeric="0" />
			<column name="item_id" valueNumeric="320104" />
			<column name="order_line_id" />
			<column name="notes" value="Bulk Upload" />
			<column name="optlock" valueNumeric="0" />
			<column name="group_id" />
			<column name="provisioning_status" />
			<column name="global" valueBoolean="true" />
		</insert>
		<insert tableName="asset">
			<column name="id" valueNumeric="8623" />
			<column name="identifier" value="8668219994" />
			<column name="create_datetime" valueDate="2014-10-22T23:18:49.705" />
			<column name="status_id" valueNumeric="10501" />
			<column name="entity_id" valueNumeric="1" />
			<column name="deleted" valueNumeric="0" />
			<column name="item_id" valueNumeric="320104" />
			<column name="order_line_id" />
			<column name="notes" value="Bulk Upload" />
			<column name="optlock" valueNumeric="0" />
			<column name="group_id" />
			<column name="provisioning_status" />
			<column name="global" valueBoolean="true" />
		</insert>
		<insert tableName="asset">
			<column name="id" valueNumeric="8624" />
			<column name="identifier" value="8668223727" />
			<column name="create_datetime" valueDate="2014-10-22T23:18:49.717" />
			<column name="status_id" valueNumeric="10501" />
			<column name="entity_id" valueNumeric="1" />
			<column name="deleted" valueNumeric="0" />
			<column name="item_id" valueNumeric="320104" />
			<column name="order_line_id" />
			<column name="notes" value="Bulk Upload" />
			<column name="optlock" valueNumeric="0" />
			<column name="group_id" />
			<column name="provisioning_status" />
			<column name="global" valueBoolean="true" />
		</insert>
		<insert tableName="asset">
			<column name="id" valueNumeric="8625" />
			<column name="identifier" value="8668225559" />
			<column name="create_datetime" valueDate="2014-10-22T23:18:49.736" />
			<column name="status_id" valueNumeric="10501" />
			<column name="entity_id" valueNumeric="1" />
			<column name="deleted" valueNumeric="0" />
			<column name="item_id" valueNumeric="320104" />
			<column name="order_line_id" />
			<column name="notes" value="Bulk Upload" />
			<column name="optlock" valueNumeric="0" />
			<column name="group_id" />
			<column name="provisioning_status" />
			<column name="global" valueBoolean="true" />
		</insert>
		<insert tableName="asset">
			<column name="id" valueNumeric="8626" />
			<column name="identifier" value="8668233267" />
			<column name="create_datetime" valueDate="2014-10-22T23:18:49.809" />
			<column name="status_id" valueNumeric="10501" />
			<column name="entity_id" valueNumeric="1" />
			<column name="deleted" valueNumeric="0" />
			<column name="item_id" valueNumeric="320104" />
			<column name="order_line_id" />
			<column name="notes" value="Bulk Upload" />
			<column name="optlock" valueNumeric="0" />
			<column name="group_id" />
			<column name="provisioning_status" />
			<column name="global" valueBoolean="true" />
		</insert>
		<insert tableName="asset">
			<column name="id" valueNumeric="8627" />
			<column name="identifier" value="8668235339" />
			<column name="create_datetime" valueDate="2014-10-22T23:18:49.828" />
			<column name="status_id" valueNumeric="10501" />
			<column name="entity_id" valueNumeric="1" />
			<column name="deleted" valueNumeric="0" />
			<column name="item_id" valueNumeric="320104" />
			<column name="order_line_id" />
			<column name="notes" value="Bulk Upload" />
			<column name="optlock" valueNumeric="0" />
			<column name="group_id" />
			<column name="provisioning_status" />
			<column name="global" valueBoolean="true" />
		</insert>
		<insert tableName="asset">
			<column name="id" valueNumeric="8628" />
			<column name="identifier" value="8668235803" />
			<column name="create_datetime" valueDate="2014-10-22T23:18:49.859" />
			<column name="status_id" valueNumeric="10501" />
			<column name="entity_id" valueNumeric="1" />
			<column name="deleted" valueNumeric="0" />
			<column name="item_id" valueNumeric="320104" />
			<column name="order_line_id" />
			<column name="notes" value="Bulk Upload" />
			<column name="optlock" valueNumeric="0" />
			<column name="group_id" />
			<column name="provisioning_status" />
			<column name="global" valueBoolean="true" />
		</insert>
		<insert tableName="asset">
			<column name="id" valueNumeric="8629" />
			<column name="identifier" value="8668236594" />
			<column name="create_datetime" valueDate="2014-10-22T23:18:49.869" />
			<column name="status_id" valueNumeric="10501" />
			<column name="entity_id" valueNumeric="1" />
			<column name="deleted" valueNumeric="0" />
			<column name="item_id" valueNumeric="320104" />
			<column name="order_line_id" />
			<column name="notes" value="Bulk Upload" />
			<column name="optlock" valueNumeric="0" />
			<column name="group_id" />
			<column name="provisioning_status" />
			<column name="global" valueBoolean="true" />
		</insert>
		<insert tableName="asset">
			<column name="id" valueNumeric="8630" />
			<column name="identifier" value="8668236689" />
			<column name="create_datetime" valueDate="2014-10-22T23:18:49.880" />
			<column name="status_id" valueNumeric="10501" />
			<column name="entity_id" valueNumeric="1" />
			<column name="deleted" valueNumeric="0" />
			<column name="item_id" valueNumeric="320104" />
			<column name="order_line_id" />
			<column name="notes" value="Bulk Upload" />
			<column name="optlock" valueNumeric="0" />
			<column name="group_id" />
			<column name="provisioning_status" />
			<column name="global" valueBoolean="true" />
		</insert>
		<insert tableName="asset">
			<column name="id" valueNumeric="8631" />
			<column name="identifier" value="8668241053" />
			<column name="create_datetime" valueDate="2014-10-22T23:18:49.930" />
			<column name="status_id" valueNumeric="10501" />
			<column name="entity_id" valueNumeric="1" />
			<column name="deleted" valueNumeric="0" />
			<column name="item_id" valueNumeric="320104" />
			<column name="order_line_id" />
			<column name="notes" value="Bulk Upload" />
			<column name="optlock" valueNumeric="0" />
			<column name="group_id" />
			<column name="provisioning_status" />
			<column name="global" valueBoolean="true" />
		</insert>
		<insert tableName="asset">
			<column name="id" valueNumeric="8632" />
			<column name="identifier" value="8668244750" />
			<column name="create_datetime" valueDate="2014-10-22T23:18:49.973" />
			<column name="status_id" valueNumeric="10501" />
			<column name="entity_id" valueNumeric="1" />
			<column name="deleted" valueNumeric="0" />
			<column name="item_id" valueNumeric="320104" />
			<column name="order_line_id" />
			<column name="notes" value="Bulk Upload" />
			<column name="optlock" valueNumeric="0" />
			<column name="group_id" />
			<column name="provisioning_status" />
			<column name="global" valueBoolean="true" />
		</insert>
		<insert tableName="asset">
			<column name="id" valueNumeric="8633" />
			<column name="identifier" value="8668247732" />
			<column name="create_datetime" valueDate="2014-10-22T23:18:50.0" />
			<column name="status_id" valueNumeric="10501" />
			<column name="entity_id" valueNumeric="1" />
			<column name="deleted" valueNumeric="0" />
			<column name="item_id" valueNumeric="320104" />
			<column name="order_line_id" />
			<column name="notes" value="Bulk Upload" />
			<column name="optlock" valueNumeric="0" />
			<column name="group_id" />
			<column name="provisioning_status" />
			<column name="global" valueBoolean="true" />
		</insert>
		<insert tableName="asset">
			<column name="id" valueNumeric="8634" />
			<column name="identifier" value="8668253787" />
			<column name="create_datetime" valueDate="2014-10-22T23:18:50.21" />
			<column name="status_id" valueNumeric="10501" />
			<column name="entity_id" valueNumeric="1" />
			<column name="deleted" valueNumeric="0" />
			<column name="item_id" valueNumeric="320104" />
			<column name="order_line_id" />
			<column name="notes" value="Bulk Upload" />
			<column name="optlock" valueNumeric="0" />
			<column name="group_id" />
			<column name="provisioning_status" />
			<column name="global" valueBoolean="true" />
		</insert>
		<insert tableName="asset">
			<column name="id" valueNumeric="8635" />
			<column name="identifier" value="8668254760" />
			<column name="create_datetime" valueDate="2014-10-22T23:18:50.31" />
			<column name="status_id" valueNumeric="10501" />
			<column name="entity_id" valueNumeric="1" />
			<column name="deleted" valueNumeric="0" />
			<column name="item_id" valueNumeric="320104" />
			<column name="order_line_id" />
			<column name="notes" value="Bulk Upload" />
			<column name="optlock" valueNumeric="0" />
			<column name="group_id" />
			<column name="provisioning_status" />
			<column name="global" valueBoolean="true" />
		</insert>
		<insert tableName="asset">
			<column name="id" valueNumeric="8636" />
			<column name="identifier" value="8668256788" />
			<column name="create_datetime" valueDate="2014-10-22T23:18:50.41" />
			<column name="status_id" valueNumeric="10501" />
			<column name="entity_id" valueNumeric="1" />
			<column name="deleted" valueNumeric="0" />
			<column name="item_id" valueNumeric="320104" />
			<column name="order_line_id" />
			<column name="notes" value="Bulk Upload" />
			<column name="optlock" valueNumeric="0" />
			<column name="group_id" />
			<column name="provisioning_status" />
			<column name="global" valueBoolean="true" />
		</insert>
		<insert tableName="asset">
			<column name="id" valueNumeric="8637" />
			<column name="identifier" value="8668258849" />
			<column name="create_datetime" valueDate="2014-10-22T23:18:50.72" />
			<column name="status_id" valueNumeric="10501" />
			<column name="entity_id" valueNumeric="1" />
			<column name="deleted" valueNumeric="0" />
			<column name="item_id" valueNumeric="320104" />
			<column name="order_line_id" />
			<column name="notes" value="Bulk Upload" />
			<column name="optlock" valueNumeric="0" />
			<column name="group_id" />
			<column name="provisioning_status" />
			<column name="global" valueBoolean="true" />
		</insert>
		<insert tableName="asset">
			<column name="id" valueNumeric="8638" />
			<column name="identifier" value="8668261719" />
			<column name="create_datetime" valueDate="2014-10-22T23:18:50.78" />
			<column name="status_id" valueNumeric="10501" />
			<column name="entity_id" valueNumeric="1" />
			<column name="deleted" valueNumeric="0" />
			<column name="item_id" valueNumeric="320104" />
			<column name="order_line_id" />
			<column name="notes" value="Bulk Upload" />
			<column name="optlock" valueNumeric="0" />
			<column name="group_id" />
			<column name="provisioning_status" />
			<column name="global" valueBoolean="true" />
		</insert>
		<insert tableName="asset">
			<column name="id" valueNumeric="8639" />
			<column name="identifier" value="8668262256" />
			<column name="create_datetime" valueDate="2014-10-22T23:18:50.145" />
			<column name="status_id" valueNumeric="10501" />
			<column name="entity_id" valueNumeric="1" />
			<column name="deleted" valueNumeric="0" />
			<column name="item_id" valueNumeric="320104" />
			<column name="order_line_id" />
			<column name="notes" value="Bulk Upload" />
			<column name="optlock" valueNumeric="0" />
			<column name="group_id" />
			<column name="provisioning_status" />
			<column name="global" valueBoolean="true" />
		</insert>
		<insert tableName="asset">
			<column name="id" valueNumeric="8640" />
			<column name="identifier" value="8668267525" />
			<column name="create_datetime" valueDate="2014-10-22T23:18:50.151" />
			<column name="status_id" valueNumeric="10501" />
			<column name="entity_id" valueNumeric="1" />
			<column name="deleted" valueNumeric="0" />
			<column name="item_id" valueNumeric="320104" />
			<column name="order_line_id" />
			<column name="notes" value="Bulk Upload" />
			<column name="optlock" valueNumeric="0" />
			<column name="group_id" />
			<column name="provisioning_status" />
			<column name="global" valueBoolean="true" />
		</insert>
		<insert tableName="asset">
			<column name="id" valueNumeric="8641" />
			<column name="identifier" value="8668276005" />
			<column name="create_datetime" valueDate="2014-10-22T23:18:50.157" />
			<column name="status_id" valueNumeric="10501" />
			<column name="entity_id" valueNumeric="1" />
			<column name="deleted" valueNumeric="0" />
			<column name="item_id" valueNumeric="320104" />
			<column name="order_line_id" />
			<column name="notes" value="Bulk Upload" />
			<column name="optlock" valueNumeric="0" />
			<column name="group_id" />
			<column name="provisioning_status" />
			<column name="global" valueBoolean="true" />
		</insert>
		<insert tableName="asset">
			<column name="id" valueNumeric="8642" />
			<column name="identifier" value="8668284970" />
			<column name="create_datetime" valueDate="2014-10-22T23:18:50.194" />
			<column name="status_id" valueNumeric="10501" />
			<column name="entity_id" valueNumeric="1" />
			<column name="deleted" valueNumeric="0" />
			<column name="item_id" valueNumeric="320104" />
			<column name="order_line_id" />
			<column name="notes" value="Bulk Upload" />
			<column name="optlock" valueNumeric="0" />
			<column name="group_id" />
			<column name="provisioning_status" />
			<column name="global" valueBoolean="true" />
		</insert>
		<insert tableName="asset">
			<column name="id" valueNumeric="8643" />
			<column name="identifier" value="8668295706" />
			<column name="create_datetime" valueDate="2014-10-22T23:18:50.203" />
			<column name="status_id" valueNumeric="10501" />
			<column name="entity_id" valueNumeric="1" />
			<column name="deleted" valueNumeric="0" />
			<column name="item_id" valueNumeric="320104" />
			<column name="order_line_id" />
			<column name="notes" value="Bulk Upload" />
			<column name="optlock" valueNumeric="0" />
			<column name="group_id" />
			<column name="provisioning_status" />
			<column name="global" valueBoolean="true" />
		</insert>
		<insert tableName="asset">
			<column name="id" valueNumeric="8644" />
			<column name="identifier" value="8668296524" />
			<column name="create_datetime" valueDate="2014-10-22T23:18:50.213" />
			<column name="status_id" valueNumeric="10501" />
			<column name="entity_id" valueNumeric="1" />
			<column name="deleted" valueNumeric="0" />
			<column name="item_id" valueNumeric="320104" />
			<column name="order_line_id" />
			<column name="notes" value="Bulk Upload" />
			<column name="optlock" valueNumeric="0" />
			<column name="group_id" />
			<column name="provisioning_status" />
			<column name="global" valueBoolean="true" />
		</insert>
		<insert tableName="asset">
			<column name="id" valueNumeric="8645" />
			<column name="identifier" value="8668297455" />
			<column name="create_datetime" valueDate="2014-10-22T23:18:50.227" />
			<column name="status_id" valueNumeric="10501" />
			<column name="entity_id" valueNumeric="1" />
			<column name="deleted" valueNumeric="0" />
			<column name="item_id" valueNumeric="320104" />
			<column name="order_line_id" />
			<column name="notes" value="Bulk Upload" />
			<column name="optlock" valueNumeric="0" />
			<column name="group_id" />
			<column name="provisioning_status" />
			<column name="global" valueBoolean="true" />
		</insert>
		<insert tableName="asset">
			<column name="id" valueNumeric="8646" />
			<column name="identifier" value="8668299707" />
			<column name="create_datetime" valueDate="2014-10-22T23:18:50.238" />
			<column name="status_id" valueNumeric="10501" />
			<column name="entity_id" valueNumeric="1" />
			<column name="deleted" valueNumeric="0" />
			<column name="item_id" valueNumeric="320104" />
			<column name="order_line_id" />
			<column name="notes" value="Bulk Upload" />
			<column name="optlock" valueNumeric="0" />
			<column name="group_id" />
			<column name="provisioning_status" />
			<column name="global" valueBoolean="true" />
		</insert>
		<insert tableName="asset">
			<column name="id" valueNumeric="8647" />
			<column name="identifier" value="8668299710" />
			<column name="create_datetime" valueDate="2014-10-22T23:18:50.244" />
			<column name="status_id" valueNumeric="10501" />
			<column name="entity_id" valueNumeric="1" />
			<column name="deleted" valueNumeric="0" />
			<column name="item_id" valueNumeric="320104" />
			<column name="order_line_id" />
			<column name="notes" value="Bulk Upload" />
			<column name="optlock" valueNumeric="0" />
			<column name="group_id" />
			<column name="provisioning_status" />
			<column name="global" valueBoolean="true" />
		</insert>
		<insert tableName="asset">
			<column name="id" valueNumeric="8648" />
			<column name="identifier" value="8668302630" />
			<column name="create_datetime" valueDate="2014-10-22T23:18:50.250" />
			<column name="status_id" valueNumeric="10501" />
			<column name="entity_id" valueNumeric="1" />
			<column name="deleted" valueNumeric="0" />
			<column name="item_id" valueNumeric="320104" />
			<column name="order_line_id" />
			<column name="notes" value="Bulk Upload" />
			<column name="optlock" valueNumeric="0" />
			<column name="group_id" />
			<column name="provisioning_status" />
			<column name="global" valueBoolean="true" />
		</insert>
		<insert tableName="asset">
			<column name="id" valueNumeric="8649" />
			<column name="identifier" value="8668322279" />
			<column name="create_datetime" valueDate="2014-10-22T23:18:50.257" />
			<column name="status_id" valueNumeric="10501" />
			<column name="entity_id" valueNumeric="1" />
			<column name="deleted" valueNumeric="0" />
			<column name="item_id" valueNumeric="320104" />
			<column name="order_line_id" />
			<column name="notes" value="Bulk Upload" />
			<column name="optlock" valueNumeric="0" />
			<column name="group_id" />
			<column name="provisioning_status" />
			<column name="global" valueBoolean="true" />
		</insert>
		<insert tableName="asset">
			<column name="id" valueNumeric="8650" />
			<column name="identifier" value="8668324536" />
			<column name="create_datetime" valueDate="2014-10-22T23:18:50.281" />
			<column name="status_id" valueNumeric="10501" />
			<column name="entity_id" valueNumeric="1" />
			<column name="deleted" valueNumeric="0" />
			<column name="item_id" valueNumeric="320104" />
			<column name="order_line_id" />
			<column name="notes" value="Bulk Upload" />
			<column name="optlock" valueNumeric="0" />
			<column name="group_id" />
			<column name="provisioning_status" />
			<column name="global" valueBoolean="true" />
		</insert>
		<insert tableName="asset">
			<column name="id" valueNumeric="8651" />
			<column name="identifier" value="8668325550" />
			<column name="create_datetime" valueDate="2014-10-22T23:18:50.288" />
			<column name="status_id" valueNumeric="10501" />
			<column name="entity_id" valueNumeric="1" />
			<column name="deleted" valueNumeric="0" />
			<column name="item_id" valueNumeric="320104" />
			<column name="order_line_id" />
			<column name="notes" value="Bulk Upload" />
			<column name="optlock" valueNumeric="0" />
			<column name="group_id" />
			<column name="provisioning_status" />
			<column name="global" valueBoolean="true" />
		</insert>
		<insert tableName="asset">
			<column name="id" valueNumeric="8652" />
			<column name="identifier" value="8668339416" />
			<column name="create_datetime" valueDate="2014-10-22T23:18:50.294" />
			<column name="status_id" valueNumeric="10501" />
			<column name="entity_id" valueNumeric="1" />
			<column name="deleted" valueNumeric="0" />
			<column name="item_id" valueNumeric="320104" />
			<column name="order_line_id" />
			<column name="notes" value="Bulk Upload" />
			<column name="optlock" valueNumeric="0" />
			<column name="group_id" />
			<column name="provisioning_status" />
			<column name="global" valueBoolean="true" />
		</insert>
		<insert tableName="asset">
			<column name="id" valueNumeric="8653" />
			<column name="identifier" value="8668343089" />
			<column name="create_datetime" valueDate="2014-10-22T23:18:50.306" />
			<column name="status_id" valueNumeric="10501" />
			<column name="entity_id" valueNumeric="1" />
			<column name="deleted" valueNumeric="0" />
			<column name="item_id" valueNumeric="320104" />
			<column name="order_line_id" />
			<column name="notes" value="Bulk Upload" />
			<column name="optlock" valueNumeric="0" />
			<column name="group_id" />
			<column name="provisioning_status" />
			<column name="global" valueBoolean="true" />
		</insert>
		<insert tableName="asset">
			<column name="id" valueNumeric="8654" />
			<column name="identifier" value="8668354362" />
			<column name="create_datetime" valueDate="2014-10-22T23:18:50.485" />
			<column name="status_id" valueNumeric="10501" />
			<column name="entity_id" valueNumeric="1" />
			<column name="deleted" valueNumeric="0" />
			<column name="item_id" valueNumeric="320104" />
			<column name="order_line_id" />
			<column name="notes" value="Bulk Upload" />
			<column name="optlock" valueNumeric="0" />
			<column name="group_id" />
			<column name="provisioning_status" />
			<column name="global" valueBoolean="true" />
		</insert>
		<insert tableName="asset">
			<column name="id" valueNumeric="8655" />
			<column name="identifier" value="8668359337" />
			<column name="create_datetime" valueDate="2014-10-22T23:18:50.534" />
			<column name="status_id" valueNumeric="10501" />
			<column name="entity_id" valueNumeric="1" />
			<column name="deleted" valueNumeric="0" />
			<column name="item_id" valueNumeric="320104" />
			<column name="order_line_id" />
			<column name="notes" value="Bulk Upload" />
			<column name="optlock" valueNumeric="0" />
			<column name="group_id" />
			<column name="provisioning_status" />
			<column name="global" valueBoolean="true" />
		</insert>
		<insert tableName="asset">
			<column name="id" valueNumeric="8656" />
			<column name="identifier" value="8668361429" />
			<column name="create_datetime" valueDate="2014-10-22T23:18:50.553" />
			<column name="status_id" valueNumeric="10501" />
			<column name="entity_id" valueNumeric="1" />
			<column name="deleted" valueNumeric="0" />
			<column name="item_id" valueNumeric="320104" />
			<column name="order_line_id" />
			<column name="notes" value="Bulk Upload" />
			<column name="optlock" valueNumeric="0" />
			<column name="group_id" />
			<column name="provisioning_status" />
			<column name="global" valueBoolean="true" />
		</insert>
		<insert tableName="asset">
			<column name="id" valueNumeric="8657" />
			<column name="identifier" value="8668362739" />
			<column name="create_datetime" valueDate="2014-10-22T23:18:50.560" />
			<column name="status_id" valueNumeric="10501" />
			<column name="entity_id" valueNumeric="1" />
			<column name="deleted" valueNumeric="0" />
			<column name="item_id" valueNumeric="320104" />
			<column name="order_line_id" />
			<column name="notes" value="Bulk Upload" />
			<column name="optlock" valueNumeric="0" />
			<column name="group_id" />
			<column name="provisioning_status" />
			<column name="global" valueBoolean="true" />
		</insert>
		<insert tableName="asset">
			<column name="id" valueNumeric="8658" />
			<column name="identifier" value="8668363130" />
			<column name="create_datetime" valueDate="2014-10-22T23:18:50.566" />
			<column name="status_id" valueNumeric="10501" />
			<column name="entity_id" valueNumeric="1" />
			<column name="deleted" valueNumeric="0" />
			<column name="item_id" valueNumeric="320104" />
			<column name="order_line_id" />
			<column name="notes" value="Bulk Upload" />
			<column name="optlock" valueNumeric="0" />
			<column name="group_id" />
			<column name="provisioning_status" />
			<column name="global" valueBoolean="true" />
		</insert>
		<insert tableName="asset">
			<column name="id" valueNumeric="8659" />
			<column name="identifier" value="8668367260" />
			<column name="create_datetime" valueDate="2014-10-22T23:18:50.588" />
			<column name="status_id" valueNumeric="10501" />
			<column name="entity_id" valueNumeric="1" />
			<column name="deleted" valueNumeric="0" />
			<column name="item_id" valueNumeric="320104" />
			<column name="order_line_id" />
			<column name="notes" value="Bulk Upload" />
			<column name="optlock" valueNumeric="0" />
			<column name="group_id" />
			<column name="provisioning_status" />
			<column name="global" valueBoolean="true" />
		</insert>
		<insert tableName="asset">
			<column name="id" valueNumeric="8660" />
			<column name="identifier" value="8668372080" />
			<column name="create_datetime" valueDate="2014-10-22T23:18:50.594" />
			<column name="status_id" valueNumeric="10501" />
			<column name="entity_id" valueNumeric="1" />
			<column name="deleted" valueNumeric="0" />
			<column name="item_id" valueNumeric="320104" />
			<column name="order_line_id" />
			<column name="notes" value="Bulk Upload" />
			<column name="optlock" valueNumeric="0" />
			<column name="group_id" />
			<column name="provisioning_status" />
			<column name="global" valueBoolean="true" />
		</insert>
		<insert tableName="asset">
			<column name="id" valueNumeric="8661" />
			<column name="identifier" value="8668372081" />
			<column name="create_datetime" valueDate="2014-10-22T23:18:50.600" />
			<column name="status_id" valueNumeric="10501" />
			<column name="entity_id" valueNumeric="1" />
			<column name="deleted" valueNumeric="0" />
			<column name="item_id" valueNumeric="320104" />
			<column name="order_line_id" />
			<column name="notes" value="Bulk Upload" />
			<column name="optlock" valueNumeric="0" />
			<column name="group_id" />
			<column name="provisioning_status" />
			<column name="global" valueBoolean="true" />
		</insert>
		<insert tableName="asset">
			<column name="id" valueNumeric="8662" />
			<column name="identifier" value="8668376534" />
			<column name="create_datetime" valueDate="2014-10-22T23:18:50.614" />
			<column name="status_id" valueNumeric="10501" />
			<column name="entity_id" valueNumeric="1" />
			<column name="deleted" valueNumeric="0" />
			<column name="item_id" valueNumeric="320104" />
			<column name="order_line_id" />
			<column name="notes" value="Bulk Upload" />
			<column name="optlock" valueNumeric="0" />
			<column name="group_id" />
			<column name="provisioning_status" />
			<column name="global" valueBoolean="true" />
		</insert>
		<insert tableName="asset">
			<column name="id" valueNumeric="8663" />
			<column name="identifier" value="8668382101" />
			<column name="create_datetime" valueDate="2014-10-22T23:18:50.689" />
			<column name="status_id" valueNumeric="10501" />
			<column name="entity_id" valueNumeric="1" />
			<column name="deleted" valueNumeric="0" />
			<column name="item_id" valueNumeric="320104" />
			<column name="order_line_id" />
			<column name="notes" value="Bulk Upload" />
			<column name="optlock" valueNumeric="0" />
			<column name="group_id" />
			<column name="provisioning_status" />
			<column name="global" valueBoolean="true" />
		</insert>
		<insert tableName="asset">
			<column name="id" valueNumeric="8664" />
			<column name="identifier" value="8668382538" />
			<column name="create_datetime" valueDate="2014-10-22T23:18:50.702" />
			<column name="status_id" valueNumeric="10501" />
			<column name="entity_id" valueNumeric="1" />
			<column name="deleted" valueNumeric="0" />
			<column name="item_id" valueNumeric="320104" />
			<column name="order_line_id" />
			<column name="notes" value="Bulk Upload" />
			<column name="optlock" valueNumeric="0" />
			<column name="group_id" />
			<column name="provisioning_status" />
			<column name="global" valueBoolean="true" />
		</insert>
		<insert tableName="asset">
			<column name="id" valueNumeric="8665" />
			<column name="identifier" value="8668383192" />
			<column name="create_datetime" valueDate="2014-10-22T23:18:50.743" />
			<column name="status_id" valueNumeric="10501" />
			<column name="entity_id" valueNumeric="1" />
			<column name="deleted" valueNumeric="0" />
			<column name="item_id" valueNumeric="320104" />
			<column name="order_line_id" />
			<column name="notes" value="Bulk Upload" />
			<column name="optlock" valueNumeric="0" />
			<column name="group_id" />
			<column name="provisioning_status" />
			<column name="global" valueBoolean="true" />
		</insert>
		<insert tableName="asset">
			<column name="id" valueNumeric="8666" />
			<column name="identifier" value="8668383210" />
			<column name="create_datetime" valueDate="2014-10-22T23:18:50.761" />
			<column name="status_id" valueNumeric="10501" />
			<column name="entity_id" valueNumeric="1" />
			<column name="deleted" valueNumeric="0" />
			<column name="item_id" valueNumeric="320104" />
			<column name="order_line_id" />
			<column name="notes" value="Bulk Upload" />
			<column name="optlock" valueNumeric="0" />
			<column name="group_id" />
			<column name="provisioning_status" />
			<column name="global" valueBoolean="true" />
		</insert>
		<insert tableName="asset">
			<column name="id" valueNumeric="8667" />
			<column name="identifier" value="8668389617" />
			<column name="create_datetime" valueDate="2014-10-22T23:18:50.768" />
			<column name="status_id" valueNumeric="10501" />
			<column name="entity_id" valueNumeric="1" />
			<column name="deleted" valueNumeric="0" />
			<column name="item_id" valueNumeric="320104" />
			<column name="order_line_id" />
			<column name="notes" value="Bulk Upload" />
			<column name="optlock" valueNumeric="0" />
			<column name="group_id" />
			<column name="provisioning_status" />
			<column name="global" valueBoolean="true" />
		</insert>
		<insert tableName="asset">
			<column name="id" valueNumeric="8668" />
			<column name="identifier" value="8668395253" />
			<column name="create_datetime" valueDate="2014-10-22T23:18:50.792" />
			<column name="status_id" valueNumeric="10501" />
			<column name="entity_id" valueNumeric="1" />
			<column name="deleted" valueNumeric="0" />
			<column name="item_id" valueNumeric="320104" />
			<column name="order_line_id" />
			<column name="notes" value="Bulk Upload" />
			<column name="optlock" valueNumeric="0" />
			<column name="group_id" />
			<column name="provisioning_status" />
			<column name="global" valueBoolean="true" />
		</insert>
		<insert tableName="asset">
			<column name="id" valueNumeric="8669" />
			<column name="identifier" value="8668396094" />
			<column name="create_datetime" valueDate="2014-10-22T23:18:50.813" />
			<column name="status_id" valueNumeric="10501" />
			<column name="entity_id" valueNumeric="1" />
			<column name="deleted" valueNumeric="0" />
			<column name="item_id" valueNumeric="320104" />
			<column name="order_line_id" />
			<column name="notes" value="Bulk Upload" />
			<column name="optlock" valueNumeric="0" />
			<column name="group_id" />
			<column name="provisioning_status" />
			<column name="global" valueBoolean="true" />
		</insert>
		<insert tableName="asset">
			<column name="id" valueNumeric="8670" />
			<column name="identifier" value="8668400064" />
			<column name="create_datetime" valueDate="2014-10-22T23:18:50.850" />
			<column name="status_id" valueNumeric="10501" />
			<column name="entity_id" valueNumeric="1" />
			<column name="deleted" valueNumeric="0" />
			<column name="item_id" valueNumeric="320104" />
			<column name="order_line_id" />
			<column name="notes" value="Bulk Upload" />
			<column name="optlock" valueNumeric="0" />
			<column name="group_id" />
			<column name="provisioning_status" />
			<column name="global" valueBoolean="true" />
		</insert>
		<insert tableName="asset">
			<column name="id" valueNumeric="8671" />
			<column name="identifier" value="8668400722" />
			<column name="create_datetime" valueDate="2014-10-22T23:18:51.90" />
			<column name="status_id" valueNumeric="10501" />
			<column name="entity_id" valueNumeric="1" />
			<column name="deleted" valueNumeric="0" />
			<column name="item_id" valueNumeric="320104" />
			<column name="order_line_id" />
			<column name="notes" value="Bulk Upload" />
			<column name="optlock" valueNumeric="0" />
			<column name="group_id" />
			<column name="provisioning_status" />
			<column name="global" valueBoolean="true" />
		</insert>
		<insert tableName="asset">
			<column name="id" valueNumeric="8672" />
			<column name="identifier" value="8668404427" />
			<column name="create_datetime" valueDate="2014-10-22T23:18:51.105" />
			<column name="status_id" valueNumeric="10501" />
			<column name="entity_id" valueNumeric="1" />
			<column name="deleted" valueNumeric="0" />
			<column name="item_id" valueNumeric="320104" />
			<column name="order_line_id" />
			<column name="notes" value="Bulk Upload" />
			<column name="optlock" valueNumeric="0" />
			<column name="group_id" />
			<column name="provisioning_status" />
			<column name="global" valueBoolean="true" />
		</insert>
		<insert tableName="asset">
			<column name="id" valueNumeric="8673" />
			<column name="identifier" value="8668404455" />
			<column name="create_datetime" valueDate="2014-10-22T23:18:51.124" />
			<column name="status_id" valueNumeric="10501" />
			<column name="entity_id" valueNumeric="1" />
			<column name="deleted" valueNumeric="0" />
			<column name="item_id" valueNumeric="320104" />
			<column name="order_line_id" />
			<column name="notes" value="Bulk Upload" />
			<column name="optlock" valueNumeric="0" />
			<column name="group_id" />
			<column name="provisioning_status" />
			<column name="global" valueBoolean="true" />
		</insert>
		<insert tableName="asset">
			<column name="id" valueNumeric="8674" />
			<column name="identifier" value="8668404468" />
			<column name="create_datetime" valueDate="2014-10-22T23:18:51.131" />
			<column name="status_id" valueNumeric="10501" />
			<column name="entity_id" valueNumeric="1" />
			<column name="deleted" valueNumeric="0" />
			<column name="item_id" valueNumeric="320104" />
			<column name="order_line_id" />
			<column name="notes" value="Bulk Upload" />
			<column name="optlock" valueNumeric="0" />
			<column name="group_id" />
			<column name="provisioning_status" />
			<column name="global" valueBoolean="true" />
		</insert>
		<insert tableName="asset">
			<column name="id" valueNumeric="8675" />
			<column name="identifier" value="8668404534" />
			<column name="create_datetime" valueDate="2014-10-22T23:18:51.187" />
			<column name="status_id" valueNumeric="10501" />
			<column name="entity_id" valueNumeric="1" />
			<column name="deleted" valueNumeric="0" />
			<column name="item_id" valueNumeric="320104" />
			<column name="order_line_id" />
			<column name="notes" value="Bulk Upload" />
			<column name="optlock" valueNumeric="0" />
			<column name="group_id" />
			<column name="provisioning_status" />
			<column name="global" valueBoolean="true" />
		</insert>
		<insert tableName="asset">
			<column name="id" valueNumeric="8676" />
			<column name="identifier" value="8668406439" />
			<column name="create_datetime" valueDate="2014-10-22T23:18:51.206" />
			<column name="status_id" valueNumeric="10501" />
			<column name="entity_id" valueNumeric="1" />
			<column name="deleted" valueNumeric="0" />
			<column name="item_id" valueNumeric="320104" />
			<column name="order_line_id" />
			<column name="notes" value="Bulk Upload" />
			<column name="optlock" valueNumeric="0" />
			<column name="group_id" />
			<column name="provisioning_status" />
			<column name="global" valueBoolean="true" />
		</insert>
		<insert tableName="asset">
			<column name="id" valueNumeric="8677" />
			<column name="identifier" value="8668406945" />
			<column name="create_datetime" valueDate="2014-10-22T23:18:51.213" />
			<column name="status_id" valueNumeric="10501" />
			<column name="entity_id" valueNumeric="1" />
			<column name="deleted" valueNumeric="0" />
			<column name="item_id" valueNumeric="320104" />
			<column name="order_line_id" />
			<column name="notes" value="Bulk Upload" />
			<column name="optlock" valueNumeric="0" />
			<column name="group_id" />
			<column name="provisioning_status" />
			<column name="global" valueBoolean="true" />
		</insert>
		<insert tableName="asset">
			<column name="id" valueNumeric="8678" />
			<column name="identifier" value="8668410911" />
			<column name="create_datetime" valueDate="2014-10-22T23:18:51.246" />
			<column name="status_id" valueNumeric="10501" />
			<column name="entity_id" valueNumeric="1" />
			<column name="deleted" valueNumeric="0" />
			<column name="item_id" valueNumeric="320104" />
			<column name="order_line_id" />
			<column name="notes" value="Bulk Upload" />
			<column name="optlock" valueNumeric="0" />
			<column name="group_id" />
			<column name="provisioning_status" />
			<column name="global" valueBoolean="true" />
		</insert>
		<insert tableName="asset">
			<column name="id" valueNumeric="8679" />
			<column name="identifier" value="8668413671" />
			<column name="create_datetime" valueDate="2014-10-22T23:18:51.257" />
			<column name="status_id" valueNumeric="10501" />
			<column name="entity_id" valueNumeric="1" />
			<column name="deleted" valueNumeric="0" />
			<column name="item_id" valueNumeric="320104" />
			<column name="order_line_id" />
			<column name="notes" value="Bulk Upload" />
			<column name="optlock" valueNumeric="0" />
			<column name="group_id" />
			<column name="provisioning_status" />
			<column name="global" valueBoolean="true" />
		</insert>
		<insert tableName="asset">
			<column name="id" valueNumeric="8680" />
			<column name="identifier" value="8668419520" />
			<column name="create_datetime" valueDate="2014-10-22T23:18:51.272" />
			<column name="status_id" valueNumeric="10501" />
			<column name="entity_id" valueNumeric="1" />
			<column name="deleted" valueNumeric="0" />
			<column name="item_id" valueNumeric="320104" />
			<column name="order_line_id" />
			<column name="notes" value="Bulk Upload" />
			<column name="optlock" valueNumeric="0" />
			<column name="group_id" />
			<column name="provisioning_status" />
			<column name="global" valueBoolean="true" />
		</insert>
		<insert tableName="asset">
			<column name="id" valueNumeric="8681" />
			<column name="identifier" value="8668426839" />
			<column name="create_datetime" valueDate="2014-10-22T23:18:51.280" />
			<column name="status_id" valueNumeric="10501" />
			<column name="entity_id" valueNumeric="1" />
			<column name="deleted" valueNumeric="0" />
			<column name="item_id" valueNumeric="320104" />
			<column name="order_line_id" />
			<column name="notes" value="Bulk Upload" />
			<column name="optlock" valueNumeric="0" />
			<column name="group_id" />
			<column name="provisioning_status" />
			<column name="global" valueBoolean="true" />
		</insert>
		<insert tableName="asset">
			<column name="id" valueNumeric="8682" />
			<column name="identifier" value="8668438347" />
			<column name="create_datetime" valueDate="2014-10-22T23:18:51.322" />
			<column name="status_id" valueNumeric="10501" />
			<column name="entity_id" valueNumeric="1" />
			<column name="deleted" valueNumeric="0" />
			<column name="item_id" valueNumeric="320104" />
			<column name="order_line_id" />
			<column name="notes" value="Bulk Upload" />
			<column name="optlock" valueNumeric="0" />
			<column name="group_id" />
			<column name="provisioning_status" />
			<column name="global" valueBoolean="true" />
		</insert>
		<insert tableName="asset">
			<column name="id" valueNumeric="8683" />
			<column name="identifier" value="8668441793" />
			<column name="create_datetime" valueDate="2014-10-22T23:18:51.356" />
			<column name="status_id" valueNumeric="10501" />
			<column name="entity_id" valueNumeric="1" />
			<column name="deleted" valueNumeric="0" />
			<column name="item_id" valueNumeric="320104" />
			<column name="order_line_id" />
			<column name="notes" value="Bulk Upload" />
			<column name="optlock" valueNumeric="0" />
			<column name="group_id" />
			<column name="provisioning_status" />
			<column name="global" valueBoolean="true" />
		</insert>
		<insert tableName="asset">
			<column name="id" valueNumeric="8684" />
			<column name="identifier" value="8668443680" />
			<column name="create_datetime" valueDate="2014-10-22T23:18:51.421" />
			<column name="status_id" valueNumeric="10501" />
			<column name="entity_id" valueNumeric="1" />
			<column name="deleted" valueNumeric="0" />
			<column name="item_id" valueNumeric="320104" />
			<column name="order_line_id" />
			<column name="notes" value="Bulk Upload" />
			<column name="optlock" valueNumeric="0" />
			<column name="group_id" />
			<column name="provisioning_status" />
			<column name="global" valueBoolean="true" />
		</insert>
		<insert tableName="asset">
			<column name="id" valueNumeric="8685" />
			<column name="identifier" value="8668446544" />
			<column name="create_datetime" valueDate="2014-10-22T23:18:51.428" />
			<column name="status_id" valueNumeric="10501" />
			<column name="entity_id" valueNumeric="1" />
			<column name="deleted" valueNumeric="0" />
			<column name="item_id" valueNumeric="320104" />
			<column name="order_line_id" />
			<column name="notes" value="Bulk Upload" />
			<column name="optlock" valueNumeric="0" />
			<column name="group_id" />
			<column name="provisioning_status" />
			<column name="global" valueBoolean="true" />
		</insert>
		<insert tableName="asset">
			<column name="id" valueNumeric="8686" />
			<column name="identifier" value="8668450905" />
			<column name="create_datetime" valueDate="2014-10-22T23:18:51.457" />
			<column name="status_id" valueNumeric="10501" />
			<column name="entity_id" valueNumeric="1" />
			<column name="deleted" valueNumeric="0" />
			<column name="item_id" valueNumeric="320104" />
			<column name="order_line_id" />
			<column name="notes" value="Bulk Upload" />
			<column name="optlock" valueNumeric="0" />
			<column name="group_id" />
			<column name="provisioning_status" />
			<column name="global" valueBoolean="true" />
		</insert>
		<insert tableName="asset">
			<column name="id" valueNumeric="8687" />
			<column name="identifier" value="8668452545" />
			<column name="create_datetime" valueDate="2014-10-22T23:18:51.510" />
			<column name="status_id" valueNumeric="10501" />
			<column name="entity_id" valueNumeric="1" />
			<column name="deleted" valueNumeric="0" />
			<column name="item_id" valueNumeric="320104" />
			<column name="order_line_id" />
			<column name="notes" value="Bulk Upload" />
			<column name="optlock" valueNumeric="0" />
			<column name="group_id" />
			<column name="provisioning_status" />
			<column name="global" valueBoolean="true" />
		</insert>
		<insert tableName="asset">
			<column name="id" valueNumeric="8688" />
			<column name="identifier" value="8668454501" />
			<column name="create_datetime" valueDate="2014-10-22T23:18:51.522" />
			<column name="status_id" valueNumeric="10501" />
			<column name="entity_id" valueNumeric="1" />
			<column name="deleted" valueNumeric="0" />
			<column name="item_id" valueNumeric="320104" />
			<column name="order_line_id" />
			<column name="notes" value="Bulk Upload" />
			<column name="optlock" valueNumeric="0" />
			<column name="group_id" />
			<column name="provisioning_status" />
			<column name="global" valueBoolean="true" />
		</insert>
		<insert tableName="asset">
			<column name="id" valueNumeric="8689" />
			<column name="identifier" value="8668463939" />
			<column name="create_datetime" valueDate="2014-10-22T23:18:51.528" />
			<column name="status_id" valueNumeric="10501" />
			<column name="entity_id" valueNumeric="1" />
			<column name="deleted" valueNumeric="0" />
			<column name="item_id" valueNumeric="320104" />
			<column name="order_line_id" />
			<column name="notes" value="Bulk Upload" />
			<column name="optlock" valueNumeric="0" />
			<column name="group_id" />
			<column name="provisioning_status" />
			<column name="global" valueBoolean="true" />
		</insert>
		<insert tableName="asset">
			<column name="id" valueNumeric="8690" />
			<column name="identifier" value="8668464350" />
			<column name="create_datetime" valueDate="2014-10-22T23:18:51.540" />
			<column name="status_id" valueNumeric="10501" />
			<column name="entity_id" valueNumeric="1" />
			<column name="deleted" valueNumeric="0" />
			<column name="item_id" valueNumeric="320104" />
			<column name="order_line_id" />
			<column name="notes" value="Bulk Upload" />
			<column name="optlock" valueNumeric="0" />
			<column name="group_id" />
			<column name="provisioning_status" />
			<column name="global" valueBoolean="true" />
		</insert>
		<insert tableName="asset">
			<column name="id" valueNumeric="8691" />
			<column name="identifier" value="8668464755" />
			<column name="create_datetime" valueDate="2014-10-22T23:18:51.556" />
			<column name="status_id" valueNumeric="10501" />
			<column name="entity_id" valueNumeric="1" />
			<column name="deleted" valueNumeric="0" />
			<column name="item_id" valueNumeric="320104" />
			<column name="order_line_id" />
			<column name="notes" value="Bulk Upload" />
			<column name="optlock" valueNumeric="0" />
			<column name="group_id" />
			<column name="provisioning_status" />
			<column name="global" valueBoolean="true" />
		</insert>
		<insert tableName="asset">
			<column name="id" valueNumeric="8692" />
			<column name="identifier" value="8668467831" />
			<column name="create_datetime" valueDate="2014-10-22T23:18:51.718" />
			<column name="status_id" valueNumeric="10501" />
			<column name="entity_id" valueNumeric="1" />
			<column name="deleted" valueNumeric="0" />
			<column name="item_id" valueNumeric="320104" />
			<column name="order_line_id" />
			<column name="notes" value="Bulk Upload" />
			<column name="optlock" valueNumeric="0" />
			<column name="group_id" />
			<column name="provisioning_status" />
			<column name="global" valueBoolean="true" />
		</insert>
		<insert tableName="asset">
			<column name="id" valueNumeric="8693" />
			<column name="identifier" value="8668470082" />
			<column name="create_datetime" valueDate="2014-10-22T23:18:51.725" />
			<column name="status_id" valueNumeric="10501" />
			<column name="entity_id" valueNumeric="1" />
			<column name="deleted" valueNumeric="0" />
			<column name="item_id" valueNumeric="320104" />
			<column name="order_line_id" />
			<column name="notes" value="Bulk Upload" />
			<column name="optlock" valueNumeric="0" />
			<column name="group_id" />
			<column name="provisioning_status" />
			<column name="global" valueBoolean="true" />
		</insert>
		<insert tableName="asset">
			<column name="id" valueNumeric="8694" />
			<column name="identifier" value="8668480007" />
			<column name="create_datetime" valueDate="2014-10-22T23:18:51.736" />
			<column name="status_id" valueNumeric="10501" />
			<column name="entity_id" valueNumeric="1" />
			<column name="deleted" valueNumeric="0" />
			<column name="item_id" valueNumeric="320104" />
			<column name="order_line_id" />
			<column name="notes" value="Bulk Upload" />
			<column name="optlock" valueNumeric="0" />
			<column name="group_id" />
			<column name="provisioning_status" />
			<column name="global" valueBoolean="true" />
		</insert>
		<insert tableName="asset">
			<column name="id" valueNumeric="8695" />
			<column name="identifier" value="8668482022" />
			<column name="create_datetime" valueDate="2014-10-22T23:18:51.794" />
			<column name="status_id" valueNumeric="10501" />
			<column name="entity_id" valueNumeric="1" />
			<column name="deleted" valueNumeric="0" />
			<column name="item_id" valueNumeric="320104" />
			<column name="order_line_id" />
			<column name="notes" value="Bulk Upload" />
			<column name="optlock" valueNumeric="0" />
			<column name="group_id" />
			<column name="provisioning_status" />
			<column name="global" valueBoolean="true" />
		</insert>
		<insert tableName="asset">
			<column name="id" valueNumeric="8696" />
			<column name="identifier" value="8668484913" />
			<column name="create_datetime" valueDate="2014-10-22T23:18:51.849" />
			<column name="status_id" valueNumeric="10501" />
			<column name="entity_id" valueNumeric="1" />
			<column name="deleted" valueNumeric="0" />
			<column name="item_id" valueNumeric="320104" />
			<column name="order_line_id" />
			<column name="notes" value="Bulk Upload" />
			<column name="optlock" valueNumeric="0" />
			<column name="group_id" />
			<column name="provisioning_status" />
			<column name="global" valueBoolean="true" />
		</insert>
		<insert tableName="asset">
			<column name="id" valueNumeric="8697" />
			<column name="identifier" value="8668504009" />
			<column name="create_datetime" valueDate="2014-10-22T23:18:51.859" />
			<column name="status_id" valueNumeric="10501" />
			<column name="entity_id" valueNumeric="1" />
			<column name="deleted" valueNumeric="0" />
			<column name="item_id" valueNumeric="320104" />
			<column name="order_line_id" />
			<column name="notes" value="Bulk Upload" />
			<column name="optlock" valueNumeric="0" />
			<column name="group_id" />
			<column name="provisioning_status" />
			<column name="global" valueBoolean="true" />
		</insert>
		<insert tableName="asset">
			<column name="id" valueNumeric="8698" />
			<column name="identifier" value="8668506245" />
			<column name="create_datetime" valueDate="2014-10-22T23:18:51.877" />
			<column name="status_id" valueNumeric="10501" />
			<column name="entity_id" valueNumeric="1" />
			<column name="deleted" valueNumeric="0" />
			<column name="item_id" valueNumeric="320104" />
			<column name="order_line_id" />
			<column name="notes" value="Bulk Upload" />
			<column name="optlock" valueNumeric="0" />
			<column name="group_id" />
			<column name="provisioning_status" />
			<column name="global" valueBoolean="true" />
		</insert>
		<insert tableName="asset">
			<column name="id" valueNumeric="8699" />
			<column name="identifier" value="8668506356" />
			<column name="create_datetime" valueDate="2014-10-22T23:18:51.913" />
			<column name="status_id" valueNumeric="10501" />
			<column name="entity_id" valueNumeric="1" />
			<column name="deleted" valueNumeric="0" />
			<column name="item_id" valueNumeric="320104" />
			<column name="order_line_id" />
			<column name="notes" value="Bulk Upload" />
			<column name="optlock" valueNumeric="0" />
			<column name="group_id" />
			<column name="provisioning_status" />
			<column name="global" valueBoolean="true" />
		</insert>
		<insert tableName="asset">
			<column name="id" valueNumeric="8700" />
			<column name="identifier" value="8668508329" />
			<column name="create_datetime" valueDate="2014-10-22T23:18:51.921" />
			<column name="status_id" valueNumeric="10501" />
			<column name="entity_id" valueNumeric="1" />
			<column name="deleted" valueNumeric="0" />
			<column name="item_id" valueNumeric="320104" />
			<column name="order_line_id" />
			<column name="notes" value="Bulk Upload" />
			<column name="optlock" valueNumeric="0" />
			<column name="group_id" />
			<column name="provisioning_status" />
			<column name="global" valueBoolean="true" />
		</insert>
		<insert tableName="asset">
			<column name="id" valueNumeric="8701" />
			<column name="identifier" value="8668509982" />
			<column name="create_datetime" valueDate="2014-10-22T23:18:51.964" />
			<column name="status_id" valueNumeric="10501" />
			<column name="entity_id" valueNumeric="1" />
			<column name="deleted" valueNumeric="0" />
			<column name="item_id" valueNumeric="320104" />
			<column name="order_line_id" />
			<column name="notes" value="Bulk Upload" />
			<column name="optlock" valueNumeric="0" />
			<column name="group_id" />
			<column name="provisioning_status" />
			<column name="global" valueBoolean="true" />
		</insert>
		<insert tableName="asset">
			<column name="id" valueNumeric="8702" />
			<column name="identifier" value="8668512907" />
			<column name="create_datetime" valueDate="2014-10-22T23:18:52.61" />
			<column name="status_id" valueNumeric="10501" />
			<column name="entity_id" valueNumeric="1" />
			<column name="deleted" valueNumeric="0" />
			<column name="item_id" valueNumeric="320104" />
			<column name="order_line_id" />
			<column name="notes" value="Bulk Upload" />
			<column name="optlock" valueNumeric="0" />
			<column name="group_id" />
			<column name="provisioning_status" />
			<column name="global" valueBoolean="true" />
		</insert>
		<insert tableName="asset">
			<column name="id" valueNumeric="8703" />
			<column name="identifier" value="8668523678" />
			<column name="create_datetime" valueDate="2014-10-22T23:18:52.69" />
			<column name="status_id" valueNumeric="10501" />
			<column name="entity_id" valueNumeric="1" />
			<column name="deleted" valueNumeric="0" />
			<column name="item_id" valueNumeric="320104" />
			<column name="order_line_id" />
			<column name="notes" value="Bulk Upload" />
			<column name="optlock" valueNumeric="0" />
			<column name="group_id" />
			<column name="provisioning_status" />
			<column name="global" valueBoolean="true" />
		</insert>
		<insert tableName="asset">
			<column name="id" valueNumeric="8704" />
			<column name="identifier" value="8668526138" />
			<column name="create_datetime" valueDate="2014-10-22T23:18:52.76" />
			<column name="status_id" valueNumeric="10501" />
			<column name="entity_id" valueNumeric="1" />
			<column name="deleted" valueNumeric="0" />
			<column name="item_id" valueNumeric="320104" />
			<column name="order_line_id" />
			<column name="notes" value="Bulk Upload" />
			<column name="optlock" valueNumeric="0" />
			<column name="group_id" />
			<column name="provisioning_status" />
			<column name="global" valueBoolean="true" />
		</insert>
		<insert tableName="asset">
			<column name="id" valueNumeric="8705" />
			<column name="identifier" value="8668526533" />
			<column name="create_datetime" valueDate="2014-10-22T23:18:52.105" />
			<column name="status_id" valueNumeric="10501" />
			<column name="entity_id" valueNumeric="1" />
			<column name="deleted" valueNumeric="0" />
			<column name="item_id" valueNumeric="320104" />
			<column name="order_line_id" />
			<column name="notes" value="Bulk Upload" />
			<column name="optlock" valueNumeric="0" />
			<column name="group_id" />
			<column name="provisioning_status" />
			<column name="global" valueBoolean="true" />
		</insert>
		<insert tableName="asset">
			<column name="id" valueNumeric="8706" />
			<column name="identifier" value="8668529335" />
			<column name="create_datetime" valueDate="2014-10-22T23:18:52.116" />
			<column name="status_id" valueNumeric="10501" />
			<column name="entity_id" valueNumeric="1" />
			<column name="deleted" valueNumeric="0" />
			<column name="item_id" valueNumeric="320104" />
			<column name="order_line_id" />
			<column name="notes" value="Bulk Upload" />
			<column name="optlock" valueNumeric="0" />
			<column name="group_id" />
			<column name="provisioning_status" />
			<column name="global" valueBoolean="true" />
		</insert>
		<insert tableName="asset">
			<column name="id" valueNumeric="8707" />
			<column name="identifier" value="8668530239" />
			<column name="create_datetime" valueDate="2014-10-22T23:18:52.122" />
			<column name="status_id" valueNumeric="10501" />
			<column name="entity_id" valueNumeric="1" />
			<column name="deleted" valueNumeric="0" />
			<column name="item_id" valueNumeric="320104" />
			<column name="order_line_id" />
			<column name="notes" value="Bulk Upload" />
			<column name="optlock" valueNumeric="0" />
			<column name="group_id" />
			<column name="provisioning_status" />
			<column name="global" valueBoolean="true" />
		</insert>
		<insert tableName="asset">
			<column name="id" valueNumeric="8708" />
			<column name="identifier" value="8668530397" />
			<column name="create_datetime" valueDate="2014-10-22T23:18:52.180" />
			<column name="status_id" valueNumeric="10501" />
			<column name="entity_id" valueNumeric="1" />
			<column name="deleted" valueNumeric="0" />
			<column name="item_id" valueNumeric="320104" />
			<column name="order_line_id" />
			<column name="notes" value="Bulk Upload" />
			<column name="optlock" valueNumeric="0" />
			<column name="group_id" />
			<column name="provisioning_status" />
			<column name="global" valueBoolean="true" />
		</insert>
		<insert tableName="asset">
			<column name="id" valueNumeric="8709" />
			<column name="identifier" value="8668530409" />
			<column name="create_datetime" valueDate="2014-10-22T23:18:52.200" />
			<column name="status_id" valueNumeric="10501" />
			<column name="entity_id" valueNumeric="1" />
			<column name="deleted" valueNumeric="0" />
			<column name="item_id" valueNumeric="320104" />
			<column name="order_line_id" />
			<column name="notes" value="Bulk Upload" />
			<column name="optlock" valueNumeric="0" />
			<column name="group_id" />
			<column name="provisioning_status" />
			<column name="global" valueBoolean="true" />
		</insert>
		<insert tableName="asset">
			<column name="id" valueNumeric="8710" />
			<column name="identifier" value="8668530684" />
			<column name="create_datetime" valueDate="2014-10-22T23:18:52.218" />
			<column name="status_id" valueNumeric="10501" />
			<column name="entity_id" valueNumeric="1" />
			<column name="deleted" valueNumeric="0" />
			<column name="item_id" valueNumeric="320104" />
			<column name="order_line_id" />
			<column name="notes" value="Bulk Upload" />
			<column name="optlock" valueNumeric="0" />
			<column name="group_id" />
			<column name="provisioning_status" />
			<column name="global" valueBoolean="true" />
		</insert>
		<insert tableName="asset">
			<column name="id" valueNumeric="8711" />
			<column name="identifier" value="8668530801" />
			<column name="create_datetime" valueDate="2014-10-22T23:18:52.224" />
			<column name="status_id" valueNumeric="10501" />
			<column name="entity_id" valueNumeric="1" />
			<column name="deleted" valueNumeric="0" />
			<column name="item_id" valueNumeric="320104" />
			<column name="order_line_id" />
			<column name="notes" value="Bulk Upload" />
			<column name="optlock" valueNumeric="0" />
			<column name="group_id" />
			<column name="provisioning_status" />
			<column name="global" valueBoolean="true" />
		</insert>
		<insert tableName="asset">
			<column name="id" valueNumeric="8712" />
			<column name="identifier" value="8668531518" />
			<column name="create_datetime" valueDate="2014-10-22T23:18:52.235" />
			<column name="status_id" valueNumeric="10501" />
			<column name="entity_id" valueNumeric="1" />
			<column name="deleted" valueNumeric="0" />
			<column name="item_id" valueNumeric="320104" />
			<column name="order_line_id" />
			<column name="notes" value="Bulk Upload" />
			<column name="optlock" valueNumeric="0" />
			<column name="group_id" />
			<column name="provisioning_status" />
			<column name="global" valueBoolean="true" />
		</insert>
		<insert tableName="asset">
			<column name="id" valueNumeric="8713" />
			<column name="identifier" value="8668531522" />
			<column name="create_datetime" valueDate="2014-10-22T23:18:52.249" />
			<column name="status_id" valueNumeric="10501" />
			<column name="entity_id" valueNumeric="1" />
			<column name="deleted" valueNumeric="0" />
			<column name="item_id" valueNumeric="320104" />
			<column name="order_line_id" />
			<column name="notes" value="Bulk Upload" />
			<column name="optlock" valueNumeric="0" />
			<column name="group_id" />
			<column name="provisioning_status" />
			<column name="global" valueBoolean="true" />
		</insert>
		<insert tableName="asset">
			<column name="id" valueNumeric="8714" />
			<column name="identifier" value="8668531524" />
			<column name="create_datetime" valueDate="2014-10-22T23:18:52.262" />
			<column name="status_id" valueNumeric="10501" />
			<column name="entity_id" valueNumeric="1" />
			<column name="deleted" valueNumeric="0" />
			<column name="item_id" valueNumeric="320104" />
			<column name="order_line_id" />
			<column name="notes" value="Bulk Upload" />
			<column name="optlock" valueNumeric="0" />
			<column name="group_id" />
			<column name="provisioning_status" />
			<column name="global" valueBoolean="true" />
		</insert>
		<insert tableName="asset">
			<column name="id" valueNumeric="8715" />
			<column name="identifier" value="8668531641" />
			<column name="create_datetime" valueDate="2014-10-22T23:18:52.281" />
			<column name="status_id" valueNumeric="10501" />
			<column name="entity_id" valueNumeric="1" />
			<column name="deleted" valueNumeric="0" />
			<column name="item_id" valueNumeric="320104" />
			<column name="order_line_id" />
			<column name="notes" value="Bulk Upload" />
			<column name="optlock" valueNumeric="0" />
			<column name="group_id" />
			<column name="provisioning_status" />
			<column name="global" valueBoolean="true" />
		</insert>
		<insert tableName="asset">
			<column name="id" valueNumeric="8716" />
			<column name="identifier" value="8668531644" />
			<column name="create_datetime" valueDate="2014-10-22T23:18:52.287" />
			<column name="status_id" valueNumeric="10501" />
			<column name="entity_id" valueNumeric="1" />
			<column name="deleted" valueNumeric="0" />
			<column name="item_id" valueNumeric="320104" />
			<column name="order_line_id" />
			<column name="notes" value="Bulk Upload" />
			<column name="optlock" valueNumeric="0" />
			<column name="group_id" />
			<column name="provisioning_status" />
			<column name="global" valueBoolean="true" />
		</insert>
		<insert tableName="asset">
			<column name="id" valueNumeric="8717" />
			<column name="identifier" value="8668531701" />
			<column name="create_datetime" valueDate="2014-10-22T23:18:52.325" />
			<column name="status_id" valueNumeric="10501" />
			<column name="entity_id" valueNumeric="1" />
			<column name="deleted" valueNumeric="0" />
			<column name="item_id" valueNumeric="320104" />
			<column name="order_line_id" />
			<column name="notes" value="Bulk Upload" />
			<column name="optlock" valueNumeric="0" />
			<column name="group_id" />
			<column name="provisioning_status" />
			<column name="global" valueBoolean="true" />
		</insert>
		<insert tableName="asset">
			<column name="id" valueNumeric="8718" />
			<column name="identifier" value="8668531711" />
			<column name="create_datetime" valueDate="2014-10-22T23:18:52.346" />
			<column name="status_id" valueNumeric="10501" />
			<column name="entity_id" valueNumeric="1" />
			<column name="deleted" valueNumeric="0" />
			<column name="item_id" valueNumeric="320104" />
			<column name="order_line_id" />
			<column name="notes" value="Bulk Upload" />
			<column name="optlock" valueNumeric="0" />
			<column name="group_id" />
			<column name="provisioning_status" />
			<column name="global" valueBoolean="true" />
		</insert>
		<insert tableName="asset">
			<column name="id" valueNumeric="8719" />
			<column name="identifier" value="8668531927" />
			<column name="create_datetime" valueDate="2014-10-22T23:18:52.371" />
			<column name="status_id" valueNumeric="10501" />
			<column name="entity_id" valueNumeric="1" />
			<column name="deleted" valueNumeric="0" />
			<column name="item_id" valueNumeric="320104" />
			<column name="order_line_id" />
			<column name="notes" value="Bulk Upload" />
			<column name="optlock" valueNumeric="0" />
			<column name="group_id" />
			<column name="provisioning_status" />
			<column name="global" valueBoolean="true" />
		</insert>
		<insert tableName="asset">
			<column name="id" valueNumeric="8720" />
			<column name="identifier" value="8668531939" />
			<column name="create_datetime" valueDate="2014-10-22T23:18:52.383" />
			<column name="status_id" valueNumeric="10501" />
			<column name="entity_id" valueNumeric="1" />
			<column name="deleted" valueNumeric="0" />
			<column name="item_id" valueNumeric="320104" />
			<column name="order_line_id" />
			<column name="notes" value="Bulk Upload" />
			<column name="optlock" valueNumeric="0" />
			<column name="group_id" />
			<column name="provisioning_status" />
			<column name="global" valueBoolean="true" />
		</insert>
		<insert tableName="asset">
			<column name="id" valueNumeric="8721" />
			<column name="identifier" value="8668532058" />
			<column name="create_datetime" valueDate="2014-10-22T23:18:52.401" />
			<column name="status_id" valueNumeric="10501" />
			<column name="entity_id" valueNumeric="1" />
			<column name="deleted" valueNumeric="0" />
			<column name="item_id" valueNumeric="320104" />
			<column name="order_line_id" />
			<column name="notes" value="Bulk Upload" />
			<column name="optlock" valueNumeric="0" />
			<column name="group_id" />
			<column name="provisioning_status" />
			<column name="global" valueBoolean="true" />
		</insert>
		<insert tableName="asset">
			<column name="id" valueNumeric="8722" />
			<column name="identifier" value="8668532060" />
			<column name="create_datetime" valueDate="2014-10-22T23:18:52.418" />
			<column name="status_id" valueNumeric="10501" />
			<column name="entity_id" valueNumeric="1" />
			<column name="deleted" valueNumeric="0" />
			<column name="item_id" valueNumeric="320104" />
			<column name="order_line_id" />
			<column name="notes" value="Bulk Upload" />
			<column name="optlock" valueNumeric="0" />
			<column name="group_id" />
			<column name="provisioning_status" />
			<column name="global" valueBoolean="true" />
		</insert>
		<insert tableName="asset">
			<column name="id" valueNumeric="8723" />
			<column name="identifier" value="8668534176" />
			<column name="create_datetime" valueDate="2014-10-22T23:18:52.439" />
			<column name="status_id" valueNumeric="10501" />
			<column name="entity_id" valueNumeric="1" />
			<column name="deleted" valueNumeric="0" />
			<column name="item_id" valueNumeric="320104" />
			<column name="order_line_id" />
			<column name="notes" value="Bulk Upload" />
			<column name="optlock" valueNumeric="0" />
			<column name="group_id" />
			<column name="provisioning_status" />
			<column name="global" valueBoolean="true" />
		</insert>
		<insert tableName="asset">
			<column name="id" valueNumeric="8724" />
			<column name="identifier" value="8668534346" />
			<column name="create_datetime" valueDate="2014-10-22T23:18:52.467" />
			<column name="status_id" valueNumeric="10501" />
			<column name="entity_id" valueNumeric="1" />
			<column name="deleted" valueNumeric="0" />
			<column name="item_id" valueNumeric="320104" />
			<column name="order_line_id" />
			<column name="notes" value="Bulk Upload" />
			<column name="optlock" valueNumeric="0" />
			<column name="group_id" />
			<column name="provisioning_status" />
			<column name="global" valueBoolean="true" />
		</insert>
		<insert tableName="asset">
			<column name="id" valueNumeric="8725" />
			<column name="identifier" value="8668534591" />
			<column name="create_datetime" valueDate="2014-10-22T23:18:52.479" />
			<column name="status_id" valueNumeric="10501" />
			<column name="entity_id" valueNumeric="1" />
			<column name="deleted" valueNumeric="0" />
			<column name="item_id" valueNumeric="320104" />
			<column name="order_line_id" />
			<column name="notes" value="Bulk Upload" />
			<column name="optlock" valueNumeric="0" />
			<column name="group_id" />
			<column name="provisioning_status" />
			<column name="global" valueBoolean="true" />
		</insert>
		<insert tableName="asset">
			<column name="id" valueNumeric="8726" />
			<column name="identifier" value="8668534593" />
			<column name="create_datetime" valueDate="2014-10-22T23:18:52.493" />
			<column name="status_id" valueNumeric="10501" />
			<column name="entity_id" valueNumeric="1" />
			<column name="deleted" valueNumeric="0" />
			<column name="item_id" valueNumeric="320104" />
			<column name="order_line_id" />
			<column name="notes" value="Bulk Upload" />
			<column name="optlock" valueNumeric="0" />
			<column name="group_id" />
			<column name="provisioning_status" />
			<column name="global" valueBoolean="true" />
		</insert>
		<insert tableName="asset">
			<column name="id" valueNumeric="8727" />
			<column name="identifier" value="8668534595" />
			<column name="create_datetime" valueDate="2014-10-22T23:18:52.509" />
			<column name="status_id" valueNumeric="10501" />
			<column name="entity_id" valueNumeric="1" />
			<column name="deleted" valueNumeric="0" />
			<column name="item_id" valueNumeric="320104" />
			<column name="order_line_id" />
			<column name="notes" value="Bulk Upload" />
			<column name="optlock" valueNumeric="0" />
			<column name="group_id" />
			<column name="provisioning_status" />
			<column name="global" valueBoolean="true" />
		</insert>
		<insert tableName="asset">
			<column name="id" valueNumeric="8728" />
			<column name="identifier" value="8668534597" />
			<column name="create_datetime" valueDate="2014-10-22T23:18:52.528" />
			<column name="status_id" valueNumeric="10501" />
			<column name="entity_id" valueNumeric="1" />
			<column name="deleted" valueNumeric="0" />
			<column name="item_id" valueNumeric="320104" />
			<column name="order_line_id" />
			<column name="notes" value="Bulk Upload" />
			<column name="optlock" valueNumeric="0" />
			<column name="group_id" />
			<column name="provisioning_status" />
			<column name="global" valueBoolean="true" />
		</insert>
		<insert tableName="asset">
			<column name="id" valueNumeric="8729" />
			<column name="identifier" value="8668538889" />
			<column name="create_datetime" valueDate="2014-10-22T23:18:52.578" />
			<column name="status_id" valueNumeric="10501" />
			<column name="entity_id" valueNumeric="1" />
			<column name="deleted" valueNumeric="0" />
			<column name="item_id" valueNumeric="320104" />
			<column name="order_line_id" />
			<column name="notes" value="Bulk Upload" />
			<column name="optlock" valueNumeric="0" />
			<column name="group_id" />
			<column name="provisioning_status" />
			<column name="global" valueBoolean="true" />
		</insert>
		<insert tableName="asset">
			<column name="id" valueNumeric="8730" />
			<column name="identifier" value="8668539945" />
			<column name="create_datetime" valueDate="2014-10-22T23:18:52.604" />
			<column name="status_id" valueNumeric="10501" />
			<column name="entity_id" valueNumeric="1" />
			<column name="deleted" valueNumeric="0" />
			<column name="item_id" valueNumeric="320104" />
			<column name="order_line_id" />
			<column name="notes" value="Bulk Upload" />
			<column name="optlock" valueNumeric="0" />
			<column name="group_id" />
			<column name="provisioning_status" />
			<column name="global" valueBoolean="true" />
		</insert>
		<insert tableName="asset">
			<column name="id" valueNumeric="8731" />
			<column name="identifier" value="8668540604" />
			<column name="create_datetime" valueDate="2014-10-22T23:18:52.620" />
			<column name="status_id" valueNumeric="10501" />
			<column name="entity_id" valueNumeric="1" />
			<column name="deleted" valueNumeric="0" />
			<column name="item_id" valueNumeric="320104" />
			<column name="order_line_id" />
			<column name="notes" value="Bulk Upload" />
			<column name="optlock" valueNumeric="0" />
			<column name="group_id" />
			<column name="provisioning_status" />
			<column name="global" valueBoolean="true" />
		</insert>
		<insert tableName="asset">
			<column name="id" valueNumeric="8732" />
			<column name="identifier" value="8668540836" />
			<column name="create_datetime" valueDate="2014-10-22T23:18:52.661" />
			<column name="status_id" valueNumeric="10501" />
			<column name="entity_id" valueNumeric="1" />
			<column name="deleted" valueNumeric="0" />
			<column name="item_id" valueNumeric="320104" />
			<column name="order_line_id" />
			<column name="notes" value="Bulk Upload" />
			<column name="optlock" valueNumeric="0" />
			<column name="group_id" />
			<column name="provisioning_status" />
			<column name="global" valueBoolean="true" />
		</insert>
		<insert tableName="asset">
			<column name="id" valueNumeric="8733" />
			<column name="identifier" value="8668540888" />
			<column name="create_datetime" valueDate="2014-10-22T23:18:52.706" />
			<column name="status_id" valueNumeric="10501" />
			<column name="entity_id" valueNumeric="1" />
			<column name="deleted" valueNumeric="0" />
			<column name="item_id" valueNumeric="320104" />
			<column name="order_line_id" />
			<column name="notes" value="Bulk Upload" />
			<column name="optlock" valueNumeric="0" />
			<column name="group_id" />
			<column name="provisioning_status" />
			<column name="global" valueBoolean="true" />
		</insert>
		<insert tableName="asset">
			<column name="id" valueNumeric="8734" />
			<column name="identifier" value="8668541035" />
			<column name="create_datetime" valueDate="2014-10-22T23:18:52.717" />
			<column name="status_id" valueNumeric="10501" />
			<column name="entity_id" valueNumeric="1" />
			<column name="deleted" valueNumeric="0" />
			<column name="item_id" valueNumeric="320104" />
			<column name="order_line_id" />
			<column name="notes" value="Bulk Upload" />
			<column name="optlock" valueNumeric="0" />
			<column name="group_id" />
			<column name="provisioning_status" />
			<column name="global" valueBoolean="true" />
		</insert>
		<insert tableName="asset">
			<column name="id" valueNumeric="8735" />
			<column name="identifier" value="8668541042" />
			<column name="create_datetime" valueDate="2014-10-22T23:18:52.737" />
			<column name="status_id" valueNumeric="10501" />
			<column name="entity_id" valueNumeric="1" />
			<column name="deleted" valueNumeric="0" />
			<column name="item_id" valueNumeric="320104" />
			<column name="order_line_id" />
			<column name="notes" value="Bulk Upload" />
			<column name="optlock" valueNumeric="0" />
			<column name="group_id" />
			<column name="provisioning_status" />
			<column name="global" valueBoolean="true" />
		</insert>
		<insert tableName="asset">
			<column name="id" valueNumeric="8736" />
			<column name="identifier" value="8668541045" />
			<column name="create_datetime" valueDate="2014-10-22T23:18:52.757" />
			<column name="status_id" valueNumeric="10501" />
			<column name="entity_id" valueNumeric="1" />
			<column name="deleted" valueNumeric="0" />
			<column name="item_id" valueNumeric="320104" />
			<column name="order_line_id" />
			<column name="notes" value="Bulk Upload" />
			<column name="optlock" valueNumeric="0" />
			<column name="group_id" />
			<column name="provisioning_status" />
			<column name="global" valueBoolean="true" />
		</insert>
		<insert tableName="asset">
			<column name="id" valueNumeric="8737" />
			<column name="identifier" value="8668541046" />
			<column name="create_datetime" valueDate="2014-10-22T23:18:52.773" />
			<column name="status_id" valueNumeric="10501" />
			<column name="entity_id" valueNumeric="1" />
			<column name="deleted" valueNumeric="0" />
			<column name="item_id" valueNumeric="320104" />
			<column name="order_line_id" />
			<column name="notes" value="Bulk Upload" />
			<column name="optlock" valueNumeric="0" />
			<column name="group_id" />
			<column name="provisioning_status" />
			<column name="global" valueBoolean="true" />
		</insert>
		<insert tableName="asset">
			<column name="id" valueNumeric="8738" />
			<column name="identifier" value="8668541047" />
			<column name="create_datetime" valueDate="2014-10-22T23:18:52.820" />
			<column name="status_id" valueNumeric="10501" />
			<column name="entity_id" valueNumeric="1" />
			<column name="deleted" valueNumeric="0" />
			<column name="item_id" valueNumeric="320104" />
			<column name="order_line_id" />
			<column name="notes" value="Bulk Upload" />
			<column name="optlock" valueNumeric="0" />
			<column name="group_id" />
			<column name="provisioning_status" />
			<column name="global" valueBoolean="true" />
		</insert>
		<insert tableName="asset">
			<column name="id" valueNumeric="8739" />
			<column name="identifier" value="8668541048" />
			<column name="create_datetime" valueDate="2014-10-22T23:18:52.836" />
			<column name="status_id" valueNumeric="10501" />
			<column name="entity_id" valueNumeric="1" />
			<column name="deleted" valueNumeric="0" />
			<column name="item_id" valueNumeric="320104" />
			<column name="order_line_id" />
			<column name="notes" value="Bulk Upload" />
			<column name="optlock" valueNumeric="0" />
			<column name="group_id" />
			<column name="provisioning_status" />
			<column name="global" valueBoolean="true" />
		</insert>
		<insert tableName="asset">
			<column name="id" valueNumeric="8740" />
			<column name="identifier" value="8668541050" />
			<column name="create_datetime" valueDate="2014-10-22T23:18:52.843" />
			<column name="status_id" valueNumeric="10501" />
			<column name="entity_id" valueNumeric="1" />
			<column name="deleted" valueNumeric="0" />
			<column name="item_id" valueNumeric="320104" />
			<column name="order_line_id" />
			<column name="notes" value="Bulk Upload" />
			<column name="optlock" valueNumeric="0" />
			<column name="group_id" />
			<column name="provisioning_status" />
			<column name="global" valueBoolean="true" />
		</insert>
		<insert tableName="asset">
			<column name="id" valueNumeric="8741" />
			<column name="identifier" value="8668541591" />
			<column name="create_datetime" valueDate="2014-10-22T23:18:52.854" />
			<column name="status_id" valueNumeric="10501" />
			<column name="entity_id" valueNumeric="1" />
			<column name="deleted" valueNumeric="0" />
			<column name="item_id" valueNumeric="320104" />
			<column name="order_line_id" />
			<column name="notes" value="Bulk Upload" />
			<column name="optlock" valueNumeric="0" />
			<column name="group_id" />
			<column name="provisioning_status" />
			<column name="global" valueBoolean="true" />
		</insert>
		<insert tableName="asset">
			<column name="id" valueNumeric="8742" />
			<column name="identifier" value="8668542700" />
			<column name="create_datetime" valueDate="2014-10-22T23:18:52.914" />
			<column name="status_id" valueNumeric="10501" />
			<column name="entity_id" valueNumeric="1" />
			<column name="deleted" valueNumeric="0" />
			<column name="item_id" valueNumeric="320104" />
			<column name="order_line_id" />
			<column name="notes" value="Bulk Upload" />
			<column name="optlock" valueNumeric="0" />
			<column name="group_id" />
			<column name="provisioning_status" />
			<column name="global" valueBoolean="true" />
		</insert>
		<insert tableName="asset">
			<column name="id" valueNumeric="8743" />
			<column name="identifier" value="8668543233" />
			<column name="create_datetime" valueDate="2014-10-22T23:18:52.929" />
			<column name="status_id" valueNumeric="10501" />
			<column name="entity_id" valueNumeric="1" />
			<column name="deleted" valueNumeric="0" />
			<column name="item_id" valueNumeric="320104" />
			<column name="order_line_id" />
			<column name="notes" value="Bulk Upload" />
			<column name="optlock" valueNumeric="0" />
			<column name="group_id" />
			<column name="provisioning_status" />
			<column name="global" valueBoolean="true" />
		</insert>
		<insert tableName="asset">
			<column name="id" valueNumeric="8744" />
			<column name="identifier" value="8668544647" />
			<column name="create_datetime" valueDate="2014-10-22T23:18:52.936" />
			<column name="status_id" valueNumeric="10501" />
			<column name="entity_id" valueNumeric="1" />
			<column name="deleted" valueNumeric="0" />
			<column name="item_id" valueNumeric="320104" />
			<column name="order_line_id" />
			<column name="notes" value="Bulk Upload" />
			<column name="optlock" valueNumeric="0" />
			<column name="group_id" />
			<column name="provisioning_status" />
			<column name="global" valueBoolean="true" />
		</insert>
		<insert tableName="asset">
			<column name="id" valueNumeric="8745" />
			<column name="identifier" value="8668545656" />
			<column name="create_datetime" valueDate="2014-10-22T23:18:52.941" />
			<column name="status_id" valueNumeric="10501" />
			<column name="entity_id" valueNumeric="1" />
			<column name="deleted" valueNumeric="0" />
			<column name="item_id" valueNumeric="320104" />
			<column name="order_line_id" />
			<column name="notes" value="Bulk Upload" />
			<column name="optlock" valueNumeric="0" />
			<column name="group_id" />
			<column name="provisioning_status" />
			<column name="global" valueBoolean="true" />
		</insert>
		<insert tableName="asset">
			<column name="id" valueNumeric="8746" />
			<column name="identifier" value="8668546346" />
			<column name="create_datetime" valueDate="2014-10-22T23:18:52.961" />
			<column name="status_id" valueNumeric="10501" />
			<column name="entity_id" valueNumeric="1" />
			<column name="deleted" valueNumeric="0" />
			<column name="item_id" valueNumeric="320104" />
			<column name="order_line_id" />
			<column name="notes" value="Bulk Upload" />
			<column name="optlock" valueNumeric="0" />
			<column name="group_id" />
			<column name="provisioning_status" />
			<column name="global" valueBoolean="true" />
		</insert>
		<insert tableName="asset">
			<column name="id" valueNumeric="9129" />
			<column name="identifier" value="8668984229" />
			<column name="create_datetime" valueDate="2014-10-22T23:19:04.422" />
			<column name="status_id" valueNumeric="10501" />
			<column name="entity_id" valueNumeric="1" />
			<column name="deleted" valueNumeric="0" />
			<column name="item_id" valueNumeric="320104" />
			<column name="order_line_id" />
			<column name="notes" value="Bulk Upload" />
			<column name="optlock" valueNumeric="0" />
			<column name="group_id" />
			<column name="provisioning_status" />
			<column name="global" valueBoolean="true" />
		</insert>
		<insert tableName="asset">
			<column name="id" valueNumeric="9130" />
			<column name="identifier" value="8668984295" />
			<column name="create_datetime" valueDate="2014-10-22T23:19:04.433" />
			<column name="status_id" valueNumeric="10501" />
			<column name="entity_id" valueNumeric="1" />
			<column name="deleted" valueNumeric="0" />
			<column name="item_id" valueNumeric="320104" />
			<column name="order_line_id" />
			<column name="notes" value="Bulk Upload" />
			<column name="optlock" valueNumeric="0" />
			<column name="group_id" />
			<column name="provisioning_status" />
			<column name="global" valueBoolean="true" />
		</insert>
		<insert tableName="asset">
			<column name="id" valueNumeric="9131" />
			<column name="identifier" value="8668984453" />
			<column name="create_datetime" valueDate="2014-10-22T23:19:04.460" />
			<column name="status_id" valueNumeric="10501" />
			<column name="entity_id" valueNumeric="1" />
			<column name="deleted" valueNumeric="0" />
			<column name="item_id" valueNumeric="320104" />
			<column name="order_line_id" />
			<column name="notes" value="Bulk Upload" />
			<column name="optlock" valueNumeric="0" />
			<column name="group_id" />
			<column name="provisioning_status" />
			<column name="global" valueBoolean="true" />
		</insert>
		<insert tableName="asset">
			<column name="id" valueNumeric="9132" />
			<column name="identifier" value="8668984745" />
			<column name="create_datetime" valueDate="2014-10-22T23:19:04.552" />
			<column name="status_id" valueNumeric="10501" />
			<column name="entity_id" valueNumeric="1" />
			<column name="deleted" valueNumeric="0" />
			<column name="item_id" valueNumeric="320104" />
			<column name="order_line_id" />
			<column name="notes" value="Bulk Upload" />
			<column name="optlock" valueNumeric="0" />
			<column name="group_id" />
			<column name="provisioning_status" />
			<column name="global" valueBoolean="true" />
		</insert>
		<insert tableName="asset">
			<column name="id" valueNumeric="9133" />
			<column name="identifier" value="8668985216" />
			<column name="create_datetime" valueDate="2014-10-22T23:19:04.618" />
			<column name="status_id" valueNumeric="10501" />
			<column name="entity_id" valueNumeric="1" />
			<column name="deleted" valueNumeric="0" />
			<column name="item_id" valueNumeric="320104" />
			<column name="order_line_id" />
			<column name="notes" value="Bulk Upload" />
			<column name="optlock" valueNumeric="0" />
			<column name="group_id" />
			<column name="provisioning_status" />
			<column name="global" valueBoolean="true" />
		</insert>
		<insert tableName="asset">
			<column name="id" valueNumeric="9134" />
			<column name="identifier" value="8668985468" />
			<column name="create_datetime" valueDate="2014-10-22T23:19:04.629" />
			<column name="status_id" valueNumeric="10501" />
			<column name="entity_id" valueNumeric="1" />
			<column name="deleted" valueNumeric="0" />
			<column name="item_id" valueNumeric="320104" />
			<column name="order_line_id" />
			<column name="notes" value="Bulk Upload" />
			<column name="optlock" valueNumeric="0" />
			<column name="group_id" />
			<column name="provisioning_status" />
			<column name="global" valueBoolean="true" />
		</insert>
		<insert tableName="asset">
			<column name="id" valueNumeric="9135" />
			<column name="identifier" value="8668985660" />
			<column name="create_datetime" valueDate="2014-10-22T23:19:04.640" />
			<column name="status_id" valueNumeric="10501" />
			<column name="entity_id" valueNumeric="1" />
			<column name="deleted" valueNumeric="0" />
			<column name="item_id" valueNumeric="320104" />
			<column name="order_line_id" />
			<column name="notes" value="Bulk Upload" />
			<column name="optlock" valueNumeric="0" />
			<column name="group_id" />
			<column name="provisioning_status" />
			<column name="global" valueBoolean="true" />
		</insert>
		<insert tableName="asset">
			<column name="id" valueNumeric="9136" />
			<column name="identifier" value="8668986013" />
			<column name="create_datetime" valueDate="2014-10-22T23:19:04.823" />
			<column name="status_id" valueNumeric="10501" />
			<column name="entity_id" valueNumeric="1" />
			<column name="deleted" valueNumeric="0" />
			<column name="item_id" valueNumeric="320104" />
			<column name="order_line_id" />
			<column name="notes" value="Bulk Upload" />
			<column name="optlock" valueNumeric="0" />
			<column name="group_id" />
			<column name="provisioning_status" />
			<column name="global" valueBoolean="true" />
		</insert>
		<insert tableName="asset">
			<column name="id" valueNumeric="9137" />
			<column name="identifier" value="8668986526" />
			<column name="create_datetime" valueDate="2014-10-22T23:19:04.829" />
			<column name="status_id" valueNumeric="10501" />
			<column name="entity_id" valueNumeric="1" />
			<column name="deleted" valueNumeric="0" />
			<column name="item_id" valueNumeric="320104" />
			<column name="order_line_id" />
			<column name="notes" value="Bulk Upload" />
			<column name="optlock" valueNumeric="0" />
			<column name="group_id" />
			<column name="provisioning_status" />
			<column name="global" valueBoolean="true" />
		</insert>
		<insert tableName="asset">
			<column name="id" valueNumeric="9138" />
			<column name="identifier" value="8668986710" />
			<column name="create_datetime" valueDate="2014-10-22T23:19:04.869" />
			<column name="status_id" valueNumeric="10501" />
			<column name="entity_id" valueNumeric="1" />
			<column name="deleted" valueNumeric="0" />
			<column name="item_id" valueNumeric="320104" />
			<column name="order_line_id" />
			<column name="notes" value="Bulk Upload" />
			<column name="optlock" valueNumeric="0" />
			<column name="group_id" />
			<column name="provisioning_status" />
			<column name="global" valueBoolean="true" />
		</insert>
		<insert tableName="asset">
			<column name="id" valueNumeric="9139" />
			<column name="identifier" value="8668987316" />
			<column name="create_datetime" valueDate="2014-10-22T23:19:04.884" />
			<column name="status_id" valueNumeric="10501" />
			<column name="entity_id" valueNumeric="1" />
			<column name="deleted" valueNumeric="0" />
			<column name="item_id" valueNumeric="320104" />
			<column name="order_line_id" />
			<column name="notes" value="Bulk Upload" />
			<column name="optlock" valueNumeric="0" />
			<column name="group_id" />
			<column name="provisioning_status" />
			<column name="global" valueBoolean="true" />
		</insert>
		<insert tableName="asset">
			<column name="id" valueNumeric="9140" />
			<column name="identifier" value="8668987575" />
			<column name="create_datetime" valueDate="2014-10-22T23:19:04.898" />
			<column name="status_id" valueNumeric="10501" />
			<column name="entity_id" valueNumeric="1" />
			<column name="deleted" valueNumeric="0" />
			<column name="item_id" valueNumeric="320104" />
			<column name="order_line_id" />
			<column name="notes" value="Bulk Upload" />
			<column name="optlock" valueNumeric="0" />
			<column name="group_id" />
			<column name="provisioning_status" />
			<column name="global" valueBoolean="true" />
		</insert>
		<insert tableName="asset">
			<column name="id" valueNumeric="9141" />
			<column name="identifier" value="8668987841" />
			<column name="create_datetime" valueDate="2014-10-22T23:19:04.908" />
			<column name="status_id" valueNumeric="10501" />
			<column name="entity_id" valueNumeric="1" />
			<column name="deleted" valueNumeric="0" />
			<column name="item_id" valueNumeric="320104" />
			<column name="order_line_id" />
			<column name="notes" value="Bulk Upload" />
			<column name="optlock" valueNumeric="0" />
			<column name="group_id" />
			<column name="provisioning_status" />
			<column name="global" valueBoolean="true" />
		</insert>
		<insert tableName="asset">
			<column name="id" valueNumeric="9142" />
			<column name="identifier" value="8668987890" />
			<column name="create_datetime" valueDate="2014-10-22T23:19:04.940" />
			<column name="status_id" valueNumeric="10501" />
			<column name="entity_id" valueNumeric="1" />
			<column name="deleted" valueNumeric="0" />
			<column name="item_id" valueNumeric="320104" />
			<column name="order_line_id" />
			<column name="notes" value="Bulk Upload" />
			<column name="optlock" valueNumeric="0" />
			<column name="group_id" />
			<column name="provisioning_status" />
			<column name="global" valueBoolean="true" />
		</insert>
		<insert tableName="asset">
			<column name="id" valueNumeric="9143" />
			<column name="identifier" value="8668987968" />
			<column name="create_datetime" valueDate="2014-10-22T23:19:04.946" />
			<column name="status_id" valueNumeric="10501" />
			<column name="entity_id" valueNumeric="1" />
			<column name="deleted" valueNumeric="0" />
			<column name="item_id" valueNumeric="320104" />
			<column name="order_line_id" />
			<column name="notes" value="Bulk Upload" />
			<column name="optlock" valueNumeric="0" />
			<column name="group_id" />
			<column name="provisioning_status" />
			<column name="global" valueBoolean="true" />
		</insert>
		<insert tableName="asset">
			<column name="id" valueNumeric="9144" />
			<column name="identifier" value="8668988016" />
			<column name="create_datetime" valueDate="2014-10-22T23:19:05.46" />
			<column name="status_id" valueNumeric="10501" />
			<column name="entity_id" valueNumeric="1" />
			<column name="deleted" valueNumeric="0" />
			<column name="item_id" valueNumeric="320104" />
			<column name="order_line_id" />
			<column name="notes" value="Bulk Upload" />
			<column name="optlock" valueNumeric="0" />
			<column name="group_id" />
			<column name="provisioning_status" />
			<column name="global" valueBoolean="true" />
		</insert>
		<insert tableName="asset">
			<column name="id" valueNumeric="9145" />
			<column name="identifier" value="8668988206" />
			<column name="create_datetime" valueDate="2014-10-22T23:19:05.96" />
			<column name="status_id" valueNumeric="10501" />
			<column name="entity_id" valueNumeric="1" />
			<column name="deleted" valueNumeric="0" />
			<column name="item_id" valueNumeric="320104" />
			<column name="order_line_id" />
			<column name="notes" value="Bulk Upload" />
			<column name="optlock" valueNumeric="0" />
			<column name="group_id" />
			<column name="provisioning_status" />
			<column name="global" valueBoolean="true" />
		</insert>
		<insert tableName="asset">
			<column name="id" valueNumeric="9146" />
			<column name="identifier" value="8668989194" />
			<column name="create_datetime" valueDate="2014-10-22T23:19:05.103" />
			<column name="status_id" valueNumeric="10501" />
			<column name="entity_id" valueNumeric="1" />
			<column name="deleted" valueNumeric="0" />
			<column name="item_id" valueNumeric="320104" />
			<column name="order_line_id" />
			<column name="notes" value="Bulk Upload" />
			<column name="optlock" valueNumeric="0" />
			<column name="group_id" />
			<column name="provisioning_status" />
			<column name="global" valueBoolean="true" />
		</insert>
		<insert tableName="asset">
			<column name="id" valueNumeric="9147" />
			<column name="identifier" value="8668989199" />
			<column name="create_datetime" valueDate="2014-10-22T23:19:05.117" />
			<column name="status_id" valueNumeric="10501" />
			<column name="entity_id" valueNumeric="1" />
			<column name="deleted" valueNumeric="0" />
			<column name="item_id" valueNumeric="320104" />
			<column name="order_line_id" />
			<column name="notes" value="Bulk Upload" />
			<column name="optlock" valueNumeric="0" />
			<column name="group_id" />
			<column name="provisioning_status" />
			<column name="global" valueBoolean="true" />
		</insert>
		<insert tableName="asset">
			<column name="id" valueNumeric="9148" />
			<column name="identifier" value="8668989791" />
			<column name="create_datetime" valueDate="2014-10-22T23:19:05.147" />
			<column name="status_id" valueNumeric="10501" />
			<column name="entity_id" valueNumeric="1" />
			<column name="deleted" valueNumeric="0" />
			<column name="item_id" valueNumeric="320104" />
			<column name="order_line_id" />
			<column name="notes" value="Bulk Upload" />
			<column name="optlock" valueNumeric="0" />
			<column name="group_id" />
			<column name="provisioning_status" />
			<column name="global" valueBoolean="true" />
		</insert>
		<insert tableName="asset">
			<column name="id" valueNumeric="9149" />
			<column name="identifier" value="8668989842" />
			<column name="create_datetime" valueDate="2014-10-22T23:19:05.154" />
			<column name="status_id" valueNumeric="10501" />
			<column name="entity_id" valueNumeric="1" />
			<column name="deleted" valueNumeric="0" />
			<column name="item_id" valueNumeric="320104" />
			<column name="order_line_id" />
			<column name="notes" value="Bulk Upload" />
			<column name="optlock" valueNumeric="0" />
			<column name="group_id" />
			<column name="provisioning_status" />
			<column name="global" valueBoolean="true" />
		</insert>
		<insert tableName="asset">
			<column name="id" valueNumeric="9150" />
			<column name="identifier" value="8668990400" />
			<column name="create_datetime" valueDate="2014-10-22T23:19:05.181" />
			<column name="status_id" valueNumeric="10501" />
			<column name="entity_id" valueNumeric="1" />
			<column name="deleted" valueNumeric="0" />
			<column name="item_id" valueNumeric="320104" />
			<column name="order_line_id" />
			<column name="notes" value="Bulk Upload" />
			<column name="optlock" valueNumeric="0" />
			<column name="group_id" />
			<column name="provisioning_status" />
			<column name="global" valueBoolean="true" />
		</insert>
		<insert tableName="asset">
			<column name="id" valueNumeric="9151" />
			<column name="identifier" value="8668990571" />
			<column name="create_datetime" valueDate="2014-10-22T23:19:05.199" />
			<column name="status_id" valueNumeric="10501" />
			<column name="entity_id" valueNumeric="1" />
			<column name="deleted" valueNumeric="0" />
			<column name="item_id" valueNumeric="320104" />
			<column name="order_line_id" />
			<column name="notes" value="Bulk Upload" />
			<column name="optlock" valueNumeric="0" />
			<column name="group_id" />
			<column name="provisioning_status" />
			<column name="global" valueBoolean="true" />
		</insert>
		<insert tableName="asset">
			<column name="id" valueNumeric="9152" />
			<column name="identifier" value="8668991251" />
			<column name="create_datetime" valueDate="2014-10-22T23:19:05.214" />
			<column name="status_id" valueNumeric="10501" />
			<column name="entity_id" valueNumeric="1" />
			<column name="deleted" valueNumeric="0" />
			<column name="item_id" valueNumeric="320104" />
			<column name="order_line_id" />
			<column name="notes" value="Bulk Upload" />
			<column name="optlock" valueNumeric="0" />
			<column name="group_id" />
			<column name="provisioning_status" />
			<column name="global" valueBoolean="true" />
		</insert>
		<insert tableName="asset">
			<column name="id" valueNumeric="9153" />
			<column name="identifier" value="8668992019" />
			<column name="create_datetime" valueDate="2014-10-22T23:19:05.220" />
			<column name="status_id" valueNumeric="10501" />
			<column name="entity_id" valueNumeric="1" />
			<column name="deleted" valueNumeric="0" />
			<column name="item_id" valueNumeric="320104" />
			<column name="order_line_id" />
			<column name="notes" value="Bulk Upload" />
			<column name="optlock" valueNumeric="0" />
			<column name="group_id" />
			<column name="provisioning_status" />
			<column name="global" valueBoolean="true" />
		</insert>
		<insert tableName="asset">
			<column name="id" valueNumeric="9154" />
			<column name="identifier" value="8668992468" />
			<column name="create_datetime" valueDate="2014-10-22T23:19:05.247" />
			<column name="status_id" valueNumeric="10501" />
			<column name="entity_id" valueNumeric="1" />
			<column name="deleted" valueNumeric="0" />
			<column name="item_id" valueNumeric="320104" />
			<column name="order_line_id" />
			<column name="notes" value="Bulk Upload" />
			<column name="optlock" valueNumeric="0" />
			<column name="group_id" />
			<column name="provisioning_status" />
			<column name="global" valueBoolean="true" />
		</insert>
		<insert tableName="asset">
			<column name="id" valueNumeric="9155" />
			<column name="identifier" value="8668992636" />
			<column name="create_datetime" valueDate="2014-10-22T23:19:05.278" />
			<column name="status_id" valueNumeric="10501" />
			<column name="entity_id" valueNumeric="1" />
			<column name="deleted" valueNumeric="0" />
			<column name="item_id" valueNumeric="320104" />
			<column name="order_line_id" />
			<column name="notes" value="Bulk Upload" />
			<column name="optlock" valueNumeric="0" />
			<column name="group_id" />
			<column name="provisioning_status" />
			<column name="global" valueBoolean="true" />
		</insert>
		<insert tableName="asset">
			<column name="id" valueNumeric="9156" />
			<column name="identifier" value="8668993751" />
			<column name="create_datetime" valueDate="2014-10-22T23:19:05.346" />
			<column name="status_id" valueNumeric="10501" />
			<column name="entity_id" valueNumeric="1" />
			<column name="deleted" valueNumeric="0" />
			<column name="item_id" valueNumeric="320104" />
			<column name="order_line_id" />
			<column name="notes" value="Bulk Upload" />
			<column name="optlock" valueNumeric="0" />
			<column name="group_id" />
			<column name="provisioning_status" />
			<column name="global" valueBoolean="true" />
		</insert>
		<insert tableName="asset">
			<column name="id" valueNumeric="9157" />
			<column name="identifier" value="8668994003" />
			<column name="create_datetime" valueDate="2014-10-22T23:19:05.466" />
			<column name="status_id" valueNumeric="10501" />
			<column name="entity_id" valueNumeric="1" />
			<column name="deleted" valueNumeric="0" />
			<column name="item_id" valueNumeric="320104" />
			<column name="order_line_id" />
			<column name="notes" value="Bulk Upload" />
			<column name="optlock" valueNumeric="0" />
			<column name="group_id" />
			<column name="provisioning_status" />
			<column name="global" valueBoolean="true" />
		</insert>
		<insert tableName="asset">
			<column name="id" valueNumeric="9158" />
			<column name="identifier" value="8668994948" />
			<column name="create_datetime" valueDate="2014-10-22T23:19:05.472" />
			<column name="status_id" valueNumeric="10501" />
			<column name="entity_id" valueNumeric="1" />
			<column name="deleted" valueNumeric="0" />
			<column name="item_id" valueNumeric="320104" />
			<column name="order_line_id" />
			<column name="notes" value="Bulk Upload" />
			<column name="optlock" valueNumeric="0" />
			<column name="group_id" />
			<column name="provisioning_status" />
			<column name="global" valueBoolean="true" />
		</insert>
		<insert tableName="asset">
			<column name="id" valueNumeric="9159" />
			<column name="identifier" value="8668996277" />
			<column name="create_datetime" valueDate="2014-10-22T23:19:05.483" />
			<column name="status_id" valueNumeric="10501" />
			<column name="entity_id" valueNumeric="1" />
			<column name="deleted" valueNumeric="0" />
			<column name="item_id" valueNumeric="320104" />
			<column name="order_line_id" />
			<column name="notes" value="Bulk Upload" />
			<column name="optlock" valueNumeric="0" />
			<column name="group_id" />
			<column name="provisioning_status" />
			<column name="global" valueBoolean="true" />
		</insert>
		<insert tableName="asset">
			<column name="id" valueNumeric="9160" />
			<column name="identifier" value="8668996278" />
			<column name="create_datetime" valueDate="2014-10-22T23:19:05.489" />
			<column name="status_id" valueNumeric="10501" />
			<column name="entity_id" valueNumeric="1" />
			<column name="deleted" valueNumeric="0" />
			<column name="item_id" valueNumeric="320104" />
			<column name="order_line_id" />
			<column name="notes" value="Bulk Upload" />
			<column name="optlock" valueNumeric="0" />
			<column name="group_id" />
			<column name="provisioning_status" />
			<column name="global" valueBoolean="true" />
		</insert>
		<insert tableName="asset">
			<column name="id" valueNumeric="9161" />
			<column name="identifier" value="8668996281" />
			<column name="create_datetime" valueDate="2014-10-22T23:19:05.518" />
			<column name="status_id" valueNumeric="10501" />
			<column name="entity_id" valueNumeric="1" />
			<column name="deleted" valueNumeric="0" />
			<column name="item_id" valueNumeric="320104" />
			<column name="order_line_id" />
			<column name="notes" value="Bulk Upload" />
			<column name="optlock" valueNumeric="0" />
			<column name="group_id" />
			<column name="provisioning_status" />
			<column name="global" valueBoolean="true" />
		</insert>
		<insert tableName="asset">
			<column name="id" valueNumeric="9162" />
			<column name="identifier" value="8668996285" />
			<column name="create_datetime" valueDate="2014-10-22T23:19:05.548" />
			<column name="status_id" valueNumeric="10501" />
			<column name="entity_id" valueNumeric="1" />
			<column name="deleted" valueNumeric="0" />
			<column name="item_id" valueNumeric="320104" />
			<column name="order_line_id" />
			<column name="notes" value="Bulk Upload" />
			<column name="optlock" valueNumeric="0" />
			<column name="group_id" />
			<column name="provisioning_status" />
			<column name="global" valueBoolean="true" />
		</insert>
		<insert tableName="asset">
			<column name="id" valueNumeric="9163" />
			<column name="identifier" value="8668996287" />
			<column name="create_datetime" valueDate="2014-10-22T23:19:05.608" />
			<column name="status_id" valueNumeric="10501" />
			<column name="entity_id" valueNumeric="1" />
			<column name="deleted" valueNumeric="0" />
			<column name="item_id" valueNumeric="320104" />
			<column name="order_line_id" />
			<column name="notes" value="Bulk Upload" />
			<column name="optlock" valueNumeric="0" />
			<column name="group_id" />
			<column name="provisioning_status" />
			<column name="global" valueBoolean="true" />
		</insert>
		<insert tableName="asset">
			<column name="id" valueNumeric="9164" />
			<column name="identifier" value="8668996405" />
			<column name="create_datetime" valueDate="2014-10-22T23:19:05.623" />
			<column name="status_id" valueNumeric="10501" />
			<column name="entity_id" valueNumeric="1" />
			<column name="deleted" valueNumeric="0" />
			<column name="item_id" valueNumeric="320104" />
			<column name="order_line_id" />
			<column name="notes" value="Bulk Upload" />
			<column name="optlock" valueNumeric="0" />
			<column name="group_id" />
			<column name="provisioning_status" />
			<column name="global" valueBoolean="true" />
		</insert>
		<insert tableName="asset">
			<column name="id" valueNumeric="9165" />
			<column name="identifier" value="8668997033" />
			<column name="create_datetime" valueDate="2014-10-22T23:19:05.665" />
			<column name="status_id" valueNumeric="10501" />
			<column name="entity_id" valueNumeric="1" />
			<column name="deleted" valueNumeric="0" />
			<column name="item_id" valueNumeric="320104" />
			<column name="order_line_id" />
			<column name="notes" value="Bulk Upload" />
			<column name="optlock" valueNumeric="0" />
			<column name="group_id" />
			<column name="provisioning_status" />
			<column name="global" valueBoolean="true" />
		</insert>
		<insert tableName="asset">
			<column name="id" valueNumeric="9166" />
			<column name="identifier" value="8668997504" />
			<column name="create_datetime" valueDate="2014-10-22T23:19:05.675" />
			<column name="status_id" valueNumeric="10501" />
			<column name="entity_id" valueNumeric="1" />
			<column name="deleted" valueNumeric="0" />
			<column name="item_id" valueNumeric="320104" />
			<column name="order_line_id" />
			<column name="notes" value="Bulk Upload" />
			<column name="optlock" valueNumeric="0" />
			<column name="group_id" />
			<column name="provisioning_status" />
			<column name="global" valueBoolean="true" />
		</insert>
		<insert tableName="asset">
			<column name="id" valueNumeric="9167" />
			<column name="identifier" value="8668997708" />
			<column name="create_datetime" valueDate="2014-10-22T23:19:05.699" />
			<column name="status_id" valueNumeric="10501" />
			<column name="entity_id" valueNumeric="1" />
			<column name="deleted" valueNumeric="0" />
			<column name="item_id" valueNumeric="320104" />
			<column name="order_line_id" />
			<column name="notes" value="Bulk Upload" />
			<column name="optlock" valueNumeric="0" />
			<column name="group_id" />
			<column name="provisioning_status" />
			<column name="global" valueBoolean="true" />
		</insert>
		<insert tableName="asset">
			<column name="id" valueNumeric="9168" />
			<column name="identifier" value="8668997709" />
			<column name="create_datetime" valueDate="2014-10-22T23:19:05.711" />
			<column name="status_id" valueNumeric="10501" />
			<column name="entity_id" valueNumeric="1" />
			<column name="deleted" valueNumeric="0" />
			<column name="item_id" valueNumeric="320104" />
			<column name="order_line_id" />
			<column name="notes" value="Bulk Upload" />
			<column name="optlock" valueNumeric="0" />
			<column name="group_id" />
			<column name="provisioning_status" />
			<column name="global" valueBoolean="true" />
		</insert>
		<insert tableName="asset">
			<column name="id" valueNumeric="9169" />
			<column name="identifier" value="8668997710" />
			<column name="create_datetime" valueDate="2014-10-22T23:19:05.751" />
			<column name="status_id" valueNumeric="10501" />
			<column name="entity_id" valueNumeric="1" />
			<column name="deleted" valueNumeric="0" />
			<column name="item_id" valueNumeric="320104" />
			<column name="order_line_id" />
			<column name="notes" value="Bulk Upload" />
			<column name="optlock" valueNumeric="0" />
			<column name="group_id" />
			<column name="provisioning_status" />
			<column name="global" valueBoolean="true" />
		</insert>
		<insert tableName="asset">
			<column name="id" valueNumeric="9170" />
			<column name="identifier" value="8668997727" />
			<column name="create_datetime" valueDate="2014-10-22T23:19:05.757" />
			<column name="status_id" valueNumeric="10501" />
			<column name="entity_id" valueNumeric="1" />
			<column name="deleted" valueNumeric="0" />
			<column name="item_id" valueNumeric="320104" />
			<column name="order_line_id" />
			<column name="notes" value="Bulk Upload" />
			<column name="optlock" valueNumeric="0" />
			<column name="group_id" />
			<column name="provisioning_status" />
			<column name="global" valueBoolean="true" />
		</insert>
		<insert tableName="asset">
			<column name="id" valueNumeric="9171" />
			<column name="identifier" value="8668997926" />
			<column name="create_datetime" valueDate="2014-10-22T23:19:05.880" />
			<column name="status_id" valueNumeric="10501" />
			<column name="entity_id" valueNumeric="1" />
			<column name="deleted" valueNumeric="0" />
			<column name="item_id" valueNumeric="320104" />
			<column name="order_line_id" />
			<column name="notes" value="Bulk Upload" />
			<column name="optlock" valueNumeric="0" />
			<column name="group_id" />
			<column name="provisioning_status" />
			<column name="global" valueBoolean="true" />
		</insert>
		<insert tableName="asset">
			<column name="id" valueNumeric="9172" />
			<column name="identifier" value="8668998138" />
			<column name="create_datetime" valueDate="2014-10-22T23:19:05.905" />
			<column name="status_id" valueNumeric="10501" />
			<column name="entity_id" valueNumeric="1" />
			<column name="deleted" valueNumeric="0" />
			<column name="item_id" valueNumeric="320104" />
			<column name="order_line_id" />
			<column name="notes" value="Bulk Upload" />
			<column name="optlock" valueNumeric="0" />
			<column name="group_id" />
			<column name="provisioning_status" />
			<column name="global" valueBoolean="true" />
		</insert>
		<insert tableName="asset">
			<column name="id" valueNumeric="9173" />
			<column name="identifier" value="8668998293" />
			<column name="create_datetime" valueDate="2014-10-22T23:19:05.930" />
			<column name="status_id" valueNumeric="10501" />
			<column name="entity_id" valueNumeric="1" />
			<column name="deleted" valueNumeric="0" />
			<column name="item_id" valueNumeric="320104" />
			<column name="order_line_id" />
			<column name="notes" value="Bulk Upload" />
			<column name="optlock" valueNumeric="0" />
			<column name="group_id" />
			<column name="provisioning_status" />
			<column name="global" valueBoolean="true" />
		</insert>
		<insert tableName="asset">
			<column name="id" valueNumeric="9174" />
			<column name="identifier" value="8668998313" />
			<column name="create_datetime" valueDate="2014-10-22T23:19:05.969" />
			<column name="status_id" valueNumeric="10501" />
			<column name="entity_id" valueNumeric="1" />
			<column name="deleted" valueNumeric="0" />
			<column name="item_id" valueNumeric="320104" />
			<column name="order_line_id" />
			<column name="notes" value="Bulk Upload" />
			<column name="optlock" valueNumeric="0" />
			<column name="group_id" />
			<column name="provisioning_status" />
			<column name="global" valueBoolean="true" />
		</insert>
		<insert tableName="asset">
			<column name="id" valueNumeric="9175" />
			<column name="identifier" value="8668998396" />
			<column name="create_datetime" valueDate="2014-10-22T23:19:05.975" />
			<column name="status_id" valueNumeric="10501" />
			<column name="entity_id" valueNumeric="1" />
			<column name="deleted" valueNumeric="0" />
			<column name="item_id" valueNumeric="320104" />
			<column name="order_line_id" />
			<column name="notes" value="Bulk Upload" />
			<column name="optlock" valueNumeric="0" />
			<column name="group_id" />
			<column name="provisioning_status" />
			<column name="global" valueBoolean="true" />
		</insert>
		<insert tableName="asset">
			<column name="id" valueNumeric="9176" />
			<column name="identifier" value="8668998433" />
			<column name="create_datetime" valueDate="2014-10-22T23:19:06.27" />
			<column name="status_id" valueNumeric="10501" />
			<column name="entity_id" valueNumeric="1" />
			<column name="deleted" valueNumeric="0" />
			<column name="item_id" valueNumeric="320104" />
			<column name="order_line_id" />
			<column name="notes" value="Bulk Upload" />
			<column name="optlock" valueNumeric="0" />
			<column name="group_id" />
			<column name="provisioning_status" />
			<column name="global" valueBoolean="true" />
		</insert>
		<insert tableName="asset">
			<column name="id" valueNumeric="9177" />
			<column name="identifier" value="8668999293" />
			<column name="create_datetime" valueDate="2014-10-22T23:19:06.56" />
			<column name="status_id" valueNumeric="10501" />
			<column name="entity_id" valueNumeric="1" />
			<column name="deleted" valueNumeric="0" />
			<column name="item_id" valueNumeric="320104" />
			<column name="order_line_id" />
			<column name="notes" value="Bulk Upload" />
			<column name="optlock" valueNumeric="0" />
			<column name="group_id" />
			<column name="provisioning_status" />
			<column name="global" valueBoolean="true" />
		</insert>
		<insert tableName="asset">
			<column name="id" valueNumeric="9178" />
			<column name="identifier" value="8668999674" />
			<column name="create_datetime" valueDate="2014-10-22T23:19:06.66" />
			<column name="status_id" valueNumeric="10501" />
			<column name="entity_id" valueNumeric="1" />
			<column name="deleted" valueNumeric="0" />
			<column name="item_id" valueNumeric="320104" />
			<column name="order_line_id" />
			<column name="notes" value="Bulk Upload" />
			<column name="optlock" valueNumeric="0" />
			<column name="group_id" />
			<column name="provisioning_status" />
			<column name="global" valueBoolean="true" />
		</insert>
		<insert tableName="asset">
			<column name="id" valueNumeric="8835" />
			<column name="identifier" value="8668601968" />
			<column name="create_datetime" valueDate="2014-10-22T23:18:55.787" />
			<column name="status_id" valueNumeric="10501" />
			<column name="entity_id" valueNumeric="1" />
			<column name="deleted" valueNumeric="0" />
			<column name="item_id" valueNumeric="320104" />
			<column name="order_line_id" />
			<column name="notes" value="Bulk Upload" />
			<column name="optlock" valueNumeric="0" />
			<column name="group_id" />
			<column name="provisioning_status" />
			<column name="global" valueBoolean="true" />
		</insert>
		<insert tableName="asset">
			<column name="id" valueNumeric="8836" />
			<column name="identifier" value="8668602761" />
			<column name="create_datetime" valueDate="2014-10-22T23:18:55.851" />
			<column name="status_id" valueNumeric="10501" />
			<column name="entity_id" valueNumeric="1" />
			<column name="deleted" valueNumeric="0" />
			<column name="item_id" valueNumeric="320104" />
			<column name="order_line_id" />
			<column name="notes" value="Bulk Upload" />
			<column name="optlock" valueNumeric="0" />
			<column name="group_id" />
			<column name="provisioning_status" />
			<column name="global" valueBoolean="true" />
		</insert>
		<insert tableName="asset">
			<column name="id" valueNumeric="8837" />
			<column name="identifier" value="8668603044" />
			<column name="create_datetime" valueDate="2014-10-22T23:18:55.885" />
			<column name="status_id" valueNumeric="10501" />
			<column name="entity_id" valueNumeric="1" />
			<column name="deleted" valueNumeric="0" />
			<column name="item_id" valueNumeric="320104" />
			<column name="order_line_id" />
			<column name="notes" value="Bulk Upload" />
			<column name="optlock" valueNumeric="0" />
			<column name="group_id" />
			<column name="provisioning_status" />
			<column name="global" valueBoolean="true" />
		</insert>
		<insert tableName="asset">
			<column name="id" valueNumeric="8838" />
			<column name="identifier" value="8668603232" />
			<column name="create_datetime" valueDate="2014-10-22T23:18:55.916" />
			<column name="status_id" valueNumeric="10501" />
			<column name="entity_id" valueNumeric="1" />
			<column name="deleted" valueNumeric="0" />
			<column name="item_id" valueNumeric="320104" />
			<column name="order_line_id" />
			<column name="notes" value="Bulk Upload" />
			<column name="optlock" valueNumeric="0" />
			<column name="group_id" />
			<column name="provisioning_status" />
			<column name="global" valueBoolean="true" />
		</insert>
		<insert tableName="asset">
			<column name="id" valueNumeric="8839" />
			<column name="identifier" value="8668603266" />
			<column name="create_datetime" valueDate="2014-10-22T23:18:55.922" />
			<column name="status_id" valueNumeric="10501" />
			<column name="entity_id" valueNumeric="1" />
			<column name="deleted" valueNumeric="0" />
			<column name="item_id" valueNumeric="320104" />
			<column name="order_line_id" />
			<column name="notes" value="Bulk Upload" />
			<column name="optlock" valueNumeric="0" />
			<column name="group_id" />
			<column name="provisioning_status" />
			<column name="global" valueBoolean="true" />
		</insert>
		<insert tableName="asset">
			<column name="id" valueNumeric="8840" />
			<column name="identifier" value="8668604116" />
			<column name="create_datetime" valueDate="2014-10-22T23:18:55.954" />
			<column name="status_id" valueNumeric="10501" />
			<column name="entity_id" valueNumeric="1" />
			<column name="deleted" valueNumeric="0" />
			<column name="item_id" valueNumeric="320104" />
			<column name="order_line_id" />
			<column name="notes" value="Bulk Upload" />
			<column name="optlock" valueNumeric="0" />
			<column name="group_id" />
			<column name="provisioning_status" />
			<column name="global" valueBoolean="true" />
		</insert>
		<insert tableName="asset">
			<column name="id" valueNumeric="8841" />
			<column name="identifier" value="8668604298" />
			<column name="create_datetime" valueDate="2014-10-22T23:18:55.964" />
			<column name="status_id" valueNumeric="10501" />
			<column name="entity_id" valueNumeric="1" />
			<column name="deleted" valueNumeric="0" />
			<column name="item_id" valueNumeric="320104" />
			<column name="order_line_id" />
			<column name="notes" value="Bulk Upload" />
			<column name="optlock" valueNumeric="0" />
			<column name="group_id" />
			<column name="provisioning_status" />
			<column name="global" valueBoolean="true" />
		</insert>
		<insert tableName="asset">
			<column name="id" valueNumeric="8842" />
			<column name="identifier" value="8668604826" />
			<column name="create_datetime" valueDate="2014-10-22T23:18:55.970" />
			<column name="status_id" valueNumeric="10501" />
			<column name="entity_id" valueNumeric="1" />
			<column name="deleted" valueNumeric="0" />
			<column name="item_id" valueNumeric="320104" />
			<column name="order_line_id" />
			<column name="notes" value="Bulk Upload" />
			<column name="optlock" valueNumeric="0" />
			<column name="group_id" />
			<column name="provisioning_status" />
			<column name="global" valueBoolean="true" />
		</insert>
		<insert tableName="asset">
			<column name="id" valueNumeric="8843" />
			<column name="identifier" value="8668605951" />
			<column name="create_datetime" valueDate="2014-10-22T23:18:55.976" />
			<column name="status_id" valueNumeric="10501" />
			<column name="entity_id" valueNumeric="1" />
			<column name="deleted" valueNumeric="0" />
			<column name="item_id" valueNumeric="320104" />
			<column name="order_line_id" />
			<column name="notes" value="Bulk Upload" />
			<column name="optlock" valueNumeric="0" />
			<column name="group_id" />
			<column name="provisioning_status" />
			<column name="global" valueBoolean="true" />
		</insert>
		<insert tableName="asset">
			<column name="id" valueNumeric="8844" />
			<column name="identifier" value="8668605976" />
			<column name="create_datetime" valueDate="2014-10-22T23:18:55.986" />
			<column name="status_id" valueNumeric="10501" />
			<column name="entity_id" valueNumeric="1" />
			<column name="deleted" valueNumeric="0" />
			<column name="item_id" valueNumeric="320104" />
			<column name="order_line_id" />
			<column name="notes" value="Bulk Upload" />
			<column name="optlock" valueNumeric="0" />
			<column name="group_id" />
			<column name="provisioning_status" />
			<column name="global" valueBoolean="true" />
		</insert>
		<insert tableName="asset">
			<column name="id" valueNumeric="8845" />
			<column name="identifier" value="8668606251" />
			<column name="create_datetime" valueDate="2014-10-22T23:18:56.34" />
			<column name="status_id" valueNumeric="10501" />
			<column name="entity_id" valueNumeric="1" />
			<column name="deleted" valueNumeric="0" />
			<column name="item_id" valueNumeric="320104" />
			<column name="order_line_id" />
			<column name="notes" value="Bulk Upload" />
			<column name="optlock" valueNumeric="0" />
			<column name="group_id" />
			<column name="provisioning_status" />
			<column name="global" valueBoolean="true" />
		</insert>
		<insert tableName="asset">
			<column name="id" valueNumeric="8846" />
			<column name="identifier" value="8668607455" />
			<column name="create_datetime" valueDate="2014-10-22T23:18:56.56" />
			<column name="status_id" valueNumeric="10501" />
			<column name="entity_id" valueNumeric="1" />
			<column name="deleted" valueNumeric="0" />
			<column name="item_id" valueNumeric="320104" />
			<column name="order_line_id" />
			<column name="notes" value="Bulk Upload" />
			<column name="optlock" valueNumeric="0" />
			<column name="group_id" />
			<column name="provisioning_status" />
			<column name="global" valueBoolean="true" />
		</insert>
		<insert tableName="asset">
			<column name="id" valueNumeric="8847" />
			<column name="identifier" value="8668609298" />
			<column name="create_datetime" valueDate="2014-10-22T23:18:56.66" />
			<column name="status_id" valueNumeric="10501" />
			<column name="entity_id" valueNumeric="1" />
			<column name="deleted" valueNumeric="0" />
			<column name="item_id" valueNumeric="320104" />
			<column name="order_line_id" />
			<column name="notes" value="Bulk Upload" />
			<column name="optlock" valueNumeric="0" />
			<column name="group_id" />
			<column name="provisioning_status" />
			<column name="global" valueBoolean="true" />
		</insert>
		<insert tableName="asset">
			<column name="id" valueNumeric="8848" />
			<column name="identifier" value="8668613303" />
			<column name="create_datetime" valueDate="2014-10-22T23:18:56.78" />
			<column name="status_id" valueNumeric="10501" />
			<column name="entity_id" valueNumeric="1" />
			<column name="deleted" valueNumeric="0" />
			<column name="item_id" valueNumeric="320104" />
			<column name="order_line_id" />
			<column name="notes" value="Bulk Upload" />
			<column name="optlock" valueNumeric="0" />
			<column name="group_id" />
			<column name="provisioning_status" />
			<column name="global" valueBoolean="true" />
		</insert>
		<insert tableName="asset">
			<column name="id" valueNumeric="8849" />
			<column name="identifier" value="8668613304" />
			<column name="create_datetime" valueDate="2014-10-22T23:18:56.129" />
			<column name="status_id" valueNumeric="10501" />
			<column name="entity_id" valueNumeric="1" />
			<column name="deleted" valueNumeric="0" />
			<column name="item_id" valueNumeric="320104" />
			<column name="order_line_id" />
			<column name="notes" value="Bulk Upload" />
			<column name="optlock" valueNumeric="0" />
			<column name="group_id" />
			<column name="provisioning_status" />
			<column name="global" valueBoolean="true" />
		</insert>
		<insert tableName="asset">
			<column name="id" valueNumeric="8850" />
			<column name="identifier" value="8668613307" />
			<column name="create_datetime" valueDate="2014-10-22T23:18:56.141" />
			<column name="status_id" valueNumeric="10501" />
			<column name="entity_id" valueNumeric="1" />
			<column name="deleted" valueNumeric="0" />
			<column name="item_id" valueNumeric="320104" />
			<column name="order_line_id" />
			<column name="notes" value="Bulk Upload" />
			<column name="optlock" valueNumeric="0" />
			<column name="group_id" />
			<column name="provisioning_status" />
			<column name="global" valueBoolean="true" />
		</insert>
		<insert tableName="asset">
			<column name="id" valueNumeric="8851" />
			<column name="identifier" value="8668613309" />
			<column name="create_datetime" valueDate="2014-10-22T23:18:56.177" />
			<column name="status_id" valueNumeric="10501" />
			<column name="entity_id" valueNumeric="1" />
			<column name="deleted" valueNumeric="0" />
			<column name="item_id" valueNumeric="320104" />
			<column name="order_line_id" />
			<column name="notes" value="Bulk Upload" />
			<column name="optlock" valueNumeric="0" />
			<column name="group_id" />
			<column name="provisioning_status" />
			<column name="global" valueBoolean="true" />
		</insert>
		<insert tableName="asset">
			<column name="id" valueNumeric="8852" />
			<column name="identifier" value="8668613319" />
			<column name="create_datetime" valueDate="2014-10-22T23:18:56.226" />
			<column name="status_id" valueNumeric="10501" />
			<column name="entity_id" valueNumeric="1" />
			<column name="deleted" valueNumeric="0" />
			<column name="item_id" valueNumeric="320104" />
			<column name="order_line_id" />
			<column name="notes" value="Bulk Upload" />
			<column name="optlock" valueNumeric="0" />
			<column name="group_id" />
			<column name="provisioning_status" />
			<column name="global" valueBoolean="true" />
		</insert>
		<insert tableName="asset">
			<column name="id" valueNumeric="8853" />
			<column name="identifier" value="8668613324" />
			<column name="create_datetime" valueDate="2014-10-22T23:18:56.241" />
			<column name="status_id" valueNumeric="10501" />
			<column name="entity_id" valueNumeric="1" />
			<column name="deleted" valueNumeric="0" />
			<column name="item_id" valueNumeric="320104" />
			<column name="order_line_id" />
			<column name="notes" value="Bulk Upload" />
			<column name="optlock" valueNumeric="0" />
			<column name="group_id" />
			<column name="provisioning_status" />
			<column name="global" valueBoolean="true" />
		</insert>
		<insert tableName="asset">
			<column name="id" valueNumeric="8854" />
			<column name="identifier" value="8668613326" />
			<column name="create_datetime" valueDate="2014-10-22T23:18:56.257" />
			<column name="status_id" valueNumeric="10501" />
			<column name="entity_id" valueNumeric="1" />
			<column name="deleted" valueNumeric="0" />
			<column name="item_id" valueNumeric="320104" />
			<column name="order_line_id" />
			<column name="notes" value="Bulk Upload" />
			<column name="optlock" valueNumeric="0" />
			<column name="group_id" />
			<column name="provisioning_status" />
			<column name="global" valueBoolean="true" />
		</insert>
		<insert tableName="asset">
			<column name="id" valueNumeric="8855" />
			<column name="identifier" value="8668613340" />
			<column name="create_datetime" valueDate="2014-10-22T23:18:56.271" />
			<column name="status_id" valueNumeric="10501" />
			<column name="entity_id" valueNumeric="1" />
			<column name="deleted" valueNumeric="0" />
			<column name="item_id" valueNumeric="320104" />
			<column name="order_line_id" />
			<column name="notes" value="Bulk Upload" />
			<column name="optlock" valueNumeric="0" />
			<column name="group_id" />
			<column name="provisioning_status" />
			<column name="global" valueBoolean="true" />
		</insert>
		<insert tableName="asset">
			<column name="id" valueNumeric="8856" />
			<column name="identifier" value="8668613341" />
			<column name="create_datetime" valueDate="2014-10-22T23:18:56.316" />
			<column name="status_id" valueNumeric="10501" />
			<column name="entity_id" valueNumeric="1" />
			<column name="deleted" valueNumeric="0" />
			<column name="item_id" valueNumeric="320104" />
			<column name="order_line_id" />
			<column name="notes" value="Bulk Upload" />
			<column name="optlock" valueNumeric="0" />
			<column name="group_id" />
			<column name="provisioning_status" />
			<column name="global" valueBoolean="true" />
		</insert>
		<insert tableName="asset">
			<column name="id" valueNumeric="8857" />
			<column name="identifier" value="8668613344" />
			<column name="create_datetime" valueDate="2014-10-22T23:18:56.361" />
			<column name="status_id" valueNumeric="10501" />
			<column name="entity_id" valueNumeric="1" />
			<column name="deleted" valueNumeric="0" />
			<column name="item_id" valueNumeric="320104" />
			<column name="order_line_id" />
			<column name="notes" value="Bulk Upload" />
			<column name="optlock" valueNumeric="0" />
			<column name="group_id" />
			<column name="provisioning_status" />
			<column name="global" valueBoolean="true" />
		</insert>
		<insert tableName="asset">
			<column name="id" valueNumeric="8858" />
			<column name="identifier" value="8668614053" />
			<column name="create_datetime" valueDate="2014-10-22T23:18:56.376" />
			<column name="status_id" valueNumeric="10501" />
			<column name="entity_id" valueNumeric="1" />
			<column name="deleted" valueNumeric="0" />
			<column name="item_id" valueNumeric="320104" />
			<column name="order_line_id" />
			<column name="notes" value="Bulk Upload" />
			<column name="optlock" valueNumeric="0" />
			<column name="group_id" />
			<column name="provisioning_status" />
			<column name="global" valueBoolean="true" />
		</insert>
		<insert tableName="asset">
			<column name="id" valueNumeric="8859" />
			<column name="identifier" value="8668618389" />
			<column name="create_datetime" valueDate="2014-10-22T23:18:56.504" />
			<column name="status_id" valueNumeric="10501" />
			<column name="entity_id" valueNumeric="1" />
			<column name="deleted" valueNumeric="0" />
			<column name="item_id" valueNumeric="320104" />
			<column name="order_line_id" />
			<column name="notes" value="Bulk Upload" />
			<column name="optlock" valueNumeric="0" />
			<column name="group_id" />
			<column name="provisioning_status" />
			<column name="global" valueBoolean="true" />
		</insert>
		<insert tableName="asset">
			<column name="id" valueNumeric="8860" />
			<column name="identifier" value="8668618396" />
			<column name="create_datetime" valueDate="2014-10-22T23:18:56.540" />
			<column name="status_id" valueNumeric="10501" />
			<column name="entity_id" valueNumeric="1" />
			<column name="deleted" valueNumeric="0" />
			<column name="item_id" valueNumeric="320104" />
			<column name="order_line_id" />
			<column name="notes" value="Bulk Upload" />
			<column name="optlock" valueNumeric="0" />
			<column name="group_id" />
			<column name="provisioning_status" />
			<column name="global" valueBoolean="true" />
		</insert>
		<insert tableName="asset">
			<column name="id" valueNumeric="8861" />
			<column name="identifier" value="8668618897" />
			<column name="create_datetime" valueDate="2014-10-22T23:18:56.553" />
			<column name="status_id" valueNumeric="10501" />
			<column name="entity_id" valueNumeric="1" />
			<column name="deleted" valueNumeric="0" />
			<column name="item_id" valueNumeric="320104" />
			<column name="order_line_id" />
			<column name="notes" value="Bulk Upload" />
			<column name="optlock" valueNumeric="0" />
			<column name="group_id" />
			<column name="provisioning_status" />
			<column name="global" valueBoolean="true" />
		</insert>
		<insert tableName="asset">
			<column name="id" valueNumeric="8862" />
			<column name="identifier" value="8668620211" />
			<column name="create_datetime" valueDate="2014-10-22T23:18:56.586" />
			<column name="status_id" valueNumeric="10501" />
			<column name="entity_id" valueNumeric="1" />
			<column name="deleted" valueNumeric="0" />
			<column name="item_id" valueNumeric="320104" />
			<column name="order_line_id" />
			<column name="notes" value="Bulk Upload" />
			<column name="optlock" valueNumeric="0" />
			<column name="group_id" />
			<column name="provisioning_status" />
			<column name="global" valueBoolean="true" />
		</insert>
		<insert tableName="asset">
			<column name="id" valueNumeric="8863" />
			<column name="identifier" value="8668622714" />
			<column name="create_datetime" valueDate="2014-10-22T23:18:56.598" />
			<column name="status_id" valueNumeric="10501" />
			<column name="entity_id" valueNumeric="1" />
			<column name="deleted" valueNumeric="0" />
			<column name="item_id" valueNumeric="320104" />
			<column name="order_line_id" />
			<column name="notes" value="Bulk Upload" />
			<column name="optlock" valueNumeric="0" />
			<column name="group_id" />
			<column name="provisioning_status" />
			<column name="global" valueBoolean="true" />
		</insert>
		<insert tableName="asset">
			<column name="id" valueNumeric="8864" />
			<column name="identifier" value="8668622907" />
			<column name="create_datetime" valueDate="2014-10-22T23:18:56.605" />
			<column name="status_id" valueNumeric="10501" />
			<column name="entity_id" valueNumeric="1" />
			<column name="deleted" valueNumeric="0" />
			<column name="item_id" valueNumeric="320104" />
			<column name="order_line_id" />
			<column name="notes" value="Bulk Upload" />
			<column name="optlock" valueNumeric="0" />
			<column name="group_id" />
			<column name="provisioning_status" />
			<column name="global" valueBoolean="true" />
		</insert>
		<insert tableName="asset">
			<column name="id" valueNumeric="8865" />
			<column name="identifier" value="8668623295" />
			<column name="create_datetime" valueDate="2014-10-22T23:18:56.663" />
			<column name="status_id" valueNumeric="10501" />
			<column name="entity_id" valueNumeric="1" />
			<column name="deleted" valueNumeric="0" />
			<column name="item_id" valueNumeric="320104" />
			<column name="order_line_id" />
			<column name="notes" value="Bulk Upload" />
			<column name="optlock" valueNumeric="0" />
			<column name="group_id" />
			<column name="provisioning_status" />
			<column name="global" valueBoolean="true" />
		</insert>
		<insert tableName="asset">
			<column name="id" valueNumeric="8866" />
			<column name="identifier" value="8668626383" />
			<column name="create_datetime" valueDate="2014-10-22T23:18:56.721" />
			<column name="status_id" valueNumeric="10501" />
			<column name="entity_id" valueNumeric="1" />
			<column name="deleted" valueNumeric="0" />
			<column name="item_id" valueNumeric="320104" />
			<column name="order_line_id" />
			<column name="notes" value="Bulk Upload" />
			<column name="optlock" valueNumeric="0" />
			<column name="group_id" />
			<column name="provisioning_status" />
			<column name="global" valueBoolean="true" />
		</insert>
		<insert tableName="asset">
			<column name="id" valueNumeric="8867" />
			<column name="identifier" value="8668626651" />
			<column name="create_datetime" valueDate="2014-10-22T23:18:56.749" />
			<column name="status_id" valueNumeric="10501" />
			<column name="entity_id" valueNumeric="1" />
			<column name="deleted" valueNumeric="0" />
			<column name="item_id" valueNumeric="320104" />
			<column name="order_line_id" />
			<column name="notes" value="Bulk Upload" />
			<column name="optlock" valueNumeric="0" />
			<column name="group_id" />
			<column name="provisioning_status" />
			<column name="global" valueBoolean="true" />
		</insert>
		<insert tableName="asset">
			<column name="id" valueNumeric="8868" />
			<column name="identifier" value="8668627149" />
			<column name="create_datetime" valueDate="2014-10-22T23:18:56.764" />
			<column name="status_id" valueNumeric="10501" />
			<column name="entity_id" valueNumeric="1" />
			<column name="deleted" valueNumeric="0" />
			<column name="item_id" valueNumeric="320104" />
			<column name="order_line_id" />
			<column name="notes" value="Bulk Upload" />
			<column name="optlock" valueNumeric="0" />
			<column name="group_id" />
			<column name="provisioning_status" />
			<column name="global" valueBoolean="true" />
		</insert>
		<insert tableName="asset">
			<column name="id" valueNumeric="8869" />
			<column name="identifier" value="8668628444" />
			<column name="create_datetime" valueDate="2014-10-22T23:18:56.774" />
			<column name="status_id" valueNumeric="10501" />
			<column name="entity_id" valueNumeric="1" />
			<column name="deleted" valueNumeric="0" />
			<column name="item_id" valueNumeric="320104" />
			<column name="order_line_id" />
			<column name="notes" value="Bulk Upload" />
			<column name="optlock" valueNumeric="0" />
			<column name="group_id" />
			<column name="provisioning_status" />
			<column name="global" valueBoolean="true" />
		</insert>
		<insert tableName="asset">
			<column name="id" valueNumeric="8870" />
			<column name="identifier" value="8668629873" />
			<column name="create_datetime" valueDate="2014-10-22T23:18:56.780" />
			<column name="status_id" valueNumeric="10501" />
			<column name="entity_id" valueNumeric="1" />
			<column name="deleted" valueNumeric="0" />
			<column name="item_id" valueNumeric="320104" />
			<column name="order_line_id" />
			<column name="notes" value="Bulk Upload" />
			<column name="optlock" valueNumeric="0" />
			<column name="group_id" />
			<column name="provisioning_status" />
			<column name="global" valueBoolean="true" />
		</insert>
		<insert tableName="asset">
			<column name="id" valueNumeric="8871" />
			<column name="identifier" value="8668629892" />
			<column name="create_datetime" valueDate="2014-10-22T23:18:56.800" />
			<column name="status_id" valueNumeric="10501" />
			<column name="entity_id" valueNumeric="1" />
			<column name="deleted" valueNumeric="0" />
			<column name="item_id" valueNumeric="320104" />
			<column name="order_line_id" />
			<column name="notes" value="Bulk Upload" />
			<column name="optlock" valueNumeric="0" />
			<column name="group_id" />
			<column name="provisioning_status" />
			<column name="global" valueBoolean="true" />
		</insert>
		<insert tableName="asset">
			<column name="id" valueNumeric="8872" />
			<column name="identifier" value="8668631162" />
			<column name="create_datetime" valueDate="2014-10-22T23:18:56.829" />
			<column name="status_id" valueNumeric="10501" />
			<column name="entity_id" valueNumeric="1" />
			<column name="deleted" valueNumeric="0" />
			<column name="item_id" valueNumeric="320104" />
			<column name="order_line_id" />
			<column name="notes" value="Bulk Upload" />
			<column name="optlock" valueNumeric="0" />
			<column name="group_id" />
			<column name="provisioning_status" />
			<column name="global" valueBoolean="true" />
		</insert>
		<insert tableName="asset">
			<column name="id" valueNumeric="8873" />
			<column name="identifier" value="8668633290" />
			<column name="create_datetime" valueDate="2014-10-22T23:18:56.864" />
			<column name="status_id" valueNumeric="10501" />
			<column name="entity_id" valueNumeric="1" />
			<column name="deleted" valueNumeric="0" />
			<column name="item_id" valueNumeric="320104" />
			<column name="order_line_id" />
			<column name="notes" value="Bulk Upload" />
			<column name="optlock" valueNumeric="0" />
			<column name="group_id" />
			<column name="provisioning_status" />
			<column name="global" valueBoolean="true" />
		</insert>
		<insert tableName="asset">
			<column name="id" valueNumeric="8874" />
			<column name="identifier" value="8668633430" />
			<column name="create_datetime" valueDate="2014-10-22T23:18:57.29" />
			<column name="status_id" valueNumeric="10501" />
			<column name="entity_id" valueNumeric="1" />
			<column name="deleted" valueNumeric="0" />
			<column name="item_id" valueNumeric="320104" />
			<column name="order_line_id" />
			<column name="notes" value="Bulk Upload" />
			<column name="optlock" valueNumeric="0" />
			<column name="group_id" />
			<column name="provisioning_status" />
			<column name="global" valueBoolean="true" />
		</insert>
		<insert tableName="asset">
			<column name="id" valueNumeric="8875" />
			<column name="identifier" value="8668633838" />
			<column name="create_datetime" valueDate="2014-10-22T23:18:57.62" />
			<column name="status_id" valueNumeric="10501" />
			<column name="entity_id" valueNumeric="1" />
			<column name="deleted" valueNumeric="0" />
			<column name="item_id" valueNumeric="320104" />
			<column name="order_line_id" />
			<column name="notes" value="Bulk Upload" />
			<column name="optlock" valueNumeric="0" />
			<column name="group_id" />
			<column name="provisioning_status" />
			<column name="global" valueBoolean="true" />
		</insert>
		<insert tableName="asset">
			<column name="id" valueNumeric="8876" />
			<column name="identifier" value="8668633840" />
			<column name="create_datetime" valueDate="2014-10-22T23:18:57.96" />
			<column name="status_id" valueNumeric="10501" />
			<column name="entity_id" valueNumeric="1" />
			<column name="deleted" valueNumeric="0" />
			<column name="item_id" valueNumeric="320104" />
			<column name="order_line_id" />
			<column name="notes" value="Bulk Upload" />
			<column name="optlock" valueNumeric="0" />
			<column name="group_id" />
			<column name="provisioning_status" />
			<column name="global" valueBoolean="true" />
		</insert>
		<insert tableName="asset">
			<column name="id" valueNumeric="8877" />
			<column name="identifier" value="8668633841" />
			<column name="create_datetime" valueDate="2014-10-22T23:18:57.113" />
			<column name="status_id" valueNumeric="10501" />
			<column name="entity_id" valueNumeric="1" />
			<column name="deleted" valueNumeric="0" />
			<column name="item_id" valueNumeric="320104" />
			<column name="order_line_id" />
			<column name="notes" value="Bulk Upload" />
			<column name="optlock" valueNumeric="0" />
			<column name="group_id" />
			<column name="provisioning_status" />
			<column name="global" valueBoolean="true" />
		</insert>
		<insert tableName="asset">
			<column name="id" valueNumeric="8878" />
			<column name="identifier" value="8668633850" />
			<column name="create_datetime" valueDate="2014-10-22T23:18:57.119" />
			<column name="status_id" valueNumeric="10501" />
			<column name="entity_id" valueNumeric="1" />
			<column name="deleted" valueNumeric="0" />
			<column name="item_id" valueNumeric="320104" />
			<column name="order_line_id" />
			<column name="notes" value="Bulk Upload" />
			<column name="optlock" valueNumeric="0" />
			<column name="group_id" />
			<column name="provisioning_status" />
			<column name="global" valueBoolean="true" />
		</insert>
		<insert tableName="asset">
			<column name="id" valueNumeric="8879" />
			<column name="identifier" value="8668634568" />
			<column name="create_datetime" valueDate="2014-10-22T23:18:57.129" />
			<column name="status_id" valueNumeric="10501" />
			<column name="entity_id" valueNumeric="1" />
			<column name="deleted" valueNumeric="0" />
			<column name="item_id" valueNumeric="320104" />
			<column name="order_line_id" />
			<column name="notes" value="Bulk Upload" />
			<column name="optlock" valueNumeric="0" />
			<column name="group_id" />
			<column name="provisioning_status" />
			<column name="global" valueBoolean="true" />
		</insert>
		<insert tableName="asset">
			<column name="id" valueNumeric="8880" />
			<column name="identifier" value="8668636610" />
			<column name="create_datetime" valueDate="2014-10-22T23:18:57.136" />
			<column name="status_id" valueNumeric="10501" />
			<column name="entity_id" valueNumeric="1" />
			<column name="deleted" valueNumeric="0" />
			<column name="item_id" valueNumeric="320104" />
			<column name="order_line_id" />
			<column name="notes" value="Bulk Upload" />
			<column name="optlock" valueNumeric="0" />
			<column name="group_id" />
			<column name="provisioning_status" />
			<column name="global" valueBoolean="true" />
		</insert>
		<insert tableName="asset">
			<column name="id" valueNumeric="8881" />
			<column name="identifier" value="8668636612" />
			<column name="create_datetime" valueDate="2014-10-22T23:18:57.142" />
			<column name="status_id" valueNumeric="10501" />
			<column name="entity_id" valueNumeric="1" />
			<column name="deleted" valueNumeric="0" />
			<column name="item_id" valueNumeric="320104" />
			<column name="order_line_id" />
			<column name="notes" value="Bulk Upload" />
			<column name="optlock" valueNumeric="0" />
			<column name="group_id" />
			<column name="provisioning_status" />
			<column name="global" valueBoolean="true" />
		</insert>
		<insert tableName="asset">
			<column name="id" valueNumeric="8882" />
			<column name="identifier" value="8668636785" />
			<column name="create_datetime" valueDate="2014-10-22T23:18:57.149" />
			<column name="status_id" valueNumeric="10501" />
			<column name="entity_id" valueNumeric="1" />
			<column name="deleted" valueNumeric="0" />
			<column name="item_id" valueNumeric="320104" />
			<column name="order_line_id" />
			<column name="notes" value="Bulk Upload" />
			<column name="optlock" valueNumeric="0" />
			<column name="group_id" />
			<column name="provisioning_status" />
			<column name="global" valueBoolean="true" />
		</insert>
		<insert tableName="asset">
			<column name="id" valueNumeric="8883" />
			<column name="identifier" value="8668637313" />
			<column name="create_datetime" valueDate="2014-10-22T23:18:57.277" />
			<column name="status_id" valueNumeric="10501" />
			<column name="entity_id" valueNumeric="1" />
			<column name="deleted" valueNumeric="0" />
			<column name="item_id" valueNumeric="320104" />
			<column name="order_line_id" />
			<column name="notes" value="Bulk Upload" />
			<column name="optlock" valueNumeric="0" />
			<column name="group_id" />
			<column name="provisioning_status" />
			<column name="global" valueBoolean="true" />
		</insert>
		<insert tableName="asset">
			<column name="id" valueNumeric="8884" />
			<column name="identifier" value="8668637340" />
			<column name="create_datetime" valueDate="2014-10-22T23:18:57.285" />
			<column name="status_id" valueNumeric="10501" />
			<column name="entity_id" valueNumeric="1" />
			<column name="deleted" valueNumeric="0" />
			<column name="item_id" valueNumeric="320104" />
			<column name="order_line_id" />
			<column name="notes" value="Bulk Upload" />
			<column name="optlock" valueNumeric="0" />
			<column name="group_id" />
			<column name="provisioning_status" />
			<column name="global" valueBoolean="true" />
		</insert>
		<insert tableName="asset">
			<column name="id" valueNumeric="8885" />
			<column name="identifier" value="8668637908" />
			<column name="create_datetime" valueDate="2014-10-22T23:18:57.313" />
			<column name="status_id" valueNumeric="10501" />
			<column name="entity_id" valueNumeric="1" />
			<column name="deleted" valueNumeric="0" />
			<column name="item_id" valueNumeric="320104" />
			<column name="order_line_id" />
			<column name="notes" value="Bulk Upload" />
			<column name="optlock" valueNumeric="0" />
			<column name="group_id" />
			<column name="provisioning_status" />
			<column name="global" valueBoolean="true" />
		</insert>
		<insert tableName="asset">
			<column name="id" valueNumeric="8886" />
			<column name="identifier" value="8668641620" />
			<column name="create_datetime" valueDate="2014-10-22T23:18:57.321" />
			<column name="status_id" valueNumeric="10501" />
			<column name="entity_id" valueNumeric="1" />
			<column name="deleted" valueNumeric="0" />
			<column name="item_id" valueNumeric="320104" />
			<column name="order_line_id" />
			<column name="notes" value="Bulk Upload" />
			<column name="optlock" valueNumeric="0" />
			<column name="group_id" />
			<column name="provisioning_status" />
			<column name="global" valueBoolean="true" />
		</insert>
		<insert tableName="asset">
			<column name="id" valueNumeric="8887" />
			<column name="identifier" value="8668641967" />
			<column name="create_datetime" valueDate="2014-10-22T23:18:57.336" />
			<column name="status_id" valueNumeric="10501" />
			<column name="entity_id" valueNumeric="1" />
			<column name="deleted" valueNumeric="0" />
			<column name="item_id" valueNumeric="320104" />
			<column name="order_line_id" />
			<column name="notes" value="Bulk Upload" />
			<column name="optlock" valueNumeric="0" />
			<column name="group_id" />
			<column name="provisioning_status" />
			<column name="global" valueBoolean="true" />
		</insert>
		<insert tableName="asset">
			<column name="id" valueNumeric="8888" />
			<column name="identifier" value="8668642253" />
			<column name="create_datetime" valueDate="2014-10-22T23:18:57.357" />
			<column name="status_id" valueNumeric="10501" />
			<column name="entity_id" valueNumeric="1" />
			<column name="deleted" valueNumeric="0" />
			<column name="item_id" valueNumeric="320104" />
			<column name="order_line_id" />
			<column name="notes" value="Bulk Upload" />
			<column name="optlock" valueNumeric="0" />
			<column name="group_id" />
			<column name="provisioning_status" />
			<column name="global" valueBoolean="true" />
		</insert>
		<insert tableName="asset">
			<column name="id" valueNumeric="8889" />
			<column name="identifier" value="8668643934" />
			<column name="create_datetime" valueDate="2014-10-22T23:18:57.364" />
			<column name="status_id" valueNumeric="10501" />
			<column name="entity_id" valueNumeric="1" />
			<column name="deleted" valueNumeric="0" />
			<column name="item_id" valueNumeric="320104" />
			<column name="order_line_id" />
			<column name="notes" value="Bulk Upload" />
			<column name="optlock" valueNumeric="0" />
			<column name="group_id" />
			<column name="provisioning_status" />
			<column name="global" valueBoolean="true" />
		</insert>
		<insert tableName="asset">
			<column name="id" valueNumeric="8890" />
			<column name="identifier" value="8668644508" />
			<column name="create_datetime" valueDate="2014-10-22T23:18:57.378" />
			<column name="status_id" valueNumeric="10501" />
			<column name="entity_id" valueNumeric="1" />
			<column name="deleted" valueNumeric="0" />
			<column name="item_id" valueNumeric="320104" />
			<column name="order_line_id" />
			<column name="notes" value="Bulk Upload" />
			<column name="optlock" valueNumeric="0" />
			<column name="group_id" />
			<column name="provisioning_status" />
			<column name="global" valueBoolean="true" />
		</insert>
		<insert tableName="asset">
			<column name="id" valueNumeric="8891" />
			<column name="identifier" value="8668645611" />
			<column name="create_datetime" valueDate="2014-10-22T23:18:57.385" />
			<column name="status_id" valueNumeric="10501" />
			<column name="entity_id" valueNumeric="1" />
			<column name="deleted" valueNumeric="0" />
			<column name="item_id" valueNumeric="320104" />
			<column name="order_line_id" />
			<column name="notes" value="Bulk Upload" />
			<column name="optlock" valueNumeric="0" />
			<column name="group_id" />
			<column name="provisioning_status" />
			<column name="global" valueBoolean="true" />
		</insert>
		<insert tableName="asset">
			<column name="id" valueNumeric="8892" />
			<column name="identifier" value="8668647116" />
			<column name="create_datetime" valueDate="2014-10-22T23:18:57.391" />
			<column name="status_id" valueNumeric="10501" />
			<column name="entity_id" valueNumeric="1" />
			<column name="deleted" valueNumeric="0" />
			<column name="item_id" valueNumeric="320104" />
			<column name="order_line_id" />
			<column name="notes" value="Bulk Upload" />
			<column name="optlock" valueNumeric="0" />
			<column name="group_id" />
			<column name="provisioning_status" />
			<column name="global" valueBoolean="true" />
		</insert>
		<insert tableName="asset">
			<column name="id" valueNumeric="8893" />
			<column name="identifier" value="8668647590" />
			<column name="create_datetime" valueDate="2014-10-22T23:18:57.404" />
			<column name="status_id" valueNumeric="10501" />
			<column name="entity_id" valueNumeric="1" />
			<column name="deleted" valueNumeric="0" />
			<column name="item_id" valueNumeric="320104" />
			<column name="order_line_id" />
			<column name="notes" value="Bulk Upload" />
			<column name="optlock" valueNumeric="0" />
			<column name="group_id" />
			<column name="provisioning_status" />
			<column name="global" valueBoolean="true" />
		</insert>
		<insert tableName="asset">
			<column name="id" valueNumeric="8894" />
			<column name="identifier" value="8668647642" />
			<column name="create_datetime" valueDate="2014-10-22T23:18:57.445" />
			<column name="status_id" valueNumeric="10501" />
			<column name="entity_id" valueNumeric="1" />
			<column name="deleted" valueNumeric="0" />
			<column name="item_id" valueNumeric="320104" />
			<column name="order_line_id" />
			<column name="notes" value="Bulk Upload" />
			<column name="optlock" valueNumeric="0" />
			<column name="group_id" />
			<column name="provisioning_status" />
			<column name="global" valueBoolean="true" />
		</insert>
		<insert tableName="asset">
			<column name="id" valueNumeric="8895" />
			<column name="identifier" value="8668648032" />
			<column name="create_datetime" valueDate="2014-10-22T23:18:57.461" />
			<column name="status_id" valueNumeric="10501" />
			<column name="entity_id" valueNumeric="1" />
			<column name="deleted" valueNumeric="0" />
			<column name="item_id" valueNumeric="320104" />
			<column name="order_line_id" />
			<column name="notes" value="Bulk Upload" />
			<column name="optlock" valueNumeric="0" />
			<column name="group_id" />
			<column name="provisioning_status" />
			<column name="global" valueBoolean="true" />
		</insert>
		<insert tableName="asset">
			<column name="id" valueNumeric="8896" />
			<column name="identifier" value="8668649097" />
			<column name="create_datetime" valueDate="2014-10-22T23:18:57.468" />
			<column name="status_id" valueNumeric="10501" />
			<column name="entity_id" valueNumeric="1" />
			<column name="deleted" valueNumeric="0" />
			<column name="item_id" valueNumeric="320104" />
			<column name="order_line_id" />
			<column name="notes" value="Bulk Upload" />
			<column name="optlock" valueNumeric="0" />
			<column name="group_id" />
			<column name="provisioning_status" />
			<column name="global" valueBoolean="true" />
		</insert>
		<insert tableName="asset">
			<column name="id" valueNumeric="8897" />
			<column name="identifier" value="8668649441" />
			<column name="create_datetime" valueDate="2014-10-22T23:18:57.489" />
			<column name="status_id" valueNumeric="10501" />
			<column name="entity_id" valueNumeric="1" />
			<column name="deleted" valueNumeric="0" />
			<column name="item_id" valueNumeric="320104" />
			<column name="order_line_id" />
			<column name="notes" value="Bulk Upload" />
			<column name="optlock" valueNumeric="0" />
			<column name="group_id" />
			<column name="provisioning_status" />
			<column name="global" valueBoolean="true" />
		</insert>
		<insert tableName="asset">
			<column name="id" valueNumeric="8898" />
			<column name="identifier" value="8668649754" />
			<column name="create_datetime" valueDate="2014-10-22T23:18:57.533" />
			<column name="status_id" valueNumeric="10501" />
			<column name="entity_id" valueNumeric="1" />
			<column name="deleted" valueNumeric="0" />
			<column name="item_id" valueNumeric="320104" />
			<column name="order_line_id" />
			<column name="notes" value="Bulk Upload" />
			<column name="optlock" valueNumeric="0" />
			<column name="group_id" />
			<column name="provisioning_status" />
			<column name="global" valueBoolean="true" />
		</insert>
		<insert tableName="asset">
			<column name="id" valueNumeric="8899" />
			<column name="identifier" value="8668650116" />
			<column name="create_datetime" valueDate="2014-10-22T23:18:57.549" />
			<column name="status_id" valueNumeric="10501" />
			<column name="entity_id" valueNumeric="1" />
			<column name="deleted" valueNumeric="0" />
			<column name="item_id" valueNumeric="320104" />
			<column name="order_line_id" />
			<column name="notes" value="Bulk Upload" />
			<column name="optlock" valueNumeric="0" />
			<column name="group_id" />
			<column name="provisioning_status" />
			<column name="global" valueBoolean="true" />
		</insert>
		<insert tableName="asset">
			<column name="id" valueNumeric="8900" />
			<column name="identifier" value="8668650121" />
			<column name="create_datetime" valueDate="2014-10-22T23:18:57.576" />
			<column name="status_id" valueNumeric="10501" />
			<column name="entity_id" valueNumeric="1" />
			<column name="deleted" valueNumeric="0" />
			<column name="item_id" valueNumeric="320104" />
			<column name="order_line_id" />
			<column name="notes" value="Bulk Upload" />
			<column name="optlock" valueNumeric="0" />
			<column name="group_id" />
			<column name="provisioning_status" />
			<column name="global" valueBoolean="true" />
		</insert>
		<insert tableName="asset">
			<column name="id" valueNumeric="8901" />
			<column name="identifier" value="8668650123" />
			<column name="create_datetime" valueDate="2014-10-22T23:18:57.603" />
			<column name="status_id" valueNumeric="10501" />
			<column name="entity_id" valueNumeric="1" />
			<column name="deleted" valueNumeric="0" />
			<column name="item_id" valueNumeric="320104" />
			<column name="order_line_id" />
			<column name="notes" value="Bulk Upload" />
			<column name="optlock" valueNumeric="0" />
			<column name="group_id" />
			<column name="provisioning_status" />
			<column name="global" valueBoolean="true" />
		</insert>
		<insert tableName="asset">
			<column name="id" valueNumeric="8902" />
			<column name="identifier" value="8668650124" />
			<column name="create_datetime" valueDate="2014-10-22T23:18:57.619" />
			<column name="status_id" valueNumeric="10501" />
			<column name="entity_id" valueNumeric="1" />
			<column name="deleted" valueNumeric="0" />
			<column name="item_id" valueNumeric="320104" />
			<column name="order_line_id" />
			<column name="notes" value="Bulk Upload" />
			<column name="optlock" valueNumeric="0" />
			<column name="group_id" />
			<column name="provisioning_status" />
			<column name="global" valueBoolean="true" />
		</insert>
		<insert tableName="asset">
			<column name="id" valueNumeric="8903" />
			<column name="identifier" value="8668651706" />
			<column name="create_datetime" valueDate="2014-10-22T23:18:57.650" />
			<column name="status_id" valueNumeric="10501" />
			<column name="entity_id" valueNumeric="1" />
			<column name="deleted" valueNumeric="0" />
			<column name="item_id" valueNumeric="320104" />
			<column name="order_line_id" />
			<column name="notes" value="Bulk Upload" />
			<column name="optlock" valueNumeric="0" />
			<column name="group_id" />
			<column name="provisioning_status" />
			<column name="global" valueBoolean="true" />
		</insert>
		<insert tableName="asset">
			<column name="id" valueNumeric="8904" />
			<column name="identifier" value="8668652750" />
			<column name="create_datetime" valueDate="2014-10-22T23:18:57.661" />
			<column name="status_id" valueNumeric="10501" />
			<column name="entity_id" valueNumeric="1" />
			<column name="deleted" valueNumeric="0" />
			<column name="item_id" valueNumeric="320104" />
			<column name="order_line_id" />
			<column name="notes" value="Bulk Upload" />
			<column name="optlock" valueNumeric="0" />
			<column name="group_id" />
			<column name="provisioning_status" />
			<column name="global" valueBoolean="true" />
		</insert>
		<insert tableName="asset">
			<column name="id" valueNumeric="8905" />
			<column name="identifier" value="8668653016" />
			<column name="create_datetime" valueDate="2014-10-22T23:18:57.686" />
			<column name="status_id" valueNumeric="10501" />
			<column name="entity_id" valueNumeric="1" />
			<column name="deleted" valueNumeric="0" />
			<column name="item_id" valueNumeric="320104" />
			<column name="order_line_id" />
			<column name="notes" value="Bulk Upload" />
			<column name="optlock" valueNumeric="0" />
			<column name="group_id" />
			<column name="provisioning_status" />
			<column name="global" valueBoolean="true" />
		</insert>
		<insert tableName="asset">
			<column name="id" valueNumeric="8906" />
			<column name="identifier" value="8668655570" />
			<column name="create_datetime" valueDate="2014-10-22T23:18:57.788" />
			<column name="status_id" valueNumeric="10501" />
			<column name="entity_id" valueNumeric="1" />
			<column name="deleted" valueNumeric="0" />
			<column name="item_id" valueNumeric="320104" />
			<column name="order_line_id" />
			<column name="notes" value="Bulk Upload" />
			<column name="optlock" valueNumeric="0" />
			<column name="group_id" />
			<column name="provisioning_status" />
			<column name="global" valueBoolean="true" />
		</insert>
		<insert tableName="asset">
			<column name="id" valueNumeric="8907" />
			<column name="identifier" value="8668656128" />
			<column name="create_datetime" valueDate="2014-10-22T23:18:57.801" />
			<column name="status_id" valueNumeric="10501" />
			<column name="entity_id" valueNumeric="1" />
			<column name="deleted" valueNumeric="0" />
			<column name="item_id" valueNumeric="320104" />
			<column name="order_line_id" />
			<column name="notes" value="Bulk Upload" />
			<column name="optlock" valueNumeric="0" />
			<column name="group_id" />
			<column name="provisioning_status" />
			<column name="global" valueBoolean="true" />
		</insert>
		<insert tableName="asset">
			<column name="id" valueNumeric="8908" />
			<column name="identifier" value="8668656684" />
			<column name="create_datetime" valueDate="2014-10-22T23:18:57.868" />
			<column name="status_id" valueNumeric="10501" />
			<column name="entity_id" valueNumeric="1" />
			<column name="deleted" valueNumeric="0" />
			<column name="item_id" valueNumeric="320104" />
			<column name="order_line_id" />
			<column name="notes" value="Bulk Upload" />
			<column name="optlock" valueNumeric="0" />
			<column name="group_id" />
			<column name="provisioning_status" />
			<column name="global" valueBoolean="true" />
		</insert>
		<insert tableName="asset">
			<column name="id" valueNumeric="8909" />
			<column name="identifier" value="8668658221" />
			<column name="create_datetime" valueDate="2014-10-22T23:18:58.25" />
			<column name="status_id" valueNumeric="10501" />
			<column name="entity_id" valueNumeric="1" />
			<column name="deleted" valueNumeric="0" />
			<column name="item_id" valueNumeric="320104" />
			<column name="order_line_id" />
			<column name="notes" value="Bulk Upload" />
			<column name="optlock" valueNumeric="0" />
			<column name="group_id" />
			<column name="provisioning_status" />
			<column name="global" valueBoolean="true" />
		</insert>
		<insert tableName="asset">
			<column name="id" valueNumeric="8910" />
			<column name="identifier" value="8668658472" />
			<column name="create_datetime" valueDate="2014-10-22T23:18:58.36" />
			<column name="status_id" valueNumeric="10501" />
			<column name="entity_id" valueNumeric="1" />
			<column name="deleted" valueNumeric="0" />
			<column name="item_id" valueNumeric="320104" />
			<column name="order_line_id" />
			<column name="notes" value="Bulk Upload" />
			<column name="optlock" valueNumeric="0" />
			<column name="group_id" />
			<column name="provisioning_status" />
			<column name="global" valueBoolean="true" />
		</insert>
		<insert tableName="asset">
			<column name="id" valueNumeric="8911" />
			<column name="identifier" value="8668658815" />
			<column name="create_datetime" valueDate="2014-10-22T23:18:58.48" />
			<column name="status_id" valueNumeric="10501" />
			<column name="entity_id" valueNumeric="1" />
			<column name="deleted" valueNumeric="0" />
			<column name="item_id" valueNumeric="320104" />
			<column name="order_line_id" />
			<column name="notes" value="Bulk Upload" />
			<column name="optlock" valueNumeric="0" />
			<column name="group_id" />
			<column name="provisioning_status" />
			<column name="global" valueBoolean="true" />
		</insert>
		<insert tableName="asset">
			<column name="id" valueNumeric="8912" />
			<column name="identifier" value="8668658841" />
			<column name="create_datetime" valueDate="2014-10-22T23:18:58.62" />
			<column name="status_id" valueNumeric="10501" />
			<column name="entity_id" valueNumeric="1" />
			<column name="deleted" valueNumeric="0" />
			<column name="item_id" valueNumeric="320104" />
			<column name="order_line_id" />
			<column name="notes" value="Bulk Upload" />
			<column name="optlock" valueNumeric="0" />
			<column name="group_id" />
			<column name="provisioning_status" />
			<column name="global" valueBoolean="true" />
		</insert>
		<insert tableName="asset">
			<column name="id" valueNumeric="8913" />
			<column name="identifier" value="8668658845" />
			<column name="create_datetime" valueDate="2014-10-22T23:18:58.69" />
			<column name="status_id" valueNumeric="10501" />
			<column name="entity_id" valueNumeric="1" />
			<column name="deleted" valueNumeric="0" />
			<column name="item_id" valueNumeric="320104" />
			<column name="order_line_id" />
			<column name="notes" value="Bulk Upload" />
			<column name="optlock" valueNumeric="0" />
			<column name="group_id" />
			<column name="provisioning_status" />
			<column name="global" valueBoolean="true" />
		</insert>
		<insert tableName="asset">
			<column name="id" valueNumeric="8914" />
			<column name="identifier" value="8668659112" />
			<column name="create_datetime" valueDate="2014-10-22T23:18:58.94" />
			<column name="status_id" valueNumeric="10501" />
			<column name="entity_id" valueNumeric="1" />
			<column name="deleted" valueNumeric="0" />
			<column name="item_id" valueNumeric="320104" />
			<column name="order_line_id" />
			<column name="notes" value="Bulk Upload" />
			<column name="optlock" valueNumeric="0" />
			<column name="group_id" />
			<column name="provisioning_status" />
			<column name="global" valueBoolean="true" />
		</insert>
		<insert tableName="asset">
			<column name="id" valueNumeric="8915" />
			<column name="identifier" value="8668659113" />
			<column name="create_datetime" valueDate="2014-10-22T23:18:58.108" />
			<column name="status_id" valueNumeric="10501" />
			<column name="entity_id" valueNumeric="1" />
			<column name="deleted" valueNumeric="0" />
			<column name="item_id" valueNumeric="320104" />
			<column name="order_line_id" />
			<column name="notes" value="Bulk Upload" />
			<column name="optlock" valueNumeric="0" />
			<column name="group_id" />
			<column name="provisioning_status" />
			<column name="global" valueBoolean="true" />
		</insert>
		<insert tableName="asset">
			<column name="id" valueNumeric="8916" />
			<column name="identifier" value="8668659259" />
			<column name="create_datetime" valueDate="2014-10-22T23:18:58.149" />
			<column name="status_id" valueNumeric="10501" />
			<column name="entity_id" valueNumeric="1" />
			<column name="deleted" valueNumeric="0" />
			<column name="item_id" valueNumeric="320104" />
			<column name="order_line_id" />
			<column name="notes" value="Bulk Upload" />
			<column name="optlock" valueNumeric="0" />
			<column name="group_id" />
			<column name="provisioning_status" />
			<column name="global" valueBoolean="true" />
		</insert>
		<insert tableName="asset">
			<column name="id" valueNumeric="8917" />
			<column name="identifier" value="8668659896" />
			<column name="create_datetime" valueDate="2014-10-22T23:18:58.178" />
			<column name="status_id" valueNumeric="10501" />
			<column name="entity_id" valueNumeric="1" />
			<column name="deleted" valueNumeric="0" />
			<column name="item_id" valueNumeric="320104" />
			<column name="order_line_id" />
			<column name="notes" value="Bulk Upload" />
			<column name="optlock" valueNumeric="0" />
			<column name="group_id" />
			<column name="provisioning_status" />
			<column name="global" valueBoolean="true" />
		</insert>
		<insert tableName="asset">
			<column name="id" valueNumeric="8918" />
			<column name="identifier" value="8668660170" />
			<column name="create_datetime" valueDate="2014-10-22T23:18:58.193" />
			<column name="status_id" valueNumeric="10501" />
			<column name="entity_id" valueNumeric="1" />
			<column name="deleted" valueNumeric="0" />
			<column name="item_id" valueNumeric="320104" />
			<column name="order_line_id" />
			<column name="notes" value="Bulk Upload" />
			<column name="optlock" valueNumeric="0" />
			<column name="group_id" />
			<column name="provisioning_status" />
			<column name="global" valueBoolean="true" />
		</insert>
		<insert tableName="asset">
			<column name="id" valueNumeric="8919" />
			<column name="identifier" value="8668660423" />
			<column name="create_datetime" valueDate="2014-10-22T23:18:58.203" />
			<column name="status_id" valueNumeric="10501" />
			<column name="entity_id" valueNumeric="1" />
			<column name="deleted" valueNumeric="0" />
			<column name="item_id" valueNumeric="320104" />
			<column name="order_line_id" />
			<column name="notes" value="Bulk Upload" />
			<column name="optlock" valueNumeric="0" />
			<column name="group_id" />
			<column name="provisioning_status" />
			<column name="global" valueBoolean="true" />
		</insert>
		<insert tableName="asset">
			<column name="id" valueNumeric="8920" />
			<column name="identifier" value="8668660733" />
			<column name="create_datetime" valueDate="2014-10-22T23:18:58.223" />
			<column name="status_id" valueNumeric="10501" />
			<column name="entity_id" valueNumeric="1" />
			<column name="deleted" valueNumeric="0" />
			<column name="item_id" valueNumeric="320104" />
			<column name="order_line_id" />
			<column name="notes" value="Bulk Upload" />
			<column name="optlock" valueNumeric="0" />
			<column name="group_id" />
			<column name="provisioning_status" />
			<column name="global" valueBoolean="true" />
		</insert>
		<insert tableName="asset">
			<column name="id" valueNumeric="8921" />
			<column name="identifier" value="8668660987" />
			<column name="create_datetime" valueDate="2014-10-22T23:18:58.229" />
			<column name="status_id" valueNumeric="10501" />
			<column name="entity_id" valueNumeric="1" />
			<column name="deleted" valueNumeric="0" />
			<column name="item_id" valueNumeric="320104" />
			<column name="order_line_id" />
			<column name="notes" value="Bulk Upload" />
			<column name="optlock" valueNumeric="0" />
			<column name="group_id" />
			<column name="provisioning_status" />
			<column name="global" valueBoolean="true" />
		</insert>
		<insert tableName="asset">
			<column name="id" valueNumeric="8922" />
			<column name="identifier" value="8668661797" />
			<column name="create_datetime" valueDate="2014-10-22T23:18:58.235" />
			<column name="status_id" valueNumeric="10501" />
			<column name="entity_id" valueNumeric="1" />
			<column name="deleted" valueNumeric="0" />
			<column name="item_id" valueNumeric="320104" />
			<column name="order_line_id" />
			<column name="notes" value="Bulk Upload" />
			<column name="optlock" valueNumeric="0" />
			<column name="group_id" />
			<column name="provisioning_status" />
			<column name="global" valueBoolean="true" />
		</insert>
		<insert tableName="asset">
			<column name="id" valueNumeric="8923" />
			<column name="identifier" value="8668661931" />
			<column name="create_datetime" valueDate="2014-10-22T23:18:58.255" />
			<column name="status_id" valueNumeric="10501" />
			<column name="entity_id" valueNumeric="1" />
			<column name="deleted" valueNumeric="0" />
			<column name="item_id" valueNumeric="320104" />
			<column name="order_line_id" />
			<column name="notes" value="Bulk Upload" />
			<column name="optlock" valueNumeric="0" />
			<column name="group_id" />
			<column name="provisioning_status" />
			<column name="global" valueBoolean="true" />
		</insert>
		<insert tableName="asset">
			<column name="id" valueNumeric="8924" />
			<column name="identifier" value="8668662162" />
			<column name="create_datetime" valueDate="2014-10-22T23:18:58.307" />
			<column name="status_id" valueNumeric="10501" />
			<column name="entity_id" valueNumeric="1" />
			<column name="deleted" valueNumeric="0" />
			<column name="item_id" valueNumeric="320104" />
			<column name="order_line_id" />
			<column name="notes" value="Bulk Upload" />
			<column name="optlock" valueNumeric="0" />
			<column name="group_id" />
			<column name="provisioning_status" />
			<column name="global" valueBoolean="true" />
		</insert>
		<insert tableName="asset">
			<column name="id" valueNumeric="8925" />
			<column name="identifier" value="8668662684" />
			<column name="create_datetime" valueDate="2014-10-22T23:18:58.313" />
			<column name="status_id" valueNumeric="10501" />
			<column name="entity_id" valueNumeric="1" />
			<column name="deleted" valueNumeric="0" />
			<column name="item_id" valueNumeric="320104" />
			<column name="order_line_id" />
			<column name="notes" value="Bulk Upload" />
			<column name="optlock" valueNumeric="0" />
			<column name="group_id" />
			<column name="provisioning_status" />
			<column name="global" valueBoolean="true" />
		</insert>
		<insert tableName="asset">
			<column name="id" valueNumeric="8926" />
			<column name="identifier" value="8668663024" />
			<column name="create_datetime" valueDate="2014-10-22T23:18:58.327" />
			<column name="status_id" valueNumeric="10501" />
			<column name="entity_id" valueNumeric="1" />
			<column name="deleted" valueNumeric="0" />
			<column name="item_id" valueNumeric="320104" />
			<column name="order_line_id" />
			<column name="notes" value="Bulk Upload" />
			<column name="optlock" valueNumeric="0" />
			<column name="group_id" />
			<column name="provisioning_status" />
			<column name="global" valueBoolean="true" />
		</insert>
		<insert tableName="asset">
			<column name="id" valueNumeric="8927" />
			<column name="identifier" value="8668663127" />
			<column name="create_datetime" valueDate="2014-10-22T23:18:58.341" />
			<column name="status_id" valueNumeric="10501" />
			<column name="entity_id" valueNumeric="1" />
			<column name="deleted" valueNumeric="0" />
			<column name="item_id" valueNumeric="320104" />
			<column name="order_line_id" />
			<column name="notes" value="Bulk Upload" />
			<column name="optlock" valueNumeric="0" />
			<column name="group_id" />
			<column name="provisioning_status" />
			<column name="global" valueBoolean="true" />
		</insert>
		<insert tableName="asset">
			<column name="id" valueNumeric="8928" />
			<column name="identifier" value="8668663129" />
			<column name="create_datetime" valueDate="2014-10-22T23:18:58.416" />
			<column name="status_id" valueNumeric="10501" />
			<column name="entity_id" valueNumeric="1" />
			<column name="deleted" valueNumeric="0" />
			<column name="item_id" valueNumeric="320104" />
			<column name="order_line_id" />
			<column name="notes" value="Bulk Upload" />
			<column name="optlock" valueNumeric="0" />
			<column name="group_id" />
			<column name="provisioning_status" />
			<column name="global" valueBoolean="true" />
		</insert>
		<insert tableName="asset">
			<column name="id" valueNumeric="8929" />
			<column name="identifier" value="8668663132" />
			<column name="create_datetime" valueDate="2014-10-22T23:18:58.449" />
			<column name="status_id" valueNumeric="10501" />
			<column name="entity_id" valueNumeric="1" />
			<column name="deleted" valueNumeric="0" />
			<column name="item_id" valueNumeric="320104" />
			<column name="order_line_id" />
			<column name="notes" value="Bulk Upload" />
			<column name="optlock" valueNumeric="0" />
			<column name="group_id" />
			<column name="provisioning_status" />
			<column name="global" valueBoolean="true" />
		</insert>
		<insert tableName="asset">
			<column name="id" valueNumeric="8930" />
			<column name="identifier" value="8668663186" />
			<column name="create_datetime" valueDate="2014-10-22T23:18:58.535" />
			<column name="status_id" valueNumeric="10501" />
			<column name="entity_id" valueNumeric="1" />
			<column name="deleted" valueNumeric="0" />
			<column name="item_id" valueNumeric="320104" />
			<column name="order_line_id" />
			<column name="notes" value="Bulk Upload" />
			<column name="optlock" valueNumeric="0" />
			<column name="group_id" />
			<column name="provisioning_status" />
			<column name="global" valueBoolean="true" />
		</insert>
		<insert tableName="asset">
			<column name="id" valueNumeric="8931" />
			<column name="identifier" value="8668663187" />
			<column name="create_datetime" valueDate="2014-10-22T23:18:58.563" />
			<column name="status_id" valueNumeric="10501" />
			<column name="entity_id" valueNumeric="1" />
			<column name="deleted" valueNumeric="0" />
			<column name="item_id" valueNumeric="320104" />
			<column name="order_line_id" />
			<column name="notes" value="Bulk Upload" />
			<column name="optlock" valueNumeric="0" />
			<column name="group_id" />
			<column name="provisioning_status" />
			<column name="global" valueBoolean="true" />
		</insert>
		<insert tableName="asset">
			<column name="id" valueNumeric="8932" />
			<column name="identifier" value="8668663190" />
			<column name="create_datetime" valueDate="2014-10-22T23:18:58.588" />
			<column name="status_id" valueNumeric="10501" />
			<column name="entity_id" valueNumeric="1" />
			<column name="deleted" valueNumeric="0" />
			<column name="item_id" valueNumeric="320104" />
			<column name="order_line_id" />
			<column name="notes" value="Bulk Upload" />
			<column name="optlock" valueNumeric="0" />
			<column name="group_id" />
			<column name="provisioning_status" />
			<column name="global" valueBoolean="true" />
		</insert>
		<insert tableName="asset">
			<column name="id" valueNumeric="8933" />
			<column name="identifier" value="8668663509" />
			<column name="create_datetime" valueDate="2014-10-22T23:18:58.598" />
			<column name="status_id" valueNumeric="10501" />
			<column name="entity_id" valueNumeric="1" />
			<column name="deleted" valueNumeric="0" />
			<column name="item_id" valueNumeric="320104" />
			<column name="order_line_id" />
			<column name="notes" value="Bulk Upload" />
			<column name="optlock" valueNumeric="0" />
			<column name="group_id" />
			<column name="provisioning_status" />
			<column name="global" valueBoolean="true" />
		</insert>
		<insert tableName="asset">
			<column name="id" valueNumeric="8934" />
			<column name="identifier" value="8668663530" />
			<column name="create_datetime" valueDate="2014-10-22T23:18:58.614" />
			<column name="status_id" valueNumeric="10501" />
			<column name="entity_id" valueNumeric="1" />
			<column name="deleted" valueNumeric="0" />
			<column name="item_id" valueNumeric="320104" />
			<column name="order_line_id" />
			<column name="notes" value="Bulk Upload" />
			<column name="optlock" valueNumeric="0" />
			<column name="group_id" />
			<column name="provisioning_status" />
			<column name="global" valueBoolean="true" />
		</insert>
		<insert tableName="asset">
			<column name="id" valueNumeric="8935" />
			<column name="identifier" value="8668663677" />
			<column name="create_datetime" valueDate="2014-10-22T23:18:58.662" />
			<column name="status_id" valueNumeric="10501" />
			<column name="entity_id" valueNumeric="1" />
			<column name="deleted" valueNumeric="0" />
			<column name="item_id" valueNumeric="320104" />
			<column name="order_line_id" />
			<column name="notes" value="Bulk Upload" />
			<column name="optlock" valueNumeric="0" />
			<column name="group_id" />
			<column name="provisioning_status" />
			<column name="global" valueBoolean="true" />
		</insert>
		<insert tableName="asset">
			<column name="id" valueNumeric="8936" />
			<column name="identifier" value="8668664286" />
			<column name="create_datetime" valueDate="2014-10-22T23:18:58.765" />
			<column name="status_id" valueNumeric="10501" />
			<column name="entity_id" valueNumeric="1" />
			<column name="deleted" valueNumeric="0" />
			<column name="item_id" valueNumeric="320104" />
			<column name="order_line_id" />
			<column name="notes" value="Bulk Upload" />
			<column name="optlock" valueNumeric="0" />
			<column name="group_id" />
			<column name="provisioning_status" />
			<column name="global" valueBoolean="true" />
		</insert>
		<insert tableName="asset">
			<column name="id" valueNumeric="8937" />
			<column name="identifier" value="8668664334" />
			<column name="create_datetime" valueDate="2014-10-22T23:18:58.804" />
			<column name="status_id" valueNumeric="10501" />
			<column name="entity_id" valueNumeric="1" />
			<column name="deleted" valueNumeric="0" />
			<column name="item_id" valueNumeric="320104" />
			<column name="order_line_id" />
			<column name="notes" value="Bulk Upload" />
			<column name="optlock" valueNumeric="0" />
			<column name="group_id" />
			<column name="provisioning_status" />
			<column name="global" valueBoolean="true" />
		</insert>
		<insert tableName="asset">
			<column name="id" valueNumeric="8938" />
			<column name="identifier" value="8668664503" />
			<column name="create_datetime" valueDate="2014-10-22T23:18:58.920" />
			<column name="status_id" valueNumeric="10501" />
			<column name="entity_id" valueNumeric="1" />
			<column name="deleted" valueNumeric="0" />
			<column name="item_id" valueNumeric="320104" />
			<column name="order_line_id" />
			<column name="notes" value="Bulk Upload" />
			<column name="optlock" valueNumeric="0" />
			<column name="group_id" />
			<column name="provisioning_status" />
			<column name="global" valueBoolean="true" />
		</insert>
		<insert tableName="asset">
			<column name="id" valueNumeric="8939" />
			<column name="identifier" value="8668666651" />
			<column name="create_datetime" valueDate="2014-10-22T23:18:58.927" />
			<column name="status_id" valueNumeric="10501" />
			<column name="entity_id" valueNumeric="1" />
			<column name="deleted" valueNumeric="0" />
			<column name="item_id" valueNumeric="320104" />
			<column name="order_line_id" />
			<column name="notes" value="Bulk Upload" />
			<column name="optlock" valueNumeric="0" />
			<column name="group_id" />
			<column name="provisioning_status" />
			<column name="global" valueBoolean="true" />
		</insert>
		<insert tableName="asset">
			<column name="id" valueNumeric="8940" />
			<column name="identifier" value="8668666992" />
			<column name="create_datetime" valueDate="2014-10-22T23:18:58.933" />
			<column name="status_id" valueNumeric="10501" />
			<column name="entity_id" valueNumeric="1" />
			<column name="deleted" valueNumeric="0" />
			<column name="item_id" valueNumeric="320104" />
			<column name="order_line_id" />
			<column name="notes" value="Bulk Upload" />
			<column name="optlock" valueNumeric="0" />
			<column name="group_id" />
			<column name="provisioning_status" />
			<column name="global" valueBoolean="true" />
		</insert>
		<insert tableName="asset">
			<column name="id" valueNumeric="8941" />
			<column name="identifier" value="8668667042" />
			<column name="create_datetime" valueDate="2014-10-22T23:18:58.945" />
			<column name="status_id" valueNumeric="10501" />
			<column name="entity_id" valueNumeric="1" />
			<column name="deleted" valueNumeric="0" />
			<column name="item_id" valueNumeric="320104" />
			<column name="order_line_id" />
			<column name="notes" value="Bulk Upload" />
			<column name="optlock" valueNumeric="0" />
			<column name="group_id" />
			<column name="provisioning_status" />
			<column name="global" valueBoolean="true" />
		</insert>
		<insert tableName="asset">
			<column name="id" valueNumeric="8942" />
			<column name="identifier" value="8668667335" />
			<column name="create_datetime" valueDate="2014-10-22T23:18:58.957" />
			<column name="status_id" valueNumeric="10501" />
			<column name="entity_id" valueNumeric="1" />
			<column name="deleted" valueNumeric="0" />
			<column name="item_id" valueNumeric="320104" />
			<column name="order_line_id" />
			<column name="notes" value="Bulk Upload" />
			<column name="optlock" valueNumeric="0" />
			<column name="group_id" />
			<column name="provisioning_status" />
			<column name="global" valueBoolean="true" />
		</insert>
		<insert tableName="asset">
			<column name="id" valueNumeric="8943" />
			<column name="identifier" value="8668667475" />
			<column name="create_datetime" valueDate="2014-10-22T23:18:58.977" />
			<column name="status_id" valueNumeric="10501" />
			<column name="entity_id" valueNumeric="1" />
			<column name="deleted" valueNumeric="0" />
			<column name="item_id" valueNumeric="320104" />
			<column name="order_line_id" />
			<column name="notes" value="Bulk Upload" />
			<column name="optlock" valueNumeric="0" />
			<column name="group_id" />
			<column name="provisioning_status" />
			<column name="global" valueBoolean="true" />
		</insert>
		<insert tableName="asset">
			<column name="id" valueNumeric="8944" />
			<column name="identifier" value="8668667749" />
			<column name="create_datetime" valueDate="2014-10-22T23:18:59.1" />
			<column name="status_id" valueNumeric="10501" />
			<column name="entity_id" valueNumeric="1" />
			<column name="deleted" valueNumeric="0" />
			<column name="item_id" valueNumeric="320104" />
			<column name="order_line_id" />
			<column name="notes" value="Bulk Upload" />
			<column name="optlock" valueNumeric="0" />
			<column name="group_id" />
			<column name="provisioning_status" />
			<column name="global" valueBoolean="true" />
		</insert>
		<insert tableName="asset">
			<column name="id" valueNumeric="8945" />
			<column name="identifier" value="8668669026" />
			<column name="create_datetime" valueDate="2014-10-22T23:18:59.32" />
			<column name="status_id" valueNumeric="10501" />
			<column name="entity_id" valueNumeric="1" />
			<column name="deleted" valueNumeric="0" />
			<column name="item_id" valueNumeric="320104" />
			<column name="order_line_id" />
			<column name="notes" value="Bulk Upload" />
			<column name="optlock" valueNumeric="0" />
			<column name="group_id" />
			<column name="provisioning_status" />
			<column name="global" valueBoolean="true" />
		</insert>
		<insert tableName="asset">
			<column name="id" valueNumeric="8946" />
			<column name="identifier" value="8668669641" />
			<column name="create_datetime" valueDate="2014-10-22T23:18:59.75" />
			<column name="status_id" valueNumeric="10501" />
			<column name="entity_id" valueNumeric="1" />
			<column name="deleted" valueNumeric="0" />
			<column name="item_id" valueNumeric="320104" />
			<column name="order_line_id" />
			<column name="notes" value="Bulk Upload" />
			<column name="optlock" valueNumeric="0" />
			<column name="group_id" />
			<column name="provisioning_status" />
			<column name="global" valueBoolean="true" />
		</insert>
		<insert tableName="asset">
			<column name="id" valueNumeric="8947" />
			<column name="identifier" value="8668669679" />
			<column name="create_datetime" valueDate="2014-10-22T23:18:59.81" />
			<column name="status_id" valueNumeric="10501" />
			<column name="entity_id" valueNumeric="1" />
			<column name="deleted" valueNumeric="0" />
			<column name="item_id" valueNumeric="320104" />
			<column name="order_line_id" />
			<column name="notes" value="Bulk Upload" />
			<column name="optlock" valueNumeric="0" />
			<column name="group_id" />
			<column name="provisioning_status" />
			<column name="global" valueBoolean="true" />
		</insert>
		<insert tableName="asset">
			<column name="id" valueNumeric="8948" />
			<column name="identifier" value="8668670331" />
			<column name="create_datetime" valueDate="2014-10-22T23:18:59.105" />
			<column name="status_id" valueNumeric="10501" />
			<column name="entity_id" valueNumeric="1" />
			<column name="deleted" valueNumeric="0" />
			<column name="item_id" valueNumeric="320104" />
			<column name="order_line_id" />
			<column name="notes" value="Bulk Upload" />
			<column name="optlock" valueNumeric="0" />
			<column name="group_id" />
			<column name="provisioning_status" />
			<column name="global" valueBoolean="true" />
		</insert>
		<insert tableName="asset">
			<column name="id" valueNumeric="8949" />
			<column name="identifier" value="8668671359" />
			<column name="create_datetime" valueDate="2014-10-22T23:18:59.138" />
			<column name="status_id" valueNumeric="10501" />
			<column name="entity_id" valueNumeric="1" />
			<column name="deleted" valueNumeric="0" />
			<column name="item_id" valueNumeric="320104" />
			<column name="order_line_id" />
			<column name="notes" value="Bulk Upload" />
			<column name="optlock" valueNumeric="0" />
			<column name="group_id" />
			<column name="provisioning_status" />
			<column name="global" valueBoolean="true" />
		</insert>
		<insert tableName="asset">
			<column name="id" valueNumeric="8950" />
			<column name="identifier" value="8668672618" />
			<column name="create_datetime" valueDate="2014-10-22T23:18:59.161" />
			<column name="status_id" valueNumeric="10501" />
			<column name="entity_id" valueNumeric="1" />
			<column name="deleted" valueNumeric="0" />
			<column name="item_id" valueNumeric="320104" />
			<column name="order_line_id" />
			<column name="notes" value="Bulk Upload" />
			<column name="optlock" valueNumeric="0" />
			<column name="group_id" />
			<column name="provisioning_status" />
			<column name="global" valueBoolean="true" />
		</insert>
		<insert tableName="asset">
			<column name="id" valueNumeric="8951" />
			<column name="identifier" value="8668673349" />
			<column name="create_datetime" valueDate="2014-10-22T23:18:59.210" />
			<column name="status_id" valueNumeric="10501" />
			<column name="entity_id" valueNumeric="1" />
			<column name="deleted" valueNumeric="0" />
			<column name="item_id" valueNumeric="320104" />
			<column name="order_line_id" />
			<column name="notes" value="Bulk Upload" />
			<column name="optlock" valueNumeric="0" />
			<column name="group_id" />
			<column name="provisioning_status" />
			<column name="global" valueBoolean="true" />
		</insert>
		<insert tableName="asset">
			<column name="id" valueNumeric="8952" />
			<column name="identifier" value="8668674535" />
			<column name="create_datetime" valueDate="2014-10-22T23:18:59.221" />
			<column name="status_id" valueNumeric="10501" />
			<column name="entity_id" valueNumeric="1" />
			<column name="deleted" valueNumeric="0" />
			<column name="item_id" valueNumeric="320104" />
			<column name="order_line_id" />
			<column name="notes" value="Bulk Upload" />
			<column name="optlock" valueNumeric="0" />
			<column name="group_id" />
			<column name="provisioning_status" />
			<column name="global" valueBoolean="true" />
		</insert>
		<insert tableName="asset">
			<column name="id" valueNumeric="8953" />
			<column name="identifier" value="8668675553" />
			<column name="create_datetime" valueDate="2014-10-22T23:18:59.233" />
			<column name="status_id" valueNumeric="10501" />
			<column name="entity_id" valueNumeric="1" />
			<column name="deleted" valueNumeric="0" />
			<column name="item_id" valueNumeric="320104" />
			<column name="order_line_id" />
			<column name="notes" value="Bulk Upload" />
			<column name="optlock" valueNumeric="0" />
			<column name="group_id" />
			<column name="provisioning_status" />
			<column name="global" valueBoolean="true" />
		</insert>
		<insert tableName="asset">
			<column name="id" valueNumeric="8954" />
			<column name="identifier" value="8668675690" />
			<column name="create_datetime" valueDate="2014-10-22T23:18:59.273" />
			<column name="status_id" valueNumeric="10501" />
			<column name="entity_id" valueNumeric="1" />
			<column name="deleted" valueNumeric="0" />
			<column name="item_id" valueNumeric="320104" />
			<column name="order_line_id" />
			<column name="notes" value="Bulk Upload" />
			<column name="optlock" valueNumeric="0" />
			<column name="group_id" />
			<column name="provisioning_status" />
			<column name="global" valueBoolean="true" />
		</insert>
		<insert tableName="asset">
			<column name="id" valueNumeric="8955" />
			<column name="identifier" value="8668676438" />
			<column name="create_datetime" valueDate="2014-10-22T23:18:59.281" />
			<column name="status_id" valueNumeric="10501" />
			<column name="entity_id" valueNumeric="1" />
			<column name="deleted" valueNumeric="0" />
			<column name="item_id" valueNumeric="320104" />
			<column name="order_line_id" />
			<column name="notes" value="Bulk Upload" />
			<column name="optlock" valueNumeric="0" />
			<column name="group_id" />
			<column name="provisioning_status" />
			<column name="global" valueBoolean="true" />
		</insert>
		<insert tableName="asset">
			<column name="id" valueNumeric="8956" />
			<column name="identifier" value="8668676993" />
			<column name="create_datetime" valueDate="2014-10-22T23:18:59.334" />
			<column name="status_id" valueNumeric="10501" />
			<column name="entity_id" valueNumeric="1" />
			<column name="deleted" valueNumeric="0" />
			<column name="item_id" valueNumeric="320104" />
			<column name="order_line_id" />
			<column name="notes" value="Bulk Upload" />
			<column name="optlock" valueNumeric="0" />
			<column name="group_id" />
			<column name="provisioning_status" />
			<column name="global" valueBoolean="true" />
		</insert>
		<insert tableName="asset">
			<column name="id" valueNumeric="8957" />
			<column name="identifier" value="8668677137" />
			<column name="create_datetime" valueDate="2014-10-22T23:18:59.415" />
			<column name="status_id" valueNumeric="10501" />
			<column name="entity_id" valueNumeric="1" />
			<column name="deleted" valueNumeric="0" />
			<column name="item_id" valueNumeric="320104" />
			<column name="order_line_id" />
			<column name="notes" value="Bulk Upload" />
			<column name="optlock" valueNumeric="0" />
			<column name="group_id" />
			<column name="provisioning_status" />
			<column name="global" valueBoolean="true" />
		</insert>
		<insert tableName="asset">
			<column name="id" valueNumeric="8958" />
			<column name="identifier" value="8668678042" />
			<column name="create_datetime" valueDate="2014-10-22T23:18:59.449" />
			<column name="status_id" valueNumeric="10501" />
			<column name="entity_id" valueNumeric="1" />
			<column name="deleted" valueNumeric="0" />
			<column name="item_id" valueNumeric="320104" />
			<column name="order_line_id" />
			<column name="notes" value="Bulk Upload" />
			<column name="optlock" valueNumeric="0" />
			<column name="group_id" />
			<column name="provisioning_status" />
			<column name="global" valueBoolean="true" />
		</insert>
		<insert tableName="asset">
			<column name="id" valueNumeric="8959" />
			<column name="identifier" value="8668678072" />
			<column name="create_datetime" valueDate="2014-10-22T23:18:59.458" />
			<column name="status_id" valueNumeric="10501" />
			<column name="entity_id" valueNumeric="1" />
			<column name="deleted" valueNumeric="0" />
			<column name="item_id" valueNumeric="320104" />
			<column name="order_line_id" />
			<column name="notes" value="Bulk Upload" />
			<column name="optlock" valueNumeric="0" />
			<column name="group_id" />
			<column name="provisioning_status" />
			<column name="global" valueBoolean="true" />
		</insert>
		<insert tableName="asset">
			<column name="id" valueNumeric="8960" />
			<column name="identifier" value="8668678535" />
			<column name="create_datetime" valueDate="2014-10-22T23:18:59.465" />
			<column name="status_id" valueNumeric="10501" />
			<column name="entity_id" valueNumeric="1" />
			<column name="deleted" valueNumeric="0" />
			<column name="item_id" valueNumeric="320104" />
			<column name="order_line_id" />
			<column name="notes" value="Bulk Upload" />
			<column name="optlock" valueNumeric="0" />
			<column name="group_id" />
			<column name="provisioning_status" />
			<column name="global" valueBoolean="true" />
		</insert>
		<insert tableName="asset">
			<column name="id" valueNumeric="8961" />
			<column name="identifier" value="8668678735" />
			<column name="create_datetime" valueDate="2014-10-22T23:18:59.506" />
			<column name="status_id" valueNumeric="10501" />
			<column name="entity_id" valueNumeric="1" />
			<column name="deleted" valueNumeric="0" />
			<column name="item_id" valueNumeric="320104" />
			<column name="order_line_id" />
			<column name="notes" value="Bulk Upload" />
			<column name="optlock" valueNumeric="0" />
			<column name="group_id" />
			<column name="provisioning_status" />
			<column name="global" valueBoolean="true" />
		</insert>
		<insert tableName="asset">
			<column name="id" valueNumeric="8962" />
			<column name="identifier" value="8668678829" />
			<column name="create_datetime" valueDate="2014-10-22T23:18:59.553" />
			<column name="status_id" valueNumeric="10501" />
			<column name="entity_id" valueNumeric="1" />
			<column name="deleted" valueNumeric="0" />
			<column name="item_id" valueNumeric="320104" />
			<column name="order_line_id" />
			<column name="notes" value="Bulk Upload" />
			<column name="optlock" valueNumeric="0" />
			<column name="group_id" />
			<column name="provisioning_status" />
			<column name="global" valueBoolean="true" />
		</insert>
		<insert tableName="asset">
			<column name="id" valueNumeric="8963" />
			<column name="identifier" value="8668679143" />
			<column name="create_datetime" valueDate="2014-10-22T23:18:59.562" />
			<column name="status_id" valueNumeric="10501" />
			<column name="entity_id" valueNumeric="1" />
			<column name="deleted" valueNumeric="0" />
			<column name="item_id" valueNumeric="320104" />
			<column name="order_line_id" />
			<column name="notes" value="Bulk Upload" />
			<column name="optlock" valueNumeric="0" />
			<column name="group_id" />
			<column name="provisioning_status" />
			<column name="global" valueBoolean="true" />
		</insert>
		<insert tableName="asset">
			<column name="id" valueNumeric="8964" />
			<column name="identifier" value="8668679763" />
			<column name="create_datetime" valueDate="2014-10-22T23:18:59.573" />
			<column name="status_id" valueNumeric="10501" />
			<column name="entity_id" valueNumeric="1" />
			<column name="deleted" valueNumeric="0" />
			<column name="item_id" valueNumeric="320104" />
			<column name="order_line_id" />
			<column name="notes" value="Bulk Upload" />
			<column name="optlock" valueNumeric="0" />
			<column name="group_id" />
			<column name="provisioning_status" />
			<column name="global" valueBoolean="true" />
		</insert>
		<insert tableName="asset">
			<column name="id" valueNumeric="8965" />
			<column name="identifier" value="8668681566" />
			<column name="create_datetime" valueDate="2014-10-22T23:18:59.582" />
			<column name="status_id" valueNumeric="10501" />
			<column name="entity_id" valueNumeric="1" />
			<column name="deleted" valueNumeric="0" />
			<column name="item_id" valueNumeric="320104" />
			<column name="order_line_id" />
			<column name="notes" value="Bulk Upload" />
			<column name="optlock" valueNumeric="0" />
			<column name="group_id" />
			<column name="provisioning_status" />
			<column name="global" valueBoolean="true" />
		</insert>
		<insert tableName="asset">
			<column name="id" valueNumeric="8966" />
			<column name="identifier" value="8668684111" />
			<column name="create_datetime" valueDate="2014-10-22T23:18:59.621" />
			<column name="status_id" valueNumeric="10501" />
			<column name="entity_id" valueNumeric="1" />
			<column name="deleted" valueNumeric="0" />
			<column name="item_id" valueNumeric="320104" />
			<column name="order_line_id" />
			<column name="notes" value="Bulk Upload" />
			<column name="optlock" valueNumeric="0" />
			<column name="group_id" />
			<column name="provisioning_status" />
			<column name="global" valueBoolean="true" />
		</insert>
		<insert tableName="asset">
			<column name="id" valueNumeric="8967" />
			<column name="identifier" value="8668684140" />
			<column name="create_datetime" valueDate="2014-10-22T23:18:59.629" />
			<column name="status_id" valueNumeric="10501" />
			<column name="entity_id" valueNumeric="1" />
			<column name="deleted" valueNumeric="0" />
			<column name="item_id" valueNumeric="320104" />
			<column name="order_line_id" />
			<column name="notes" value="Bulk Upload" />
			<column name="optlock" valueNumeric="0" />
			<column name="group_id" />
			<column name="provisioning_status" />
			<column name="global" valueBoolean="true" />
		</insert>
		<insert tableName="asset">
			<column name="id" valueNumeric="8968" />
			<column name="identifier" value="8668684214" />
			<column name="create_datetime" valueDate="2014-10-22T23:18:59.644" />
			<column name="status_id" valueNumeric="10501" />
			<column name="entity_id" valueNumeric="1" />
			<column name="deleted" valueNumeric="0" />
			<column name="item_id" valueNumeric="320104" />
			<column name="order_line_id" />
			<column name="notes" value="Bulk Upload" />
			<column name="optlock" valueNumeric="0" />
			<column name="group_id" />
			<column name="provisioning_status" />
			<column name="global" valueBoolean="true" />
		</insert>
		<insert tableName="asset">
			<column name="id" valueNumeric="8969" />
			<column name="identifier" value="8668684275" />
			<column name="create_datetime" valueDate="2014-10-22T23:18:59.698" />
			<column name="status_id" valueNumeric="10501" />
			<column name="entity_id" valueNumeric="1" />
			<column name="deleted" valueNumeric="0" />
			<column name="item_id" valueNumeric="320104" />
			<column name="order_line_id" />
			<column name="notes" value="Bulk Upload" />
			<column name="optlock" valueNumeric="0" />
			<column name="group_id" />
			<column name="provisioning_status" />
			<column name="global" valueBoolean="true" />
		</insert>
		<insert tableName="asset">
			<column name="id" valueNumeric="8970" />
			<column name="identifier" value="8668685234" />
			<column name="create_datetime" valueDate="2014-10-22T23:18:59.721" />
			<column name="status_id" valueNumeric="10501" />
			<column name="entity_id" valueNumeric="1" />
			<column name="deleted" valueNumeric="0" />
			<column name="item_id" valueNumeric="320104" />
			<column name="order_line_id" />
			<column name="notes" value="Bulk Upload" />
			<column name="optlock" valueNumeric="0" />
			<column name="group_id" />
			<column name="provisioning_status" />
			<column name="global" valueBoolean="true" />
		</insert>
		<insert tableName="asset">
			<column name="id" valueNumeric="8971" />
			<column name="identifier" value="8668685511" />
			<column name="create_datetime" valueDate="2014-10-22T23:18:59.806" />
			<column name="status_id" valueNumeric="10501" />
			<column name="entity_id" valueNumeric="1" />
			<column name="deleted" valueNumeric="0" />
			<column name="item_id" valueNumeric="320104" />
			<column name="order_line_id" />
			<column name="notes" value="Bulk Upload" />
			<column name="optlock" valueNumeric="0" />
			<column name="group_id" />
			<column name="provisioning_status" />
			<column name="global" valueBoolean="true" />
		</insert>
		<insert tableName="asset">
			<column name="id" valueNumeric="8972" />
			<column name="identifier" value="8668685863" />
			<column name="create_datetime" valueDate="2014-10-22T23:18:59.829" />
			<column name="status_id" valueNumeric="10501" />
			<column name="entity_id" valueNumeric="1" />
			<column name="deleted" valueNumeric="0" />
			<column name="item_id" valueNumeric="320104" />
			<column name="order_line_id" />
			<column name="notes" value="Bulk Upload" />
			<column name="optlock" valueNumeric="0" />
			<column name="group_id" />
			<column name="provisioning_status" />
			<column name="global" valueBoolean="true" />
		</insert>
		<insert tableName="asset">
			<column name="id" valueNumeric="8973" />
			<column name="identifier" value="8668685865" />
			<column name="create_datetime" valueDate="2014-10-22T23:18:59.861" />
			<column name="status_id" valueNumeric="10501" />
			<column name="entity_id" valueNumeric="1" />
			<column name="deleted" valueNumeric="0" />
			<column name="item_id" valueNumeric="320104" />
			<column name="order_line_id" />
			<column name="notes" value="Bulk Upload" />
			<column name="optlock" valueNumeric="0" />
			<column name="group_id" />
			<column name="provisioning_status" />
			<column name="global" valueBoolean="true" />
		</insert>
		<insert tableName="asset">
			<column name="id" valueNumeric="8974" />
			<column name="identifier" value="8668685870" />
			<column name="create_datetime" valueDate="2014-10-22T23:18:59.878" />
			<column name="status_id" valueNumeric="10501" />
			<column name="entity_id" valueNumeric="1" />
			<column name="deleted" valueNumeric="0" />
			<column name="item_id" valueNumeric="320104" />
			<column name="order_line_id" />
			<column name="notes" value="Bulk Upload" />
			<column name="optlock" valueNumeric="0" />
			<column name="group_id" />
			<column name="provisioning_status" />
			<column name="global" valueBoolean="true" />
		</insert>
		<insert tableName="asset">
			<column name="id" valueNumeric="8975" />
			<column name="identifier" value="8668685872" />
			<column name="create_datetime" valueDate="2014-10-22T23:19:00.53" />
			<column name="status_id" valueNumeric="10501" />
			<column name="entity_id" valueNumeric="1" />
			<column name="deleted" valueNumeric="0" />
			<column name="item_id" valueNumeric="320104" />
			<column name="order_line_id" />
			<column name="notes" value="Bulk Upload" />
			<column name="optlock" valueNumeric="0" />
			<column name="group_id" />
			<column name="provisioning_status" />
			<column name="global" valueBoolean="true" />
		</insert>
		<insert tableName="asset">
			<column name="id" valueNumeric="8976" />
			<column name="identifier" value="8668685966" />
			<column name="create_datetime" valueDate="2014-10-22T23:19:00.81" />
			<column name="status_id" valueNumeric="10501" />
			<column name="entity_id" valueNumeric="1" />
			<column name="deleted" valueNumeric="0" />
			<column name="item_id" valueNumeric="320104" />
			<column name="order_line_id" />
			<column name="notes" value="Bulk Upload" />
			<column name="optlock" valueNumeric="0" />
			<column name="group_id" />
			<column name="provisioning_status" />
			<column name="global" valueBoolean="true" />
		</insert>
		<insert tableName="asset">
			<column name="id" valueNumeric="8977" />
			<column name="identifier" value="8668686250" />
			<column name="create_datetime" valueDate="2014-10-22T23:19:00.90" />
			<column name="status_id" valueNumeric="10501" />
			<column name="entity_id" valueNumeric="1" />
			<column name="deleted" valueNumeric="0" />
			<column name="item_id" valueNumeric="320104" />
			<column name="order_line_id" />
			<column name="notes" value="Bulk Upload" />
			<column name="optlock" valueNumeric="0" />
			<column name="group_id" />
			<column name="provisioning_status" />
			<column name="global" valueBoolean="true" />
		</insert>
		<insert tableName="asset">
			<column name="id" valueNumeric="8978" />
			<column name="identifier" value="8668689592" />
			<column name="create_datetime" valueDate="2014-10-22T23:19:00.118" />
			<column name="status_id" valueNumeric="10501" />
			<column name="entity_id" valueNumeric="1" />
			<column name="deleted" valueNumeric="0" />
			<column name="item_id" valueNumeric="320104" />
			<column name="order_line_id" />
			<column name="notes" value="Bulk Upload" />
			<column name="optlock" valueNumeric="0" />
			<column name="group_id" />
			<column name="provisioning_status" />
			<column name="global" valueBoolean="true" />
		</insert>
		<insert tableName="asset">
			<column name="id" valueNumeric="8979" />
			<column name="identifier" value="8668691602" />
			<column name="create_datetime" valueDate="2014-10-22T23:19:00.128" />
			<column name="status_id" valueNumeric="10501" />
			<column name="entity_id" valueNumeric="1" />
			<column name="deleted" valueNumeric="0" />
			<column name="item_id" valueNumeric="320104" />
			<column name="order_line_id" />
			<column name="notes" value="Bulk Upload" />
			<column name="optlock" valueNumeric="0" />
			<column name="group_id" />
			<column name="provisioning_status" />
			<column name="global" valueBoolean="true" />
		</insert>
		<insert tableName="asset">
			<column name="id" valueNumeric="8980" />
			<column name="identifier" value="8668698091" />
			<column name="create_datetime" valueDate="2014-10-22T23:19:00.152" />
			<column name="status_id" valueNumeric="10501" />
			<column name="entity_id" valueNumeric="1" />
			<column name="deleted" valueNumeric="0" />
			<column name="item_id" valueNumeric="320104" />
			<column name="order_line_id" />
			<column name="notes" value="Bulk Upload" />
			<column name="optlock" valueNumeric="0" />
			<column name="group_id" />
			<column name="provisioning_status" />
			<column name="global" valueBoolean="true" />
		</insert>
		<insert tableName="asset">
			<column name="id" valueNumeric="8981" />
			<column name="identifier" value="8668714055" />
			<column name="create_datetime" valueDate="2014-10-22T23:19:00.331" />
			<column name="status_id" valueNumeric="10501" />
			<column name="entity_id" valueNumeric="1" />
			<column name="deleted" valueNumeric="0" />
			<column name="item_id" valueNumeric="320104" />
			<column name="order_line_id" />
			<column name="notes" value="Bulk Upload" />
			<column name="optlock" valueNumeric="0" />
			<column name="group_id" />
			<column name="provisioning_status" />
			<column name="global" valueBoolean="true" />
		</insert>
		<insert tableName="asset">
			<column name="id" valueNumeric="8982" />
			<column name="identifier" value="8668717261" />
			<column name="create_datetime" valueDate="2014-10-22T23:19:00.374" />
			<column name="status_id" valueNumeric="10501" />
			<column name="entity_id" valueNumeric="1" />
			<column name="deleted" valueNumeric="0" />
			<column name="item_id" valueNumeric="320104" />
			<column name="order_line_id" />
			<column name="notes" value="Bulk Upload" />
			<column name="optlock" valueNumeric="0" />
			<column name="group_id" />
			<column name="provisioning_status" />
			<column name="global" valueBoolean="true" />
		</insert>
		<insert tableName="asset">
			<column name="id" valueNumeric="8983" />
			<column name="identifier" value="8668719059" />
			<column name="create_datetime" valueDate="2014-10-22T23:19:00.390" />
			<column name="status_id" valueNumeric="10501" />
			<column name="entity_id" valueNumeric="1" />
			<column name="deleted" valueNumeric="0" />
			<column name="item_id" valueNumeric="320104" />
			<column name="order_line_id" />
			<column name="notes" value="Bulk Upload" />
			<column name="optlock" valueNumeric="0" />
			<column name="group_id" />
			<column name="provisioning_status" />
			<column name="global" valueBoolean="true" />
		</insert>
		<insert tableName="asset">
			<column name="id" valueNumeric="8984" />
			<column name="identifier" value="8668731593" />
			<column name="create_datetime" valueDate="2014-10-22T23:19:00.395" />
			<column name="status_id" valueNumeric="10501" />
			<column name="entity_id" valueNumeric="1" />
			<column name="deleted" valueNumeric="0" />
			<column name="item_id" valueNumeric="320104" />
			<column name="order_line_id" />
			<column name="notes" value="Bulk Upload" />
			<column name="optlock" valueNumeric="0" />
			<column name="group_id" />
			<column name="provisioning_status" />
			<column name="global" valueBoolean="true" />
		</insert>
		<insert tableName="asset">
			<column name="id" valueNumeric="8985" />
			<column name="identifier" value="8668735522" />
			<column name="create_datetime" valueDate="2014-10-22T23:19:00.420" />
			<column name="status_id" valueNumeric="10501" />
			<column name="entity_id" valueNumeric="1" />
			<column name="deleted" valueNumeric="0" />
			<column name="item_id" valueNumeric="320104" />
			<column name="order_line_id" />
			<column name="notes" value="Bulk Upload" />
			<column name="optlock" valueNumeric="0" />
			<column name="group_id" />
			<column name="provisioning_status" />
			<column name="global" valueBoolean="true" />
		</insert>
		<insert tableName="asset">
			<column name="id" valueNumeric="8986" />
			<column name="identifier" value="8668736332" />
			<column name="create_datetime" valueDate="2014-10-22T23:19:00.426" />
			<column name="status_id" valueNumeric="10501" />
			<column name="entity_id" valueNumeric="1" />
			<column name="deleted" valueNumeric="0" />
			<column name="item_id" valueNumeric="320104" />
			<column name="order_line_id" />
			<column name="notes" value="Bulk Upload" />
			<column name="optlock" valueNumeric="0" />
			<column name="group_id" />
			<column name="provisioning_status" />
			<column name="global" valueBoolean="true" />
		</insert>
		<insert tableName="asset">
			<column name="id" valueNumeric="8987" />
			<column name="identifier" value="8668738467" />
			<column name="create_datetime" valueDate="2014-10-22T23:19:00.432" />
			<column name="status_id" valueNumeric="10501" />
			<column name="entity_id" valueNumeric="1" />
			<column name="deleted" valueNumeric="0" />
			<column name="item_id" valueNumeric="320104" />
			<column name="order_line_id" />
			<column name="notes" value="Bulk Upload" />
			<column name="optlock" valueNumeric="0" />
			<column name="group_id" />
			<column name="provisioning_status" />
			<column name="global" valueBoolean="true" />
		</insert>
		<insert tableName="asset">
			<column name="id" valueNumeric="8988" />
			<column name="identifier" value="8668739037" />
			<column name="create_datetime" valueDate="2014-10-22T23:19:00.446" />
			<column name="status_id" valueNumeric="10501" />
			<column name="entity_id" valueNumeric="1" />
			<column name="deleted" valueNumeric="0" />
			<column name="item_id" valueNumeric="320104" />
			<column name="order_line_id" />
			<column name="notes" value="Bulk Upload" />
			<column name="optlock" valueNumeric="0" />
			<column name="group_id" />
			<column name="provisioning_status" />
			<column name="global" valueBoolean="true" />
		</insert>
		<insert tableName="asset">
			<column name="id" valueNumeric="8989" />
			<column name="identifier" value="8668741618" />
			<column name="create_datetime" valueDate="2014-10-22T23:19:00.497" />
			<column name="status_id" valueNumeric="10501" />
			<column name="entity_id" valueNumeric="1" />
			<column name="deleted" valueNumeric="0" />
			<column name="item_id" valueNumeric="320104" />
			<column name="order_line_id" />
			<column name="notes" value="Bulk Upload" />
			<column name="optlock" valueNumeric="0" />
			<column name="group_id" />
			<column name="provisioning_status" />
			<column name="global" valueBoolean="true" />
		</insert>
		<insert tableName="asset">
			<column name="id" valueNumeric="8990" />
			<column name="identifier" value="8668741947" />
			<column name="create_datetime" valueDate="2014-10-22T23:19:00.534" />
			<column name="status_id" valueNumeric="10501" />
			<column name="entity_id" valueNumeric="1" />
			<column name="deleted" valueNumeric="0" />
			<column name="item_id" valueNumeric="320104" />
			<column name="order_line_id" />
			<column name="notes" value="Bulk Upload" />
			<column name="optlock" valueNumeric="0" />
			<column name="group_id" />
			<column name="provisioning_status" />
			<column name="global" valueBoolean="true" />
		</insert>
		<insert tableName="asset">
			<column name="id" valueNumeric="8991" />
			<column name="identifier" value="8668742937" />
			<column name="create_datetime" valueDate="2014-10-22T23:19:00.575" />
			<column name="status_id" valueNumeric="10501" />
			<column name="entity_id" valueNumeric="1" />
			<column name="deleted" valueNumeric="0" />
			<column name="item_id" valueNumeric="320104" />
			<column name="order_line_id" />
			<column name="notes" value="Bulk Upload" />
			<column name="optlock" valueNumeric="0" />
			<column name="group_id" />
			<column name="provisioning_status" />
			<column name="global" valueBoolean="true" />
		</insert>
		<insert tableName="asset">
			<column name="id" valueNumeric="8992" />
			<column name="identifier" value="8668750132" />
			<column name="create_datetime" valueDate="2014-10-22T23:19:00.693" />
			<column name="status_id" valueNumeric="10501" />
			<column name="entity_id" valueNumeric="1" />
			<column name="deleted" valueNumeric="0" />
			<column name="item_id" valueNumeric="320104" />
			<column name="order_line_id" />
			<column name="notes" value="Bulk Upload" />
			<column name="optlock" valueNumeric="0" />
			<column name="group_id" />
			<column name="provisioning_status" />
			<column name="global" valueBoolean="true" />
		</insert>
		<insert tableName="asset">
			<column name="id" valueNumeric="8993" />
			<column name="identifier" value="8668751167" />
			<column name="create_datetime" valueDate="2014-10-22T23:19:00.825" />
			<column name="status_id" valueNumeric="10501" />
			<column name="entity_id" valueNumeric="1" />
			<column name="deleted" valueNumeric="0" />
			<column name="item_id" valueNumeric="320104" />
			<column name="order_line_id" />
			<column name="notes" value="Bulk Upload" />
			<column name="optlock" valueNumeric="0" />
			<column name="group_id" />
			<column name="provisioning_status" />
			<column name="global" valueBoolean="true" />
		</insert>
		<insert tableName="asset">
			<column name="id" valueNumeric="8994" />
			<column name="identifier" value="8668752217" />
			<column name="create_datetime" valueDate="2014-10-22T23:19:00.833" />
			<column name="status_id" valueNumeric="10501" />
			<column name="entity_id" valueNumeric="1" />
			<column name="deleted" valueNumeric="0" />
			<column name="item_id" valueNumeric="320104" />
			<column name="order_line_id" />
			<column name="notes" value="Bulk Upload" />
			<column name="optlock" valueNumeric="0" />
			<column name="group_id" />
			<column name="provisioning_status" />
			<column name="global" valueBoolean="true" />
		</insert>
		<insert tableName="asset">
			<column name="id" valueNumeric="8995" />
			<column name="identifier" value="8668764036" />
			<column name="create_datetime" valueDate="2014-10-22T23:19:00.840" />
			<column name="status_id" valueNumeric="10501" />
			<column name="entity_id" valueNumeric="1" />
			<column name="deleted" valueNumeric="0" />
			<column name="item_id" valueNumeric="320104" />
			<column name="order_line_id" />
			<column name="notes" value="Bulk Upload" />
			<column name="optlock" valueNumeric="0" />
			<column name="group_id" />
			<column name="provisioning_status" />
			<column name="global" valueBoolean="true" />
		</insert>
		<insert tableName="asset">
			<column name="id" valueNumeric="8996" />
			<column name="identifier" value="8668765755" />
			<column name="create_datetime" valueDate="2014-10-22T23:19:00.846" />
			<column name="status_id" valueNumeric="10501" />
			<column name="entity_id" valueNumeric="1" />
			<column name="deleted" valueNumeric="0" />
			<column name="item_id" valueNumeric="320104" />
			<column name="order_line_id" />
			<column name="notes" value="Bulk Upload" />
			<column name="optlock" valueNumeric="0" />
			<column name="group_id" />
			<column name="provisioning_status" />
			<column name="global" valueBoolean="true" />
		</insert>
		<insert tableName="asset">
			<column name="id" valueNumeric="8997" />
			<column name="identifier" value="8668782477" />
			<column name="create_datetime" valueDate="2014-10-22T23:19:00.852" />
			<column name="status_id" valueNumeric="10501" />
			<column name="entity_id" valueNumeric="1" />
			<column name="deleted" valueNumeric="0" />
			<column name="item_id" valueNumeric="320104" />
			<column name="order_line_id" />
			<column name="notes" value="Bulk Upload" />
			<column name="optlock" valueNumeric="0" />
			<column name="group_id" />
			<column name="provisioning_status" />
			<column name="global" valueBoolean="true" />
		</insert>
		<insert tableName="asset">
			<column name="id" valueNumeric="8998" />
			<column name="identifier" value="8668782745" />
			<column name="create_datetime" valueDate="2014-10-22T23:19:00.894" />
			<column name="status_id" valueNumeric="10501" />
			<column name="entity_id" valueNumeric="1" />
			<column name="deleted" valueNumeric="0" />
			<column name="item_id" valueNumeric="320104" />
			<column name="order_line_id" />
			<column name="notes" value="Bulk Upload" />
			<column name="optlock" valueNumeric="0" />
			<column name="group_id" />
			<column name="provisioning_status" />
			<column name="global" valueBoolean="true" />
		</insert>
		<insert tableName="asset">
			<column name="id" valueNumeric="8999" />
			<column name="identifier" value="8668796973" />
			<column name="create_datetime" valueDate="2014-10-22T23:19:00.945" />
			<column name="status_id" valueNumeric="10501" />
			<column name="entity_id" valueNumeric="1" />
			<column name="deleted" valueNumeric="0" />
			<column name="item_id" valueNumeric="320104" />
			<column name="order_line_id" />
			<column name="notes" value="Bulk Upload" />
			<column name="optlock" valueNumeric="0" />
			<column name="group_id" />
			<column name="provisioning_status" />
			<column name="global" valueBoolean="true" />
		</insert>
		<insert tableName="asset">
			<column name="id" valueNumeric="9000" />
			<column name="identifier" value="8668805080" />
			<column name="create_datetime" valueDate="2014-10-22T23:19:00.953" />
			<column name="status_id" valueNumeric="10501" />
			<column name="entity_id" valueNumeric="1" />
			<column name="deleted" valueNumeric="0" />
			<column name="item_id" valueNumeric="320104" />
			<column name="order_line_id" />
			<column name="notes" value="Bulk Upload" />
			<column name="optlock" valueNumeric="0" />
			<column name="group_id" />
			<column name="provisioning_status" />
			<column name="global" valueBoolean="true" />
		</insert>
		<insert tableName="asset">
			<column name="id" valueNumeric="9001" />
			<column name="identifier" value="8668810795" />
			<column name="create_datetime" valueDate="2014-10-22T23:19:01.1" />
			<column name="status_id" valueNumeric="10501" />
			<column name="entity_id" valueNumeric="1" />
			<column name="deleted" valueNumeric="0" />
			<column name="item_id" valueNumeric="320104" />
			<column name="order_line_id" />
			<column name="notes" value="Bulk Upload" />
			<column name="optlock" valueNumeric="0" />
			<column name="group_id" />
			<column name="provisioning_status" />
			<column name="global" valueBoolean="true" />
		</insert>
		<insert tableName="asset">
			<column name="id" valueNumeric="9002" />
			<column name="identifier" value="8668811596" />
			<column name="create_datetime" valueDate="2014-10-22T23:19:01.29" />
			<column name="status_id" valueNumeric="10501" />
			<column name="entity_id" valueNumeric="1" />
			<column name="deleted" valueNumeric="0" />
			<column name="item_id" valueNumeric="320104" />
			<column name="order_line_id" />
			<column name="notes" value="Bulk Upload" />
			<column name="optlock" valueNumeric="0" />
			<column name="group_id" />
			<column name="provisioning_status" />
			<column name="global" valueBoolean="true" />
		</insert>
		<insert tableName="asset">
			<column name="id" valueNumeric="9003" />
			<column name="identifier" value="8668814498" />
			<column name="create_datetime" valueDate="2014-10-22T23:19:01.37" />
			<column name="status_id" valueNumeric="10501" />
			<column name="entity_id" valueNumeric="1" />
			<column name="deleted" valueNumeric="0" />
			<column name="item_id" valueNumeric="320104" />
			<column name="order_line_id" />
			<column name="notes" value="Bulk Upload" />
			<column name="optlock" valueNumeric="0" />
			<column name="group_id" />
			<column name="provisioning_status" />
			<column name="global" valueBoolean="true" />
		</insert>
		<insert tableName="asset">
			<column name="id" valueNumeric="9004" />
			<column name="identifier" value="8668816262" />
			<column name="create_datetime" valueDate="2014-10-22T23:19:01.60" />
			<column name="status_id" valueNumeric="10501" />
			<column name="entity_id" valueNumeric="1" />
			<column name="deleted" valueNumeric="0" />
			<column name="item_id" valueNumeric="320104" />
			<column name="order_line_id" />
			<column name="notes" value="Bulk Upload" />
			<column name="optlock" valueNumeric="0" />
			<column name="group_id" />
			<column name="provisioning_status" />
			<column name="global" valueBoolean="true" />
		</insert>
		<insert tableName="asset">
			<column name="id" valueNumeric="9005" />
			<column name="identifier" value="8668822983" />
			<column name="create_datetime" valueDate="2014-10-22T23:19:01.138" />
			<column name="status_id" valueNumeric="10501" />
			<column name="entity_id" valueNumeric="1" />
			<column name="deleted" valueNumeric="0" />
			<column name="item_id" valueNumeric="320104" />
			<column name="order_line_id" />
			<column name="notes" value="Bulk Upload" />
			<column name="optlock" valueNumeric="0" />
			<column name="group_id" />
			<column name="provisioning_status" />
			<column name="global" valueBoolean="true" />
		</insert>
		<insert tableName="asset">
			<column name="id" valueNumeric="9006" />
			<column name="identifier" value="8668834652" />
			<column name="create_datetime" valueDate="2014-10-22T23:19:01.153" />
			<column name="status_id" valueNumeric="10501" />
			<column name="entity_id" valueNumeric="1" />
			<column name="deleted" valueNumeric="0" />
			<column name="item_id" valueNumeric="320104" />
			<column name="order_line_id" />
			<column name="notes" value="Bulk Upload" />
			<column name="optlock" valueNumeric="0" />
			<column name="group_id" />
			<column name="provisioning_status" />
			<column name="global" valueBoolean="true" />
		</insert>
		<insert tableName="asset">
			<column name="id" valueNumeric="9007" />
			<column name="identifier" value="8668839872" />
			<column name="create_datetime" valueDate="2014-10-22T23:19:01.175" />
			<column name="status_id" valueNumeric="10501" />
			<column name="entity_id" valueNumeric="1" />
			<column name="deleted" valueNumeric="0" />
			<column name="item_id" valueNumeric="320104" />
			<column name="order_line_id" />
			<column name="notes" value="Bulk Upload" />
			<column name="optlock" valueNumeric="0" />
			<column name="group_id" />
			<column name="provisioning_status" />
			<column name="global" valueBoolean="true" />
		</insert>
		<insert tableName="asset">
			<column name="id" valueNumeric="9008" />
			<column name="identifier" value="8668839883" />
			<column name="create_datetime" valueDate="2014-10-22T23:19:01.186" />
			<column name="status_id" valueNumeric="10501" />
			<column name="entity_id" valueNumeric="1" />
			<column name="deleted" valueNumeric="0" />
			<column name="item_id" valueNumeric="320104" />
			<column name="order_line_id" />
			<column name="notes" value="Bulk Upload" />
			<column name="optlock" valueNumeric="0" />
			<column name="group_id" />
			<column name="provisioning_status" />
			<column name="global" valueBoolean="true" />
		</insert>
		<insert tableName="asset">
			<column name="id" valueNumeric="9009" />
			<column name="identifier" value="8668849891" />
			<column name="create_datetime" valueDate="2014-10-22T23:19:01.214" />
			<column name="status_id" valueNumeric="10501" />
			<column name="entity_id" valueNumeric="1" />
			<column name="deleted" valueNumeric="0" />
			<column name="item_id" valueNumeric="320104" />
			<column name="order_line_id" />
			<column name="notes" value="Bulk Upload" />
			<column name="optlock" valueNumeric="0" />
			<column name="group_id" />
			<column name="provisioning_status" />
			<column name="global" valueBoolean="true" />
		</insert>
		<insert tableName="asset">
			<column name="id" valueNumeric="9010" />
			<column name="identifier" value="8668851683" />
			<column name="create_datetime" valueDate="2014-10-22T23:19:01.222" />
			<column name="status_id" valueNumeric="10501" />
			<column name="entity_id" valueNumeric="1" />
			<column name="deleted" valueNumeric="0" />
			<column name="item_id" valueNumeric="320104" />
			<column name="order_line_id" />
			<column name="notes" value="Bulk Upload" />
			<column name="optlock" valueNumeric="0" />
			<column name="group_id" />
			<column name="provisioning_status" />
			<column name="global" valueBoolean="true" />
		</insert>
		<insert tableName="asset">
			<column name="id" valueNumeric="9011" />
			<column name="identifier" value="8668854611" />
			<column name="create_datetime" valueDate="2014-10-22T23:19:01.245" />
			<column name="status_id" valueNumeric="10501" />
			<column name="entity_id" valueNumeric="1" />
			<column name="deleted" valueNumeric="0" />
			<column name="item_id" valueNumeric="320104" />
			<column name="order_line_id" />
			<column name="notes" value="Bulk Upload" />
			<column name="optlock" valueNumeric="0" />
			<column name="group_id" />
			<column name="provisioning_status" />
			<column name="global" valueBoolean="true" />
		</insert>
		<insert tableName="asset">
			<column name="id" valueNumeric="9012" />
			<column name="identifier" value="8668855587" />
			<column name="create_datetime" valueDate="2014-10-22T23:19:01.301" />
			<column name="status_id" valueNumeric="10501" />
			<column name="entity_id" valueNumeric="1" />
			<column name="deleted" valueNumeric="0" />
			<column name="item_id" valueNumeric="320104" />
			<column name="order_line_id" />
			<column name="notes" value="Bulk Upload" />
			<column name="optlock" valueNumeric="0" />
			<column name="group_id" />
			<column name="provisioning_status" />
			<column name="global" valueBoolean="true" />
		</insert>
		<insert tableName="asset">
			<column name="id" valueNumeric="9013" />
			<column name="identifier" value="8668855880" />
			<column name="create_datetime" valueDate="2014-10-22T23:19:01.309" />
			<column name="status_id" valueNumeric="10501" />
			<column name="entity_id" valueNumeric="1" />
			<column name="deleted" valueNumeric="0" />
			<column name="item_id" valueNumeric="320104" />
			<column name="order_line_id" />
			<column name="notes" value="Bulk Upload" />
			<column name="optlock" valueNumeric="0" />
			<column name="group_id" />
			<column name="provisioning_status" />
			<column name="global" valueBoolean="true" />
		</insert>
		<insert tableName="asset">
			<column name="id" valueNumeric="9014" />
			<column name="identifier" value="8668856388" />
			<column name="create_datetime" valueDate="2014-10-22T23:19:01.377" />
			<column name="status_id" valueNumeric="10501" />
			<column name="entity_id" valueNumeric="1" />
			<column name="deleted" valueNumeric="0" />
			<column name="item_id" valueNumeric="320104" />
			<column name="order_line_id" />
			<column name="notes" value="Bulk Upload" />
			<column name="optlock" valueNumeric="0" />
			<column name="group_id" />
			<column name="provisioning_status" />
			<column name="global" valueBoolean="true" />
		</insert>
		<insert tableName="asset">
			<column name="id" valueNumeric="9015" />
			<column name="identifier" value="8668870375" />
			<column name="create_datetime" valueDate="2014-10-22T23:19:01.421" />
			<column name="status_id" valueNumeric="10501" />
			<column name="entity_id" valueNumeric="1" />
			<column name="deleted" valueNumeric="0" />
			<column name="item_id" valueNumeric="320104" />
			<column name="order_line_id" />
			<column name="notes" value="Bulk Upload" />
			<column name="optlock" valueNumeric="0" />
			<column name="group_id" />
			<column name="provisioning_status" />
			<column name="global" valueBoolean="true" />
		</insert>
		<insert tableName="asset">
			<column name="id" valueNumeric="9016" />
			<column name="identifier" value="8668877805" />
			<column name="create_datetime" valueDate="2014-10-22T23:19:01.441" />
			<column name="status_id" valueNumeric="10501" />
			<column name="entity_id" valueNumeric="1" />
			<column name="deleted" valueNumeric="0" />
			<column name="item_id" valueNumeric="320104" />
			<column name="order_line_id" />
			<column name="notes" value="Bulk Upload" />
			<column name="optlock" valueNumeric="0" />
			<column name="group_id" />
			<column name="provisioning_status" />
			<column name="global" valueBoolean="true" />
		</insert>
		<insert tableName="asset">
			<column name="id" valueNumeric="9017" />
			<column name="identifier" value="8668878996" />
			<column name="create_datetime" valueDate="2014-10-22T23:19:01.468" />
			<column name="status_id" valueNumeric="10501" />
			<column name="entity_id" valueNumeric="1" />
			<column name="deleted" valueNumeric="0" />
			<column name="item_id" valueNumeric="320104" />
			<column name="order_line_id" />
			<column name="notes" value="Bulk Upload" />
			<column name="optlock" valueNumeric="0" />
			<column name="group_id" />
			<column name="provisioning_status" />
			<column name="global" valueBoolean="true" />
		</insert>
		<insert tableName="asset">
			<column name="id" valueNumeric="9018" />
			<column name="identifier" value="8668886413" />
			<column name="create_datetime" valueDate="2014-10-22T23:19:01.480" />
			<column name="status_id" valueNumeric="10501" />
			<column name="entity_id" valueNumeric="1" />
			<column name="deleted" valueNumeric="0" />
			<column name="item_id" valueNumeric="320104" />
			<column name="order_line_id" />
			<column name="notes" value="Bulk Upload" />
			<column name="optlock" valueNumeric="0" />
			<column name="group_id" />
			<column name="provisioning_status" />
			<column name="global" valueBoolean="true" />
		</insert>
		<insert tableName="asset">
			<column name="id" valueNumeric="9019" />
			<column name="identifier" value="8668892341" />
			<column name="create_datetime" valueDate="2014-10-22T23:19:01.486" />
			<column name="status_id" valueNumeric="10501" />
			<column name="entity_id" valueNumeric="1" />
			<column name="deleted" valueNumeric="0" />
			<column name="item_id" valueNumeric="320104" />
			<column name="order_line_id" />
			<column name="notes" value="Bulk Upload" />
			<column name="optlock" valueNumeric="0" />
			<column name="group_id" />
			<column name="provisioning_status" />
			<column name="global" valueBoolean="true" />
		</insert>
		<insert tableName="asset">
			<column name="id" valueNumeric="9020" />
			<column name="identifier" value="8668902118" />
			<column name="create_datetime" valueDate="2014-10-22T23:19:01.492" />
			<column name="status_id" valueNumeric="10501" />
			<column name="entity_id" valueNumeric="1" />
			<column name="deleted" valueNumeric="0" />
			<column name="item_id" valueNumeric="320104" />
			<column name="order_line_id" />
			<column name="notes" value="Bulk Upload" />
			<column name="optlock" valueNumeric="0" />
			<column name="group_id" />
			<column name="provisioning_status" />
			<column name="global" valueBoolean="true" />
		</insert>
		<insert tableName="asset">
			<column name="id" valueNumeric="9021" />
			<column name="identifier" value="8668906097" />
			<column name="create_datetime" valueDate="2014-10-22T23:19:01.509" />
			<column name="status_id" valueNumeric="10501" />
			<column name="entity_id" valueNumeric="1" />
			<column name="deleted" valueNumeric="0" />
			<column name="item_id" valueNumeric="320104" />
			<column name="order_line_id" />
			<column name="notes" value="Bulk Upload" />
			<column name="optlock" valueNumeric="0" />
			<column name="group_id" />
			<column name="provisioning_status" />
			<column name="global" valueBoolean="true" />
		</insert>
		<insert tableName="asset">
			<column name="id" valueNumeric="9022" />
			<column name="identifier" value="8668926517" />
			<column name="create_datetime" valueDate="2014-10-22T23:19:01.526" />
			<column name="status_id" valueNumeric="10501" />
			<column name="entity_id" valueNumeric="1" />
			<column name="deleted" valueNumeric="0" />
			<column name="item_id" valueNumeric="320104" />
			<column name="order_line_id" />
			<column name="notes" value="Bulk Upload" />
			<column name="optlock" valueNumeric="0" />
			<column name="group_id" />
			<column name="provisioning_status" />
			<column name="global" valueBoolean="true" />
		</insert>
		<insert tableName="asset">
			<column name="id" valueNumeric="9023" />
			<column name="identifier" value="8668928621" />
			<column name="create_datetime" valueDate="2014-10-22T23:19:01.566" />
			<column name="status_id" valueNumeric="10501" />
			<column name="entity_id" valueNumeric="1" />
			<column name="deleted" valueNumeric="0" />
			<column name="item_id" valueNumeric="320104" />
			<column name="order_line_id" />
			<column name="notes" value="Bulk Upload" />
			<column name="optlock" valueNumeric="0" />
			<column name="group_id" />
			<column name="provisioning_status" />
			<column name="global" valueBoolean="true" />
		</insert>
		<insert tableName="asset">
			<column name="id" valueNumeric="9024" />
			<column name="identifier" value="8668928627" />
			<column name="create_datetime" valueDate="2014-10-22T23:19:01.613" />
			<column name="status_id" valueNumeric="10501" />
			<column name="entity_id" valueNumeric="1" />
			<column name="deleted" valueNumeric="0" />
			<column name="item_id" valueNumeric="320104" />
			<column name="order_line_id" />
			<column name="notes" value="Bulk Upload" />
			<column name="optlock" valueNumeric="0" />
			<column name="group_id" />
			<column name="provisioning_status" />
			<column name="global" valueBoolean="true" />
		</insert>
		<insert tableName="asset">
			<column name="id" valueNumeric="9025" />
			<column name="identifier" value="8668930479" />
			<column name="create_datetime" valueDate="2014-10-22T23:19:01.647" />
			<column name="status_id" valueNumeric="10501" />
			<column name="entity_id" valueNumeric="1" />
			<column name="deleted" valueNumeric="0" />
			<column name="item_id" valueNumeric="320104" />
			<column name="order_line_id" />
			<column name="notes" value="Bulk Upload" />
			<column name="optlock" valueNumeric="0" />
			<column name="group_id" />
			<column name="provisioning_status" />
			<column name="global" valueBoolean="true" />
		</insert>
		<insert tableName="asset">
			<column name="id" valueNumeric="9026" />
			<column name="identifier" value="8668932198" />
			<column name="create_datetime" valueDate="2014-10-22T23:19:01.691" />
			<column name="status_id" valueNumeric="10501" />
			<column name="entity_id" valueNumeric="1" />
			<column name="deleted" valueNumeric="0" />
			<column name="item_id" valueNumeric="320104" />
			<column name="order_line_id" />
			<column name="notes" value="Bulk Upload" />
			<column name="optlock" valueNumeric="0" />
			<column name="group_id" />
			<column name="provisioning_status" />
			<column name="global" valueBoolean="true" />
		</insert>
		<insert tableName="asset">
			<column name="id" valueNumeric="9027" />
			<column name="identifier" value="8668933037" />
			<column name="create_datetime" valueDate="2014-10-22T23:19:01.699" />
			<column name="status_id" valueNumeric="10501" />
			<column name="entity_id" valueNumeric="1" />
			<column name="deleted" valueNumeric="0" />
			<column name="item_id" valueNumeric="320104" />
			<column name="order_line_id" />
			<column name="notes" value="Bulk Upload" />
			<column name="optlock" valueNumeric="0" />
			<column name="group_id" />
			<column name="provisioning_status" />
			<column name="global" valueBoolean="true" />
		</insert>
		<insert tableName="asset">
			<column name="id" valueNumeric="9028" />
			<column name="identifier" value="8668933458" />
			<column name="create_datetime" valueDate="2014-10-22T23:19:01.749" />
			<column name="status_id" valueNumeric="10501" />
			<column name="entity_id" valueNumeric="1" />
			<column name="deleted" valueNumeric="0" />
			<column name="item_id" valueNumeric="320104" />
			<column name="order_line_id" />
			<column name="notes" value="Bulk Upload" />
			<column name="optlock" valueNumeric="0" />
			<column name="group_id" />
			<column name="provisioning_status" />
			<column name="global" valueBoolean="true" />
		</insert>
		<insert tableName="asset">
			<column name="id" valueNumeric="9029" />
			<column name="identifier" value="8668933902" />
			<column name="create_datetime" valueDate="2014-10-22T23:19:01.778" />
			<column name="status_id" valueNumeric="10501" />
			<column name="entity_id" valueNumeric="1" />
			<column name="deleted" valueNumeric="0" />
			<column name="item_id" valueNumeric="320104" />
			<column name="order_line_id" />
			<column name="notes" value="Bulk Upload" />
			<column name="optlock" valueNumeric="0" />
			<column name="group_id" />
			<column name="provisioning_status" />
			<column name="global" valueBoolean="true" />
		</insert>
		<insert tableName="asset">
			<column name="id" valueNumeric="9030" />
			<column name="identifier" value="8668934281" />
			<column name="create_datetime" valueDate="2014-10-22T23:19:01.785" />
			<column name="status_id" valueNumeric="10501" />
			<column name="entity_id" valueNumeric="1" />
			<column name="deleted" valueNumeric="0" />
			<column name="item_id" valueNumeric="320104" />
			<column name="order_line_id" />
			<column name="notes" value="Bulk Upload" />
			<column name="optlock" valueNumeric="0" />
			<column name="group_id" />
			<column name="provisioning_status" />
			<column name="global" valueBoolean="true" />
		</insert>
		<insert tableName="asset">
			<column name="id" valueNumeric="9031" />
			<column name="identifier" value="8668934745" />
			<column name="create_datetime" valueDate="2014-10-22T23:19:01.846" />
			<column name="status_id" valueNumeric="10501" />
			<column name="entity_id" valueNumeric="1" />
			<column name="deleted" valueNumeric="0" />
			<column name="item_id" valueNumeric="320104" />
			<column name="order_line_id" />
			<column name="notes" value="Bulk Upload" />
			<column name="optlock" valueNumeric="0" />
			<column name="group_id" />
			<column name="provisioning_status" />
			<column name="global" valueBoolean="true" />
		</insert>
		<insert tableName="asset">
			<column name="id" valueNumeric="9032" />
			<column name="identifier" value="8668936462" />
			<column name="create_datetime" valueDate="2014-10-22T23:19:01.852" />
			<column name="status_id" valueNumeric="10501" />
			<column name="entity_id" valueNumeric="1" />
			<column name="deleted" valueNumeric="0" />
			<column name="item_id" valueNumeric="320104" />
			<column name="order_line_id" />
			<column name="notes" value="Bulk Upload" />
			<column name="optlock" valueNumeric="0" />
			<column name="group_id" />
			<column name="provisioning_status" />
			<column name="global" valueBoolean="true" />
		</insert>
		<insert tableName="asset">
			<column name="id" valueNumeric="9033" />
			<column name="identifier" value="8668937597" />
			<column name="create_datetime" valueDate="2014-10-22T23:19:01.897" />
			<column name="status_id" valueNumeric="10501" />
			<column name="entity_id" valueNumeric="1" />
			<column name="deleted" valueNumeric="0" />
			<column name="item_id" valueNumeric="320104" />
			<column name="order_line_id" />
			<column name="notes" value="Bulk Upload" />
			<column name="optlock" valueNumeric="0" />
			<column name="group_id" />
			<column name="provisioning_status" />
			<column name="global" valueBoolean="true" />
		</insert>
		<insert tableName="asset">
			<column name="id" valueNumeric="9034" />
			<column name="identifier" value="8668937821" />
			<column name="create_datetime" valueDate="2014-10-22T23:19:01.903" />
			<column name="status_id" valueNumeric="10501" />
			<column name="entity_id" valueNumeric="1" />
			<column name="deleted" valueNumeric="0" />
			<column name="item_id" valueNumeric="320104" />
			<column name="order_line_id" />
			<column name="notes" value="Bulk Upload" />
			<column name="optlock" valueNumeric="0" />
			<column name="group_id" />
			<column name="provisioning_status" />
			<column name="global" valueBoolean="true" />
		</insert>
		<insert tableName="asset">
			<column name="id" valueNumeric="9035" />
			<column name="identifier" value="8668938713" />
			<column name="create_datetime" valueDate="2014-10-22T23:19:01.909" />
			<column name="status_id" valueNumeric="10501" />
			<column name="entity_id" valueNumeric="1" />
			<column name="deleted" valueNumeric="0" />
			<column name="item_id" valueNumeric="320104" />
			<column name="order_line_id" />
			<column name="notes" value="Bulk Upload" />
			<column name="optlock" valueNumeric="0" />
			<column name="group_id" />
			<column name="provisioning_status" />
			<column name="global" valueBoolean="true" />
		</insert>
		<insert tableName="asset">
			<column name="id" valueNumeric="9036" />
			<column name="identifier" value="8668939231" />
			<column name="create_datetime" valueDate="2014-10-22T23:19:01.924" />
			<column name="status_id" valueNumeric="10501" />
			<column name="entity_id" valueNumeric="1" />
			<column name="deleted" valueNumeric="0" />
			<column name="item_id" valueNumeric="320104" />
			<column name="order_line_id" />
			<column name="notes" value="Bulk Upload" />
			<column name="optlock" valueNumeric="0" />
			<column name="group_id" />
			<column name="provisioning_status" />
			<column name="global" valueBoolean="true" />
		</insert>
		<insert tableName="asset">
			<column name="id" valueNumeric="9037" />
			<column name="identifier" value="8668940109" />
			<column name="create_datetime" valueDate="2014-10-22T23:19:01.939" />
			<column name="status_id" valueNumeric="10501" />
			<column name="entity_id" valueNumeric="1" />
			<column name="deleted" valueNumeric="0" />
			<column name="item_id" valueNumeric="320104" />
			<column name="order_line_id" />
			<column name="notes" value="Bulk Upload" />
			<column name="optlock" valueNumeric="0" />
			<column name="group_id" />
			<column name="provisioning_status" />
			<column name="global" valueBoolean="true" />
		</insert>
		<insert tableName="asset">
			<column name="id" valueNumeric="9038" />
			<column name="identifier" value="8668940828" />
			<column name="create_datetime" valueDate="2014-10-22T23:19:01.953" />
			<column name="status_id" valueNumeric="10501" />
			<column name="entity_id" valueNumeric="1" />
			<column name="deleted" valueNumeric="0" />
			<column name="item_id" valueNumeric="320104" />
			<column name="order_line_id" />
			<column name="notes" value="Bulk Upload" />
			<column name="optlock" valueNumeric="0" />
			<column name="group_id" />
			<column name="provisioning_status" />
			<column name="global" valueBoolean="true" />
		</insert>
		<insert tableName="asset">
			<column name="id" valueNumeric="9039" />
			<column name="identifier" value="8668941899" />
			<column name="create_datetime" valueDate="2014-10-22T23:19:01.959" />
			<column name="status_id" valueNumeric="10501" />
			<column name="entity_id" valueNumeric="1" />
			<column name="deleted" valueNumeric="0" />
			<column name="item_id" valueNumeric="320104" />
			<column name="order_line_id" />
			<column name="notes" value="Bulk Upload" />
			<column name="optlock" valueNumeric="0" />
			<column name="group_id" />
			<column name="provisioning_status" />
			<column name="global" valueBoolean="true" />
		</insert>
		<insert tableName="asset">
			<column name="id" valueNumeric="9040" />
			<column name="identifier" value="8668941974" />
			<column name="create_datetime" valueDate="2014-10-22T23:19:01.965" />
			<column name="status_id" valueNumeric="10501" />
			<column name="entity_id" valueNumeric="1" />
			<column name="deleted" valueNumeric="0" />
			<column name="item_id" valueNumeric="320104" />
			<column name="order_line_id" />
			<column name="notes" value="Bulk Upload" />
			<column name="optlock" valueNumeric="0" />
			<column name="group_id" />
			<column name="provisioning_status" />
			<column name="global" valueBoolean="true" />
		</insert>
		<insert tableName="asset">
			<column name="id" valueNumeric="9041" />
			<column name="identifier" value="8668941988" />
			<column name="create_datetime" valueDate="2014-10-22T23:19:01.972" />
			<column name="status_id" valueNumeric="10501" />
			<column name="entity_id" valueNumeric="1" />
			<column name="deleted" valueNumeric="0" />
			<column name="item_id" valueNumeric="320104" />
			<column name="order_line_id" />
			<column name="notes" value="Bulk Upload" />
			<column name="optlock" valueNumeric="0" />
			<column name="group_id" />
			<column name="provisioning_status" />
			<column name="global" valueBoolean="true" />
		</insert>
		<insert tableName="asset">
			<column name="id" valueNumeric="9042" />
			<column name="identifier" value="8668941996" />
			<column name="create_datetime" valueDate="2014-10-22T23:19:01.979" />
			<column name="status_id" valueNumeric="10501" />
			<column name="entity_id" valueNumeric="1" />
			<column name="deleted" valueNumeric="0" />
			<column name="item_id" valueNumeric="320104" />
			<column name="order_line_id" />
			<column name="notes" value="Bulk Upload" />
			<column name="optlock" valueNumeric="0" />
			<column name="group_id" />
			<column name="provisioning_status" />
			<column name="global" valueBoolean="true" />
		</insert>
		<insert tableName="asset">
			<column name="id" valueNumeric="9043" />
			<column name="identifier" value="8668943639" />
			<column name="create_datetime" valueDate="2014-10-22T23:19:02.118" />
			<column name="status_id" valueNumeric="10501" />
			<column name="entity_id" valueNumeric="1" />
			<column name="deleted" valueNumeric="0" />
			<column name="item_id" valueNumeric="320104" />
			<column name="order_line_id" />
			<column name="notes" value="Bulk Upload" />
			<column name="optlock" valueNumeric="0" />
			<column name="group_id" />
			<column name="provisioning_status" />
			<column name="global" valueBoolean="true" />
		</insert>
		<insert tableName="asset">
			<column name="id" valueNumeric="9044" />
			<column name="identifier" value="8668944773" />
			<column name="create_datetime" valueDate="2014-10-22T23:19:02.139" />
			<column name="status_id" valueNumeric="10501" />
			<column name="entity_id" valueNumeric="1" />
			<column name="deleted" valueNumeric="0" />
			<column name="item_id" valueNumeric="320104" />
			<column name="order_line_id" />
			<column name="notes" value="Bulk Upload" />
			<column name="optlock" valueNumeric="0" />
			<column name="group_id" />
			<column name="provisioning_status" />
			<column name="global" valueBoolean="true" />
		</insert>
		<insert tableName="asset">
			<column name="id" valueNumeric="9045" />
			<column name="identifier" value="8668945246" />
			<column name="create_datetime" valueDate="2014-10-22T23:19:02.171" />
			<column name="status_id" valueNumeric="10501" />
			<column name="entity_id" valueNumeric="1" />
			<column name="deleted" valueNumeric="0" />
			<column name="item_id" valueNumeric="320104" />
			<column name="order_line_id" />
			<column name="notes" value="Bulk Upload" />
			<column name="optlock" valueNumeric="0" />
			<column name="group_id" />
			<column name="provisioning_status" />
			<column name="global" valueBoolean="true" />
		</insert>
		<insert tableName="asset">
			<column name="id" valueNumeric="9046" />
			<column name="identifier" value="8668945859" />
			<column name="create_datetime" valueDate="2014-10-22T23:19:02.178" />
			<column name="status_id" valueNumeric="10501" />
			<column name="entity_id" valueNumeric="1" />
			<column name="deleted" valueNumeric="0" />
			<column name="item_id" valueNumeric="320104" />
			<column name="order_line_id" />
			<column name="notes" value="Bulk Upload" />
			<column name="optlock" valueNumeric="0" />
			<column name="group_id" />
			<column name="provisioning_status" />
			<column name="global" valueBoolean="true" />
		</insert>
		<insert tableName="asset">
			<column name="id" valueNumeric="9047" />
			<column name="identifier" value="8668946630" />
			<column name="create_datetime" valueDate="2014-10-22T23:19:02.184" />
			<column name="status_id" valueNumeric="10501" />
			<column name="entity_id" valueNumeric="1" />
			<column name="deleted" valueNumeric="0" />
			<column name="item_id" valueNumeric="320104" />
			<column name="order_line_id" />
			<column name="notes" value="Bulk Upload" />
			<column name="optlock" valueNumeric="0" />
			<column name="group_id" />
			<column name="provisioning_status" />
			<column name="global" valueBoolean="true" />
		</insert>
		<insert tableName="asset">
			<column name="id" valueNumeric="9048" />
			<column name="identifier" value="8668947171" />
			<column name="create_datetime" valueDate="2014-10-22T23:19:02.202" />
			<column name="status_id" valueNumeric="10501" />
			<column name="entity_id" valueNumeric="1" />
			<column name="deleted" valueNumeric="0" />
			<column name="item_id" valueNumeric="320104" />
			<column name="order_line_id" />
			<column name="notes" value="Bulk Upload" />
			<column name="optlock" valueNumeric="0" />
			<column name="group_id" />
			<column name="provisioning_status" />
			<column name="global" valueBoolean="true" />
		</insert>
		<insert tableName="asset">
			<column name="id" valueNumeric="9049" />
			<column name="identifier" value="8668947175" />
			<column name="create_datetime" valueDate="2014-10-22T23:19:02.225" />
			<column name="status_id" valueNumeric="10501" />
			<column name="entity_id" valueNumeric="1" />
			<column name="deleted" valueNumeric="0" />
			<column name="item_id" valueNumeric="320104" />
			<column name="order_line_id" />
			<column name="notes" value="Bulk Upload" />
			<column name="optlock" valueNumeric="0" />
			<column name="group_id" />
			<column name="provisioning_status" />
			<column name="global" valueBoolean="true" />
		</insert>
		<insert tableName="asset">
			<column name="id" valueNumeric="9086" />
			<column name="identifier" value="8668967813" />
			<column name="create_datetime" valueDate="2014-10-22T23:19:03.342" />
			<column name="status_id" valueNumeric="10501" />
			<column name="entity_id" valueNumeric="1" />
			<column name="deleted" valueNumeric="0" />
			<column name="item_id" valueNumeric="320104" />
			<column name="order_line_id" />
			<column name="notes" value="Bulk Upload" />
			<column name="optlock" valueNumeric="0" />
			<column name="group_id" />
			<column name="provisioning_status" />
			<column name="global" valueBoolean="true" />
		</insert>
		<insert tableName="asset">
			<column name="id" valueNumeric="9087" />
			<column name="identifier" value="8668968006" />
			<column name="create_datetime" valueDate="2014-10-22T23:19:03.378" />
			<column name="status_id" valueNumeric="10501" />
			<column name="entity_id" valueNumeric="1" />
			<column name="deleted" valueNumeric="0" />
			<column name="item_id" valueNumeric="320104" />
			<column name="order_line_id" />
			<column name="notes" value="Bulk Upload" />
			<column name="optlock" valueNumeric="0" />
			<column name="group_id" />
			<column name="provisioning_status" />
			<column name="global" valueBoolean="true" />
		</insert>
		<insert tableName="asset">
			<column name="id" valueNumeric="9088" />
			<column name="identifier" value="8668968585" />
			<column name="create_datetime" valueDate="2014-10-22T23:19:03.397" />
			<column name="status_id" valueNumeric="10501" />
			<column name="entity_id" valueNumeric="1" />
			<column name="deleted" valueNumeric="0" />
			<column name="item_id" valueNumeric="320104" />
			<column name="order_line_id" />
			<column name="notes" value="Bulk Upload" />
			<column name="optlock" valueNumeric="0" />
			<column name="group_id" />
			<column name="provisioning_status" />
			<column name="global" valueBoolean="true" />
		</insert>
		<insert tableName="asset">
			<column name="id" valueNumeric="9089" />
			<column name="identifier" value="8668968587" />
			<column name="create_datetime" valueDate="2014-10-22T23:19:03.422" />
			<column name="status_id" valueNumeric="10501" />
			<column name="entity_id" valueNumeric="1" />
			<column name="deleted" valueNumeric="0" />
			<column name="item_id" valueNumeric="320104" />
			<column name="order_line_id" />
			<column name="notes" value="Bulk Upload" />
			<column name="optlock" valueNumeric="0" />
			<column name="group_id" />
			<column name="provisioning_status" />
			<column name="global" valueBoolean="true" />
		</insert>
		<insert tableName="asset">
			<column name="id" valueNumeric="9090" />
			<column name="identifier" value="8668968908" />
			<column name="create_datetime" valueDate="2014-10-22T23:19:03.432" />
			<column name="status_id" valueNumeric="10501" />
			<column name="entity_id" valueNumeric="1" />
			<column name="deleted" valueNumeric="0" />
			<column name="item_id" valueNumeric="320104" />
			<column name="order_line_id" />
			<column name="notes" value="Bulk Upload" />
			<column name="optlock" valueNumeric="0" />
			<column name="group_id" />
			<column name="provisioning_status" />
			<column name="global" valueBoolean="true" />
		</insert>
		<insert tableName="asset">
			<column name="id" valueNumeric="9091" />
			<column name="identifier" value="8668970103" />
			<column name="create_datetime" valueDate="2014-10-22T23:19:03.460" />
			<column name="status_id" valueNumeric="10501" />
			<column name="entity_id" valueNumeric="1" />
			<column name="deleted" valueNumeric="0" />
			<column name="item_id" valueNumeric="320104" />
			<column name="order_line_id" />
			<column name="notes" value="Bulk Upload" />
			<column name="optlock" valueNumeric="0" />
			<column name="group_id" />
			<column name="provisioning_status" />
			<column name="global" valueBoolean="true" />
		</insert>
		<insert tableName="asset">
			<column name="id" valueNumeric="9092" />
			<column name="identifier" value="8668970441" />
			<column name="create_datetime" valueDate="2014-10-22T23:19:03.466" />
			<column name="status_id" valueNumeric="10501" />
			<column name="entity_id" valueNumeric="1" />
			<column name="deleted" valueNumeric="0" />
			<column name="item_id" valueNumeric="320104" />
			<column name="order_line_id" />
			<column name="notes" value="Bulk Upload" />
			<column name="optlock" valueNumeric="0" />
			<column name="group_id" />
			<column name="provisioning_status" />
			<column name="global" valueBoolean="true" />
		</insert>
		<insert tableName="asset">
			<column name="id" valueNumeric="9093" />
			<column name="identifier" value="8668970961" />
			<column name="create_datetime" valueDate="2014-10-22T23:19:03.477" />
			<column name="status_id" valueNumeric="10501" />
			<column name="entity_id" valueNumeric="1" />
			<column name="deleted" valueNumeric="0" />
			<column name="item_id" valueNumeric="320104" />
			<column name="order_line_id" />
			<column name="notes" value="Bulk Upload" />
			<column name="optlock" valueNumeric="0" />
			<column name="group_id" />
			<column name="provisioning_status" />
			<column name="global" valueBoolean="true" />
		</insert>
		<insert tableName="asset">
			<column name="id" valueNumeric="9094" />
			<column name="identifier" value="8668974275" />
			<column name="create_datetime" valueDate="2014-10-22T23:19:03.483" />
			<column name="status_id" valueNumeric="10501" />
			<column name="entity_id" valueNumeric="1" />
			<column name="deleted" valueNumeric="0" />
			<column name="item_id" valueNumeric="320104" />
			<column name="order_line_id" />
			<column name="notes" value="Bulk Upload" />
			<column name="optlock" valueNumeric="0" />
			<column name="group_id" />
			<column name="provisioning_status" />
			<column name="global" valueBoolean="true" />
		</insert>
		<insert tableName="asset">
			<column name="id" valueNumeric="9095" />
			<column name="identifier" value="8668974819" />
			<column name="create_datetime" valueDate="2014-10-22T23:19:03.489" />
			<column name="status_id" valueNumeric="10501" />
			<column name="entity_id" valueNumeric="1" />
			<column name="deleted" valueNumeric="0" />
			<column name="item_id" valueNumeric="320104" />
			<column name="order_line_id" />
			<column name="notes" value="Bulk Upload" />
			<column name="optlock" valueNumeric="0" />
			<column name="group_id" />
			<column name="provisioning_status" />
			<column name="global" valueBoolean="true" />
		</insert>
		<insert tableName="asset">
			<column name="id" valueNumeric="9096" />
			<column name="identifier" value="8668974893" />
			<column name="create_datetime" valueDate="2014-10-22T23:19:03.508" />
			<column name="status_id" valueNumeric="10501" />
			<column name="entity_id" valueNumeric="1" />
			<column name="deleted" valueNumeric="0" />
			<column name="item_id" valueNumeric="320104" />
			<column name="order_line_id" />
			<column name="notes" value="Bulk Upload" />
			<column name="optlock" valueNumeric="0" />
			<column name="group_id" />
			<column name="provisioning_status" />
			<column name="global" valueBoolean="true" />
		</insert>
		<insert tableName="asset">
			<column name="id" valueNumeric="9097" />
			<column name="identifier" value="8668974895" />
			<column name="create_datetime" valueDate="2014-10-22T23:19:03.514" />
			<column name="status_id" valueNumeric="10501" />
			<column name="entity_id" valueNumeric="1" />
			<column name="deleted" valueNumeric="0" />
			<column name="item_id" valueNumeric="320104" />
			<column name="order_line_id" />
			<column name="notes" value="Bulk Upload" />
			<column name="optlock" valueNumeric="0" />
			<column name="group_id" />
			<column name="provisioning_status" />
			<column name="global" valueBoolean="true" />
		</insert>
		<insert tableName="asset">
			<column name="id" valueNumeric="9098" />
			<column name="identifier" value="8668974924" />
			<column name="create_datetime" valueDate="2014-10-22T23:19:03.529" />
			<column name="status_id" valueNumeric="10501" />
			<column name="entity_id" valueNumeric="1" />
			<column name="deleted" valueNumeric="0" />
			<column name="item_id" valueNumeric="320104" />
			<column name="order_line_id" />
			<column name="notes" value="Bulk Upload" />
			<column name="optlock" valueNumeric="0" />
			<column name="group_id" />
			<column name="provisioning_status" />
			<column name="global" valueBoolean="true" />
		</insert>
		<insert tableName="asset">
			<column name="id" valueNumeric="9099" />
			<column name="identifier" value="8668975027" />
			<column name="create_datetime" valueDate="2014-10-22T23:19:03.554" />
			<column name="status_id" valueNumeric="10501" />
			<column name="entity_id" valueNumeric="1" />
			<column name="deleted" valueNumeric="0" />
			<column name="item_id" valueNumeric="320104" />
			<column name="order_line_id" />
			<column name="notes" value="Bulk Upload" />
			<column name="optlock" valueNumeric="0" />
			<column name="group_id" />
			<column name="provisioning_status" />
			<column name="global" valueBoolean="true" />
		</insert>
		<insert tableName="asset">
			<column name="id" valueNumeric="9100" />
			<column name="identifier" value="8668975028" />
			<column name="create_datetime" valueDate="2014-10-22T23:19:03.587" />
			<column name="status_id" valueNumeric="10501" />
			<column name="entity_id" valueNumeric="1" />
			<column name="deleted" valueNumeric="0" />
			<column name="item_id" valueNumeric="320104" />
			<column name="order_line_id" />
			<column name="notes" value="Bulk Upload" />
			<column name="optlock" valueNumeric="0" />
			<column name="group_id" />
			<column name="provisioning_status" />
			<column name="global" valueBoolean="true" />
		</insert>
		<insert tableName="asset">
			<column name="id" valueNumeric="9101" />
			<column name="identifier" value="8668975540" />
			<column name="create_datetime" valueDate="2014-10-22T23:19:03.650" />
			<column name="status_id" valueNumeric="10501" />
			<column name="entity_id" valueNumeric="1" />
			<column name="deleted" valueNumeric="0" />
			<column name="item_id" valueNumeric="320104" />
			<column name="order_line_id" />
			<column name="notes" value="Bulk Upload" />
			<column name="optlock" valueNumeric="0" />
			<column name="group_id" />
			<column name="provisioning_status" />
			<column name="global" valueBoolean="true" />
		</insert>
		<insert tableName="asset">
			<column name="id" valueNumeric="9102" />
			<column name="identifier" value="8668975731" />
			<column name="create_datetime" valueDate="2014-10-22T23:19:03.665" />
			<column name="status_id" valueNumeric="10501" />
			<column name="entity_id" valueNumeric="1" />
			<column name="deleted" valueNumeric="0" />
			<column name="item_id" valueNumeric="320104" />
			<column name="order_line_id" />
			<column name="notes" value="Bulk Upload" />
			<column name="optlock" valueNumeric="0" />
			<column name="group_id" />
			<column name="provisioning_status" />
			<column name="global" valueBoolean="true" />
		</insert>
		<insert tableName="asset">
			<column name="id" valueNumeric="9103" />
			<column name="identifier" value="8668975736" />
			<column name="create_datetime" valueDate="2014-10-22T23:19:03.705" />
			<column name="status_id" valueNumeric="10501" />
			<column name="entity_id" valueNumeric="1" />
			<column name="deleted" valueNumeric="0" />
			<column name="item_id" valueNumeric="320104" />
			<column name="order_line_id" />
			<column name="notes" value="Bulk Upload" />
			<column name="optlock" valueNumeric="0" />
			<column name="group_id" />
			<column name="provisioning_status" />
			<column name="global" valueBoolean="true" />
		</insert>
		<insert tableName="asset">
			<column name="id" valueNumeric="9104" />
			<column name="identifier" value="8668975994" />
			<column name="create_datetime" valueDate="2014-10-22T23:19:03.717" />
			<column name="status_id" valueNumeric="10501" />
			<column name="entity_id" valueNumeric="1" />
			<column name="deleted" valueNumeric="0" />
			<column name="item_id" valueNumeric="320104" />
			<column name="order_line_id" />
			<column name="notes" value="Bulk Upload" />
			<column name="optlock" valueNumeric="0" />
			<column name="group_id" />
			<column name="provisioning_status" />
			<column name="global" valueBoolean="true" />
		</insert>
		<insert tableName="asset">
			<column name="id" valueNumeric="9105" />
			<column name="identifier" value="8668976196" />
			<column name="create_datetime" valueDate="2014-10-22T23:19:03.727" />
			<column name="status_id" valueNumeric="10501" />
			<column name="entity_id" valueNumeric="1" />
			<column name="deleted" valueNumeric="0" />
			<column name="item_id" valueNumeric="320104" />
			<column name="order_line_id" />
			<column name="notes" value="Bulk Upload" />
			<column name="optlock" valueNumeric="0" />
			<column name="group_id" />
			<column name="provisioning_status" />
			<column name="global" valueBoolean="true" />
		</insert>
		<insert tableName="asset">
			<column name="id" valueNumeric="9106" />
			<column name="identifier" value="8668976369" />
			<column name="create_datetime" valueDate="2014-10-22T23:19:03.865" />
			<column name="status_id" valueNumeric="10501" />
			<column name="entity_id" valueNumeric="1" />
			<column name="deleted" valueNumeric="0" />
			<column name="item_id" valueNumeric="320104" />
			<column name="order_line_id" />
			<column name="notes" value="Bulk Upload" />
			<column name="optlock" valueNumeric="0" />
			<column name="group_id" />
			<column name="provisioning_status" />
			<column name="global" valueBoolean="true" />
		</insert>
		<insert tableName="asset">
			<column name="id" valueNumeric="9107" />
			<column name="identifier" value="8668977081" />
			<column name="create_datetime" valueDate="2014-10-22T23:19:03.875" />
			<column name="status_id" valueNumeric="10501" />
			<column name="entity_id" valueNumeric="1" />
			<column name="deleted" valueNumeric="0" />
			<column name="item_id" valueNumeric="320104" />
			<column name="order_line_id" />
			<column name="notes" value="Bulk Upload" />
			<column name="optlock" valueNumeric="0" />
			<column name="group_id" />
			<column name="provisioning_status" />
			<column name="global" valueBoolean="true" />
		</insert>
		<insert tableName="asset">
			<column name="id" valueNumeric="9108" />
			<column name="identifier" value="8668977175" />
			<column name="create_datetime" valueDate="2014-10-22T23:19:03.902" />
			<column name="status_id" valueNumeric="10501" />
			<column name="entity_id" valueNumeric="1" />
			<column name="deleted" valueNumeric="0" />
			<column name="item_id" valueNumeric="320104" />
			<column name="order_line_id" />
			<column name="notes" value="Bulk Upload" />
			<column name="optlock" valueNumeric="0" />
			<column name="group_id" />
			<column name="provisioning_status" />
			<column name="global" valueBoolean="true" />
		</insert>
		<insert tableName="asset">
			<column name="id" valueNumeric="9109" />
			<column name="identifier" value="8668977592" />
			<column name="create_datetime" valueDate="2014-10-22T23:19:03.921" />
			<column name="status_id" valueNumeric="10501" />
			<column name="entity_id" valueNumeric="1" />
			<column name="deleted" valueNumeric="0" />
			<column name="item_id" valueNumeric="320104" />
			<column name="order_line_id" />
			<column name="notes" value="Bulk Upload" />
			<column name="optlock" valueNumeric="0" />
			<column name="group_id" />
			<column name="provisioning_status" />
			<column name="global" valueBoolean="true" />
		</insert>
		<insert tableName="asset">
			<column name="id" valueNumeric="9110" />
			<column name="identifier" value="8668977686" />
			<column name="create_datetime" valueDate="2014-10-22T23:19:03.927" />
			<column name="status_id" valueNumeric="10501" />
			<column name="entity_id" valueNumeric="1" />
			<column name="deleted" valueNumeric="0" />
			<column name="item_id" valueNumeric="320104" />
			<column name="order_line_id" />
			<column name="notes" value="Bulk Upload" />
			<column name="optlock" valueNumeric="0" />
			<column name="group_id" />
			<column name="provisioning_status" />
			<column name="global" valueBoolean="true" />
		</insert>
		<insert tableName="asset">
			<column name="id" valueNumeric="9111" />
			<column name="identifier" value="8668977956" />
			<column name="create_datetime" valueDate="2014-10-22T23:19:03.933" />
			<column name="status_id" valueNumeric="10501" />
			<column name="entity_id" valueNumeric="1" />
			<column name="deleted" valueNumeric="0" />
			<column name="item_id" valueNumeric="320104" />
			<column name="order_line_id" />
			<column name="notes" value="Bulk Upload" />
			<column name="optlock" valueNumeric="0" />
			<column name="group_id" />
			<column name="provisioning_status" />
			<column name="global" valueBoolean="true" />
		</insert>
		<insert tableName="asset">
			<column name="id" valueNumeric="9112" />
			<column name="identifier" value="8668978497" />
			<column name="create_datetime" valueDate="2014-10-22T23:19:03.961" />
			<column name="status_id" valueNumeric="10501" />
			<column name="entity_id" valueNumeric="1" />
			<column name="deleted" valueNumeric="0" />
			<column name="item_id" valueNumeric="320104" />
			<column name="order_line_id" />
			<column name="notes" value="Bulk Upload" />
			<column name="optlock" valueNumeric="0" />
			<column name="group_id" />
			<column name="provisioning_status" />
			<column name="global" valueBoolean="true" />
		</insert>
		<insert tableName="asset">
			<column name="id" valueNumeric="9113" />
			<column name="identifier" value="8668978913" />
			<column name="create_datetime" valueDate="2014-10-22T23:19:03.976" />
			<column name="status_id" valueNumeric="10501" />
			<column name="entity_id" valueNumeric="1" />
			<column name="deleted" valueNumeric="0" />
			<column name="item_id" valueNumeric="320104" />
			<column name="order_line_id" />
			<column name="notes" value="Bulk Upload" />
			<column name="optlock" valueNumeric="0" />
			<column name="group_id" />
			<column name="provisioning_status" />
			<column name="global" valueBoolean="true" />
		</insert>
		<insert tableName="asset">
			<column name="id" valueNumeric="9114" />
			<column name="identifier" value="8668978919" />
			<column name="create_datetime" valueDate="2014-10-22T23:19:03.983" />
			<column name="status_id" valueNumeric="10501" />
			<column name="entity_id" valueNumeric="1" />
			<column name="deleted" valueNumeric="0" />
			<column name="item_id" valueNumeric="320104" />
			<column name="order_line_id" />
			<column name="notes" value="Bulk Upload" />
			<column name="optlock" valueNumeric="0" />
			<column name="group_id" />
			<column name="provisioning_status" />
			<column name="global" valueBoolean="true" />
		</insert>
		<insert tableName="asset">
			<column name="id" valueNumeric="9115" />
			<column name="identifier" value="8668978920" />
			<column name="create_datetime" valueDate="2014-10-22T23:19:03.993" />
			<column name="status_id" valueNumeric="10501" />
			<column name="entity_id" valueNumeric="1" />
			<column name="deleted" valueNumeric="0" />
			<column name="item_id" valueNumeric="320104" />
			<column name="order_line_id" />
			<column name="notes" value="Bulk Upload" />
			<column name="optlock" valueNumeric="0" />
			<column name="group_id" />
			<column name="provisioning_status" />
			<column name="global" valueBoolean="true" />
		</insert>
		<insert tableName="asset">
			<column name="id" valueNumeric="9116" />
			<column name="identifier" value="8668979789" />
			<column name="create_datetime" valueDate="2014-10-22T23:19:04.4" />
			<column name="status_id" valueNumeric="10501" />
			<column name="entity_id" valueNumeric="1" />
			<column name="deleted" valueNumeric="0" />
			<column name="item_id" valueNumeric="320104" />
			<column name="order_line_id" />
			<column name="notes" value="Bulk Upload" />
			<column name="optlock" valueNumeric="0" />
			<column name="group_id" />
			<column name="provisioning_status" />
			<column name="global" valueBoolean="true" />
		</insert>
		<insert tableName="asset">
			<column name="id" valueNumeric="9117" />
			<column name="identifier" value="8668979956" />
			<column name="create_datetime" valueDate="2014-10-22T23:19:04.14" />
			<column name="status_id" valueNumeric="10501" />
			<column name="entity_id" valueNumeric="1" />
			<column name="deleted" valueNumeric="0" />
			<column name="item_id" valueNumeric="320104" />
			<column name="order_line_id" />
			<column name="notes" value="Bulk Upload" />
			<column name="optlock" valueNumeric="0" />
			<column name="group_id" />
			<column name="provisioning_status" />
			<column name="global" valueBoolean="true" />
		</insert>
		<insert tableName="asset">
			<column name="id" valueNumeric="9118" />
			<column name="identifier" value="8668980203" />
			<column name="create_datetime" valueDate="2014-10-22T23:19:04.20" />
			<column name="status_id" valueNumeric="10501" />
			<column name="entity_id" valueNumeric="1" />
			<column name="deleted" valueNumeric="0" />
			<column name="item_id" valueNumeric="320104" />
			<column name="order_line_id" />
			<column name="notes" value="Bulk Upload" />
			<column name="optlock" valueNumeric="0" />
			<column name="group_id" />
			<column name="provisioning_status" />
			<column name="global" valueBoolean="true" />
		</insert>
		<insert tableName="asset">
			<column name="id" valueNumeric="9119" />
			<column name="identifier" value="8668980231" />
			<column name="create_datetime" valueDate="2014-10-22T23:19:04.26" />
			<column name="status_id" valueNumeric="10501" />
			<column name="entity_id" valueNumeric="1" />
			<column name="deleted" valueNumeric="0" />
			<column name="item_id" valueNumeric="320104" />
			<column name="order_line_id" />
			<column name="notes" value="Bulk Upload" />
			<column name="optlock" valueNumeric="0" />
			<column name="group_id" />
			<column name="provisioning_status" />
			<column name="global" valueBoolean="true" />
		</insert>
		<insert tableName="asset">
			<column name="id" valueNumeric="9120" />
			<column name="identifier" value="8668980234" />
			<column name="create_datetime" valueDate="2014-10-22T23:19:04.138" />
			<column name="status_id" valueNumeric="10501" />
			<column name="entity_id" valueNumeric="1" />
			<column name="deleted" valueNumeric="0" />
			<column name="item_id" valueNumeric="320104" />
			<column name="order_line_id" />
			<column name="notes" value="Bulk Upload" />
			<column name="optlock" valueNumeric="0" />
			<column name="group_id" />
			<column name="provisioning_status" />
			<column name="global" valueBoolean="true" />
		</insert>
		<insert tableName="asset">
			<column name="id" valueNumeric="9121" />
			<column name="identifier" value="8668980932" />
			<column name="create_datetime" valueDate="2014-10-22T23:19:04.153" />
			<column name="status_id" valueNumeric="10501" />
			<column name="entity_id" valueNumeric="1" />
			<column name="deleted" valueNumeric="0" />
			<column name="item_id" valueNumeric="320104" />
			<column name="order_line_id" />
			<column name="notes" value="Bulk Upload" />
			<column name="optlock" valueNumeric="0" />
			<column name="group_id" />
			<column name="provisioning_status" />
			<column name="global" valueBoolean="true" />
		</insert>
		<insert tableName="asset">
			<column name="id" valueNumeric="9122" />
			<column name="identifier" value="8668981296" />
			<column name="create_datetime" valueDate="2014-10-22T23:19:04.163" />
			<column name="status_id" valueNumeric="10501" />
			<column name="entity_id" valueNumeric="1" />
			<column name="deleted" valueNumeric="0" />
			<column name="item_id" valueNumeric="320104" />
			<column name="order_line_id" />
			<column name="notes" value="Bulk Upload" />
			<column name="optlock" valueNumeric="0" />
			<column name="group_id" />
			<column name="provisioning_status" />
			<column name="global" valueBoolean="true" />
		</insert>
		<insert tableName="asset">
			<column name="id" valueNumeric="9123" />
			<column name="identifier" value="8668982096" />
			<column name="create_datetime" valueDate="2014-10-22T23:19:04.174" />
			<column name="status_id" valueNumeric="10501" />
			<column name="entity_id" valueNumeric="1" />
			<column name="deleted" valueNumeric="0" />
			<column name="item_id" valueNumeric="320104" />
			<column name="order_line_id" />
			<column name="notes" value="Bulk Upload" />
			<column name="optlock" valueNumeric="0" />
			<column name="group_id" />
			<column name="provisioning_status" />
			<column name="global" valueBoolean="true" />
		</insert>
		<insert tableName="asset">
			<column name="id" valueNumeric="9124" />
			<column name="identifier" value="8668982140" />
			<column name="create_datetime" valueDate="2014-10-22T23:19:04.194" />
			<column name="status_id" valueNumeric="10501" />
			<column name="entity_id" valueNumeric="1" />
			<column name="deleted" valueNumeric="0" />
			<column name="item_id" valueNumeric="320104" />
			<column name="order_line_id" />
			<column name="notes" value="Bulk Upload" />
			<column name="optlock" valueNumeric="0" />
			<column name="group_id" />
			<column name="provisioning_status" />
			<column name="global" valueBoolean="true" />
		</insert>
		<insert tableName="asset">
			<column name="id" valueNumeric="9125" />
			<column name="identifier" value="8668982141" />
			<column name="create_datetime" valueDate="2014-10-22T23:19:04.209" />
			<column name="status_id" valueNumeric="10501" />
			<column name="entity_id" valueNumeric="1" />
			<column name="deleted" valueNumeric="0" />
			<column name="item_id" valueNumeric="320104" />
			<column name="order_line_id" />
			<column name="notes" value="Bulk Upload" />
			<column name="optlock" valueNumeric="0" />
			<column name="group_id" />
			<column name="provisioning_status" />
			<column name="global" valueBoolean="true" />
		</insert>
		<insert tableName="asset">
			<column name="id" valueNumeric="9126" />
			<column name="identifier" value="8668982147" />
			<column name="create_datetime" valueDate="2014-10-22T23:19:04.330" />
			<column name="status_id" valueNumeric="10501" />
			<column name="entity_id" valueNumeric="1" />
			<column name="deleted" valueNumeric="0" />
			<column name="item_id" valueNumeric="320104" />
			<column name="order_line_id" />
			<column name="notes" value="Bulk Upload" />
			<column name="optlock" valueNumeric="0" />
			<column name="group_id" />
			<column name="provisioning_status" />
			<column name="global" valueBoolean="true" />
		</insert>
		<insert tableName="asset">
			<column name="id" valueNumeric="9127" />
			<column name="identifier" value="8668982825" />
			<column name="create_datetime" valueDate="2014-10-22T23:19:04.374" />
			<column name="status_id" valueNumeric="10501" />
			<column name="entity_id" valueNumeric="1" />
			<column name="deleted" valueNumeric="0" />
			<column name="item_id" valueNumeric="320104" />
			<column name="order_line_id" />
			<column name="notes" value="Bulk Upload" />
			<column name="optlock" valueNumeric="0" />
			<column name="group_id" />
			<column name="provisioning_status" />
			<column name="global" valueBoolean="true" />
		</insert>
		<insert tableName="asset">
			<column name="id" valueNumeric="9128" />
			<column name="identifier" value="8668984228" />
			<column name="create_datetime" valueDate="2014-10-22T23:19:04.384" />
			<column name="status_id" valueNumeric="10501" />
			<column name="entity_id" valueNumeric="1" />
			<column name="deleted" valueNumeric="0" />
			<column name="item_id" valueNumeric="320104" />
			<column name="order_line_id" />
			<column name="notes" value="Bulk Upload" />
			<column name="optlock" valueNumeric="0" />
			<column name="group_id" />
			<column name="provisioning_status" />
			<column name="global" valueBoolean="true" />
		</insert>
		<insert tableName="asset">
			<column name="id" valueNumeric="9179" />
			<column name="identifier" value="8669000417" />
			<column name="create_datetime" valueDate="2014-10-22T23:19:06.77" />
			<column name="status_id" valueNumeric="10501" />
			<column name="entity_id" valueNumeric="1" />
			<column name="deleted" valueNumeric="0" />
			<column name="item_id" valueNumeric="320104" />
			<column name="order_line_id" />
			<column name="notes" value="Bulk Upload" />
			<column name="optlock" valueNumeric="0" />
			<column name="group_id" />
			<column name="provisioning_status" />
			<column name="global" valueBoolean="true" />
		</insert>
		<insert tableName="asset">
			<column name="id" valueNumeric="9180" />
			<column name="identifier" value="8669000633" />
			<column name="create_datetime" valueDate="2014-10-22T23:19:06.104" />
			<column name="status_id" valueNumeric="10501" />
			<column name="entity_id" valueNumeric="1" />
			<column name="deleted" valueNumeric="0" />
			<column name="item_id" valueNumeric="320104" />
			<column name="order_line_id" />
			<column name="notes" value="Bulk Upload" />
			<column name="optlock" valueNumeric="0" />
			<column name="group_id" />
			<column name="provisioning_status" />
			<column name="global" valueBoolean="true" />
		</insert>
		<insert tableName="asset">
			<column name="id" valueNumeric="9181" />
			<column name="identifier" value="8669000634" />
			<column name="create_datetime" valueDate="2014-10-22T23:19:06.134" />
			<column name="status_id" valueNumeric="10501" />
			<column name="entity_id" valueNumeric="1" />
			<column name="deleted" valueNumeric="0" />
			<column name="item_id" valueNumeric="320104" />
			<column name="order_line_id" />
			<column name="notes" value="Bulk Upload" />
			<column name="optlock" valueNumeric="0" />
			<column name="group_id" />
			<column name="provisioning_status" />
			<column name="global" valueBoolean="true" />
		</insert>
		<insert tableName="asset">
			<column name="id" valueNumeric="9182" />
			<column name="identifier" value="8669001150" />
			<column name="create_datetime" valueDate="2014-10-22T23:19:06.141" />
			<column name="status_id" valueNumeric="10501" />
			<column name="entity_id" valueNumeric="1" />
			<column name="deleted" valueNumeric="0" />
			<column name="item_id" valueNumeric="320104" />
			<column name="order_line_id" />
			<column name="notes" value="Bulk Upload" />
			<column name="optlock" valueNumeric="0" />
			<column name="group_id" />
			<column name="provisioning_status" />
			<column name="global" valueBoolean="true" />
		</insert>
		<insert tableName="asset">
			<column name="id" valueNumeric="9183" />
			<column name="identifier" value="8669001788" />
			<column name="create_datetime" valueDate="2014-10-22T23:19:06.151" />
			<column name="status_id" valueNumeric="10501" />
			<column name="entity_id" valueNumeric="1" />
			<column name="deleted" valueNumeric="0" />
			<column name="item_id" valueNumeric="320104" />
			<column name="order_line_id" />
			<column name="notes" value="Bulk Upload" />
			<column name="optlock" valueNumeric="0" />
			<column name="group_id" />
			<column name="provisioning_status" />
			<column name="global" valueBoolean="true" />
		</insert>
		<insert tableName="asset">
			<column name="id" valueNumeric="9184" />
			<column name="identifier" value="8669002271" />
			<column name="create_datetime" valueDate="2014-10-22T23:19:06.157" />
			<column name="status_id" valueNumeric="10501" />
			<column name="entity_id" valueNumeric="1" />
			<column name="deleted" valueNumeric="0" />
			<column name="item_id" valueNumeric="320104" />
			<column name="order_line_id" />
			<column name="notes" value="Bulk Upload" />
			<column name="optlock" valueNumeric="0" />
			<column name="group_id" />
			<column name="provisioning_status" />
			<column name="global" valueBoolean="true" />
		</insert>
		<insert tableName="asset">
			<column name="id" valueNumeric="9185" />
			<column name="identifier" value="8669002447" />
			<column name="create_datetime" valueDate="2014-10-22T23:19:06.180" />
			<column name="status_id" valueNumeric="10501" />
			<column name="entity_id" valueNumeric="1" />
			<column name="deleted" valueNumeric="0" />
			<column name="item_id" valueNumeric="320104" />
			<column name="order_line_id" />
			<column name="notes" value="Bulk Upload" />
			<column name="optlock" valueNumeric="0" />
			<column name="group_id" />
			<column name="provisioning_status" />
			<column name="global" valueBoolean="true" />
		</insert>
		<insert tableName="asset">
			<column name="id" valueNumeric="9186" />
			<column name="identifier" value="8669002484" />
			<column name="create_datetime" valueDate="2014-10-22T23:19:06.186" />
			<column name="status_id" valueNumeric="10501" />
			<column name="entity_id" valueNumeric="1" />
			<column name="deleted" valueNumeric="0" />
			<column name="item_id" valueNumeric="320104" />
			<column name="order_line_id" />
			<column name="notes" value="Bulk Upload" />
			<column name="optlock" valueNumeric="0" />
			<column name="group_id" />
			<column name="provisioning_status" />
			<column name="global" valueBoolean="true" />
		</insert>
		<insert tableName="asset">
			<column name="id" valueNumeric="9187" />
			<column name="identifier" value="8669004658" />
			<column name="create_datetime" valueDate="2014-10-22T23:19:06.197" />
			<column name="status_id" valueNumeric="10501" />
			<column name="entity_id" valueNumeric="1" />
			<column name="deleted" valueNumeric="0" />
			<column name="item_id" valueNumeric="320104" />
			<column name="order_line_id" />
			<column name="notes" value="Bulk Upload" />
			<column name="optlock" valueNumeric="0" />
			<column name="group_id" />
			<column name="provisioning_status" />
			<column name="global" valueBoolean="true" />
		</insert>
		<insert tableName="asset">
			<column name="id" valueNumeric="9188" />
			<column name="identifier" value="8669004972" />
			<column name="create_datetime" valueDate="2014-10-22T23:19:06.232" />
			<column name="status_id" valueNumeric="10501" />
			<column name="entity_id" valueNumeric="1" />
			<column name="deleted" valueNumeric="0" />
			<column name="item_id" valueNumeric="320104" />
			<column name="order_line_id" />
			<column name="notes" value="Bulk Upload" />
			<column name="optlock" valueNumeric="0" />
			<column name="group_id" />
			<column name="provisioning_status" />
			<column name="global" valueBoolean="true" />
		</insert>
		<insert tableName="asset">
			<column name="id" valueNumeric="9189" />
			<column name="identifier" value="8669010590" />
			<column name="create_datetime" valueDate="2014-10-22T23:19:06.334" />
			<column name="status_id" valueNumeric="10501" />
			<column name="entity_id" valueNumeric="1" />
			<column name="deleted" valueNumeric="0" />
			<column name="item_id" valueNumeric="320104" />
			<column name="order_line_id" />
			<column name="notes" value="Bulk Upload" />
			<column name="optlock" valueNumeric="0" />
			<column name="group_id" />
			<column name="provisioning_status" />
			<column name="global" valueBoolean="true" />
		</insert>
		<insert tableName="asset">
			<column name="id" valueNumeric="9190" />
			<column name="identifier" value="8669012355" />
			<column name="create_datetime" valueDate="2014-10-22T23:19:06.342" />
			<column name="status_id" valueNumeric="10501" />
			<column name="entity_id" valueNumeric="1" />
			<column name="deleted" valueNumeric="0" />
			<column name="item_id" valueNumeric="320104" />
			<column name="order_line_id" />
			<column name="notes" value="Bulk Upload" />
			<column name="optlock" valueNumeric="0" />
			<column name="group_id" />
			<column name="provisioning_status" />
			<column name="global" valueBoolean="true" />
		</insert>
		<insert tableName="asset">
			<column name="id" valueNumeric="9191" />
			<column name="identifier" value="8669012576" />
			<column name="create_datetime" valueDate="2014-10-22T23:19:06.367" />
			<column name="status_id" valueNumeric="10501" />
			<column name="entity_id" valueNumeric="1" />
			<column name="deleted" valueNumeric="0" />
			<column name="item_id" valueNumeric="320104" />
			<column name="order_line_id" />
			<column name="notes" value="Bulk Upload" />
			<column name="optlock" valueNumeric="0" />
			<column name="group_id" />
			<column name="provisioning_status" />
			<column name="global" valueBoolean="true" />
		</insert>
		<insert tableName="asset">
			<column name="id" valueNumeric="9192" />
			<column name="identifier" value="8669014156" />
			<column name="create_datetime" valueDate="2014-10-22T23:19:06.385" />
			<column name="status_id" valueNumeric="10501" />
			<column name="entity_id" valueNumeric="1" />
			<column name="deleted" valueNumeric="0" />
			<column name="item_id" valueNumeric="320104" />
			<column name="order_line_id" />
			<column name="notes" value="Bulk Upload" />
			<column name="optlock" valueNumeric="0" />
			<column name="group_id" />
			<column name="provisioning_status" />
			<column name="global" valueBoolean="true" />
		</insert>
		<insert tableName="asset">
			<column name="id" valueNumeric="9193" />
			<column name="identifier" value="8669014577" />
			<column name="create_datetime" valueDate="2014-10-22T23:19:06.430" />
			<column name="status_id" valueNumeric="10501" />
			<column name="entity_id" valueNumeric="1" />
			<column name="deleted" valueNumeric="0" />
			<column name="item_id" valueNumeric="320104" />
			<column name="order_line_id" />
			<column name="notes" value="Bulk Upload" />
			<column name="optlock" valueNumeric="0" />
			<column name="group_id" />
			<column name="provisioning_status" />
			<column name="global" valueBoolean="true" />
		</insert>
		<insert tableName="asset">
			<column name="id" valueNumeric="9194" />
			<column name="identifier" value="8669017575" />
			<column name="create_datetime" valueDate="2014-10-22T23:19:06.774" />
			<column name="status_id" valueNumeric="10501" />
			<column name="entity_id" valueNumeric="1" />
			<column name="deleted" valueNumeric="0" />
			<column name="item_id" valueNumeric="320104" />
			<column name="order_line_id" />
			<column name="notes" value="Bulk Upload" />
			<column name="optlock" valueNumeric="0" />
			<column name="group_id" />
			<column name="provisioning_status" />
			<column name="global" valueBoolean="true" />
		</insert>
		<insert tableName="asset">
			<column name="id" valueNumeric="9195" />
			<column name="identifier" value="8669018296" />
			<column name="create_datetime" valueDate="2014-10-22T23:19:06.793" />
			<column name="status_id" valueNumeric="10501" />
			<column name="entity_id" valueNumeric="1" />
			<column name="deleted" valueNumeric="0" />
			<column name="item_id" valueNumeric="320104" />
			<column name="order_line_id" />
			<column name="notes" value="Bulk Upload" />
			<column name="optlock" valueNumeric="0" />
			<column name="group_id" />
			<column name="provisioning_status" />
			<column name="global" valueBoolean="true" />
		</insert>
		<insert tableName="asset">
			<column name="id" valueNumeric="9196" />
			<column name="identifier" value="8669019131" />
			<column name="create_datetime" valueDate="2014-10-22T23:19:06.813" />
			<column name="status_id" valueNumeric="10501" />
			<column name="entity_id" valueNumeric="1" />
			<column name="deleted" valueNumeric="0" />
			<column name="item_id" valueNumeric="320104" />
			<column name="order_line_id" />
			<column name="notes" value="Bulk Upload" />
			<column name="optlock" valueNumeric="0" />
			<column name="group_id" />
			<column name="provisioning_status" />
			<column name="global" valueBoolean="true" />
		</insert>
		<insert tableName="asset">
			<column name="id" valueNumeric="9197" />
			<column name="identifier" value="8669022855" />
			<column name="create_datetime" valueDate="2014-10-22T23:19:06.937" />
			<column name="status_id" valueNumeric="10501" />
			<column name="entity_id" valueNumeric="1" />
			<column name="deleted" valueNumeric="0" />
			<column name="item_id" valueNumeric="320104" />
			<column name="order_line_id" />
			<column name="notes" value="Bulk Upload" />
			<column name="optlock" valueNumeric="0" />
			<column name="group_id" />
			<column name="provisioning_status" />
			<column name="global" valueBoolean="true" />
		</insert>
		<insert tableName="asset">
			<column name="id" valueNumeric="9198" />
			<column name="identifier" value="8669024797" />
			<column name="create_datetime" valueDate="2014-10-22T23:19:06.951" />
			<column name="status_id" valueNumeric="10501" />
			<column name="entity_id" valueNumeric="1" />
			<column name="deleted" valueNumeric="0" />
			<column name="item_id" valueNumeric="320104" />
			<column name="order_line_id" />
			<column name="notes" value="Bulk Upload" />
			<column name="optlock" valueNumeric="0" />
			<column name="group_id" />
			<column name="provisioning_status" />
			<column name="global" valueBoolean="true" />
		</insert>
		<insert tableName="asset">
			<column name="id" valueNumeric="9199" />
			<column name="identifier" value="8669025008" />
			<column name="create_datetime" valueDate="2014-10-22T23:19:06.970" />
			<column name="status_id" valueNumeric="10501" />
			<column name="entity_id" valueNumeric="1" />
			<column name="deleted" valueNumeric="0" />
			<column name="item_id" valueNumeric="320104" />
			<column name="order_line_id" />
			<column name="notes" value="Bulk Upload" />
			<column name="optlock" valueNumeric="0" />
			<column name="group_id" />
			<column name="provisioning_status" />
			<column name="global" valueBoolean="true" />
		</insert>
		<insert tableName="asset">
			<column name="id" valueNumeric="9200" />
			<column name="identifier" value="8669027669" />
			<column name="create_datetime" valueDate="2014-10-22T23:19:06.981" />
			<column name="status_id" valueNumeric="10501" />
			<column name="entity_id" valueNumeric="1" />
			<column name="deleted" valueNumeric="0" />
			<column name="item_id" valueNumeric="320104" />
			<column name="order_line_id" />
			<column name="notes" value="Bulk Upload" />
			<column name="optlock" valueNumeric="0" />
			<column name="group_id" />
			<column name="provisioning_status" />
			<column name="global" valueBoolean="true" />
		</insert>
		<insert tableName="asset">
			<column name="id" valueNumeric="9201" />
			<column name="identifier" value="8669029474" />
			<column name="create_datetime" valueDate="2014-10-22T23:19:06.990" />
			<column name="status_id" valueNumeric="10501" />
			<column name="entity_id" valueNumeric="1" />
			<column name="deleted" valueNumeric="0" />
			<column name="item_id" valueNumeric="320104" />
			<column name="order_line_id" />
			<column name="notes" value="Bulk Upload" />
			<column name="optlock" valueNumeric="0" />
			<column name="group_id" />
			<column name="provisioning_status" />
			<column name="global" valueBoolean="true" />
		</insert>
		<insert tableName="asset">
			<column name="id" valueNumeric="9202" />
			<column name="identifier" value="8669029731" />
			<column name="create_datetime" valueDate="2014-10-22T23:19:07.12" />
			<column name="status_id" valueNumeric="10501" />
			<column name="entity_id" valueNumeric="1" />
			<column name="deleted" valueNumeric="0" />
			<column name="item_id" valueNumeric="320104" />
			<column name="order_line_id" />
			<column name="notes" value="Bulk Upload" />
			<column name="optlock" valueNumeric="0" />
			<column name="group_id" />
			<column name="provisioning_status" />
			<column name="global" valueBoolean="true" />
		</insert>
		<insert tableName="asset">
			<column name="id" valueNumeric="9203" />
			<column name="identifier" value="8669030093" />
			<column name="create_datetime" valueDate="2014-10-22T23:19:07.23" />
			<column name="status_id" valueNumeric="10501" />
			<column name="entity_id" valueNumeric="1" />
			<column name="deleted" valueNumeric="0" />
			<column name="item_id" valueNumeric="320104" />
			<column name="order_line_id" />
			<column name="notes" value="Bulk Upload" />
			<column name="optlock" valueNumeric="0" />
			<column name="group_id" />
			<column name="provisioning_status" />
			<column name="global" valueBoolean="true" />
		</insert>
		<insert tableName="asset">
			<column name="id" valueNumeric="9204" />
			<column name="identifier" value="8669030471" />
			<column name="create_datetime" valueDate="2014-10-22T23:19:07.46" />
			<column name="status_id" valueNumeric="10501" />
			<column name="entity_id" valueNumeric="1" />
			<column name="deleted" valueNumeric="0" />
			<column name="item_id" valueNumeric="320104" />
			<column name="order_line_id" />
			<column name="notes" value="Bulk Upload" />
			<column name="optlock" valueNumeric="0" />
			<column name="group_id" />
			<column name="provisioning_status" />
			<column name="global" valueBoolean="true" />
		</insert>
		<insert tableName="asset">
			<column name="id" valueNumeric="9205" />
			<column name="identifier" value="8669030473" />
			<column name="create_datetime" valueDate="2014-10-22T23:19:07.52" />
			<column name="status_id" valueNumeric="10501" />
			<column name="entity_id" valueNumeric="1" />
			<column name="deleted" valueNumeric="0" />
			<column name="item_id" valueNumeric="320104" />
			<column name="order_line_id" />
			<column name="notes" value="Bulk Upload" />
			<column name="optlock" valueNumeric="0" />
			<column name="group_id" />
			<column name="provisioning_status" />
			<column name="global" valueBoolean="true" />
		</insert>
		<insert tableName="asset">
			<column name="id" valueNumeric="9206" />
			<column name="identifier" value="8669030474" />
			<column name="create_datetime" valueDate="2014-10-22T23:19:07.70" />
			<column name="status_id" valueNumeric="10501" />
			<column name="entity_id" valueNumeric="1" />
			<column name="deleted" valueNumeric="0" />
			<column name="item_id" valueNumeric="320104" />
			<column name="order_line_id" />
			<column name="notes" value="Bulk Upload" />
			<column name="optlock" valueNumeric="0" />
			<column name="group_id" />
			<column name="provisioning_status" />
			<column name="global" valueBoolean="true" />
		</insert>
		<insert tableName="asset">
			<column name="id" valueNumeric="9207" />
			<column name="identifier" value="8669030476" />
			<column name="create_datetime" valueDate="2014-10-22T23:19:07.152" />
			<column name="status_id" valueNumeric="10501" />
			<column name="entity_id" valueNumeric="1" />
			<column name="deleted" valueNumeric="0" />
			<column name="item_id" valueNumeric="320104" />
			<column name="order_line_id" />
			<column name="notes" value="Bulk Upload" />
			<column name="optlock" valueNumeric="0" />
			<column name="group_id" />
			<column name="provisioning_status" />
			<column name="global" valueBoolean="true" />
		</insert>
		<insert tableName="asset">
			<column name="id" valueNumeric="9208" />
			<column name="identifier" value="8669030477" />
			<column name="create_datetime" valueDate="2014-10-22T23:19:07.191" />
			<column name="status_id" valueNumeric="10501" />
			<column name="entity_id" valueNumeric="1" />
			<column name="deleted" valueNumeric="0" />
			<column name="item_id" valueNumeric="320104" />
			<column name="order_line_id" />
			<column name="notes" value="Bulk Upload" />
			<column name="optlock" valueNumeric="0" />
			<column name="group_id" />
			<column name="provisioning_status" />
			<column name="global" valueBoolean="true" />
		</insert>
		<insert tableName="asset">
			<column name="id" valueNumeric="9209" />
			<column name="identifier" value="8669030478" />
			<column name="create_datetime" valueDate="2014-10-22T23:19:07.203" />
			<column name="status_id" valueNumeric="10501" />
			<column name="entity_id" valueNumeric="1" />
			<column name="deleted" valueNumeric="0" />
			<column name="item_id" valueNumeric="320104" />
			<column name="order_line_id" />
			<column name="notes" value="Bulk Upload" />
			<column name="optlock" valueNumeric="0" />
			<column name="group_id" />
			<column name="provisioning_status" />
			<column name="global" valueBoolean="true" />
		</insert>
		<insert tableName="asset">
			<column name="id" valueNumeric="9210" />
			<column name="identifier" value="8669035287" />
			<column name="create_datetime" valueDate="2014-10-22T23:19:07.226" />
			<column name="status_id" valueNumeric="10501" />
			<column name="entity_id" valueNumeric="1" />
			<column name="deleted" valueNumeric="0" />
			<column name="item_id" valueNumeric="320104" />
			<column name="order_line_id" />
			<column name="notes" value="Bulk Upload" />
			<column name="optlock" valueNumeric="0" />
			<column name="group_id" />
			<column name="provisioning_status" />
			<column name="global" valueBoolean="true" />
		</insert>
		<insert tableName="asset">
			<column name="id" valueNumeric="9211" />
			<column name="identifier" value="8669035341" />
			<column name="create_datetime" valueDate="2014-10-22T23:19:07.242" />
			<column name="status_id" valueNumeric="10501" />
			<column name="entity_id" valueNumeric="1" />
			<column name="deleted" valueNumeric="0" />
			<column name="item_id" valueNumeric="320104" />
			<column name="order_line_id" />
			<column name="notes" value="Bulk Upload" />
			<column name="optlock" valueNumeric="0" />
			<column name="group_id" />
			<column name="provisioning_status" />
			<column name="global" valueBoolean="true" />
		</insert>
		<insert tableName="asset">
			<column name="id" valueNumeric="9212" />
			<column name="identifier" value="8669035656" />
			<column name="create_datetime" valueDate="2014-10-22T23:19:07.309" />
			<column name="status_id" valueNumeric="10501" />
			<column name="entity_id" valueNumeric="1" />
			<column name="deleted" valueNumeric="0" />
			<column name="item_id" valueNumeric="320104" />
			<column name="order_line_id" />
			<column name="notes" value="Bulk Upload" />
			<column name="optlock" valueNumeric="0" />
			<column name="group_id" />
			<column name="provisioning_status" />
			<column name="global" valueBoolean="true" />
		</insert>
		<insert tableName="asset">
			<column name="id" valueNumeric="9213" />
			<column name="identifier" value="8669036921" />
			<column name="create_datetime" valueDate="2014-10-22T23:19:07.387" />
			<column name="status_id" valueNumeric="10501" />
			<column name="entity_id" valueNumeric="1" />
			<column name="deleted" valueNumeric="0" />
			<column name="item_id" valueNumeric="320104" />
			<column name="order_line_id" />
			<column name="notes" value="Bulk Upload" />
			<column name="optlock" valueNumeric="0" />
			<column name="group_id" />
			<column name="provisioning_status" />
			<column name="global" valueBoolean="true" />
		</insert>
		<insert tableName="asset">
			<column name="id" valueNumeric="9214" />
			<column name="identifier" value="8669037099" />
			<column name="create_datetime" valueDate="2014-10-22T23:19:07.401" />
			<column name="status_id" valueNumeric="10501" />
			<column name="entity_id" valueNumeric="1" />
			<column name="deleted" valueNumeric="0" />
			<column name="item_id" valueNumeric="320104" />
			<column name="order_line_id" />
			<column name="notes" value="Bulk Upload" />
			<column name="optlock" valueNumeric="0" />
			<column name="group_id" />
			<column name="provisioning_status" />
			<column name="global" valueBoolean="true" />
		</insert>
		<insert tableName="asset">
			<column name="id" valueNumeric="9215" />
			<column name="identifier" value="8669039638" />
			<column name="create_datetime" valueDate="2014-10-22T23:19:07.416" />
			<column name="status_id" valueNumeric="10501" />
			<column name="entity_id" valueNumeric="1" />
			<column name="deleted" valueNumeric="0" />
			<column name="item_id" valueNumeric="320104" />
			<column name="order_line_id" />
			<column name="notes" value="Bulk Upload" />
			<column name="optlock" valueNumeric="0" />
			<column name="group_id" />
			<column name="provisioning_status" />
			<column name="global" valueBoolean="true" />
		</insert>
		<insert tableName="asset">
			<column name="id" valueNumeric="9216" />
			<column name="identifier" value="8669043432" />
			<column name="create_datetime" valueDate="2014-10-22T23:19:07.436" />
			<column name="status_id" valueNumeric="10501" />
			<column name="entity_id" valueNumeric="1" />
			<column name="deleted" valueNumeric="0" />
			<column name="item_id" valueNumeric="320104" />
			<column name="order_line_id" />
			<column name="notes" value="Bulk Upload" />
			<column name="optlock" valueNumeric="0" />
			<column name="group_id" />
			<column name="provisioning_status" />
			<column name="global" valueBoolean="true" />
		</insert>
		<insert tableName="asset">
			<column name="id" valueNumeric="9217" />
			<column name="identifier" value="8669044440" />
			<column name="create_datetime" valueDate="2014-10-22T23:19:07.530" />
			<column name="status_id" valueNumeric="10501" />
			<column name="entity_id" valueNumeric="1" />
			<column name="deleted" valueNumeric="0" />
			<column name="item_id" valueNumeric="320104" />
			<column name="order_line_id" />
			<column name="notes" value="Bulk Upload" />
			<column name="optlock" valueNumeric="0" />
			<column name="group_id" />
			<column name="provisioning_status" />
			<column name="global" valueBoolean="true" />
		</insert>
		<insert tableName="asset">
			<column name="id" valueNumeric="9218" />
			<column name="identifier" value="8669047070" />
			<column name="create_datetime" valueDate="2014-10-22T23:19:07.536" />
			<column name="status_id" valueNumeric="10501" />
			<column name="entity_id" valueNumeric="1" />
			<column name="deleted" valueNumeric="0" />
			<column name="item_id" valueNumeric="320104" />
			<column name="order_line_id" />
			<column name="notes" value="Bulk Upload" />
			<column name="optlock" valueNumeric="0" />
			<column name="group_id" />
			<column name="provisioning_status" />
			<column name="global" valueBoolean="true" />
		</insert>
		<insert tableName="asset">
			<column name="id" valueNumeric="9219" />
			<column name="identifier" value="8669047283" />
			<column name="create_datetime" valueDate="2014-10-22T23:19:07.550" />
			<column name="status_id" valueNumeric="10501" />
			<column name="entity_id" valueNumeric="1" />
			<column name="deleted" valueNumeric="0" />
			<column name="item_id" valueNumeric="320104" />
			<column name="order_line_id" />
			<column name="notes" value="Bulk Upload" />
			<column name="optlock" valueNumeric="0" />
			<column name="group_id" />
			<column name="provisioning_status" />
			<column name="global" valueBoolean="true" />
		</insert>
		<insert tableName="asset">
			<column name="id" valueNumeric="9220" />
			<column name="identifier" value="8669048468" />
			<column name="create_datetime" valueDate="2014-10-22T23:19:07.570" />
			<column name="status_id" valueNumeric="10501" />
			<column name="entity_id" valueNumeric="1" />
			<column name="deleted" valueNumeric="0" />
			<column name="item_id" valueNumeric="320104" />
			<column name="order_line_id" />
			<column name="notes" value="Bulk Upload" />
			<column name="optlock" valueNumeric="0" />
			<column name="group_id" />
			<column name="provisioning_status" />
			<column name="global" valueBoolean="true" />
		</insert>
		<insert tableName="asset">
			<column name="id" valueNumeric="9221" />
			<column name="identifier" value="8669048663" />
			<column name="create_datetime" valueDate="2014-10-22T23:19:07.598" />
			<column name="status_id" valueNumeric="10501" />
			<column name="entity_id" valueNumeric="1" />
			<column name="deleted" valueNumeric="0" />
			<column name="item_id" valueNumeric="320104" />
			<column name="order_line_id" />
			<column name="notes" value="Bulk Upload" />
			<column name="optlock" valueNumeric="0" />
			<column name="group_id" />
			<column name="provisioning_status" />
			<column name="global" valueBoolean="true" />
		</insert>
		<insert tableName="asset">
			<column name="id" valueNumeric="9222" />
			<column name="identifier" value="8669049003" />
			<column name="create_datetime" valueDate="2014-10-22T23:19:07.663" />
			<column name="status_id" valueNumeric="10501" />
			<column name="entity_id" valueNumeric="1" />
			<column name="deleted" valueNumeric="0" />
			<column name="item_id" valueNumeric="320104" />
			<column name="order_line_id" />
			<column name="notes" value="Bulk Upload" />
			<column name="optlock" valueNumeric="0" />
			<column name="group_id" />
			<column name="provisioning_status" />
			<column name="global" valueBoolean="true" />
		</insert>
		<insert tableName="asset">
			<column name="id" valueNumeric="9223" />
			<column name="identifier" value="8669050080" />
			<column name="create_datetime" valueDate="2014-10-22T23:19:07.682" />
			<column name="status_id" valueNumeric="10501" />
			<column name="entity_id" valueNumeric="1" />
			<column name="deleted" valueNumeric="0" />
			<column name="item_id" valueNumeric="320104" />
			<column name="order_line_id" />
			<column name="notes" value="Bulk Upload" />
			<column name="optlock" valueNumeric="0" />
			<column name="group_id" />
			<column name="provisioning_status" />
			<column name="global" valueBoolean="true" />
		</insert>
		<insert tableName="asset">
			<column name="id" valueNumeric="9224" />
			<column name="identifier" value="8669050815" />
			<column name="create_datetime" valueDate="2014-10-22T23:19:07.689" />
			<column name="status_id" valueNumeric="10501" />
			<column name="entity_id" valueNumeric="1" />
			<column name="deleted" valueNumeric="0" />
			<column name="item_id" valueNumeric="320104" />
			<column name="order_line_id" />
			<column name="notes" value="Bulk Upload" />
			<column name="optlock" valueNumeric="0" />
			<column name="group_id" />
			<column name="provisioning_status" />
			<column name="global" valueBoolean="true" />
		</insert>
		<insert tableName="asset">
			<column name="id" valueNumeric="9225" />
			<column name="identifier" value="8669052453" />
			<column name="create_datetime" valueDate="2014-10-22T23:19:07.699" />
			<column name="status_id" valueNumeric="10501" />
			<column name="entity_id" valueNumeric="1" />
			<column name="deleted" valueNumeric="0" />
			<column name="item_id" valueNumeric="320104" />
			<column name="order_line_id" />
			<column name="notes" value="Bulk Upload" />
			<column name="optlock" valueNumeric="0" />
			<column name="group_id" />
			<column name="provisioning_status" />
			<column name="global" valueBoolean="true" />
		</insert>
		<insert tableName="asset">
			<column name="id" valueNumeric="9226" />
			<column name="identifier" value="8669052547" />
			<column name="create_datetime" valueDate="2014-10-22T23:19:07.734" />
			<column name="status_id" valueNumeric="10501" />
			<column name="entity_id" valueNumeric="1" />
			<column name="deleted" valueNumeric="0" />
			<column name="item_id" valueNumeric="320104" />
			<column name="order_line_id" />
			<column name="notes" value="Bulk Upload" />
			<column name="optlock" valueNumeric="0" />
			<column name="group_id" />
			<column name="provisioning_status" />
			<column name="global" valueBoolean="true" />
		</insert>
		<insert tableName="asset">
			<column name="id" valueNumeric="9227" />
			<column name="identifier" value="8669052828" />
			<column name="create_datetime" valueDate="2014-10-22T23:19:07.740" />
			<column name="status_id" valueNumeric="10501" />
			<column name="entity_id" valueNumeric="1" />
			<column name="deleted" valueNumeric="0" />
			<column name="item_id" valueNumeric="320104" />
			<column name="order_line_id" />
			<column name="notes" value="Bulk Upload" />
			<column name="optlock" valueNumeric="0" />
			<column name="group_id" />
			<column name="provisioning_status" />
			<column name="global" valueBoolean="true" />
		</insert>
		<insert tableName="asset">
			<column name="id" valueNumeric="9228" />
			<column name="identifier" value="8669054555" />
			<column name="create_datetime" valueDate="2014-10-22T23:19:07.777" />
			<column name="status_id" valueNumeric="10501" />
			<column name="entity_id" valueNumeric="1" />
			<column name="deleted" valueNumeric="0" />
			<column name="item_id" valueNumeric="320104" />
			<column name="order_line_id" />
			<column name="notes" value="Bulk Upload" />
			<column name="optlock" valueNumeric="0" />
			<column name="group_id" />
			<column name="provisioning_status" />
			<column name="global" valueBoolean="true" />
		</insert>
		<insert tableName="asset">
			<column name="id" valueNumeric="9229" />
			<column name="identifier" value="8669057243" />
			<column name="create_datetime" valueDate="2014-10-22T23:19:07.787" />
			<column name="status_id" valueNumeric="10501" />
			<column name="entity_id" valueNumeric="1" />
			<column name="deleted" valueNumeric="0" />
			<column name="item_id" valueNumeric="320104" />
			<column name="order_line_id" />
			<column name="notes" value="Bulk Upload" />
			<column name="optlock" valueNumeric="0" />
			<column name="group_id" />
			<column name="provisioning_status" />
			<column name="global" valueBoolean="true" />
		</insert>
		<insert tableName="asset">
			<column name="id" valueNumeric="9230" />
			<column name="identifier" value="8669058669" />
			<column name="create_datetime" valueDate="2014-10-22T23:19:07.793" />
			<column name="status_id" valueNumeric="10501" />
			<column name="entity_id" valueNumeric="1" />
			<column name="deleted" valueNumeric="0" />
			<column name="item_id" valueNumeric="320104" />
			<column name="order_line_id" />
			<column name="notes" value="Bulk Upload" />
			<column name="optlock" valueNumeric="0" />
			<column name="group_id" />
			<column name="provisioning_status" />
			<column name="global" valueBoolean="true" />
		</insert>
		<insert tableName="asset">
			<column name="id" valueNumeric="9231" />
			<column name="identifier" value="8669061692" />
			<column name="create_datetime" valueDate="2014-10-22T23:19:07.813" />
			<column name="status_id" valueNumeric="10501" />
			<column name="entity_id" valueNumeric="1" />
			<column name="deleted" valueNumeric="0" />
			<column name="item_id" valueNumeric="320104" />
			<column name="order_line_id" />
			<column name="notes" value="Bulk Upload" />
			<column name="optlock" valueNumeric="0" />
			<column name="group_id" />
			<column name="provisioning_status" />
			<column name="global" valueBoolean="true" />
		</insert>
		<insert tableName="asset">
			<column name="id" valueNumeric="9232" />
			<column name="identifier" value="8669063061" />
			<column name="create_datetime" valueDate="2014-10-22T23:19:07.861" />
			<column name="status_id" valueNumeric="10501" />
			<column name="entity_id" valueNumeric="1" />
			<column name="deleted" valueNumeric="0" />
			<column name="item_id" valueNumeric="320104" />
			<column name="order_line_id" />
			<column name="notes" value="Bulk Upload" />
			<column name="optlock" valueNumeric="0" />
			<column name="group_id" />
			<column name="provisioning_status" />
			<column name="global" valueBoolean="true" />
		</insert>
		<insert tableName="asset">
			<column name="id" valueNumeric="9233" />
			<column name="identifier" value="8669064675" />
			<column name="create_datetime" valueDate="2014-10-22T23:19:07.872" />
			<column name="status_id" valueNumeric="10501" />
			<column name="entity_id" valueNumeric="1" />
			<column name="deleted" valueNumeric="0" />
			<column name="item_id" valueNumeric="320104" />
			<column name="order_line_id" />
			<column name="notes" value="Bulk Upload" />
			<column name="optlock" valueNumeric="0" />
			<column name="group_id" />
			<column name="provisioning_status" />
			<column name="global" valueBoolean="true" />
		</insert>
		<insert tableName="asset">
			<column name="id" valueNumeric="9234" />
			<column name="identifier" value="8669066472" />
			<column name="create_datetime" valueDate="2014-10-22T23:19:07.878" />
			<column name="status_id" valueNumeric="10501" />
			<column name="entity_id" valueNumeric="1" />
			<column name="deleted" valueNumeric="0" />
			<column name="item_id" valueNumeric="320104" />
			<column name="order_line_id" />
			<column name="notes" value="Bulk Upload" />
			<column name="optlock" valueNumeric="0" />
			<column name="group_id" />
			<column name="provisioning_status" />
			<column name="global" valueBoolean="true" />
		</insert>
		<insert tableName="asset">
			<column name="id" valueNumeric="9235" />
			<column name="identifier" value="8669066686" />
			<column name="create_datetime" valueDate="2014-10-22T23:19:07.915" />
			<column name="status_id" valueNumeric="10501" />
			<column name="entity_id" valueNumeric="1" />
			<column name="deleted" valueNumeric="0" />
			<column name="item_id" valueNumeric="320104" />
			<column name="order_line_id" />
			<column name="notes" value="Bulk Upload" />
			<column name="optlock" valueNumeric="0" />
			<column name="group_id" />
			<column name="provisioning_status" />
			<column name="global" valueBoolean="true" />
		</insert>
		<insert tableName="asset">
			<column name="id" valueNumeric="9236" />
			<column name="identifier" value="8669067243" />
			<column name="create_datetime" valueDate="2014-10-22T23:19:08.102" />
			<column name="status_id" valueNumeric="10501" />
			<column name="entity_id" valueNumeric="1" />
			<column name="deleted" valueNumeric="0" />
			<column name="item_id" valueNumeric="320104" />
			<column name="order_line_id" />
			<column name="notes" value="Bulk Upload" />
			<column name="optlock" valueNumeric="0" />
			<column name="group_id" />
			<column name="provisioning_status" />
			<column name="global" valueBoolean="true" />
		</insert>
		<insert tableName="asset">
			<column name="id" valueNumeric="9237" />
			<column name="identifier" value="8669067792" />
			<column name="create_datetime" valueDate="2014-10-22T23:19:08.110" />
			<column name="status_id" valueNumeric="10501" />
			<column name="entity_id" valueNumeric="1" />
			<column name="deleted" valueNumeric="0" />
			<column name="item_id" valueNumeric="320104" />
			<column name="order_line_id" />
			<column name="notes" value="Bulk Upload" />
			<column name="optlock" valueNumeric="0" />
			<column name="group_id" />
			<column name="provisioning_status" />
			<column name="global" valueBoolean="true" />
		</insert>
		<insert tableName="asset">
			<column name="id" valueNumeric="9238" />
			<column name="identifier" value="8669071409" />
			<column name="create_datetime" valueDate="2014-10-22T23:19:08.117" />
			<column name="status_id" valueNumeric="10501" />
			<column name="entity_id" valueNumeric="1" />
			<column name="deleted" valueNumeric="0" />
			<column name="item_id" valueNumeric="320104" />
			<column name="order_line_id" />
			<column name="notes" value="Bulk Upload" />
			<column name="optlock" valueNumeric="0" />
			<column name="group_id" />
			<column name="provisioning_status" />
			<column name="global" valueBoolean="true" />
		</insert>
		<insert tableName="asset">
			<column name="id" valueNumeric="9239" />
			<column name="identifier" value="8669071957" />
			<column name="create_datetime" valueDate="2014-10-22T23:19:08.140" />
			<column name="status_id" valueNumeric="10501" />
			<column name="entity_id" valueNumeric="1" />
			<column name="deleted" valueNumeric="0" />
			<column name="item_id" valueNumeric="320104" />
			<column name="order_line_id" />
			<column name="notes" value="Bulk Upload" />
			<column name="optlock" valueNumeric="0" />
			<column name="group_id" />
			<column name="provisioning_status" />
			<column name="global" valueBoolean="true" />
		</insert>
		<insert tableName="asset">
			<column name="id" valueNumeric="9240" />
			<column name="identifier" value="8669071960" />
			<column name="create_datetime" valueDate="2014-10-22T23:19:08.159" />
			<column name="status_id" valueNumeric="10501" />
			<column name="entity_id" valueNumeric="1" />
			<column name="deleted" valueNumeric="0" />
			<column name="item_id" valueNumeric="320104" />
			<column name="order_line_id" />
			<column name="notes" value="Bulk Upload" />
			<column name="optlock" valueNumeric="0" />
			<column name="group_id" />
			<column name="provisioning_status" />
			<column name="global" valueBoolean="true" />
		</insert>
		<insert tableName="asset">
			<column name="id" valueNumeric="9241" />
			<column name="identifier" value="8669071966" />
			<column name="create_datetime" valueDate="2014-10-22T23:19:08.204" />
			<column name="status_id" valueNumeric="10501" />
			<column name="entity_id" valueNumeric="1" />
			<column name="deleted" valueNumeric="0" />
			<column name="item_id" valueNumeric="320104" />
			<column name="order_line_id" />
			<column name="notes" value="Bulk Upload" />
			<column name="optlock" valueNumeric="0" />
			<column name="group_id" />
			<column name="provisioning_status" />
			<column name="global" valueBoolean="true" />
		</insert>
		<insert tableName="asset">
			<column name="id" valueNumeric="9242" />
			<column name="identifier" value="8669072767" />
			<column name="create_datetime" valueDate="2014-10-22T23:19:08.211" />
			<column name="status_id" valueNumeric="10501" />
			<column name="entity_id" valueNumeric="1" />
			<column name="deleted" valueNumeric="0" />
			<column name="item_id" valueNumeric="320104" />
			<column name="order_line_id" />
			<column name="notes" value="Bulk Upload" />
			<column name="optlock" valueNumeric="0" />
			<column name="group_id" />
			<column name="provisioning_status" />
			<column name="global" valueBoolean="true" />
		</insert>
		<insert tableName="asset">
			<column name="id" valueNumeric="9243" />
			<column name="identifier" value="8669073959" />
			<column name="create_datetime" valueDate="2014-10-22T23:19:08.255" />
			<column name="status_id" valueNumeric="10501" />
			<column name="entity_id" valueNumeric="1" />
			<column name="deleted" valueNumeric="0" />
			<column name="item_id" valueNumeric="320104" />
			<column name="order_line_id" />
			<column name="notes" value="Bulk Upload" />
			<column name="optlock" valueNumeric="0" />
			<column name="group_id" />
			<column name="provisioning_status" />
			<column name="global" valueBoolean="true" />
		</insert>
		<insert tableName="asset">
			<column name="id" valueNumeric="9244" />
			<column name="identifier" value="8669073984" />
			<column name="create_datetime" valueDate="2014-10-22T23:19:08.270" />
			<column name="status_id" valueNumeric="10501" />
			<column name="entity_id" valueNumeric="1" />
			<column name="deleted" valueNumeric="0" />
			<column name="item_id" valueNumeric="320104" />
			<column name="order_line_id" />
			<column name="notes" value="Bulk Upload" />
			<column name="optlock" valueNumeric="0" />
			<column name="group_id" />
			<column name="provisioning_status" />
			<column name="global" valueBoolean="true" />
		</insert>
		<insert tableName="asset">
			<column name="id" valueNumeric="9245" />
			<column name="identifier" value="8669073987" />
			<column name="create_datetime" valueDate="2014-10-22T23:19:08.311" />
			<column name="status_id" valueNumeric="10501" />
			<column name="entity_id" valueNumeric="1" />
			<column name="deleted" valueNumeric="0" />
			<column name="item_id" valueNumeric="320104" />
			<column name="order_line_id" />
			<column name="notes" value="Bulk Upload" />
			<column name="optlock" valueNumeric="0" />
			<column name="group_id" />
			<column name="provisioning_status" />
			<column name="global" valueBoolean="true" />
		</insert>
		<insert tableName="asset">
			<column name="id" valueNumeric="9246" />
			<column name="identifier" value="8669074678" />
			<column name="create_datetime" valueDate="2014-10-22T23:19:08.317" />
			<column name="status_id" valueNumeric="10501" />
			<column name="entity_id" valueNumeric="1" />
			<column name="deleted" valueNumeric="0" />
			<column name="item_id" valueNumeric="320104" />
			<column name="order_line_id" />
			<column name="notes" value="Bulk Upload" />
			<column name="optlock" valueNumeric="0" />
			<column name="group_id" />
			<column name="provisioning_status" />
			<column name="global" valueBoolean="true" />
		</insert>
		<insert tableName="asset">
			<column name="id" valueNumeric="9247" />
			<column name="identifier" value="8669075125" />
			<column name="create_datetime" valueDate="2014-10-22T23:19:08.329" />
			<column name="status_id" valueNumeric="10501" />
			<column name="entity_id" valueNumeric="1" />
			<column name="deleted" valueNumeric="0" />
			<column name="item_id" valueNumeric="320104" />
			<column name="order_line_id" />
			<column name="notes" value="Bulk Upload" />
			<column name="optlock" valueNumeric="0" />
			<column name="group_id" />
			<column name="provisioning_status" />
			<column name="global" valueBoolean="true" />
		</insert>
		<insert tableName="asset">
			<column name="id" valueNumeric="9248" />
			<column name="identifier" value="8669075425" />
			<column name="create_datetime" valueDate="2014-10-22T23:19:08.345" />
			<column name="status_id" valueNumeric="10501" />
			<column name="entity_id" valueNumeric="1" />
			<column name="deleted" valueNumeric="0" />
			<column name="item_id" valueNumeric="320104" />
			<column name="order_line_id" />
			<column name="notes" value="Bulk Upload" />
			<column name="optlock" valueNumeric="0" />
			<column name="group_id" />
			<column name="provisioning_status" />
			<column name="global" valueBoolean="true" />
		</insert>
		<insert tableName="asset">
			<column name="id" valueNumeric="9249" />
			<column name="identifier" value="8669075459" />
			<column name="create_datetime" valueDate="2014-10-22T23:19:08.351" />
			<column name="status_id" valueNumeric="10501" />
			<column name="entity_id" valueNumeric="1" />
			<column name="deleted" valueNumeric="0" />
			<column name="item_id" valueNumeric="320104" />
			<column name="order_line_id" />
			<column name="notes" value="Bulk Upload" />
			<column name="optlock" valueNumeric="0" />
			<column name="group_id" />
			<column name="provisioning_status" />
			<column name="global" valueBoolean="true" />
		</insert>
		<insert tableName="asset">
			<column name="id" valueNumeric="9250" />
			<column name="identifier" value="8669076472" />
			<column name="create_datetime" valueDate="2014-10-22T23:19:08.378" />
			<column name="status_id" valueNumeric="10501" />
			<column name="entity_id" valueNumeric="1" />
			<column name="deleted" valueNumeric="0" />
			<column name="item_id" valueNumeric="320104" />
			<column name="order_line_id" />
			<column name="notes" value="Bulk Upload" />
			<column name="optlock" valueNumeric="0" />
			<column name="group_id" />
			<column name="provisioning_status" />
			<column name="global" valueBoolean="true" />
		</insert>
		<insert tableName="asset">
			<column name="id" valueNumeric="9251" />
			<column name="identifier" value="8669076618" />
			<column name="create_datetime" valueDate="2014-10-22T23:19:08.392" />
			<column name="status_id" valueNumeric="10501" />
			<column name="entity_id" valueNumeric="1" />
			<column name="deleted" valueNumeric="0" />
			<column name="item_id" valueNumeric="320104" />
			<column name="order_line_id" />
			<column name="notes" value="Bulk Upload" />
			<column name="optlock" valueNumeric="0" />
			<column name="group_id" />
			<column name="provisioning_status" />
			<column name="global" valueBoolean="true" />
		</insert>
		<insert tableName="asset">
			<column name="id" valueNumeric="9252" />
			<column name="identifier" value="8669076619" />
			<column name="create_datetime" valueDate="2014-10-22T23:19:08.443" />
			<column name="status_id" valueNumeric="10501" />
			<column name="entity_id" valueNumeric="1" />
			<column name="deleted" valueNumeric="0" />
			<column name="item_id" valueNumeric="320104" />
			<column name="order_line_id" />
			<column name="notes" value="Bulk Upload" />
			<column name="optlock" valueNumeric="0" />
			<column name="group_id" />
			<column name="provisioning_status" />
			<column name="global" valueBoolean="true" />
		</insert>
		<insert tableName="asset">
			<column name="id" valueNumeric="9253" />
			<column name="identifier" value="8669076621" />
			<column name="create_datetime" valueDate="2014-10-22T23:19:08.449" />
			<column name="status_id" valueNumeric="10501" />
			<column name="entity_id" valueNumeric="1" />
			<column name="deleted" valueNumeric="0" />
			<column name="item_id" valueNumeric="320104" />
			<column name="order_line_id" />
			<column name="notes" value="Bulk Upload" />
			<column name="optlock" valueNumeric="0" />
			<column name="group_id" />
			<column name="provisioning_status" />
			<column name="global" valueBoolean="true" />
		</insert>
		<insert tableName="asset">
			<column name="id" valueNumeric="9254" />
			<column name="identifier" value="8669076624" />
			<column name="create_datetime" valueDate="2014-10-22T23:19:08.461" />
			<column name="status_id" valueNumeric="10501" />
			<column name="entity_id" valueNumeric="1" />
			<column name="deleted" valueNumeric="0" />
			<column name="item_id" valueNumeric="320104" />
			<column name="order_line_id" />
			<column name="notes" value="Bulk Upload" />
			<column name="optlock" valueNumeric="0" />
			<column name="group_id" />
			<column name="provisioning_status" />
			<column name="global" valueBoolean="true" />
		</insert>
		<insert tableName="asset">
			<column name="id" valueNumeric="9255" />
			<column name="identifier" value="8669076684" />
			<column name="create_datetime" valueDate="2014-10-22T23:19:08.481" />
			<column name="status_id" valueNumeric="10501" />
			<column name="entity_id" valueNumeric="1" />
			<column name="deleted" valueNumeric="0" />
			<column name="item_id" valueNumeric="320104" />
			<column name="order_line_id" />
			<column name="notes" value="Bulk Upload" />
			<column name="optlock" valueNumeric="0" />
			<column name="group_id" />
			<column name="provisioning_status" />
			<column name="global" valueBoolean="true" />
		</insert>
		<insert tableName="asset">
			<column name="id" valueNumeric="9256" />
			<column name="identifier" value="8669076711" />
			<column name="create_datetime" valueDate="2014-10-22T23:19:08.601" />
			<column name="status_id" valueNumeric="10501" />
			<column name="entity_id" valueNumeric="1" />
			<column name="deleted" valueNumeric="0" />
			<column name="item_id" valueNumeric="320104" />
			<column name="order_line_id" />
			<column name="notes" value="Bulk Upload" />
			<column name="optlock" valueNumeric="0" />
			<column name="group_id" />
			<column name="provisioning_status" />
			<column name="global" valueBoolean="true" />
		</insert>
		<insert tableName="asset">
			<column name="id" valueNumeric="9257" />
			<column name="identifier" value="8669076715" />
			<column name="create_datetime" valueDate="2014-10-22T23:19:08.616" />
			<column name="status_id" valueNumeric="10501" />
			<column name="entity_id" valueNumeric="1" />
			<column name="deleted" valueNumeric="0" />
			<column name="item_id" valueNumeric="320104" />
			<column name="order_line_id" />
			<column name="notes" value="Bulk Upload" />
			<column name="optlock" valueNumeric="0" />
			<column name="group_id" />
			<column name="provisioning_status" />
			<column name="global" valueBoolean="true" />
		</insert>
		<insert tableName="asset">
			<column name="id" valueNumeric="9258" />
			<column name="identifier" value="8669076720" />
			<column name="create_datetime" valueDate="2014-10-22T23:19:08.654" />
			<column name="status_id" valueNumeric="10501" />
			<column name="entity_id" valueNumeric="1" />
			<column name="deleted" valueNumeric="0" />
			<column name="item_id" valueNumeric="320104" />
			<column name="order_line_id" />
			<column name="notes" value="Bulk Upload" />
			<column name="optlock" valueNumeric="0" />
			<column name="group_id" />
			<column name="provisioning_status" />
			<column name="global" valueBoolean="true" />
		</insert>
		<insert tableName="asset">
			<column name="id" valueNumeric="9259" />
			<column name="identifier" value="8669076721" />
			<column name="create_datetime" valueDate="2014-10-22T23:19:08.661" />
			<column name="status_id" valueNumeric="10501" />
			<column name="entity_id" valueNumeric="1" />
			<column name="deleted" valueNumeric="0" />
			<column name="item_id" valueNumeric="320104" />
			<column name="order_line_id" />
			<column name="notes" value="Bulk Upload" />
			<column name="optlock" valueNumeric="0" />
			<column name="group_id" />
			<column name="provisioning_status" />
			<column name="global" valueBoolean="true" />
		</insert>
		<insert tableName="asset">
			<column name="id" valueNumeric="9260" />
			<column name="identifier" value="8669076904" />
			<column name="create_datetime" valueDate="2014-10-22T23:19:08.711" />
			<column name="status_id" valueNumeric="10501" />
			<column name="entity_id" valueNumeric="1" />
			<column name="deleted" valueNumeric="0" />
			<column name="item_id" valueNumeric="320104" />
			<column name="order_line_id" />
			<column name="notes" value="Bulk Upload" />
			<column name="optlock" valueNumeric="0" />
			<column name="group_id" />
			<column name="provisioning_status" />
			<column name="global" valueBoolean="true" />
		</insert>
		<insert tableName="asset">
			<column name="id" valueNumeric="9261" />
			<column name="identifier" value="8669077111" />
			<column name="create_datetime" valueDate="2014-10-22T23:19:08.831" />
			<column name="status_id" valueNumeric="10501" />
			<column name="entity_id" valueNumeric="1" />
			<column name="deleted" valueNumeric="0" />
			<column name="item_id" valueNumeric="320104" />
			<column name="order_line_id" />
			<column name="notes" value="Bulk Upload" />
			<column name="optlock" valueNumeric="0" />
			<column name="group_id" />
			<column name="provisioning_status" />
			<column name="global" valueBoolean="true" />
		</insert>
		<insert tableName="asset">
			<column name="id" valueNumeric="9262" />
			<column name="identifier" value="8669077243" />
			<column name="create_datetime" valueDate="2014-10-22T23:19:09.359" />
			<column name="status_id" valueNumeric="10501" />
			<column name="entity_id" valueNumeric="1" />
			<column name="deleted" valueNumeric="0" />
			<column name="item_id" valueNumeric="320104" />
			<column name="order_line_id" />
			<column name="notes" value="Bulk Upload" />
			<column name="optlock" valueNumeric="0" />
			<column name="group_id" />
			<column name="provisioning_status" />
			<column name="global" valueBoolean="true" />
		</insert>
		<insert tableName="asset">
			<column name="id" valueNumeric="9263" />
			<column name="identifier" value="8669078425" />
			<column name="create_datetime" valueDate="2014-10-22T23:19:09.372" />
			<column name="status_id" valueNumeric="10501" />
			<column name="entity_id" valueNumeric="1" />
			<column name="deleted" valueNumeric="0" />
			<column name="item_id" valueNumeric="320104" />
			<column name="order_line_id" />
			<column name="notes" value="Bulk Upload" />
			<column name="optlock" valueNumeric="0" />
			<column name="group_id" />
			<column name="provisioning_status" />
			<column name="global" valueBoolean="true" />
		</insert>
		<insert tableName="asset">
			<column name="id" valueNumeric="9264" />
			<column name="identifier" value="8669079062" />
			<column name="create_datetime" valueDate="2014-10-22T23:19:09.441" />
			<column name="status_id" valueNumeric="10501" />
			<column name="entity_id" valueNumeric="1" />
			<column name="deleted" valueNumeric="0" />
			<column name="item_id" valueNumeric="320104" />
			<column name="order_line_id" />
			<column name="notes" value="Bulk Upload" />
			<column name="optlock" valueNumeric="0" />
			<column name="group_id" />
			<column name="provisioning_status" />
			<column name="global" valueBoolean="true" />
		</insert>
		<insert tableName="asset">
			<column name="id" valueNumeric="9265" />
			<column name="identifier" value="8669081778" />
			<column name="create_datetime" valueDate="2014-10-22T23:19:09.474" />
			<column name="status_id" valueNumeric="10501" />
			<column name="entity_id" valueNumeric="1" />
			<column name="deleted" valueNumeric="0" />
			<column name="item_id" valueNumeric="320104" />
			<column name="order_line_id" />
			<column name="notes" value="Bulk Upload" />
			<column name="optlock" valueNumeric="0" />
			<column name="group_id" />
			<column name="provisioning_status" />
			<column name="global" valueBoolean="true" />
		</insert>
		<insert tableName="asset">
			<column name="id" valueNumeric="9266" />
			<column name="identifier" value="8669082046" />
			<column name="create_datetime" valueDate="2014-10-22T23:19:09.481" />
			<column name="status_id" valueNumeric="10501" />
			<column name="entity_id" valueNumeric="1" />
			<column name="deleted" valueNumeric="0" />
			<column name="item_id" valueNumeric="320104" />
			<column name="order_line_id" />
			<column name="notes" value="Bulk Upload" />
			<column name="optlock" valueNumeric="0" />
			<column name="group_id" />
			<column name="provisioning_status" />
			<column name="global" valueBoolean="true" />
		</insert>
		<insert tableName="asset">
			<column name="id" valueNumeric="9267" />
			<column name="identifier" value="8669083022" />
			<column name="create_datetime" valueDate="2014-10-22T23:19:09.492" />
			<column name="status_id" valueNumeric="10501" />
			<column name="entity_id" valueNumeric="1" />
			<column name="deleted" valueNumeric="0" />
			<column name="item_id" valueNumeric="320104" />
			<column name="order_line_id" />
			<column name="notes" value="Bulk Upload" />
			<column name="optlock" valueNumeric="0" />
			<column name="group_id" />
			<column name="provisioning_status" />
			<column name="global" valueBoolean="true" />
		</insert>
		<insert tableName="asset">
			<column name="id" valueNumeric="9268" />
			<column name="identifier" value="8669083247" />
			<column name="create_datetime" valueDate="2014-10-22T23:19:09.535" />
			<column name="status_id" valueNumeric="10501" />
			<column name="entity_id" valueNumeric="1" />
			<column name="deleted" valueNumeric="0" />
			<column name="item_id" valueNumeric="320104" />
			<column name="order_line_id" />
			<column name="notes" value="Bulk Upload" />
			<column name="optlock" valueNumeric="0" />
			<column name="group_id" />
			<column name="provisioning_status" />
			<column name="global" valueBoolean="true" />
		</insert>
		<insert tableName="asset">
			<column name="id" valueNumeric="9269" />
			<column name="identifier" value="8669083580" />
			<column name="create_datetime" valueDate="2014-10-22T23:19:09.542" />
			<column name="status_id" valueNumeric="10501" />
			<column name="entity_id" valueNumeric="1" />
			<column name="deleted" valueNumeric="0" />
			<column name="item_id" valueNumeric="320104" />
			<column name="order_line_id" />
			<column name="notes" value="Bulk Upload" />
			<column name="optlock" valueNumeric="0" />
			<column name="group_id" />
			<column name="provisioning_status" />
			<column name="global" valueBoolean="true" />
		</insert>
		<insert tableName="asset">
			<column name="id" valueNumeric="9270" />
			<column name="identifier" value="8669084678" />
			<column name="create_datetime" valueDate="2014-10-22T23:19:09.567" />
			<column name="status_id" valueNumeric="10501" />
			<column name="entity_id" valueNumeric="1" />
			<column name="deleted" valueNumeric="0" />
			<column name="item_id" valueNumeric="320104" />
			<column name="order_line_id" />
			<column name="notes" value="Bulk Upload" />
			<column name="optlock" valueNumeric="0" />
			<column name="group_id" />
			<column name="provisioning_status" />
			<column name="global" valueBoolean="true" />
		</insert>
		<insert tableName="asset">
			<column name="id" valueNumeric="9271" />
			<column name="identifier" value="8669085551" />
			<column name="create_datetime" valueDate="2014-10-22T23:19:09.576" />
			<column name="status_id" valueNumeric="10501" />
			<column name="entity_id" valueNumeric="1" />
			<column name="deleted" valueNumeric="0" />
			<column name="item_id" valueNumeric="320104" />
			<column name="order_line_id" />
			<column name="notes" value="Bulk Upload" />
			<column name="optlock" valueNumeric="0" />
			<column name="group_id" />
			<column name="provisioning_status" />
			<column name="global" valueBoolean="true" />
		</insert>
		<insert tableName="asset">
			<column name="id" valueNumeric="9272" />
			<column name="identifier" value="8669085552" />
			<column name="create_datetime" valueDate="2014-10-22T23:19:09.597" />
			<column name="status_id" valueNumeric="10501" />
			<column name="entity_id" valueNumeric="1" />
			<column name="deleted" valueNumeric="0" />
			<column name="item_id" valueNumeric="320104" />
			<column name="order_line_id" />
			<column name="notes" value="Bulk Upload" />
			<column name="optlock" valueNumeric="0" />
			<column name="group_id" />
			<column name="provisioning_status" />
			<column name="global" valueBoolean="true" />
		</insert>
		<insert tableName="asset">
			<column name="id" valueNumeric="9273" />
			<column name="identifier" value="8669087799" />
			<column name="create_datetime" valueDate="2014-10-22T23:19:09.612" />
			<column name="status_id" valueNumeric="10501" />
			<column name="entity_id" valueNumeric="1" />
			<column name="deleted" valueNumeric="0" />
			<column name="item_id" valueNumeric="320104" />
			<column name="order_line_id" />
			<column name="notes" value="Bulk Upload" />
			<column name="optlock" valueNumeric="0" />
			<column name="group_id" />
			<column name="provisioning_status" />
			<column name="global" valueBoolean="true" />
		</insert>
		<insert tableName="asset">
			<column name="id" valueNumeric="9274" />
			<column name="identifier" value="8669088273" />
			<column name="create_datetime" valueDate="2014-10-22T23:19:09.628" />
			<column name="status_id" valueNumeric="10501" />
			<column name="entity_id" valueNumeric="1" />
			<column name="deleted" valueNumeric="0" />
			<column name="item_id" valueNumeric="320104" />
			<column name="order_line_id" />
			<column name="notes" value="Bulk Upload" />
			<column name="optlock" valueNumeric="0" />
			<column name="group_id" />
			<column name="provisioning_status" />
			<column name="global" valueBoolean="true" />
		</insert>
		<insert tableName="asset">
			<column name="id" valueNumeric="9275" />
			<column name="identifier" value="8669088669" />
			<column name="create_datetime" valueDate="2014-10-22T23:19:09.643" />
			<column name="status_id" valueNumeric="10501" />
			<column name="entity_id" valueNumeric="1" />
			<column name="deleted" valueNumeric="0" />
			<column name="item_id" valueNumeric="320104" />
			<column name="order_line_id" />
			<column name="notes" value="Bulk Upload" />
			<column name="optlock" valueNumeric="0" />
			<column name="group_id" />
			<column name="provisioning_status" />
			<column name="global" valueBoolean="true" />
		</insert>
		<insert tableName="asset">
			<column name="id" valueNumeric="9276" />
			<column name="identifier" value="8669088889" />
			<column name="create_datetime" valueDate="2014-10-22T23:19:09.689" />
			<column name="status_id" valueNumeric="10501" />
			<column name="entity_id" valueNumeric="1" />
			<column name="deleted" valueNumeric="0" />
			<column name="item_id" valueNumeric="320104" />
			<column name="order_line_id" />
			<column name="notes" value="Bulk Upload" />
			<column name="optlock" valueNumeric="0" />
			<column name="group_id" />
			<column name="provisioning_status" />
			<column name="global" valueBoolean="true" />
		</insert>
		<insert tableName="asset">
			<column name="id" valueNumeric="9277" />
			<column name="identifier" value="8669089203" />
			<column name="create_datetime" valueDate="2014-10-22T23:19:09.798" />
			<column name="status_id" valueNumeric="10501" />
			<column name="entity_id" valueNumeric="1" />
			<column name="deleted" valueNumeric="0" />
			<column name="item_id" valueNumeric="320104" />
			<column name="order_line_id" />
			<column name="notes" value="Bulk Upload" />
			<column name="optlock" valueNumeric="0" />
			<column name="group_id" />
			<column name="provisioning_status" />
			<column name="global" valueBoolean="true" />
		</insert>
		<insert tableName="asset">
			<column name="id" valueNumeric="9278" />
			<column name="identifier" value="8669089205" />
			<column name="create_datetime" valueDate="2014-10-22T23:19:09.805" />
			<column name="status_id" valueNumeric="10501" />
			<column name="entity_id" valueNumeric="1" />
			<column name="deleted" valueNumeric="0" />
			<column name="item_id" valueNumeric="320104" />
			<column name="order_line_id" />
			<column name="notes" value="Bulk Upload" />
			<column name="optlock" valueNumeric="0" />
			<column name="group_id" />
			<column name="provisioning_status" />
			<column name="global" valueBoolean="true" />
		</insert>
		<insert tableName="asset">
			<column name="id" valueNumeric="9279" />
			<column name="identifier" value="8669089328" />
			<column name="create_datetime" valueDate="2014-10-22T23:19:09.837" />
			<column name="status_id" valueNumeric="10501" />
			<column name="entity_id" valueNumeric="1" />
			<column name="deleted" valueNumeric="0" />
			<column name="item_id" valueNumeric="320104" />
			<column name="order_line_id" />
			<column name="notes" value="Bulk Upload" />
			<column name="optlock" valueNumeric="0" />
			<column name="group_id" />
			<column name="provisioning_status" />
			<column name="global" valueBoolean="true" />
		</insert>
		<insert tableName="asset">
			<column name="id" valueNumeric="9280" />
			<column name="identifier" value="8669091941" />
			<column name="create_datetime" valueDate="2014-10-22T23:19:09.848" />
			<column name="status_id" valueNumeric="10501" />
			<column name="entity_id" valueNumeric="1" />
			<column name="deleted" valueNumeric="0" />
			<column name="item_id" valueNumeric="320104" />
			<column name="order_line_id" />
			<column name="notes" value="Bulk Upload" />
			<column name="optlock" valueNumeric="0" />
			<column name="group_id" />
			<column name="provisioning_status" />
			<column name="global" valueBoolean="true" />
		</insert>
		<insert tableName="asset">
			<column name="id" valueNumeric="9281" />
			<column name="identifier" value="8669092045" />
			<column name="create_datetime" valueDate="2014-10-22T23:19:09.855" />
			<column name="status_id" valueNumeric="10501" />
			<column name="entity_id" valueNumeric="1" />
			<column name="deleted" valueNumeric="0" />
			<column name="item_id" valueNumeric="320104" />
			<column name="order_line_id" />
			<column name="notes" value="Bulk Upload" />
			<column name="optlock" valueNumeric="0" />
			<column name="group_id" />
			<column name="provisioning_status" />
			<column name="global" valueBoolean="true" />
		</insert>
		<insert tableName="asset">
			<column name="id" valueNumeric="9282" />
			<column name="identifier" value="8669092591" />
			<column name="create_datetime" valueDate="2014-10-22T23:19:09.878" />
			<column name="status_id" valueNumeric="10501" />
			<column name="entity_id" valueNumeric="1" />
			<column name="deleted" valueNumeric="0" />
			<column name="item_id" valueNumeric="320104" />
			<column name="order_line_id" />
			<column name="notes" value="Bulk Upload" />
			<column name="optlock" valueNumeric="0" />
			<column name="group_id" />
			<column name="provisioning_status" />
			<column name="global" valueBoolean="true" />
		</insert>
		<insert tableName="asset">
			<column name="id" valueNumeric="9283" />
			<column name="identifier" value="8669092592" />
			<column name="create_datetime" valueDate="2014-10-22T23:19:09.897" />
			<column name="status_id" valueNumeric="10501" />
			<column name="entity_id" valueNumeric="1" />
			<column name="deleted" valueNumeric="0" />
			<column name="item_id" valueNumeric="320104" />
			<column name="order_line_id" />
			<column name="notes" value="Bulk Upload" />
			<column name="optlock" valueNumeric="0" />
			<column name="group_id" />
			<column name="provisioning_status" />
			<column name="global" valueBoolean="true" />
		</insert>
		<insert tableName="asset">
			<column name="id" valueNumeric="9284" />
			<column name="identifier" value="8669095625" />
			<column name="create_datetime" valueDate="2014-10-22T23:19:09.903" />
			<column name="status_id" valueNumeric="10501" />
			<column name="entity_id" valueNumeric="1" />
			<column name="deleted" valueNumeric="0" />
			<column name="item_id" valueNumeric="320104" />
			<column name="order_line_id" />
			<column name="notes" value="Bulk Upload" />
			<column name="optlock" valueNumeric="0" />
			<column name="group_id" />
			<column name="provisioning_status" />
			<column name="global" valueBoolean="true" />
		</insert>
		<insert tableName="asset">
			<column name="id" valueNumeric="9285" />
			<column name="identifier" value="8669096620" />
			<column name="create_datetime" valueDate="2014-10-22T23:19:10.34" />
			<column name="status_id" valueNumeric="10501" />
			<column name="entity_id" valueNumeric="1" />
			<column name="deleted" valueNumeric="0" />
			<column name="item_id" valueNumeric="320104" />
			<column name="order_line_id" />
			<column name="notes" value="Bulk Upload" />
			<column name="optlock" valueNumeric="0" />
			<column name="group_id" />
			<column name="provisioning_status" />
			<column name="global" valueBoolean="true" />
		</insert>
		<insert tableName="asset">
			<column name="id" valueNumeric="9286" />
			<column name="identifier" value="8669097685" />
			<column name="create_datetime" valueDate="2014-10-22T23:19:10.40" />
			<column name="status_id" valueNumeric="10501" />
			<column name="entity_id" valueNumeric="1" />
			<column name="deleted" valueNumeric="0" />
			<column name="item_id" valueNumeric="320104" />
			<column name="order_line_id" />
			<column name="notes" value="Bulk Upload" />
			<column name="optlock" valueNumeric="0" />
			<column name="group_id" />
			<column name="provisioning_status" />
			<column name="global" valueBoolean="true" />
		</insert>
		<insert tableName="asset">
			<column name="id" valueNumeric="9287" />
			<column name="identifier" value="8669100018" />
			<column name="create_datetime" valueDate="2014-10-22T23:19:10.72" />
			<column name="status_id" valueNumeric="10501" />
			<column name="entity_id" valueNumeric="1" />
			<column name="deleted" valueNumeric="0" />
			<column name="item_id" valueNumeric="320104" />
			<column name="order_line_id" />
			<column name="notes" value="Bulk Upload" />
			<column name="optlock" valueNumeric="0" />
			<column name="group_id" />
			<column name="provisioning_status" />
			<column name="global" valueBoolean="true" />
		</insert>
		<insert tableName="asset">
			<column name="id" valueNumeric="9288" />
			<column name="identifier" value="8669100045" />
			<column name="create_datetime" valueDate="2014-10-22T23:19:10.95" />
			<column name="status_id" valueNumeric="10501" />
			<column name="entity_id" valueNumeric="1" />
			<column name="deleted" valueNumeric="0" />
			<column name="item_id" valueNumeric="320104" />
			<column name="order_line_id" />
			<column name="notes" value="Bulk Upload" />
			<column name="optlock" valueNumeric="0" />
			<column name="group_id" />
			<column name="provisioning_status" />
			<column name="global" valueBoolean="true" />
		</insert>
		<insert tableName="asset">
			<column name="id" valueNumeric="9289" />
			<column name="identifier" value="8669100083" />
			<column name="create_datetime" valueDate="2014-10-22T23:19:10.101" />
			<column name="status_id" valueNumeric="10501" />
			<column name="entity_id" valueNumeric="1" />
			<column name="deleted" valueNumeric="0" />
			<column name="item_id" valueNumeric="320104" />
			<column name="order_line_id" />
			<column name="notes" value="Bulk Upload" />
			<column name="optlock" valueNumeric="0" />
			<column name="group_id" />
			<column name="provisioning_status" />
			<column name="global" valueBoolean="true" />
		</insert>
		<insert tableName="asset">
			<column name="id" valueNumeric="9290" />
			<column name="identifier" value="8669100133" />
			<column name="create_datetime" valueDate="2014-10-22T23:19:10.133" />
			<column name="status_id" valueNumeric="10501" />
			<column name="entity_id" valueNumeric="1" />
			<column name="deleted" valueNumeric="0" />
			<column name="item_id" valueNumeric="320104" />
			<column name="order_line_id" />
			<column name="notes" value="Bulk Upload" />
			<column name="optlock" valueNumeric="0" />
			<column name="group_id" />
			<column name="provisioning_status" />
			<column name="global" valueBoolean="true" />
		</insert>
		<insert tableName="asset">
			<column name="id" valueNumeric="9291" />
			<column name="identifier" value="8669100156" />
			<column name="create_datetime" valueDate="2014-10-22T23:19:10.140" />
			<column name="status_id" valueNumeric="10501" />
			<column name="entity_id" valueNumeric="1" />
			<column name="deleted" valueNumeric="0" />
			<column name="item_id" valueNumeric="320104" />
			<column name="order_line_id" />
			<column name="notes" value="Bulk Upload" />
			<column name="optlock" valueNumeric="0" />
			<column name="group_id" />
			<column name="provisioning_status" />
			<column name="global" valueBoolean="true" />
		</insert>
		<insert tableName="asset">
			<column name="id" valueNumeric="9292" />
			<column name="identifier" value="8669100192" />
			<column name="create_datetime" valueDate="2014-10-22T23:19:10.168" />
			<column name="status_id" valueNumeric="10501" />
			<column name="entity_id" valueNumeric="1" />
			<column name="deleted" valueNumeric="0" />
			<column name="item_id" valueNumeric="320104" />
			<column name="order_line_id" />
			<column name="notes" value="Bulk Upload" />
			<column name="optlock" valueNumeric="0" />
			<column name="group_id" />
			<column name="provisioning_status" />
			<column name="global" valueBoolean="true" />
		</insert>
		<insert tableName="asset">
			<column name="id" valueNumeric="9293" />
			<column name="identifier" value="8669100194" />
			<column name="create_datetime" valueDate="2014-10-22T23:19:10.205" />
			<column name="status_id" valueNumeric="10501" />
			<column name="entity_id" valueNumeric="1" />
			<column name="deleted" valueNumeric="0" />
			<column name="item_id" valueNumeric="320104" />
			<column name="order_line_id" />
			<column name="notes" value="Bulk Upload" />
			<column name="optlock" valueNumeric="0" />
			<column name="group_id" />
			<column name="provisioning_status" />
			<column name="global" valueBoolean="true" />
		</insert>
		<insert tableName="asset">
			<column name="id" valueNumeric="9294" />
			<column name="identifier" value="8669100196" />
			<column name="create_datetime" valueDate="2014-10-22T23:19:10.223" />
			<column name="status_id" valueNumeric="10501" />
			<column name="entity_id" valueNumeric="1" />
			<column name="deleted" valueNumeric="0" />
			<column name="item_id" valueNumeric="320104" />
			<column name="order_line_id" />
			<column name="notes" value="Bulk Upload" />
			<column name="optlock" valueNumeric="0" />
			<column name="group_id" />
			<column name="provisioning_status" />
			<column name="global" valueBoolean="true" />
		</insert>
		<insert tableName="asset">
			<column name="id" valueNumeric="9295" />
			<column name="identifier" value="8669100197" />
			<column name="create_datetime" valueDate="2014-10-22T23:19:10.230" />
			<column name="status_id" valueNumeric="10501" />
			<column name="entity_id" valueNumeric="1" />
			<column name="deleted" valueNumeric="0" />
			<column name="item_id" valueNumeric="320104" />
			<column name="order_line_id" />
			<column name="notes" value="Bulk Upload" />
			<column name="optlock" valueNumeric="0" />
			<column name="group_id" />
			<column name="provisioning_status" />
			<column name="global" valueBoolean="true" />
		</insert>
		<insert tableName="asset">
			<column name="id" valueNumeric="9296" />
			<column name="identifier" value="8669100298" />
			<column name="create_datetime" valueDate="2014-10-22T23:19:10.293" />
			<column name="status_id" valueNumeric="10501" />
			<column name="entity_id" valueNumeric="1" />
			<column name="deleted" valueNumeric="0" />
			<column name="item_id" valueNumeric="320104" />
			<column name="order_line_id" />
			<column name="notes" value="Bulk Upload" />
			<column name="optlock" valueNumeric="0" />
			<column name="group_id" />
			<column name="provisioning_status" />
			<column name="global" valueBoolean="true" />
		</insert>
		<insert tableName="asset">
			<column name="id" valueNumeric="9297" />
			<column name="identifier" value="8669100302" />
			<column name="create_datetime" valueDate="2014-10-22T23:19:10.300" />
			<column name="status_id" valueNumeric="10501" />
			<column name="entity_id" valueNumeric="1" />
			<column name="deleted" valueNumeric="0" />
			<column name="item_id" valueNumeric="320104" />
			<column name="order_line_id" />
			<column name="notes" value="Bulk Upload" />
			<column name="optlock" valueNumeric="0" />
			<column name="group_id" />
			<column name="provisioning_status" />
			<column name="global" valueBoolean="true" />
		</insert>
		<insert tableName="asset">
			<column name="id" valueNumeric="9298" />
			<column name="identifier" value="8669100379" />
			<column name="create_datetime" valueDate="2014-10-22T23:19:10.311" />
			<column name="status_id" valueNumeric="10501" />
			<column name="entity_id" valueNumeric="1" />
			<column name="deleted" valueNumeric="0" />
			<column name="item_id" valueNumeric="320104" />
			<column name="order_line_id" />
			<column name="notes" value="Bulk Upload" />
			<column name="optlock" valueNumeric="0" />
			<column name="group_id" />
			<column name="provisioning_status" />
			<column name="global" valueBoolean="true" />
		</insert>
		<insert tableName="asset">
			<column name="id" valueNumeric="9299" />
			<column name="identifier" value="8669100386" />
			<column name="create_datetime" valueDate="2014-10-22T23:19:10.321" />
			<column name="status_id" valueNumeric="10501" />
			<column name="entity_id" valueNumeric="1" />
			<column name="deleted" valueNumeric="0" />
			<column name="item_id" valueNumeric="320104" />
			<column name="order_line_id" />
			<column name="notes" value="Bulk Upload" />
			<column name="optlock" valueNumeric="0" />
			<column name="group_id" />
			<column name="provisioning_status" />
			<column name="global" valueBoolean="true" />
		</insert>
		<insert tableName="asset">
			<column name="id" valueNumeric="9300" />
			<column name="identifier" value="8669100527" />
			<column name="create_datetime" valueDate="2014-10-22T23:19:10.344" />
			<column name="status_id" valueNumeric="10501" />
			<column name="entity_id" valueNumeric="1" />
			<column name="deleted" valueNumeric="0" />
			<column name="item_id" valueNumeric="320104" />
			<column name="order_line_id" />
			<column name="notes" value="Bulk Upload" />
			<column name="optlock" valueNumeric="0" />
			<column name="group_id" />
			<column name="provisioning_status" />
			<column name="global" valueBoolean="true" />
		</insert>
		<insert tableName="asset">
			<column name="id" valueNumeric="9301" />
			<column name="identifier" value="8669100528" />
			<column name="create_datetime" valueDate="2014-10-22T23:19:10.353" />
			<column name="status_id" valueNumeric="10501" />
			<column name="entity_id" valueNumeric="1" />
			<column name="deleted" valueNumeric="0" />
			<column name="item_id" valueNumeric="320104" />
			<column name="order_line_id" />
			<column name="notes" value="Bulk Upload" />
			<column name="optlock" valueNumeric="0" />
			<column name="group_id" />
			<column name="provisioning_status" />
			<column name="global" valueBoolean="true" />
		</insert>
		<insert tableName="asset">
			<column name="id" valueNumeric="9302" />
			<column name="identifier" value="8669100529" />
			<column name="create_datetime" valueDate="2014-10-22T23:19:10.384" />
			<column name="status_id" valueNumeric="10501" />
			<column name="entity_id" valueNumeric="1" />
			<column name="deleted" valueNumeric="0" />
			<column name="item_id" valueNumeric="320104" />
			<column name="order_line_id" />
			<column name="notes" value="Bulk Upload" />
			<column name="optlock" valueNumeric="0" />
			<column name="group_id" />
			<column name="provisioning_status" />
			<column name="global" valueBoolean="true" />
		</insert>
		<insert tableName="asset">
			<column name="id" valueNumeric="9303" />
			<column name="identifier" value="8669100533" />
			<column name="create_datetime" valueDate="2014-10-22T23:19:10.404" />
			<column name="status_id" valueNumeric="10501" />
			<column name="entity_id" valueNumeric="1" />
			<column name="deleted" valueNumeric="0" />
			<column name="item_id" valueNumeric="320104" />
			<column name="order_line_id" />
			<column name="notes" value="Bulk Upload" />
			<column name="optlock" valueNumeric="0" />
			<column name="group_id" />
			<column name="provisioning_status" />
			<column name="global" valueBoolean="true" />
		</insert>
		<insert tableName="asset">
			<column name="id" valueNumeric="9304" />
			<column name="identifier" value="8669100601" />
			<column name="create_datetime" valueDate="2014-10-22T23:19:10.426" />
			<column name="status_id" valueNumeric="10501" />
			<column name="entity_id" valueNumeric="1" />
			<column name="deleted" valueNumeric="0" />
			<column name="item_id" valueNumeric="320104" />
			<column name="order_line_id" />
			<column name="notes" value="Bulk Upload" />
			<column name="optlock" valueNumeric="0" />
			<column name="group_id" />
			<column name="provisioning_status" />
			<column name="global" valueBoolean="true" />
		</insert>
		<insert tableName="asset">
			<column name="id" valueNumeric="9305" />
			<column name="identifier" value="8669100613" />
			<column name="create_datetime" valueDate="2014-10-22T23:19:10.479" />
			<column name="status_id" valueNumeric="10501" />
			<column name="entity_id" valueNumeric="1" />
			<column name="deleted" valueNumeric="0" />
			<column name="item_id" valueNumeric="320104" />
			<column name="order_line_id" />
			<column name="notes" value="Bulk Upload" />
			<column name="optlock" valueNumeric="0" />
			<column name="group_id" />
			<column name="provisioning_status" />
			<column name="global" valueBoolean="true" />
		</insert>
		<insert tableName="asset">
			<column name="id" valueNumeric="9306" />
			<column name="identifier" value="8669100710" />
			<column name="create_datetime" valueDate="2014-10-22T23:19:10.500" />
			<column name="status_id" valueNumeric="10501" />
			<column name="entity_id" valueNumeric="1" />
			<column name="deleted" valueNumeric="0" />
			<column name="item_id" valueNumeric="320104" />
			<column name="order_line_id" />
			<column name="notes" value="Bulk Upload" />
			<column name="optlock" valueNumeric="0" />
			<column name="group_id" />
			<column name="provisioning_status" />
			<column name="global" valueBoolean="true" />
		</insert>
		<insert tableName="asset">
			<column name="id" valueNumeric="9307" />
			<column name="identifier" value="8669100772" />
			<column name="create_datetime" valueDate="2014-10-22T23:19:10.558" />
			<column name="status_id" valueNumeric="10501" />
			<column name="entity_id" valueNumeric="1" />
			<column name="deleted" valueNumeric="0" />
			<column name="item_id" valueNumeric="320104" />
			<column name="order_line_id" />
			<column name="notes" value="Bulk Upload" />
			<column name="optlock" valueNumeric="0" />
			<column name="group_id" />
			<column name="provisioning_status" />
			<column name="global" valueBoolean="true" />
		</insert>
		<insert tableName="asset">
			<column name="id" valueNumeric="9308" />
			<column name="identifier" value="8669101017" />
			<column name="create_datetime" valueDate="2014-10-22T23:19:10.873" />
			<column name="status_id" valueNumeric="10501" />
			<column name="entity_id" valueNumeric="1" />
			<column name="deleted" valueNumeric="0" />
			<column name="item_id" valueNumeric="320104" />
			<column name="order_line_id" />
			<column name="notes" value="Bulk Upload" />
			<column name="optlock" valueNumeric="0" />
			<column name="group_id" />
			<column name="provisioning_status" />
			<column name="global" valueBoolean="true" />
		</insert>
		<insert tableName="asset">
			<column name="id" valueNumeric="9309" />
			<column name="identifier" value="8669101101" />
			<column name="create_datetime" valueDate="2014-10-22T23:19:10.892" />
			<column name="status_id" valueNumeric="10501" />
			<column name="entity_id" valueNumeric="1" />
			<column name="deleted" valueNumeric="0" />
			<column name="item_id" valueNumeric="320104" />
			<column name="order_line_id" />
			<column name="notes" value="Bulk Upload" />
			<column name="optlock" valueNumeric="0" />
			<column name="group_id" />
			<column name="provisioning_status" />
			<column name="global" valueBoolean="true" />
		</insert>
		<insert tableName="asset">
			<column name="id" valueNumeric="9310" />
			<column name="identifier" value="8669101187" />
			<column name="create_datetime" valueDate="2014-10-22T23:19:11.91" />
			<column name="status_id" valueNumeric="10501" />
			<column name="entity_id" valueNumeric="1" />
			<column name="deleted" valueNumeric="0" />
			<column name="item_id" valueNumeric="320104" />
			<column name="order_line_id" />
			<column name="notes" value="Bulk Upload" />
			<column name="optlock" valueNumeric="0" />
			<column name="group_id" />
			<column name="provisioning_status" />
			<column name="global" valueBoolean="true" />
		</insert>
		<insert tableName="asset">
			<column name="id" valueNumeric="9311" />
			<column name="identifier" value="8669101199" />
			<column name="create_datetime" valueDate="2014-10-22T23:19:11.107" />
			<column name="status_id" valueNumeric="10501" />
			<column name="entity_id" valueNumeric="1" />
			<column name="deleted" valueNumeric="0" />
			<column name="item_id" valueNumeric="320104" />
			<column name="order_line_id" />
			<column name="notes" value="Bulk Upload" />
			<column name="optlock" valueNumeric="0" />
			<column name="group_id" />
			<column name="provisioning_status" />
			<column name="global" valueBoolean="true" />
		</insert>
		<insert tableName="asset">
			<column name="id" valueNumeric="9312" />
			<column name="identifier" value="8669101203" />
			<column name="create_datetime" valueDate="2014-10-22T23:19:11.117" />
			<column name="status_id" valueNumeric="10501" />
			<column name="entity_id" valueNumeric="1" />
			<column name="deleted" valueNumeric="0" />
			<column name="item_id" valueNumeric="320104" />
			<column name="order_line_id" />
			<column name="notes" value="Bulk Upload" />
			<column name="optlock" valueNumeric="0" />
			<column name="group_id" />
			<column name="provisioning_status" />
			<column name="global" valueBoolean="true" />
		</insert>
		<insert tableName="asset">
			<column name="id" valueNumeric="9313" />
			<column name="identifier" value="8669101248" />
			<column name="create_datetime" valueDate="2014-10-22T23:19:11.295" />
			<column name="status_id" valueNumeric="10501" />
			<column name="entity_id" valueNumeric="1" />
			<column name="deleted" valueNumeric="0" />
			<column name="item_id" valueNumeric="320104" />
			<column name="order_line_id" />
			<column name="notes" value="Bulk Upload" />
			<column name="optlock" valueNumeric="0" />
			<column name="group_id" />
			<column name="provisioning_status" />
			<column name="global" valueBoolean="true" />
		</insert>
		<insert tableName="asset">
			<column name="id" valueNumeric="9314" />
			<column name="identifier" value="8669101266" />
			<column name="create_datetime" valueDate="2014-10-22T23:19:11.326" />
			<column name="status_id" valueNumeric="10501" />
			<column name="entity_id" valueNumeric="1" />
			<column name="deleted" valueNumeric="0" />
			<column name="item_id" valueNumeric="320104" />
			<column name="order_line_id" />
			<column name="notes" value="Bulk Upload" />
			<column name="optlock" valueNumeric="0" />
			<column name="group_id" />
			<column name="provisioning_status" />
			<column name="global" valueBoolean="true" />
		</insert>
		<insert tableName="asset">
			<column name="id" valueNumeric="9315" />
			<column name="identifier" value="8669101304" />
			<column name="create_datetime" valueDate="2014-10-22T23:19:11.354" />
			<column name="status_id" valueNumeric="10501" />
			<column name="entity_id" valueNumeric="1" />
			<column name="deleted" valueNumeric="0" />
			<column name="item_id" valueNumeric="320104" />
			<column name="order_line_id" />
			<column name="notes" value="Bulk Upload" />
			<column name="optlock" valueNumeric="0" />
			<column name="group_id" />
			<column name="provisioning_status" />
			<column name="global" valueBoolean="true" />
		</insert>
		<insert tableName="asset">
			<column name="id" valueNumeric="9316" />
			<column name="identifier" value="8669101305" />
			<column name="create_datetime" valueDate="2014-10-22T23:19:11.374" />
			<column name="status_id" valueNumeric="10501" />
			<column name="entity_id" valueNumeric="1" />
			<column name="deleted" valueNumeric="0" />
			<column name="item_id" valueNumeric="320104" />
			<column name="order_line_id" />
			<column name="notes" value="Bulk Upload" />
			<column name="optlock" valueNumeric="0" />
			<column name="group_id" />
			<column name="provisioning_status" />
			<column name="global" valueBoolean="true" />
		</insert>
		<insert tableName="asset">
			<column name="id" valueNumeric="9317" />
			<column name="identifier" value="8669101308" />
			<column name="create_datetime" valueDate="2014-10-22T23:19:11.385" />
			<column name="status_id" valueNumeric="10501" />
			<column name="entity_id" valueNumeric="1" />
			<column name="deleted" valueNumeric="0" />
			<column name="item_id" valueNumeric="320104" />
			<column name="order_line_id" />
			<column name="notes" value="Bulk Upload" />
			<column name="optlock" valueNumeric="0" />
			<column name="group_id" />
			<column name="provisioning_status" />
			<column name="global" valueBoolean="true" />
		</insert>
		<insert tableName="asset">
			<column name="id" valueNumeric="9318" />
			<column name="identifier" value="8669101309" />
			<column name="create_datetime" valueDate="2014-10-22T23:19:11.396" />
			<column name="status_id" valueNumeric="10501" />
			<column name="entity_id" valueNumeric="1" />
			<column name="deleted" valueNumeric="0" />
			<column name="item_id" valueNumeric="320104" />
			<column name="order_line_id" />
			<column name="notes" value="Bulk Upload" />
			<column name="optlock" valueNumeric="0" />
			<column name="group_id" />
			<column name="provisioning_status" />
			<column name="global" valueBoolean="true" />
		</insert>
		<insert tableName="asset">
			<column name="id" valueNumeric="9319" />
			<column name="identifier" value="8669101455" />
			<column name="create_datetime" valueDate="2014-10-22T23:19:11.411" />
			<column name="status_id" valueNumeric="10501" />
			<column name="entity_id" valueNumeric="1" />
			<column name="deleted" valueNumeric="0" />
			<column name="item_id" valueNumeric="320104" />
			<column name="order_line_id" />
			<column name="notes" value="Bulk Upload" />
			<column name="optlock" valueNumeric="0" />
			<column name="group_id" />
			<column name="provisioning_status" />
			<column name="global" valueBoolean="true" />
		</insert>
		<insert tableName="asset">
			<column name="id" valueNumeric="9320" />
			<column name="identifier" value="8669101457" />
			<column name="create_datetime" valueDate="2014-10-22T23:19:11.441" />
			<column name="status_id" valueNumeric="10501" />
			<column name="entity_id" valueNumeric="1" />
			<column name="deleted" valueNumeric="0" />
			<column name="item_id" valueNumeric="320104" />
			<column name="order_line_id" />
			<column name="notes" value="Bulk Upload" />
			<column name="optlock" valueNumeric="0" />
			<column name="group_id" />
			<column name="provisioning_status" />
			<column name="global" valueBoolean="true" />
		</insert>
		<insert tableName="asset">
			<column name="id" valueNumeric="9321" />
			<column name="identifier" value="8669101473" />
			<column name="create_datetime" valueDate="2014-10-22T23:19:11.566" />
			<column name="status_id" valueNumeric="10501" />
			<column name="entity_id" valueNumeric="1" />
			<column name="deleted" valueNumeric="0" />
			<column name="item_id" valueNumeric="320104" />
			<column name="order_line_id" />
			<column name="notes" value="Bulk Upload" />
			<column name="optlock" valueNumeric="0" />
			<column name="group_id" />
			<column name="provisioning_status" />
			<column name="global" valueBoolean="true" />
		</insert>
		<insert tableName="asset">
			<column name="id" valueNumeric="9322" />
			<column name="identifier" value="8669101474" />
			<column name="create_datetime" valueDate="2014-10-22T23:19:11.572" />
			<column name="status_id" valueNumeric="10501" />
			<column name="entity_id" valueNumeric="1" />
			<column name="deleted" valueNumeric="0" />
			<column name="item_id" valueNumeric="320104" />
			<column name="order_line_id" />
			<column name="notes" value="Bulk Upload" />
			<column name="optlock" valueNumeric="0" />
			<column name="group_id" />
			<column name="provisioning_status" />
			<column name="global" valueBoolean="true" />
		</insert>
		<insert tableName="asset">
			<column name="id" valueNumeric="9323" />
			<column name="identifier" value="8669101477" />
			<column name="create_datetime" valueDate="2014-10-22T23:19:11.583" />
			<column name="status_id" valueNumeric="10501" />
			<column name="entity_id" valueNumeric="1" />
			<column name="deleted" valueNumeric="0" />
			<column name="item_id" valueNumeric="320104" />
			<column name="order_line_id" />
			<column name="notes" value="Bulk Upload" />
			<column name="optlock" valueNumeric="0" />
			<column name="group_id" />
			<column name="provisioning_status" />
			<column name="global" valueBoolean="true" />
		</insert>
		<insert tableName="asset">
			<column name="id" valueNumeric="9324" />
			<column name="identifier" value="8669101478" />
			<column name="create_datetime" valueDate="2014-10-22T23:19:11.645" />
			<column name="status_id" valueNumeric="10501" />
			<column name="entity_id" valueNumeric="1" />
			<column name="deleted" valueNumeric="0" />
			<column name="item_id" valueNumeric="320104" />
			<column name="order_line_id" />
			<column name="notes" value="Bulk Upload" />
			<column name="optlock" valueNumeric="0" />
			<column name="group_id" />
			<column name="provisioning_status" />
			<column name="global" valueBoolean="true" />
		</insert>
		<insert tableName="asset">
			<column name="id" valueNumeric="9325" />
			<column name="identifier" value="8669101479" />
			<column name="create_datetime" valueDate="2014-10-22T23:19:11.652" />
			<column name="status_id" valueNumeric="10501" />
			<column name="entity_id" valueNumeric="1" />
			<column name="deleted" valueNumeric="0" />
			<column name="item_id" valueNumeric="320104" />
			<column name="order_line_id" />
			<column name="notes" value="Bulk Upload" />
			<column name="optlock" valueNumeric="0" />
			<column name="group_id" />
			<column name="provisioning_status" />
			<column name="global" valueBoolean="true" />
		</insert>
		<insert tableName="asset">
			<column name="id" valueNumeric="9326" />
			<column name="identifier" value="8669101480" />
			<column name="create_datetime" valueDate="2014-10-22T23:19:11.663" />
			<column name="status_id" valueNumeric="10501" />
			<column name="entity_id" valueNumeric="1" />
			<column name="deleted" valueNumeric="0" />
			<column name="item_id" valueNumeric="320104" />
			<column name="order_line_id" />
			<column name="notes" value="Bulk Upload" />
			<column name="optlock" valueNumeric="0" />
			<column name="group_id" />
			<column name="provisioning_status" />
			<column name="global" valueBoolean="true" />
		</insert>
		<insert tableName="asset">
			<column name="id" valueNumeric="9327" />
			<column name="identifier" value="8669101595" />
			<column name="create_datetime" valueDate="2014-10-22T23:19:11.721" />
			<column name="status_id" valueNumeric="10501" />
			<column name="entity_id" valueNumeric="1" />
			<column name="deleted" valueNumeric="0" />
			<column name="item_id" valueNumeric="320104" />
			<column name="order_line_id" />
			<column name="notes" value="Bulk Upload" />
			<column name="optlock" valueNumeric="0" />
			<column name="group_id" />
			<column name="provisioning_status" />
			<column name="global" valueBoolean="true" />
		</insert>
		<insert tableName="asset">
			<column name="id" valueNumeric="9328" />
			<column name="identifier" value="8669101711" />
			<column name="create_datetime" valueDate="2014-10-22T23:19:11.755" />
			<column name="status_id" valueNumeric="10501" />
			<column name="entity_id" valueNumeric="1" />
			<column name="deleted" valueNumeric="0" />
			<column name="item_id" valueNumeric="320104" />
			<column name="order_line_id" />
			<column name="notes" value="Bulk Upload" />
			<column name="optlock" valueNumeric="0" />
			<column name="group_id" />
			<column name="provisioning_status" />
			<column name="global" valueBoolean="true" />
		</insert>
		<insert tableName="asset">
			<column name="id" valueNumeric="9329" />
			<column name="identifier" value="8669101712" />
			<column name="create_datetime" valueDate="2014-10-22T23:19:11.787" />
			<column name="status_id" valueNumeric="10501" />
			<column name="entity_id" valueNumeric="1" />
			<column name="deleted" valueNumeric="0" />
			<column name="item_id" valueNumeric="320104" />
			<column name="order_line_id" />
			<column name="notes" value="Bulk Upload" />
			<column name="optlock" valueNumeric="0" />
			<column name="group_id" />
			<column name="provisioning_status" />
			<column name="global" valueBoolean="true" />
		</insert>
		<insert tableName="asset">
			<column name="id" valueNumeric="9330" />
			<column name="identifier" value="8669101846" />
			<column name="create_datetime" valueDate="2014-10-22T23:19:11.929" />
			<column name="status_id" valueNumeric="10501" />
			<column name="entity_id" valueNumeric="1" />
			<column name="deleted" valueNumeric="0" />
			<column name="item_id" valueNumeric="320104" />
			<column name="order_line_id" />
			<column name="notes" value="Bulk Upload" />
			<column name="optlock" valueNumeric="0" />
			<column name="group_id" />
			<column name="provisioning_status" />
			<column name="global" valueBoolean="true" />
		</insert>
		<insert tableName="asset">
			<column name="id" valueNumeric="9331" />
			<column name="identifier" value="8669101879" />
			<column name="create_datetime" valueDate="2014-10-22T23:19:11.936" />
			<column name="status_id" valueNumeric="10501" />
			<column name="entity_id" valueNumeric="1" />
			<column name="deleted" valueNumeric="0" />
			<column name="item_id" valueNumeric="320104" />
			<column name="order_line_id" />
			<column name="notes" value="Bulk Upload" />
			<column name="optlock" valueNumeric="0" />
			<column name="group_id" />
			<column name="provisioning_status" />
			<column name="global" valueBoolean="true" />
		</insert>
		<insert tableName="asset">
			<column name="id" valueNumeric="9332" />
			<column name="identifier" value="8669102006" />
			<column name="create_datetime" valueDate="2014-10-22T23:19:11.968" />
			<column name="status_id" valueNumeric="10501" />
			<column name="entity_id" valueNumeric="1" />
			<column name="deleted" valueNumeric="0" />
			<column name="item_id" valueNumeric="320104" />
			<column name="order_line_id" />
			<column name="notes" value="Bulk Upload" />
			<column name="optlock" valueNumeric="0" />
			<column name="group_id" />
			<column name="provisioning_status" />
			<column name="global" valueBoolean="true" />
		</insert>
		<insert tableName="asset">
			<column name="id" valueNumeric="9333" />
			<column name="identifier" value="8669102017" />
			<column name="create_datetime" valueDate="2014-10-22T23:19:11.983" />
			<column name="status_id" valueNumeric="10501" />
			<column name="entity_id" valueNumeric="1" />
			<column name="deleted" valueNumeric="0" />
			<column name="item_id" valueNumeric="320104" />
			<column name="order_line_id" />
			<column name="notes" value="Bulk Upload" />
			<column name="optlock" valueNumeric="0" />
			<column name="group_id" />
			<column name="provisioning_status" />
			<column name="global" valueBoolean="true" />
		</insert>
		<insert tableName="asset">
			<column name="id" valueNumeric="9334" />
			<column name="identifier" value="8669102018" />
			<column name="create_datetime" valueDate="2014-10-22T23:19:11.997" />
			<column name="status_id" valueNumeric="10501" />
			<column name="entity_id" valueNumeric="1" />
			<column name="deleted" valueNumeric="0" />
			<column name="item_id" valueNumeric="320104" />
			<column name="order_line_id" />
			<column name="notes" value="Bulk Upload" />
			<column name="optlock" valueNumeric="0" />
			<column name="group_id" />
			<column name="provisioning_status" />
			<column name="global" valueBoolean="true" />
		</insert>
		<insert tableName="asset">
			<column name="id" valueNumeric="9335" />
			<column name="identifier" value="8669102102" />
			<column name="create_datetime" valueDate="2014-10-22T23:19:12.61" />
			<column name="status_id" valueNumeric="10501" />
			<column name="entity_id" valueNumeric="1" />
			<column name="deleted" valueNumeric="0" />
			<column name="item_id" valueNumeric="320104" />
			<column name="order_line_id" />
			<column name="notes" value="Bulk Upload" />
			<column name="optlock" valueNumeric="0" />
			<column name="group_id" />
			<column name="provisioning_status" />
			<column name="global" valueBoolean="true" />
		</insert>
		<insert tableName="asset">
			<column name="id" valueNumeric="9336" />
			<column name="identifier" value="8669102224" />
			<column name="create_datetime" valueDate="2014-10-22T23:19:12.68" />
			<column name="status_id" valueNumeric="10501" />
			<column name="entity_id" valueNumeric="1" />
			<column name="deleted" valueNumeric="0" />
			<column name="item_id" valueNumeric="320104" />
			<column name="order_line_id" />
			<column name="notes" value="Bulk Upload" />
			<column name="optlock" valueNumeric="0" />
			<column name="group_id" />
			<column name="provisioning_status" />
			<column name="global" valueBoolean="true" />
		</insert>
		<insert tableName="asset">
			<column name="id" valueNumeric="9337" />
			<column name="identifier" value="8669102326" />
			<column name="create_datetime" valueDate="2014-10-22T23:19:12.117" />
			<column name="status_id" valueNumeric="10501" />
			<column name="entity_id" valueNumeric="1" />
			<column name="deleted" valueNumeric="0" />
			<column name="item_id" valueNumeric="320104" />
			<column name="order_line_id" />
			<column name="notes" value="Bulk Upload" />
			<column name="optlock" valueNumeric="0" />
			<column name="group_id" />
			<column name="provisioning_status" />
			<column name="global" valueBoolean="true" />
		</insert>
		<insert tableName="asset">
			<column name="id" valueNumeric="9338" />
			<column name="identifier" value="8669102329" />
			<column name="create_datetime" valueDate="2014-10-22T23:19:12.129" />
			<column name="status_id" valueNumeric="10501" />
			<column name="entity_id" valueNumeric="1" />
			<column name="deleted" valueNumeric="0" />
			<column name="item_id" valueNumeric="320104" />
			<column name="order_line_id" />
			<column name="notes" value="Bulk Upload" />
			<column name="optlock" valueNumeric="0" />
			<column name="group_id" />
			<column name="provisioning_status" />
			<column name="global" valueBoolean="true" />
		</insert>
		<insert tableName="asset">
			<column name="id" valueNumeric="9339" />
			<column name="identifier" value="8669102334" />
			<column name="create_datetime" valueDate="2014-10-22T23:19:12.148" />
			<column name="status_id" valueNumeric="10501" />
			<column name="entity_id" valueNumeric="1" />
			<column name="deleted" valueNumeric="0" />
			<column name="item_id" valueNumeric="320104" />
			<column name="order_line_id" />
			<column name="notes" value="Bulk Upload" />
			<column name="optlock" valueNumeric="0" />
			<column name="group_id" />
			<column name="provisioning_status" />
			<column name="global" valueBoolean="true" />
		</insert>
		<insert tableName="asset">
			<column name="id" valueNumeric="9340" />
			<column name="identifier" value="8669102345" />
			<column name="create_datetime" valueDate="2014-10-22T23:19:12.163" />
			<column name="status_id" valueNumeric="10501" />
			<column name="entity_id" valueNumeric="1" />
			<column name="deleted" valueNumeric="0" />
			<column name="item_id" valueNumeric="320104" />
			<column name="order_line_id" />
			<column name="notes" value="Bulk Upload" />
			<column name="optlock" valueNumeric="0" />
			<column name="group_id" />
			<column name="provisioning_status" />
			<column name="global" valueBoolean="true" />
		</insert>
		<insert tableName="asset">
			<column name="id" valueNumeric="9341" />
			<column name="identifier" value="8669102427" />
			<column name="create_datetime" valueDate="2014-10-22T23:19:12.178" />
			<column name="status_id" valueNumeric="10501" />
			<column name="entity_id" valueNumeric="1" />
			<column name="deleted" valueNumeric="0" />
			<column name="item_id" valueNumeric="320104" />
			<column name="order_line_id" />
			<column name="notes" value="Bulk Upload" />
			<column name="optlock" valueNumeric="0" />
			<column name="group_id" />
			<column name="provisioning_status" />
			<column name="global" valueBoolean="true" />
		</insert>
		<insert tableName="asset">
			<column name="id" valueNumeric="9342" />
			<column name="identifier" value="8669102677" />
			<column name="create_datetime" valueDate="2014-10-22T23:19:12.202" />
			<column name="status_id" valueNumeric="10501" />
			<column name="entity_id" valueNumeric="1" />
			<column name="deleted" valueNumeric="0" />
			<column name="item_id" valueNumeric="320104" />
			<column name="order_line_id" />
			<column name="notes" value="Bulk Upload" />
			<column name="optlock" valueNumeric="0" />
			<column name="group_id" />
			<column name="provisioning_status" />
			<column name="global" valueBoolean="true" />
		</insert>
		<insert tableName="asset">
			<column name="id" valueNumeric="9343" />
			<column name="identifier" value="8669102698" />
			<column name="create_datetime" valueDate="2014-10-22T23:19:12.214" />
			<column name="status_id" valueNumeric="10501" />
			<column name="entity_id" valueNumeric="1" />
			<column name="deleted" valueNumeric="0" />
			<column name="item_id" valueNumeric="320104" />
			<column name="order_line_id" />
			<column name="notes" value="Bulk Upload" />
			<column name="optlock" valueNumeric="0" />
			<column name="group_id" />
			<column name="provisioning_status" />
			<column name="global" valueBoolean="true" />
		</insert>
		<insert tableName="asset">
			<column name="id" valueNumeric="9344" />
			<column name="identifier" value="8669102738" />
			<column name="create_datetime" valueDate="2014-10-22T23:19:12.229" />
			<column name="status_id" valueNumeric="10501" />
			<column name="entity_id" valueNumeric="1" />
			<column name="deleted" valueNumeric="0" />
			<column name="item_id" valueNumeric="320104" />
			<column name="order_line_id" />
			<column name="notes" value="Bulk Upload" />
			<column name="optlock" valueNumeric="0" />
			<column name="group_id" />
			<column name="provisioning_status" />
			<column name="global" valueBoolean="true" />
		</insert>
		<insert tableName="asset">
			<column name="id" valueNumeric="9345" />
			<column name="identifier" value="8669102778" />
			<column name="create_datetime" valueDate="2014-10-22T23:19:12.286" />
			<column name="status_id" valueNumeric="10501" />
			<column name="entity_id" valueNumeric="1" />
			<column name="deleted" valueNumeric="0" />
			<column name="item_id" valueNumeric="320104" />
			<column name="order_line_id" />
			<column name="notes" value="Bulk Upload" />
			<column name="optlock" valueNumeric="0" />
			<column name="group_id" />
			<column name="provisioning_status" />
			<column name="global" valueBoolean="true" />
		</insert>
		<insert tableName="asset">
			<column name="id" valueNumeric="9346" />
			<column name="identifier" value="8669102809" />
			<column name="create_datetime" valueDate="2014-10-22T23:19:12.294" />
			<column name="status_id" valueNumeric="10501" />
			<column name="entity_id" valueNumeric="1" />
			<column name="deleted" valueNumeric="0" />
			<column name="item_id" valueNumeric="320104" />
			<column name="order_line_id" />
			<column name="notes" value="Bulk Upload" />
			<column name="optlock" valueNumeric="0" />
			<column name="group_id" />
			<column name="provisioning_status" />
			<column name="global" valueBoolean="true" />
		</insert>
		<insert tableName="asset">
			<column name="id" valueNumeric="9347" />
			<column name="identifier" value="8669102823" />
			<column name="create_datetime" valueDate="2014-10-22T23:19:12.309" />
			<column name="status_id" valueNumeric="10501" />
			<column name="entity_id" valueNumeric="1" />
			<column name="deleted" valueNumeric="0" />
			<column name="item_id" valueNumeric="320104" />
			<column name="order_line_id" />
			<column name="notes" value="Bulk Upload" />
			<column name="optlock" valueNumeric="0" />
			<column name="group_id" />
			<column name="provisioning_status" />
			<column name="global" valueBoolean="true" />
		</insert>
		<insert tableName="asset">
			<column name="id" valueNumeric="9348" />
			<column name="identifier" value="8669120049" />
			<column name="create_datetime" valueDate="2014-10-22T23:19:12.316" />
			<column name="status_id" valueNumeric="10501" />
			<column name="entity_id" valueNumeric="1" />
			<column name="deleted" valueNumeric="0" />
			<column name="item_id" valueNumeric="320104" />
			<column name="order_line_id" />
			<column name="notes" value="Bulk Upload" />
			<column name="optlock" valueNumeric="0" />
			<column name="group_id" />
			<column name="provisioning_status" />
			<column name="global" valueBoolean="true" />
		</insert>
		<insert tableName="asset">
			<column name="id" valueNumeric="9349" />
			<column name="identifier" value="8669120358" />
			<column name="create_datetime" valueDate="2014-10-22T23:19:12.333" />
			<column name="status_id" valueNumeric="10501" />
			<column name="entity_id" valueNumeric="1" />
			<column name="deleted" valueNumeric="0" />
			<column name="item_id" valueNumeric="320104" />
			<column name="order_line_id" />
			<column name="notes" value="Bulk Upload" />
			<column name="optlock" valueNumeric="0" />
			<column name="group_id" />
			<column name="provisioning_status" />
			<column name="global" valueBoolean="true" />
		</insert>
		<insert tableName="asset">
			<column name="id" valueNumeric="9350" />
			<column name="identifier" value="8669121770" />
			<column name="create_datetime" valueDate="2014-10-22T23:19:12.353" />
			<column name="status_id" valueNumeric="10501" />
			<column name="entity_id" valueNumeric="1" />
			<column name="deleted" valueNumeric="0" />
			<column name="item_id" valueNumeric="320104" />
			<column name="order_line_id" />
			<column name="notes" value="Bulk Upload" />
			<column name="optlock" valueNumeric="0" />
			<column name="group_id" />
			<column name="provisioning_status" />
			<column name="global" valueBoolean="true" />
		</insert>
		<insert tableName="asset">
			<column name="id" valueNumeric="9351" />
			<column name="identifier" value="8669121773" />
			<column name="create_datetime" valueDate="2014-10-22T23:19:12.398" />
			<column name="status_id" valueNumeric="10501" />
			<column name="entity_id" valueNumeric="1" />
			<column name="deleted" valueNumeric="0" />
			<column name="item_id" valueNumeric="320104" />
			<column name="order_line_id" />
			<column name="notes" value="Bulk Upload" />
			<column name="optlock" valueNumeric="0" />
			<column name="group_id" />
			<column name="provisioning_status" />
			<column name="global" valueBoolean="true" />
		</insert>
		<insert tableName="asset">
			<column name="id" valueNumeric="9352" />
			<column name="identifier" value="8669121782" />
			<column name="create_datetime" valueDate="2014-10-22T23:19:12.410" />
			<column name="status_id" valueNumeric="10501" />
			<column name="entity_id" valueNumeric="1" />
			<column name="deleted" valueNumeric="0" />
			<column name="item_id" valueNumeric="320104" />
			<column name="order_line_id" />
			<column name="notes" value="Bulk Upload" />
			<column name="optlock" valueNumeric="0" />
			<column name="group_id" />
			<column name="provisioning_status" />
			<column name="global" valueBoolean="true" />
		</insert>
		<insert tableName="asset">
			<column name="id" valueNumeric="9353" />
			<column name="identifier" value="8669121792" />
			<column name="create_datetime" valueDate="2014-10-22T23:19:12.417" />
			<column name="status_id" valueNumeric="10501" />
			<column name="entity_id" valueNumeric="1" />
			<column name="deleted" valueNumeric="0" />
			<column name="item_id" valueNumeric="320104" />
			<column name="order_line_id" />
			<column name="notes" value="Bulk Upload" />
			<column name="optlock" valueNumeric="0" />
			<column name="group_id" />
			<column name="provisioning_status" />
			<column name="global" valueBoolean="true" />
		</insert>
		<insert tableName="asset">
			<column name="id" valueNumeric="9354" />
			<column name="identifier" value="8669122261" />
			<column name="create_datetime" valueDate="2014-10-22T23:19:12.424" />
			<column name="status_id" valueNumeric="10501" />
			<column name="entity_id" valueNumeric="1" />
			<column name="deleted" valueNumeric="0" />
			<column name="item_id" valueNumeric="320104" />
			<column name="order_line_id" />
			<column name="notes" value="Bulk Upload" />
			<column name="optlock" valueNumeric="0" />
			<column name="group_id" />
			<column name="provisioning_status" />
			<column name="global" valueBoolean="true" />
		</insert>
		<insert tableName="asset">
			<column name="id" valueNumeric="9355" />
			<column name="identifier" value="8669122429" />
			<column name="create_datetime" valueDate="2014-10-22T23:19:12.460" />
			<column name="status_id" valueNumeric="10501" />
			<column name="entity_id" valueNumeric="1" />
			<column name="deleted" valueNumeric="0" />
			<column name="item_id" valueNumeric="320104" />
			<column name="order_line_id" />
			<column name="notes" value="Bulk Upload" />
			<column name="optlock" valueNumeric="0" />
			<column name="group_id" />
			<column name="provisioning_status" />
			<column name="global" valueBoolean="true" />
		</insert>
		<insert tableName="asset">
			<column name="id" valueNumeric="9356" />
			<column name="identifier" value="8669122989" />
			<column name="create_datetime" valueDate="2014-10-22T23:19:12.527" />
			<column name="status_id" valueNumeric="10501" />
			<column name="entity_id" valueNumeric="1" />
			<column name="deleted" valueNumeric="0" />
			<column name="item_id" valueNumeric="320104" />
			<column name="order_line_id" />
			<column name="notes" value="Bulk Upload" />
			<column name="optlock" valueNumeric="0" />
			<column name="group_id" />
			<column name="provisioning_status" />
			<column name="global" valueBoolean="true" />
		</insert>
		<insert tableName="asset">
			<column name="id" valueNumeric="9357" />
			<column name="identifier" value="8669125519" />
			<column name="create_datetime" valueDate="2014-10-22T23:19:12.539" />
			<column name="status_id" valueNumeric="10501" />
			<column name="entity_id" valueNumeric="1" />
			<column name="deleted" valueNumeric="0" />
			<column name="item_id" valueNumeric="320104" />
			<column name="order_line_id" />
			<column name="notes" value="Bulk Upload" />
			<column name="optlock" valueNumeric="0" />
			<column name="group_id" />
			<column name="provisioning_status" />
			<column name="global" valueBoolean="true" />
		</insert>
		<insert tableName="asset">
			<column name="id" valueNumeric="9358" />
			<column name="identifier" value="8669126282" />
			<column name="create_datetime" valueDate="2014-10-22T23:19:12.554" />
			<column name="status_id" valueNumeric="10501" />
			<column name="entity_id" valueNumeric="1" />
			<column name="deleted" valueNumeric="0" />
			<column name="item_id" valueNumeric="320104" />
			<column name="order_line_id" />
			<column name="notes" value="Bulk Upload" />
			<column name="optlock" valueNumeric="0" />
			<column name="group_id" />
			<column name="provisioning_status" />
			<column name="global" valueBoolean="true" />
		</insert>
		<insert tableName="asset">
			<column name="id" valueNumeric="9359" />
			<column name="identifier" value="8669126658" />
			<column name="create_datetime" valueDate="2014-10-22T23:19:12.569" />
			<column name="status_id" valueNumeric="10501" />
			<column name="entity_id" valueNumeric="1" />
			<column name="deleted" valueNumeric="0" />
			<column name="item_id" valueNumeric="320104" />
			<column name="order_line_id" />
			<column name="notes" value="Bulk Upload" />
			<column name="optlock" valueNumeric="0" />
			<column name="group_id" />
			<column name="provisioning_status" />
			<column name="global" valueBoolean="true" />
		</insert>
		<insert tableName="asset">
			<column name="id" valueNumeric="9360" />
			<column name="identifier" value="8669126931" />
			<column name="create_datetime" valueDate="2014-10-22T23:19:12.600" />
			<column name="status_id" valueNumeric="10501" />
			<column name="entity_id" valueNumeric="1" />
			<column name="deleted" valueNumeric="0" />
			<column name="item_id" valueNumeric="320104" />
			<column name="order_line_id" />
			<column name="notes" value="Bulk Upload" />
			<column name="optlock" valueNumeric="0" />
			<column name="group_id" />
			<column name="provisioning_status" />
			<column name="global" valueBoolean="true" />
		</insert>
		<insert tableName="asset">
			<column name="id" valueNumeric="9361" />
			<column name="identifier" value="8669126932" />
			<column name="create_datetime" valueDate="2014-10-22T23:19:12.607" />
			<column name="status_id" valueNumeric="10501" />
			<column name="entity_id" valueNumeric="1" />
			<column name="deleted" valueNumeric="0" />
			<column name="item_id" valueNumeric="320104" />
			<column name="order_line_id" />
			<column name="notes" value="Bulk Upload" />
			<column name="optlock" valueNumeric="0" />
			<column name="group_id" />
			<column name="provisioning_status" />
			<column name="global" valueBoolean="true" />
		</insert>
		<insert tableName="asset">
			<column name="id" valueNumeric="9362" />
			<column name="identifier" value="8669128273" />
			<column name="create_datetime" valueDate="2014-10-22T23:19:12.682" />
			<column name="status_id" valueNumeric="10501" />
			<column name="entity_id" valueNumeric="1" />
			<column name="deleted" valueNumeric="0" />
			<column name="item_id" valueNumeric="320104" />
			<column name="order_line_id" />
			<column name="notes" value="Bulk Upload" />
			<column name="optlock" valueNumeric="0" />
			<column name="group_id" />
			<column name="provisioning_status" />
			<column name="global" valueBoolean="true" />
		</insert>
		<insert tableName="asset">
			<column name="id" valueNumeric="9363" />
			<column name="identifier" value="8669129445" />
			<column name="create_datetime" valueDate="2014-10-22T23:19:12.698" />
			<column name="status_id" valueNumeric="10501" />
			<column name="entity_id" valueNumeric="1" />
			<column name="deleted" valueNumeric="0" />
			<column name="item_id" valueNumeric="320104" />
			<column name="order_line_id" />
			<column name="notes" value="Bulk Upload" />
			<column name="optlock" valueNumeric="0" />
			<column name="group_id" />
			<column name="provisioning_status" />
			<column name="global" valueBoolean="true" />
		</insert>
		<insert tableName="asset">
			<column name="id" valueNumeric="9364" />
			<column name="identifier" value="8669129622" />
			<column name="create_datetime" valueDate="2014-10-22T23:19:12.728" />
			<column name="status_id" valueNumeric="10501" />
			<column name="entity_id" valueNumeric="1" />
			<column name="deleted" valueNumeric="0" />
			<column name="item_id" valueNumeric="320104" />
			<column name="order_line_id" />
			<column name="notes" value="Bulk Upload" />
			<column name="optlock" valueNumeric="0" />
			<column name="group_id" />
			<column name="provisioning_status" />
			<column name="global" valueBoolean="true" />
		</insert>
		<insert tableName="asset">
			<column name="id" valueNumeric="9365" />
			<column name="identifier" value="8669159744" />
			<column name="create_datetime" valueDate="2014-10-22T23:19:12.748" />
			<column name="status_id" valueNumeric="10501" />
			<column name="entity_id" valueNumeric="1" />
			<column name="deleted" valueNumeric="0" />
			<column name="item_id" valueNumeric="320104" />
			<column name="order_line_id" />
			<column name="notes" value="Bulk Upload" />
			<column name="optlock" valueNumeric="0" />
			<column name="group_id" />
			<column name="provisioning_status" />
			<column name="global" valueBoolean="true" />
		</insert>
		<insert tableName="asset">
			<column name="id" valueNumeric="9366" />
			<column name="identifier" value="8669204348" />
			<column name="create_datetime" valueDate="2014-10-22T23:19:12.783" />
			<column name="status_id" valueNumeric="10501" />
			<column name="entity_id" valueNumeric="1" />
			<column name="deleted" valueNumeric="0" />
			<column name="item_id" valueNumeric="320104" />
			<column name="order_line_id" />
			<column name="notes" value="Bulk Upload" />
			<column name="optlock" valueNumeric="0" />
			<column name="group_id" />
			<column name="provisioning_status" />
			<column name="global" valueBoolean="true" />
		</insert>
		<insert tableName="asset">
			<column name="id" valueNumeric="9367" />
			<column name="identifier" value="8669207114" />
			<column name="create_datetime" valueDate="2014-10-22T23:19:12.790" />
			<column name="status_id" valueNumeric="10501" />
			<column name="entity_id" valueNumeric="1" />
			<column name="deleted" valueNumeric="0" />
			<column name="item_id" valueNumeric="320104" />
			<column name="order_line_id" />
			<column name="notes" value="Bulk Upload" />
			<column name="optlock" valueNumeric="0" />
			<column name="group_id" />
			<column name="provisioning_status" />
			<column name="global" valueBoolean="true" />
		</insert>
		<insert tableName="asset">
			<column name="id" valueNumeric="9368" />
			<column name="identifier" value="8669221045" />
			<column name="create_datetime" valueDate="2014-10-22T23:19:12.798" />
			<column name="status_id" valueNumeric="10501" />
			<column name="entity_id" valueNumeric="1" />
			<column name="deleted" valueNumeric="0" />
			<column name="item_id" valueNumeric="320104" />
			<column name="order_line_id" />
			<column name="notes" value="Bulk Upload" />
			<column name="optlock" valueNumeric="0" />
			<column name="group_id" />
			<column name="provisioning_status" />
			<column name="global" valueBoolean="true" />
		</insert>
		<insert tableName="asset">
			<column name="id" valueNumeric="9369" />
			<column name="identifier" value="8669221049" />
			<column name="create_datetime" valueDate="2014-10-22T23:19:12.810" />
			<column name="status_id" valueNumeric="10501" />
			<column name="entity_id" valueNumeric="1" />
			<column name="deleted" valueNumeric="0" />
			<column name="item_id" valueNumeric="320104" />
			<column name="order_line_id" />
			<column name="notes" value="Bulk Upload" />
			<column name="optlock" valueNumeric="0" />
			<column name="group_id" />
			<column name="provisioning_status" />
			<column name="global" valueBoolean="true" />
		</insert>
		<insert tableName="asset">
			<column name="id" valueNumeric="9370" />
			<column name="identifier" value="8669222411" />
			<column name="create_datetime" valueDate="2014-10-22T23:19:12.847" />
			<column name="status_id" valueNumeric="10501" />
			<column name="entity_id" valueNumeric="1" />
			<column name="deleted" valueNumeric="0" />
			<column name="item_id" valueNumeric="320104" />
			<column name="order_line_id" />
			<column name="notes" value="Bulk Upload" />
			<column name="optlock" valueNumeric="0" />
			<column name="group_id" />
			<column name="provisioning_status" />
			<column name="global" valueBoolean="true" />
		</insert>
		<insert tableName="asset">
			<column name="id" valueNumeric="9371" />
			<column name="identifier" value="8669285011" />
			<column name="create_datetime" valueDate="2014-10-22T23:19:12.854" />
			<column name="status_id" valueNumeric="10501" />
			<column name="entity_id" valueNumeric="1" />
			<column name="deleted" valueNumeric="0" />
			<column name="item_id" valueNumeric="320104" />
			<column name="order_line_id" />
			<column name="notes" value="Bulk Upload" />
			<column name="optlock" valueNumeric="0" />
			<column name="group_id" />
			<column name="provisioning_status" />
			<column name="global" valueBoolean="true" />
		</insert>
		<insert tableName="asset">
			<column name="id" valueNumeric="9372" />
			<column name="identifier" value="8669300663" />
			<column name="create_datetime" valueDate="2014-10-22T23:19:12.879" />
			<column name="status_id" valueNumeric="10501" />
			<column name="entity_id" valueNumeric="1" />
			<column name="deleted" valueNumeric="0" />
			<column name="item_id" valueNumeric="320104" />
			<column name="order_line_id" />
			<column name="notes" value="Bulk Upload" />
			<column name="optlock" valueNumeric="0" />
			<column name="group_id" />
			<column name="provisioning_status" />
			<column name="global" valueBoolean="true" />
		</insert>
		<insert tableName="asset">
			<column name="id" valueNumeric="9373" />
			<column name="identifier" value="8669302018" />
			<column name="create_datetime" valueDate="2014-10-22T23:19:12.925" />
			<column name="status_id" valueNumeric="10501" />
			<column name="entity_id" valueNumeric="1" />
			<column name="deleted" valueNumeric="0" />
			<column name="item_id" valueNumeric="320104" />
			<column name="order_line_id" />
			<column name="notes" value="Bulk Upload" />
			<column name="optlock" valueNumeric="0" />
			<column name="group_id" />
			<column name="provisioning_status" />
			<column name="global" valueBoolean="true" />
		</insert>
		<insert tableName="asset">
			<column name="id" valueNumeric="9374" />
			<column name="identifier" value="8669302331" />
			<column name="create_datetime" valueDate="2014-10-22T23:19:12.938" />
			<column name="status_id" valueNumeric="10501" />
			<column name="entity_id" valueNumeric="1" />
			<column name="deleted" valueNumeric="0" />
			<column name="item_id" valueNumeric="320104" />
			<column name="order_line_id" />
			<column name="notes" value="Bulk Upload" />
			<column name="optlock" valueNumeric="0" />
			<column name="group_id" />
			<column name="provisioning_status" />
			<column name="global" valueBoolean="true" />
		</insert>
		<insert tableName="asset">
			<column name="id" valueNumeric="9379" />
			<column name="identifier" value="8669304624" />
			<column name="create_datetime" valueDate="2014-10-22T23:19:13.252" />
			<column name="status_id" valueNumeric="10501" />
			<column name="entity_id" valueNumeric="1" />
			<column name="deleted" valueNumeric="0" />
			<column name="item_id" valueNumeric="320104" />
			<column name="order_line_id" />
			<column name="notes" value="Bulk Upload" />
			<column name="optlock" valueNumeric="0" />
			<column name="group_id" />
			<column name="provisioning_status" />
			<column name="global" valueBoolean="true" />
		</insert>
		<insert tableName="asset">
			<column name="id" valueNumeric="9380" />
			<column name="identifier" value="8669304643" />
			<column name="create_datetime" valueDate="2014-10-22T23:19:13.280" />
			<column name="status_id" valueNumeric="10501" />
			<column name="entity_id" valueNumeric="1" />
			<column name="deleted" valueNumeric="0" />
			<column name="item_id" valueNumeric="320104" />
			<column name="order_line_id" />
			<column name="notes" value="Bulk Upload" />
			<column name="optlock" valueNumeric="0" />
			<column name="group_id" />
			<column name="provisioning_status" />
			<column name="global" valueBoolean="true" />
		</insert>
		<insert tableName="asset">
			<column name="id" valueNumeric="9381" />
			<column name="identifier" value="8669305205" />
			<column name="create_datetime" valueDate="2014-10-22T23:19:13.323" />
			<column name="status_id" valueNumeric="10501" />
			<column name="entity_id" valueNumeric="1" />
			<column name="deleted" valueNumeric="0" />
			<column name="item_id" valueNumeric="320104" />
			<column name="order_line_id" />
			<column name="notes" value="Bulk Upload" />
			<column name="optlock" valueNumeric="0" />
			<column name="group_id" />
			<column name="provisioning_status" />
			<column name="global" valueBoolean="true" />
		</insert>
		<insert tableName="asset">
			<column name="id" valueNumeric="9382" />
			<column name="identifier" value="8669307517" />
			<column name="create_datetime" valueDate="2014-10-22T23:19:13.330" />
			<column name="status_id" valueNumeric="10501" />
			<column name="entity_id" valueNumeric="1" />
			<column name="deleted" valueNumeric="0" />
			<column name="item_id" valueNumeric="320104" />
			<column name="order_line_id" />
			<column name="notes" value="Bulk Upload" />
			<column name="optlock" valueNumeric="0" />
			<column name="group_id" />
			<column name="provisioning_status" />
			<column name="global" valueBoolean="true" />
		</insert>
		<insert tableName="asset">
			<column name="id" valueNumeric="9383" />
			<column name="identifier" value="8669307760" />
			<column name="create_datetime" valueDate="2014-10-22T23:19:13.398" />
			<column name="status_id" valueNumeric="10501" />
			<column name="entity_id" valueNumeric="1" />
			<column name="deleted" valueNumeric="0" />
			<column name="item_id" valueNumeric="320104" />
			<column name="order_line_id" />
			<column name="notes" value="Bulk Upload" />
			<column name="optlock" valueNumeric="0" />
			<column name="group_id" />
			<column name="provisioning_status" />
			<column name="global" valueBoolean="true" />
		</insert>
		<insert tableName="asset">
			<column name="id" valueNumeric="9384" />
			<column name="identifier" value="8669307802" />
			<column name="create_datetime" valueDate="2014-10-22T23:19:13.470" />
			<column name="status_id" valueNumeric="10501" />
			<column name="entity_id" valueNumeric="1" />
			<column name="deleted" valueNumeric="0" />
			<column name="item_id" valueNumeric="320104" />
			<column name="order_line_id" />
			<column name="notes" value="Bulk Upload" />
			<column name="optlock" valueNumeric="0" />
			<column name="group_id" />
			<column name="provisioning_status" />
			<column name="global" valueBoolean="true" />
		</insert>
		<insert tableName="asset">
			<column name="id" valueNumeric="9385" />
			<column name="identifier" value="8669308075" />
			<column name="create_datetime" valueDate="2014-10-22T23:19:13.493" />
			<column name="status_id" valueNumeric="10501" />
			<column name="entity_id" valueNumeric="1" />
			<column name="deleted" valueNumeric="0" />
			<column name="item_id" valueNumeric="320104" />
			<column name="order_line_id" />
			<column name="notes" value="Bulk Upload" />
			<column name="optlock" valueNumeric="0" />
			<column name="group_id" />
			<column name="provisioning_status" />
			<column name="global" valueBoolean="true" />
		</insert>
		<insert tableName="asset">
			<column name="id" valueNumeric="9386" />
			<column name="identifier" value="8669308379" />
			<column name="create_datetime" valueDate="2014-10-22T23:19:13.510" />
			<column name="status_id" valueNumeric="10501" />
			<column name="entity_id" valueNumeric="1" />
			<column name="deleted" valueNumeric="0" />
			<column name="item_id" valueNumeric="320104" />
			<column name="order_line_id" />
			<column name="notes" value="Bulk Upload" />
			<column name="optlock" valueNumeric="0" />
			<column name="group_id" />
			<column name="provisioning_status" />
			<column name="global" valueBoolean="true" />
		</insert>
		<insert tableName="asset">
			<column name="id" valueNumeric="9387" />
			<column name="identifier" value="8669308382" />
			<column name="create_datetime" valueDate="2014-10-22T23:19:13.516" />
			<column name="status_id" valueNumeric="10501" />
			<column name="entity_id" valueNumeric="1" />
			<column name="deleted" valueNumeric="0" />
			<column name="item_id" valueNumeric="320104" />
			<column name="order_line_id" />
			<column name="notes" value="Bulk Upload" />
			<column name="optlock" valueNumeric="0" />
			<column name="group_id" />
			<column name="provisioning_status" />
			<column name="global" valueBoolean="true" />
		</insert>
		<insert tableName="asset">
			<column name="id" valueNumeric="9388" />
			<column name="identifier" value="8669308386" />
			<column name="create_datetime" valueDate="2014-10-22T23:19:13.535" />
			<column name="status_id" valueNumeric="10501" />
			<column name="entity_id" valueNumeric="1" />
			<column name="deleted" valueNumeric="0" />
			<column name="item_id" valueNumeric="320104" />
			<column name="order_line_id" />
			<column name="notes" value="Bulk Upload" />
			<column name="optlock" valueNumeric="0" />
			<column name="group_id" />
			<column name="provisioning_status" />
			<column name="global" valueBoolean="true" />
		</insert>
		<insert tableName="asset">
			<column name="id" valueNumeric="9389" />
			<column name="identifier" value="8669308407" />
			<column name="create_datetime" valueDate="2014-10-22T23:19:13.554" />
			<column name="status_id" valueNumeric="10501" />
			<column name="entity_id" valueNumeric="1" />
			<column name="deleted" valueNumeric="0" />
			<column name="item_id" valueNumeric="320104" />
			<column name="order_line_id" />
			<column name="notes" value="Bulk Upload" />
			<column name="optlock" valueNumeric="0" />
			<column name="group_id" />
			<column name="provisioning_status" />
			<column name="global" valueBoolean="true" />
		</insert>
		<insert tableName="asset">
			<column name="id" valueNumeric="9390" />
			<column name="identifier" value="8669308798" />
			<column name="create_datetime" valueDate="2014-10-22T23:19:13.569" />
			<column name="status_id" valueNumeric="10501" />
			<column name="entity_id" valueNumeric="1" />
			<column name="deleted" valueNumeric="0" />
			<column name="item_id" valueNumeric="320104" />
			<column name="order_line_id" />
			<column name="notes" value="Bulk Upload" />
			<column name="optlock" valueNumeric="0" />
			<column name="group_id" />
			<column name="provisioning_status" />
			<column name="global" valueBoolean="true" />
		</insert>
		<insert tableName="asset">
			<column name="id" valueNumeric="9391" />
			<column name="identifier" value="8669308916" />
			<column name="create_datetime" valueDate="2014-10-22T23:19:13.610" />
			<column name="status_id" valueNumeric="10501" />
			<column name="entity_id" valueNumeric="1" />
			<column name="deleted" valueNumeric="0" />
			<column name="item_id" valueNumeric="320104" />
			<column name="order_line_id" />
			<column name="notes" value="Bulk Upload" />
			<column name="optlock" valueNumeric="0" />
			<column name="group_id" />
			<column name="provisioning_status" />
			<column name="global" valueBoolean="true" />
		</insert>
		<insert tableName="asset">
			<column name="id" valueNumeric="9392" />
			<column name="identifier" value="8669309139" />
			<column name="create_datetime" valueDate="2014-10-22T23:19:13.621" />
			<column name="status_id" valueNumeric="10501" />
			<column name="entity_id" valueNumeric="1" />
			<column name="deleted" valueNumeric="0" />
			<column name="item_id" valueNumeric="320104" />
			<column name="order_line_id" />
			<column name="notes" value="Bulk Upload" />
			<column name="optlock" valueNumeric="0" />
			<column name="group_id" />
			<column name="provisioning_status" />
			<column name="global" valueBoolean="true" />
		</insert>
		<insert tableName="asset">
			<column name="id" valueNumeric="9393" />
			<column name="identifier" value="8669309507" />
			<column name="create_datetime" valueDate="2014-10-22T23:19:13.627" />
			<column name="status_id" valueNumeric="10501" />
			<column name="entity_id" valueNumeric="1" />
			<column name="deleted" valueNumeric="0" />
			<column name="item_id" valueNumeric="320104" />
			<column name="order_line_id" />
			<column name="notes" value="Bulk Upload" />
			<column name="optlock" valueNumeric="0" />
			<column name="group_id" />
			<column name="provisioning_status" />
			<column name="global" valueBoolean="true" />
		</insert>
		<insert tableName="asset">
			<column name="id" valueNumeric="9394" />
			<column name="identifier" value="8669310121" />
			<column name="create_datetime" valueDate="2014-10-22T23:19:13.634" />
			<column name="status_id" valueNumeric="10501" />
			<column name="entity_id" valueNumeric="1" />
			<column name="deleted" valueNumeric="0" />
			<column name="item_id" valueNumeric="320104" />
			<column name="order_line_id" />
			<column name="notes" value="Bulk Upload" />
			<column name="optlock" valueNumeric="0" />
			<column name="group_id" />
			<column name="provisioning_status" />
			<column name="global" valueBoolean="true" />
		</insert>
		<insert tableName="asset">
			<column name="id" valueNumeric="9395" />
			<column name="identifier" value="8669311006" />
			<column name="create_datetime" valueDate="2014-10-22T23:19:13.657" />
			<column name="status_id" valueNumeric="10501" />
			<column name="entity_id" valueNumeric="1" />
			<column name="deleted" valueNumeric="0" />
			<column name="item_id" valueNumeric="320104" />
			<column name="order_line_id" />
			<column name="notes" value="Bulk Upload" />
			<column name="optlock" valueNumeric="0" />
			<column name="group_id" />
			<column name="provisioning_status" />
			<column name="global" valueBoolean="true" />
		</insert>
		<insert tableName="asset">
			<column name="id" valueNumeric="9396" />
			<column name="identifier" value="8669315686" />
			<column name="create_datetime" valueDate="2014-10-22T23:19:13.663" />
			<column name="status_id" valueNumeric="10501" />
			<column name="entity_id" valueNumeric="1" />
			<column name="deleted" valueNumeric="0" />
			<column name="item_id" valueNumeric="320104" />
			<column name="order_line_id" />
			<column name="notes" value="Bulk Upload" />
			<column name="optlock" valueNumeric="0" />
			<column name="group_id" />
			<column name="provisioning_status" />
			<column name="global" valueBoolean="true" />
		</insert>
		<insert tableName="asset">
			<column name="id" valueNumeric="9397" />
			<column name="identifier" value="8669316927" />
			<column name="create_datetime" valueDate="2014-10-22T23:19:13.670" />
			<column name="status_id" valueNumeric="10501" />
			<column name="entity_id" valueNumeric="1" />
			<column name="deleted" valueNumeric="0" />
			<column name="item_id" valueNumeric="320104" />
			<column name="order_line_id" />
			<column name="notes" value="Bulk Upload" />
			<column name="optlock" valueNumeric="0" />
			<column name="group_id" />
			<column name="provisioning_status" />
			<column name="global" valueBoolean="true" />
		</insert>
		<insert tableName="asset">
			<column name="id" valueNumeric="9398" />
			<column name="identifier" value="8669319162" />
			<column name="create_datetime" valueDate="2014-10-22T23:19:13.680" />
			<column name="status_id" valueNumeric="10501" />
			<column name="entity_id" valueNumeric="1" />
			<column name="deleted" valueNumeric="0" />
			<column name="item_id" valueNumeric="320104" />
			<column name="order_line_id" />
			<column name="notes" value="Bulk Upload" />
			<column name="optlock" valueNumeric="0" />
			<column name="group_id" />
			<column name="provisioning_status" />
			<column name="global" valueBoolean="true" />
		</insert>
		<insert tableName="asset">
			<column name="id" valueNumeric="9399" />
			<column name="identifier" value="8669415176" />
			<column name="create_datetime" valueDate="2014-10-22T23:19:13.690" />
			<column name="status_id" valueNumeric="10501" />
			<column name="entity_id" valueNumeric="1" />
			<column name="deleted" valueNumeric="0" />
			<column name="item_id" valueNumeric="320104" />
			<column name="order_line_id" />
			<column name="notes" value="Bulk Upload" />
			<column name="optlock" valueNumeric="0" />
			<column name="group_id" />
			<column name="provisioning_status" />
			<column name="global" valueBoolean="true" />
		</insert>
		<insert tableName="asset">
			<column name="id" valueNumeric="9400" />
			<column name="identifier" value="8669430116" />
			<column name="create_datetime" valueDate="2014-10-22T23:19:13.702" />
			<column name="status_id" valueNumeric="10501" />
			<column name="entity_id" valueNumeric="1" />
			<column name="deleted" valueNumeric="0" />
			<column name="item_id" valueNumeric="320104" />
			<column name="order_line_id" />
			<column name="notes" value="Bulk Upload" />
			<column name="optlock" valueNumeric="0" />
			<column name="group_id" />
			<column name="provisioning_status" />
			<column name="global" valueBoolean="true" />
		</insert>
		<insert tableName="asset">
			<column name="id" valueNumeric="9401" />
			<column name="identifier" value="8669430204" />
			<column name="create_datetime" valueDate="2014-10-22T23:19:13.738" />
			<column name="status_id" valueNumeric="10501" />
			<column name="entity_id" valueNumeric="1" />
			<column name="deleted" valueNumeric="0" />
			<column name="item_id" valueNumeric="320104" />
			<column name="order_line_id" />
			<column name="notes" value="Bulk Upload" />
			<column name="optlock" valueNumeric="0" />
			<column name="group_id" />
			<column name="provisioning_status" />
			<column name="global" valueBoolean="true" />
		</insert>
		<insert tableName="asset">
			<column name="id" valueNumeric="9402" />
			<column name="identifier" value="8669430444" />
			<column name="create_datetime" valueDate="2014-10-22T23:19:13.770" />
			<column name="status_id" valueNumeric="10501" />
			<column name="entity_id" valueNumeric="1" />
			<column name="deleted" valueNumeric="0" />
			<column name="item_id" valueNumeric="320104" />
			<column name="order_line_id" />
			<column name="notes" value="Bulk Upload" />
			<column name="optlock" valueNumeric="0" />
			<column name="group_id" />
			<column name="provisioning_status" />
			<column name="global" valueBoolean="true" />
		</insert>
		<insert tableName="asset">
			<column name="id" valueNumeric="9403" />
			<column name="identifier" value="8669440482" />
			<column name="create_datetime" valueDate="2014-10-22T23:19:13.776" />
			<column name="status_id" valueNumeric="10501" />
			<column name="entity_id" valueNumeric="1" />
			<column name="deleted" valueNumeric="0" />
			<column name="item_id" valueNumeric="320104" />
			<column name="order_line_id" />
			<column name="notes" value="Bulk Upload" />
			<column name="optlock" valueNumeric="0" />
			<column name="group_id" />
			<column name="provisioning_status" />
			<column name="global" valueBoolean="true" />
		</insert>
		<insert tableName="asset">
			<column name="id" valueNumeric="9404" />
			<column name="identifier" value="8669440782" />
			<column name="create_datetime" valueDate="2014-10-22T23:19:13.835" />
			<column name="status_id" valueNumeric="10501" />
			<column name="entity_id" valueNumeric="1" />
			<column name="deleted" valueNumeric="0" />
			<column name="item_id" valueNumeric="320104" />
			<column name="order_line_id" />
			<column name="notes" value="Bulk Upload" />
			<column name="optlock" valueNumeric="0" />
			<column name="group_id" />
			<column name="provisioning_status" />
			<column name="global" valueBoolean="true" />
		</insert>
		<insert tableName="asset">
			<column name="id" valueNumeric="9405" />
			<column name="identifier" value="8669441681" />
			<column name="create_datetime" valueDate="2014-10-22T23:19:13.858" />
			<column name="status_id" valueNumeric="10501" />
			<column name="entity_id" valueNumeric="1" />
			<column name="deleted" valueNumeric="0" />
			<column name="item_id" valueNumeric="320104" />
			<column name="order_line_id" />
			<column name="notes" value="Bulk Upload" />
			<column name="optlock" valueNumeric="0" />
			<column name="group_id" />
			<column name="provisioning_status" />
			<column name="global" valueBoolean="true" />
		</insert>
		<insert tableName="asset">
			<column name="id" valueNumeric="9406" />
			<column name="identifier" value="8669442593" />
			<column name="create_datetime" valueDate="2014-10-22T23:19:13.864" />
			<column name="status_id" valueNumeric="10501" />
			<column name="entity_id" valueNumeric="1" />
			<column name="deleted" valueNumeric="0" />
			<column name="item_id" valueNumeric="320104" />
			<column name="order_line_id" />
			<column name="notes" value="Bulk Upload" />
			<column name="optlock" valueNumeric="0" />
			<column name="group_id" />
			<column name="provisioning_status" />
			<column name="global" valueBoolean="true" />
		</insert>
		<insert tableName="asset">
			<column name="id" valueNumeric="9407" />
			<column name="identifier" value="8669442767" />
			<column name="create_datetime" valueDate="2014-10-22T23:19:13.882" />
			<column name="status_id" valueNumeric="10501" />
			<column name="entity_id" valueNumeric="1" />
			<column name="deleted" valueNumeric="0" />
			<column name="item_id" valueNumeric="320104" />
			<column name="order_line_id" />
			<column name="notes" value="Bulk Upload" />
			<column name="optlock" valueNumeric="0" />
			<column name="group_id" />
			<column name="provisioning_status" />
			<column name="global" valueBoolean="true" />
		</insert>
		<insert tableName="asset">
			<column name="id" valueNumeric="9408" />
			<column name="identifier" value="8669444269" />
			<column name="create_datetime" valueDate="2014-10-22T23:19:13.909" />
			<column name="status_id" valueNumeric="10501" />
			<column name="entity_id" valueNumeric="1" />
			<column name="deleted" valueNumeric="0" />
			<column name="item_id" valueNumeric="320104" />
			<column name="order_line_id" />
			<column name="notes" value="Bulk Upload" />
			<column name="optlock" valueNumeric="0" />
			<column name="group_id" />
			<column name="provisioning_status" />
			<column name="global" valueBoolean="true" />
		</insert>
		<insert tableName="asset">
			<column name="id" valueNumeric="9409" />
			<column name="identifier" value="8669444719" />
			<column name="create_datetime" valueDate="2014-10-22T23:19:13.993" />
			<column name="status_id" valueNumeric="10501" />
			<column name="entity_id" valueNumeric="1" />
			<column name="deleted" valueNumeric="0" />
			<column name="item_id" valueNumeric="320104" />
			<column name="order_line_id" />
			<column name="notes" value="Bulk Upload" />
			<column name="optlock" valueNumeric="0" />
			<column name="group_id" />
			<column name="provisioning_status" />
			<column name="global" valueBoolean="true" />
		</insert>
		<insert tableName="asset">
			<column name="id" valueNumeric="9410" />
			<column name="identifier" value="8669445344" />
			<column name="create_datetime" valueDate="2014-10-22T23:19:14.30" />
			<column name="status_id" valueNumeric="10501" />
			<column name="entity_id" valueNumeric="1" />
			<column name="deleted" valueNumeric="0" />
			<column name="item_id" valueNumeric="320104" />
			<column name="order_line_id" />
			<column name="notes" value="Bulk Upload" />
			<column name="optlock" valueNumeric="0" />
			<column name="group_id" />
			<column name="provisioning_status" />
			<column name="global" valueBoolean="true" />
		</insert>
		<insert tableName="asset">
			<column name="id" valueNumeric="9411" />
			<column name="identifier" value="8669445664" />
			<column name="create_datetime" valueDate="2014-10-22T23:19:14.38" />
			<column name="status_id" valueNumeric="10501" />
			<column name="entity_id" valueNumeric="1" />
			<column name="deleted" valueNumeric="0" />
			<column name="item_id" valueNumeric="320104" />
			<column name="order_line_id" />
			<column name="notes" value="Bulk Upload" />
			<column name="optlock" valueNumeric="0" />
			<column name="group_id" />
			<column name="provisioning_status" />
			<column name="global" valueBoolean="true" />
		</insert>
		<insert tableName="asset">
			<column name="id" valueNumeric="9412" />
			<column name="identifier" value="8669446566" />
			<column name="create_datetime" valueDate="2014-10-22T23:19:14.44" />
			<column name="status_id" valueNumeric="10501" />
			<column name="entity_id" valueNumeric="1" />
			<column name="deleted" valueNumeric="0" />
			<column name="item_id" valueNumeric="320104" />
			<column name="order_line_id" />
			<column name="notes" value="Bulk Upload" />
			<column name="optlock" valueNumeric="0" />
			<column name="group_id" />
			<column name="provisioning_status" />
			<column name="global" valueBoolean="true" />
		</insert>
		<insert tableName="asset">
			<column name="id" valueNumeric="9413" />
			<column name="identifier" value="8669447136" />
			<column name="create_datetime" valueDate="2014-10-22T23:19:14.82" />
			<column name="status_id" valueNumeric="10501" />
			<column name="entity_id" valueNumeric="1" />
			<column name="deleted" valueNumeric="0" />
			<column name="item_id" valueNumeric="320104" />
			<column name="order_line_id" />
			<column name="notes" value="Bulk Upload" />
			<column name="optlock" valueNumeric="0" />
			<column name="group_id" />
			<column name="provisioning_status" />
			<column name="global" valueBoolean="true" />
		</insert>
		<insert tableName="asset">
			<column name="id" valueNumeric="9414" />
			<column name="identifier" value="8669447143" />
			<column name="create_datetime" valueDate="2014-10-22T23:19:14.92" />
			<column name="status_id" valueNumeric="10501" />
			<column name="entity_id" valueNumeric="1" />
			<column name="deleted" valueNumeric="0" />
			<column name="item_id" valueNumeric="320104" />
			<column name="order_line_id" />
			<column name="notes" value="Bulk Upload" />
			<column name="optlock" valueNumeric="0" />
			<column name="group_id" />
			<column name="provisioning_status" />
			<column name="global" valueBoolean="true" />
		</insert>
		<insert tableName="asset">
			<column name="id" valueNumeric="9415" />
			<column name="identifier" value="8669447275" />
			<column name="create_datetime" valueDate="2014-10-22T23:19:14.98" />
			<column name="status_id" valueNumeric="10501" />
			<column name="entity_id" valueNumeric="1" />
			<column name="deleted" valueNumeric="0" />
			<column name="item_id" valueNumeric="320104" />
			<column name="order_line_id" />
			<column name="notes" value="Bulk Upload" />
			<column name="optlock" valueNumeric="0" />
			<column name="group_id" />
			<column name="provisioning_status" />
			<column name="global" valueBoolean="true" />
		</insert>
		<insert tableName="asset">
			<column name="id" valueNumeric="9416" />
			<column name="identifier" value="8669448309" />
			<column name="create_datetime" valueDate="2014-10-22T23:19:14.151" />
			<column name="status_id" valueNumeric="10501" />
			<column name="entity_id" valueNumeric="1" />
			<column name="deleted" valueNumeric="0" />
			<column name="item_id" valueNumeric="320104" />
			<column name="order_line_id" />
			<column name="notes" value="Bulk Upload" />
			<column name="optlock" valueNumeric="0" />
			<column name="group_id" />
			<column name="provisioning_status" />
			<column name="global" valueBoolean="true" />
		</insert>
		<insert tableName="asset">
			<column name="id" valueNumeric="9417" />
			<column name="identifier" value="8669450147" />
			<column name="create_datetime" valueDate="2014-10-22T23:19:14.226" />
			<column name="status_id" valueNumeric="10501" />
			<column name="entity_id" valueNumeric="1" />
			<column name="deleted" valueNumeric="0" />
			<column name="item_id" valueNumeric="320104" />
			<column name="order_line_id" />
			<column name="notes" value="Bulk Upload" />
			<column name="optlock" valueNumeric="0" />
			<column name="group_id" />
			<column name="provisioning_status" />
			<column name="global" valueBoolean="true" />
		</insert>
		<insert tableName="asset">
			<column name="id" valueNumeric="9418" />
			<column name="identifier" value="8669450605" />
			<column name="create_datetime" valueDate="2014-10-22T23:19:14.253" />
			<column name="status_id" valueNumeric="10501" />
			<column name="entity_id" valueNumeric="1" />
			<column name="deleted" valueNumeric="0" />
			<column name="item_id" valueNumeric="320104" />
			<column name="order_line_id" />
			<column name="notes" value="Bulk Upload" />
			<column name="optlock" valueNumeric="0" />
			<column name="group_id" />
			<column name="provisioning_status" />
			<column name="global" valueBoolean="true" />
		</insert>
		<insert tableName="asset">
			<column name="id" valueNumeric="9419" />
			<column name="identifier" value="8669451978" />
			<column name="create_datetime" valueDate="2014-10-22T23:19:14.273" />
			<column name="status_id" valueNumeric="10501" />
			<column name="entity_id" valueNumeric="1" />
			<column name="deleted" valueNumeric="0" />
			<column name="item_id" valueNumeric="320104" />
			<column name="order_line_id" />
			<column name="notes" value="Bulk Upload" />
			<column name="optlock" valueNumeric="0" />
			<column name="group_id" />
			<column name="provisioning_status" />
			<column name="global" valueBoolean="true" />
		</insert>
		<insert tableName="asset">
			<column name="id" valueNumeric="9420" />
			<column name="identifier" value="8669454386" />
			<column name="create_datetime" valueDate="2014-10-22T23:19:14.282" />
			<column name="status_id" valueNumeric="10501" />
			<column name="entity_id" valueNumeric="1" />
			<column name="deleted" valueNumeric="0" />
			<column name="item_id" valueNumeric="320104" />
			<column name="order_line_id" />
			<column name="notes" value="Bulk Upload" />
			<column name="optlock" valueNumeric="0" />
			<column name="group_id" />
			<column name="provisioning_status" />
			<column name="global" valueBoolean="true" />
		</insert>
		<insert tableName="asset">
			<column name="id" valueNumeric="9421" />
			<column name="identifier" value="8669454652" />
			<column name="create_datetime" valueDate="2014-10-22T23:19:14.306" />
			<column name="status_id" valueNumeric="10501" />
			<column name="entity_id" valueNumeric="1" />
			<column name="deleted" valueNumeric="0" />
			<column name="item_id" valueNumeric="320104" />
			<column name="order_line_id" />
			<column name="notes" value="Bulk Upload" />
			<column name="optlock" valueNumeric="0" />
			<column name="group_id" />
			<column name="provisioning_status" />
			<column name="global" valueBoolean="true" />
		</insert>
		<insert tableName="asset">
			<column name="id" valueNumeric="9422" />
			<column name="identifier" value="8669455488" />
			<column name="create_datetime" valueDate="2014-10-22T23:19:14.329" />
			<column name="status_id" valueNumeric="10501" />
			<column name="entity_id" valueNumeric="1" />
			<column name="deleted" valueNumeric="0" />
			<column name="item_id" valueNumeric="320104" />
			<column name="order_line_id" />
			<column name="notes" value="Bulk Upload" />
			<column name="optlock" valueNumeric="0" />
			<column name="group_id" />
			<column name="provisioning_status" />
			<column name="global" valueBoolean="true" />
		</insert>
		<insert tableName="asset">
			<column name="id" valueNumeric="9423" />
			<column name="identifier" value="8669455557" />
			<column name="create_datetime" valueDate="2014-10-22T23:19:14.336" />
			<column name="status_id" valueNumeric="10501" />
			<column name="entity_id" valueNumeric="1" />
			<column name="deleted" valueNumeric="0" />
			<column name="item_id" valueNumeric="320104" />
			<column name="order_line_id" />
			<column name="notes" value="Bulk Upload" />
			<column name="optlock" valueNumeric="0" />
			<column name="group_id" />
			<column name="provisioning_status" />
			<column name="global" valueBoolean="true" />
		</insert>
		<insert tableName="asset">
			<column name="id" valueNumeric="9424" />
			<column name="identifier" value="8669455582" />
			<column name="create_datetime" valueDate="2014-10-22T23:19:14.346" />
			<column name="status_id" valueNumeric="10501" />
			<column name="entity_id" valueNumeric="1" />
			<column name="deleted" valueNumeric="0" />
			<column name="item_id" valueNumeric="320104" />
			<column name="order_line_id" />
			<column name="notes" value="Bulk Upload" />
			<column name="optlock" valueNumeric="0" />
			<column name="group_id" />
			<column name="provisioning_status" />
			<column name="global" valueBoolean="true" />
		</insert>
		<insert tableName="asset">
			<column name="id" valueNumeric="9425" />
			<column name="identifier" value="8669455738" />
			<column name="create_datetime" valueDate="2014-10-22T23:19:14.368" />
			<column name="status_id" valueNumeric="10501" />
			<column name="entity_id" valueNumeric="1" />
			<column name="deleted" valueNumeric="0" />
			<column name="item_id" valueNumeric="320104" />
			<column name="order_line_id" />
			<column name="notes" value="Bulk Upload" />
			<column name="optlock" valueNumeric="0" />
			<column name="group_id" />
			<column name="provisioning_status" />
			<column name="global" valueBoolean="true" />
		</insert>
		<insert tableName="asset">
			<column name="id" valueNumeric="9426" />
			<column name="identifier" value="8669455819" />
			<column name="create_datetime" valueDate="2014-10-22T23:19:14.386" />
			<column name="status_id" valueNumeric="10501" />
			<column name="entity_id" valueNumeric="1" />
			<column name="deleted" valueNumeric="0" />
			<column name="item_id" valueNumeric="320104" />
			<column name="order_line_id" />
			<column name="notes" value="Bulk Upload" />
			<column name="optlock" valueNumeric="0" />
			<column name="group_id" />
			<column name="provisioning_status" />
			<column name="global" valueBoolean="true" />
		</insert>
		<insert tableName="asset">
			<column name="id" valueNumeric="9427" />
			<column name="identifier" value="8669456787" />
			<column name="create_datetime" valueDate="2014-10-22T23:19:14.405" />
			<column name="status_id" valueNumeric="10501" />
			<column name="entity_id" valueNumeric="1" />
			<column name="deleted" valueNumeric="0" />
			<column name="item_id" valueNumeric="320104" />
			<column name="order_line_id" />
			<column name="notes" value="Bulk Upload" />
			<column name="optlock" valueNumeric="0" />
			<column name="group_id" />
			<column name="provisioning_status" />
			<column name="global" valueBoolean="true" />
		</insert>
		<insert tableName="asset">
			<column name="id" valueNumeric="9428" />
			<column name="identifier" value="8669456894" />
			<column name="create_datetime" valueDate="2014-10-22T23:19:14.429" />
			<column name="status_id" valueNumeric="10501" />
			<column name="entity_id" valueNumeric="1" />
			<column name="deleted" valueNumeric="0" />
			<column name="item_id" valueNumeric="320104" />
			<column name="order_line_id" />
			<column name="notes" value="Bulk Upload" />
			<column name="optlock" valueNumeric="0" />
			<column name="group_id" />
			<column name="provisioning_status" />
			<column name="global" valueBoolean="true" />
		</insert>
		<insert tableName="asset">
			<column name="id" valueNumeric="9429" />
			<column name="identifier" value="8669457181" />
			<column name="create_datetime" valueDate="2014-10-22T23:19:14.439" />
			<column name="status_id" valueNumeric="10501" />
			<column name="entity_id" valueNumeric="1" />
			<column name="deleted" valueNumeric="0" />
			<column name="item_id" valueNumeric="320104" />
			<column name="order_line_id" />
			<column name="notes" value="Bulk Upload" />
			<column name="optlock" valueNumeric="0" />
			<column name="group_id" />
			<column name="provisioning_status" />
			<column name="global" valueBoolean="true" />
		</insert>
		<insert tableName="asset">
			<column name="id" valueNumeric="9430" />
			<column name="identifier" value="8669457327" />
			<column name="create_datetime" valueDate="2014-10-22T23:19:14.454" />
			<column name="status_id" valueNumeric="10501" />
			<column name="entity_id" valueNumeric="1" />
			<column name="deleted" valueNumeric="0" />
			<column name="item_id" valueNumeric="320104" />
			<column name="order_line_id" />
			<column name="notes" value="Bulk Upload" />
			<column name="optlock" valueNumeric="0" />
			<column name="group_id" />
			<column name="provisioning_status" />
			<column name="global" valueBoolean="true" />
		</insert>
		<insert tableName="asset">
			<column name="id" valueNumeric="9431" />
			<column name="identifier" value="8669457438" />
			<column name="create_datetime" valueDate="2014-10-22T23:19:14.463" />
			<column name="status_id" valueNumeric="10501" />
			<column name="entity_id" valueNumeric="1" />
			<column name="deleted" valueNumeric="0" />
			<column name="item_id" valueNumeric="320104" />
			<column name="order_line_id" />
			<column name="notes" value="Bulk Upload" />
			<column name="optlock" valueNumeric="0" />
			<column name="group_id" />
			<column name="provisioning_status" />
			<column name="global" valueBoolean="true" />
		</insert>
		<insert tableName="asset">
			<column name="id" valueNumeric="9432" />
			<column name="identifier" value="8669457565" />
			<column name="create_datetime" valueDate="2014-10-22T23:19:14.474" />
			<column name="status_id" valueNumeric="10501" />
			<column name="entity_id" valueNumeric="1" />
			<column name="deleted" valueNumeric="0" />
			<column name="item_id" valueNumeric="320104" />
			<column name="order_line_id" />
			<column name="notes" value="Bulk Upload" />
			<column name="optlock" valueNumeric="0" />
			<column name="group_id" />
			<column name="provisioning_status" />
			<column name="global" valueBoolean="true" />
		</insert>
		<insert tableName="asset">
			<column name="id" valueNumeric="9433" />
			<column name="identifier" value="8669458087" />
			<column name="create_datetime" valueDate="2014-10-22T23:19:14.485" />
			<column name="status_id" valueNumeric="10501" />
			<column name="entity_id" valueNumeric="1" />
			<column name="deleted" valueNumeric="0" />
			<column name="item_id" valueNumeric="320104" />
			<column name="order_line_id" />
			<column name="notes" value="Bulk Upload" />
			<column name="optlock" valueNumeric="0" />
			<column name="group_id" />
			<column name="provisioning_status" />
			<column name="global" valueBoolean="true" />
		</insert>
		<insert tableName="asset">
			<column name="id" valueNumeric="9434" />
			<column name="identifier" value="8669458386" />
			<column name="create_datetime" valueDate="2014-10-22T23:19:14.519" />
			<column name="status_id" valueNumeric="10501" />
			<column name="entity_id" valueNumeric="1" />
			<column name="deleted" valueNumeric="0" />
			<column name="item_id" valueNumeric="320104" />
			<column name="order_line_id" />
			<column name="notes" value="Bulk Upload" />
			<column name="optlock" valueNumeric="0" />
			<column name="group_id" />
			<column name="provisioning_status" />
			<column name="global" valueBoolean="true" />
		</insert>
		<insert tableName="asset">
			<column name="id" valueNumeric="9435" />
			<column name="identifier" value="8669458638" />
			<column name="create_datetime" valueDate="2014-10-22T23:19:14.537" />
			<column name="status_id" valueNumeric="10501" />
			<column name="entity_id" valueNumeric="1" />
			<column name="deleted" valueNumeric="0" />
			<column name="item_id" valueNumeric="320104" />
			<column name="order_line_id" />
			<column name="notes" value="Bulk Upload" />
			<column name="optlock" valueNumeric="0" />
			<column name="group_id" />
			<column name="provisioning_status" />
			<column name="global" valueBoolean="true" />
		</insert>
		<insert tableName="asset">
			<column name="id" valueNumeric="9436" />
			<column name="identifier" value="8669459311" />
			<column name="create_datetime" valueDate="2014-10-22T23:19:14.562" />
			<column name="status_id" valueNumeric="10501" />
			<column name="entity_id" valueNumeric="1" />
			<column name="deleted" valueNumeric="0" />
			<column name="item_id" valueNumeric="320104" />
			<column name="order_line_id" />
			<column name="notes" value="Bulk Upload" />
			<column name="optlock" valueNumeric="0" />
			<column name="group_id" />
			<column name="provisioning_status" />
			<column name="global" valueBoolean="true" />
		</insert>
		<insert tableName="asset">
			<column name="id" valueNumeric="9437" />
			<column name="identifier" value="8669459397" />
			<column name="create_datetime" valueDate="2014-10-22T23:19:14.611" />
			<column name="status_id" valueNumeric="10501" />
			<column name="entity_id" valueNumeric="1" />
			<column name="deleted" valueNumeric="0" />
			<column name="item_id" valueNumeric="320104" />
			<column name="order_line_id" />
			<column name="notes" value="Bulk Upload" />
			<column name="optlock" valueNumeric="0" />
			<column name="group_id" />
			<column name="provisioning_status" />
			<column name="global" valueBoolean="true" />
		</insert>
		<insert tableName="asset">
			<column name="id" valueNumeric="9438" />
			<column name="identifier" value="8669461469" />
			<column name="create_datetime" valueDate="2014-10-22T23:19:14.630" />
			<column name="status_id" valueNumeric="10501" />
			<column name="entity_id" valueNumeric="1" />
			<column name="deleted" valueNumeric="0" />
			<column name="item_id" valueNumeric="320104" />
			<column name="order_line_id" />
			<column name="notes" value="Bulk Upload" />
			<column name="optlock" valueNumeric="0" />
			<column name="group_id" />
			<column name="provisioning_status" />
			<column name="global" valueBoolean="true" />
		</insert>
		<insert tableName="asset">
			<column name="id" valueNumeric="9439" />
			<column name="identifier" value="8669461606" />
			<column name="create_datetime" valueDate="2014-10-22T23:19:14.641" />
			<column name="status_id" valueNumeric="10501" />
			<column name="entity_id" valueNumeric="1" />
			<column name="deleted" valueNumeric="0" />
			<column name="item_id" valueNumeric="320104" />
			<column name="order_line_id" />
			<column name="notes" value="Bulk Upload" />
			<column name="optlock" valueNumeric="0" />
			<column name="group_id" />
			<column name="provisioning_status" />
			<column name="global" valueBoolean="true" />
		</insert>
		<insert tableName="asset">
			<column name="id" valueNumeric="9440" />
			<column name="identifier" value="8669461814" />
			<column name="create_datetime" valueDate="2014-10-22T23:19:14.647" />
			<column name="status_id" valueNumeric="10501" />
			<column name="entity_id" valueNumeric="1" />
			<column name="deleted" valueNumeric="0" />
			<column name="item_id" valueNumeric="320104" />
			<column name="order_line_id" />
			<column name="notes" value="Bulk Upload" />
			<column name="optlock" valueNumeric="0" />
			<column name="group_id" />
			<column name="provisioning_status" />
			<column name="global" valueBoolean="true" />
		</insert>
		<insert tableName="asset">
			<column name="id" valueNumeric="9441" />
			<column name="identifier" value="8669461963" />
			<column name="create_datetime" valueDate="2014-10-22T23:19:14.662" />
			<column name="status_id" valueNumeric="10501" />
			<column name="entity_id" valueNumeric="1" />
			<column name="deleted" valueNumeric="0" />
			<column name="item_id" valueNumeric="320104" />
			<column name="order_line_id" />
			<column name="notes" value="Bulk Upload" />
			<column name="optlock" valueNumeric="0" />
			<column name="group_id" />
			<column name="provisioning_status" />
			<column name="global" valueBoolean="true" />
		</insert>
		<insert tableName="asset">
			<column name="id" valueNumeric="9442" />
			<column name="identifier" value="8669462662" />
			<column name="create_datetime" valueDate="2014-10-22T23:19:14.677" />
			<column name="status_id" valueNumeric="10501" />
			<column name="entity_id" valueNumeric="1" />
			<column name="deleted" valueNumeric="0" />
			<column name="item_id" valueNumeric="320104" />
			<column name="order_line_id" />
			<column name="notes" value="Bulk Upload" />
			<column name="optlock" valueNumeric="0" />
			<column name="group_id" />
			<column name="provisioning_status" />
			<column name="global" valueBoolean="true" />
		</insert>
		<insert tableName="asset">
			<column name="id" valueNumeric="9443" />
			<column name="identifier" value="8669463575" />
			<column name="create_datetime" valueDate="2014-10-22T23:19:14.693" />
			<column name="status_id" valueNumeric="10501" />
			<column name="entity_id" valueNumeric="1" />
			<column name="deleted" valueNumeric="0" />
			<column name="item_id" valueNumeric="320104" />
			<column name="order_line_id" />
			<column name="notes" value="Bulk Upload" />
			<column name="optlock" valueNumeric="0" />
			<column name="group_id" />
			<column name="provisioning_status" />
			<column name="global" valueBoolean="true" />
		</insert>
		<insert tableName="asset">
			<column name="id" valueNumeric="9444" />
			<column name="identifier" value="8669463647" />
			<column name="create_datetime" valueDate="2014-10-22T23:19:14.699" />
			<column name="status_id" valueNumeric="10501" />
			<column name="entity_id" valueNumeric="1" />
			<column name="deleted" valueNumeric="0" />
			<column name="item_id" valueNumeric="320104" />
			<column name="order_line_id" />
			<column name="notes" value="Bulk Upload" />
			<column name="optlock" valueNumeric="0" />
			<column name="group_id" />
			<column name="provisioning_status" />
			<column name="global" valueBoolean="true" />
		</insert>
		<insert tableName="asset">
			<column name="id" valueNumeric="9445" />
			<column name="identifier" value="8669463701" />
			<column name="create_datetime" valueDate="2014-10-22T23:19:14.723" />
			<column name="status_id" valueNumeric="10501" />
			<column name="entity_id" valueNumeric="1" />
			<column name="deleted" valueNumeric="0" />
			<column name="item_id" valueNumeric="320104" />
			<column name="order_line_id" />
			<column name="notes" value="Bulk Upload" />
			<column name="optlock" valueNumeric="0" />
			<column name="group_id" />
			<column name="provisioning_status" />
			<column name="global" valueBoolean="true" />
		</insert>
		<insert tableName="asset">
			<column name="id" valueNumeric="9446" />
			<column name="identifier" value="8669464541" />
			<column name="create_datetime" valueDate="2014-10-22T23:19:14.733" />
			<column name="status_id" valueNumeric="10501" />
			<column name="entity_id" valueNumeric="1" />
			<column name="deleted" valueNumeric="0" />
			<column name="item_id" valueNumeric="320104" />
			<column name="order_line_id" />
			<column name="notes" value="Bulk Upload" />
			<column name="optlock" valueNumeric="0" />
			<column name="group_id" />
			<column name="provisioning_status" />
			<column name="global" valueBoolean="true" />
		</insert>
		<insert tableName="asset">
			<column name="id" valueNumeric="9447" />
			<column name="identifier" value="8669464559" />
			<column name="create_datetime" valueDate="2014-10-22T23:19:14.762" />
			<column name="status_id" valueNumeric="10501" />
			<column name="entity_id" valueNumeric="1" />
			<column name="deleted" valueNumeric="0" />
			<column name="item_id" valueNumeric="320104" />
			<column name="order_line_id" />
			<column name="notes" value="Bulk Upload" />
			<column name="optlock" valueNumeric="0" />
			<column name="group_id" />
			<column name="provisioning_status" />
			<column name="global" valueBoolean="true" />
		</insert>
		<insert tableName="asset">
			<column name="id" valueNumeric="9448" />
			<column name="identifier" value="8669464790" />
			<column name="create_datetime" valueDate="2014-10-22T23:19:14.782" />
			<column name="status_id" valueNumeric="10501" />
			<column name="entity_id" valueNumeric="1" />
			<column name="deleted" valueNumeric="0" />
			<column name="item_id" valueNumeric="320104" />
			<column name="order_line_id" />
			<column name="notes" value="Bulk Upload" />
			<column name="optlock" valueNumeric="0" />
			<column name="group_id" />
			<column name="provisioning_status" />
			<column name="global" valueBoolean="true" />
		</insert>
		<insert tableName="asset">
			<column name="id" valueNumeric="9449" />
			<column name="identifier" value="8669464910" />
			<column name="create_datetime" valueDate="2014-10-22T23:19:14.810" />
			<column name="status_id" valueNumeric="10501" />
			<column name="entity_id" valueNumeric="1" />
			<column name="deleted" valueNumeric="0" />
			<column name="item_id" valueNumeric="320104" />
			<column name="order_line_id" />
			<column name="notes" value="Bulk Upload" />
			<column name="optlock" valueNumeric="0" />
			<column name="group_id" />
			<column name="provisioning_status" />
			<column name="global" valueBoolean="true" />
		</insert>
		<insert tableName="asset">
			<column name="id" valueNumeric="9450" />
			<column name="identifier" value="8669464938" />
			<column name="create_datetime" valueDate="2014-10-22T23:19:14.855" />
			<column name="status_id" valueNumeric="10501" />
			<column name="entity_id" valueNumeric="1" />
			<column name="deleted" valueNumeric="0" />
			<column name="item_id" valueNumeric="320104" />
			<column name="order_line_id" />
			<column name="notes" value="Bulk Upload" />
			<column name="optlock" valueNumeric="0" />
			<column name="group_id" />
			<column name="provisioning_status" />
			<column name="global" valueBoolean="true" />
		</insert>
		<insert tableName="asset">
			<column name="id" valueNumeric="9451" />
			<column name="identifier" value="8669465235" />
			<column name="create_datetime" valueDate="2014-10-22T23:19:15.32" />
			<column name="status_id" valueNumeric="10501" />
			<column name="entity_id" valueNumeric="1" />
			<column name="deleted" valueNumeric="0" />
			<column name="item_id" valueNumeric="320104" />
			<column name="order_line_id" />
			<column name="notes" value="Bulk Upload" />
			<column name="optlock" valueNumeric="0" />
			<column name="group_id" />
			<column name="provisioning_status" />
			<column name="global" valueBoolean="true" />
		</insert>
		<insert tableName="asset">
			<column name="id" valueNumeric="9452" />
			<column name="identifier" value="8669465317" />
			<column name="create_datetime" valueDate="2014-10-22T23:19:15.44" />
			<column name="status_id" valueNumeric="10501" />
			<column name="entity_id" valueNumeric="1" />
			<column name="deleted" valueNumeric="0" />
			<column name="item_id" valueNumeric="320104" />
			<column name="order_line_id" />
			<column name="notes" value="Bulk Upload" />
			<column name="optlock" valueNumeric="0" />
			<column name="group_id" />
			<column name="provisioning_status" />
			<column name="global" valueBoolean="true" />
		</insert>
		<insert tableName="asset">
			<column name="id" valueNumeric="9453" />
			<column name="identifier" value="8669465324" />
			<column name="create_datetime" valueDate="2014-10-22T23:19:15.50" />
			<column name="status_id" valueNumeric="10501" />
			<column name="entity_id" valueNumeric="1" />
			<column name="deleted" valueNumeric="0" />
			<column name="item_id" valueNumeric="320104" />
			<column name="order_line_id" />
			<column name="notes" value="Bulk Upload" />
			<column name="optlock" valueNumeric="0" />
			<column name="group_id" />
			<column name="provisioning_status" />
			<column name="global" valueBoolean="true" />
		</insert>
		<insert tableName="asset">
			<column name="id" valueNumeric="9454" />
			<column name="identifier" value="8669465746" />
			<column name="create_datetime" valueDate="2014-10-22T23:19:15.70" />
			<column name="status_id" valueNumeric="10501" />
			<column name="entity_id" valueNumeric="1" />
			<column name="deleted" valueNumeric="0" />
			<column name="item_id" valueNumeric="320104" />
			<column name="order_line_id" />
			<column name="notes" value="Bulk Upload" />
			<column name="optlock" valueNumeric="0" />
			<column name="group_id" />
			<column name="provisioning_status" />
			<column name="global" valueBoolean="true" />
		</insert>
		<insert tableName="asset">
			<column name="id" valueNumeric="9455" />
			<column name="identifier" value="8669466243" />
			<column name="create_datetime" valueDate="2014-10-22T23:19:15.76" />
			<column name="status_id" valueNumeric="10501" />
			<column name="entity_id" valueNumeric="1" />
			<column name="deleted" valueNumeric="0" />
			<column name="item_id" valueNumeric="320104" />
			<column name="order_line_id" />
			<column name="notes" value="Bulk Upload" />
			<column name="optlock" valueNumeric="0" />
			<column name="group_id" />
			<column name="provisioning_status" />
			<column name="global" valueBoolean="true" />
		</insert>
		<insert tableName="asset">
			<column name="id" valueNumeric="9456" />
			<column name="identifier" value="8669466288" />
			<column name="create_datetime" valueDate="2014-10-22T23:19:15.82" />
			<column name="status_id" valueNumeric="10501" />
			<column name="entity_id" valueNumeric="1" />
			<column name="deleted" valueNumeric="0" />
			<column name="item_id" valueNumeric="320104" />
			<column name="order_line_id" />
			<column name="notes" value="Bulk Upload" />
			<column name="optlock" valueNumeric="0" />
			<column name="group_id" />
			<column name="provisioning_status" />
			<column name="global" valueBoolean="true" />
		</insert>
		<insert tableName="asset">
			<column name="id" valueNumeric="9457" />
			<column name="identifier" value="8669466724" />
			<column name="create_datetime" valueDate="2014-10-22T23:19:15.93" />
			<column name="status_id" valueNumeric="10501" />
			<column name="entity_id" valueNumeric="1" />
			<column name="deleted" valueNumeric="0" />
			<column name="item_id" valueNumeric="320104" />
			<column name="order_line_id" />
			<column name="notes" value="Bulk Upload" />
			<column name="optlock" valueNumeric="0" />
			<column name="group_id" />
			<column name="provisioning_status" />
			<column name="global" valueBoolean="true" />
		</insert>
		<insert tableName="asset">
			<column name="id" valueNumeric="9458" />
			<column name="identifier" value="8669468946" />
			<column name="create_datetime" valueDate="2014-10-22T23:19:15.99" />
			<column name="status_id" valueNumeric="10501" />
			<column name="entity_id" valueNumeric="1" />
			<column name="deleted" valueNumeric="0" />
			<column name="item_id" valueNumeric="320104" />
			<column name="order_line_id" />
			<column name="notes" value="Bulk Upload" />
			<column name="optlock" valueNumeric="0" />
			<column name="group_id" />
			<column name="provisioning_status" />
			<column name="global" valueBoolean="true" />
		</insert>
		<insert tableName="asset">
			<column name="id" valueNumeric="9459" />
			<column name="identifier" value="8669472432" />
			<column name="create_datetime" valueDate="2014-10-22T23:19:15.105" />
			<column name="status_id" valueNumeric="10501" />
			<column name="entity_id" valueNumeric="1" />
			<column name="deleted" valueNumeric="0" />
			<column name="item_id" valueNumeric="320104" />
			<column name="order_line_id" />
			<column name="notes" value="Bulk Upload" />
			<column name="optlock" valueNumeric="0" />
			<column name="group_id" />
			<column name="provisioning_status" />
			<column name="global" valueBoolean="true" />
		</insert>
		<insert tableName="asset">
			<column name="id" valueNumeric="9460" />
			<column name="identifier" value="8669475012" />
			<column name="create_datetime" valueDate="2014-10-22T23:19:15.133" />
			<column name="status_id" valueNumeric="10501" />
			<column name="entity_id" valueNumeric="1" />
			<column name="deleted" valueNumeric="0" />
			<column name="item_id" valueNumeric="320104" />
			<column name="order_line_id" />
			<column name="notes" value="Bulk Upload" />
			<column name="optlock" valueNumeric="0" />
			<column name="group_id" />
			<column name="provisioning_status" />
			<column name="global" valueBoolean="true" />
		</insert>
		<insert tableName="asset">
			<column name="id" valueNumeric="9461" />
			<column name="identifier" value="8669476693" />
			<column name="create_datetime" valueDate="2014-10-22T23:19:15.140" />
			<column name="status_id" valueNumeric="10501" />
			<column name="entity_id" valueNumeric="1" />
			<column name="deleted" valueNumeric="0" />
			<column name="item_id" valueNumeric="320104" />
			<column name="order_line_id" />
			<column name="notes" value="Bulk Upload" />
			<column name="optlock" valueNumeric="0" />
			<column name="group_id" />
			<column name="provisioning_status" />
			<column name="global" valueBoolean="true" />
		</insert>
		<insert tableName="asset">
			<column name="id" valueNumeric="9462" />
			<column name="identifier" value="8669476869" />
			<column name="create_datetime" valueDate="2014-10-22T23:19:15.171" />
			<column name="status_id" valueNumeric="10501" />
			<column name="entity_id" valueNumeric="1" />
			<column name="deleted" valueNumeric="0" />
			<column name="item_id" valueNumeric="320104" />
			<column name="order_line_id" />
			<column name="notes" value="Bulk Upload" />
			<column name="optlock" valueNumeric="0" />
			<column name="group_id" />
			<column name="provisioning_status" />
			<column name="global" valueBoolean="true" />
		</insert>
		<insert tableName="asset">
			<column name="id" valueNumeric="9463" />
			<column name="identifier" value="8669477973" />
			<column name="create_datetime" valueDate="2014-10-22T23:19:15.191" />
			<column name="status_id" valueNumeric="10501" />
			<column name="entity_id" valueNumeric="1" />
			<column name="deleted" valueNumeric="0" />
			<column name="item_id" valueNumeric="320104" />
			<column name="order_line_id" />
			<column name="notes" value="Bulk Upload" />
			<column name="optlock" valueNumeric="0" />
			<column name="group_id" />
			<column name="provisioning_status" />
			<column name="global" valueBoolean="true" />
		</insert>
		<insert tableName="asset">
			<column name="id" valueNumeric="9464" />
			<column name="identifier" value="8669477993" />
			<column name="create_datetime" valueDate="2014-10-22T23:19:15.198" />
			<column name="status_id" valueNumeric="10501" />
			<column name="entity_id" valueNumeric="1" />
			<column name="deleted" valueNumeric="0" />
			<column name="item_id" valueNumeric="320104" />
			<column name="order_line_id" />
			<column name="notes" value="Bulk Upload" />
			<column name="optlock" valueNumeric="0" />
			<column name="group_id" />
			<column name="provisioning_status" />
			<column name="global" valueBoolean="true" />
		</insert>
		<insert tableName="asset">
			<column name="id" valueNumeric="9465" />
			<column name="identifier" value="8669480153" />
			<column name="create_datetime" valueDate="2014-10-22T23:19:15.209" />
			<column name="status_id" valueNumeric="10501" />
			<column name="entity_id" valueNumeric="1" />
			<column name="deleted" valueNumeric="0" />
			<column name="item_id" valueNumeric="320104" />
			<column name="order_line_id" />
			<column name="notes" value="Bulk Upload" />
			<column name="optlock" valueNumeric="0" />
			<column name="group_id" />
			<column name="provisioning_status" />
			<column name="global" valueBoolean="true" />
		</insert>
		<insert tableName="asset">
			<column name="id" valueNumeric="9466" />
			<column name="identifier" value="8669481425" />
			<column name="create_datetime" valueDate="2014-10-22T23:19:15.215" />
			<column name="status_id" valueNumeric="10501" />
			<column name="entity_id" valueNumeric="1" />
			<column name="deleted" valueNumeric="0" />
			<column name="item_id" valueNumeric="320104" />
			<column name="order_line_id" />
			<column name="notes" value="Bulk Upload" />
			<column name="optlock" valueNumeric="0" />
			<column name="group_id" />
			<column name="provisioning_status" />
			<column name="global" valueBoolean="true" />
		</insert>
		<insert tableName="asset">
			<column name="id" valueNumeric="9467" />
			<column name="identifier" value="8669481475" />
			<column name="create_datetime" valueDate="2014-10-22T23:19:15.221" />
			<column name="status_id" valueNumeric="10501" />
			<column name="entity_id" valueNumeric="1" />
			<column name="deleted" valueNumeric="0" />
			<column name="item_id" valueNumeric="320104" />
			<column name="order_line_id" />
			<column name="notes" value="Bulk Upload" />
			<column name="optlock" valueNumeric="0" />
			<column name="group_id" />
			<column name="provisioning_status" />
			<column name="global" valueBoolean="true" />
		</insert>
		<insert tableName="asset">
			<column name="id" valueNumeric="9468" />
			<column name="identifier" value="8669482014" />
			<column name="create_datetime" valueDate="2014-10-22T23:19:15.227" />
			<column name="status_id" valueNumeric="10501" />
			<column name="entity_id" valueNumeric="1" />
			<column name="deleted" valueNumeric="0" />
			<column name="item_id" valueNumeric="320104" />
			<column name="order_line_id" />
			<column name="notes" value="Bulk Upload" />
			<column name="optlock" valueNumeric="0" />
			<column name="group_id" />
			<column name="provisioning_status" />
			<column name="global" valueBoolean="true" />
		</insert>
		<insert tableName="asset">
			<column name="id" valueNumeric="9469" />
			<column name="identifier" value="8669482682" />
			<column name="create_datetime" valueDate="2014-10-22T23:19:15.234" />
			<column name="status_id" valueNumeric="10501" />
			<column name="entity_id" valueNumeric="1" />
			<column name="deleted" valueNumeric="0" />
			<column name="item_id" valueNumeric="320104" />
			<column name="order_line_id" />
			<column name="notes" value="Bulk Upload" />
			<column name="optlock" valueNumeric="0" />
			<column name="group_id" />
			<column name="provisioning_status" />
			<column name="global" valueBoolean="true" />
		</insert>
		<insert tableName="asset">
			<column name="id" valueNumeric="9470" />
			<column name="identifier" value="8669482787" />
			<column name="create_datetime" valueDate="2014-10-22T23:19:15.253" />
			<column name="status_id" valueNumeric="10501" />
			<column name="entity_id" valueNumeric="1" />
			<column name="deleted" valueNumeric="0" />
			<column name="item_id" valueNumeric="320104" />
			<column name="order_line_id" />
			<column name="notes" value="Bulk Upload" />
			<column name="optlock" valueNumeric="0" />
			<column name="group_id" />
			<column name="provisioning_status" />
			<column name="global" valueBoolean="true" />
		</insert>
		<insert tableName="asset">
			<column name="id" valueNumeric="9471" />
			<column name="identifier" value="8669482860" />
			<column name="create_datetime" valueDate="2014-10-22T23:19:15.264" />
			<column name="status_id" valueNumeric="10501" />
			<column name="entity_id" valueNumeric="1" />
			<column name="deleted" valueNumeric="0" />
			<column name="item_id" valueNumeric="320104" />
			<column name="order_line_id" />
			<column name="notes" value="Bulk Upload" />
			<column name="optlock" valueNumeric="0" />
			<column name="group_id" />
			<column name="provisioning_status" />
			<column name="global" valueBoolean="true" />
		</insert>
		<insert tableName="asset">
			<column name="id" valueNumeric="9472" />
			<column name="identifier" value="8669483345" />
			<column name="create_datetime" valueDate="2014-10-22T23:19:15.500" />
			<column name="status_id" valueNumeric="10501" />
			<column name="entity_id" valueNumeric="1" />
			<column name="deleted" valueNumeric="0" />
			<column name="item_id" valueNumeric="320104" />
			<column name="order_line_id" />
			<column name="notes" value="Bulk Upload" />
			<column name="optlock" valueNumeric="0" />
			<column name="group_id" />
			<column name="provisioning_status" />
			<column name="global" valueBoolean="true" />
		</insert>
		<insert tableName="asset">
			<column name="id" valueNumeric="9473" />
			<column name="identifier" value="8669483546" />
			<column name="create_datetime" valueDate="2014-10-22T23:19:15.520" />
			<column name="status_id" valueNumeric="10501" />
			<column name="entity_id" valueNumeric="1" />
			<column name="deleted" valueNumeric="0" />
			<column name="item_id" valueNumeric="320104" />
			<column name="order_line_id" />
			<column name="notes" value="Bulk Upload" />
			<column name="optlock" valueNumeric="0" />
			<column name="group_id" />
			<column name="provisioning_status" />
			<column name="global" valueBoolean="true" />
		</insert>
		<insert tableName="asset">
			<column name="id" valueNumeric="9474" />
			<column name="identifier" value="8669486929" />
			<column name="create_datetime" valueDate="2014-10-22T23:19:15.616" />
			<column name="status_id" valueNumeric="10501" />
			<column name="entity_id" valueNumeric="1" />
			<column name="deleted" valueNumeric="0" />
			<column name="item_id" valueNumeric="320104" />
			<column name="order_line_id" />
			<column name="notes" value="Bulk Upload" />
			<column name="optlock" valueNumeric="0" />
			<column name="group_id" />
			<column name="provisioning_status" />
			<column name="global" valueBoolean="true" />
		</insert>
		<insert tableName="asset">
			<column name="id" valueNumeric="9475" />
			<column name="identifier" value="8669487278" />
			<column name="create_datetime" valueDate="2014-10-22T23:19:15.623" />
			<column name="status_id" valueNumeric="10501" />
			<column name="entity_id" valueNumeric="1" />
			<column name="deleted" valueNumeric="0" />
			<column name="item_id" valueNumeric="320104" />
			<column name="order_line_id" />
			<column name="notes" value="Bulk Upload" />
			<column name="optlock" valueNumeric="0" />
			<column name="group_id" />
			<column name="provisioning_status" />
			<column name="global" valueBoolean="true" />
		</insert>
		<insert tableName="asset">
			<column name="id" valueNumeric="9476" />
			<column name="identifier" value="8669489517" />
			<column name="create_datetime" valueDate="2014-10-22T23:19:15.658" />
			<column name="status_id" valueNumeric="10501" />
			<column name="entity_id" valueNumeric="1" />
			<column name="deleted" valueNumeric="0" />
			<column name="item_id" valueNumeric="320104" />
			<column name="order_line_id" />
			<column name="notes" value="Bulk Upload" />
			<column name="optlock" valueNumeric="0" />
			<column name="group_id" />
			<column name="provisioning_status" />
			<column name="global" valueBoolean="true" />
		</insert>
		<insert tableName="asset">
			<column name="id" valueNumeric="9477" />
			<column name="identifier" value="8669782668" />
			<column name="create_datetime" valueDate="2014-10-22T23:19:15.691" />
			<column name="status_id" valueNumeric="10501" />
			<column name="entity_id" valueNumeric="1" />
			<column name="deleted" valueNumeric="0" />
			<column name="item_id" valueNumeric="320104" />
			<column name="order_line_id" />
			<column name="notes" value="Bulk Upload" />
			<column name="optlock" valueNumeric="0" />
			<column name="group_id" />
			<column name="provisioning_status" />
			<column name="global" valueBoolean="true" />
		</insert>
		<insert tableName="asset">
			<column name="id" valueNumeric="9478" />
			<column name="identifier" value="8772182218" />
			<column name="create_datetime" valueDate="2014-10-22T23:19:15.730" />
			<column name="status_id" valueNumeric="10501" />
			<column name="entity_id" valueNumeric="1" />
			<column name="deleted" valueNumeric="0" />
			<column name="item_id" valueNumeric="320104" />
			<column name="order_line_id" />
			<column name="notes" value="Bulk Upload" />
			<column name="optlock" valueNumeric="0" />
			<column name="group_id" />
			<column name="provisioning_status" />
			<column name="global" valueBoolean="true" />
		</insert>
		<insert tableName="asset">
			<column name="id" valueNumeric="9479" />
			<column name="identifier" value="8772267076" />
			<column name="create_datetime" valueDate="2014-10-22T23:19:15.742" />
			<column name="status_id" valueNumeric="10501" />
			<column name="entity_id" valueNumeric="1" />
			<column name="deleted" valueNumeric="0" />
			<column name="item_id" valueNumeric="320104" />
			<column name="order_line_id" />
			<column name="notes" value="Bulk Upload" />
			<column name="optlock" valueNumeric="0" />
			<column name="group_id" />
			<column name="provisioning_status" />
			<column name="global" valueBoolean="true" />
		</insert>
		<insert tableName="asset">
			<column name="id" valueNumeric="9480" />
			<column name="identifier" value="8772276533" />
			<column name="create_datetime" valueDate="2014-10-22T23:19:15.752" />
			<column name="status_id" valueNumeric="10501" />
			<column name="entity_id" valueNumeric="1" />
			<column name="deleted" valueNumeric="0" />
			<column name="item_id" valueNumeric="320104" />
			<column name="order_line_id" />
			<column name="notes" value="Bulk Upload" />
			<column name="optlock" valueNumeric="0" />
			<column name="group_id" />
			<column name="provisioning_status" />
			<column name="global" valueBoolean="true" />
		</insert>
		<insert tableName="asset">
			<column name="id" valueNumeric="9481" />
			<column name="identifier" value="8772309516" />
			<column name="create_datetime" valueDate="2014-10-22T23:19:15.783" />
			<column name="status_id" valueNumeric="10501" />
			<column name="entity_id" valueNumeric="1" />
			<column name="deleted" valueNumeric="0" />
			<column name="item_id" valueNumeric="320104" />
			<column name="order_line_id" />
			<column name="notes" value="Bulk Upload" />
			<column name="optlock" valueNumeric="0" />
			<column name="group_id" />
			<column name="provisioning_status" />
			<column name="global" valueBoolean="true" />
		</insert>
		<insert tableName="asset">
			<column name="id" valueNumeric="9482" />
			<column name="identifier" value="8772404249" />
			<column name="create_datetime" valueDate="2014-10-22T23:19:16.194" />
			<column name="status_id" valueNumeric="10501" />
			<column name="entity_id" valueNumeric="1" />
			<column name="deleted" valueNumeric="0" />
			<column name="item_id" valueNumeric="320104" />
			<column name="order_line_id" />
			<column name="notes" value="Bulk Upload" />
			<column name="optlock" valueNumeric="0" />
			<column name="group_id" />
			<column name="provisioning_status" />
			<column name="global" valueBoolean="true" />
		</insert>
		<insert tableName="asset">
			<column name="id" valueNumeric="9483" />
			<column name="identifier" value="8773014586" />
			<column name="create_datetime" valueDate="2014-10-22T23:19:16.201" />
			<column name="status_id" valueNumeric="10501" />
			<column name="entity_id" valueNumeric="1" />
			<column name="deleted" valueNumeric="0" />
			<column name="item_id" valueNumeric="320104" />
			<column name="order_line_id" />
			<column name="notes" value="Bulk Upload" />
			<column name="optlock" valueNumeric="0" />
			<column name="group_id" />
			<column name="provisioning_status" />
			<column name="global" valueBoolean="true" />
		</insert>
		<insert tableName="asset">
			<column name="id" valueNumeric="9484" />
			<column name="identifier" value="8773016459" />
			<column name="create_datetime" valueDate="2014-10-22T23:19:16.225" />
			<column name="status_id" valueNumeric="10501" />
			<column name="entity_id" valueNumeric="1" />
			<column name="deleted" valueNumeric="0" />
			<column name="item_id" valueNumeric="320104" />
			<column name="order_line_id" />
			<column name="notes" value="Bulk Upload" />
			<column name="optlock" valueNumeric="0" />
			<column name="group_id" />
			<column name="provisioning_status" />
			<column name="global" valueBoolean="true" />
		</insert>
		<insert tableName="asset">
			<column name="id" valueNumeric="9485" />
			<column name="identifier" value="8773016835" />
			<column name="create_datetime" valueDate="2014-10-22T23:19:16.254" />
			<column name="status_id" valueNumeric="10501" />
			<column name="entity_id" valueNumeric="1" />
			<column name="deleted" valueNumeric="0" />
			<column name="item_id" valueNumeric="320104" />
			<column name="order_line_id" />
			<column name="notes" value="Bulk Upload" />
			<column name="optlock" valueNumeric="0" />
			<column name="group_id" />
			<column name="provisioning_status" />
			<column name="global" valueBoolean="true" />
		</insert>
		<insert tableName="asset">
			<column name="id" valueNumeric="9486" />
			<column name="identifier" value="8773018774" />
			<column name="create_datetime" valueDate="2014-10-22T23:19:16.260" />
			<column name="status_id" valueNumeric="10501" />
			<column name="entity_id" valueNumeric="1" />
			<column name="deleted" valueNumeric="0" />
			<column name="item_id" valueNumeric="320104" />
			<column name="order_line_id" />
			<column name="notes" value="Bulk Upload" />
			<column name="optlock" valueNumeric="0" />
			<column name="group_id" />
			<column name="provisioning_status" />
			<column name="global" valueBoolean="true" />
		</insert>
		<insert tableName="asset">
			<column name="id" valueNumeric="9487" />
			<column name="identifier" value="8773018775" />
			<column name="create_datetime" valueDate="2014-10-22T23:19:16.293" />
			<column name="status_id" valueNumeric="10501" />
			<column name="entity_id" valueNumeric="1" />
			<column name="deleted" valueNumeric="0" />
			<column name="item_id" valueNumeric="320104" />
			<column name="order_line_id" />
			<column name="notes" value="Bulk Upload" />
			<column name="optlock" valueNumeric="0" />
			<column name="group_id" />
			<column name="provisioning_status" />
			<column name="global" valueBoolean="true" />
		</insert>
		<insert tableName="asset">
			<column name="id" valueNumeric="9488" />
			<column name="identifier" value="8773020894" />
			<column name="create_datetime" valueDate="2014-10-22T23:19:16.299" />
			<column name="status_id" valueNumeric="10501" />
			<column name="entity_id" valueNumeric="1" />
			<column name="deleted" valueNumeric="0" />
			<column name="item_id" valueNumeric="320104" />
			<column name="order_line_id" />
			<column name="notes" value="Bulk Upload" />
			<column name="optlock" valueNumeric="0" />
			<column name="group_id" />
			<column name="provisioning_status" />
			<column name="global" valueBoolean="true" />
		</insert>
		<insert tableName="asset">
			<column name="id" valueNumeric="9489" />
			<column name="identifier" value="8773045207" />
			<column name="create_datetime" valueDate="2014-10-22T23:19:16.306" />
			<column name="status_id" valueNumeric="10501" />
			<column name="entity_id" valueNumeric="1" />
			<column name="deleted" valueNumeric="0" />
			<column name="item_id" valueNumeric="320104" />
			<column name="order_line_id" />
			<column name="notes" value="Bulk Upload" />
			<column name="optlock" valueNumeric="0" />
			<column name="group_id" />
			<column name="provisioning_status" />
			<column name="global" valueBoolean="true" />
		</insert>
		<insert tableName="asset">
			<column name="id" valueNumeric="9490" />
			<column name="identifier" value="8773052845" />
			<column name="create_datetime" valueDate="2014-10-22T23:19:16.316" />
			<column name="status_id" valueNumeric="10501" />
			<column name="entity_id" valueNumeric="1" />
			<column name="deleted" valueNumeric="0" />
			<column name="item_id" valueNumeric="320104" />
			<column name="order_line_id" />
			<column name="notes" value="Bulk Upload" />
			<column name="optlock" valueNumeric="0" />
			<column name="group_id" />
			<column name="provisioning_status" />
			<column name="global" valueBoolean="true" />
		</insert>
		<insert tableName="asset">
			<column name="id" valueNumeric="9491" />
			<column name="identifier" value="8773052936" />
			<column name="create_datetime" valueDate="2014-10-22T23:19:16.327" />
			<column name="status_id" valueNumeric="10501" />
			<column name="entity_id" valueNumeric="1" />
			<column name="deleted" valueNumeric="0" />
			<column name="item_id" valueNumeric="320104" />
			<column name="order_line_id" />
			<column name="notes" value="Bulk Upload" />
			<column name="optlock" valueNumeric="0" />
			<column name="group_id" />
			<column name="provisioning_status" />
			<column name="global" valueBoolean="true" />
		</insert>
		<insert tableName="asset">
			<column name="id" valueNumeric="9492" />
			<column name="identifier" value="8773053060" />
			<column name="create_datetime" valueDate="2014-10-22T23:19:16.346" />
			<column name="status_id" valueNumeric="10501" />
			<column name="entity_id" valueNumeric="1" />
			<column name="deleted" valueNumeric="0" />
			<column name="item_id" valueNumeric="320104" />
			<column name="order_line_id" />
			<column name="notes" value="Bulk Upload" />
			<column name="optlock" valueNumeric="0" />
			<column name="group_id" />
			<column name="provisioning_status" />
			<column name="global" valueBoolean="true" />
		</insert>
		<insert tableName="asset">
			<column name="id" valueNumeric="9493" />
			<column name="identifier" value="8773053068" />
			<column name="create_datetime" valueDate="2014-10-22T23:19:16.353" />
			<column name="status_id" valueNumeric="10501" />
			<column name="entity_id" valueNumeric="1" />
			<column name="deleted" valueNumeric="0" />
			<column name="item_id" valueNumeric="320104" />
			<column name="order_line_id" />
			<column name="notes" value="Bulk Upload" />
			<column name="optlock" valueNumeric="0" />
			<column name="group_id" />
			<column name="provisioning_status" />
			<column name="global" valueBoolean="true" />
		</insert>
		<insert tableName="asset">
			<column name="id" valueNumeric="9494" />
			<column name="identifier" value="8773053069" />
			<column name="create_datetime" valueDate="2014-10-22T23:19:16.359" />
			<column name="status_id" valueNumeric="10501" />
			<column name="entity_id" valueNumeric="1" />
			<column name="deleted" valueNumeric="0" />
			<column name="item_id" valueNumeric="320104" />
			<column name="order_line_id" />
			<column name="notes" value="Bulk Upload" />
			<column name="optlock" valueNumeric="0" />
			<column name="group_id" />
			<column name="provisioning_status" />
			<column name="global" valueBoolean="true" />
		</insert>
		<insert tableName="asset">
			<column name="id" valueNumeric="9495" />
			<column name="identifier" value="8773053137" />
			<column name="create_datetime" valueDate="2014-10-22T23:19:16.374" />
			<column name="status_id" valueNumeric="10501" />
			<column name="entity_id" valueNumeric="1" />
			<column name="deleted" valueNumeric="0" />
			<column name="item_id" valueNumeric="320104" />
			<column name="order_line_id" />
			<column name="notes" value="Bulk Upload" />
			<column name="optlock" valueNumeric="0" />
			<column name="group_id" />
			<column name="provisioning_status" />
			<column name="global" valueBoolean="true" />
		</insert>
		<insert tableName="asset">
			<column name="id" valueNumeric="9496" />
			<column name="identifier" value="8773055910" />
			<column name="create_datetime" valueDate="2014-10-22T23:19:16.394" />
			<column name="status_id" valueNumeric="10501" />
			<column name="entity_id" valueNumeric="1" />
			<column name="deleted" valueNumeric="0" />
			<column name="item_id" valueNumeric="320104" />
			<column name="order_line_id" />
			<column name="notes" value="Bulk Upload" />
			<column name="optlock" valueNumeric="0" />
			<column name="group_id" />
			<column name="provisioning_status" />
			<column name="global" valueBoolean="true" />
		</insert>
		<insert tableName="asset">
			<column name="id" valueNumeric="9497" />
			<column name="identifier" value="8773055931" />
			<column name="create_datetime" valueDate="2014-10-22T23:19:16.404" />
			<column name="status_id" valueNumeric="10501" />
			<column name="entity_id" valueNumeric="1" />
			<column name="deleted" valueNumeric="0" />
			<column name="item_id" valueNumeric="320104" />
			<column name="order_line_id" />
			<column name="notes" value="Bulk Upload" />
			<column name="optlock" valueNumeric="0" />
			<column name="group_id" />
			<column name="provisioning_status" />
			<column name="global" valueBoolean="true" />
		</insert>
		<insert tableName="asset">
			<column name="id" valueNumeric="9498" />
			<column name="identifier" value="8773056080" />
			<column name="create_datetime" valueDate="2014-10-22T23:19:16.428" />
			<column name="status_id" valueNumeric="10501" />
			<column name="entity_id" valueNumeric="1" />
			<column name="deleted" valueNumeric="0" />
			<column name="item_id" valueNumeric="320104" />
			<column name="order_line_id" />
			<column name="notes" value="Bulk Upload" />
			<column name="optlock" valueNumeric="0" />
			<column name="group_id" />
			<column name="provisioning_status" />
			<column name="global" valueBoolean="true" />
		</insert>
		<insert tableName="asset">
			<column name="id" valueNumeric="9499" />
			<column name="identifier" value="8773056413" />
			<column name="create_datetime" valueDate="2014-10-22T23:19:16.434" />
			<column name="status_id" valueNumeric="10501" />
			<column name="entity_id" valueNumeric="1" />
			<column name="deleted" valueNumeric="0" />
			<column name="item_id" valueNumeric="320104" />
			<column name="order_line_id" />
			<column name="notes" value="Bulk Upload" />
			<column name="optlock" valueNumeric="0" />
			<column name="group_id" />
			<column name="provisioning_status" />
			<column name="global" valueBoolean="true" />
		</insert>
		<insert tableName="asset">
			<column name="id" valueNumeric="9500" />
			<column name="identifier" value="8773057464" />
			<column name="create_datetime" valueDate="2014-10-22T23:19:16.443" />
			<column name="status_id" valueNumeric="10501" />
			<column name="entity_id" valueNumeric="1" />
			<column name="deleted" valueNumeric="0" />
			<column name="item_id" valueNumeric="320104" />
			<column name="order_line_id" />
			<column name="notes" value="Bulk Upload" />
			<column name="optlock" valueNumeric="0" />
			<column name="group_id" />
			<column name="provisioning_status" />
			<column name="global" valueBoolean="true" />
		</insert>
		<insert tableName="asset">
			<column name="id" valueNumeric="9501" />
			<column name="identifier" value="8773058958" />
			<column name="create_datetime" valueDate="2014-10-22T23:19:16.455" />
			<column name="status_id" valueNumeric="10501" />
			<column name="entity_id" valueNumeric="1" />
			<column name="deleted" valueNumeric="0" />
			<column name="item_id" valueNumeric="320104" />
			<column name="order_line_id" />
			<column name="notes" value="Bulk Upload" />
			<column name="optlock" valueNumeric="0" />
			<column name="group_id" />
			<column name="provisioning_status" />
			<column name="global" valueBoolean="true" />
		</insert>
		<insert tableName="asset">
			<column name="id" valueNumeric="9502" />
			<column name="identifier" value="8773060488" />
			<column name="create_datetime" valueDate="2014-10-22T23:19:16.479" />
			<column name="status_id" valueNumeric="10501" />
			<column name="entity_id" valueNumeric="1" />
			<column name="deleted" valueNumeric="0" />
			<column name="item_id" valueNumeric="320104" />
			<column name="order_line_id" />
			<column name="notes" value="Bulk Upload" />
			<column name="optlock" valueNumeric="0" />
			<column name="group_id" />
			<column name="provisioning_status" />
			<column name="global" valueBoolean="true" />
		</insert>
		<insert tableName="asset">
			<column name="id" valueNumeric="9503" />
			<column name="identifier" value="8773063072" />
			<column name="create_datetime" valueDate="2014-10-22T23:19:16.503" />
			<column name="status_id" valueNumeric="10501" />
			<column name="entity_id" valueNumeric="1" />
			<column name="deleted" valueNumeric="0" />
			<column name="item_id" valueNumeric="320104" />
			<column name="order_line_id" />
			<column name="notes" value="Bulk Upload" />
			<column name="optlock" valueNumeric="0" />
			<column name="group_id" />
			<column name="provisioning_status" />
			<column name="global" valueBoolean="true" />
		</insert>
		<insert tableName="asset">
			<column name="id" valueNumeric="9504" />
			<column name="identifier" value="8773063076" />
			<column name="create_datetime" valueDate="2014-10-22T23:19:16.531" />
			<column name="status_id" valueNumeric="10501" />
			<column name="entity_id" valueNumeric="1" />
			<column name="deleted" valueNumeric="0" />
			<column name="item_id" valueNumeric="320104" />
			<column name="order_line_id" />
			<column name="notes" value="Bulk Upload" />
			<column name="optlock" valueNumeric="0" />
			<column name="group_id" />
			<column name="provisioning_status" />
			<column name="global" valueBoolean="true" />
		</insert>
		<insert tableName="asset">
			<column name="id" valueNumeric="9505" />
			<column name="identifier" value="8773063157" />
			<column name="create_datetime" valueDate="2014-10-22T23:19:16.538" />
			<column name="status_id" valueNumeric="10501" />
			<column name="entity_id" valueNumeric="1" />
			<column name="deleted" valueNumeric="0" />
			<column name="item_id" valueNumeric="320104" />
			<column name="order_line_id" />
			<column name="notes" value="Bulk Upload" />
			<column name="optlock" valueNumeric="0" />
			<column name="group_id" />
			<column name="provisioning_status" />
			<column name="global" valueBoolean="true" />
		</insert>
		<insert tableName="asset">
			<column name="id" valueNumeric="9506" />
			<column name="identifier" value="8773064237" />
			<column name="create_datetime" valueDate="2014-10-22T23:19:16.611" />
			<column name="status_id" valueNumeric="10501" />
			<column name="entity_id" valueNumeric="1" />
			<column name="deleted" valueNumeric="0" />
			<column name="item_id" valueNumeric="320104" />
			<column name="order_line_id" />
			<column name="notes" value="Bulk Upload" />
			<column name="optlock" valueNumeric="0" />
			<column name="group_id" />
			<column name="provisioning_status" />
			<column name="global" valueBoolean="true" />
		</insert>
		<insert tableName="asset">
			<column name="id" valueNumeric="9507" />
			<column name="identifier" value="8773064250" />
			<column name="create_datetime" valueDate="2014-10-22T23:19:16.623" />
			<column name="status_id" valueNumeric="10501" />
			<column name="entity_id" valueNumeric="1" />
			<column name="deleted" valueNumeric="0" />
			<column name="item_id" valueNumeric="320104" />
			<column name="order_line_id" />
			<column name="notes" value="Bulk Upload" />
			<column name="optlock" valueNumeric="0" />
			<column name="group_id" />
			<column name="provisioning_status" />
			<column name="global" valueBoolean="true" />
		</insert>
		<insert tableName="asset">
			<column name="id" valueNumeric="9508" />
			<column name="identifier" value="8773064251" />
			<column name="create_datetime" valueDate="2014-10-22T23:19:16.629" />
			<column name="status_id" valueNumeric="10501" />
			<column name="entity_id" valueNumeric="1" />
			<column name="deleted" valueNumeric="0" />
			<column name="item_id" valueNumeric="320104" />
			<column name="order_line_id" />
			<column name="notes" value="Bulk Upload" />
			<column name="optlock" valueNumeric="0" />
			<column name="group_id" />
			<column name="provisioning_status" />
			<column name="global" valueBoolean="true" />
		</insert>
		<insert tableName="asset">
			<column name="id" valueNumeric="9509" />
			<column name="identifier" value="8773064256" />
			<column name="create_datetime" valueDate="2014-10-22T23:19:16.769" />
			<column name="status_id" valueNumeric="10501" />
			<column name="entity_id" valueNumeric="1" />
			<column name="deleted" valueNumeric="0" />
			<column name="item_id" valueNumeric="320104" />
			<column name="order_line_id" />
			<column name="notes" value="Bulk Upload" />
			<column name="optlock" valueNumeric="0" />
			<column name="group_id" />
			<column name="provisioning_status" />
			<column name="global" valueBoolean="true" />
		</insert>
		<insert tableName="asset">
			<column name="id" valueNumeric="9510" />
			<column name="identifier" value="8773064265" />
			<column name="create_datetime" valueDate="2014-10-22T23:19:16.805" />
			<column name="status_id" valueNumeric="10501" />
			<column name="entity_id" valueNumeric="1" />
			<column name="deleted" valueNumeric="0" />
			<column name="item_id" valueNumeric="320104" />
			<column name="order_line_id" />
			<column name="notes" value="Bulk Upload" />
			<column name="optlock" valueNumeric="0" />
			<column name="group_id" />
			<column name="provisioning_status" />
			<column name="global" valueBoolean="true" />
		</insert>
		<insert tableName="asset">
			<column name="id" valueNumeric="9511" />
			<column name="identifier" value="8773065020" />
			<column name="create_datetime" valueDate="2014-10-22T23:19:16.860" />
			<column name="status_id" valueNumeric="10501" />
			<column name="entity_id" valueNumeric="1" />
			<column name="deleted" valueNumeric="0" />
			<column name="item_id" valueNumeric="320104" />
			<column name="order_line_id" />
			<column name="notes" value="Bulk Upload" />
			<column name="optlock" valueNumeric="0" />
			<column name="group_id" />
			<column name="provisioning_status" />
			<column name="global" valueBoolean="true" />
		</insert>
		<insert tableName="asset">
			<column name="id" valueNumeric="9512" />
			<column name="identifier" value="8773070805" />
			<column name="create_datetime" valueDate="2014-10-22T23:19:16.877" />
			<column name="status_id" valueNumeric="10501" />
			<column name="entity_id" valueNumeric="1" />
			<column name="deleted" valueNumeric="0" />
			<column name="item_id" valueNumeric="320104" />
			<column name="order_line_id" />
			<column name="notes" value="Bulk Upload" />
			<column name="optlock" valueNumeric="0" />
			<column name="group_id" />
			<column name="provisioning_status" />
			<column name="global" valueBoolean="true" />
		</insert>
		<insert tableName="asset">
			<column name="id" valueNumeric="9513" />
			<column name="identifier" value="8773071039" />
			<column name="create_datetime" valueDate="2014-10-22T23:19:16.909" />
			<column name="status_id" valueNumeric="10501" />
			<column name="entity_id" valueNumeric="1" />
			<column name="deleted" valueNumeric="0" />
			<column name="item_id" valueNumeric="320104" />
			<column name="order_line_id" />
			<column name="notes" value="Bulk Upload" />
			<column name="optlock" valueNumeric="0" />
			<column name="group_id" />
			<column name="provisioning_status" />
			<column name="global" valueBoolean="true" />
		</insert>
		<insert tableName="asset">
			<column name="id" valueNumeric="9514" />
			<column name="identifier" value="8773073801" />
			<column name="create_datetime" valueDate="2014-10-22T23:19:16.947" />
			<column name="status_id" valueNumeric="10501" />
			<column name="entity_id" valueNumeric="1" />
			<column name="deleted" valueNumeric="0" />
			<column name="item_id" valueNumeric="320104" />
			<column name="order_line_id" />
			<column name="notes" value="Bulk Upload" />
			<column name="optlock" valueNumeric="0" />
			<column name="group_id" />
			<column name="provisioning_status" />
			<column name="global" valueBoolean="true" />
		</insert>
		<insert tableName="asset">
			<column name="id" valueNumeric="9515" />
			<column name="identifier" value="8773073835" />
			<column name="create_datetime" valueDate="2014-10-22T23:19:16.982" />
			<column name="status_id" valueNumeric="10501" />
			<column name="entity_id" valueNumeric="1" />
			<column name="deleted" valueNumeric="0" />
			<column name="item_id" valueNumeric="320104" />
			<column name="order_line_id" />
			<column name="notes" value="Bulk Upload" />
			<column name="optlock" valueNumeric="0" />
			<column name="group_id" />
			<column name="provisioning_status" />
			<column name="global" valueBoolean="true" />
		</insert>
		<insert tableName="asset">
			<column name="id" valueNumeric="9516" />
			<column name="identifier" value="8773078855" />
			<column name="create_datetime" valueDate="2014-10-22T23:19:17.25" />
			<column name="status_id" valueNumeric="10501" />
			<column name="entity_id" valueNumeric="1" />
			<column name="deleted" valueNumeric="0" />
			<column name="item_id" valueNumeric="320104" />
			<column name="order_line_id" />
			<column name="notes" value="Bulk Upload" />
			<column name="optlock" valueNumeric="0" />
			<column name="group_id" />
			<column name="provisioning_status" />
			<column name="global" valueBoolean="true" />
		</insert>
		<insert tableName="asset">
			<column name="id" valueNumeric="9517" />
			<column name="identifier" value="8773079817" />
			<column name="create_datetime" valueDate="2014-10-22T23:19:17.50" />
			<column name="status_id" valueNumeric="10501" />
			<column name="entity_id" valueNumeric="1" />
			<column name="deleted" valueNumeric="0" />
			<column name="item_id" valueNumeric="320104" />
			<column name="order_line_id" />
			<column name="notes" value="Bulk Upload" />
			<column name="optlock" valueNumeric="0" />
			<column name="group_id" />
			<column name="provisioning_status" />
			<column name="global" valueBoolean="true" />
		</insert>
		<insert tableName="asset">
			<column name="id" valueNumeric="9518" />
			<column name="identifier" value="8773081007" />
			<column name="create_datetime" valueDate="2014-10-22T23:19:17.96" />
			<column name="status_id" valueNumeric="10501" />
			<column name="entity_id" valueNumeric="1" />
			<column name="deleted" valueNumeric="0" />
			<column name="item_id" valueNumeric="320104" />
			<column name="order_line_id" />
			<column name="notes" value="Bulk Upload" />
			<column name="optlock" valueNumeric="0" />
			<column name="group_id" />
			<column name="provisioning_status" />
			<column name="global" valueBoolean="true" />
		</insert>
		<insert tableName="asset">
			<column name="id" valueNumeric="9519" />
			<column name="identifier" value="8773081545" />
			<column name="create_datetime" valueDate="2014-10-22T23:19:17.116" />
			<column name="status_id" valueNumeric="10501" />
			<column name="entity_id" valueNumeric="1" />
			<column name="deleted" valueNumeric="0" />
			<column name="item_id" valueNumeric="320104" />
			<column name="order_line_id" />
			<column name="notes" value="Bulk Upload" />
			<column name="optlock" valueNumeric="0" />
			<column name="group_id" />
			<column name="provisioning_status" />
			<column name="global" valueBoolean="true" />
		</insert>
		<insert tableName="asset">
			<column name="id" valueNumeric="9520" />
			<column name="identifier" value="8773081710" />
			<column name="create_datetime" valueDate="2014-10-22T23:19:17.138" />
			<column name="status_id" valueNumeric="10501" />
			<column name="entity_id" valueNumeric="1" />
			<column name="deleted" valueNumeric="0" />
			<column name="item_id" valueNumeric="320104" />
			<column name="order_line_id" />
			<column name="notes" value="Bulk Upload" />
			<column name="optlock" valueNumeric="0" />
			<column name="group_id" />
			<column name="provisioning_status" />
			<column name="global" valueBoolean="true" />
		</insert>
		<insert tableName="asset">
			<column name="id" valueNumeric="9521" />
			<column name="identifier" value="8773082137" />
			<column name="create_datetime" valueDate="2014-10-22T23:19:17.144" />
			<column name="status_id" valueNumeric="10501" />
			<column name="entity_id" valueNumeric="1" />
			<column name="deleted" valueNumeric="0" />
			<column name="item_id" valueNumeric="320104" />
			<column name="order_line_id" />
			<column name="notes" value="Bulk Upload" />
			<column name="optlock" valueNumeric="0" />
			<column name="group_id" />
			<column name="provisioning_status" />
			<column name="global" valueBoolean="true" />
		</insert>
		<insert tableName="asset">
			<column name="id" valueNumeric="9522" />
			<column name="identifier" value="8773087156" />
			<column name="create_datetime" valueDate="2014-10-22T23:19:17.186" />
			<column name="status_id" valueNumeric="10501" />
			<column name="entity_id" valueNumeric="1" />
			<column name="deleted" valueNumeric="0" />
			<column name="item_id" valueNumeric="320104" />
			<column name="order_line_id" />
			<column name="notes" value="Bulk Upload" />
			<column name="optlock" valueNumeric="0" />
			<column name="group_id" />
			<column name="provisioning_status" />
			<column name="global" valueBoolean="true" />
		</insert>
		<insert tableName="asset">
			<column name="id" valueNumeric="9523" />
			<column name="identifier" value="8773089648" />
			<column name="create_datetime" valueDate="2014-10-22T23:19:17.192" />
			<column name="status_id" valueNumeric="10501" />
			<column name="entity_id" valueNumeric="1" />
			<column name="deleted" valueNumeric="0" />
			<column name="item_id" valueNumeric="320104" />
			<column name="order_line_id" />
			<column name="notes" value="Bulk Upload" />
			<column name="optlock" valueNumeric="0" />
			<column name="group_id" />
			<column name="provisioning_status" />
			<column name="global" valueBoolean="true" />
		</insert>
		<insert tableName="asset">
			<column name="id" valueNumeric="9524" />
			<column name="identifier" value="8773091015" />
			<column name="create_datetime" valueDate="2014-10-22T23:19:17.286" />
			<column name="status_id" valueNumeric="10501" />
			<column name="entity_id" valueNumeric="1" />
			<column name="deleted" valueNumeric="0" />
			<column name="item_id" valueNumeric="320104" />
			<column name="order_line_id" />
			<column name="notes" value="Bulk Upload" />
			<column name="optlock" valueNumeric="0" />
			<column name="group_id" />
			<column name="provisioning_status" />
			<column name="global" valueBoolean="true" />
		</insert>
		<insert tableName="asset">
			<column name="id" valueNumeric="9525" />
			<column name="identifier" value="8773092656" />
			<column name="create_datetime" valueDate="2014-10-22T23:19:17.297" />
			<column name="status_id" valueNumeric="10501" />
			<column name="entity_id" valueNumeric="1" />
			<column name="deleted" valueNumeric="0" />
			<column name="item_id" valueNumeric="320104" />
			<column name="order_line_id" />
			<column name="notes" value="Bulk Upload" />
			<column name="optlock" valueNumeric="0" />
			<column name="group_id" />
			<column name="provisioning_status" />
			<column name="global" valueBoolean="true" />
		</insert>
		<insert tableName="asset">
			<column name="id" valueNumeric="9526" />
			<column name="identifier" value="8773092659" />
			<column name="create_datetime" valueDate="2014-10-22T23:19:17.338" />
			<column name="status_id" valueNumeric="10501" />
			<column name="entity_id" valueNumeric="1" />
			<column name="deleted" valueNumeric="0" />
			<column name="item_id" valueNumeric="320104" />
			<column name="order_line_id" />
			<column name="notes" value="Bulk Upload" />
			<column name="optlock" valueNumeric="0" />
			<column name="group_id" />
			<column name="provisioning_status" />
			<column name="global" valueBoolean="true" />
		</insert>
		<insert tableName="asset">
			<column name="id" valueNumeric="9527" />
			<column name="identifier" value="8773092663" />
			<column name="create_datetime" valueDate="2014-10-22T23:19:17.358" />
			<column name="status_id" valueNumeric="10501" />
			<column name="entity_id" valueNumeric="1" />
			<column name="deleted" valueNumeric="0" />
			<column name="item_id" valueNumeric="320104" />
			<column name="order_line_id" />
			<column name="notes" value="Bulk Upload" />
			<column name="optlock" valueNumeric="0" />
			<column name="group_id" />
			<column name="provisioning_status" />
			<column name="global" valueBoolean="true" />
		</insert>
		<insert tableName="asset">
			<column name="id" valueNumeric="9528" />
			<column name="identifier" value="8773092672" />
			<column name="create_datetime" valueDate="2014-10-22T23:19:17.364" />
			<column name="status_id" valueNumeric="10501" />
			<column name="entity_id" valueNumeric="1" />
			<column name="deleted" valueNumeric="0" />
			<column name="item_id" valueNumeric="320104" />
			<column name="order_line_id" />
			<column name="notes" value="Bulk Upload" />
			<column name="optlock" valueNumeric="0" />
			<column name="group_id" />
			<column name="provisioning_status" />
			<column name="global" valueBoolean="true" />
		</insert>
		<insert tableName="asset">
			<column name="id" valueNumeric="9529" />
			<column name="identifier" value="8773093244" />
			<column name="create_datetime" valueDate="2014-10-22T23:19:17.422" />
			<column name="status_id" valueNumeric="10501" />
			<column name="entity_id" valueNumeric="1" />
			<column name="deleted" valueNumeric="0" />
			<column name="item_id" valueNumeric="320104" />
			<column name="order_line_id" />
			<column name="notes" value="Bulk Upload" />
			<column name="optlock" valueNumeric="0" />
			<column name="group_id" />
			<column name="provisioning_status" />
			<column name="global" valueBoolean="true" />
		</insert>
		<insert tableName="asset">
			<column name="id" valueNumeric="9530" />
			<column name="identifier" value="8773094388" />
			<column name="create_datetime" valueDate="2014-10-22T23:19:17.429" />
			<column name="status_id" valueNumeric="10501" />
			<column name="entity_id" valueNumeric="1" />
			<column name="deleted" valueNumeric="0" />
			<column name="item_id" valueNumeric="320104" />
			<column name="order_line_id" />
			<column name="notes" value="Bulk Upload" />
			<column name="optlock" valueNumeric="0" />
			<column name="group_id" />
			<column name="provisioning_status" />
			<column name="global" valueBoolean="true" />
		</insert>
		<insert tableName="asset">
			<column name="id" valueNumeric="9531" />
			<column name="identifier" value="8773095369" />
			<column name="create_datetime" valueDate="2014-10-22T23:19:17.444" />
			<column name="status_id" valueNumeric="10501" />
			<column name="entity_id" valueNumeric="1" />
			<column name="deleted" valueNumeric="0" />
			<column name="item_id" valueNumeric="320104" />
			<column name="order_line_id" />
			<column name="notes" value="Bulk Upload" />
			<column name="optlock" valueNumeric="0" />
			<column name="group_id" />
			<column name="provisioning_status" />
			<column name="global" valueBoolean="true" />
		</insert>
		<insert tableName="asset">
			<column name="id" valueNumeric="9532" />
			<column name="identifier" value="8773096235" />
			<column name="create_datetime" valueDate="2014-10-22T23:19:17.551" />
			<column name="status_id" valueNumeric="10501" />
			<column name="entity_id" valueNumeric="1" />
			<column name="deleted" valueNumeric="0" />
			<column name="item_id" valueNumeric="320104" />
			<column name="order_line_id" />
			<column name="notes" value="Bulk Upload" />
			<column name="optlock" valueNumeric="0" />
			<column name="group_id" />
			<column name="provisioning_status" />
			<column name="global" valueBoolean="true" />
		</insert>
		<insert tableName="asset">
			<column name="id" valueNumeric="9533" />
			<column name="identifier" value="8773096692" />
			<column name="create_datetime" valueDate="2014-10-22T23:19:17.578" />
			<column name="status_id" valueNumeric="10501" />
			<column name="entity_id" valueNumeric="1" />
			<column name="deleted" valueNumeric="0" />
			<column name="item_id" valueNumeric="320104" />
			<column name="order_line_id" />
			<column name="notes" value="Bulk Upload" />
			<column name="optlock" valueNumeric="0" />
			<column name="group_id" />
			<column name="provisioning_status" />
			<column name="global" valueBoolean="true" />
		</insert>
		<insert tableName="asset">
			<column name="id" valueNumeric="9534" />
			<column name="identifier" value="8773098396" />
			<column name="create_datetime" valueDate="2014-10-22T23:19:17.594" />
			<column name="status_id" valueNumeric="10501" />
			<column name="entity_id" valueNumeric="1" />
			<column name="deleted" valueNumeric="0" />
			<column name="item_id" valueNumeric="320104" />
			<column name="order_line_id" />
			<column name="notes" value="Bulk Upload" />
			<column name="optlock" valueNumeric="0" />
			<column name="group_id" />
			<column name="provisioning_status" />
			<column name="global" valueBoolean="true" />
		</insert>
		<insert tableName="asset">
			<column name="id" valueNumeric="9535" />
			<column name="identifier" value="8773100380" />
			<column name="create_datetime" valueDate="2014-10-22T23:19:17.601" />
			<column name="status_id" valueNumeric="10501" />
			<column name="entity_id" valueNumeric="1" />
			<column name="deleted" valueNumeric="0" />
			<column name="item_id" valueNumeric="320104" />
			<column name="order_line_id" />
			<column name="notes" value="Bulk Upload" />
			<column name="optlock" valueNumeric="0" />
			<column name="group_id" />
			<column name="provisioning_status" />
			<column name="global" valueBoolean="true" />
		</insert>
		<insert tableName="asset">
			<column name="id" valueNumeric="9536" />
			<column name="identifier" value="8773100441" />
			<column name="create_datetime" valueDate="2014-10-22T23:19:17.637" />
			<column name="status_id" valueNumeric="10501" />
			<column name="entity_id" valueNumeric="1" />
			<column name="deleted" valueNumeric="0" />
			<column name="item_id" valueNumeric="320104" />
			<column name="order_line_id" />
			<column name="notes" value="Bulk Upload" />
			<column name="optlock" valueNumeric="0" />
			<column name="group_id" />
			<column name="provisioning_status" />
			<column name="global" valueBoolean="true" />
		</insert>
		<insert tableName="asset">
			<column name="id" valueNumeric="9537" />
			<column name="identifier" value="8773102580" />
			<column name="create_datetime" valueDate="2014-10-22T23:19:17.677" />
			<column name="status_id" valueNumeric="10501" />
			<column name="entity_id" valueNumeric="1" />
			<column name="deleted" valueNumeric="0" />
			<column name="item_id" valueNumeric="320104" />
			<column name="order_line_id" />
			<column name="notes" value="Bulk Upload" />
			<column name="optlock" valueNumeric="0" />
			<column name="group_id" />
			<column name="provisioning_status" />
			<column name="global" valueBoolean="true" />
		</insert>
		<insert tableName="asset">
			<column name="id" valueNumeric="9538" />
			<column name="identifier" value="8773102977" />
			<column name="create_datetime" valueDate="2014-10-22T23:19:17.723" />
			<column name="status_id" valueNumeric="10501" />
			<column name="entity_id" valueNumeric="1" />
			<column name="deleted" valueNumeric="0" />
			<column name="item_id" valueNumeric="320104" />
			<column name="order_line_id" />
			<column name="notes" value="Bulk Upload" />
			<column name="optlock" valueNumeric="0" />
			<column name="group_id" />
			<column name="provisioning_status" />
			<column name="global" valueBoolean="true" />
		</insert>
		<insert tableName="asset">
			<column name="id" valueNumeric="9539" />
			<column name="identifier" value="8773105547" />
			<column name="create_datetime" valueDate="2014-10-22T23:19:17.823" />
			<column name="status_id" valueNumeric="10501" />
			<column name="entity_id" valueNumeric="1" />
			<column name="deleted" valueNumeric="0" />
			<column name="item_id" valueNumeric="320104" />
			<column name="order_line_id" />
			<column name="notes" value="Bulk Upload" />
			<column name="optlock" valueNumeric="0" />
			<column name="group_id" />
			<column name="provisioning_status" />
			<column name="global" valueBoolean="true" />
		</insert>
		<insert tableName="asset">
			<column name="id" valueNumeric="9540" />
			<column name="identifier" value="8773107482" />
			<column name="create_datetime" valueDate="2014-10-22T23:19:17.850" />
			<column name="status_id" valueNumeric="10501" />
			<column name="entity_id" valueNumeric="1" />
			<column name="deleted" valueNumeric="0" />
			<column name="item_id" valueNumeric="320104" />
			<column name="order_line_id" />
			<column name="notes" value="Bulk Upload" />
			<column name="optlock" valueNumeric="0" />
			<column name="group_id" />
			<column name="provisioning_status" />
			<column name="global" valueBoolean="true" />
		</insert>
		<insert tableName="asset">
			<column name="id" valueNumeric="9541" />
			<column name="identifier" value="8773107661" />
			<column name="create_datetime" valueDate="2014-10-22T23:19:17.857" />
			<column name="status_id" valueNumeric="10501" />
			<column name="entity_id" valueNumeric="1" />
			<column name="deleted" valueNumeric="0" />
			<column name="item_id" valueNumeric="320104" />
			<column name="order_line_id" />
			<column name="notes" value="Bulk Upload" />
			<column name="optlock" valueNumeric="0" />
			<column name="group_id" />
			<column name="provisioning_status" />
			<column name="global" valueBoolean="true" />
		</insert>
		<insert tableName="asset">
			<column name="id" valueNumeric="9542" />
			<column name="identifier" value="8773107712" />
			<column name="create_datetime" valueDate="2014-10-22T23:19:17.869" />
			<column name="status_id" valueNumeric="10501" />
			<column name="entity_id" valueNumeric="1" />
			<column name="deleted" valueNumeric="0" />
			<column name="item_id" valueNumeric="320104" />
			<column name="order_line_id" />
			<column name="notes" value="Bulk Upload" />
			<column name="optlock" valueNumeric="0" />
			<column name="group_id" />
			<column name="provisioning_status" />
			<column name="global" valueBoolean="true" />
		</insert>
		<insert tableName="asset">
			<column name="id" valueNumeric="9543" />
			<column name="identifier" value="8773110450" />
			<column name="create_datetime" valueDate="2014-10-22T23:19:17.876" />
			<column name="status_id" valueNumeric="10501" />
			<column name="entity_id" valueNumeric="1" />
			<column name="deleted" valueNumeric="0" />
			<column name="item_id" valueNumeric="320104" />
			<column name="order_line_id" />
			<column name="notes" value="Bulk Upload" />
			<column name="optlock" valueNumeric="0" />
			<column name="group_id" />
			<column name="provisioning_status" />
			<column name="global" valueBoolean="true" />
		</insert>
		<insert tableName="asset">
			<column name="id" valueNumeric="9544" />
			<column name="identifier" value="8773110451" />
			<column name="create_datetime" valueDate="2014-10-22T23:19:18.39" />
			<column name="status_id" valueNumeric="10501" />
			<column name="entity_id" valueNumeric="1" />
			<column name="deleted" valueNumeric="0" />
			<column name="item_id" valueNumeric="320104" />
			<column name="order_line_id" />
			<column name="notes" value="Bulk Upload" />
			<column name="optlock" valueNumeric="0" />
			<column name="group_id" />
			<column name="provisioning_status" />
			<column name="global" valueBoolean="true" />
		</insert>
		<insert tableName="asset">
			<column name="id" valueNumeric="9545" />
			<column name="identifier" value="8773111451" />
			<column name="create_datetime" valueDate="2014-10-22T23:19:18.51" />
			<column name="status_id" valueNumeric="10501" />
			<column name="entity_id" valueNumeric="1" />
			<column name="deleted" valueNumeric="0" />
			<column name="item_id" valueNumeric="320104" />
			<column name="order_line_id" />
			<column name="notes" value="Bulk Upload" />
			<column name="optlock" valueNumeric="0" />
			<column name="group_id" />
			<column name="provisioning_status" />
			<column name="global" valueBoolean="true" />
		</insert>
		<insert tableName="asset">
			<column name="id" valueNumeric="9546" />
			<column name="identifier" value="8773113279" />
			<column name="create_datetime" valueDate="2014-10-22T23:19:18.76" />
			<column name="status_id" valueNumeric="10501" />
			<column name="entity_id" valueNumeric="1" />
			<column name="deleted" valueNumeric="0" />
			<column name="item_id" valueNumeric="320104" />
			<column name="order_line_id" />
			<column name="notes" value="Bulk Upload" />
			<column name="optlock" valueNumeric="0" />
			<column name="group_id" />
			<column name="provisioning_status" />
			<column name="global" valueBoolean="true" />
		</insert>
		<insert tableName="asset">
			<column name="id" valueNumeric="9547" />
			<column name="identifier" value="8773115576" />
			<column name="create_datetime" valueDate="2014-10-22T23:19:18.113" />
			<column name="status_id" valueNumeric="10501" />
			<column name="entity_id" valueNumeric="1" />
			<column name="deleted" valueNumeric="0" />
			<column name="item_id" valueNumeric="320104" />
			<column name="order_line_id" />
			<column name="notes" value="Bulk Upload" />
			<column name="optlock" valueNumeric="0" />
			<column name="group_id" />
			<column name="provisioning_status" />
			<column name="global" valueBoolean="true" />
		</insert>
		<insert tableName="asset">
			<column name="id" valueNumeric="9548" />
			<column name="identifier" value="8773116560" />
			<column name="create_datetime" valueDate="2014-10-22T23:19:18.154" />
			<column name="status_id" valueNumeric="10501" />
			<column name="entity_id" valueNumeric="1" />
			<column name="deleted" valueNumeric="0" />
			<column name="item_id" valueNumeric="320104" />
			<column name="order_line_id" />
			<column name="notes" value="Bulk Upload" />
			<column name="optlock" valueNumeric="0" />
			<column name="group_id" />
			<column name="provisioning_status" />
			<column name="global" valueBoolean="true" />
		</insert>
		<insert tableName="asset">
			<column name="id" valueNumeric="9549" />
			<column name="identifier" value="8773116579" />
			<column name="create_datetime" valueDate="2014-10-22T23:19:18.170" />
			<column name="status_id" valueNumeric="10501" />
			<column name="entity_id" valueNumeric="1" />
			<column name="deleted" valueNumeric="0" />
			<column name="item_id" valueNumeric="320104" />
			<column name="order_line_id" />
			<column name="notes" value="Bulk Upload" />
			<column name="optlock" valueNumeric="0" />
			<column name="group_id" />
			<column name="provisioning_status" />
			<column name="global" valueBoolean="true" />
		</insert>
		<insert tableName="asset">
			<column name="id" valueNumeric="9550" />
			<column name="identifier" value="8773116846" />
			<column name="create_datetime" valueDate="2014-10-22T23:19:18.202" />
			<column name="status_id" valueNumeric="10501" />
			<column name="entity_id" valueNumeric="1" />
			<column name="deleted" valueNumeric="0" />
			<column name="item_id" valueNumeric="320104" />
			<column name="order_line_id" />
			<column name="notes" value="Bulk Upload" />
			<column name="optlock" valueNumeric="0" />
			<column name="group_id" />
			<column name="provisioning_status" />
			<column name="global" valueBoolean="true" />
		</insert>
		<insert tableName="asset">
			<column name="id" valueNumeric="9551" />
			<column name="identifier" value="8773116858" />
			<column name="create_datetime" valueDate="2014-10-22T23:19:18.214" />
			<column name="status_id" valueNumeric="10501" />
			<column name="entity_id" valueNumeric="1" />
			<column name="deleted" valueNumeric="0" />
			<column name="item_id" valueNumeric="320104" />
			<column name="order_line_id" />
			<column name="notes" value="Bulk Upload" />
			<column name="optlock" valueNumeric="0" />
			<column name="group_id" />
			<column name="provisioning_status" />
			<column name="global" valueBoolean="true" />
		</insert>
		<insert tableName="asset">
			<column name="id" valueNumeric="9552" />
			<column name="identifier" value="8773116859" />
			<column name="create_datetime" valueDate="2014-10-22T23:19:18.230" />
			<column name="status_id" valueNumeric="10501" />
			<column name="entity_id" valueNumeric="1" />
			<column name="deleted" valueNumeric="0" />
			<column name="item_id" valueNumeric="320104" />
			<column name="order_line_id" />
			<column name="notes" value="Bulk Upload" />
			<column name="optlock" valueNumeric="0" />
			<column name="group_id" />
			<column name="provisioning_status" />
			<column name="global" valueBoolean="true" />
		</insert>
		<insert tableName="asset">
			<column name="id" valueNumeric="9553" />
			<column name="identifier" value="8773120880" />
			<column name="create_datetime" valueDate="2014-10-22T23:19:18.307" />
			<column name="status_id" valueNumeric="10501" />
			<column name="entity_id" valueNumeric="1" />
			<column name="deleted" valueNumeric="0" />
			<column name="item_id" valueNumeric="320104" />
			<column name="order_line_id" />
			<column name="notes" value="Bulk Upload" />
			<column name="optlock" valueNumeric="0" />
			<column name="group_id" />
			<column name="provisioning_status" />
			<column name="global" valueBoolean="true" />
		</insert>
		<insert tableName="asset">
			<column name="id" valueNumeric="9554" />
			<column name="identifier" value="8773121660" />
			<column name="create_datetime" valueDate="2014-10-22T23:19:18.319" />
			<column name="status_id" valueNumeric="10501" />
			<column name="entity_id" valueNumeric="1" />
			<column name="deleted" valueNumeric="0" />
			<column name="item_id" valueNumeric="320104" />
			<column name="order_line_id" />
			<column name="notes" value="Bulk Upload" />
			<column name="optlock" valueNumeric="0" />
			<column name="group_id" />
			<column name="provisioning_status" />
			<column name="global" valueBoolean="true" />
		</insert>
		<insert tableName="asset">
			<column name="id" valueNumeric="9555" />
			<column name="identifier" value="8773122701" />
			<column name="create_datetime" valueDate="2014-10-22T23:19:18.350" />
			<column name="status_id" valueNumeric="10501" />
			<column name="entity_id" valueNumeric="1" />
			<column name="deleted" valueNumeric="0" />
			<column name="item_id" valueNumeric="320104" />
			<column name="order_line_id" />
			<column name="notes" value="Bulk Upload" />
			<column name="optlock" valueNumeric="0" />
			<column name="group_id" />
			<column name="provisioning_status" />
			<column name="global" valueBoolean="true" />
		</insert>
		<insert tableName="asset">
			<column name="id" valueNumeric="9556" />
			<column name="identifier" value="8773123279" />
			<column name="create_datetime" valueDate="2014-10-22T23:19:18.370" />
			<column name="status_id" valueNumeric="10501" />
			<column name="entity_id" valueNumeric="1" />
			<column name="deleted" valueNumeric="0" />
			<column name="item_id" valueNumeric="320104" />
			<column name="order_line_id" />
			<column name="notes" value="Bulk Upload" />
			<column name="optlock" valueNumeric="0" />
			<column name="group_id" />
			<column name="provisioning_status" />
			<column name="global" valueBoolean="true" />
		</insert>
		<insert tableName="asset">
			<column name="id" valueNumeric="9557" />
			<column name="identifier" value="8773125747" />
			<column name="create_datetime" valueDate="2014-10-22T23:19:18.406" />
			<column name="status_id" valueNumeric="10501" />
			<column name="entity_id" valueNumeric="1" />
			<column name="deleted" valueNumeric="0" />
			<column name="item_id" valueNumeric="320104" />
			<column name="order_line_id" />
			<column name="notes" value="Bulk Upload" />
			<column name="optlock" valueNumeric="0" />
			<column name="group_id" />
			<column name="provisioning_status" />
			<column name="global" valueBoolean="true" />
		</insert>
		<insert tableName="asset">
			<column name="id" valueNumeric="9558" />
			<column name="identifier" value="8773126212" />
			<column name="create_datetime" valueDate="2014-10-22T23:19:18.471" />
			<column name="status_id" valueNumeric="10501" />
			<column name="entity_id" valueNumeric="1" />
			<column name="deleted" valueNumeric="0" />
			<column name="item_id" valueNumeric="320104" />
			<column name="order_line_id" />
			<column name="notes" value="Bulk Upload" />
			<column name="optlock" valueNumeric="0" />
			<column name="group_id" />
			<column name="provisioning_status" />
			<column name="global" valueBoolean="true" />
		</insert>
		<insert tableName="asset">
			<column name="id" valueNumeric="9559" />
			<column name="identifier" value="8773127252" />
			<column name="create_datetime" valueDate="2014-10-22T23:19:18.478" />
			<column name="status_id" valueNumeric="10501" />
			<column name="entity_id" valueNumeric="1" />
			<column name="deleted" valueNumeric="0" />
			<column name="item_id" valueNumeric="320104" />
			<column name="order_line_id" />
			<column name="notes" value="Bulk Upload" />
			<column name="optlock" valueNumeric="0" />
			<column name="group_id" />
			<column name="provisioning_status" />
			<column name="global" valueBoolean="true" />
		</insert>
		<insert tableName="asset">
			<column name="id" valueNumeric="9560" />
			<column name="identifier" value="8773127658" />
			<column name="create_datetime" valueDate="2014-10-22T23:19:18.499" />
			<column name="status_id" valueNumeric="10501" />
			<column name="entity_id" valueNumeric="1" />
			<column name="deleted" valueNumeric="0" />
			<column name="item_id" valueNumeric="320104" />
			<column name="order_line_id" />
			<column name="notes" value="Bulk Upload" />
			<column name="optlock" valueNumeric="0" />
			<column name="group_id" />
			<column name="provisioning_status" />
			<column name="global" valueBoolean="true" />
		</insert>
		<insert tableName="asset">
			<column name="id" valueNumeric="9561" />
			<column name="identifier" value="8773128099" />
			<column name="create_datetime" valueDate="2014-10-22T23:19:18.571" />
			<column name="status_id" valueNumeric="10501" />
			<column name="entity_id" valueNumeric="1" />
			<column name="deleted" valueNumeric="0" />
			<column name="item_id" valueNumeric="320104" />
			<column name="order_line_id" />
			<column name="notes" value="Bulk Upload" />
			<column name="optlock" valueNumeric="0" />
			<column name="group_id" />
			<column name="provisioning_status" />
			<column name="global" valueBoolean="true" />
		</insert>
		<insert tableName="asset">
			<column name="id" valueNumeric="9562" />
			<column name="identifier" value="8773128221" />
			<column name="create_datetime" valueDate="2014-10-22T23:19:18.583" />
			<column name="status_id" valueNumeric="10501" />
			<column name="entity_id" valueNumeric="1" />
			<column name="deleted" valueNumeric="0" />
			<column name="item_id" valueNumeric="320104" />
			<column name="order_line_id" />
			<column name="notes" value="Bulk Upload" />
			<column name="optlock" valueNumeric="0" />
			<column name="group_id" />
			<column name="provisioning_status" />
			<column name="global" valueBoolean="true" />
		</insert>
		<insert tableName="asset">
			<column name="id" valueNumeric="9563" />
			<column name="identifier" value="8773133373" />
			<column name="create_datetime" valueDate="2014-10-22T23:19:18.589" />
			<column name="status_id" valueNumeric="10501" />
			<column name="entity_id" valueNumeric="1" />
			<column name="deleted" valueNumeric="0" />
			<column name="item_id" valueNumeric="320104" />
			<column name="order_line_id" />
			<column name="notes" value="Bulk Upload" />
			<column name="optlock" valueNumeric="0" />
			<column name="group_id" />
			<column name="provisioning_status" />
			<column name="global" valueBoolean="true" />
		</insert>
		<insert tableName="asset">
			<column name="id" valueNumeric="9564" />
			<column name="identifier" value="8773134067" />
			<column name="create_datetime" valueDate="2014-10-22T23:19:18.615" />
			<column name="status_id" valueNumeric="10501" />
			<column name="entity_id" valueNumeric="1" />
			<column name="deleted" valueNumeric="0" />
			<column name="item_id" valueNumeric="320104" />
			<column name="order_line_id" />
			<column name="notes" value="Bulk Upload" />
			<column name="optlock" valueNumeric="0" />
			<column name="group_id" />
			<column name="provisioning_status" />
			<column name="global" valueBoolean="true" />
		</insert>
		<insert tableName="asset">
			<column name="id" valueNumeric="9565" />
			<column name="identifier" value="8773134068" />
			<column name="create_datetime" valueDate="2014-10-22T23:19:18.621" />
			<column name="status_id" valueNumeric="10501" />
			<column name="entity_id" valueNumeric="1" />
			<column name="deleted" valueNumeric="0" />
			<column name="item_id" valueNumeric="320104" />
			<column name="order_line_id" />
			<column name="notes" value="Bulk Upload" />
			<column name="optlock" valueNumeric="0" />
			<column name="group_id" />
			<column name="provisioning_status" />
			<column name="global" valueBoolean="true" />
		</insert>
		<insert tableName="asset">
			<column name="id" valueNumeric="9566" />
			<column name="identifier" value="8773135848" />
			<column name="create_datetime" valueDate="2014-10-22T23:19:18.628" />
			<column name="status_id" valueNumeric="10501" />
			<column name="entity_id" valueNumeric="1" />
			<column name="deleted" valueNumeric="0" />
			<column name="item_id" valueNumeric="320104" />
			<column name="order_line_id" />
			<column name="notes" value="Bulk Upload" />
			<column name="optlock" valueNumeric="0" />
			<column name="group_id" />
			<column name="provisioning_status" />
			<column name="global" valueBoolean="true" />
		</insert>
		<insert tableName="asset">
			<column name="id" valueNumeric="9567" />
			<column name="identifier" value="8773140867" />
			<column name="create_datetime" valueDate="2014-10-22T23:19:18.641" />
			<column name="status_id" valueNumeric="10501" />
			<column name="entity_id" valueNumeric="1" />
			<column name="deleted" valueNumeric="0" />
			<column name="item_id" valueNumeric="320104" />
			<column name="order_line_id" />
			<column name="notes" value="Bulk Upload" />
			<column name="optlock" valueNumeric="0" />
			<column name="group_id" />
			<column name="provisioning_status" />
			<column name="global" valueBoolean="true" />
		</insert>
		<insert tableName="asset">
			<column name="id" valueNumeric="9568" />
			<column name="identifier" value="8773142460" />
			<column name="create_datetime" valueDate="2014-10-22T23:19:18.666" />
			<column name="status_id" valueNumeric="10501" />
			<column name="entity_id" valueNumeric="1" />
			<column name="deleted" valueNumeric="0" />
			<column name="item_id" valueNumeric="320104" />
			<column name="order_line_id" />
			<column name="notes" value="Bulk Upload" />
			<column name="optlock" valueNumeric="0" />
			<column name="group_id" />
			<column name="provisioning_status" />
			<column name="global" valueBoolean="true" />
		</insert>
		<insert tableName="asset">
			<column name="id" valueNumeric="9569" />
			<column name="identifier" value="8773143972" />
			<column name="create_datetime" valueDate="2014-10-22T23:19:18.701" />
			<column name="status_id" valueNumeric="10501" />
			<column name="entity_id" valueNumeric="1" />
			<column name="deleted" valueNumeric="0" />
			<column name="item_id" valueNumeric="320104" />
			<column name="order_line_id" />
			<column name="notes" value="Bulk Upload" />
			<column name="optlock" valueNumeric="0" />
			<column name="group_id" />
			<column name="provisioning_status" />
			<column name="global" valueBoolean="true" />
		</insert>
		<insert tableName="asset">
			<column name="id" valueNumeric="9570" />
			<column name="identifier" value="8773143976" />
			<column name="create_datetime" valueDate="2014-10-22T23:19:18.718" />
			<column name="status_id" valueNumeric="10501" />
			<column name="entity_id" valueNumeric="1" />
			<column name="deleted" valueNumeric="0" />
			<column name="item_id" valueNumeric="320104" />
			<column name="order_line_id" />
			<column name="notes" value="Bulk Upload" />
			<column name="optlock" valueNumeric="0" />
			<column name="group_id" />
			<column name="provisioning_status" />
			<column name="global" valueBoolean="true" />
		</insert>
		<insert tableName="asset">
			<column name="id" valueNumeric="9571" />
			<column name="identifier" value="8773144591" />
			<column name="create_datetime" valueDate="2014-10-22T23:19:18.727" />
			<column name="status_id" valueNumeric="10501" />
			<column name="entity_id" valueNumeric="1" />
			<column name="deleted" valueNumeric="0" />
			<column name="item_id" valueNumeric="320104" />
			<column name="order_line_id" />
			<column name="notes" value="Bulk Upload" />
			<column name="optlock" valueNumeric="0" />
			<column name="group_id" />
			<column name="provisioning_status" />
			<column name="global" valueBoolean="true" />
		</insert>
		<insert tableName="asset">
			<column name="id" valueNumeric="9572" />
			<column name="identifier" value="8773147743" />
			<column name="create_datetime" valueDate="2014-10-22T23:19:18.738" />
			<column name="status_id" valueNumeric="10501" />
			<column name="entity_id" valueNumeric="1" />
			<column name="deleted" valueNumeric="0" />
			<column name="item_id" valueNumeric="320104" />
			<column name="order_line_id" />
			<column name="notes" value="Bulk Upload" />
			<column name="optlock" valueNumeric="0" />
			<column name="group_id" />
			<column name="provisioning_status" />
			<column name="global" valueBoolean="true" />
		</insert>
		<insert tableName="asset">
			<column name="id" valueNumeric="9573" />
			<column name="identifier" value="8773148947" />
			<column name="create_datetime" valueDate="2014-10-22T23:19:18.754" />
			<column name="status_id" valueNumeric="10501" />
			<column name="entity_id" valueNumeric="1" />
			<column name="deleted" valueNumeric="0" />
			<column name="item_id" valueNumeric="320104" />
			<column name="order_line_id" />
			<column name="notes" value="Bulk Upload" />
			<column name="optlock" valueNumeric="0" />
			<column name="group_id" />
			<column name="provisioning_status" />
			<column name="global" valueBoolean="true" />
		</insert>
		<insert tableName="asset">
			<column name="id" valueNumeric="9574" />
			<column name="identifier" value="8773150678" />
			<column name="create_datetime" valueDate="2014-10-22T23:19:18.809" />
			<column name="status_id" valueNumeric="10501" />
			<column name="entity_id" valueNumeric="1" />
			<column name="deleted" valueNumeric="0" />
			<column name="item_id" valueNumeric="320104" />
			<column name="order_line_id" />
			<column name="notes" value="Bulk Upload" />
			<column name="optlock" valueNumeric="0" />
			<column name="group_id" />
			<column name="provisioning_status" />
			<column name="global" valueBoolean="true" />
		</insert>
		<insert tableName="asset">
			<column name="id" valueNumeric="9575" />
			<column name="identifier" value="8773151877" />
			<column name="create_datetime" valueDate="2014-10-22T23:19:18.822" />
			<column name="status_id" valueNumeric="10501" />
			<column name="entity_id" valueNumeric="1" />
			<column name="deleted" valueNumeric="0" />
			<column name="item_id" valueNumeric="320104" />
			<column name="order_line_id" />
			<column name="notes" value="Bulk Upload" />
			<column name="optlock" valueNumeric="0" />
			<column name="group_id" />
			<column name="provisioning_status" />
			<column name="global" valueBoolean="true" />
		</insert>
		<insert tableName="asset">
			<column name="id" valueNumeric="9576" />
			<column name="identifier" value="8773151883" />
			<column name="create_datetime" valueDate="2014-10-22T23:19:18.834" />
			<column name="status_id" valueNumeric="10501" />
			<column name="entity_id" valueNumeric="1" />
			<column name="deleted" valueNumeric="0" />
			<column name="item_id" valueNumeric="320104" />
			<column name="order_line_id" />
			<column name="notes" value="Bulk Upload" />
			<column name="optlock" valueNumeric="0" />
			<column name="group_id" />
			<column name="provisioning_status" />
			<column name="global" valueBoolean="true" />
		</insert>
		<insert tableName="asset">
			<column name="id" valueNumeric="9577" />
			<column name="identifier" value="8773151995" />
			<column name="create_datetime" valueDate="2014-10-22T23:19:18.850" />
			<column name="status_id" valueNumeric="10501" />
			<column name="entity_id" valueNumeric="1" />
			<column name="deleted" valueNumeric="0" />
			<column name="item_id" valueNumeric="320104" />
			<column name="order_line_id" />
			<column name="notes" value="Bulk Upload" />
			<column name="optlock" valueNumeric="0" />
			<column name="group_id" />
			<column name="provisioning_status" />
			<column name="global" valueBoolean="true" />
		</insert>
		<insert tableName="asset">
			<column name="id" valueNumeric="9578" />
			<column name="identifier" value="8773153348" />
			<column name="create_datetime" valueDate="2014-10-22T23:19:18.859" />
			<column name="status_id" valueNumeric="10501" />
			<column name="entity_id" valueNumeric="1" />
			<column name="deleted" valueNumeric="0" />
			<column name="item_id" valueNumeric="320104" />
			<column name="order_line_id" />
			<column name="notes" value="Bulk Upload" />
			<column name="optlock" valueNumeric="0" />
			<column name="group_id" />
			<column name="provisioning_status" />
			<column name="global" valueBoolean="true" />
		</insert>
		<insert tableName="asset">
			<column name="id" valueNumeric="9579" />
			<column name="identifier" value="8773154471" />
			<column name="create_datetime" valueDate="2014-10-22T23:19:18.919" />
			<column name="status_id" valueNumeric="10501" />
			<column name="entity_id" valueNumeric="1" />
			<column name="deleted" valueNumeric="0" />
			<column name="item_id" valueNumeric="320104" />
			<column name="order_line_id" />
			<column name="notes" value="Bulk Upload" />
			<column name="optlock" valueNumeric="0" />
			<column name="group_id" />
			<column name="provisioning_status" />
			<column name="global" valueBoolean="true" />
		</insert>
		<insert tableName="asset">
			<column name="id" valueNumeric="9580" />
			<column name="identifier" value="8773155341" />
			<column name="create_datetime" valueDate="2014-10-22T23:19:18.963" />
			<column name="status_id" valueNumeric="10501" />
			<column name="entity_id" valueNumeric="1" />
			<column name="deleted" valueNumeric="0" />
			<column name="item_id" valueNumeric="320104" />
			<column name="order_line_id" />
			<column name="notes" value="Bulk Upload" />
			<column name="optlock" valueNumeric="0" />
			<column name="group_id" />
			<column name="provisioning_status" />
			<column name="global" valueBoolean="true" />
		</insert>
		<insert tableName="asset">
			<column name="id" valueNumeric="9581" />
			<column name="identifier" value="8773156465" />
			<column name="create_datetime" valueDate="2014-10-22T23:19:18.969" />
			<column name="status_id" valueNumeric="10501" />
			<column name="entity_id" valueNumeric="1" />
			<column name="deleted" valueNumeric="0" />
			<column name="item_id" valueNumeric="320104" />
			<column name="order_line_id" />
			<column name="notes" value="Bulk Upload" />
			<column name="optlock" valueNumeric="0" />
			<column name="group_id" />
			<column name="provisioning_status" />
			<column name="global" valueBoolean="true" />
		</insert>
		<insert tableName="asset">
			<column name="id" valueNumeric="9582" />
			<column name="identifier" value="8773158080" />
			<column name="create_datetime" valueDate="2014-10-22T23:19:18.977" />
			<column name="status_id" valueNumeric="10501" />
			<column name="entity_id" valueNumeric="1" />
			<column name="deleted" valueNumeric="0" />
			<column name="item_id" valueNumeric="320104" />
			<column name="order_line_id" />
			<column name="notes" value="Bulk Upload" />
			<column name="optlock" valueNumeric="0" />
			<column name="group_id" />
			<column name="provisioning_status" />
			<column name="global" valueBoolean="true" />
		</insert>
		<insert tableName="asset">
			<column name="id" valueNumeric="9583" />
			<column name="identifier" value="8773163671" />
			<column name="create_datetime" valueDate="2014-10-22T23:19:19.4" />
			<column name="status_id" valueNumeric="10501" />
			<column name="entity_id" valueNumeric="1" />
			<column name="deleted" valueNumeric="0" />
			<column name="item_id" valueNumeric="320104" />
			<column name="order_line_id" />
			<column name="notes" value="Bulk Upload" />
			<column name="optlock" valueNumeric="0" />
			<column name="group_id" />
			<column name="provisioning_status" />
			<column name="global" valueBoolean="true" />
		</insert>
		<insert tableName="asset">
			<column name="id" valueNumeric="9584" />
			<column name="identifier" value="8773164032" />
			<column name="create_datetime" valueDate="2014-10-22T23:19:19.15" />
			<column name="status_id" valueNumeric="10501" />
			<column name="entity_id" valueNumeric="1" />
			<column name="deleted" valueNumeric="0" />
			<column name="item_id" valueNumeric="320104" />
			<column name="order_line_id" />
			<column name="notes" value="Bulk Upload" />
			<column name="optlock" valueNumeric="0" />
			<column name="group_id" />
			<column name="provisioning_status" />
			<column name="global" valueBoolean="true" />
		</insert>
		<insert tableName="asset">
			<column name="id" valueNumeric="9585" />
			<column name="identifier" value="8773167044" />
			<column name="create_datetime" valueDate="2014-10-22T23:19:19.32" />
			<column name="status_id" valueNumeric="10501" />
			<column name="entity_id" valueNumeric="1" />
			<column name="deleted" valueNumeric="0" />
			<column name="item_id" valueNumeric="320104" />
			<column name="order_line_id" />
			<column name="notes" value="Bulk Upload" />
			<column name="optlock" valueNumeric="0" />
			<column name="group_id" />
			<column name="provisioning_status" />
			<column name="global" valueBoolean="true" />
		</insert>
		<insert tableName="asset">
			<column name="id" valueNumeric="9586" />
			<column name="identifier" value="8773172197" />
			<column name="create_datetime" valueDate="2014-10-22T23:19:19.436" />
			<column name="status_id" valueNumeric="10501" />
			<column name="entity_id" valueNumeric="1" />
			<column name="deleted" valueNumeric="0" />
			<column name="item_id" valueNumeric="320104" />
			<column name="order_line_id" />
			<column name="notes" value="Bulk Upload" />
			<column name="optlock" valueNumeric="0" />
			<column name="group_id" />
			<column name="provisioning_status" />
			<column name="global" valueBoolean="true" />
		</insert>
		<insert tableName="asset">
			<column name="id" valueNumeric="9587" />
			<column name="identifier" value="8773173054" />
			<column name="create_datetime" valueDate="2014-10-22T23:19:19.444" />
			<column name="status_id" valueNumeric="10501" />
			<column name="entity_id" valueNumeric="1" />
			<column name="deleted" valueNumeric="0" />
			<column name="item_id" valueNumeric="320104" />
			<column name="order_line_id" />
			<column name="notes" value="Bulk Upload" />
			<column name="optlock" valueNumeric="0" />
			<column name="group_id" />
			<column name="provisioning_status" />
			<column name="global" valueBoolean="true" />
		</insert>
		<insert tableName="asset">
			<column name="id" valueNumeric="9588" />
			<column name="identifier" value="8773173055" />
			<column name="create_datetime" valueDate="2014-10-22T23:19:19.492" />
			<column name="status_id" valueNumeric="10501" />
			<column name="entity_id" valueNumeric="1" />
			<column name="deleted" valueNumeric="0" />
			<column name="item_id" valueNumeric="320104" />
			<column name="order_line_id" />
			<column name="notes" value="Bulk Upload" />
			<column name="optlock" valueNumeric="0" />
			<column name="group_id" />
			<column name="provisioning_status" />
			<column name="global" valueBoolean="true" />
		</insert>
		<insert tableName="asset">
			<column name="id" valueNumeric="9589" />
			<column name="identifier" value="8773173057" />
			<column name="create_datetime" valueDate="2014-10-22T23:19:19.565" />
			<column name="status_id" valueNumeric="10501" />
			<column name="entity_id" valueNumeric="1" />
			<column name="deleted" valueNumeric="0" />
			<column name="item_id" valueNumeric="320104" />
			<column name="order_line_id" />
			<column name="notes" value="Bulk Upload" />
			<column name="optlock" valueNumeric="0" />
			<column name="group_id" />
			<column name="provisioning_status" />
			<column name="global" valueBoolean="true" />
		</insert>
		<insert tableName="asset">
			<column name="id" valueNumeric="9590" />
			<column name="identifier" value="8773173175" />
			<column name="create_datetime" valueDate="2014-10-22T23:19:19.605" />
			<column name="status_id" valueNumeric="10501" />
			<column name="entity_id" valueNumeric="1" />
			<column name="deleted" valueNumeric="0" />
			<column name="item_id" valueNumeric="320104" />
			<column name="order_line_id" />
			<column name="notes" value="Bulk Upload" />
			<column name="optlock" valueNumeric="0" />
			<column name="group_id" />
			<column name="provisioning_status" />
			<column name="global" valueBoolean="true" />
		</insert>
		<insert tableName="asset">
			<column name="id" valueNumeric="9591" />
			<column name="identifier" value="8773175166" />
			<column name="create_datetime" valueDate="2014-10-22T23:19:19.613" />
			<column name="status_id" valueNumeric="10501" />
			<column name="entity_id" valueNumeric="1" />
			<column name="deleted" valueNumeric="0" />
			<column name="item_id" valueNumeric="320104" />
			<column name="order_line_id" />
			<column name="notes" value="Bulk Upload" />
			<column name="optlock" valueNumeric="0" />
			<column name="group_id" />
			<column name="provisioning_status" />
			<column name="global" valueBoolean="true" />
		</insert>
		<insert tableName="asset">
			<column name="id" valueNumeric="9592" />
			<column name="identifier" value="8773176355" />
			<column name="create_datetime" valueDate="2014-10-22T23:19:19.715" />
			<column name="status_id" valueNumeric="10501" />
			<column name="entity_id" valueNumeric="1" />
			<column name="deleted" valueNumeric="0" />
			<column name="item_id" valueNumeric="320104" />
			<column name="order_line_id" />
			<column name="notes" value="Bulk Upload" />
			<column name="optlock" valueNumeric="0" />
			<column name="group_id" />
			<column name="provisioning_status" />
			<column name="global" valueBoolean="true" />
		</insert>
		<insert tableName="asset">
			<column name="id" valueNumeric="9593" />
			<column name="identifier" value="8773176466" />
			<column name="create_datetime" valueDate="2014-10-22T23:19:19.721" />
			<column name="status_id" valueNumeric="10501" />
			<column name="entity_id" valueNumeric="1" />
			<column name="deleted" valueNumeric="0" />
			<column name="item_id" valueNumeric="320104" />
			<column name="order_line_id" />
			<column name="notes" value="Bulk Upload" />
			<column name="optlock" valueNumeric="0" />
			<column name="group_id" />
			<column name="provisioning_status" />
			<column name="global" valueBoolean="true" />
		</insert>
		<insert tableName="asset">
			<column name="id" valueNumeric="9594" />
			<column name="identifier" value="8773176546" />
			<column name="create_datetime" valueDate="2014-10-22T23:19:19.729" />
			<column name="status_id" valueNumeric="10501" />
			<column name="entity_id" valueNumeric="1" />
			<column name="deleted" valueNumeric="0" />
			<column name="item_id" valueNumeric="320104" />
			<column name="order_line_id" />
			<column name="notes" value="Bulk Upload" />
			<column name="optlock" valueNumeric="0" />
			<column name="group_id" />
			<column name="provisioning_status" />
			<column name="global" valueBoolean="true" />
		</insert>
		<insert tableName="asset">
			<column name="id" valueNumeric="9595" />
			<column name="identifier" value="8773179283" />
			<column name="create_datetime" valueDate="2014-10-22T23:19:19.736" />
			<column name="status_id" valueNumeric="10501" />
			<column name="entity_id" valueNumeric="1" />
			<column name="deleted" valueNumeric="0" />
			<column name="item_id" valueNumeric="320104" />
			<column name="order_line_id" />
			<column name="notes" value="Bulk Upload" />
			<column name="optlock" valueNumeric="0" />
			<column name="group_id" />
			<column name="provisioning_status" />
			<column name="global" valueBoolean="true" />
		</insert>
		<insert tableName="asset">
			<column name="id" valueNumeric="9596" />
			<column name="identifier" value="8773181245" />
			<column name="create_datetime" valueDate="2014-10-22T23:19:19.803" />
			<column name="status_id" valueNumeric="10501" />
			<column name="entity_id" valueNumeric="1" />
			<column name="deleted" valueNumeric="0" />
			<column name="item_id" valueNumeric="320104" />
			<column name="order_line_id" />
			<column name="notes" value="Bulk Upload" />
			<column name="optlock" valueNumeric="0" />
			<column name="group_id" />
			<column name="provisioning_status" />
			<column name="global" valueBoolean="true" />
		</insert>
		<insert tableName="asset">
			<column name="id" valueNumeric="9597" />
			<column name="identifier" value="8773185148" />
			<column name="create_datetime" valueDate="2014-10-22T23:19:19.872" />
			<column name="status_id" valueNumeric="10501" />
			<column name="entity_id" valueNumeric="1" />
			<column name="deleted" valueNumeric="0" />
			<column name="item_id" valueNumeric="320104" />
			<column name="order_line_id" />
			<column name="notes" value="Bulk Upload" />
			<column name="optlock" valueNumeric="0" />
			<column name="group_id" />
			<column name="provisioning_status" />
			<column name="global" valueBoolean="true" />
		</insert>
		<insert tableName="asset">
			<column name="id" valueNumeric="9598" />
			<column name="identifier" value="8773186164" />
			<column name="create_datetime" valueDate="2014-10-22T23:19:19.939" />
			<column name="status_id" valueNumeric="10501" />
			<column name="entity_id" valueNumeric="1" />
			<column name="deleted" valueNumeric="0" />
			<column name="item_id" valueNumeric="320104" />
			<column name="order_line_id" />
			<column name="notes" value="Bulk Upload" />
			<column name="optlock" valueNumeric="0" />
			<column name="group_id" />
			<column name="provisioning_status" />
			<column name="global" valueBoolean="true" />
		</insert>
		<insert tableName="asset">
			<column name="id" valueNumeric="9599" />
			<column name="identifier" value="8773190676" />
			<column name="create_datetime" valueDate="2014-10-22T23:19:19.964" />
			<column name="status_id" valueNumeric="10501" />
			<column name="entity_id" valueNumeric="1" />
			<column name="deleted" valueNumeric="0" />
			<column name="item_id" valueNumeric="320104" />
			<column name="order_line_id" />
			<column name="notes" value="Bulk Upload" />
			<column name="optlock" valueNumeric="0" />
			<column name="group_id" />
			<column name="provisioning_status" />
			<column name="global" valueBoolean="true" />
		</insert>
		<insert tableName="asset">
			<column name="id" valueNumeric="9600" />
			<column name="identifier" value="8773191574" />
			<column name="create_datetime" valueDate="2014-10-22T23:19:20.0" />
			<column name="status_id" valueNumeric="10501" />
			<column name="entity_id" valueNumeric="1" />
			<column name="deleted" valueNumeric="0" />
			<column name="item_id" valueNumeric="320104" />
			<column name="order_line_id" />
			<column name="notes" value="Bulk Upload" />
			<column name="optlock" valueNumeric="0" />
			<column name="group_id" />
			<column name="provisioning_status" />
			<column name="global" valueBoolean="true" />
		</insert>
		<insert tableName="asset">
			<column name="id" valueNumeric="9601" />
			<column name="identifier" value="8773191885" />
			<column name="create_datetime" valueDate="2014-10-22T23:19:20.10" />
			<column name="status_id" valueNumeric="10501" />
			<column name="entity_id" valueNumeric="1" />
			<column name="deleted" valueNumeric="0" />
			<column name="item_id" valueNumeric="320104" />
			<column name="order_line_id" />
			<column name="notes" value="Bulk Upload" />
			<column name="optlock" valueNumeric="0" />
			<column name="group_id" />
			<column name="provisioning_status" />
			<column name="global" valueBoolean="true" />
		</insert>
		<insert tableName="asset">
			<column name="id" valueNumeric="9602" />
			<column name="identifier" value="8773192457" />
			<column name="create_datetime" valueDate="2014-10-22T23:19:20.21" />
			<column name="status_id" valueNumeric="10501" />
			<column name="entity_id" valueNumeric="1" />
			<column name="deleted" valueNumeric="0" />
			<column name="item_id" valueNumeric="320104" />
			<column name="order_line_id" />
			<column name="notes" value="Bulk Upload" />
			<column name="optlock" valueNumeric="0" />
			<column name="group_id" />
			<column name="provisioning_status" />
			<column name="global" valueBoolean="true" />
		</insert>
		<insert tableName="asset">
			<column name="id" valueNumeric="9603" />
			<column name="identifier" value="8773192461" />
			<column name="create_datetime" valueDate="2014-10-22T23:19:20.29" />
			<column name="status_id" valueNumeric="10501" />
			<column name="entity_id" valueNumeric="1" />
			<column name="deleted" valueNumeric="0" />
			<column name="item_id" valueNumeric="320104" />
			<column name="order_line_id" />
			<column name="notes" value="Bulk Upload" />
			<column name="optlock" valueNumeric="0" />
			<column name="group_id" />
			<column name="provisioning_status" />
			<column name="global" valueBoolean="true" />
		</insert>
		<insert tableName="asset">
			<column name="id" valueNumeric="9604" />
			<column name="identifier" value="8773192489" />
			<column name="create_datetime" valueDate="2014-10-22T23:19:20.49" />
			<column name="status_id" valueNumeric="10501" />
			<column name="entity_id" valueNumeric="1" />
			<column name="deleted" valueNumeric="0" />
			<column name="item_id" valueNumeric="320104" />
			<column name="order_line_id" />
			<column name="notes" value="Bulk Upload" />
			<column name="optlock" valueNumeric="0" />
			<column name="group_id" />
			<column name="provisioning_status" />
			<column name="global" valueBoolean="true" />
		</insert>
		<insert tableName="asset">
			<column name="id" valueNumeric="9605" />
			<column name="identifier" value="8773194899" />
			<column name="create_datetime" valueDate="2014-10-22T23:19:20.57" />
			<column name="status_id" valueNumeric="10501" />
			<column name="entity_id" valueNumeric="1" />
			<column name="deleted" valueNumeric="0" />
			<column name="item_id" valueNumeric="320104" />
			<column name="order_line_id" />
			<column name="notes" value="Bulk Upload" />
			<column name="optlock" valueNumeric="0" />
			<column name="group_id" />
			<column name="provisioning_status" />
			<column name="global" valueBoolean="true" />
		</insert>
		<insert tableName="asset">
			<column name="id" valueNumeric="9606" />
			<column name="identifier" value="8773195722" />
			<column name="create_datetime" valueDate="2014-10-22T23:19:20.86" />
			<column name="status_id" valueNumeric="10501" />
			<column name="entity_id" valueNumeric="1" />
			<column name="deleted" valueNumeric="0" />
			<column name="item_id" valueNumeric="320104" />
			<column name="order_line_id" />
			<column name="notes" value="Bulk Upload" />
			<column name="optlock" valueNumeric="0" />
			<column name="group_id" />
			<column name="provisioning_status" />
			<column name="global" valueBoolean="true" />
		</insert>
		<insert tableName="asset">
			<column name="id" valueNumeric="9607" />
			<column name="identifier" value="8773195926" />
			<column name="create_datetime" valueDate="2014-10-22T23:19:20.102" />
			<column name="status_id" valueNumeric="10501" />
			<column name="entity_id" valueNumeric="1" />
			<column name="deleted" valueNumeric="0" />
			<column name="item_id" valueNumeric="320104" />
			<column name="order_line_id" />
			<column name="notes" value="Bulk Upload" />
			<column name="optlock" valueNumeric="0" />
			<column name="group_id" />
			<column name="provisioning_status" />
			<column name="global" valueBoolean="true" />
		</insert>
		<insert tableName="asset">
			<column name="id" valueNumeric="9608" />
			<column name="identifier" value="8773195996" />
			<column name="create_datetime" valueDate="2014-10-22T23:19:20.123" />
			<column name="status_id" valueNumeric="10501" />
			<column name="entity_id" valueNumeric="1" />
			<column name="deleted" valueNumeric="0" />
			<column name="item_id" valueNumeric="320104" />
			<column name="order_line_id" />
			<column name="notes" value="Bulk Upload" />
			<column name="optlock" valueNumeric="0" />
			<column name="group_id" />
			<column name="provisioning_status" />
			<column name="global" valueBoolean="true" />
		</insert>
		<insert tableName="asset">
			<column name="id" valueNumeric="9609" />
			<column name="identifier" value="8773196004" />
			<column name="create_datetime" valueDate="2014-10-22T23:19:20.135" />
			<column name="status_id" valueNumeric="10501" />
			<column name="entity_id" valueNumeric="1" />
			<column name="deleted" valueNumeric="0" />
			<column name="item_id" valueNumeric="320104" />
			<column name="order_line_id" />
			<column name="notes" value="Bulk Upload" />
			<column name="optlock" valueNumeric="0" />
			<column name="group_id" />
			<column name="provisioning_status" />
			<column name="global" valueBoolean="true" />
		</insert>
		<insert tableName="asset">
			<column name="id" valueNumeric="9610" />
			<column name="identifier" value="8773196456" />
			<column name="create_datetime" valueDate="2014-10-22T23:19:20.151" />
			<column name="status_id" valueNumeric="10501" />
			<column name="entity_id" valueNumeric="1" />
			<column name="deleted" valueNumeric="0" />
			<column name="item_id" valueNumeric="320104" />
			<column name="order_line_id" />
			<column name="notes" value="Bulk Upload" />
			<column name="optlock" valueNumeric="0" />
			<column name="group_id" />
			<column name="provisioning_status" />
			<column name="global" valueBoolean="true" />
		</insert>
		<insert tableName="asset">
			<column name="id" valueNumeric="9611" />
			<column name="identifier" value="8773198905" />
			<column name="create_datetime" valueDate="2014-10-22T23:19:20.157" />
			<column name="status_id" valueNumeric="10501" />
			<column name="entity_id" valueNumeric="1" />
			<column name="deleted" valueNumeric="0" />
			<column name="item_id" valueNumeric="320104" />
			<column name="order_line_id" />
			<column name="notes" value="Bulk Upload" />
			<column name="optlock" valueNumeric="0" />
			<column name="group_id" />
			<column name="provisioning_status" />
			<column name="global" valueBoolean="true" />
		</insert>
		<insert tableName="asset">
			<column name="id" valueNumeric="9612" />
			<column name="identifier" value="8773198979" />
			<column name="create_datetime" valueDate="2014-10-22T23:19:20.165" />
			<column name="status_id" valueNumeric="10501" />
			<column name="entity_id" valueNumeric="1" />
			<column name="deleted" valueNumeric="0" />
			<column name="item_id" valueNumeric="320104" />
			<column name="order_line_id" />
			<column name="notes" value="Bulk Upload" />
			<column name="optlock" valueNumeric="0" />
			<column name="group_id" />
			<column name="provisioning_status" />
			<column name="global" valueBoolean="true" />
		</insert>
		<insert tableName="asset">
			<column name="id" valueNumeric="9613" />
			<column name="identifier" value="8773198993" />
			<column name="create_datetime" valueDate="2014-10-22T23:19:20.172" />
			<column name="status_id" valueNumeric="10501" />
			<column name="entity_id" valueNumeric="1" />
			<column name="deleted" valueNumeric="0" />
			<column name="item_id" valueNumeric="320104" />
			<column name="order_line_id" />
			<column name="notes" value="Bulk Upload" />
			<column name="optlock" valueNumeric="0" />
			<column name="group_id" />
			<column name="provisioning_status" />
			<column name="global" valueBoolean="true" />
		</insert>
		<insert tableName="asset">
			<column name="id" valueNumeric="9614" />
			<column name="identifier" value="8773199227" />
			<column name="create_datetime" valueDate="2014-10-22T23:19:20.206" />
			<column name="status_id" valueNumeric="10501" />
			<column name="entity_id" valueNumeric="1" />
			<column name="deleted" valueNumeric="0" />
			<column name="item_id" valueNumeric="320104" />
			<column name="order_line_id" />
			<column name="notes" value="Bulk Upload" />
			<column name="optlock" valueNumeric="0" />
			<column name="group_id" />
			<column name="provisioning_status" />
			<column name="global" valueBoolean="true" />
		</insert>
		<insert tableName="asset">
			<column name="id" valueNumeric="9615" />
			<column name="identifier" value="8773200490" />
			<column name="create_datetime" valueDate="2014-10-22T23:19:20.213" />
			<column name="status_id" valueNumeric="10501" />
			<column name="entity_id" valueNumeric="1" />
			<column name="deleted" valueNumeric="0" />
			<column name="item_id" valueNumeric="320104" />
			<column name="order_line_id" />
			<column name="notes" value="Bulk Upload" />
			<column name="optlock" valueNumeric="0" />
			<column name="group_id" />
			<column name="provisioning_status" />
			<column name="global" valueBoolean="true" />
		</insert>
		<insert tableName="asset">
			<column name="id" valueNumeric="9616" />
			<column name="identifier" value="8773201481" />
			<column name="create_datetime" valueDate="2014-10-22T23:19:20.224" />
			<column name="status_id" valueNumeric="10501" />
			<column name="entity_id" valueNumeric="1" />
			<column name="deleted" valueNumeric="0" />
			<column name="item_id" valueNumeric="320104" />
			<column name="order_line_id" />
			<column name="notes" value="Bulk Upload" />
			<column name="optlock" valueNumeric="0" />
			<column name="group_id" />
			<column name="provisioning_status" />
			<column name="global" valueBoolean="true" />
		</insert>
		<insert tableName="asset">
			<column name="id" valueNumeric="9617" />
			<column name="identifier" value="8773201687" />
			<column name="create_datetime" valueDate="2014-10-22T23:19:20.254" />
			<column name="status_id" valueNumeric="10501" />
			<column name="entity_id" valueNumeric="1" />
			<column name="deleted" valueNumeric="0" />
			<column name="item_id" valueNumeric="320104" />
			<column name="order_line_id" />
			<column name="notes" value="Bulk Upload" />
			<column name="optlock" valueNumeric="0" />
			<column name="group_id" />
			<column name="provisioning_status" />
			<column name="global" valueBoolean="true" />
		</insert>
		<insert tableName="asset">
			<column name="id" valueNumeric="9618" />
			<column name="identifier" value="8773201689" />
			<column name="create_datetime" valueDate="2014-10-22T23:19:20.291" />
			<column name="status_id" valueNumeric="10501" />
			<column name="entity_id" valueNumeric="1" />
			<column name="deleted" valueNumeric="0" />
			<column name="item_id" valueNumeric="320104" />
			<column name="order_line_id" />
			<column name="notes" value="Bulk Upload" />
			<column name="optlock" valueNumeric="0" />
			<column name="group_id" />
			<column name="provisioning_status" />
			<column name="global" valueBoolean="true" />
		</insert>
		<insert tableName="asset">
			<column name="id" valueNumeric="9619" />
			<column name="identifier" value="8773201690" />
			<column name="create_datetime" valueDate="2014-10-22T23:19:20.299" />
			<column name="status_id" valueNumeric="10501" />
			<column name="entity_id" valueNumeric="1" />
			<column name="deleted" valueNumeric="0" />
			<column name="item_id" valueNumeric="320104" />
			<column name="order_line_id" />
			<column name="notes" value="Bulk Upload" />
			<column name="optlock" valueNumeric="0" />
			<column name="group_id" />
			<column name="provisioning_status" />
			<column name="global" valueBoolean="true" />
		</insert>
		<insert tableName="asset">
			<column name="id" valueNumeric="9620" />
			<column name="identifier" value="8773202727" />
			<column name="create_datetime" valueDate="2014-10-22T23:19:20.398" />
			<column name="status_id" valueNumeric="10501" />
			<column name="entity_id" valueNumeric="1" />
			<column name="deleted" valueNumeric="0" />
			<column name="item_id" valueNumeric="320104" />
			<column name="order_line_id" />
			<column name="notes" value="Bulk Upload" />
			<column name="optlock" valueNumeric="0" />
			<column name="group_id" />
			<column name="provisioning_status" />
			<column name="global" valueBoolean="true" />
		</insert>
		<insert tableName="asset">
			<column name="id" valueNumeric="9621" />
			<column name="identifier" value="8773203019" />
			<column name="create_datetime" valueDate="2014-10-22T23:19:20.409" />
			<column name="status_id" valueNumeric="10501" />
			<column name="entity_id" valueNumeric="1" />
			<column name="deleted" valueNumeric="0" />
			<column name="item_id" valueNumeric="320104" />
			<column name="order_line_id" />
			<column name="notes" value="Bulk Upload" />
			<column name="optlock" valueNumeric="0" />
			<column name="group_id" />
			<column name="provisioning_status" />
			<column name="global" valueBoolean="true" />
		</insert>
		<insert tableName="asset">
			<column name="id" valueNumeric="9622" />
			<column name="identifier" value="8773203302" />
			<column name="create_datetime" valueDate="2014-10-22T23:19:20.485" />
			<column name="status_id" valueNumeric="10501" />
			<column name="entity_id" valueNumeric="1" />
			<column name="deleted" valueNumeric="0" />
			<column name="item_id" valueNumeric="320104" />
			<column name="order_line_id" />
			<column name="notes" value="Bulk Upload" />
			<column name="optlock" valueNumeric="0" />
			<column name="group_id" />
			<column name="provisioning_status" />
			<column name="global" valueBoolean="true" />
		</insert>
		<insert tableName="asset">
			<column name="id" valueNumeric="9623" />
			<column name="identifier" value="8773203304" />
			<column name="create_datetime" valueDate="2014-10-22T23:19:20.501" />
			<column name="status_id" valueNumeric="10501" />
			<column name="entity_id" valueNumeric="1" />
			<column name="deleted" valueNumeric="0" />
			<column name="item_id" valueNumeric="320104" />
			<column name="order_line_id" />
			<column name="notes" value="Bulk Upload" />
			<column name="optlock" valueNumeric="0" />
			<column name="group_id" />
			<column name="provisioning_status" />
			<column name="global" valueBoolean="true" />
		</insert>
		<insert tableName="asset">
			<column name="id" valueNumeric="9624" />
			<column name="identifier" value="8773204149" />
			<column name="create_datetime" valueDate="2014-10-22T23:19:20.507" />
			<column name="status_id" valueNumeric="10501" />
			<column name="entity_id" valueNumeric="1" />
			<column name="deleted" valueNumeric="0" />
			<column name="item_id" valueNumeric="320104" />
			<column name="order_line_id" />
			<column name="notes" value="Bulk Upload" />
			<column name="optlock" valueNumeric="0" />
			<column name="group_id" />
			<column name="provisioning_status" />
			<column name="global" valueBoolean="true" />
		</insert>
		<insert tableName="asset">
			<column name="id" valueNumeric="9625" />
			<column name="identifier" value="8773205773" />
			<column name="create_datetime" valueDate="2014-10-22T23:19:20.518" />
			<column name="status_id" valueNumeric="10501" />
			<column name="entity_id" valueNumeric="1" />
			<column name="deleted" valueNumeric="0" />
			<column name="item_id" valueNumeric="320104" />
			<column name="order_line_id" />
			<column name="notes" value="Bulk Upload" />
			<column name="optlock" valueNumeric="0" />
			<column name="group_id" />
			<column name="provisioning_status" />
			<column name="global" valueBoolean="true" />
		</insert>
		<insert tableName="asset">
			<column name="id" valueNumeric="9626" />
			<column name="identifier" value="8773208106" />
			<column name="create_datetime" valueDate="2014-10-22T23:19:20.533" />
			<column name="status_id" valueNumeric="10501" />
			<column name="entity_id" valueNumeric="1" />
			<column name="deleted" valueNumeric="0" />
			<column name="item_id" valueNumeric="320104" />
			<column name="order_line_id" />
			<column name="notes" value="Bulk Upload" />
			<column name="optlock" valueNumeric="0" />
			<column name="group_id" />
			<column name="provisioning_status" />
			<column name="global" valueBoolean="true" />
		</insert>
		<insert tableName="asset">
			<column name="id" valueNumeric="9627" />
			<column name="identifier" value="8773211155" />
			<column name="create_datetime" valueDate="2014-10-22T23:19:20.544" />
			<column name="status_id" valueNumeric="10501" />
			<column name="entity_id" valueNumeric="1" />
			<column name="deleted" valueNumeric="0" />
			<column name="item_id" valueNumeric="320104" />
			<column name="order_line_id" />
			<column name="notes" value="Bulk Upload" />
			<column name="optlock" valueNumeric="0" />
			<column name="group_id" />
			<column name="provisioning_status" />
			<column name="global" valueBoolean="true" />
		</insert>
		<insert tableName="asset">
			<column name="id" valueNumeric="9628" />
			<column name="identifier" value="8773213465" />
			<column name="create_datetime" valueDate="2014-10-22T23:19:20.556" />
			<column name="status_id" valueNumeric="10501" />
			<column name="entity_id" valueNumeric="1" />
			<column name="deleted" valueNumeric="0" />
			<column name="item_id" valueNumeric="320104" />
			<column name="order_line_id" />
			<column name="notes" value="Bulk Upload" />
			<column name="optlock" valueNumeric="0" />
			<column name="group_id" />
			<column name="provisioning_status" />
			<column name="global" valueBoolean="true" />
		</insert>
		<insert tableName="asset">
			<column name="id" valueNumeric="9629" />
			<column name="identifier" value="8773214471" />
			<column name="create_datetime" valueDate="2014-10-22T23:19:20.575" />
			<column name="status_id" valueNumeric="10501" />
			<column name="entity_id" valueNumeric="1" />
			<column name="deleted" valueNumeric="0" />
			<column name="item_id" valueNumeric="320104" />
			<column name="order_line_id" />
			<column name="notes" value="Bulk Upload" />
			<column name="optlock" valueNumeric="0" />
			<column name="group_id" />
			<column name="provisioning_status" />
			<column name="global" valueBoolean="true" />
		</insert>
		<insert tableName="asset">
			<column name="id" valueNumeric="9630" />
			<column name="identifier" value="8773214554" />
			<column name="create_datetime" valueDate="2014-10-22T23:19:20.582" />
			<column name="status_id" valueNumeric="10501" />
			<column name="entity_id" valueNumeric="1" />
			<column name="deleted" valueNumeric="0" />
			<column name="item_id" valueNumeric="320104" />
			<column name="order_line_id" />
			<column name="notes" value="Bulk Upload" />
			<column name="optlock" valueNumeric="0" />
			<column name="group_id" />
			<column name="provisioning_status" />
			<column name="global" valueBoolean="true" />
		</insert>
		<insert tableName="asset">
			<column name="id" valueNumeric="9631" />
			<column name="identifier" value="8773217445" />
			<column name="create_datetime" valueDate="2014-10-22T23:19:20.632" />
			<column name="status_id" valueNumeric="10501" />
			<column name="entity_id" valueNumeric="1" />
			<column name="deleted" valueNumeric="0" />
			<column name="item_id" valueNumeric="320104" />
			<column name="order_line_id" />
			<column name="notes" value="Bulk Upload" />
			<column name="optlock" valueNumeric="0" />
			<column name="group_id" />
			<column name="provisioning_status" />
			<column name="global" valueBoolean="true" />
		</insert>
		<insert tableName="asset">
			<column name="id" valueNumeric="9632" />
			<column name="identifier" value="8773218576" />
			<column name="create_datetime" valueDate="2014-10-22T23:19:20.647" />
			<column name="status_id" valueNumeric="10501" />
			<column name="entity_id" valueNumeric="1" />
			<column name="deleted" valueNumeric="0" />
			<column name="item_id" valueNumeric="320104" />
			<column name="order_line_id" />
			<column name="notes" value="Bulk Upload" />
			<column name="optlock" valueNumeric="0" />
			<column name="group_id" />
			<column name="provisioning_status" />
			<column name="global" valueBoolean="true" />
		</insert>
		<insert tableName="asset">
			<column name="id" valueNumeric="9633" />
			<column name="identifier" value="8773220043" />
			<column name="create_datetime" valueDate="2014-10-22T23:19:20.673" />
			<column name="status_id" valueNumeric="10501" />
			<column name="entity_id" valueNumeric="1" />
			<column name="deleted" valueNumeric="0" />
			<column name="item_id" valueNumeric="320104" />
			<column name="order_line_id" />
			<column name="notes" value="Bulk Upload" />
			<column name="optlock" valueNumeric="0" />
			<column name="group_id" />
			<column name="provisioning_status" />
			<column name="global" valueBoolean="true" />
		</insert>
		<insert tableName="asset">
			<column name="id" valueNumeric="9634" />
			<column name="identifier" value="8773225569" />
			<column name="create_datetime" valueDate="2014-10-22T23:19:20.688" />
			<column name="status_id" valueNumeric="10501" />
			<column name="entity_id" valueNumeric="1" />
			<column name="deleted" valueNumeric="0" />
			<column name="item_id" valueNumeric="320104" />
			<column name="order_line_id" />
			<column name="notes" value="Bulk Upload" />
			<column name="optlock" valueNumeric="0" />
			<column name="group_id" />
			<column name="provisioning_status" />
			<column name="global" valueBoolean="true" />
		</insert>
		<insert tableName="asset">
			<column name="id" valueNumeric="9635" />
			<column name="identifier" value="8773225992" />
			<column name="create_datetime" valueDate="2014-10-22T23:19:20.852" />
			<column name="status_id" valueNumeric="10501" />
			<column name="entity_id" valueNumeric="1" />
			<column name="deleted" valueNumeric="0" />
			<column name="item_id" valueNumeric="320104" />
			<column name="order_line_id" />
			<column name="notes" value="Bulk Upload" />
			<column name="optlock" valueNumeric="0" />
			<column name="group_id" />
			<column name="provisioning_status" />
			<column name="global" valueBoolean="true" />
		</insert>
		<insert tableName="asset">
			<column name="id" valueNumeric="9636" />
			<column name="identifier" value="8773227624" />
			<column name="create_datetime" valueDate="2014-10-22T23:19:20.859" />
			<column name="status_id" valueNumeric="10501" />
			<column name="entity_id" valueNumeric="1" />
			<column name="deleted" valueNumeric="0" />
			<column name="item_id" valueNumeric="320104" />
			<column name="order_line_id" />
			<column name="notes" value="Bulk Upload" />
			<column name="optlock" valueNumeric="0" />
			<column name="group_id" />
			<column name="provisioning_status" />
			<column name="global" valueBoolean="true" />
		</insert>
		<insert tableName="asset">
			<column name="id" valueNumeric="9637" />
			<column name="identifier" value="8773228561" />
			<column name="create_datetime" valueDate="2014-10-22T23:19:20.870" />
			<column name="status_id" valueNumeric="10501" />
			<column name="entity_id" valueNumeric="1" />
			<column name="deleted" valueNumeric="0" />
			<column name="item_id" valueNumeric="320104" />
			<column name="order_line_id" />
			<column name="notes" value="Bulk Upload" />
			<column name="optlock" valueNumeric="0" />
			<column name="group_id" />
			<column name="provisioning_status" />
			<column name="global" valueBoolean="true" />
		</insert>
		<insert tableName="asset">
			<column name="id" valueNumeric="9638" />
			<column name="identifier" value="8773228566" />
			<column name="create_datetime" valueDate="2014-10-22T23:19:20.876" />
			<column name="status_id" valueNumeric="10501" />
			<column name="entity_id" valueNumeric="1" />
			<column name="deleted" valueNumeric="0" />
			<column name="item_id" valueNumeric="320104" />
			<column name="order_line_id" />
			<column name="notes" value="Bulk Upload" />
			<column name="optlock" valueNumeric="0" />
			<column name="group_id" />
			<column name="provisioning_status" />
			<column name="global" valueBoolean="true" />
		</insert>
		<insert tableName="asset">
			<column name="id" valueNumeric="9639" />
			<column name="identifier" value="8773229526" />
			<column name="create_datetime" valueDate="2014-10-22T23:19:20.890" />
			<column name="status_id" valueNumeric="10501" />
			<column name="entity_id" valueNumeric="1" />
			<column name="deleted" valueNumeric="0" />
			<column name="item_id" valueNumeric="320104" />
			<column name="order_line_id" />
			<column name="notes" value="Bulk Upload" />
			<column name="optlock" valueNumeric="0" />
			<column name="group_id" />
			<column name="provisioning_status" />
			<column name="global" valueBoolean="true" />
		</insert>
		<insert tableName="asset">
			<column name="id" valueNumeric="9640" />
			<column name="identifier" value="8773229610" />
			<column name="create_datetime" valueDate="2014-10-22T23:19:20.901" />
			<column name="status_id" valueNumeric="10501" />
			<column name="entity_id" valueNumeric="1" />
			<column name="deleted" valueNumeric="0" />
			<column name="item_id" valueNumeric="320104" />
			<column name="order_line_id" />
			<column name="notes" value="Bulk Upload" />
			<column name="optlock" valueNumeric="0" />
			<column name="group_id" />
			<column name="provisioning_status" />
			<column name="global" valueBoolean="true" />
		</insert>
		<insert tableName="asset">
			<column name="id" valueNumeric="9641" />
			<column name="identifier" value="8773229911" />
			<column name="create_datetime" valueDate="2014-10-22T23:19:20.916" />
			<column name="status_id" valueNumeric="10501" />
			<column name="entity_id" valueNumeric="1" />
			<column name="deleted" valueNumeric="0" />
			<column name="item_id" valueNumeric="320104" />
			<column name="order_line_id" />
			<column name="notes" value="Bulk Upload" />
			<column name="optlock" valueNumeric="0" />
			<column name="group_id" />
			<column name="provisioning_status" />
			<column name="global" valueBoolean="true" />
		</insert>
		<insert tableName="asset">
			<column name="id" valueNumeric="9642" />
			<column name="identifier" value="8773229918" />
			<column name="create_datetime" valueDate="2014-10-22T23:19:20.923" />
			<column name="status_id" valueNumeric="10501" />
			<column name="entity_id" valueNumeric="1" />
			<column name="deleted" valueNumeric="0" />
			<column name="item_id" valueNumeric="320104" />
			<column name="order_line_id" />
			<column name="notes" value="Bulk Upload" />
			<column name="optlock" valueNumeric="0" />
			<column name="group_id" />
			<column name="provisioning_status" />
			<column name="global" valueBoolean="true" />
		</insert>
		<insert tableName="asset">
			<column name="id" valueNumeric="9643" />
			<column name="identifier" value="8773234426" />
			<column name="create_datetime" valueDate="2014-10-22T23:19:20.929" />
			<column name="status_id" valueNumeric="10501" />
			<column name="entity_id" valueNumeric="1" />
			<column name="deleted" valueNumeric="0" />
			<column name="item_id" valueNumeric="320104" />
			<column name="order_line_id" />
			<column name="notes" value="Bulk Upload" />
			<column name="optlock" valueNumeric="0" />
			<column name="group_id" />
			<column name="provisioning_status" />
			<column name="global" valueBoolean="true" />
		</insert>
		<insert tableName="asset">
			<column name="id" valueNumeric="9644" />
			<column name="identifier" value="8773235539" />
			<column name="create_datetime" valueDate="2014-10-22T23:19:20.949" />
			<column name="status_id" valueNumeric="10501" />
			<column name="entity_id" valueNumeric="1" />
			<column name="deleted" valueNumeric="0" />
			<column name="item_id" valueNumeric="320104" />
			<column name="order_line_id" />
			<column name="notes" value="Bulk Upload" />
			<column name="optlock" valueNumeric="0" />
			<column name="group_id" />
			<column name="provisioning_status" />
			<column name="global" valueBoolean="true" />
		</insert>
		<insert tableName="asset">
			<column name="id" valueNumeric="9645" />
			<column name="identifier" value="8773238892" />
			<column name="create_datetime" valueDate="2014-10-22T23:19:20.969" />
			<column name="status_id" valueNumeric="10501" />
			<column name="entity_id" valueNumeric="1" />
			<column name="deleted" valueNumeric="0" />
			<column name="item_id" valueNumeric="320104" />
			<column name="order_line_id" />
			<column name="notes" value="Bulk Upload" />
			<column name="optlock" valueNumeric="0" />
			<column name="group_id" />
			<column name="provisioning_status" />
			<column name="global" valueBoolean="true" />
		</insert>
		<insert tableName="asset">
			<column name="id" valueNumeric="9646" />
			<column name="identifier" value="8773238894" />
			<column name="create_datetime" valueDate="2014-10-22T23:19:20.981" />
			<column name="status_id" valueNumeric="10501" />
			<column name="entity_id" valueNumeric="1" />
			<column name="deleted" valueNumeric="0" />
			<column name="item_id" valueNumeric="320104" />
			<column name="order_line_id" />
			<column name="notes" value="Bulk Upload" />
			<column name="optlock" valueNumeric="0" />
			<column name="group_id" />
			<column name="provisioning_status" />
			<column name="global" valueBoolean="true" />
		</insert>
		<insert tableName="asset">
			<column name="id" valueNumeric="9647" />
			<column name="identifier" value="8773239018" />
			<column name="create_datetime" valueDate="2014-10-22T23:19:20.987" />
			<column name="status_id" valueNumeric="10501" />
			<column name="entity_id" valueNumeric="1" />
			<column name="deleted" valueNumeric="0" />
			<column name="item_id" valueNumeric="320104" />
			<column name="order_line_id" />
			<column name="notes" value="Bulk Upload" />
			<column name="optlock" valueNumeric="0" />
			<column name="group_id" />
			<column name="provisioning_status" />
			<column name="global" valueBoolean="true" />
		</insert>
		<insert tableName="asset">
			<column name="id" valueNumeric="9648" />
			<column name="identifier" value="8773239022" />
			<column name="create_datetime" valueDate="2014-10-22T23:19:21.2" />
			<column name="status_id" valueNumeric="10501" />
			<column name="entity_id" valueNumeric="1" />
			<column name="deleted" valueNumeric="0" />
			<column name="item_id" valueNumeric="320104" />
			<column name="order_line_id" />
			<column name="notes" value="Bulk Upload" />
			<column name="optlock" valueNumeric="0" />
			<column name="group_id" />
			<column name="provisioning_status" />
			<column name="global" valueBoolean="true" />
		</insert>
		<insert tableName="asset">
			<column name="id" valueNumeric="9649" />
			<column name="identifier" value="8773245841" />
			<column name="create_datetime" valueDate="2014-10-22T23:19:21.13" />
			<column name="status_id" valueNumeric="10501" />
			<column name="entity_id" valueNumeric="1" />
			<column name="deleted" valueNumeric="0" />
			<column name="item_id" valueNumeric="320104" />
			<column name="order_line_id" />
			<column name="notes" value="Bulk Upload" />
			<column name="optlock" valueNumeric="0" />
			<column name="group_id" />
			<column name="provisioning_status" />
			<column name="global" valueBoolean="true" />
		</insert>
		<insert tableName="asset">
			<column name="id" valueNumeric="9650" />
			<column name="identifier" value="8773247858" />
			<column name="create_datetime" valueDate="2014-10-22T23:19:21.33" />
			<column name="status_id" valueNumeric="10501" />
			<column name="entity_id" valueNumeric="1" />
			<column name="deleted" valueNumeric="0" />
			<column name="item_id" valueNumeric="320104" />
			<column name="order_line_id" />
			<column name="notes" value="Bulk Upload" />
			<column name="optlock" valueNumeric="0" />
			<column name="group_id" />
			<column name="provisioning_status" />
			<column name="global" valueBoolean="true" />
		</insert>
		<insert tableName="asset">
			<column name="id" valueNumeric="9651" />
			<column name="identifier" value="8773248844" />
			<column name="create_datetime" valueDate="2014-10-22T23:19:21.95" />
			<column name="status_id" valueNumeric="10501" />
			<column name="entity_id" valueNumeric="1" />
			<column name="deleted" valueNumeric="0" />
			<column name="item_id" valueNumeric="320104" />
			<column name="order_line_id" />
			<column name="notes" value="Bulk Upload" />
			<column name="optlock" valueNumeric="0" />
			<column name="group_id" />
			<column name="provisioning_status" />
			<column name="global" valueBoolean="true" />
		</insert>
		<insert tableName="asset">
			<column name="id" valueNumeric="9652" />
			<column name="identifier" value="8773249127" />
			<column name="create_datetime" valueDate="2014-10-22T23:19:21.107" />
			<column name="status_id" valueNumeric="10501" />
			<column name="entity_id" valueNumeric="1" />
			<column name="deleted" valueNumeric="0" />
			<column name="item_id" valueNumeric="320104" />
			<column name="order_line_id" />
			<column name="notes" value="Bulk Upload" />
			<column name="optlock" valueNumeric="0" />
			<column name="group_id" />
			<column name="provisioning_status" />
			<column name="global" valueBoolean="true" />
		</insert>
		<insert tableName="asset">
			<column name="id" valueNumeric="9653" />
			<column name="identifier" value="8773250282" />
			<column name="create_datetime" valueDate="2014-10-22T23:19:21.114" />
			<column name="status_id" valueNumeric="10501" />
			<column name="entity_id" valueNumeric="1" />
			<column name="deleted" valueNumeric="0" />
			<column name="item_id" valueNumeric="320104" />
			<column name="order_line_id" />
			<column name="notes" value="Bulk Upload" />
			<column name="optlock" valueNumeric="0" />
			<column name="group_id" />
			<column name="provisioning_status" />
			<column name="global" valueBoolean="true" />
		</insert>
		<insert tableName="asset">
			<column name="id" valueNumeric="9654" />
			<column name="identifier" value="8773250286" />
			<column name="create_datetime" valueDate="2014-10-22T23:19:21.120" />
			<column name="status_id" valueNumeric="10501" />
			<column name="entity_id" valueNumeric="1" />
			<column name="deleted" valueNumeric="0" />
			<column name="item_id" valueNumeric="320104" />
			<column name="order_line_id" />
			<column name="notes" value="Bulk Upload" />
			<column name="optlock" valueNumeric="0" />
			<column name="group_id" />
			<column name="provisioning_status" />
			<column name="global" valueBoolean="true" />
		</insert>
		<insert tableName="asset">
			<column name="id" valueNumeric="9655" />
			<column name="identifier" value="8773250981" />
			<column name="create_datetime" valueDate="2014-10-22T23:19:21.136" />
			<column name="status_id" valueNumeric="10501" />
			<column name="entity_id" valueNumeric="1" />
			<column name="deleted" valueNumeric="0" />
			<column name="item_id" valueNumeric="320104" />
			<column name="order_line_id" />
			<column name="notes" value="Bulk Upload" />
			<column name="optlock" valueNumeric="0" />
			<column name="group_id" />
			<column name="provisioning_status" />
			<column name="global" valueBoolean="true" />
		</insert>
		<insert tableName="asset">
			<column name="id" valueNumeric="9656" />
			<column name="identifier" value="8773251810" />
			<column name="create_datetime" valueDate="2014-10-22T23:19:21.151" />
			<column name="status_id" valueNumeric="10501" />
			<column name="entity_id" valueNumeric="1" />
			<column name="deleted" valueNumeric="0" />
			<column name="item_id" valueNumeric="320104" />
			<column name="order_line_id" />
			<column name="notes" value="Bulk Upload" />
			<column name="optlock" valueNumeric="0" />
			<column name="group_id" />
			<column name="provisioning_status" />
			<column name="global" valueBoolean="true" />
		</insert>
		<insert tableName="asset">
			<column name="id" valueNumeric="9657" />
			<column name="identifier" value="8773252282" />
			<column name="create_datetime" valueDate="2014-10-22T23:19:21.171" />
			<column name="status_id" valueNumeric="10501" />
			<column name="entity_id" valueNumeric="1" />
			<column name="deleted" valueNumeric="0" />
			<column name="item_id" valueNumeric="320104" />
			<column name="order_line_id" />
			<column name="notes" value="Bulk Upload" />
			<column name="optlock" valueNumeric="0" />
			<column name="group_id" />
			<column name="provisioning_status" />
			<column name="global" valueBoolean="true" />
		</insert>
		<insert tableName="asset">
			<column name="id" valueNumeric="9658" />
			<column name="identifier" value="8773252962" />
			<column name="create_datetime" valueDate="2014-10-22T23:19:21.219" />
			<column name="status_id" valueNumeric="10501" />
			<column name="entity_id" valueNumeric="1" />
			<column name="deleted" valueNumeric="0" />
			<column name="item_id" valueNumeric="320104" />
			<column name="order_line_id" />
			<column name="notes" value="Bulk Upload" />
			<column name="optlock" valueNumeric="0" />
			<column name="group_id" />
			<column name="provisioning_status" />
			<column name="global" valueBoolean="true" />
		</insert>
		<insert tableName="asset">
			<column name="id" valueNumeric="9659" />
			<column name="identifier" value="8773258200" />
			<column name="create_datetime" valueDate="2014-10-22T23:19:21.226" />
			<column name="status_id" valueNumeric="10501" />
			<column name="entity_id" valueNumeric="1" />
			<column name="deleted" valueNumeric="0" />
			<column name="item_id" valueNumeric="320104" />
			<column name="order_line_id" />
			<column name="notes" value="Bulk Upload" />
			<column name="optlock" valueNumeric="0" />
			<column name="group_id" />
			<column name="provisioning_status" />
			<column name="global" valueBoolean="true" />
		</insert>
		<insert tableName="asset">
			<column name="id" valueNumeric="9660" />
			<column name="identifier" value="8773259060" />
			<column name="create_datetime" valueDate="2014-10-22T23:19:21.233" />
			<column name="status_id" valueNumeric="10501" />
			<column name="entity_id" valueNumeric="1" />
			<column name="deleted" valueNumeric="0" />
			<column name="item_id" valueNumeric="320104" />
			<column name="order_line_id" />
			<column name="notes" value="Bulk Upload" />
			<column name="optlock" valueNumeric="0" />
			<column name="group_id" />
			<column name="provisioning_status" />
			<column name="global" valueBoolean="true" />
		</insert>
		<insert tableName="asset">
			<column name="id" valueNumeric="9661" />
			<column name="identifier" value="8773259064" />
			<column name="create_datetime" valueDate="2014-10-22T23:19:21.245" />
			<column name="status_id" valueNumeric="10501" />
			<column name="entity_id" valueNumeric="1" />
			<column name="deleted" valueNumeric="0" />
			<column name="item_id" valueNumeric="320104" />
			<column name="order_line_id" />
			<column name="notes" value="Bulk Upload" />
			<column name="optlock" valueNumeric="0" />
			<column name="group_id" />
			<column name="provisioning_status" />
			<column name="global" valueBoolean="true" />
		</insert>
		<insert tableName="asset">
			<column name="id" valueNumeric="9662" />
			<column name="identifier" value="8773259065" />
			<column name="create_datetime" valueDate="2014-10-22T23:19:21.252" />
			<column name="status_id" valueNumeric="10501" />
			<column name="entity_id" valueNumeric="1" />
			<column name="deleted" valueNumeric="0" />
			<column name="item_id" valueNumeric="320104" />
			<column name="order_line_id" />
			<column name="notes" value="Bulk Upload" />
			<column name="optlock" valueNumeric="0" />
			<column name="group_id" />
			<column name="provisioning_status" />
			<column name="global" valueBoolean="true" />
		</insert>
		<insert tableName="asset">
			<column name="id" valueNumeric="9663" />
			<column name="identifier" value="8773259742" />
			<column name="create_datetime" valueDate="2014-10-22T23:19:21.258" />
			<column name="status_id" valueNumeric="10501" />
			<column name="entity_id" valueNumeric="1" />
			<column name="deleted" valueNumeric="0" />
			<column name="item_id" valueNumeric="320104" />
			<column name="order_line_id" />
			<column name="notes" value="Bulk Upload" />
			<column name="optlock" valueNumeric="0" />
			<column name="group_id" />
			<column name="provisioning_status" />
			<column name="global" valueBoolean="true" />
		</insert>
		<insert tableName="asset">
			<column name="id" valueNumeric="9664" />
			<column name="identifier" value="8773275427" />
			<column name="create_datetime" valueDate="2014-10-22T23:19:21.265" />
			<column name="status_id" valueNumeric="10501" />
			<column name="entity_id" valueNumeric="1" />
			<column name="deleted" valueNumeric="0" />
			<column name="item_id" valueNumeric="320104" />
			<column name="order_line_id" />
			<column name="notes" value="Bulk Upload" />
			<column name="optlock" valueNumeric="0" />
			<column name="group_id" />
			<column name="provisioning_status" />
			<column name="global" valueBoolean="true" />
		</insert>
		<insert tableName="asset">
			<column name="id" valueNumeric="9665" />
			<column name="identifier" value="8773279682" />
			<column name="create_datetime" valueDate="2014-10-22T23:19:21.271" />
			<column name="status_id" valueNumeric="10501" />
			<column name="entity_id" valueNumeric="1" />
			<column name="deleted" valueNumeric="0" />
			<column name="item_id" valueNumeric="320104" />
			<column name="order_line_id" />
			<column name="notes" value="Bulk Upload" />
			<column name="optlock" valueNumeric="0" />
			<column name="group_id" />
			<column name="provisioning_status" />
			<column name="global" valueBoolean="true" />
		</insert>
		<insert tableName="asset">
			<column name="id" valueNumeric="9666" />
			<column name="identifier" value="8773282321" />
			<column name="create_datetime" valueDate="2014-10-22T23:19:21.278" />
			<column name="status_id" valueNumeric="10501" />
			<column name="entity_id" valueNumeric="1" />
			<column name="deleted" valueNumeric="0" />
			<column name="item_id" valueNumeric="320104" />
			<column name="order_line_id" />
			<column name="notes" value="Bulk Upload" />
			<column name="optlock" valueNumeric="0" />
			<column name="group_id" />
			<column name="provisioning_status" />
			<column name="global" valueBoolean="true" />
		</insert>
		<insert tableName="asset">
			<column name="id" valueNumeric="9667" />
			<column name="identifier" value="8773287453" />
			<column name="create_datetime" valueDate="2014-10-22T23:19:21.284" />
			<column name="status_id" valueNumeric="10501" />
			<column name="entity_id" valueNumeric="1" />
			<column name="deleted" valueNumeric="0" />
			<column name="item_id" valueNumeric="320104" />
			<column name="order_line_id" />
			<column name="notes" value="Bulk Upload" />
			<column name="optlock" valueNumeric="0" />
			<column name="group_id" />
			<column name="provisioning_status" />
			<column name="global" valueBoolean="true" />
		</insert>
		<insert tableName="asset">
			<column name="id" valueNumeric="9668" />
			<column name="identifier" value="8773290598" />
			<column name="create_datetime" valueDate="2014-10-22T23:19:21.295" />
			<column name="status_id" valueNumeric="10501" />
			<column name="entity_id" valueNumeric="1" />
			<column name="deleted" valueNumeric="0" />
			<column name="item_id" valueNumeric="320104" />
			<column name="order_line_id" />
			<column name="notes" value="Bulk Upload" />
			<column name="optlock" valueNumeric="0" />
			<column name="group_id" />
			<column name="provisioning_status" />
			<column name="global" valueBoolean="true" />
		</insert>
		<insert tableName="asset">
			<column name="id" valueNumeric="9669" />
			<column name="identifier" value="8773292748" />
			<column name="create_datetime" valueDate="2014-10-22T23:19:21.301" />
			<column name="status_id" valueNumeric="10501" />
			<column name="entity_id" valueNumeric="1" />
			<column name="deleted" valueNumeric="0" />
			<column name="item_id" valueNumeric="320104" />
			<column name="order_line_id" />
			<column name="notes" value="Bulk Upload" />
			<column name="optlock" valueNumeric="0" />
			<column name="group_id" />
			<column name="provisioning_status" />
			<column name="global" valueBoolean="true" />
		</insert>
		<insert tableName="asset">
			<column name="id" valueNumeric="9670" />
			<column name="identifier" value="8773293730" />
			<column name="create_datetime" valueDate="2014-10-22T23:19:21.322" />
			<column name="status_id" valueNumeric="10501" />
			<column name="entity_id" valueNumeric="1" />
			<column name="deleted" valueNumeric="0" />
			<column name="item_id" valueNumeric="320104" />
			<column name="order_line_id" />
			<column name="notes" value="Bulk Upload" />
			<column name="optlock" valueNumeric="0" />
			<column name="group_id" />
			<column name="provisioning_status" />
			<column name="global" valueBoolean="true" />
		</insert>
		<insert tableName="asset">
			<column name="id" valueNumeric="9671" />
			<column name="identifier" value="8773293946" />
			<column name="create_datetime" valueDate="2014-10-22T23:19:21.362" />
			<column name="status_id" valueNumeric="10501" />
			<column name="entity_id" valueNumeric="1" />
			<column name="deleted" valueNumeric="0" />
			<column name="item_id" valueNumeric="320104" />
			<column name="order_line_id" />
			<column name="notes" value="Bulk Upload" />
			<column name="optlock" valueNumeric="0" />
			<column name="group_id" />
			<column name="provisioning_status" />
			<column name="global" valueBoolean="true" />
		</insert>
		<insert tableName="asset">
			<column name="id" valueNumeric="9672" />
			<column name="identifier" value="8773294369" />
			<column name="create_datetime" valueDate="2014-10-22T23:19:21.383" />
			<column name="status_id" valueNumeric="10501" />
			<column name="entity_id" valueNumeric="1" />
			<column name="deleted" valueNumeric="0" />
			<column name="item_id" valueNumeric="320104" />
			<column name="order_line_id" />
			<column name="notes" value="Bulk Upload" />
			<column name="optlock" valueNumeric="0" />
			<column name="group_id" />
			<column name="provisioning_status" />
			<column name="global" valueBoolean="true" />
		</insert>
		<insert tableName="asset">
			<column name="id" valueNumeric="9673" />
			<column name="identifier" value="8773294390" />
			<column name="create_datetime" valueDate="2014-10-22T23:19:21.403" />
			<column name="status_id" valueNumeric="10501" />
			<column name="entity_id" valueNumeric="1" />
			<column name="deleted" valueNumeric="0" />
			<column name="item_id" valueNumeric="320104" />
			<column name="order_line_id" />
			<column name="notes" value="Bulk Upload" />
			<column name="optlock" valueNumeric="0" />
			<column name="group_id" />
			<column name="provisioning_status" />
			<column name="global" valueBoolean="true" />
		</insert>
		<insert tableName="asset">
			<column name="id" valueNumeric="9674" />
			<column name="identifier" value="8773297539" />
			<column name="create_datetime" valueDate="2014-10-22T23:19:21.447" />
			<column name="status_id" valueNumeric="10501" />
			<column name="entity_id" valueNumeric="1" />
			<column name="deleted" valueNumeric="0" />
			<column name="item_id" valueNumeric="320104" />
			<column name="order_line_id" />
			<column name="notes" value="Bulk Upload" />
			<column name="optlock" valueNumeric="0" />
			<column name="group_id" />
			<column name="provisioning_status" />
			<column name="global" valueBoolean="true" />
		</insert>
		<insert tableName="asset">
			<column name="id" valueNumeric="9675" />
			<column name="identifier" value="8773298017" />
			<column name="create_datetime" valueDate="2014-10-22T23:19:21.474" />
			<column name="status_id" valueNumeric="10501" />
			<column name="entity_id" valueNumeric="1" />
			<column name="deleted" valueNumeric="0" />
			<column name="item_id" valueNumeric="320104" />
			<column name="order_line_id" />
			<column name="notes" value="Bulk Upload" />
			<column name="optlock" valueNumeric="0" />
			<column name="group_id" />
			<column name="provisioning_status" />
			<column name="global" valueBoolean="true" />
		</insert>
		<insert tableName="asset">
			<column name="id" valueNumeric="9676" />
			<column name="identifier" value="8773299969" />
			<column name="create_datetime" valueDate="2014-10-22T23:19:21.481" />
			<column name="status_id" valueNumeric="10501" />
			<column name="entity_id" valueNumeric="1" />
			<column name="deleted" valueNumeric="0" />
			<column name="item_id" valueNumeric="320104" />
			<column name="order_line_id" />
			<column name="notes" value="Bulk Upload" />
			<column name="optlock" valueNumeric="0" />
			<column name="group_id" />
			<column name="provisioning_status" />
			<column name="global" valueBoolean="true" />
		</insert>
		<insert tableName="asset">
			<column name="id" valueNumeric="9677" />
			<column name="identifier" value="8773340025" />
			<column name="create_datetime" valueDate="2014-10-22T23:19:21.488" />
			<column name="status_id" valueNumeric="10501" />
			<column name="entity_id" valueNumeric="1" />
			<column name="deleted" valueNumeric="0" />
			<column name="item_id" valueNumeric="320104" />
			<column name="order_line_id" />
			<column name="notes" value="Bulk Upload" />
			<column name="optlock" valueNumeric="0" />
			<column name="group_id" />
			<column name="provisioning_status" />
			<column name="global" valueBoolean="true" />
		</insert>
		<insert tableName="asset">
			<column name="id" valueNumeric="9678" />
			<column name="identifier" value="8773541110" />
			<column name="create_datetime" valueDate="2014-10-22T23:19:21.499" />
			<column name="status_id" valueNumeric="10501" />
			<column name="entity_id" valueNumeric="1" />
			<column name="deleted" valueNumeric="0" />
			<column name="item_id" valueNumeric="320104" />
			<column name="order_line_id" />
			<column name="notes" value="Bulk Upload" />
			<column name="optlock" valueNumeric="0" />
			<column name="group_id" />
			<column name="provisioning_status" />
			<column name="global" valueBoolean="true" />
		</insert>
		<insert tableName="asset">
			<column name="id" valueNumeric="9679" />
			<column name="identifier" value="8773563043" />
			<column name="create_datetime" valueDate="2014-10-22T23:19:21.519" />
			<column name="status_id" valueNumeric="10501" />
			<column name="entity_id" valueNumeric="1" />
			<column name="deleted" valueNumeric="0" />
			<column name="item_id" valueNumeric="320104" />
			<column name="order_line_id" />
			<column name="notes" value="Bulk Upload" />
			<column name="optlock" valueNumeric="0" />
			<column name="group_id" />
			<column name="provisioning_status" />
			<column name="global" valueBoolean="true" />
		</insert>
		<insert tableName="asset">
			<column name="id" valueNumeric="9680" />
			<column name="identifier" value="8773697233" />
			<column name="create_datetime" valueDate="2014-10-22T23:19:21.597" />
			<column name="status_id" valueNumeric="10501" />
			<column name="entity_id" valueNumeric="1" />
			<column name="deleted" valueNumeric="0" />
			<column name="item_id" valueNumeric="320104" />
			<column name="order_line_id" />
			<column name="notes" value="Bulk Upload" />
			<column name="optlock" valueNumeric="0" />
			<column name="group_id" />
			<column name="provisioning_status" />
			<column name="global" valueBoolean="true" />
		</insert>
		<insert tableName="asset">
			<column name="id" valueNumeric="9681" />
			<column name="identifier" value="8773699340" />
			<column name="create_datetime" valueDate="2014-10-22T23:19:21.608" />
			<column name="status_id" valueNumeric="10501" />
			<column name="entity_id" valueNumeric="1" />
			<column name="deleted" valueNumeric="0" />
			<column name="item_id" valueNumeric="320104" />
			<column name="order_line_id" />
			<column name="notes" value="Bulk Upload" />
			<column name="optlock" valueNumeric="0" />
			<column name="group_id" />
			<column name="provisioning_status" />
			<column name="global" valueBoolean="true" />
		</insert>
		<insert tableName="asset">
			<column name="id" valueNumeric="9682" />
			<column name="identifier" value="8773703222" />
			<column name="create_datetime" valueDate="2014-10-22T23:19:21.637" />
			<column name="status_id" valueNumeric="10501" />
			<column name="entity_id" valueNumeric="1" />
			<column name="deleted" valueNumeric="0" />
			<column name="item_id" valueNumeric="320104" />
			<column name="order_line_id" />
			<column name="notes" value="Bulk Upload" />
			<column name="optlock" valueNumeric="0" />
			<column name="group_id" />
			<column name="provisioning_status" />
			<column name="global" valueBoolean="true" />
		</insert>
		<insert tableName="asset">
			<column name="id" valueNumeric="9683" />
			<column name="identifier" value="8773728912" />
			<column name="create_datetime" valueDate="2014-10-22T23:19:21.662" />
			<column name="status_id" valueNumeric="10501" />
			<column name="entity_id" valueNumeric="1" />
			<column name="deleted" valueNumeric="0" />
			<column name="item_id" valueNumeric="320104" />
			<column name="order_line_id" />
			<column name="notes" value="Bulk Upload" />
			<column name="optlock" valueNumeric="0" />
			<column name="group_id" />
			<column name="provisioning_status" />
			<column name="global" valueBoolean="true" />
		</insert>
		<insert tableName="asset">
			<column name="id" valueNumeric="9684" />
			<column name="identifier" value="8773729633" />
			<column name="create_datetime" valueDate="2014-10-22T23:19:21.669" />
			<column name="status_id" valueNumeric="10501" />
			<column name="entity_id" valueNumeric="1" />
			<column name="deleted" valueNumeric="0" />
			<column name="item_id" valueNumeric="320104" />
			<column name="order_line_id" />
			<column name="notes" value="Bulk Upload" />
			<column name="optlock" valueNumeric="0" />
			<column name="group_id" />
			<column name="provisioning_status" />
			<column name="global" valueBoolean="true" />
		</insert>
		<insert tableName="asset">
			<column name="id" valueNumeric="9685" />
			<column name="identifier" value="8773729648" />
			<column name="create_datetime" valueDate="2014-10-22T23:19:21.676" />
			<column name="status_id" valueNumeric="10501" />
			<column name="entity_id" valueNumeric="1" />
			<column name="deleted" valueNumeric="0" />
			<column name="item_id" valueNumeric="320104" />
			<column name="order_line_id" />
			<column name="notes" value="Bulk Upload" />
			<column name="optlock" valueNumeric="0" />
			<column name="group_id" />
			<column name="provisioning_status" />
			<column name="global" valueBoolean="true" />
		</insert>
		<insert tableName="asset">
			<column name="id" valueNumeric="9686" />
			<column name="identifier" value="8773733019" />
			<column name="create_datetime" valueDate="2014-10-22T23:19:21.702" />
			<column name="status_id" valueNumeric="10501" />
			<column name="entity_id" valueNumeric="1" />
			<column name="deleted" valueNumeric="0" />
			<column name="item_id" valueNumeric="320104" />
			<column name="order_line_id" />
			<column name="notes" value="Bulk Upload" />
			<column name="optlock" valueNumeric="0" />
			<column name="group_id" />
			<column name="provisioning_status" />
			<column name="global" valueBoolean="true" />
		</insert>
		<insert tableName="asset">
			<column name="id" valueNumeric="9687" />
			<column name="identifier" value="8773734092" />
			<column name="create_datetime" valueDate="2014-10-22T23:19:21.710" />
			<column name="status_id" valueNumeric="10501" />
			<column name="entity_id" valueNumeric="1" />
			<column name="deleted" valueNumeric="0" />
			<column name="item_id" valueNumeric="320104" />
			<column name="order_line_id" />
			<column name="notes" value="Bulk Upload" />
			<column name="optlock" valueNumeric="0" />
			<column name="group_id" />
			<column name="provisioning_status" />
			<column name="global" valueBoolean="true" />
		</insert>
		<insert tableName="asset">
			<column name="id" valueNumeric="9688" />
			<column name="identifier" value="8773734968" />
			<column name="create_datetime" valueDate="2014-10-22T23:19:21.727" />
			<column name="status_id" valueNumeric="10501" />
			<column name="entity_id" valueNumeric="1" />
			<column name="deleted" valueNumeric="0" />
			<column name="item_id" valueNumeric="320104" />
			<column name="order_line_id" />
			<column name="notes" value="Bulk Upload" />
			<column name="optlock" valueNumeric="0" />
			<column name="group_id" />
			<column name="provisioning_status" />
			<column name="global" valueBoolean="true" />
		</insert>
		<insert tableName="asset">
			<column name="id" valueNumeric="9689" />
			<column name="identifier" value="8773735835" />
			<column name="create_datetime" valueDate="2014-10-22T23:19:21.738" />
			<column name="status_id" valueNumeric="10501" />
			<column name="entity_id" valueNumeric="1" />
			<column name="deleted" valueNumeric="0" />
			<column name="item_id" valueNumeric="320104" />
			<column name="order_line_id" />
			<column name="notes" value="Bulk Upload" />
			<column name="optlock" valueNumeric="0" />
			<column name="group_id" />
			<column name="provisioning_status" />
			<column name="global" valueBoolean="true" />
		</insert>
		<insert tableName="asset">
			<column name="id" valueNumeric="9690" />
			<column name="identifier" value="8773735842" />
			<column name="create_datetime" valueDate="2014-10-22T23:19:21.744" />
			<column name="status_id" valueNumeric="10501" />
			<column name="entity_id" valueNumeric="1" />
			<column name="deleted" valueNumeric="0" />
			<column name="item_id" valueNumeric="320104" />
			<column name="order_line_id" />
			<column name="notes" value="Bulk Upload" />
			<column name="optlock" valueNumeric="0" />
			<column name="group_id" />
			<column name="provisioning_status" />
			<column name="global" valueBoolean="true" />
		</insert>
		<insert tableName="asset">
			<column name="id" valueNumeric="9691" />
			<column name="identifier" value="8773736718" />
			<column name="create_datetime" valueDate="2014-10-22T23:19:21.752" />
			<column name="status_id" valueNumeric="10501" />
			<column name="entity_id" valueNumeric="1" />
			<column name="deleted" valueNumeric="0" />
			<column name="item_id" valueNumeric="320104" />
			<column name="order_line_id" />
			<column name="notes" value="Bulk Upload" />
			<column name="optlock" valueNumeric="0" />
			<column name="group_id" />
			<column name="provisioning_status" />
			<column name="global" valueBoolean="true" />
		</insert>
		<insert tableName="asset">
			<column name="id" valueNumeric="9692" />
			<column name="identifier" value="8773736728" />
			<column name="create_datetime" valueDate="2014-10-22T23:19:21.758" />
			<column name="status_id" valueNumeric="10501" />
			<column name="entity_id" valueNumeric="1" />
			<column name="deleted" valueNumeric="0" />
			<column name="item_id" valueNumeric="320104" />
			<column name="order_line_id" />
			<column name="notes" value="Bulk Upload" />
			<column name="optlock" valueNumeric="0" />
			<column name="group_id" />
			<column name="provisioning_status" />
			<column name="global" valueBoolean="true" />
		</insert>
		<insert tableName="asset">
			<column name="id" valueNumeric="9693" />
			<column name="identifier" value="8773736740" />
			<column name="create_datetime" valueDate="2014-10-22T23:19:21.792" />
			<column name="status_id" valueNumeric="10501" />
			<column name="entity_id" valueNumeric="1" />
			<column name="deleted" valueNumeric="0" />
			<column name="item_id" valueNumeric="320104" />
			<column name="order_line_id" />
			<column name="notes" value="Bulk Upload" />
			<column name="optlock" valueNumeric="0" />
			<column name="group_id" />
			<column name="provisioning_status" />
			<column name="global" valueBoolean="true" />
		</insert>
		<insert tableName="asset">
			<column name="id" valueNumeric="9694" />
			<column name="identifier" value="8773737913" />
			<column name="create_datetime" valueDate="2014-10-22T23:19:21.799" />
			<column name="status_id" valueNumeric="10501" />
			<column name="entity_id" valueNumeric="1" />
			<column name="deleted" valueNumeric="0" />
			<column name="item_id" valueNumeric="320104" />
			<column name="order_line_id" />
			<column name="notes" value="Bulk Upload" />
			<column name="optlock" valueNumeric="0" />
			<column name="group_id" />
			<column name="provisioning_status" />
			<column name="global" valueBoolean="true" />
		</insert>
		<insert tableName="asset">
			<column name="id" valueNumeric="9695" />
			<column name="identifier" value="8773737974" />
			<column name="create_datetime" valueDate="2014-10-22T23:19:21.806" />
			<column name="status_id" valueNumeric="10501" />
			<column name="entity_id" valueNumeric="1" />
			<column name="deleted" valueNumeric="0" />
			<column name="item_id" valueNumeric="320104" />
			<column name="order_line_id" />
			<column name="notes" value="Bulk Upload" />
			<column name="optlock" valueNumeric="0" />
			<column name="group_id" />
			<column name="provisioning_status" />
			<column name="global" valueBoolean="true" />
		</insert>
		<insert tableName="asset">
			<column name="id" valueNumeric="9696" />
			<column name="identifier" value="8773738626" />
			<column name="create_datetime" valueDate="2014-10-22T23:19:21.913" />
			<column name="status_id" valueNumeric="10501" />
			<column name="entity_id" valueNumeric="1" />
			<column name="deleted" valueNumeric="0" />
			<column name="item_id" valueNumeric="320104" />
			<column name="order_line_id" />
			<column name="notes" value="Bulk Upload" />
			<column name="optlock" valueNumeric="0" />
			<column name="group_id" />
			<column name="provisioning_status" />
			<column name="global" valueBoolean="true" />
		</insert>
		<insert tableName="asset">
			<column name="id" valueNumeric="9697" />
			<column name="identifier" value="8773739932" />
			<column name="create_datetime" valueDate="2014-10-22T23:19:22.8" />
			<column name="status_id" valueNumeric="10501" />
			<column name="entity_id" valueNumeric="1" />
			<column name="deleted" valueNumeric="0" />
			<column name="item_id" valueNumeric="320104" />
			<column name="order_line_id" />
			<column name="notes" value="Bulk Upload" />
			<column name="optlock" valueNumeric="0" />
			<column name="group_id" />
			<column name="provisioning_status" />
			<column name="global" valueBoolean="true" />
		</insert>
		<insert tableName="asset">
			<column name="id" valueNumeric="9698" />
			<column name="identifier" value="8773739950" />
			<column name="create_datetime" valueDate="2014-10-22T23:19:22.14" />
			<column name="status_id" valueNumeric="10501" />
			<column name="entity_id" valueNumeric="1" />
			<column name="deleted" valueNumeric="0" />
			<column name="item_id" valueNumeric="320104" />
			<column name="order_line_id" />
			<column name="notes" value="Bulk Upload" />
			<column name="optlock" valueNumeric="0" />
			<column name="group_id" />
			<column name="provisioning_status" />
			<column name="global" valueBoolean="true" />
		</insert>
		<insert tableName="asset">
			<column name="id" valueNumeric="9699" />
			<column name="identifier" value="8773739962" />
			<column name="create_datetime" valueDate="2014-10-22T23:19:22.39" />
			<column name="status_id" valueNumeric="10501" />
			<column name="entity_id" valueNumeric="1" />
			<column name="deleted" valueNumeric="0" />
			<column name="item_id" valueNumeric="320104" />
			<column name="order_line_id" />
			<column name="notes" value="Bulk Upload" />
			<column name="optlock" valueNumeric="0" />
			<column name="group_id" />
			<column name="provisioning_status" />
			<column name="global" valueBoolean="true" />
		</insert>
		<insert tableName="asset">
			<column name="id" valueNumeric="9700" />
			<column name="identifier" value="8773740286" />
			<column name="create_datetime" valueDate="2014-10-22T23:19:22.45" />
			<column name="status_id" valueNumeric="10501" />
			<column name="entity_id" valueNumeric="1" />
			<column name="deleted" valueNumeric="0" />
			<column name="item_id" valueNumeric="320104" />
			<column name="order_line_id" />
			<column name="notes" value="Bulk Upload" />
			<column name="optlock" valueNumeric="0" />
			<column name="group_id" />
			<column name="provisioning_status" />
			<column name="global" valueBoolean="true" />
		</insert>
		<insert tableName="asset">
			<column name="id" valueNumeric="9701" />
			<column name="identifier" value="8773741085" />
			<column name="create_datetime" valueDate="2014-10-22T23:19:22.62" />
			<column name="status_id" valueNumeric="10501" />
			<column name="entity_id" valueNumeric="1" />
			<column name="deleted" valueNumeric="0" />
			<column name="item_id" valueNumeric="320104" />
			<column name="order_line_id" />
			<column name="notes" value="Bulk Upload" />
			<column name="optlock" valueNumeric="0" />
			<column name="group_id" />
			<column name="provisioning_status" />
			<column name="global" valueBoolean="true" />
		</insert>
		<insert tableName="asset">
			<column name="id" valueNumeric="9702" />
			<column name="identifier" value="8773742655" />
			<column name="create_datetime" valueDate="2014-10-22T23:19:22.82" />
			<column name="status_id" valueNumeric="10501" />
			<column name="entity_id" valueNumeric="1" />
			<column name="deleted" valueNumeric="0" />
			<column name="item_id" valueNumeric="320104" />
			<column name="order_line_id" />
			<column name="notes" value="Bulk Upload" />
			<column name="optlock" valueNumeric="0" />
			<column name="group_id" />
			<column name="provisioning_status" />
			<column name="global" valueBoolean="true" />
		</insert>
		<insert tableName="asset">
			<column name="id" valueNumeric="9703" />
			<column name="identifier" value="8773743990" />
			<column name="create_datetime" valueDate="2014-10-22T23:19:22.88" />
			<column name="status_id" valueNumeric="10501" />
			<column name="entity_id" valueNumeric="1" />
			<column name="deleted" valueNumeric="0" />
			<column name="item_id" valueNumeric="320104" />
			<column name="order_line_id" />
			<column name="notes" value="Bulk Upload" />
			<column name="optlock" valueNumeric="0" />
			<column name="group_id" />
			<column name="provisioning_status" />
			<column name="global" valueBoolean="true" />
		</insert>
		<insert tableName="asset">
			<column name="id" valueNumeric="9704" />
			<column name="identifier" value="8773747024" />
			<column name="create_datetime" valueDate="2014-10-22T23:19:22.104" />
			<column name="status_id" valueNumeric="10501" />
			<column name="entity_id" valueNumeric="1" />
			<column name="deleted" valueNumeric="0" />
			<column name="item_id" valueNumeric="320104" />
			<column name="order_line_id" />
			<column name="notes" value="Bulk Upload" />
			<column name="optlock" valueNumeric="0" />
			<column name="group_id" />
			<column name="provisioning_status" />
			<column name="global" valueBoolean="true" />
		</insert>
		<insert tableName="asset">
			<column name="id" valueNumeric="9705" />
			<column name="identifier" value="8773752911" />
			<column name="create_datetime" valueDate="2014-10-22T23:19:22.115" />
			<column name="status_id" valueNumeric="10501" />
			<column name="entity_id" valueNumeric="1" />
			<column name="deleted" valueNumeric="0" />
			<column name="item_id" valueNumeric="320104" />
			<column name="order_line_id" />
			<column name="notes" value="Bulk Upload" />
			<column name="optlock" valueNumeric="0" />
			<column name="group_id" />
			<column name="provisioning_status" />
			<column name="global" valueBoolean="true" />
		</insert>
		<insert tableName="asset">
			<column name="id" valueNumeric="9706" />
			<column name="identifier" value="8773752913" />
			<column name="create_datetime" valueDate="2014-10-22T23:19:22.139" />
			<column name="status_id" valueNumeric="10501" />
			<column name="entity_id" valueNumeric="1" />
			<column name="deleted" valueNumeric="0" />
			<column name="item_id" valueNumeric="320104" />
			<column name="order_line_id" />
			<column name="notes" value="Bulk Upload" />
			<column name="optlock" valueNumeric="0" />
			<column name="group_id" />
			<column name="provisioning_status" />
			<column name="global" valueBoolean="true" />
		</insert>
		<insert tableName="asset">
			<column name="id" valueNumeric="9707" />
			<column name="identifier" value="8773752924" />
			<column name="create_datetime" valueDate="2014-10-22T23:19:22.145" />
			<column name="status_id" valueNumeric="10501" />
			<column name="entity_id" valueNumeric="1" />
			<column name="deleted" valueNumeric="0" />
			<column name="item_id" valueNumeric="320104" />
			<column name="order_line_id" />
			<column name="notes" value="Bulk Upload" />
			<column name="optlock" valueNumeric="0" />
			<column name="group_id" />
			<column name="provisioning_status" />
			<column name="global" valueBoolean="true" />
		</insert>
		<insert tableName="asset">
			<column name="id" valueNumeric="9708" />
			<column name="identifier" value="8773754921" />
			<column name="create_datetime" valueDate="2014-10-22T23:19:22.161" />
			<column name="status_id" valueNumeric="10501" />
			<column name="entity_id" valueNumeric="1" />
			<column name="deleted" valueNumeric="0" />
			<column name="item_id" valueNumeric="320104" />
			<column name="order_line_id" />
			<column name="notes" value="Bulk Upload" />
			<column name="optlock" valueNumeric="0" />
			<column name="group_id" />
			<column name="provisioning_status" />
			<column name="global" valueBoolean="true" />
		</insert>
		<insert tableName="asset">
			<column name="id" valueNumeric="9709" />
			<column name="identifier" value="8773756931" />
			<column name="create_datetime" valueDate="2014-10-22T23:19:22.254" />
			<column name="status_id" valueNumeric="10501" />
			<column name="entity_id" valueNumeric="1" />
			<column name="deleted" valueNumeric="0" />
			<column name="item_id" valueNumeric="320104" />
			<column name="order_line_id" />
			<column name="notes" value="Bulk Upload" />
			<column name="optlock" valueNumeric="0" />
			<column name="group_id" />
			<column name="provisioning_status" />
			<column name="global" valueBoolean="true" />
		</insert>
		<insert tableName="asset">
			<column name="id" valueNumeric="9710" />
			<column name="identifier" value="8773758023" />
			<column name="create_datetime" valueDate="2014-10-22T23:19:22.261" />
			<column name="status_id" valueNumeric="10501" />
			<column name="entity_id" valueNumeric="1" />
			<column name="deleted" valueNumeric="0" />
			<column name="item_id" valueNumeric="320104" />
			<column name="order_line_id" />
			<column name="notes" value="Bulk Upload" />
			<column name="optlock" valueNumeric="0" />
			<column name="group_id" />
			<column name="provisioning_status" />
			<column name="global" valueBoolean="true" />
		</insert>
		<insert tableName="asset">
			<column name="id" valueNumeric="9711" />
			<column name="identifier" value="8773760422" />
			<column name="create_datetime" valueDate="2014-10-22T23:19:22.278" />
			<column name="status_id" valueNumeric="10501" />
			<column name="entity_id" valueNumeric="1" />
			<column name="deleted" valueNumeric="0" />
			<column name="item_id" valueNumeric="320104" />
			<column name="order_line_id" />
			<column name="notes" value="Bulk Upload" />
			<column name="optlock" valueNumeric="0" />
			<column name="group_id" />
			<column name="provisioning_status" />
			<column name="global" valueBoolean="true" />
		</insert>
		<insert tableName="asset">
			<column name="id" valueNumeric="9712" />
			<column name="identifier" value="8773763125" />
			<column name="create_datetime" valueDate="2014-10-22T23:19:22.289" />
			<column name="status_id" valueNumeric="10501" />
			<column name="entity_id" valueNumeric="1" />
			<column name="deleted" valueNumeric="0" />
			<column name="item_id" valueNumeric="320104" />
			<column name="order_line_id" />
			<column name="notes" value="Bulk Upload" />
			<column name="optlock" valueNumeric="0" />
			<column name="group_id" />
			<column name="provisioning_status" />
			<column name="global" valueBoolean="true" />
		</insert>
		<insert tableName="asset">
			<column name="id" valueNumeric="9713" />
			<column name="identifier" value="8773763138" />
			<column name="create_datetime" valueDate="2014-10-22T23:19:22.335" />
			<column name="status_id" valueNumeric="10501" />
			<column name="entity_id" valueNumeric="1" />
			<column name="deleted" valueNumeric="0" />
			<column name="item_id" valueNumeric="320104" />
			<column name="order_line_id" />
			<column name="notes" value="Bulk Upload" />
			<column name="optlock" valueNumeric="0" />
			<column name="group_id" />
			<column name="provisioning_status" />
			<column name="global" valueBoolean="true" />
		</insert>
		<insert tableName="asset">
			<column name="id" valueNumeric="9714" />
			<column name="identifier" value="8773764644" />
			<column name="create_datetime" valueDate="2014-10-22T23:19:22.373" />
			<column name="status_id" valueNumeric="10501" />
			<column name="entity_id" valueNumeric="1" />
			<column name="deleted" valueNumeric="0" />
			<column name="item_id" valueNumeric="320104" />
			<column name="order_line_id" />
			<column name="notes" value="Bulk Upload" />
			<column name="optlock" valueNumeric="0" />
			<column name="group_id" />
			<column name="provisioning_status" />
			<column name="global" valueBoolean="true" />
		</insert>
		<insert tableName="asset">
			<column name="id" valueNumeric="9715" />
			<column name="identifier" value="8773765121" />
			<column name="create_datetime" valueDate="2014-10-22T23:19:22.465" />
			<column name="status_id" valueNumeric="10501" />
			<column name="entity_id" valueNumeric="1" />
			<column name="deleted" valueNumeric="0" />
			<column name="item_id" valueNumeric="320104" />
			<column name="order_line_id" />
			<column name="notes" value="Bulk Upload" />
			<column name="optlock" valueNumeric="0" />
			<column name="group_id" />
			<column name="provisioning_status" />
			<column name="global" valueBoolean="true" />
		</insert>
		<insert tableName="asset">
			<column name="id" valueNumeric="9716" />
			<column name="identifier" value="8773765463" />
			<column name="create_datetime" valueDate="2014-10-22T23:19:22.478" />
			<column name="status_id" valueNumeric="10501" />
			<column name="entity_id" valueNumeric="1" />
			<column name="deleted" valueNumeric="0" />
			<column name="item_id" valueNumeric="320104" />
			<column name="order_line_id" />
			<column name="notes" value="Bulk Upload" />
			<column name="optlock" valueNumeric="0" />
			<column name="group_id" />
			<column name="provisioning_status" />
			<column name="global" valueBoolean="true" />
		</insert>
		<insert tableName="asset">
			<column name="id" valueNumeric="9717" />
			<column name="identifier" value="8773765628" />
			<column name="create_datetime" valueDate="2014-10-22T23:19:22.489" />
			<column name="status_id" valueNumeric="10501" />
			<column name="entity_id" valueNumeric="1" />
			<column name="deleted" valueNumeric="0" />
			<column name="item_id" valueNumeric="320104" />
			<column name="order_line_id" />
			<column name="notes" value="Bulk Upload" />
			<column name="optlock" valueNumeric="0" />
			<column name="group_id" />
			<column name="provisioning_status" />
			<column name="global" valueBoolean="true" />
		</insert>
		<insert tableName="asset">
			<column name="id" valueNumeric="9718" />
			<column name="identifier" value="8773772471" />
			<column name="create_datetime" valueDate="2014-10-22T23:19:22.544" />
			<column name="status_id" valueNumeric="10501" />
			<column name="entity_id" valueNumeric="1" />
			<column name="deleted" valueNumeric="0" />
			<column name="item_id" valueNumeric="320104" />
			<column name="order_line_id" />
			<column name="notes" value="Bulk Upload" />
			<column name="optlock" valueNumeric="0" />
			<column name="group_id" />
			<column name="provisioning_status" />
			<column name="global" valueBoolean="true" />
		</insert>
		<insert tableName="asset">
			<column name="id" valueNumeric="9719" />
			<column name="identifier" value="8773774125" />
			<column name="create_datetime" valueDate="2014-10-22T23:19:22.552" />
			<column name="status_id" valueNumeric="10501" />
			<column name="entity_id" valueNumeric="1" />
			<column name="deleted" valueNumeric="0" />
			<column name="item_id" valueNumeric="320104" />
			<column name="order_line_id" />
			<column name="notes" value="Bulk Upload" />
			<column name="optlock" valueNumeric="0" />
			<column name="group_id" />
			<column name="provisioning_status" />
			<column name="global" valueBoolean="true" />
		</insert>
		<insert tableName="asset">
			<column name="id" valueNumeric="9720" />
			<column name="identifier" value="8773774126" />
			<column name="create_datetime" valueDate="2014-10-22T23:19:22.571" />
			<column name="status_id" valueNumeric="10501" />
			<column name="entity_id" valueNumeric="1" />
			<column name="deleted" valueNumeric="0" />
			<column name="item_id" valueNumeric="320104" />
			<column name="order_line_id" />
			<column name="notes" value="Bulk Upload" />
			<column name="optlock" valueNumeric="0" />
			<column name="group_id" />
			<column name="provisioning_status" />
			<column name="global" valueBoolean="true" />
		</insert>
		<insert tableName="asset">
			<column name="id" valueNumeric="9721" />
			<column name="identifier" value="8773775322" />
			<column name="create_datetime" valueDate="2014-10-22T23:19:22.584" />
			<column name="status_id" valueNumeric="10501" />
			<column name="entity_id" valueNumeric="1" />
			<column name="deleted" valueNumeric="0" />
			<column name="item_id" valueNumeric="320104" />
			<column name="order_line_id" />
			<column name="notes" value="Bulk Upload" />
			<column name="optlock" valueNumeric="0" />
			<column name="group_id" />
			<column name="provisioning_status" />
			<column name="global" valueBoolean="true" />
		</insert>
		<insert tableName="asset">
			<column name="id" valueNumeric="9722" />
			<column name="identifier" value="8773775508" />
			<column name="create_datetime" valueDate="2014-10-22T23:19:22.635" />
			<column name="status_id" valueNumeric="10501" />
			<column name="entity_id" valueNumeric="1" />
			<column name="deleted" valueNumeric="0" />
			<column name="item_id" valueNumeric="320104" />
			<column name="order_line_id" />
			<column name="notes" value="Bulk Upload" />
			<column name="optlock" valueNumeric="0" />
			<column name="group_id" />
			<column name="provisioning_status" />
			<column name="global" valueBoolean="true" />
		</insert>
		<insert tableName="asset">
			<column name="id" valueNumeric="9723" />
			<column name="identifier" value="8773776484" />
			<column name="create_datetime" valueDate="2014-10-22T23:19:22.664" />
			<column name="status_id" valueNumeric="10501" />
			<column name="entity_id" valueNumeric="1" />
			<column name="deleted" valueNumeric="0" />
			<column name="item_id" valueNumeric="320104" />
			<column name="order_line_id" />
			<column name="notes" value="Bulk Upload" />
			<column name="optlock" valueNumeric="0" />
			<column name="group_id" />
			<column name="provisioning_status" />
			<column name="global" valueBoolean="true" />
		</insert>
		<insert tableName="asset">
			<column name="id" valueNumeric="9724" />
			<column name="identifier" value="8773777927" />
			<column name="create_datetime" valueDate="2014-10-22T23:19:22.670" />
			<column name="status_id" valueNumeric="10501" />
			<column name="entity_id" valueNumeric="1" />
			<column name="deleted" valueNumeric="0" />
			<column name="item_id" valueNumeric="320104" />
			<column name="order_line_id" />
			<column name="notes" value="Bulk Upload" />
			<column name="optlock" valueNumeric="0" />
			<column name="group_id" />
			<column name="provisioning_status" />
			<column name="global" valueBoolean="true" />
		</insert>
		<insert tableName="asset">
			<column name="id" valueNumeric="9725" />
			<column name="identifier" value="8773781421" />
			<column name="create_datetime" valueDate="2014-10-22T23:19:22.677" />
			<column name="status_id" valueNumeric="10501" />
			<column name="entity_id" valueNumeric="1" />
			<column name="deleted" valueNumeric="0" />
			<column name="item_id" valueNumeric="320104" />
			<column name="order_line_id" />
			<column name="notes" value="Bulk Upload" />
			<column name="optlock" valueNumeric="0" />
			<column name="group_id" />
			<column name="provisioning_status" />
			<column name="global" valueBoolean="true" />
		</insert>
		<insert tableName="asset">
			<column name="id" valueNumeric="9726" />
			<column name="identifier" value="8773781430" />
			<column name="create_datetime" valueDate="2014-10-22T23:19:22.692" />
			<column name="status_id" valueNumeric="10501" />
			<column name="entity_id" valueNumeric="1" />
			<column name="deleted" valueNumeric="0" />
			<column name="item_id" valueNumeric="320104" />
			<column name="order_line_id" />
			<column name="notes" value="Bulk Upload" />
			<column name="optlock" valueNumeric="0" />
			<column name="group_id" />
			<column name="provisioning_status" />
			<column name="global" valueBoolean="true" />
		</insert>
		<insert tableName="asset">
			<column name="id" valueNumeric="9727" />
			<column name="identifier" value="8773782677" />
			<column name="create_datetime" valueDate="2014-10-22T23:19:22.707" />
			<column name="status_id" valueNumeric="10501" />
			<column name="entity_id" valueNumeric="1" />
			<column name="deleted" valueNumeric="0" />
			<column name="item_id" valueNumeric="320104" />
			<column name="order_line_id" />
			<column name="notes" value="Bulk Upload" />
			<column name="optlock" valueNumeric="0" />
			<column name="group_id" />
			<column name="provisioning_status" />
			<column name="global" valueBoolean="true" />
		</insert>
		<insert tableName="asset">
			<column name="id" valueNumeric="9728" />
			<column name="identifier" value="8773784219" />
			<column name="create_datetime" valueDate="2014-10-22T23:19:22.731" />
			<column name="status_id" valueNumeric="10501" />
			<column name="entity_id" valueNumeric="1" />
			<column name="deleted" valueNumeric="0" />
			<column name="item_id" valueNumeric="320104" />
			<column name="order_line_id" />
			<column name="notes" value="Bulk Upload" />
			<column name="optlock" valueNumeric="0" />
			<column name="group_id" />
			<column name="provisioning_status" />
			<column name="global" valueBoolean="true" />
		</insert>
		<insert tableName="asset">
			<column name="id" valueNumeric="9729" />
			<column name="identifier" value="8773786230" />
			<column name="create_datetime" valueDate="2014-10-22T23:19:22.746" />
			<column name="status_id" valueNumeric="10501" />
			<column name="entity_id" valueNumeric="1" />
			<column name="deleted" valueNumeric="0" />
			<column name="item_id" valueNumeric="320104" />
			<column name="order_line_id" />
			<column name="notes" value="Bulk Upload" />
			<column name="optlock" valueNumeric="0" />
			<column name="group_id" />
			<column name="provisioning_status" />
			<column name="global" valueBoolean="true" />
		</insert>
		<insert tableName="asset">
			<column name="id" valueNumeric="9730" />
			<column name="identifier" value="8773788678" />
			<column name="create_datetime" valueDate="2014-10-22T23:19:22.798" />
			<column name="status_id" valueNumeric="10501" />
			<column name="entity_id" valueNumeric="1" />
			<column name="deleted" valueNumeric="0" />
			<column name="item_id" valueNumeric="320104" />
			<column name="order_line_id" />
			<column name="notes" value="Bulk Upload" />
			<column name="optlock" valueNumeric="0" />
			<column name="group_id" />
			<column name="provisioning_status" />
			<column name="global" valueBoolean="true" />
		</insert>
		<insert tableName="asset">
			<column name="id" valueNumeric="9731" />
			<column name="identifier" value="8773790333" />
			<column name="create_datetime" valueDate="2014-10-22T23:19:22.805" />
			<column name="status_id" valueNumeric="10501" />
			<column name="entity_id" valueNumeric="1" />
			<column name="deleted" valueNumeric="0" />
			<column name="item_id" valueNumeric="320104" />
			<column name="order_line_id" />
			<column name="notes" value="Bulk Upload" />
			<column name="optlock" valueNumeric="0" />
			<column name="group_id" />
			<column name="provisioning_status" />
			<column name="global" valueBoolean="true" />
		</insert>
		<insert tableName="asset">
			<column name="id" valueNumeric="9732" />
			<column name="identifier" value="8773791644" />
			<column name="create_datetime" valueDate="2014-10-22T23:19:22.811" />
			<column name="status_id" valueNumeric="10501" />
			<column name="entity_id" valueNumeric="1" />
			<column name="deleted" valueNumeric="0" />
			<column name="item_id" valueNumeric="320104" />
			<column name="order_line_id" />
			<column name="notes" value="Bulk Upload" />
			<column name="optlock" valueNumeric="0" />
			<column name="group_id" />
			<column name="provisioning_status" />
			<column name="global" valueBoolean="true" />
		</insert>
		<insert tableName="asset">
			<column name="id" valueNumeric="9733" />
			<column name="identifier" value="8773792201" />
			<column name="create_datetime" valueDate="2014-10-22T23:19:22.870" />
			<column name="status_id" valueNumeric="10501" />
			<column name="entity_id" valueNumeric="1" />
			<column name="deleted" valueNumeric="0" />
			<column name="item_id" valueNumeric="320104" />
			<column name="order_line_id" />
			<column name="notes" value="Bulk Upload" />
			<column name="optlock" valueNumeric="0" />
			<column name="group_id" />
			<column name="provisioning_status" />
			<column name="global" valueBoolean="true" />
		</insert>
		<insert tableName="asset">
			<column name="id" valueNumeric="9734" />
			<column name="identifier" value="8773795427" />
			<column name="create_datetime" valueDate="2014-10-22T23:19:22.878" />
			<column name="status_id" valueNumeric="10501" />
			<column name="entity_id" valueNumeric="1" />
			<column name="deleted" valueNumeric="0" />
			<column name="item_id" valueNumeric="320104" />
			<column name="order_line_id" />
			<column name="notes" value="Bulk Upload" />
			<column name="optlock" valueNumeric="0" />
			<column name="group_id" />
			<column name="provisioning_status" />
			<column name="global" valueBoolean="true" />
		</insert>
		<insert tableName="asset">
			<column name="id" valueNumeric="9735" />
			<column name="identifier" value="8773800404" />
			<column name="create_datetime" valueDate="2014-10-22T23:19:22.898" />
			<column name="status_id" valueNumeric="10501" />
			<column name="entity_id" valueNumeric="1" />
			<column name="deleted" valueNumeric="0" />
			<column name="item_id" valueNumeric="320104" />
			<column name="order_line_id" />
			<column name="notes" value="Bulk Upload" />
			<column name="optlock" valueNumeric="0" />
			<column name="group_id" />
			<column name="provisioning_status" />
			<column name="global" valueBoolean="true" />
		</insert>
		<insert tableName="asset">
			<column name="id" valueNumeric="9736" />
			<column name="identifier" value="8773803567" />
			<column name="create_datetime" valueDate="2014-10-22T23:19:22.905" />
			<column name="status_id" valueNumeric="10501" />
			<column name="entity_id" valueNumeric="1" />
			<column name="deleted" valueNumeric="0" />
			<column name="item_id" valueNumeric="320104" />
			<column name="order_line_id" />
			<column name="notes" value="Bulk Upload" />
			<column name="optlock" valueNumeric="0" />
			<column name="group_id" />
			<column name="provisioning_status" />
			<column name="global" valueBoolean="true" />
		</insert>
		<insert tableName="asset">
			<column name="id" valueNumeric="9737" />
			<column name="identifier" value="8773807932" />
			<column name="create_datetime" valueDate="2014-10-22T23:19:22.938" />
			<column name="status_id" valueNumeric="10501" />
			<column name="entity_id" valueNumeric="1" />
			<column name="deleted" valueNumeric="0" />
			<column name="item_id" valueNumeric="320104" />
			<column name="order_line_id" />
			<column name="notes" value="Bulk Upload" />
			<column name="optlock" valueNumeric="0" />
			<column name="group_id" />
			<column name="provisioning_status" />
			<column name="global" valueBoolean="true" />
		</insert>
		<insert tableName="asset">
			<column name="id" valueNumeric="9738" />
			<column name="identifier" value="8773809707" />
			<column name="create_datetime" valueDate="2014-10-22T23:19:22.972" />
			<column name="status_id" valueNumeric="10501" />
			<column name="entity_id" valueNumeric="1" />
			<column name="deleted" valueNumeric="0" />
			<column name="item_id" valueNumeric="320104" />
			<column name="order_line_id" />
			<column name="notes" value="Bulk Upload" />
			<column name="optlock" valueNumeric="0" />
			<column name="group_id" />
			<column name="provisioning_status" />
			<column name="global" valueBoolean="true" />
		</insert>
		<insert tableName="asset">
			<column name="id" valueNumeric="9739" />
			<column name="identifier" value="8773809962" />
			<column name="create_datetime" valueDate="2014-10-22T23:19:22.983" />
			<column name="status_id" valueNumeric="10501" />
			<column name="entity_id" valueNumeric="1" />
			<column name="deleted" valueNumeric="0" />
			<column name="item_id" valueNumeric="320104" />
			<column name="order_line_id" />
			<column name="notes" value="Bulk Upload" />
			<column name="optlock" valueNumeric="0" />
			<column name="group_id" />
			<column name="provisioning_status" />
			<column name="global" valueBoolean="true" />
		</insert>
		<insert tableName="asset">
			<column name="id" valueNumeric="9740" />
			<column name="identifier" value="8773810783" />
			<column name="create_datetime" valueDate="2014-10-22T23:19:22.990" />
			<column name="status_id" valueNumeric="10501" />
			<column name="entity_id" valueNumeric="1" />
			<column name="deleted" valueNumeric="0" />
			<column name="item_id" valueNumeric="320104" />
			<column name="order_line_id" />
			<column name="notes" value="Bulk Upload" />
			<column name="optlock" valueNumeric="0" />
			<column name="group_id" />
			<column name="provisioning_status" />
			<column name="global" valueBoolean="true" />
		</insert>
		<insert tableName="asset">
			<column name="id" valueNumeric="9741" />
			<column name="identifier" value="8773827562" />
			<column name="create_datetime" valueDate="2014-10-22T23:19:23.1" />
			<column name="status_id" valueNumeric="10501" />
			<column name="entity_id" valueNumeric="1" />
			<column name="deleted" valueNumeric="0" />
			<column name="item_id" valueNumeric="320104" />
			<column name="order_line_id" />
			<column name="notes" value="Bulk Upload" />
			<column name="optlock" valueNumeric="0" />
			<column name="group_id" />
			<column name="provisioning_status" />
			<column name="global" valueBoolean="true" />
		</insert>
		<insert tableName="asset">
			<column name="id" valueNumeric="9742" />
			<column name="identifier" value="8773829923" />
			<column name="create_datetime" valueDate="2014-10-22T23:19:23.7" />
			<column name="status_id" valueNumeric="10501" />
			<column name="entity_id" valueNumeric="1" />
			<column name="deleted" valueNumeric="0" />
			<column name="item_id" valueNumeric="320104" />
			<column name="order_line_id" />
			<column name="notes" value="Bulk Upload" />
			<column name="optlock" valueNumeric="0" />
			<column name="group_id" />
			<column name="provisioning_status" />
			<column name="global" valueBoolean="true" />
		</insert>
		<insert tableName="asset">
			<column name="id" valueNumeric="9743" />
			<column name="identifier" value="8773829924" />
			<column name="create_datetime" valueDate="2014-10-22T23:19:23.18" />
			<column name="status_id" valueNumeric="10501" />
			<column name="entity_id" valueNumeric="1" />
			<column name="deleted" valueNumeric="0" />
			<column name="item_id" valueNumeric="320104" />
			<column name="order_line_id" />
			<column name="notes" value="Bulk Upload" />
			<column name="optlock" valueNumeric="0" />
			<column name="group_id" />
			<column name="provisioning_status" />
			<column name="global" valueBoolean="true" />
		</insert>
		<insert tableName="asset">
			<column name="id" valueNumeric="9744" />
			<column name="identifier" value="8773829958" />
			<column name="create_datetime" valueDate="2014-10-22T23:19:23.24" />
			<column name="status_id" valueNumeric="10501" />
			<column name="entity_id" valueNumeric="1" />
			<column name="deleted" valueNumeric="0" />
			<column name="item_id" valueNumeric="320104" />
			<column name="order_line_id" />
			<column name="notes" value="Bulk Upload" />
			<column name="optlock" valueNumeric="0" />
			<column name="group_id" />
			<column name="provisioning_status" />
			<column name="global" valueBoolean="true" />
		</insert>
		<insert tableName="asset">
			<column name="id" valueNumeric="9745" />
			<column name="identifier" value="8773831044" />
			<column name="create_datetime" valueDate="2014-10-22T23:19:23.36" />
			<column name="status_id" valueNumeric="10501" />
			<column name="entity_id" valueNumeric="1" />
			<column name="deleted" valueNumeric="0" />
			<column name="item_id" valueNumeric="320104" />
			<column name="order_line_id" />
			<column name="notes" value="Bulk Upload" />
			<column name="optlock" valueNumeric="0" />
			<column name="group_id" />
			<column name="provisioning_status" />
			<column name="global" valueBoolean="true" />
		</insert>
		<insert tableName="asset">
			<column name="id" valueNumeric="9746" />
			<column name="identifier" value="8773831130" />
			<column name="create_datetime" valueDate="2014-10-22T23:19:23.52" />
			<column name="status_id" valueNumeric="10501" />
			<column name="entity_id" valueNumeric="1" />
			<column name="deleted" valueNumeric="0" />
			<column name="item_id" valueNumeric="320104" />
			<column name="order_line_id" />
			<column name="notes" value="Bulk Upload" />
			<column name="optlock" valueNumeric="0" />
			<column name="group_id" />
			<column name="provisioning_status" />
			<column name="global" valueBoolean="true" />
		</insert>
		<insert tableName="asset">
			<column name="id" valueNumeric="9747" />
			<column name="identifier" value="8773835738" />
			<column name="create_datetime" valueDate="2014-10-22T23:19:23.67" />
			<column name="status_id" valueNumeric="10501" />
			<column name="entity_id" valueNumeric="1" />
			<column name="deleted" valueNumeric="0" />
			<column name="item_id" valueNumeric="320104" />
			<column name="order_line_id" />
			<column name="notes" value="Bulk Upload" />
			<column name="optlock" valueNumeric="0" />
			<column name="group_id" />
			<column name="provisioning_status" />
			<column name="global" valueBoolean="true" />
		</insert>
		<insert tableName="asset">
			<column name="id" valueNumeric="9748" />
			<column name="identifier" value="8773835831" />
			<column name="create_datetime" valueDate="2014-10-22T23:19:23.207" />
			<column name="status_id" valueNumeric="10501" />
			<column name="entity_id" valueNumeric="1" />
			<column name="deleted" valueNumeric="0" />
			<column name="item_id" valueNumeric="320104" />
			<column name="order_line_id" />
			<column name="notes" value="Bulk Upload" />
			<column name="optlock" valueNumeric="0" />
			<column name="group_id" />
			<column name="provisioning_status" />
			<column name="global" valueBoolean="true" />
		</insert>
		<insert tableName="asset">
			<column name="id" valueNumeric="9749" />
			<column name="identifier" value="8773839712" />
			<column name="create_datetime" valueDate="2014-10-22T23:19:23.214" />
			<column name="status_id" valueNumeric="10501" />
			<column name="entity_id" valueNumeric="1" />
			<column name="deleted" valueNumeric="0" />
			<column name="item_id" valueNumeric="320104" />
			<column name="order_line_id" />
			<column name="notes" value="Bulk Upload" />
			<column name="optlock" valueNumeric="0" />
			<column name="group_id" />
			<column name="provisioning_status" />
			<column name="global" valueBoolean="true" />
		</insert>
		<insert tableName="asset">
			<column name="id" valueNumeric="9750" />
			<column name="identifier" value="8773839814" />
			<column name="create_datetime" valueDate="2014-10-22T23:19:23.221" />
			<column name="status_id" valueNumeric="10501" />
			<column name="entity_id" valueNumeric="1" />
			<column name="deleted" valueNumeric="0" />
			<column name="item_id" valueNumeric="320104" />
			<column name="order_line_id" />
			<column name="notes" value="Bulk Upload" />
			<column name="optlock" valueNumeric="0" />
			<column name="group_id" />
			<column name="provisioning_status" />
			<column name="global" valueBoolean="true" />
		</insert>
		<insert tableName="asset">
			<column name="id" valueNumeric="9751" />
			<column name="identifier" value="8773844058" />
			<column name="create_datetime" valueDate="2014-10-22T23:19:23.240" />
			<column name="status_id" valueNumeric="10501" />
			<column name="entity_id" valueNumeric="1" />
			<column name="deleted" valueNumeric="0" />
			<column name="item_id" valueNumeric="320104" />
			<column name="order_line_id" />
			<column name="notes" value="Bulk Upload" />
			<column name="optlock" valueNumeric="0" />
			<column name="group_id" />
			<column name="provisioning_status" />
			<column name="global" valueBoolean="true" />
		</insert>
		<insert tableName="asset">
			<column name="id" valueNumeric="9752" />
			<column name="identifier" value="8773846928" />
			<column name="create_datetime" valueDate="2014-10-22T23:19:23.246" />
			<column name="status_id" valueNumeric="10501" />
			<column name="entity_id" valueNumeric="1" />
			<column name="deleted" valueNumeric="0" />
			<column name="item_id" valueNumeric="320104" />
			<column name="order_line_id" />
			<column name="notes" value="Bulk Upload" />
			<column name="optlock" valueNumeric="0" />
			<column name="group_id" />
			<column name="provisioning_status" />
			<column name="global" valueBoolean="true" />
		</insert>
		<insert tableName="asset">
			<column name="id" valueNumeric="9753" />
			<column name="identifier" value="8773852163" />
			<column name="create_datetime" valueDate="2014-10-22T23:19:23.263" />
			<column name="status_id" valueNumeric="10501" />
			<column name="entity_id" valueNumeric="1" />
			<column name="deleted" valueNumeric="0" />
			<column name="item_id" valueNumeric="320104" />
			<column name="order_line_id" />
			<column name="notes" value="Bulk Upload" />
			<column name="optlock" valueNumeric="0" />
			<column name="group_id" />
			<column name="provisioning_status" />
			<column name="global" valueBoolean="true" />
		</insert>
		<insert tableName="asset">
			<column name="id" valueNumeric="9754" />
			<column name="identifier" value="8773854279" />
			<column name="create_datetime" valueDate="2014-10-22T23:19:23.297" />
			<column name="status_id" valueNumeric="10501" />
			<column name="entity_id" valueNumeric="1" />
			<column name="deleted" valueNumeric="0" />
			<column name="item_id" valueNumeric="320104" />
			<column name="order_line_id" />
			<column name="notes" value="Bulk Upload" />
			<column name="optlock" valueNumeric="0" />
			<column name="group_id" />
			<column name="provisioning_status" />
			<column name="global" valueBoolean="true" />
		</insert>
		<insert tableName="asset">
			<column name="id" valueNumeric="9755" />
			<column name="identifier" value="8773857934" />
			<column name="create_datetime" valueDate="2014-10-22T23:19:23.363" />
			<column name="status_id" valueNumeric="10501" />
			<column name="entity_id" valueNumeric="1" />
			<column name="deleted" valueNumeric="0" />
			<column name="item_id" valueNumeric="320104" />
			<column name="order_line_id" />
			<column name="notes" value="Bulk Upload" />
			<column name="optlock" valueNumeric="0" />
			<column name="group_id" />
			<column name="provisioning_status" />
			<column name="global" valueBoolean="true" />
		</insert>
		<insert tableName="asset">
			<column name="id" valueNumeric="9756" />
			<column name="identifier" value="8773857937" />
			<column name="create_datetime" valueDate="2014-10-22T23:19:23.375" />
			<column name="status_id" valueNumeric="10501" />
			<column name="entity_id" valueNumeric="1" />
			<column name="deleted" valueNumeric="0" />
			<column name="item_id" valueNumeric="320104" />
			<column name="order_line_id" />
			<column name="notes" value="Bulk Upload" />
			<column name="optlock" valueNumeric="0" />
			<column name="group_id" />
			<column name="provisioning_status" />
			<column name="global" valueBoolean="true" />
		</insert>
		<insert tableName="asset">
			<column name="id" valueNumeric="9757" />
			<column name="identifier" value="8773859937" />
			<column name="create_datetime" valueDate="2014-10-22T23:19:23.390" />
			<column name="status_id" valueNumeric="10501" />
			<column name="entity_id" valueNumeric="1" />
			<column name="deleted" valueNumeric="0" />
			<column name="item_id" valueNumeric="320104" />
			<column name="order_line_id" />
			<column name="notes" value="Bulk Upload" />
			<column name="optlock" valueNumeric="0" />
			<column name="group_id" />
			<column name="provisioning_status" />
			<column name="global" valueBoolean="true" />
		</insert>
		<insert tableName="asset">
			<column name="id" valueNumeric="9758" />
			<column name="identifier" value="8773862605" />
			<column name="create_datetime" valueDate="2014-10-22T23:19:23.400" />
			<column name="status_id" valueNumeric="10501" />
			<column name="entity_id" valueNumeric="1" />
			<column name="deleted" valueNumeric="0" />
			<column name="item_id" valueNumeric="320104" />
			<column name="order_line_id" />
			<column name="notes" value="Bulk Upload" />
			<column name="optlock" valueNumeric="0" />
			<column name="group_id" />
			<column name="provisioning_status" />
			<column name="global" valueBoolean="true" />
		</insert>
		<insert tableName="asset">
			<column name="id" valueNumeric="9759" />
			<column name="identifier" value="8773865223" />
			<column name="create_datetime" valueDate="2014-10-22T23:19:23.430" />
			<column name="status_id" valueNumeric="10501" />
			<column name="entity_id" valueNumeric="1" />
			<column name="deleted" valueNumeric="0" />
			<column name="item_id" valueNumeric="320104" />
			<column name="order_line_id" />
			<column name="notes" value="Bulk Upload" />
			<column name="optlock" valueNumeric="0" />
			<column name="group_id" />
			<column name="provisioning_status" />
			<column name="global" valueBoolean="true" />
		</insert>
		<insert tableName="asset">
			<column name="id" valueNumeric="9760" />
			<column name="identifier" value="8773865763" />
			<column name="create_datetime" valueDate="2014-10-22T23:19:23.436" />
			<column name="status_id" valueNumeric="10501" />
			<column name="entity_id" valueNumeric="1" />
			<column name="deleted" valueNumeric="0" />
			<column name="item_id" valueNumeric="320104" />
			<column name="order_line_id" />
			<column name="notes" value="Bulk Upload" />
			<column name="optlock" valueNumeric="0" />
			<column name="group_id" />
			<column name="provisioning_status" />
			<column name="global" valueBoolean="true" />
		</insert>
		<insert tableName="asset">
			<column name="id" valueNumeric="9761" />
			<column name="identifier" value="8773867133" />
			<column name="create_datetime" valueDate="2014-10-22T23:19:23.452" />
			<column name="status_id" valueNumeric="10501" />
			<column name="entity_id" valueNumeric="1" />
			<column name="deleted" valueNumeric="0" />
			<column name="item_id" valueNumeric="320104" />
			<column name="order_line_id" />
			<column name="notes" value="Bulk Upload" />
			<column name="optlock" valueNumeric="0" />
			<column name="group_id" />
			<column name="provisioning_status" />
			<column name="global" valueBoolean="true" />
		</insert>
		<insert tableName="asset">
			<column name="id" valueNumeric="9762" />
			<column name="identifier" value="8773867402" />
			<column name="create_datetime" valueDate="2014-10-22T23:19:23.536" />
			<column name="status_id" valueNumeric="10501" />
			<column name="entity_id" valueNumeric="1" />
			<column name="deleted" valueNumeric="0" />
			<column name="item_id" valueNumeric="320104" />
			<column name="order_line_id" />
			<column name="notes" value="Bulk Upload" />
			<column name="optlock" valueNumeric="0" />
			<column name="group_id" />
			<column name="provisioning_status" />
			<column name="global" valueBoolean="true" />
		</insert>
		<insert tableName="asset">
			<column name="id" valueNumeric="9763" />
			<column name="identifier" value="8773867878" />
			<column name="create_datetime" valueDate="2014-10-22T23:19:23.574" />
			<column name="status_id" valueNumeric="10501" />
			<column name="entity_id" valueNumeric="1" />
			<column name="deleted" valueNumeric="0" />
			<column name="item_id" valueNumeric="320104" />
			<column name="order_line_id" />
			<column name="notes" value="Bulk Upload" />
			<column name="optlock" valueNumeric="0" />
			<column name="group_id" />
			<column name="provisioning_status" />
			<column name="global" valueBoolean="true" />
		</insert>
		<insert tableName="asset">
			<column name="id" valueNumeric="9764" />
			<column name="identifier" value="8773868237" />
			<column name="create_datetime" valueDate="2014-10-22T23:19:23.593" />
			<column name="status_id" valueNumeric="10501" />
			<column name="entity_id" valueNumeric="1" />
			<column name="deleted" valueNumeric="0" />
			<column name="item_id" valueNumeric="320104" />
			<column name="order_line_id" />
			<column name="notes" value="Bulk Upload" />
			<column name="optlock" valueNumeric="0" />
			<column name="group_id" />
			<column name="provisioning_status" />
			<column name="global" valueBoolean="true" />
		</insert>
		<insert tableName="asset">
			<column name="id" valueNumeric="9765" />
			<column name="identifier" value="8773868277" />
			<column name="create_datetime" valueDate="2014-10-22T23:19:23.604" />
			<column name="status_id" valueNumeric="10501" />
			<column name="entity_id" valueNumeric="1" />
			<column name="deleted" valueNumeric="0" />
			<column name="item_id" valueNumeric="320104" />
			<column name="order_line_id" />
			<column name="notes" value="Bulk Upload" />
			<column name="optlock" valueNumeric="0" />
			<column name="group_id" />
			<column name="provisioning_status" />
			<column name="global" valueBoolean="true" />
		</insert>
		<insert tableName="asset">
			<column name="id" valueNumeric="9766" />
			<column name="identifier" value="8773868374" />
			<column name="create_datetime" valueDate="2014-10-22T23:19:23.619" />
			<column name="status_id" valueNumeric="10501" />
			<column name="entity_id" valueNumeric="1" />
			<column name="deleted" valueNumeric="0" />
			<column name="item_id" valueNumeric="320104" />
			<column name="order_line_id" />
			<column name="notes" value="Bulk Upload" />
			<column name="optlock" valueNumeric="0" />
			<column name="group_id" />
			<column name="provisioning_status" />
			<column name="global" valueBoolean="true" />
		</insert>
		<insert tableName="asset">
			<column name="id" valueNumeric="9767" />
			<column name="identifier" value="8773869878" />
			<column name="create_datetime" valueDate="2014-10-22T23:19:23.625" />
			<column name="status_id" valueNumeric="10501" />
			<column name="entity_id" valueNumeric="1" />
			<column name="deleted" valueNumeric="0" />
			<column name="item_id" valueNumeric="320104" />
			<column name="order_line_id" />
			<column name="notes" value="Bulk Upload" />
			<column name="optlock" valueNumeric="0" />
			<column name="group_id" />
			<column name="provisioning_status" />
			<column name="global" valueBoolean="true" />
		</insert>
		<insert tableName="asset">
			<column name="id" valueNumeric="9768" />
			<column name="identifier" value="8773870009" />
			<column name="create_datetime" valueDate="2014-10-22T23:19:23.635" />
			<column name="status_id" valueNumeric="10501" />
			<column name="entity_id" valueNumeric="1" />
			<column name="deleted" valueNumeric="0" />
			<column name="item_id" valueNumeric="320104" />
			<column name="order_line_id" />
			<column name="notes" value="Bulk Upload" />
			<column name="optlock" valueNumeric="0" />
			<column name="group_id" />
			<column name="provisioning_status" />
			<column name="global" valueBoolean="true" />
		</insert>
		<insert tableName="asset">
			<column name="id" valueNumeric="9769" />
			<column name="identifier" value="8773870318" />
			<column name="create_datetime" valueDate="2014-10-22T23:19:23.642" />
			<column name="status_id" valueNumeric="10501" />
			<column name="entity_id" valueNumeric="1" />
			<column name="deleted" valueNumeric="0" />
			<column name="item_id" valueNumeric="320104" />
			<column name="order_line_id" />
			<column name="notes" value="Bulk Upload" />
			<column name="optlock" valueNumeric="0" />
			<column name="group_id" />
			<column name="provisioning_status" />
			<column name="global" valueBoolean="true" />
		</insert>
		<insert tableName="asset">
			<column name="id" valueNumeric="9770" />
			<column name="identifier" value="8773870408" />
			<column name="create_datetime" valueDate="2014-10-22T23:19:23.675" />
			<column name="status_id" valueNumeric="10501" />
			<column name="entity_id" valueNumeric="1" />
			<column name="deleted" valueNumeric="0" />
			<column name="item_id" valueNumeric="320104" />
			<column name="order_line_id" />
			<column name="notes" value="Bulk Upload" />
			<column name="optlock" valueNumeric="0" />
			<column name="group_id" />
			<column name="provisioning_status" />
			<column name="global" valueBoolean="true" />
		</insert>
		<insert tableName="asset">
			<column name="id" valueNumeric="9771" />
			<column name="identifier" value="8773870459" />
			<column name="create_datetime" valueDate="2014-10-22T23:19:23.686" />
			<column name="status_id" valueNumeric="10501" />
			<column name="entity_id" valueNumeric="1" />
			<column name="deleted" valueNumeric="0" />
			<column name="item_id" valueNumeric="320104" />
			<column name="order_line_id" />
			<column name="notes" value="Bulk Upload" />
			<column name="optlock" valueNumeric="0" />
			<column name="group_id" />
			<column name="provisioning_status" />
			<column name="global" valueBoolean="true" />
		</insert>
		<insert tableName="asset">
			<column name="id" valueNumeric="9772" />
			<column name="identifier" value="8773870526" />
			<column name="create_datetime" valueDate="2014-10-22T23:19:23.696" />
			<column name="status_id" valueNumeric="10501" />
			<column name="entity_id" valueNumeric="1" />
			<column name="deleted" valueNumeric="0" />
			<column name="item_id" valueNumeric="320104" />
			<column name="order_line_id" />
			<column name="notes" value="Bulk Upload" />
			<column name="optlock" valueNumeric="0" />
			<column name="group_id" />
			<column name="provisioning_status" />
			<column name="global" valueBoolean="true" />
		</insert>
		<insert tableName="asset">
			<column name="id" valueNumeric="9773" />
			<column name="identifier" value="8773870689" />
			<column name="create_datetime" valueDate="2014-10-22T23:19:23.703" />
			<column name="status_id" valueNumeric="10501" />
			<column name="entity_id" valueNumeric="1" />
			<column name="deleted" valueNumeric="0" />
			<column name="item_id" valueNumeric="320104" />
			<column name="order_line_id" />
			<column name="notes" value="Bulk Upload" />
			<column name="optlock" valueNumeric="0" />
			<column name="group_id" />
			<column name="provisioning_status" />
			<column name="global" valueBoolean="true" />
		</insert>
		<insert tableName="asset">
			<column name="id" valueNumeric="9774" />
			<column name="identifier" value="8773871454" />
			<column name="create_datetime" valueDate="2014-10-22T23:19:23.717" />
			<column name="status_id" valueNumeric="10501" />
			<column name="entity_id" valueNumeric="1" />
			<column name="deleted" valueNumeric="0" />
			<column name="item_id" valueNumeric="320104" />
			<column name="order_line_id" />
			<column name="notes" value="Bulk Upload" />
			<column name="optlock" valueNumeric="0" />
			<column name="group_id" />
			<column name="provisioning_status" />
			<column name="global" valueBoolean="true" />
		</insert>
		<insert tableName="asset">
			<column name="id" valueNumeric="9775" />
			<column name="identifier" value="8773874740" />
			<column name="create_datetime" valueDate="2014-10-22T23:19:23.745" />
			<column name="status_id" valueNumeric="10501" />
			<column name="entity_id" valueNumeric="1" />
			<column name="deleted" valueNumeric="0" />
			<column name="item_id" valueNumeric="320104" />
			<column name="order_line_id" />
			<column name="notes" value="Bulk Upload" />
			<column name="optlock" valueNumeric="0" />
			<column name="group_id" />
			<column name="provisioning_status" />
			<column name="global" valueBoolean="true" />
		</insert>
		<insert tableName="asset">
			<column name="id" valueNumeric="9776" />
			<column name="identifier" value="8773874746" />
			<column name="create_datetime" valueDate="2014-10-22T23:19:23.751" />
			<column name="status_id" valueNumeric="10501" />
			<column name="entity_id" valueNumeric="1" />
			<column name="deleted" valueNumeric="0" />
			<column name="item_id" valueNumeric="320104" />
			<column name="order_line_id" />
			<column name="notes" value="Bulk Upload" />
			<column name="optlock" valueNumeric="0" />
			<column name="group_id" />
			<column name="provisioning_status" />
			<column name="global" valueBoolean="true" />
		</insert>
		<insert tableName="asset">
			<column name="id" valueNumeric="9777" />
			<column name="identifier" value="8773880237" />
			<column name="create_datetime" valueDate="2014-10-22T23:19:23.766" />
			<column name="status_id" valueNumeric="10501" />
			<column name="entity_id" valueNumeric="1" />
			<column name="deleted" valueNumeric="0" />
			<column name="item_id" valueNumeric="320104" />
			<column name="order_line_id" />
			<column name="notes" value="Bulk Upload" />
			<column name="optlock" valueNumeric="0" />
			<column name="group_id" />
			<column name="provisioning_status" />
			<column name="global" valueBoolean="true" />
		</insert>
		<insert tableName="asset">
			<column name="id" valueNumeric="9778" />
			<column name="identifier" value="8773882766" />
			<column name="create_datetime" valueDate="2014-10-22T23:19:23.833" />
			<column name="status_id" valueNumeric="10501" />
			<column name="entity_id" valueNumeric="1" />
			<column name="deleted" valueNumeric="0" />
			<column name="item_id" valueNumeric="320104" />
			<column name="order_line_id" />
			<column name="notes" value="Bulk Upload" />
			<column name="optlock" valueNumeric="0" />
			<column name="group_id" />
			<column name="provisioning_status" />
			<column name="global" valueBoolean="true" />
		</insert>
		<insert tableName="asset">
			<column name="id" valueNumeric="9779" />
			<column name="identifier" value="8773886235" />
			<column name="create_datetime" valueDate="2014-10-22T23:19:23.853" />
			<column name="status_id" valueNumeric="10501" />
			<column name="entity_id" valueNumeric="1" />
			<column name="deleted" valueNumeric="0" />
			<column name="item_id" valueNumeric="320104" />
			<column name="order_line_id" />
			<column name="notes" value="Bulk Upload" />
			<column name="optlock" valueNumeric="0" />
			<column name="group_id" />
			<column name="provisioning_status" />
			<column name="global" valueBoolean="true" />
		</insert>
		<insert tableName="asset">
			<column name="id" valueNumeric="9780" />
			<column name="identifier" value="8773886718" />
			<column name="create_datetime" valueDate="2014-10-22T23:19:23.864" />
			<column name="status_id" valueNumeric="10501" />
			<column name="entity_id" valueNumeric="1" />
			<column name="deleted" valueNumeric="0" />
			<column name="item_id" valueNumeric="320104" />
			<column name="order_line_id" />
			<column name="notes" value="Bulk Upload" />
			<column name="optlock" valueNumeric="0" />
			<column name="group_id" />
			<column name="provisioning_status" />
			<column name="global" valueBoolean="true" />
		</insert>
		<insert tableName="asset">
			<column name="id" valueNumeric="9781" />
			<column name="identifier" value="8773886775" />
			<column name="create_datetime" valueDate="2014-10-22T23:19:23.874" />
			<column name="status_id" valueNumeric="10501" />
			<column name="entity_id" valueNumeric="1" />
			<column name="deleted" valueNumeric="0" />
			<column name="item_id" valueNumeric="320104" />
			<column name="order_line_id" />
			<column name="notes" value="Bulk Upload" />
			<column name="optlock" valueNumeric="0" />
			<column name="group_id" />
			<column name="provisioning_status" />
			<column name="global" valueBoolean="true" />
		</insert>
		<insert tableName="asset">
			<column name="id" valueNumeric="9782" />
			<column name="identifier" value="8773887273" />
			<column name="create_datetime" valueDate="2014-10-22T23:19:23.881" />
			<column name="status_id" valueNumeric="10501" />
			<column name="entity_id" valueNumeric="1" />
			<column name="deleted" valueNumeric="0" />
			<column name="item_id" valueNumeric="320104" />
			<column name="order_line_id" />
			<column name="notes" value="Bulk Upload" />
			<column name="optlock" valueNumeric="0" />
			<column name="group_id" />
			<column name="provisioning_status" />
			<column name="global" valueBoolean="true" />
		</insert>
		<insert tableName="asset">
			<column name="id" valueNumeric="9783" />
			<column name="identifier" value="8773887275" />
			<column name="create_datetime" valueDate="2014-10-22T23:19:23.891" />
			<column name="status_id" valueNumeric="10501" />
			<column name="entity_id" valueNumeric="1" />
			<column name="deleted" valueNumeric="0" />
			<column name="item_id" valueNumeric="320104" />
			<column name="order_line_id" />
			<column name="notes" value="Bulk Upload" />
			<column name="optlock" valueNumeric="0" />
			<column name="group_id" />
			<column name="provisioning_status" />
			<column name="global" valueBoolean="true" />
		</insert>
		<insert tableName="asset">
			<column name="id" valueNumeric="9784" />
			<column name="identifier" value="8773887666" />
			<column name="create_datetime" valueDate="2014-10-22T23:19:23.916" />
			<column name="status_id" valueNumeric="10501" />
			<column name="entity_id" valueNumeric="1" />
			<column name="deleted" valueNumeric="0" />
			<column name="item_id" valueNumeric="320104" />
			<column name="order_line_id" />
			<column name="notes" value="Bulk Upload" />
			<column name="optlock" valueNumeric="0" />
			<column name="group_id" />
			<column name="provisioning_status" />
			<column name="global" valueBoolean="true" />
		</insert>
		<insert tableName="asset">
			<column name="id" valueNumeric="9785" />
			<column name="identifier" value="8773887685" />
			<column name="create_datetime" valueDate="2014-10-22T23:19:23.974" />
			<column name="status_id" valueNumeric="10501" />
			<column name="entity_id" valueNumeric="1" />
			<column name="deleted" valueNumeric="0" />
			<column name="item_id" valueNumeric="320104" />
			<column name="order_line_id" />
			<column name="notes" value="Bulk Upload" />
			<column name="optlock" valueNumeric="0" />
			<column name="group_id" />
			<column name="provisioning_status" />
			<column name="global" valueBoolean="true" />
		</insert>
		<insert tableName="asset">
			<column name="id" valueNumeric="9786" />
			<column name="identifier" value="8773888225" />
			<column name="create_datetime" valueDate="2014-10-22T23:19:23.980" />
			<column name="status_id" valueNumeric="10501" />
			<column name="entity_id" valueNumeric="1" />
			<column name="deleted" valueNumeric="0" />
			<column name="item_id" valueNumeric="320104" />
			<column name="order_line_id" />
			<column name="notes" value="Bulk Upload" />
			<column name="optlock" valueNumeric="0" />
			<column name="group_id" />
			<column name="provisioning_status" />
			<column name="global" valueBoolean="true" />
		</insert>
		<insert tableName="asset">
			<column name="id" valueNumeric="9787" />
			<column name="identifier" value="8773890607" />
			<column name="create_datetime" valueDate="2014-10-22T23:19:23.987" />
			<column name="status_id" valueNumeric="10501" />
			<column name="entity_id" valueNumeric="1" />
			<column name="deleted" valueNumeric="0" />
			<column name="item_id" valueNumeric="320104" />
			<column name="order_line_id" />
			<column name="notes" value="Bulk Upload" />
			<column name="optlock" valueNumeric="0" />
			<column name="group_id" />
			<column name="provisioning_status" />
			<column name="global" valueBoolean="true" />
		</insert>
		<insert tableName="asset">
			<column name="id" valueNumeric="9788" />
			<column name="identifier" value="8773890809" />
			<column name="create_datetime" valueDate="2014-10-22T23:19:23.997" />
			<column name="status_id" valueNumeric="10501" />
			<column name="entity_id" valueNumeric="1" />
			<column name="deleted" valueNumeric="0" />
			<column name="item_id" valueNumeric="320104" />
			<column name="order_line_id" />
			<column name="notes" value="Bulk Upload" />
			<column name="optlock" valueNumeric="0" />
			<column name="group_id" />
			<column name="provisioning_status" />
			<column name="global" valueBoolean="true" />
		</insert>
		<insert tableName="asset">
			<column name="id" valueNumeric="9789" />
			<column name="identifier" value="8773890814" />
			<column name="create_datetime" valueDate="2014-10-22T23:19:24.17" />
			<column name="status_id" valueNumeric="10501" />
			<column name="entity_id" valueNumeric="1" />
			<column name="deleted" valueNumeric="0" />
			<column name="item_id" valueNumeric="320104" />
			<column name="order_line_id" />
			<column name="notes" value="Bulk Upload" />
			<column name="optlock" valueNumeric="0" />
			<column name="group_id" />
			<column name="provisioning_status" />
			<column name="global" valueBoolean="true" />
		</insert>
		<insert tableName="asset">
			<column name="id" valueNumeric="9790" />
			<column name="identifier" value="8773890815" />
			<column name="create_datetime" valueDate="2014-10-22T23:19:24.62" />
			<column name="status_id" valueNumeric="10501" />
			<column name="entity_id" valueNumeric="1" />
			<column name="deleted" valueNumeric="0" />
			<column name="item_id" valueNumeric="320104" />
			<column name="order_line_id" />
			<column name="notes" value="Bulk Upload" />
			<column name="optlock" valueNumeric="0" />
			<column name="group_id" />
			<column name="provisioning_status" />
			<column name="global" valueBoolean="true" />
		</insert>
		<insert tableName="asset">
			<column name="id" valueNumeric="9791" />
			<column name="identifier" value="8773892893" />
			<column name="create_datetime" valueDate="2014-10-22T23:19:24.68" />
			<column name="status_id" valueNumeric="10501" />
			<column name="entity_id" valueNumeric="1" />
			<column name="deleted" valueNumeric="0" />
			<column name="item_id" valueNumeric="320104" />
			<column name="order_line_id" />
			<column name="notes" value="Bulk Upload" />
			<column name="optlock" valueNumeric="0" />
			<column name="group_id" />
			<column name="provisioning_status" />
			<column name="global" valueBoolean="true" />
		</insert>
		<insert tableName="asset">
			<column name="id" valueNumeric="9792" />
			<column name="identifier" value="8773892896" />
			<column name="create_datetime" valueDate="2014-10-22T23:19:24.97" />
			<column name="status_id" valueNumeric="10501" />
			<column name="entity_id" valueNumeric="1" />
			<column name="deleted" valueNumeric="0" />
			<column name="item_id" valueNumeric="320104" />
			<column name="order_line_id" />
			<column name="notes" value="Bulk Upload" />
			<column name="optlock" valueNumeric="0" />
			<column name="group_id" />
			<column name="provisioning_status" />
			<column name="global" valueBoolean="true" />
		</insert>
		<insert tableName="asset">
			<column name="id" valueNumeric="9793" />
			<column name="identifier" value="8773899768" />
			<column name="create_datetime" valueDate="2014-10-22T23:19:24.112" />
			<column name="status_id" valueNumeric="10501" />
			<column name="entity_id" valueNumeric="1" />
			<column name="deleted" valueNumeric="0" />
			<column name="item_id" valueNumeric="320104" />
			<column name="order_line_id" />
			<column name="notes" value="Bulk Upload" />
			<column name="optlock" valueNumeric="0" />
			<column name="group_id" />
			<column name="provisioning_status" />
			<column name="global" valueBoolean="true" />
		</insert>
		<insert tableName="asset">
			<column name="id" valueNumeric="9794" />
			<column name="identifier" value="8773899841" />
			<column name="create_datetime" valueDate="2014-10-22T23:19:24.118" />
			<column name="status_id" valueNumeric="10501" />
			<column name="entity_id" valueNumeric="1" />
			<column name="deleted" valueNumeric="0" />
			<column name="item_id" valueNumeric="320104" />
			<column name="order_line_id" />
			<column name="notes" value="Bulk Upload" />
			<column name="optlock" valueNumeric="0" />
			<column name="group_id" />
			<column name="provisioning_status" />
			<column name="global" valueBoolean="true" />
		</insert>
		<insert tableName="asset">
			<column name="id" valueNumeric="9795" />
			<column name="identifier" value="8773901741" />
			<column name="create_datetime" valueDate="2014-10-22T23:19:24.125" />
			<column name="status_id" valueNumeric="10501" />
			<column name="entity_id" valueNumeric="1" />
			<column name="deleted" valueNumeric="0" />
			<column name="item_id" valueNumeric="320104" />
			<column name="order_line_id" />
			<column name="notes" value="Bulk Upload" />
			<column name="optlock" valueNumeric="0" />
			<column name="group_id" />
			<column name="provisioning_status" />
			<column name="global" valueBoolean="true" />
		</insert>
		<insert tableName="asset">
			<column name="id" valueNumeric="9796" />
			<column name="identifier" value="8773902394" />
			<column name="create_datetime" valueDate="2014-10-22T23:19:24.148" />
			<column name="status_id" valueNumeric="10501" />
			<column name="entity_id" valueNumeric="1" />
			<column name="deleted" valueNumeric="0" />
			<column name="item_id" valueNumeric="320104" />
			<column name="order_line_id" />
			<column name="notes" value="Bulk Upload" />
			<column name="optlock" valueNumeric="0" />
			<column name="group_id" />
			<column name="provisioning_status" />
			<column name="global" valueBoolean="true" />
		</insert>
		<insert tableName="asset">
			<column name="id" valueNumeric="9797" />
			<column name="identifier" value="8773902592" />
			<column name="create_datetime" valueDate="2014-10-22T23:19:24.163" />
			<column name="status_id" valueNumeric="10501" />
			<column name="entity_id" valueNumeric="1" />
			<column name="deleted" valueNumeric="0" />
			<column name="item_id" valueNumeric="320104" />
			<column name="order_line_id" />
			<column name="notes" value="Bulk Upload" />
			<column name="optlock" valueNumeric="0" />
			<column name="group_id" />
			<column name="provisioning_status" />
			<column name="global" valueBoolean="true" />
		</insert>
		<insert tableName="asset">
			<column name="id" valueNumeric="9798" />
			<column name="identifier" value="8773906466" />
			<column name="create_datetime" valueDate="2014-10-22T23:19:24.183" />
			<column name="status_id" valueNumeric="10501" />
			<column name="entity_id" valueNumeric="1" />
			<column name="deleted" valueNumeric="0" />
			<column name="item_id" valueNumeric="320104" />
			<column name="order_line_id" />
			<column name="notes" value="Bulk Upload" />
			<column name="optlock" valueNumeric="0" />
			<column name="group_id" />
			<column name="provisioning_status" />
			<column name="global" valueBoolean="true" />
		</insert>
		<insert tableName="asset">
			<column name="id" valueNumeric="9799" />
			<column name="identifier" value="8773906473" />
			<column name="create_datetime" valueDate="2014-10-22T23:19:24.211" />
			<column name="status_id" valueNumeric="10501" />
			<column name="entity_id" valueNumeric="1" />
			<column name="deleted" valueNumeric="0" />
			<column name="item_id" valueNumeric="320104" />
			<column name="order_line_id" />
			<column name="notes" value="Bulk Upload" />
			<column name="optlock" valueNumeric="0" />
			<column name="group_id" />
			<column name="provisioning_status" />
			<column name="global" valueBoolean="true" />
		</insert>
		<insert tableName="asset">
			<column name="id" valueNumeric="9800" />
			<column name="identifier" value="8773907968" />
			<column name="create_datetime" valueDate="2014-10-22T23:19:24.244" />
			<column name="status_id" valueNumeric="10501" />
			<column name="entity_id" valueNumeric="1" />
			<column name="deleted" valueNumeric="0" />
			<column name="item_id" valueNumeric="320104" />
			<column name="order_line_id" />
			<column name="notes" value="Bulk Upload" />
			<column name="optlock" valueNumeric="0" />
			<column name="group_id" />
			<column name="provisioning_status" />
			<column name="global" valueBoolean="true" />
		</insert>
		<insert tableName="asset">
			<column name="id" valueNumeric="9801" />
			<column name="identifier" value="8773908007" />
			<column name="create_datetime" valueDate="2014-10-22T23:19:24.260" />
			<column name="status_id" valueNumeric="10501" />
			<column name="entity_id" valueNumeric="1" />
			<column name="deleted" valueNumeric="0" />
			<column name="item_id" valueNumeric="320104" />
			<column name="order_line_id" />
			<column name="notes" value="Bulk Upload" />
			<column name="optlock" valueNumeric="0" />
			<column name="group_id" />
			<column name="provisioning_status" />
			<column name="global" valueBoolean="true" />
		</insert>
		<insert tableName="asset">
			<column name="id" valueNumeric="9802" />
			<column name="identifier" value="8773909752" />
			<column name="create_datetime" valueDate="2014-10-22T23:19:24.321" />
			<column name="status_id" valueNumeric="10501" />
			<column name="entity_id" valueNumeric="1" />
			<column name="deleted" valueNumeric="0" />
			<column name="item_id" valueNumeric="320104" />
			<column name="order_line_id" />
			<column name="notes" value="Bulk Upload" />
			<column name="optlock" valueNumeric="0" />
			<column name="group_id" />
			<column name="provisioning_status" />
			<column name="global" valueBoolean="true" />
		</insert>
		<insert tableName="asset">
			<column name="id" valueNumeric="9803" />
			<column name="identifier" value="8773911163" />
			<column name="create_datetime" valueDate="2014-10-22T23:19:24.341" />
			<column name="status_id" valueNumeric="10501" />
			<column name="entity_id" valueNumeric="1" />
			<column name="deleted" valueNumeric="0" />
			<column name="item_id" valueNumeric="320104" />
			<column name="order_line_id" />
			<column name="notes" value="Bulk Upload" />
			<column name="optlock" valueNumeric="0" />
			<column name="group_id" />
			<column name="provisioning_status" />
			<column name="global" valueBoolean="true" />
		</insert>
		<insert tableName="asset">
			<column name="id" valueNumeric="9804" />
			<column name="identifier" value="8773913643" />
			<column name="create_datetime" valueDate="2014-10-22T23:19:24.347" />
			<column name="status_id" valueNumeric="10501" />
			<column name="entity_id" valueNumeric="1" />
			<column name="deleted" valueNumeric="0" />
			<column name="item_id" valueNumeric="320104" />
			<column name="order_line_id" />
			<column name="notes" value="Bulk Upload" />
			<column name="optlock" valueNumeric="0" />
			<column name="group_id" />
			<column name="provisioning_status" />
			<column name="global" valueBoolean="true" />
		</insert>
		<insert tableName="asset">
			<column name="id" valueNumeric="9805" />
			<column name="identifier" value="8773913997" />
			<column name="create_datetime" valueDate="2014-10-22T23:19:24.391" />
			<column name="status_id" valueNumeric="10501" />
			<column name="entity_id" valueNumeric="1" />
			<column name="deleted" valueNumeric="0" />
			<column name="item_id" valueNumeric="320104" />
			<column name="order_line_id" />
			<column name="notes" value="Bulk Upload" />
			<column name="optlock" valueNumeric="0" />
			<column name="group_id" />
			<column name="provisioning_status" />
			<column name="global" valueBoolean="true" />
		</insert>
		<insert tableName="asset">
			<column name="id" valueNumeric="9806" />
			<column name="identifier" value="8773914902" />
			<column name="create_datetime" valueDate="2014-10-22T23:19:24.422" />
			<column name="status_id" valueNumeric="10501" />
			<column name="entity_id" valueNumeric="1" />
			<column name="deleted" valueNumeric="0" />
			<column name="item_id" valueNumeric="320104" />
			<column name="order_line_id" />
			<column name="notes" value="Bulk Upload" />
			<column name="optlock" valueNumeric="0" />
			<column name="group_id" />
			<column name="provisioning_status" />
			<column name="global" valueBoolean="true" />
		</insert>
		<insert tableName="asset">
			<column name="id" valueNumeric="9807" />
			<column name="identifier" value="8773920635" />
			<column name="create_datetime" valueDate="2014-10-22T23:19:24.454" />
			<column name="status_id" valueNumeric="10501" />
			<column name="entity_id" valueNumeric="1" />
			<column name="deleted" valueNumeric="0" />
			<column name="item_id" valueNumeric="320104" />
			<column name="order_line_id" />
			<column name="notes" value="Bulk Upload" />
			<column name="optlock" valueNumeric="0" />
			<column name="group_id" />
			<column name="provisioning_status" />
			<column name="global" valueBoolean="true" />
		</insert>
		<insert tableName="asset">
			<column name="id" valueNumeric="9808" />
			<column name="identifier" value="8773921106" />
			<column name="create_datetime" valueDate="2014-10-22T23:19:24.461" />
			<column name="status_id" valueNumeric="10501" />
			<column name="entity_id" valueNumeric="1" />
			<column name="deleted" valueNumeric="0" />
			<column name="item_id" valueNumeric="320104" />
			<column name="order_line_id" />
			<column name="notes" value="Bulk Upload" />
			<column name="optlock" valueNumeric="0" />
			<column name="group_id" />
			<column name="provisioning_status" />
			<column name="global" valueBoolean="true" />
		</insert>
		<insert tableName="asset">
			<column name="id" valueNumeric="9979" />
			<column name="identifier" value="8774082543" />
			<column name="create_datetime" valueDate="2014-10-22T23:19:30.372" />
			<column name="status_id" valueNumeric="10501" />
			<column name="entity_id" valueNumeric="1" />
			<column name="deleted" valueNumeric="0" />
			<column name="item_id" valueNumeric="320104" />
			<column name="order_line_id" />
			<column name="notes" value="Bulk Upload" />
			<column name="optlock" valueNumeric="0" />
			<column name="group_id" />
			<column name="provisioning_status" />
			<column name="global" valueBoolean="true" />
		</insert>
		<insert tableName="asset">
			<column name="id" valueNumeric="9980" />
			<column name="identifier" value="8774084362" />
			<column name="create_datetime" valueDate="2014-10-22T23:19:30.378" />
			<column name="status_id" valueNumeric="10501" />
			<column name="entity_id" valueNumeric="1" />
			<column name="deleted" valueNumeric="0" />
			<column name="item_id" valueNumeric="320104" />
			<column name="order_line_id" />
			<column name="notes" value="Bulk Upload" />
			<column name="optlock" valueNumeric="0" />
			<column name="group_id" />
			<column name="provisioning_status" />
			<column name="global" valueBoolean="true" />
		</insert>
		<insert tableName="asset">
			<column name="id" valueNumeric="9981" />
			<column name="identifier" value="8774108736" />
			<column name="create_datetime" valueDate="2014-10-22T23:19:30.430" />
			<column name="status_id" valueNumeric="10501" />
			<column name="entity_id" valueNumeric="1" />
			<column name="deleted" valueNumeric="0" />
			<column name="item_id" valueNumeric="320104" />
			<column name="order_line_id" />
			<column name="notes" value="Bulk Upload" />
			<column name="optlock" valueNumeric="0" />
			<column name="group_id" />
			<column name="provisioning_status" />
			<column name="global" valueBoolean="true" />
		</insert>
		<insert tableName="asset">
			<column name="id" valueNumeric="9982" />
			<column name="identifier" value="8774234672" />
			<column name="create_datetime" valueDate="2014-10-22T23:19:30.436" />
			<column name="status_id" valueNumeric="10501" />
			<column name="entity_id" valueNumeric="1" />
			<column name="deleted" valueNumeric="0" />
			<column name="item_id" valueNumeric="320104" />
			<column name="order_line_id" />
			<column name="notes" value="Bulk Upload" />
			<column name="optlock" valueNumeric="0" />
			<column name="group_id" />
			<column name="provisioning_status" />
			<column name="global" valueBoolean="true" />
		</insert>
		<insert tableName="asset">
			<column name="id" valueNumeric="9983" />
			<column name="identifier" value="8774266858" />
			<column name="create_datetime" valueDate="2014-10-22T23:19:30.478" />
			<column name="status_id" valueNumeric="10501" />
			<column name="entity_id" valueNumeric="1" />
			<column name="deleted" valueNumeric="0" />
			<column name="item_id" valueNumeric="320104" />
			<column name="order_line_id" />
			<column name="notes" value="Bulk Upload" />
			<column name="optlock" valueNumeric="0" />
			<column name="group_id" />
			<column name="provisioning_status" />
			<column name="global" valueBoolean="true" />
		</insert>
		<insert tableName="asset">
			<column name="id" valueNumeric="9984" />
			<column name="identifier" value="8774340822" />
			<column name="create_datetime" valueDate="2014-10-22T23:19:30.550" />
			<column name="status_id" valueNumeric="10501" />
			<column name="entity_id" valueNumeric="1" />
			<column name="deleted" valueNumeric="0" />
			<column name="item_id" valueNumeric="320104" />
			<column name="order_line_id" />
			<column name="notes" value="Bulk Upload" />
			<column name="optlock" valueNumeric="0" />
			<column name="group_id" />
			<column name="provisioning_status" />
			<column name="global" valueBoolean="true" />
		</insert>
		<insert tableName="asset">
			<column name="id" valueNumeric="9985" />
			<column name="identifier" value="8774340851" />
			<column name="create_datetime" valueDate="2014-10-22T23:19:30.572" />
			<column name="status_id" valueNumeric="10501" />
			<column name="entity_id" valueNumeric="1" />
			<column name="deleted" valueNumeric="0" />
			<column name="item_id" valueNumeric="320104" />
			<column name="order_line_id" />
			<column name="notes" value="Bulk Upload" />
			<column name="optlock" valueNumeric="0" />
			<column name="group_id" />
			<column name="provisioning_status" />
			<column name="global" valueBoolean="true" />
		</insert>
		<insert tableName="asset">
			<column name="id" valueNumeric="9986" />
			<column name="identifier" value="8774340996" />
			<column name="create_datetime" valueDate="2014-10-22T23:19:30.597" />
			<column name="status_id" valueNumeric="10501" />
			<column name="entity_id" valueNumeric="1" />
			<column name="deleted" valueNumeric="0" />
			<column name="item_id" valueNumeric="320104" />
			<column name="order_line_id" />
			<column name="notes" value="Bulk Upload" />
			<column name="optlock" valueNumeric="0" />
			<column name="group_id" />
			<column name="provisioning_status" />
			<column name="global" valueBoolean="true" />
		</insert>
		<insert tableName="asset">
			<column name="id" valueNumeric="9987" />
			<column name="identifier" value="8774340997" />
			<column name="create_datetime" valueDate="2014-10-22T23:19:30.614" />
			<column name="status_id" valueNumeric="10501" />
			<column name="entity_id" valueNumeric="1" />
			<column name="deleted" valueNumeric="0" />
			<column name="item_id" valueNumeric="320104" />
			<column name="order_line_id" />
			<column name="notes" value="Bulk Upload" />
			<column name="optlock" valueNumeric="0" />
			<column name="group_id" />
			<column name="provisioning_status" />
			<column name="global" valueBoolean="true" />
		</insert>
		<insert tableName="asset">
			<column name="id" valueNumeric="9988" />
			<column name="identifier" value="8774341002" />
			<column name="create_datetime" valueDate="2014-10-22T23:19:30.631" />
			<column name="status_id" valueNumeric="10501" />
			<column name="entity_id" valueNumeric="1" />
			<column name="deleted" valueNumeric="0" />
			<column name="item_id" valueNumeric="320104" />
			<column name="order_line_id" />
			<column name="notes" value="Bulk Upload" />
			<column name="optlock" valueNumeric="0" />
			<column name="group_id" />
			<column name="provisioning_status" />
			<column name="global" valueBoolean="true" />
		</insert>
		<insert tableName="asset">
			<column name="id" valueNumeric="9809" />
			<column name="identifier" value="8773921940" />
			<column name="create_datetime" valueDate="2014-10-22T23:19:24.491" />
			<column name="status_id" valueNumeric="10501" />
			<column name="entity_id" valueNumeric="1" />
			<column name="deleted" valueNumeric="0" />
			<column name="item_id" valueNumeric="320104" />
			<column name="order_line_id" />
			<column name="notes" value="Bulk Upload" />
			<column name="optlock" valueNumeric="0" />
			<column name="group_id" />
			<column name="provisioning_status" />
			<column name="global" valueBoolean="true" />
		</insert>
		<insert tableName="asset">
			<column name="id" valueNumeric="9810" />
			<column name="identifier" value="8773925676" />
			<column name="create_datetime" valueDate="2014-10-22T23:19:24.498" />
			<column name="status_id" valueNumeric="10501" />
			<column name="entity_id" valueNumeric="1" />
			<column name="deleted" valueNumeric="0" />
			<column name="item_id" valueNumeric="320104" />
			<column name="order_line_id" />
			<column name="notes" value="Bulk Upload" />
			<column name="optlock" valueNumeric="0" />
			<column name="group_id" />
			<column name="provisioning_status" />
			<column name="global" valueBoolean="true" />
		</insert>
		<insert tableName="asset">
			<column name="id" valueNumeric="9811" />
			<column name="identifier" value="8773925752" />
			<column name="create_datetime" valueDate="2014-10-22T23:19:24.554" />
			<column name="status_id" valueNumeric="10501" />
			<column name="entity_id" valueNumeric="1" />
			<column name="deleted" valueNumeric="0" />
			<column name="item_id" valueNumeric="320104" />
			<column name="order_line_id" />
			<column name="notes" value="Bulk Upload" />
			<column name="optlock" valueNumeric="0" />
			<column name="group_id" />
			<column name="provisioning_status" />
			<column name="global" valueBoolean="true" />
		</insert>
		<insert tableName="asset">
			<column name="id" valueNumeric="9812" />
			<column name="identifier" value="8773925753" />
			<column name="create_datetime" valueDate="2014-10-22T23:19:24.570" />
			<column name="status_id" valueNumeric="10501" />
			<column name="entity_id" valueNumeric="1" />
			<column name="deleted" valueNumeric="0" />
			<column name="item_id" valueNumeric="320104" />
			<column name="order_line_id" />
			<column name="notes" value="Bulk Upload" />
			<column name="optlock" valueNumeric="0" />
			<column name="group_id" />
			<column name="provisioning_status" />
			<column name="global" valueBoolean="true" />
		</insert>
		<insert tableName="asset">
			<column name="id" valueNumeric="9813" />
			<column name="identifier" value="8773926733" />
			<column name="create_datetime" valueDate="2014-10-22T23:19:24.607" />
			<column name="status_id" valueNumeric="10501" />
			<column name="entity_id" valueNumeric="1" />
			<column name="deleted" valueNumeric="0" />
			<column name="item_id" valueNumeric="320104" />
			<column name="order_line_id" />
			<column name="notes" value="Bulk Upload" />
			<column name="optlock" valueNumeric="0" />
			<column name="group_id" />
			<column name="provisioning_status" />
			<column name="global" valueBoolean="true" />
		</insert>
		<insert tableName="asset">
			<column name="id" valueNumeric="9814" />
			<column name="identifier" value="8773929014" />
			<column name="create_datetime" valueDate="2014-10-22T23:19:24.646" />
			<column name="status_id" valueNumeric="10501" />
			<column name="entity_id" valueNumeric="1" />
			<column name="deleted" valueNumeric="0" />
			<column name="item_id" valueNumeric="320104" />
			<column name="order_line_id" />
			<column name="notes" value="Bulk Upload" />
			<column name="optlock" valueNumeric="0" />
			<column name="group_id" />
			<column name="provisioning_status" />
			<column name="global" valueBoolean="true" />
		</insert>
		<insert tableName="asset">
			<column name="id" valueNumeric="9815" />
			<column name="identifier" value="8773930848" />
			<column name="create_datetime" valueDate="2014-10-22T23:19:24.692" />
			<column name="status_id" valueNumeric="10501" />
			<column name="entity_id" valueNumeric="1" />
			<column name="deleted" valueNumeric="0" />
			<column name="item_id" valueNumeric="320104" />
			<column name="order_line_id" />
			<column name="notes" value="Bulk Upload" />
			<column name="optlock" valueNumeric="0" />
			<column name="group_id" />
			<column name="provisioning_status" />
			<column name="global" valueBoolean="true" />
		</insert>
		<insert tableName="asset">
			<column name="id" valueNumeric="9816" />
			<column name="identifier" value="8773931034" />
			<column name="create_datetime" valueDate="2014-10-22T23:19:24.712" />
			<column name="status_id" valueNumeric="10501" />
			<column name="entity_id" valueNumeric="1" />
			<column name="deleted" valueNumeric="0" />
			<column name="item_id" valueNumeric="320104" />
			<column name="order_line_id" />
			<column name="notes" value="Bulk Upload" />
			<column name="optlock" valueNumeric="0" />
			<column name="group_id" />
			<column name="provisioning_status" />
			<column name="global" valueBoolean="true" />
		</insert>
		<insert tableName="asset">
			<column name="id" valueNumeric="9817" />
			<column name="identifier" value="8773933238" />
			<column name="create_datetime" valueDate="2014-10-22T23:19:24.734" />
			<column name="status_id" valueNumeric="10501" />
			<column name="entity_id" valueNumeric="1" />
			<column name="deleted" valueNumeric="0" />
			<column name="item_id" valueNumeric="320104" />
			<column name="order_line_id" />
			<column name="notes" value="Bulk Upload" />
			<column name="optlock" valueNumeric="0" />
			<column name="group_id" />
			<column name="provisioning_status" />
			<column name="global" valueBoolean="true" />
		</insert>
		<insert tableName="asset">
			<column name="id" valueNumeric="9818" />
			<column name="identifier" value="8773938745" />
			<column name="create_datetime" valueDate="2014-10-22T23:19:24.741" />
			<column name="status_id" valueNumeric="10501" />
			<column name="entity_id" valueNumeric="1" />
			<column name="deleted" valueNumeric="0" />
			<column name="item_id" valueNumeric="320104" />
			<column name="order_line_id" />
			<column name="notes" value="Bulk Upload" />
			<column name="optlock" valueNumeric="0" />
			<column name="group_id" />
			<column name="provisioning_status" />
			<column name="global" valueBoolean="true" />
		</insert>
		<insert tableName="asset">
			<column name="id" valueNumeric="9819" />
			<column name="identifier" value="8773939043" />
			<column name="create_datetime" valueDate="2014-10-22T23:19:24.757" />
			<column name="status_id" valueNumeric="10501" />
			<column name="entity_id" valueNumeric="1" />
			<column name="deleted" valueNumeric="0" />
			<column name="item_id" valueNumeric="320104" />
			<column name="order_line_id" />
			<column name="notes" value="Bulk Upload" />
			<column name="optlock" valueNumeric="0" />
			<column name="group_id" />
			<column name="provisioning_status" />
			<column name="global" valueBoolean="true" />
		</insert>
		<insert tableName="asset">
			<column name="id" valueNumeric="9820" />
			<column name="identifier" value="8773941129" />
			<column name="create_datetime" valueDate="2014-10-22T23:19:24.778" />
			<column name="status_id" valueNumeric="10501" />
			<column name="entity_id" valueNumeric="1" />
			<column name="deleted" valueNumeric="0" />
			<column name="item_id" valueNumeric="320104" />
			<column name="order_line_id" />
			<column name="notes" value="Bulk Upload" />
			<column name="optlock" valueNumeric="0" />
			<column name="group_id" />
			<column name="provisioning_status" />
			<column name="global" valueBoolean="true" />
		</insert>
		<insert tableName="asset">
			<column name="id" valueNumeric="9821" />
			<column name="identifier" value="8773941187" />
			<column name="create_datetime" valueDate="2014-10-22T23:19:24.787" />
			<column name="status_id" valueNumeric="10501" />
			<column name="entity_id" valueNumeric="1" />
			<column name="deleted" valueNumeric="0" />
			<column name="item_id" valueNumeric="320104" />
			<column name="order_line_id" />
			<column name="notes" value="Bulk Upload" />
			<column name="optlock" valueNumeric="0" />
			<column name="group_id" />
			<column name="provisioning_status" />
			<column name="global" valueBoolean="true" />
		</insert>
		<insert tableName="asset">
			<column name="id" valueNumeric="9822" />
			<column name="identifier" value="8773941205" />
			<column name="create_datetime" valueDate="2014-10-22T23:19:24.818" />
			<column name="status_id" valueNumeric="10501" />
			<column name="entity_id" valueNumeric="1" />
			<column name="deleted" valueNumeric="0" />
			<column name="item_id" valueNumeric="320104" />
			<column name="order_line_id" />
			<column name="notes" value="Bulk Upload" />
			<column name="optlock" valueNumeric="0" />
			<column name="group_id" />
			<column name="provisioning_status" />
			<column name="global" valueBoolean="true" />
		</insert>
		<insert tableName="asset">
			<column name="id" valueNumeric="9823" />
			<column name="identifier" value="8773941208" />
			<column name="create_datetime" valueDate="2014-10-22T23:19:24.825" />
			<column name="status_id" valueNumeric="10501" />
			<column name="entity_id" valueNumeric="1" />
			<column name="deleted" valueNumeric="0" />
			<column name="item_id" valueNumeric="320104" />
			<column name="order_line_id" />
			<column name="notes" value="Bulk Upload" />
			<column name="optlock" valueNumeric="0" />
			<column name="group_id" />
			<column name="provisioning_status" />
			<column name="global" valueBoolean="true" />
		</insert>
		<insert tableName="asset">
			<column name="id" valueNumeric="9824" />
			<column name="identifier" value="8773945066" />
			<column name="create_datetime" valueDate="2014-10-22T23:19:24.831" />
			<column name="status_id" valueNumeric="10501" />
			<column name="entity_id" valueNumeric="1" />
			<column name="deleted" valueNumeric="0" />
			<column name="item_id" valueNumeric="320104" />
			<column name="order_line_id" />
			<column name="notes" value="Bulk Upload" />
			<column name="optlock" valueNumeric="0" />
			<column name="group_id" />
			<column name="provisioning_status" />
			<column name="global" valueBoolean="true" />
		</insert>
		<insert tableName="asset">
			<column name="id" valueNumeric="9825" />
			<column name="identifier" value="8773945551" />
			<column name="create_datetime" valueDate="2014-10-22T23:19:24.837" />
			<column name="status_id" valueNumeric="10501" />
			<column name="entity_id" valueNumeric="1" />
			<column name="deleted" valueNumeric="0" />
			<column name="item_id" valueNumeric="320104" />
			<column name="order_line_id" />
			<column name="notes" value="Bulk Upload" />
			<column name="optlock" valueNumeric="0" />
			<column name="group_id" />
			<column name="provisioning_status" />
			<column name="global" valueBoolean="true" />
		</insert>
		<insert tableName="asset">
			<column name="id" valueNumeric="9826" />
			<column name="identifier" value="8773945559" />
			<column name="create_datetime" valueDate="2014-10-22T23:19:24.870" />
			<column name="status_id" valueNumeric="10501" />
			<column name="entity_id" valueNumeric="1" />
			<column name="deleted" valueNumeric="0" />
			<column name="item_id" valueNumeric="320104" />
			<column name="order_line_id" />
			<column name="notes" value="Bulk Upload" />
			<column name="optlock" valueNumeric="0" />
			<column name="group_id" />
			<column name="provisioning_status" />
			<column name="global" valueBoolean="true" />
		</insert>
		<insert tableName="asset">
			<column name="id" valueNumeric="9827" />
			<column name="identifier" value="8773947087" />
			<column name="create_datetime" valueDate="2014-10-22T23:19:24.877" />
			<column name="status_id" valueNumeric="10501" />
			<column name="entity_id" valueNumeric="1" />
			<column name="deleted" valueNumeric="0" />
			<column name="item_id" valueNumeric="320104" />
			<column name="order_line_id" />
			<column name="notes" value="Bulk Upload" />
			<column name="optlock" valueNumeric="0" />
			<column name="group_id" />
			<column name="provisioning_status" />
			<column name="global" valueBoolean="true" />
		</insert>
		<insert tableName="asset">
			<column name="id" valueNumeric="9828" />
			<column name="identifier" value="8773947089" />
			<column name="create_datetime" valueDate="2014-10-22T23:19:24.897" />
			<column name="status_id" valueNumeric="10501" />
			<column name="entity_id" valueNumeric="1" />
			<column name="deleted" valueNumeric="0" />
			<column name="item_id" valueNumeric="320104" />
			<column name="order_line_id" />
			<column name="notes" value="Bulk Upload" />
			<column name="optlock" valueNumeric="0" />
			<column name="group_id" />
			<column name="provisioning_status" />
			<column name="global" valueBoolean="true" />
		</insert>
		<insert tableName="asset">
			<column name="id" valueNumeric="9829" />
			<column name="identifier" value="8773947308" />
			<column name="create_datetime" valueDate="2014-10-22T23:19:24.908" />
			<column name="status_id" valueNumeric="10501" />
			<column name="entity_id" valueNumeric="1" />
			<column name="deleted" valueNumeric="0" />
			<column name="item_id" valueNumeric="320104" />
			<column name="order_line_id" />
			<column name="notes" value="Bulk Upload" />
			<column name="optlock" valueNumeric="0" />
			<column name="group_id" />
			<column name="provisioning_status" />
			<column name="global" valueBoolean="true" />
		</insert>
		<insert tableName="asset">
			<column name="id" valueNumeric="9830" />
			<column name="identifier" value="8773947941" />
			<column name="create_datetime" valueDate="2014-10-22T23:19:24.951" />
			<column name="status_id" valueNumeric="10501" />
			<column name="entity_id" valueNumeric="1" />
			<column name="deleted" valueNumeric="0" />
			<column name="item_id" valueNumeric="320104" />
			<column name="order_line_id" />
			<column name="notes" value="Bulk Upload" />
			<column name="optlock" valueNumeric="0" />
			<column name="group_id" />
			<column name="provisioning_status" />
			<column name="global" valueBoolean="true" />
		</insert>
		<insert tableName="asset">
			<column name="id" valueNumeric="9831" />
			<column name="identifier" value="8773949656" />
			<column name="create_datetime" valueDate="2014-10-22T23:19:24.957" />
			<column name="status_id" valueNumeric="10501" />
			<column name="entity_id" valueNumeric="1" />
			<column name="deleted" valueNumeric="0" />
			<column name="item_id" valueNumeric="320104" />
			<column name="order_line_id" />
			<column name="notes" value="Bulk Upload" />
			<column name="optlock" valueNumeric="0" />
			<column name="group_id" />
			<column name="provisioning_status" />
			<column name="global" valueBoolean="true" />
		</insert>
		<insert tableName="asset">
			<column name="id" valueNumeric="9832" />
			<column name="identifier" value="8773949783" />
			<column name="create_datetime" valueDate="2014-10-22T23:19:25.34" />
			<column name="status_id" valueNumeric="10501" />
			<column name="entity_id" valueNumeric="1" />
			<column name="deleted" valueNumeric="0" />
			<column name="item_id" valueNumeric="320104" />
			<column name="order_line_id" />
			<column name="notes" value="Bulk Upload" />
			<column name="optlock" valueNumeric="0" />
			<column name="group_id" />
			<column name="provisioning_status" />
			<column name="global" valueBoolean="true" />
		</insert>
		<insert tableName="asset">
			<column name="id" valueNumeric="9833" />
			<column name="identifier" value="8773949787" />
			<column name="create_datetime" valueDate="2014-10-22T23:19:25.57" />
			<column name="status_id" valueNumeric="10501" />
			<column name="entity_id" valueNumeric="1" />
			<column name="deleted" valueNumeric="0" />
			<column name="item_id" valueNumeric="320104" />
			<column name="order_line_id" />
			<column name="notes" value="Bulk Upload" />
			<column name="optlock" valueNumeric="0" />
			<column name="group_id" />
			<column name="provisioning_status" />
			<column name="global" valueBoolean="true" />
		</insert>
		<insert tableName="asset">
			<column name="id" valueNumeric="9834" />
			<column name="identifier" value="8773952146" />
			<column name="create_datetime" valueDate="2014-10-22T23:19:25.81" />
			<column name="status_id" valueNumeric="10501" />
			<column name="entity_id" valueNumeric="1" />
			<column name="deleted" valueNumeric="0" />
			<column name="item_id" valueNumeric="320104" />
			<column name="order_line_id" />
			<column name="notes" value="Bulk Upload" />
			<column name="optlock" valueNumeric="0" />
			<column name="group_id" />
			<column name="provisioning_status" />
			<column name="global" valueBoolean="true" />
		</insert>
		<insert tableName="asset">
			<column name="id" valueNumeric="9835" />
			<column name="identifier" value="8773953148" />
			<column name="create_datetime" valueDate="2014-10-22T23:19:25.88" />
			<column name="status_id" valueNumeric="10501" />
			<column name="entity_id" valueNumeric="1" />
			<column name="deleted" valueNumeric="0" />
			<column name="item_id" valueNumeric="320104" />
			<column name="order_line_id" />
			<column name="notes" value="Bulk Upload" />
			<column name="optlock" valueNumeric="0" />
			<column name="group_id" />
			<column name="provisioning_status" />
			<column name="global" valueBoolean="true" />
		</insert>
		<insert tableName="asset">
			<column name="id" valueNumeric="9836" />
			<column name="identifier" value="8773953204" />
			<column name="create_datetime" valueDate="2014-10-22T23:19:25.117" />
			<column name="status_id" valueNumeric="10501" />
			<column name="entity_id" valueNumeric="1" />
			<column name="deleted" valueNumeric="0" />
			<column name="item_id" valueNumeric="320104" />
			<column name="order_line_id" />
			<column name="notes" value="Bulk Upload" />
			<column name="optlock" valueNumeric="0" />
			<column name="group_id" />
			<column name="provisioning_status" />
			<column name="global" valueBoolean="true" />
		</insert>
		<insert tableName="asset">
			<column name="id" valueNumeric="9837" />
			<column name="identifier" value="8773954181" />
			<column name="create_datetime" valueDate="2014-10-22T23:19:25.124" />
			<column name="status_id" valueNumeric="10501" />
			<column name="entity_id" valueNumeric="1" />
			<column name="deleted" valueNumeric="0" />
			<column name="item_id" valueNumeric="320104" />
			<column name="order_line_id" />
			<column name="notes" value="Bulk Upload" />
			<column name="optlock" valueNumeric="0" />
			<column name="group_id" />
			<column name="provisioning_status" />
			<column name="global" valueBoolean="true" />
		</insert>
		<insert tableName="asset">
			<column name="id" valueNumeric="9838" />
			<column name="identifier" value="8773954182" />
			<column name="create_datetime" valueDate="2014-10-22T23:19:25.130" />
			<column name="status_id" valueNumeric="10501" />
			<column name="entity_id" valueNumeric="1" />
			<column name="deleted" valueNumeric="0" />
			<column name="item_id" valueNumeric="320104" />
			<column name="order_line_id" />
			<column name="notes" value="Bulk Upload" />
			<column name="optlock" valueNumeric="0" />
			<column name="group_id" />
			<column name="provisioning_status" />
			<column name="global" valueBoolean="true" />
		</insert>
		<insert tableName="asset">
			<column name="id" valueNumeric="9839" />
			<column name="identifier" value="8773955211" />
			<column name="create_datetime" valueDate="2014-10-22T23:19:25.142" />
			<column name="status_id" valueNumeric="10501" />
			<column name="entity_id" valueNumeric="1" />
			<column name="deleted" valueNumeric="0" />
			<column name="item_id" valueNumeric="320104" />
			<column name="order_line_id" />
			<column name="notes" value="Bulk Upload" />
			<column name="optlock" valueNumeric="0" />
			<column name="group_id" />
			<column name="provisioning_status" />
			<column name="global" valueBoolean="true" />
		</insert>
		<insert tableName="asset">
			<column name="id" valueNumeric="9840" />
			<column name="identifier" value="8773955225" />
			<column name="create_datetime" valueDate="2014-10-22T23:19:25.148" />
			<column name="status_id" valueNumeric="10501" />
			<column name="entity_id" valueNumeric="1" />
			<column name="deleted" valueNumeric="0" />
			<column name="item_id" valueNumeric="320104" />
			<column name="order_line_id" />
			<column name="notes" value="Bulk Upload" />
			<column name="optlock" valueNumeric="0" />
			<column name="group_id" />
			<column name="provisioning_status" />
			<column name="global" valueBoolean="true" />
		</insert>
		<insert tableName="asset">
			<column name="id" valueNumeric="9841" />
			<column name="identifier" value="8773957505" />
			<column name="create_datetime" valueDate="2014-10-22T23:19:25.155" />
			<column name="status_id" valueNumeric="10501" />
			<column name="entity_id" valueNumeric="1" />
			<column name="deleted" valueNumeric="0" />
			<column name="item_id" valueNumeric="320104" />
			<column name="order_line_id" />
			<column name="notes" value="Bulk Upload" />
			<column name="optlock" valueNumeric="0" />
			<column name="group_id" />
			<column name="provisioning_status" />
			<column name="global" valueBoolean="true" />
		</insert>
		<insert tableName="asset">
			<column name="id" valueNumeric="9842" />
			<column name="identifier" value="8773957507" />
			<column name="create_datetime" valueDate="2014-10-22T23:19:25.184" />
			<column name="status_id" valueNumeric="10501" />
			<column name="entity_id" valueNumeric="1" />
			<column name="deleted" valueNumeric="0" />
			<column name="item_id" valueNumeric="320104" />
			<column name="order_line_id" />
			<column name="notes" value="Bulk Upload" />
			<column name="optlock" valueNumeric="0" />
			<column name="group_id" />
			<column name="provisioning_status" />
			<column name="global" valueBoolean="true" />
		</insert>
		<insert tableName="asset">
			<column name="id" valueNumeric="9843" />
			<column name="identifier" value="8773957579" />
			<column name="create_datetime" valueDate="2014-10-22T23:19:25.190" />
			<column name="status_id" valueNumeric="10501" />
			<column name="entity_id" valueNumeric="1" />
			<column name="deleted" valueNumeric="0" />
			<column name="item_id" valueNumeric="320104" />
			<column name="order_line_id" />
			<column name="notes" value="Bulk Upload" />
			<column name="optlock" valueNumeric="0" />
			<column name="group_id" />
			<column name="provisioning_status" />
			<column name="global" valueBoolean="true" />
		</insert>
		<insert tableName="asset">
			<column name="id" valueNumeric="9844" />
			<column name="identifier" value="8773958359" />
			<column name="create_datetime" valueDate="2014-10-22T23:19:25.197" />
			<column name="status_id" valueNumeric="10501" />
			<column name="entity_id" valueNumeric="1" />
			<column name="deleted" valueNumeric="0" />
			<column name="item_id" valueNumeric="320104" />
			<column name="order_line_id" />
			<column name="notes" value="Bulk Upload" />
			<column name="optlock" valueNumeric="0" />
			<column name="group_id" />
			<column name="provisioning_status" />
			<column name="global" valueBoolean="true" />
		</insert>
		<insert tableName="asset">
			<column name="id" valueNumeric="9845" />
			<column name="identifier" value="8773958817" />
			<column name="create_datetime" valueDate="2014-10-22T23:19:25.245" />
			<column name="status_id" valueNumeric="10501" />
			<column name="entity_id" valueNumeric="1" />
			<column name="deleted" valueNumeric="0" />
			<column name="item_id" valueNumeric="320104" />
			<column name="order_line_id" />
			<column name="notes" value="Bulk Upload" />
			<column name="optlock" valueNumeric="0" />
			<column name="group_id" />
			<column name="provisioning_status" />
			<column name="global" valueBoolean="true" />
		</insert>
		<insert tableName="asset">
			<column name="id" valueNumeric="9846" />
			<column name="identifier" value="8773959027" />
			<column name="create_datetime" valueDate="2014-10-22T23:19:25.345" />
			<column name="status_id" valueNumeric="10501" />
			<column name="entity_id" valueNumeric="1" />
			<column name="deleted" valueNumeric="0" />
			<column name="item_id" valueNumeric="320104" />
			<column name="order_line_id" />
			<column name="notes" value="Bulk Upload" />
			<column name="optlock" valueNumeric="0" />
			<column name="group_id" />
			<column name="provisioning_status" />
			<column name="global" valueBoolean="true" />
		</insert>
		<insert tableName="asset">
			<column name="id" valueNumeric="9847" />
			<column name="identifier" value="8773959172" />
			<column name="create_datetime" valueDate="2014-10-22T23:19:25.351" />
			<column name="status_id" valueNumeric="10501" />
			<column name="entity_id" valueNumeric="1" />
			<column name="deleted" valueNumeric="0" />
			<column name="item_id" valueNumeric="320104" />
			<column name="order_line_id" />
			<column name="notes" value="Bulk Upload" />
			<column name="optlock" valueNumeric="0" />
			<column name="group_id" />
			<column name="provisioning_status" />
			<column name="global" valueBoolean="true" />
		</insert>
		<insert tableName="asset">
			<column name="id" valueNumeric="9848" />
			<column name="identifier" value="8773959372" />
			<column name="create_datetime" valueDate="2014-10-22T23:19:25.362" />
			<column name="status_id" valueNumeric="10501" />
			<column name="entity_id" valueNumeric="1" />
			<column name="deleted" valueNumeric="0" />
			<column name="item_id" valueNumeric="320104" />
			<column name="order_line_id" />
			<column name="notes" value="Bulk Upload" />
			<column name="optlock" valueNumeric="0" />
			<column name="group_id" />
			<column name="provisioning_status" />
			<column name="global" valueBoolean="true" />
		</insert>
		<insert tableName="asset">
			<column name="id" valueNumeric="9849" />
			<column name="identifier" value="8773959399" />
			<column name="create_datetime" valueDate="2014-10-22T23:19:25.633" />
			<column name="status_id" valueNumeric="10501" />
			<column name="entity_id" valueNumeric="1" />
			<column name="deleted" valueNumeric="0" />
			<column name="item_id" valueNumeric="320104" />
			<column name="order_line_id" />
			<column name="notes" value="Bulk Upload" />
			<column name="optlock" valueNumeric="0" />
			<column name="group_id" />
			<column name="provisioning_status" />
			<column name="global" valueBoolean="true" />
		</insert>
		<insert tableName="asset">
			<column name="id" valueNumeric="9850" />
			<column name="identifier" value="8773960065" />
			<column name="create_datetime" valueDate="2014-10-22T23:19:25.641" />
			<column name="status_id" valueNumeric="10501" />
			<column name="entity_id" valueNumeric="1" />
			<column name="deleted" valueNumeric="0" />
			<column name="item_id" valueNumeric="320104" />
			<column name="order_line_id" />
			<column name="notes" value="Bulk Upload" />
			<column name="optlock" valueNumeric="0" />
			<column name="group_id" />
			<column name="provisioning_status" />
			<column name="global" valueBoolean="true" />
		</insert>
		<insert tableName="asset">
			<column name="id" valueNumeric="9851" />
			<column name="identifier" value="8773964052" />
			<column name="create_datetime" valueDate="2014-10-22T23:19:25.647" />
			<column name="status_id" valueNumeric="10501" />
			<column name="entity_id" valueNumeric="1" />
			<column name="deleted" valueNumeric="0" />
			<column name="item_id" valueNumeric="320104" />
			<column name="order_line_id" />
			<column name="notes" value="Bulk Upload" />
			<column name="optlock" valueNumeric="0" />
			<column name="group_id" />
			<column name="provisioning_status" />
			<column name="global" valueBoolean="true" />
		</insert>
		<insert tableName="asset">
			<column name="id" valueNumeric="9852" />
			<column name="identifier" value="8773968342" />
			<column name="create_datetime" valueDate="2014-10-22T23:19:25.658" />
			<column name="status_id" valueNumeric="10501" />
			<column name="entity_id" valueNumeric="1" />
			<column name="deleted" valueNumeric="0" />
			<column name="item_id" valueNumeric="320104" />
			<column name="order_line_id" />
			<column name="notes" value="Bulk Upload" />
			<column name="optlock" valueNumeric="0" />
			<column name="group_id" />
			<column name="provisioning_status" />
			<column name="global" valueBoolean="true" />
		</insert>
		<insert tableName="asset">
			<column name="id" valueNumeric="9853" />
			<column name="identifier" value="8773970430" />
			<column name="create_datetime" valueDate="2014-10-22T23:19:25.665" />
			<column name="status_id" valueNumeric="10501" />
			<column name="entity_id" valueNumeric="1" />
			<column name="deleted" valueNumeric="0" />
			<column name="item_id" valueNumeric="320104" />
			<column name="order_line_id" />
			<column name="notes" value="Bulk Upload" />
			<column name="optlock" valueNumeric="0" />
			<column name="group_id" />
			<column name="provisioning_status" />
			<column name="global" valueBoolean="true" />
		</insert>
		<insert tableName="asset">
			<column name="id" valueNumeric="9854" />
			<column name="identifier" value="8773970888" />
			<column name="create_datetime" valueDate="2014-10-22T23:19:25.671" />
			<column name="status_id" valueNumeric="10501" />
			<column name="entity_id" valueNumeric="1" />
			<column name="deleted" valueNumeric="0" />
			<column name="item_id" valueNumeric="320104" />
			<column name="order_line_id" />
			<column name="notes" value="Bulk Upload" />
			<column name="optlock" valueNumeric="0" />
			<column name="group_id" />
			<column name="provisioning_status" />
			<column name="global" valueBoolean="true" />
		</insert>
		<insert tableName="asset">
			<column name="id" valueNumeric="9855" />
			<column name="identifier" value="8773972953" />
			<column name="create_datetime" valueDate="2014-10-22T23:19:25.806" />
			<column name="status_id" valueNumeric="10501" />
			<column name="entity_id" valueNumeric="1" />
			<column name="deleted" valueNumeric="0" />
			<column name="item_id" valueNumeric="320104" />
			<column name="order_line_id" />
			<column name="notes" value="Bulk Upload" />
			<column name="optlock" valueNumeric="0" />
			<column name="group_id" />
			<column name="provisioning_status" />
			<column name="global" valueBoolean="true" />
		</insert>
		<insert tableName="asset">
			<column name="id" valueNumeric="9856" />
			<column name="identifier" value="8773973332" />
			<column name="create_datetime" valueDate="2014-10-22T23:19:25.818" />
			<column name="status_id" valueNumeric="10501" />
			<column name="entity_id" valueNumeric="1" />
			<column name="deleted" valueNumeric="0" />
			<column name="item_id" valueNumeric="320104" />
			<column name="order_line_id" />
			<column name="notes" value="Bulk Upload" />
			<column name="optlock" valueNumeric="0" />
			<column name="group_id" />
			<column name="provisioning_status" />
			<column name="global" valueBoolean="true" />
		</insert>
		<insert tableName="asset">
			<column name="id" valueNumeric="9857" />
			<column name="identifier" value="8773973460" />
			<column name="create_datetime" valueDate="2014-10-22T23:19:25.824" />
			<column name="status_id" valueNumeric="10501" />
			<column name="entity_id" valueNumeric="1" />
			<column name="deleted" valueNumeric="0" />
			<column name="item_id" valueNumeric="320104" />
			<column name="order_line_id" />
			<column name="notes" value="Bulk Upload" />
			<column name="optlock" valueNumeric="0" />
			<column name="group_id" />
			<column name="provisioning_status" />
			<column name="global" valueBoolean="true" />
		</insert>
		<insert tableName="asset">
			<column name="id" valueNumeric="9858" />
			<column name="identifier" value="8773974333" />
			<column name="create_datetime" valueDate="2014-10-22T23:19:25.846" />
			<column name="status_id" valueNumeric="10501" />
			<column name="entity_id" valueNumeric="1" />
			<column name="deleted" valueNumeric="0" />
			<column name="item_id" valueNumeric="320104" />
			<column name="order_line_id" />
			<column name="notes" value="Bulk Upload" />
			<column name="optlock" valueNumeric="0" />
			<column name="group_id" />
			<column name="provisioning_status" />
			<column name="global" valueBoolean="true" />
		</insert>
		<insert tableName="asset">
			<column name="id" valueNumeric="9859" />
			<column name="identifier" value="8773974383" />
			<column name="create_datetime" valueDate="2014-10-22T23:19:25.853" />
			<column name="status_id" valueNumeric="10501" />
			<column name="entity_id" valueNumeric="1" />
			<column name="deleted" valueNumeric="0" />
			<column name="item_id" valueNumeric="320104" />
			<column name="order_line_id" />
			<column name="notes" value="Bulk Upload" />
			<column name="optlock" valueNumeric="0" />
			<column name="group_id" />
			<column name="provisioning_status" />
			<column name="global" valueBoolean="true" />
		</insert>
		<insert tableName="asset">
			<column name="id" valueNumeric="9860" />
			<column name="identifier" value="8773974387" />
			<column name="create_datetime" valueDate="2014-10-22T23:19:25.866" />
			<column name="status_id" valueNumeric="10501" />
			<column name="entity_id" valueNumeric="1" />
			<column name="deleted" valueNumeric="0" />
			<column name="item_id" valueNumeric="320104" />
			<column name="order_line_id" />
			<column name="notes" value="Bulk Upload" />
			<column name="optlock" valueNumeric="0" />
			<column name="group_id" />
			<column name="provisioning_status" />
			<column name="global" valueBoolean="true" />
		</insert>
		<insert tableName="asset">
			<column name="id" valueNumeric="9861" />
			<column name="identifier" value="8773975380" />
			<column name="create_datetime" valueDate="2014-10-22T23:19:25.873" />
			<column name="status_id" valueNumeric="10501" />
			<column name="entity_id" valueNumeric="1" />
			<column name="deleted" valueNumeric="0" />
			<column name="item_id" valueNumeric="320104" />
			<column name="order_line_id" />
			<column name="notes" value="Bulk Upload" />
			<column name="optlock" valueNumeric="0" />
			<column name="group_id" />
			<column name="provisioning_status" />
			<column name="global" valueBoolean="true" />
		</insert>
		<insert tableName="asset">
			<column name="id" valueNumeric="9862" />
			<column name="identifier" value="8773979252" />
			<column name="create_datetime" valueDate="2014-10-22T23:19:25.886" />
			<column name="status_id" valueNumeric="10501" />
			<column name="entity_id" valueNumeric="1" />
			<column name="deleted" valueNumeric="0" />
			<column name="item_id" valueNumeric="320104" />
			<column name="order_line_id" />
			<column name="notes" value="Bulk Upload" />
			<column name="optlock" valueNumeric="0" />
			<column name="group_id" />
			<column name="provisioning_status" />
			<column name="global" valueBoolean="true" />
		</insert>
		<insert tableName="asset">
			<column name="id" valueNumeric="9863" />
			<column name="identifier" value="8773979253" />
			<column name="create_datetime" valueDate="2014-10-22T23:19:25.893" />
			<column name="status_id" valueNumeric="10501" />
			<column name="entity_id" valueNumeric="1" />
			<column name="deleted" valueNumeric="0" />
			<column name="item_id" valueNumeric="320104" />
			<column name="order_line_id" />
			<column name="notes" value="Bulk Upload" />
			<column name="optlock" valueNumeric="0" />
			<column name="group_id" />
			<column name="provisioning_status" />
			<column name="global" valueBoolean="true" />
		</insert>
		<insert tableName="asset">
			<column name="id" valueNumeric="9864" />
			<column name="identifier" value="8773980401" />
			<column name="create_datetime" valueDate="2014-10-22T23:19:25.904" />
			<column name="status_id" valueNumeric="10501" />
			<column name="entity_id" valueNumeric="1" />
			<column name="deleted" valueNumeric="0" />
			<column name="item_id" valueNumeric="320104" />
			<column name="order_line_id" />
			<column name="notes" value="Bulk Upload" />
			<column name="optlock" valueNumeric="0" />
			<column name="group_id" />
			<column name="provisioning_status" />
			<column name="global" valueBoolean="true" />
		</insert>
		<insert tableName="asset">
			<column name="id" valueNumeric="9865" />
			<column name="identifier" value="8773980974" />
			<column name="create_datetime" valueDate="2014-10-22T23:19:25.992" />
			<column name="status_id" valueNumeric="10501" />
			<column name="entity_id" valueNumeric="1" />
			<column name="deleted" valueNumeric="0" />
			<column name="item_id" valueNumeric="320104" />
			<column name="order_line_id" />
			<column name="notes" value="Bulk Upload" />
			<column name="optlock" valueNumeric="0" />
			<column name="group_id" />
			<column name="provisioning_status" />
			<column name="global" valueBoolean="true" />
		</insert>
		<insert tableName="asset">
			<column name="id" valueNumeric="9866" />
			<column name="identifier" value="8773981240" />
			<column name="create_datetime" valueDate="2014-10-22T23:19:26.14" />
			<column name="status_id" valueNumeric="10501" />
			<column name="entity_id" valueNumeric="1" />
			<column name="deleted" valueNumeric="0" />
			<column name="item_id" valueNumeric="320104" />
			<column name="order_line_id" />
			<column name="notes" value="Bulk Upload" />
			<column name="optlock" valueNumeric="0" />
			<column name="group_id" />
			<column name="provisioning_status" />
			<column name="global" valueBoolean="true" />
		</insert>
		<insert tableName="asset">
			<column name="id" valueNumeric="9867" />
			<column name="identifier" value="8773981245" />
			<column name="create_datetime" valueDate="2014-10-22T23:19:26.25" />
			<column name="status_id" valueNumeric="10501" />
			<column name="entity_id" valueNumeric="1" />
			<column name="deleted" valueNumeric="0" />
			<column name="item_id" valueNumeric="320104" />
			<column name="order_line_id" />
			<column name="notes" value="Bulk Upload" />
			<column name="optlock" valueNumeric="0" />
			<column name="group_id" />
			<column name="provisioning_status" />
			<column name="global" valueBoolean="true" />
		</insert>
		<insert tableName="asset">
			<column name="id" valueNumeric="9868" />
			<column name="identifier" value="8773981246" />
			<column name="create_datetime" valueDate="2014-10-22T23:19:26.42" />
			<column name="status_id" valueNumeric="10501" />
			<column name="entity_id" valueNumeric="1" />
			<column name="deleted" valueNumeric="0" />
			<column name="item_id" valueNumeric="320104" />
			<column name="order_line_id" />
			<column name="notes" value="Bulk Upload" />
			<column name="optlock" valueNumeric="0" />
			<column name="group_id" />
			<column name="provisioning_status" />
			<column name="global" valueBoolean="true" />
		</insert>
		<insert tableName="asset">
			<column name="id" valueNumeric="9869" />
			<column name="identifier" value="8773981250" />
			<column name="create_datetime" valueDate="2014-10-22T23:19:26.71" />
			<column name="status_id" valueNumeric="10501" />
			<column name="entity_id" valueNumeric="1" />
			<column name="deleted" valueNumeric="0" />
			<column name="item_id" valueNumeric="320104" />
			<column name="order_line_id" />
			<column name="notes" value="Bulk Upload" />
			<column name="optlock" valueNumeric="0" />
			<column name="group_id" />
			<column name="provisioning_status" />
			<column name="global" valueBoolean="true" />
		</insert>
		<insert tableName="asset">
			<column name="id" valueNumeric="9870" />
			<column name="identifier" value="8773981500" />
			<column name="create_datetime" valueDate="2014-10-22T23:19:26.87" />
			<column name="status_id" valueNumeric="10501" />
			<column name="entity_id" valueNumeric="1" />
			<column name="deleted" valueNumeric="0" />
			<column name="item_id" valueNumeric="320104" />
			<column name="order_line_id" />
			<column name="notes" value="Bulk Upload" />
			<column name="optlock" valueNumeric="0" />
			<column name="group_id" />
			<column name="provisioning_status" />
			<column name="global" valueBoolean="true" />
		</insert>
		<insert tableName="asset">
			<column name="id" valueNumeric="9871" />
			<column name="identifier" value="8773982506" />
			<column name="create_datetime" valueDate="2014-10-22T23:19:26.149" />
			<column name="status_id" valueNumeric="10501" />
			<column name="entity_id" valueNumeric="1" />
			<column name="deleted" valueNumeric="0" />
			<column name="item_id" valueNumeric="320104" />
			<column name="order_line_id" />
			<column name="notes" value="Bulk Upload" />
			<column name="optlock" valueNumeric="0" />
			<column name="group_id" />
			<column name="provisioning_status" />
			<column name="global" valueBoolean="true" />
		</insert>
		<insert tableName="asset">
			<column name="id" valueNumeric="9872" />
			<column name="identifier" value="8773982601" />
			<column name="create_datetime" valueDate="2014-10-22T23:19:26.161" />
			<column name="status_id" valueNumeric="10501" />
			<column name="entity_id" valueNumeric="1" />
			<column name="deleted" valueNumeric="0" />
			<column name="item_id" valueNumeric="320104" />
			<column name="order_line_id" />
			<column name="notes" value="Bulk Upload" />
			<column name="optlock" valueNumeric="0" />
			<column name="group_id" />
			<column name="provisioning_status" />
			<column name="global" valueBoolean="true" />
		</insert>
		<insert tableName="asset">
			<column name="id" valueNumeric="9873" />
			<column name="identifier" value="8773983002" />
			<column name="create_datetime" valueDate="2014-10-22T23:19:26.273" />
			<column name="status_id" valueNumeric="10501" />
			<column name="entity_id" valueNumeric="1" />
			<column name="deleted" valueNumeric="0" />
			<column name="item_id" valueNumeric="320104" />
			<column name="order_line_id" />
			<column name="notes" value="Bulk Upload" />
			<column name="optlock" valueNumeric="0" />
			<column name="group_id" />
			<column name="provisioning_status" />
			<column name="global" valueBoolean="true" />
		</insert>
		<insert tableName="asset">
			<column name="id" valueNumeric="9874" />
			<column name="identifier" value="8773983023" />
			<column name="create_datetime" valueDate="2014-10-22T23:19:26.280" />
			<column name="status_id" valueNumeric="10501" />
			<column name="entity_id" valueNumeric="1" />
			<column name="deleted" valueNumeric="0" />
			<column name="item_id" valueNumeric="320104" />
			<column name="order_line_id" />
			<column name="notes" value="Bulk Upload" />
			<column name="optlock" valueNumeric="0" />
			<column name="group_id" />
			<column name="provisioning_status" />
			<column name="global" valueBoolean="true" />
		</insert>
		<insert tableName="asset">
			<column name="id" valueNumeric="9875" />
			<column name="identifier" value="8773983283" />
			<column name="create_datetime" valueDate="2014-10-22T23:19:26.295" />
			<column name="status_id" valueNumeric="10501" />
			<column name="entity_id" valueNumeric="1" />
			<column name="deleted" valueNumeric="0" />
			<column name="item_id" valueNumeric="320104" />
			<column name="order_line_id" />
			<column name="notes" value="Bulk Upload" />
			<column name="optlock" valueNumeric="0" />
			<column name="group_id" />
			<column name="provisioning_status" />
			<column name="global" valueBoolean="true" />
		</insert>
		<insert tableName="asset">
			<column name="id" valueNumeric="9876" />
			<column name="identifier" value="8773983312" />
			<column name="create_datetime" valueDate="2014-10-22T23:19:26.333" />
			<column name="status_id" valueNumeric="10501" />
			<column name="entity_id" valueNumeric="1" />
			<column name="deleted" valueNumeric="0" />
			<column name="item_id" valueNumeric="320104" />
			<column name="order_line_id" />
			<column name="notes" value="Bulk Upload" />
			<column name="optlock" valueNumeric="0" />
			<column name="group_id" />
			<column name="provisioning_status" />
			<column name="global" valueBoolean="true" />
		</insert>
		<insert tableName="asset">
			<column name="id" valueNumeric="9877" />
			<column name="identifier" value="8773983450" />
			<column name="create_datetime" valueDate="2014-10-22T23:19:26.344" />
			<column name="status_id" valueNumeric="10501" />
			<column name="entity_id" valueNumeric="1" />
			<column name="deleted" valueNumeric="0" />
			<column name="item_id" valueNumeric="320104" />
			<column name="order_line_id" />
			<column name="notes" value="Bulk Upload" />
			<column name="optlock" valueNumeric="0" />
			<column name="group_id" />
			<column name="provisioning_status" />
			<column name="global" valueBoolean="true" />
		</insert>
		<insert tableName="asset">
			<column name="id" valueNumeric="9878" />
			<column name="identifier" value="8773983476" />
			<column name="create_datetime" valueDate="2014-10-22T23:19:26.350" />
			<column name="status_id" valueNumeric="10501" />
			<column name="entity_id" valueNumeric="1" />
			<column name="deleted" valueNumeric="0" />
			<column name="item_id" valueNumeric="320104" />
			<column name="order_line_id" />
			<column name="notes" value="Bulk Upload" />
			<column name="optlock" valueNumeric="0" />
			<column name="group_id" />
			<column name="provisioning_status" />
			<column name="global" valueBoolean="true" />
		</insert>
		<insert tableName="asset">
			<column name="id" valueNumeric="9879" />
			<column name="identifier" value="8773983718" />
			<column name="create_datetime" valueDate="2014-10-22T23:19:26.422" />
			<column name="status_id" valueNumeric="10501" />
			<column name="entity_id" valueNumeric="1" />
			<column name="deleted" valueNumeric="0" />
			<column name="item_id" valueNumeric="320104" />
			<column name="order_line_id" />
			<column name="notes" value="Bulk Upload" />
			<column name="optlock" valueNumeric="0" />
			<column name="group_id" />
			<column name="provisioning_status" />
			<column name="global" valueBoolean="true" />
		</insert>
		<insert tableName="asset">
			<column name="id" valueNumeric="9880" />
			<column name="identifier" value="8773983846" />
			<column name="create_datetime" valueDate="2014-10-22T23:19:26.456" />
			<column name="status_id" valueNumeric="10501" />
			<column name="entity_id" valueNumeric="1" />
			<column name="deleted" valueNumeric="0" />
			<column name="item_id" valueNumeric="320104" />
			<column name="order_line_id" />
			<column name="notes" value="Bulk Upload" />
			<column name="optlock" valueNumeric="0" />
			<column name="group_id" />
			<column name="provisioning_status" />
			<column name="global" valueBoolean="true" />
		</insert>
		<insert tableName="asset">
			<column name="id" valueNumeric="9881" />
			<column name="identifier" value="8773984105" />
			<column name="create_datetime" valueDate="2014-10-22T23:19:26.464" />
			<column name="status_id" valueNumeric="10501" />
			<column name="entity_id" valueNumeric="1" />
			<column name="deleted" valueNumeric="0" />
			<column name="item_id" valueNumeric="320104" />
			<column name="order_line_id" />
			<column name="notes" value="Bulk Upload" />
			<column name="optlock" valueNumeric="0" />
			<column name="group_id" />
			<column name="provisioning_status" />
			<column name="global" valueBoolean="true" />
		</insert>
		<insert tableName="asset">
			<column name="id" valueNumeric="9882" />
			<column name="identifier" value="8773984767" />
			<column name="create_datetime" valueDate="2014-10-22T23:19:26.485" />
			<column name="status_id" valueNumeric="10501" />
			<column name="entity_id" valueNumeric="1" />
			<column name="deleted" valueNumeric="0" />
			<column name="item_id" valueNumeric="320104" />
			<column name="order_line_id" />
			<column name="notes" value="Bulk Upload" />
			<column name="optlock" valueNumeric="0" />
			<column name="group_id" />
			<column name="provisioning_status" />
			<column name="global" valueBoolean="true" />
		</insert>
		<insert tableName="asset">
			<column name="id" valueNumeric="9883" />
			<column name="identifier" value="8773985194" />
			<column name="create_datetime" valueDate="2014-10-22T23:19:26.492" />
			<column name="status_id" valueNumeric="10501" />
			<column name="entity_id" valueNumeric="1" />
			<column name="deleted" valueNumeric="0" />
			<column name="item_id" valueNumeric="320104" />
			<column name="order_line_id" />
			<column name="notes" value="Bulk Upload" />
			<column name="optlock" valueNumeric="0" />
			<column name="group_id" />
			<column name="provisioning_status" />
			<column name="global" valueBoolean="true" />
		</insert>
		<insert tableName="asset">
			<column name="id" valueNumeric="9884" />
			<column name="identifier" value="8773985431" />
			<column name="create_datetime" valueDate="2014-10-22T23:19:26.560" />
			<column name="status_id" valueNumeric="10501" />
			<column name="entity_id" valueNumeric="1" />
			<column name="deleted" valueNumeric="0" />
			<column name="item_id" valueNumeric="320104" />
			<column name="order_line_id" />
			<column name="notes" value="Bulk Upload" />
			<column name="optlock" valueNumeric="0" />
			<column name="group_id" />
			<column name="provisioning_status" />
			<column name="global" valueBoolean="true" />
		</insert>
		<insert tableName="asset">
			<column name="id" valueNumeric="9885" />
			<column name="identifier" value="8773985954" />
			<column name="create_datetime" valueDate="2014-10-22T23:19:26.571" />
			<column name="status_id" valueNumeric="10501" />
			<column name="entity_id" valueNumeric="1" />
			<column name="deleted" valueNumeric="0" />
			<column name="item_id" valueNumeric="320104" />
			<column name="order_line_id" />
			<column name="notes" value="Bulk Upload" />
			<column name="optlock" valueNumeric="0" />
			<column name="group_id" />
			<column name="provisioning_status" />
			<column name="global" valueBoolean="true" />
		</insert>
		<insert tableName="asset">
			<column name="id" valueNumeric="9886" />
			<column name="identifier" value="8773985996" />
			<column name="create_datetime" valueDate="2014-10-22T23:19:26.583" />
			<column name="status_id" valueNumeric="10501" />
			<column name="entity_id" valueNumeric="1" />
			<column name="deleted" valueNumeric="0" />
			<column name="item_id" valueNumeric="320104" />
			<column name="order_line_id" />
			<column name="notes" value="Bulk Upload" />
			<column name="optlock" valueNumeric="0" />
			<column name="group_id" />
			<column name="provisioning_status" />
			<column name="global" valueBoolean="true" />
		</insert>
		<insert tableName="asset">
			<column name="id" valueNumeric="9887" />
			<column name="identifier" value="8773986018" />
			<column name="create_datetime" valueDate="2014-10-22T23:19:26.607" />
			<column name="status_id" valueNumeric="10501" />
			<column name="entity_id" valueNumeric="1" />
			<column name="deleted" valueNumeric="0" />
			<column name="item_id" valueNumeric="320104" />
			<column name="order_line_id" />
			<column name="notes" value="Bulk Upload" />
			<column name="optlock" valueNumeric="0" />
			<column name="group_id" />
			<column name="provisioning_status" />
			<column name="global" valueBoolean="true" />
		</insert>
		<insert tableName="asset">
			<column name="id" valueNumeric="9888" />
			<column name="identifier" value="8773986048" />
			<column name="create_datetime" valueDate="2014-10-22T23:19:26.614" />
			<column name="status_id" valueNumeric="10501" />
			<column name="entity_id" valueNumeric="1" />
			<column name="deleted" valueNumeric="0" />
			<column name="item_id" valueNumeric="320104" />
			<column name="order_line_id" />
			<column name="notes" value="Bulk Upload" />
			<column name="optlock" valueNumeric="0" />
			<column name="group_id" />
			<column name="provisioning_status" />
			<column name="global" valueBoolean="true" />
		</insert>
		<insert tableName="asset">
			<column name="id" valueNumeric="9889" />
			<column name="identifier" value="8773986248" />
			<column name="create_datetime" valueDate="2014-10-22T23:19:26.620" />
			<column name="status_id" valueNumeric="10501" />
			<column name="entity_id" valueNumeric="1" />
			<column name="deleted" valueNumeric="0" />
			<column name="item_id" valueNumeric="320104" />
			<column name="order_line_id" />
			<column name="notes" value="Bulk Upload" />
			<column name="optlock" valueNumeric="0" />
			<column name="group_id" />
			<column name="provisioning_status" />
			<column name="global" valueBoolean="true" />
		</insert>
		<insert tableName="asset">
			<column name="id" valueNumeric="9890" />
			<column name="identifier" value="8773986797" />
			<column name="create_datetime" valueDate="2014-10-22T23:19:26.771" />
			<column name="status_id" valueNumeric="10501" />
			<column name="entity_id" valueNumeric="1" />
			<column name="deleted" valueNumeric="0" />
			<column name="item_id" valueNumeric="320104" />
			<column name="order_line_id" />
			<column name="notes" value="Bulk Upload" />
			<column name="optlock" valueNumeric="0" />
			<column name="group_id" />
			<column name="provisioning_status" />
			<column name="global" valueBoolean="true" />
		</insert>
		<insert tableName="asset">
			<column name="id" valueNumeric="9891" />
			<column name="identifier" value="8773989644" />
			<column name="create_datetime" valueDate="2014-10-22T23:19:26.778" />
			<column name="status_id" valueNumeric="10501" />
			<column name="entity_id" valueNumeric="1" />
			<column name="deleted" valueNumeric="0" />
			<column name="item_id" valueNumeric="320104" />
			<column name="order_line_id" />
			<column name="notes" value="Bulk Upload" />
			<column name="optlock" valueNumeric="0" />
			<column name="group_id" />
			<column name="provisioning_status" />
			<column name="global" valueBoolean="true" />
		</insert>
		<insert tableName="asset">
			<column name="id" valueNumeric="9892" />
			<column name="identifier" value="8773989982" />
			<column name="create_datetime" valueDate="2014-10-22T23:19:26.784" />
			<column name="status_id" valueNumeric="10501" />
			<column name="entity_id" valueNumeric="1" />
			<column name="deleted" valueNumeric="0" />
			<column name="item_id" valueNumeric="320104" />
			<column name="order_line_id" />
			<column name="notes" value="Bulk Upload" />
			<column name="optlock" valueNumeric="0" />
			<column name="group_id" />
			<column name="provisioning_status" />
			<column name="global" valueBoolean="true" />
		</insert>
		<insert tableName="asset">
			<column name="id" valueNumeric="9893" />
			<column name="identifier" value="8773990489" />
			<column name="create_datetime" valueDate="2014-10-22T23:19:26.817" />
			<column name="status_id" valueNumeric="10501" />
			<column name="entity_id" valueNumeric="1" />
			<column name="deleted" valueNumeric="0" />
			<column name="item_id" valueNumeric="320104" />
			<column name="order_line_id" />
			<column name="notes" value="Bulk Upload" />
			<column name="optlock" valueNumeric="0" />
			<column name="group_id" />
			<column name="provisioning_status" />
			<column name="global" valueBoolean="true" />
		</insert>
		<insert tableName="asset">
			<column name="id" valueNumeric="9894" />
			<column name="identifier" value="8773991477" />
			<column name="create_datetime" valueDate="2014-10-22T23:19:26.990" />
			<column name="status_id" valueNumeric="10501" />
			<column name="entity_id" valueNumeric="1" />
			<column name="deleted" valueNumeric="0" />
			<column name="item_id" valueNumeric="320104" />
			<column name="order_line_id" />
			<column name="notes" value="Bulk Upload" />
			<column name="optlock" valueNumeric="0" />
			<column name="group_id" />
			<column name="provisioning_status" />
			<column name="global" valueBoolean="true" />
		</insert>
		<insert tableName="asset">
			<column name="id" valueNumeric="9895" />
			<column name="identifier" value="8773991596" />
			<column name="create_datetime" valueDate="2014-10-22T23:19:26.997" />
			<column name="status_id" valueNumeric="10501" />
			<column name="entity_id" valueNumeric="1" />
			<column name="deleted" valueNumeric="0" />
			<column name="item_id" valueNumeric="320104" />
			<column name="order_line_id" />
			<column name="notes" value="Bulk Upload" />
			<column name="optlock" valueNumeric="0" />
			<column name="group_id" />
			<column name="provisioning_status" />
			<column name="global" valueBoolean="true" />
		</insert>
		<insert tableName="asset">
			<column name="id" valueNumeric="9896" />
			<column name="identifier" value="8773992546" />
			<column name="create_datetime" valueDate="2014-10-22T23:19:27.4" />
			<column name="status_id" valueNumeric="10501" />
			<column name="entity_id" valueNumeric="1" />
			<column name="deleted" valueNumeric="0" />
			<column name="item_id" valueNumeric="320104" />
			<column name="order_line_id" />
			<column name="notes" value="Bulk Upload" />
			<column name="optlock" valueNumeric="0" />
			<column name="group_id" />
			<column name="provisioning_status" />
			<column name="global" valueBoolean="true" />
		</insert>
		<insert tableName="asset">
			<column name="id" valueNumeric="9897" />
			<column name="identifier" value="8773993542" />
			<column name="create_datetime" valueDate="2014-10-22T23:19:27.20" />
			<column name="status_id" valueNumeric="10501" />
			<column name="entity_id" valueNumeric="1" />
			<column name="deleted" valueNumeric="0" />
			<column name="item_id" valueNumeric="320104" />
			<column name="order_line_id" />
			<column name="notes" value="Bulk Upload" />
			<column name="optlock" valueNumeric="0" />
			<column name="group_id" />
			<column name="provisioning_status" />
			<column name="global" valueBoolean="true" />
		</insert>
		<insert tableName="asset">
			<column name="id" valueNumeric="9898" />
			<column name="identifier" value="8773994307" />
			<column name="create_datetime" valueDate="2014-10-22T23:19:27.58" />
			<column name="status_id" valueNumeric="10501" />
			<column name="entity_id" valueNumeric="1" />
			<column name="deleted" valueNumeric="0" />
			<column name="item_id" valueNumeric="320104" />
			<column name="order_line_id" />
			<column name="notes" value="Bulk Upload" />
			<column name="optlock" valueNumeric="0" />
			<column name="group_id" />
			<column name="provisioning_status" />
			<column name="global" valueBoolean="true" />
		</insert>
		<insert tableName="asset">
			<column name="id" valueNumeric="9899" />
			<column name="identifier" value="8773994841" />
			<column name="create_datetime" valueDate="2014-10-22T23:19:27.69" />
			<column name="status_id" valueNumeric="10501" />
			<column name="entity_id" valueNumeric="1" />
			<column name="deleted" valueNumeric="0" />
			<column name="item_id" valueNumeric="320104" />
			<column name="order_line_id" />
			<column name="notes" value="Bulk Upload" />
			<column name="optlock" valueNumeric="0" />
			<column name="group_id" />
			<column name="provisioning_status" />
			<column name="global" valueBoolean="true" />
		</insert>
		<insert tableName="asset">
			<column name="id" valueNumeric="9900" />
			<column name="identifier" value="8773995339" />
			<column name="create_datetime" valueDate="2014-10-22T23:19:27.76" />
			<column name="status_id" valueNumeric="10501" />
			<column name="entity_id" valueNumeric="1" />
			<column name="deleted" valueNumeric="0" />
			<column name="item_id" valueNumeric="320104" />
			<column name="order_line_id" />
			<column name="notes" value="Bulk Upload" />
			<column name="optlock" valueNumeric="0" />
			<column name="group_id" />
			<column name="provisioning_status" />
			<column name="global" valueBoolean="true" />
		</insert>
		<insert tableName="asset">
			<column name="id" valueNumeric="9901" />
			<column name="identifier" value="8773995641" />
			<column name="create_datetime" valueDate="2014-10-22T23:19:27.89" />
			<column name="status_id" valueNumeric="10501" />
			<column name="entity_id" valueNumeric="1" />
			<column name="deleted" valueNumeric="0" />
			<column name="item_id" valueNumeric="320104" />
			<column name="order_line_id" />
			<column name="notes" value="Bulk Upload" />
			<column name="optlock" valueNumeric="0" />
			<column name="group_id" />
			<column name="provisioning_status" />
			<column name="global" valueBoolean="true" />
		</insert>
		<insert tableName="asset">
			<column name="id" valueNumeric="9902" />
			<column name="identifier" value="8773995657" />
			<column name="create_datetime" valueDate="2014-10-22T23:19:27.111" />
			<column name="status_id" valueNumeric="10501" />
			<column name="entity_id" valueNumeric="1" />
			<column name="deleted" valueNumeric="0" />
			<column name="item_id" valueNumeric="320104" />
			<column name="order_line_id" />
			<column name="notes" value="Bulk Upload" />
			<column name="optlock" valueNumeric="0" />
			<column name="group_id" />
			<column name="provisioning_status" />
			<column name="global" valueBoolean="true" />
		</insert>
		<insert tableName="asset">
			<column name="id" valueNumeric="9903" />
			<column name="identifier" value="8773995690" />
			<column name="create_datetime" valueDate="2014-10-22T23:19:27.122" />
			<column name="status_id" valueNumeric="10501" />
			<column name="entity_id" valueNumeric="1" />
			<column name="deleted" valueNumeric="0" />
			<column name="item_id" valueNumeric="320104" />
			<column name="order_line_id" />
			<column name="notes" value="Bulk Upload" />
			<column name="optlock" valueNumeric="0" />
			<column name="group_id" />
			<column name="provisioning_status" />
			<column name="global" valueBoolean="true" />
		</insert>
		<insert tableName="asset">
			<column name="id" valueNumeric="9904" />
			<column name="identifier" value="8773996366" />
			<column name="create_datetime" valueDate="2014-10-22T23:19:27.128" />
			<column name="status_id" valueNumeric="10501" />
			<column name="entity_id" valueNumeric="1" />
			<column name="deleted" valueNumeric="0" />
			<column name="item_id" valueNumeric="320104" />
			<column name="order_line_id" />
			<column name="notes" value="Bulk Upload" />
			<column name="optlock" valueNumeric="0" />
			<column name="group_id" />
			<column name="provisioning_status" />
			<column name="global" valueBoolean="true" />
		</insert>
		<insert tableName="asset">
			<column name="id" valueNumeric="9905" />
			<column name="identifier" value="8773996563" />
			<column name="create_datetime" valueDate="2014-10-22T23:19:27.235" />
			<column name="status_id" valueNumeric="10501" />
			<column name="entity_id" valueNumeric="1" />
			<column name="deleted" valueNumeric="0" />
			<column name="item_id" valueNumeric="320104" />
			<column name="order_line_id" />
			<column name="notes" value="Bulk Upload" />
			<column name="optlock" valueNumeric="0" />
			<column name="group_id" />
			<column name="provisioning_status" />
			<column name="global" valueBoolean="true" />
		</insert>
		<insert tableName="asset">
			<column name="id" valueNumeric="9906" />
			<column name="identifier" value="8773999654" />
			<column name="create_datetime" valueDate="2014-10-22T23:19:27.265" />
			<column name="status_id" valueNumeric="10501" />
			<column name="entity_id" valueNumeric="1" />
			<column name="deleted" valueNumeric="0" />
			<column name="item_id" valueNumeric="320104" />
			<column name="order_line_id" />
			<column name="notes" value="Bulk Upload" />
			<column name="optlock" valueNumeric="0" />
			<column name="group_id" />
			<column name="provisioning_status" />
			<column name="global" valueBoolean="true" />
		</insert>
		<insert tableName="asset">
			<column name="id" valueNumeric="9907" />
			<column name="identifier" value="8774000242" />
			<column name="create_datetime" valueDate="2014-10-22T23:19:27.280" />
			<column name="status_id" valueNumeric="10501" />
			<column name="entity_id" valueNumeric="1" />
			<column name="deleted" valueNumeric="0" />
			<column name="item_id" valueNumeric="320104" />
			<column name="order_line_id" />
			<column name="notes" value="Bulk Upload" />
			<column name="optlock" valueNumeric="0" />
			<column name="group_id" />
			<column name="provisioning_status" />
			<column name="global" valueBoolean="true" />
		</insert>
		<insert tableName="asset">
			<column name="id" valueNumeric="9908" />
			<column name="identifier" value="8774003096" />
			<column name="create_datetime" valueDate="2014-10-22T23:19:27.289" />
			<column name="status_id" valueNumeric="10501" />
			<column name="entity_id" valueNumeric="1" />
			<column name="deleted" valueNumeric="0" />
			<column name="item_id" valueNumeric="320104" />
			<column name="order_line_id" />
			<column name="notes" value="Bulk Upload" />
			<column name="optlock" valueNumeric="0" />
			<column name="group_id" />
			<column name="provisioning_status" />
			<column name="global" valueBoolean="true" />
		</insert>
		<insert tableName="asset">
			<column name="id" valueNumeric="9909" />
			<column name="identifier" value="8774004255" />
			<column name="create_datetime" valueDate="2014-10-22T23:19:27.537" />
			<column name="status_id" valueNumeric="10501" />
			<column name="entity_id" valueNumeric="1" />
			<column name="deleted" valueNumeric="0" />
			<column name="item_id" valueNumeric="320104" />
			<column name="order_line_id" />
			<column name="notes" value="Bulk Upload" />
			<column name="optlock" valueNumeric="0" />
			<column name="group_id" />
			<column name="provisioning_status" />
			<column name="global" valueBoolean="true" />
		</insert>
		<insert tableName="asset">
			<column name="id" valueNumeric="9910" />
			<column name="identifier" value="8774005096" />
			<column name="create_datetime" valueDate="2014-10-22T23:19:27.544" />
			<column name="status_id" valueNumeric="10501" />
			<column name="entity_id" valueNumeric="1" />
			<column name="deleted" valueNumeric="0" />
			<column name="item_id" valueNumeric="320104" />
			<column name="order_line_id" />
			<column name="notes" value="Bulk Upload" />
			<column name="optlock" valueNumeric="0" />
			<column name="group_id" />
			<column name="provisioning_status" />
			<column name="global" valueBoolean="true" />
		</insert>
		<insert tableName="asset">
			<column name="id" valueNumeric="9911" />
			<column name="identifier" value="8774005596" />
			<column name="create_datetime" valueDate="2014-10-22T23:19:27.577" />
			<column name="status_id" valueNumeric="10501" />
			<column name="entity_id" valueNumeric="1" />
			<column name="deleted" valueNumeric="0" />
			<column name="item_id" valueNumeric="320104" />
			<column name="order_line_id" />
			<column name="notes" value="Bulk Upload" />
			<column name="optlock" valueNumeric="0" />
			<column name="group_id" />
			<column name="provisioning_status" />
			<column name="global" valueBoolean="true" />
		</insert>
		<insert tableName="asset">
			<column name="id" valueNumeric="9912" />
			<column name="identifier" value="8774008694" />
			<column name="create_datetime" valueDate="2014-10-22T23:19:27.583" />
			<column name="status_id" valueNumeric="10501" />
			<column name="entity_id" valueNumeric="1" />
			<column name="deleted" valueNumeric="0" />
			<column name="item_id" valueNumeric="320104" />
			<column name="order_line_id" />
			<column name="notes" value="Bulk Upload" />
			<column name="optlock" valueNumeric="0" />
			<column name="group_id" />
			<column name="provisioning_status" />
			<column name="global" valueBoolean="true" />
		</insert>
		<insert tableName="asset">
			<column name="id" valueNumeric="9913" />
			<column name="identifier" value="8774008886" />
			<column name="create_datetime" valueDate="2014-10-22T23:19:27.603" />
			<column name="status_id" valueNumeric="10501" />
			<column name="entity_id" valueNumeric="1" />
			<column name="deleted" valueNumeric="0" />
			<column name="item_id" valueNumeric="320104" />
			<column name="order_line_id" />
			<column name="notes" value="Bulk Upload" />
			<column name="optlock" valueNumeric="0" />
			<column name="group_id" />
			<column name="provisioning_status" />
			<column name="global" valueBoolean="true" />
		</insert>
		<insert tableName="asset">
			<column name="id" valueNumeric="9914" />
			<column name="identifier" value="8774008887" />
			<column name="create_datetime" valueDate="2014-10-22T23:19:27.622" />
			<column name="status_id" valueNumeric="10501" />
			<column name="entity_id" valueNumeric="1" />
			<column name="deleted" valueNumeric="0" />
			<column name="item_id" valueNumeric="320104" />
			<column name="order_line_id" />
			<column name="notes" value="Bulk Upload" />
			<column name="optlock" valueNumeric="0" />
			<column name="group_id" />
			<column name="provisioning_status" />
			<column name="global" valueBoolean="true" />
		</insert>
		<insert tableName="asset">
			<column name="id" valueNumeric="9915" />
			<column name="identifier" value="8774009881" />
			<column name="create_datetime" valueDate="2014-10-22T23:19:27.649" />
			<column name="status_id" valueNumeric="10501" />
			<column name="entity_id" valueNumeric="1" />
			<column name="deleted" valueNumeric="0" />
			<column name="item_id" valueNumeric="320104" />
			<column name="order_line_id" />
			<column name="notes" value="Bulk Upload" />
			<column name="optlock" valueNumeric="0" />
			<column name="group_id" />
			<column name="provisioning_status" />
			<column name="global" valueBoolean="true" />
		</insert>
		<insert tableName="asset">
			<column name="id" valueNumeric="9916" />
			<column name="identifier" value="8774011670" />
			<column name="create_datetime" valueDate="2014-10-22T23:19:27.703" />
			<column name="status_id" valueNumeric="10501" />
			<column name="entity_id" valueNumeric="1" />
			<column name="deleted" valueNumeric="0" />
			<column name="item_id" valueNumeric="320104" />
			<column name="order_line_id" />
			<column name="notes" value="Bulk Upload" />
			<column name="optlock" valueNumeric="0" />
			<column name="group_id" />
			<column name="provisioning_status" />
			<column name="global" valueBoolean="true" />
		</insert>
		<insert tableName="asset">
			<column name="id" valueNumeric="9917" />
			<column name="identifier" value="8774012588" />
			<column name="create_datetime" valueDate="2014-10-22T23:19:27.810" />
			<column name="status_id" valueNumeric="10501" />
			<column name="entity_id" valueNumeric="1" />
			<column name="deleted" valueNumeric="0" />
			<column name="item_id" valueNumeric="320104" />
			<column name="order_line_id" />
			<column name="notes" value="Bulk Upload" />
			<column name="optlock" valueNumeric="0" />
			<column name="group_id" />
			<column name="provisioning_status" />
			<column name="global" valueBoolean="true" />
		</insert>
		<insert tableName="asset">
			<column name="id" valueNumeric="9918" />
			<column name="identifier" value="8774015748" />
			<column name="create_datetime" valueDate="2014-10-22T23:19:27.835" />
			<column name="status_id" valueNumeric="10501" />
			<column name="entity_id" valueNumeric="1" />
			<column name="deleted" valueNumeric="0" />
			<column name="item_id" valueNumeric="320104" />
			<column name="order_line_id" />
			<column name="notes" value="Bulk Upload" />
			<column name="optlock" valueNumeric="0" />
			<column name="group_id" />
			<column name="provisioning_status" />
			<column name="global" valueBoolean="true" />
		</insert>
		<insert tableName="asset">
			<column name="id" valueNumeric="9919" />
			<column name="identifier" value="8774015970" />
			<column name="create_datetime" valueDate="2014-10-22T23:19:27.873" />
			<column name="status_id" valueNumeric="10501" />
			<column name="entity_id" valueNumeric="1" />
			<column name="deleted" valueNumeric="0" />
			<column name="item_id" valueNumeric="320104" />
			<column name="order_line_id" />
			<column name="notes" value="Bulk Upload" />
			<column name="optlock" valueNumeric="0" />
			<column name="group_id" />
			<column name="provisioning_status" />
			<column name="global" valueBoolean="true" />
		</insert>
		<insert tableName="asset">
			<column name="id" valueNumeric="9920" />
			<column name="identifier" value="8774016571" />
			<column name="create_datetime" valueDate="2014-10-22T23:19:28.103" />
			<column name="status_id" valueNumeric="10501" />
			<column name="entity_id" valueNumeric="1" />
			<column name="deleted" valueNumeric="0" />
			<column name="item_id" valueNumeric="320104" />
			<column name="order_line_id" />
			<column name="notes" value="Bulk Upload" />
			<column name="optlock" valueNumeric="0" />
			<column name="group_id" />
			<column name="provisioning_status" />
			<column name="global" valueBoolean="true" />
		</insert>
		<insert tableName="asset">
			<column name="id" valueNumeric="9921" />
			<column name="identifier" value="8774017642" />
			<column name="create_datetime" valueDate="2014-10-22T23:19:28.123" />
			<column name="status_id" valueNumeric="10501" />
			<column name="entity_id" valueNumeric="1" />
			<column name="deleted" valueNumeric="0" />
			<column name="item_id" valueNumeric="320104" />
			<column name="order_line_id" />
			<column name="notes" value="Bulk Upload" />
			<column name="optlock" valueNumeric="0" />
			<column name="group_id" />
			<column name="provisioning_status" />
			<column name="global" valueBoolean="true" />
		</insert>
		<insert tableName="asset">
			<column name="id" valueNumeric="9922" />
			<column name="identifier" value="8774017694" />
			<column name="create_datetime" valueDate="2014-10-22T23:19:28.139" />
			<column name="status_id" valueNumeric="10501" />
			<column name="entity_id" valueNumeric="1" />
			<column name="deleted" valueNumeric="0" />
			<column name="item_id" valueNumeric="320104" />
			<column name="order_line_id" />
			<column name="notes" value="Bulk Upload" />
			<column name="optlock" valueNumeric="0" />
			<column name="group_id" />
			<column name="provisioning_status" />
			<column name="global" valueBoolean="true" />
		</insert>
		<insert tableName="asset">
			<column name="id" valueNumeric="9923" />
			<column name="identifier" value="8774017711" />
			<column name="create_datetime" valueDate="2014-10-22T23:19:28.176" />
			<column name="status_id" valueNumeric="10501" />
			<column name="entity_id" valueNumeric="1" />
			<column name="deleted" valueNumeric="0" />
			<column name="item_id" valueNumeric="320104" />
			<column name="order_line_id" />
			<column name="notes" value="Bulk Upload" />
			<column name="optlock" valueNumeric="0" />
			<column name="group_id" />
			<column name="provisioning_status" />
			<column name="global" valueBoolean="true" />
		</insert>
		<insert tableName="asset">
			<column name="id" valueNumeric="9924" />
			<column name="identifier" value="8774017739" />
			<column name="create_datetime" valueDate="2014-10-22T23:19:28.202" />
			<column name="status_id" valueNumeric="10501" />
			<column name="entity_id" valueNumeric="1" />
			<column name="deleted" valueNumeric="0" />
			<column name="item_id" valueNumeric="320104" />
			<column name="order_line_id" />
			<column name="notes" value="Bulk Upload" />
			<column name="optlock" valueNumeric="0" />
			<column name="group_id" />
			<column name="provisioning_status" />
			<column name="global" valueBoolean="true" />
		</insert>
		<insert tableName="asset">
			<column name="id" valueNumeric="9925" />
			<column name="identifier" value="8774017740" />
			<column name="create_datetime" valueDate="2014-10-22T23:19:28.223" />
			<column name="status_id" valueNumeric="10501" />
			<column name="entity_id" valueNumeric="1" />
			<column name="deleted" valueNumeric="0" />
			<column name="item_id" valueNumeric="320104" />
			<column name="order_line_id" />
			<column name="notes" value="Bulk Upload" />
			<column name="optlock" valueNumeric="0" />
			<column name="group_id" />
			<column name="provisioning_status" />
			<column name="global" valueBoolean="true" />
		</insert>
		<insert tableName="asset">
			<column name="id" valueNumeric="9926" />
			<column name="identifier" value="8774017744" />
			<column name="create_datetime" valueDate="2014-10-22T23:19:28.256" />
			<column name="status_id" valueNumeric="10501" />
			<column name="entity_id" valueNumeric="1" />
			<column name="deleted" valueNumeric="0" />
			<column name="item_id" valueNumeric="320104" />
			<column name="order_line_id" />
			<column name="notes" value="Bulk Upload" />
			<column name="optlock" valueNumeric="0" />
			<column name="group_id" />
			<column name="provisioning_status" />
			<column name="global" valueBoolean="true" />
		</insert>
		<insert tableName="asset">
			<column name="id" valueNumeric="9927" />
			<column name="identifier" value="8774017745" />
			<column name="create_datetime" valueDate="2014-10-22T23:19:28.273" />
			<column name="status_id" valueNumeric="10501" />
			<column name="entity_id" valueNumeric="1" />
			<column name="deleted" valueNumeric="0" />
			<column name="item_id" valueNumeric="320104" />
			<column name="order_line_id" />
			<column name="notes" value="Bulk Upload" />
			<column name="optlock" valueNumeric="0" />
			<column name="group_id" />
			<column name="provisioning_status" />
			<column name="global" valueBoolean="true" />
		</insert>
		<insert tableName="asset">
			<column name="id" valueNumeric="9928" />
			<column name="identifier" value="8774017830" />
			<column name="create_datetime" valueDate="2014-10-22T23:19:28.305" />
			<column name="status_id" valueNumeric="10501" />
			<column name="entity_id" valueNumeric="1" />
			<column name="deleted" valueNumeric="0" />
			<column name="item_id" valueNumeric="320104" />
			<column name="order_line_id" />
			<column name="notes" value="Bulk Upload" />
			<column name="optlock" valueNumeric="0" />
			<column name="group_id" />
			<column name="provisioning_status" />
			<column name="global" valueBoolean="true" />
		</insert>
		<insert tableName="asset">
			<column name="id" valueNumeric="9929" />
			<column name="identifier" value="8774018980" />
			<column name="create_datetime" valueDate="2014-10-22T23:19:28.312" />
			<column name="status_id" valueNumeric="10501" />
			<column name="entity_id" valueNumeric="1" />
			<column name="deleted" valueNumeric="0" />
			<column name="item_id" valueNumeric="320104" />
			<column name="order_line_id" />
			<column name="notes" value="Bulk Upload" />
			<column name="optlock" valueNumeric="0" />
			<column name="group_id" />
			<column name="provisioning_status" />
			<column name="global" valueBoolean="true" />
		</insert>
		<insert tableName="asset">
			<column name="id" valueNumeric="9930" />
			<column name="identifier" value="8774024744" />
			<column name="create_datetime" valueDate="2014-10-22T23:19:28.318" />
			<column name="status_id" valueNumeric="10501" />
			<column name="entity_id" valueNumeric="1" />
			<column name="deleted" valueNumeric="0" />
			<column name="item_id" valueNumeric="320104" />
			<column name="order_line_id" />
			<column name="notes" value="Bulk Upload" />
			<column name="optlock" valueNumeric="0" />
			<column name="group_id" />
			<column name="provisioning_status" />
			<column name="global" valueBoolean="true" />
		</insert>
		<insert tableName="asset">
			<column name="id" valueNumeric="9931" />
			<column name="identifier" value="8774025143" />
			<column name="create_datetime" valueDate="2014-10-22T23:19:28.326" />
			<column name="status_id" valueNumeric="10501" />
			<column name="entity_id" valueNumeric="1" />
			<column name="deleted" valueNumeric="0" />
			<column name="item_id" valueNumeric="320104" />
			<column name="order_line_id" />
			<column name="notes" value="Bulk Upload" />
			<column name="optlock" valueNumeric="0" />
			<column name="group_id" />
			<column name="provisioning_status" />
			<column name="global" valueBoolean="true" />
		</insert>
		<insert tableName="asset">
			<column name="id" valueNumeric="9932" />
			<column name="identifier" value="8774026770" />
			<column name="create_datetime" valueDate="2014-10-22T23:19:28.333" />
			<column name="status_id" valueNumeric="10501" />
			<column name="entity_id" valueNumeric="1" />
			<column name="deleted" valueNumeric="0" />
			<column name="item_id" valueNumeric="320104" />
			<column name="order_line_id" />
			<column name="notes" value="Bulk Upload" />
			<column name="optlock" valueNumeric="0" />
			<column name="group_id" />
			<column name="provisioning_status" />
			<column name="global" valueBoolean="true" />
		</insert>
		<insert tableName="asset">
			<column name="id" valueNumeric="9933" />
			<column name="identifier" value="8774028570" />
			<column name="create_datetime" valueDate="2014-10-22T23:19:28.374" />
			<column name="status_id" valueNumeric="10501" />
			<column name="entity_id" valueNumeric="1" />
			<column name="deleted" valueNumeric="0" />
			<column name="item_id" valueNumeric="320104" />
			<column name="order_line_id" />
			<column name="notes" value="Bulk Upload" />
			<column name="optlock" valueNumeric="0" />
			<column name="group_id" />
			<column name="provisioning_status" />
			<column name="global" valueBoolean="true" />
		</insert>
		<insert tableName="asset">
			<column name="id" valueNumeric="9934" />
			<column name="identifier" value="8774029117" />
			<column name="create_datetime" valueDate="2014-10-22T23:19:28.390" />
			<column name="status_id" valueNumeric="10501" />
			<column name="entity_id" valueNumeric="1" />
			<column name="deleted" valueNumeric="0" />
			<column name="item_id" valueNumeric="320104" />
			<column name="order_line_id" />
			<column name="notes" value="Bulk Upload" />
			<column name="optlock" valueNumeric="0" />
			<column name="group_id" />
			<column name="provisioning_status" />
			<column name="global" valueBoolean="true" />
		</insert>
		<insert tableName="asset">
			<column name="id" valueNumeric="9935" />
			<column name="identifier" value="8774029759" />
			<column name="create_datetime" valueDate="2014-10-22T23:19:28.406" />
			<column name="status_id" valueNumeric="10501" />
			<column name="entity_id" valueNumeric="1" />
			<column name="deleted" valueNumeric="0" />
			<column name="item_id" valueNumeric="320104" />
			<column name="order_line_id" />
			<column name="notes" value="Bulk Upload" />
			<column name="optlock" valueNumeric="0" />
			<column name="group_id" />
			<column name="provisioning_status" />
			<column name="global" valueBoolean="true" />
		</insert>
		<insert tableName="asset">
			<column name="id" valueNumeric="9936" />
			<column name="identifier" value="8774029803" />
			<column name="create_datetime" valueDate="2014-10-22T23:19:28.432" />
			<column name="status_id" valueNumeric="10501" />
			<column name="entity_id" valueNumeric="1" />
			<column name="deleted" valueNumeric="0" />
			<column name="item_id" valueNumeric="320104" />
			<column name="order_line_id" />
			<column name="notes" value="Bulk Upload" />
			<column name="optlock" valueNumeric="0" />
			<column name="group_id" />
			<column name="provisioning_status" />
			<column name="global" valueBoolean="true" />
		</insert>
		<insert tableName="asset">
			<column name="id" valueNumeric="9937" />
			<column name="identifier" value="8774032848" />
			<column name="create_datetime" valueDate="2014-10-22T23:19:28.438" />
			<column name="status_id" valueNumeric="10501" />
			<column name="entity_id" valueNumeric="1" />
			<column name="deleted" valueNumeric="0" />
			<column name="item_id" valueNumeric="320104" />
			<column name="order_line_id" />
			<column name="notes" value="Bulk Upload" />
			<column name="optlock" valueNumeric="0" />
			<column name="group_id" />
			<column name="provisioning_status" />
			<column name="global" valueBoolean="true" />
		</insert>
		<insert tableName="asset">
			<column name="id" valueNumeric="9938" />
			<column name="identifier" value="8774032872" />
			<column name="create_datetime" valueDate="2014-10-22T23:19:28.494" />
			<column name="status_id" valueNumeric="10501" />
			<column name="entity_id" valueNumeric="1" />
			<column name="deleted" valueNumeric="0" />
			<column name="item_id" valueNumeric="320104" />
			<column name="order_line_id" />
			<column name="notes" value="Bulk Upload" />
			<column name="optlock" valueNumeric="0" />
			<column name="group_id" />
			<column name="provisioning_status" />
			<column name="global" valueBoolean="true" />
		</insert>
		<insert tableName="asset">
			<column name="id" valueNumeric="9939" />
			<column name="identifier" value="8774032898" />
			<column name="create_datetime" valueDate="2014-10-22T23:19:28.516" />
			<column name="status_id" valueNumeric="10501" />
			<column name="entity_id" valueNumeric="1" />
			<column name="deleted" valueNumeric="0" />
			<column name="item_id" valueNumeric="320104" />
			<column name="order_line_id" />
			<column name="notes" value="Bulk Upload" />
			<column name="optlock" valueNumeric="0" />
			<column name="group_id" />
			<column name="provisioning_status" />
			<column name="global" valueBoolean="true" />
		</insert>
		<insert tableName="asset">
			<column name="id" valueNumeric="9940" />
			<column name="identifier" value="8774033683" />
			<column name="create_datetime" valueDate="2014-10-22T23:19:28.533" />
			<column name="status_id" valueNumeric="10501" />
			<column name="entity_id" valueNumeric="1" />
			<column name="deleted" valueNumeric="0" />
			<column name="item_id" valueNumeric="320104" />
			<column name="order_line_id" />
			<column name="notes" value="Bulk Upload" />
			<column name="optlock" valueNumeric="0" />
			<column name="group_id" />
			<column name="provisioning_status" />
			<column name="global" valueBoolean="true" />
		</insert>
		<insert tableName="asset">
			<column name="id" valueNumeric="9941" />
			<column name="identifier" value="8774033685" />
			<column name="create_datetime" valueDate="2014-10-22T23:19:28.554" />
			<column name="status_id" valueNumeric="10501" />
			<column name="entity_id" valueNumeric="1" />
			<column name="deleted" valueNumeric="0" />
			<column name="item_id" valueNumeric="320104" />
			<column name="order_line_id" />
			<column name="notes" value="Bulk Upload" />
			<column name="optlock" valueNumeric="0" />
			<column name="group_id" />
			<column name="provisioning_status" />
			<column name="global" valueBoolean="true" />
		</insert>
		<insert tableName="asset">
			<column name="id" valueNumeric="9942" />
			<column name="identifier" value="8774033686" />
			<column name="create_datetime" valueDate="2014-10-22T23:19:28.577" />
			<column name="status_id" valueNumeric="10501" />
			<column name="entity_id" valueNumeric="1" />
			<column name="deleted" valueNumeric="0" />
			<column name="item_id" valueNumeric="320104" />
			<column name="order_line_id" />
			<column name="notes" value="Bulk Upload" />
			<column name="optlock" valueNumeric="0" />
			<column name="group_id" />
			<column name="provisioning_status" />
			<column name="global" valueBoolean="true" />
		</insert>
		<insert tableName="asset">
			<column name="id" valueNumeric="9943" />
			<column name="identifier" value="8774035291" />
			<column name="create_datetime" valueDate="2014-10-22T23:19:28.642" />
			<column name="status_id" valueNumeric="10501" />
			<column name="entity_id" valueNumeric="1" />
			<column name="deleted" valueNumeric="0" />
			<column name="item_id" valueNumeric="320104" />
			<column name="order_line_id" />
			<column name="notes" value="Bulk Upload" />
			<column name="optlock" valueNumeric="0" />
			<column name="group_id" />
			<column name="provisioning_status" />
			<column name="global" valueBoolean="true" />
		</insert>
		<insert tableName="asset">
			<column name="id" valueNumeric="9944" />
			<column name="identifier" value="8774036093" />
			<column name="create_datetime" valueDate="2014-10-22T23:19:28.654" />
			<column name="status_id" valueNumeric="10501" />
			<column name="entity_id" valueNumeric="1" />
			<column name="deleted" valueNumeric="0" />
			<column name="item_id" valueNumeric="320104" />
			<column name="order_line_id" />
			<column name="notes" value="Bulk Upload" />
			<column name="optlock" valueNumeric="0" />
			<column name="group_id" />
			<column name="provisioning_status" />
			<column name="global" valueBoolean="true" />
		</insert>
		<insert tableName="asset">
			<column name="id" valueNumeric="9945" />
			<column name="identifier" value="8774036099" />
			<column name="create_datetime" valueDate="2014-10-22T23:19:28.685" />
			<column name="status_id" valueNumeric="10501" />
			<column name="entity_id" valueNumeric="1" />
			<column name="deleted" valueNumeric="0" />
			<column name="item_id" valueNumeric="320104" />
			<column name="order_line_id" />
			<column name="notes" value="Bulk Upload" />
			<column name="optlock" valueNumeric="0" />
			<column name="group_id" />
			<column name="provisioning_status" />
			<column name="global" valueBoolean="true" />
		</insert>
		<insert tableName="asset">
			<column name="id" valueNumeric="9946" />
			<column name="identifier" value="8774036247" />
			<column name="create_datetime" valueDate="2014-10-22T23:19:28.701" />
			<column name="status_id" valueNumeric="10501" />
			<column name="entity_id" valueNumeric="1" />
			<column name="deleted" valueNumeric="0" />
			<column name="item_id" valueNumeric="320104" />
			<column name="order_line_id" />
			<column name="notes" value="Bulk Upload" />
			<column name="optlock" valueNumeric="0" />
			<column name="group_id" />
			<column name="provisioning_status" />
			<column name="global" valueBoolean="true" />
		</insert>
		<insert tableName="asset">
			<column name="id" valueNumeric="9947" />
			<column name="identifier" value="8774036292" />
			<column name="create_datetime" valueDate="2014-10-22T23:19:28.727" />
			<column name="status_id" valueNumeric="10501" />
			<column name="entity_id" valueNumeric="1" />
			<column name="deleted" valueNumeric="0" />
			<column name="item_id" valueNumeric="320104" />
			<column name="order_line_id" />
			<column name="notes" value="Bulk Upload" />
			<column name="optlock" valueNumeric="0" />
			<column name="group_id" />
			<column name="provisioning_status" />
			<column name="global" valueBoolean="true" />
		</insert>
		<insert tableName="asset">
			<column name="id" valueNumeric="9948" />
			<column name="identifier" value="8774037984" />
			<column name="create_datetime" valueDate="2014-10-22T23:19:28.791" />
			<column name="status_id" valueNumeric="10501" />
			<column name="entity_id" valueNumeric="1" />
			<column name="deleted" valueNumeric="0" />
			<column name="item_id" valueNumeric="320104" />
			<column name="order_line_id" />
			<column name="notes" value="Bulk Upload" />
			<column name="optlock" valueNumeric="0" />
			<column name="group_id" />
			<column name="provisioning_status" />
			<column name="global" valueBoolean="true" />
		</insert>
		<insert tableName="asset">
			<column name="id" valueNumeric="9949" />
			<column name="identifier" value="8774038759" />
			<column name="create_datetime" valueDate="2014-10-22T23:19:28.802" />
			<column name="status_id" valueNumeric="10501" />
			<column name="entity_id" valueNumeric="1" />
			<column name="deleted" valueNumeric="0" />
			<column name="item_id" valueNumeric="320104" />
			<column name="order_line_id" />
			<column name="notes" value="Bulk Upload" />
			<column name="optlock" valueNumeric="0" />
			<column name="group_id" />
			<column name="provisioning_status" />
			<column name="global" valueBoolean="true" />
		</insert>
		<insert tableName="asset">
			<column name="id" valueNumeric="9950" />
			<column name="identifier" value="8774042056" />
			<column name="create_datetime" valueDate="2014-10-22T23:19:28.909" />
			<column name="status_id" valueNumeric="10501" />
			<column name="entity_id" valueNumeric="1" />
			<column name="deleted" valueNumeric="0" />
			<column name="item_id" valueNumeric="320104" />
			<column name="order_line_id" />
			<column name="notes" value="Bulk Upload" />
			<column name="optlock" valueNumeric="0" />
			<column name="group_id" />
			<column name="provisioning_status" />
			<column name="global" valueBoolean="true" />
		</insert>
		<insert tableName="asset">
			<column name="id" valueNumeric="9951" />
			<column name="identifier" value="8774042184" />
			<column name="create_datetime" valueDate="2014-10-22T23:19:28.926" />
			<column name="status_id" valueNumeric="10501" />
			<column name="entity_id" valueNumeric="1" />
			<column name="deleted" valueNumeric="0" />
			<column name="item_id" valueNumeric="320104" />
			<column name="order_line_id" />
			<column name="notes" value="Bulk Upload" />
			<column name="optlock" valueNumeric="0" />
			<column name="group_id" />
			<column name="provisioning_status" />
			<column name="global" valueBoolean="true" />
		</insert>
		<insert tableName="asset">
			<column name="id" valueNumeric="9952" />
			<column name="identifier" value="8774043048" />
			<column name="create_datetime" valueDate="2014-10-22T23:19:28.933" />
			<column name="status_id" valueNumeric="10501" />
			<column name="entity_id" valueNumeric="1" />
			<column name="deleted" valueNumeric="0" />
			<column name="item_id" valueNumeric="320104" />
			<column name="order_line_id" />
			<column name="notes" value="Bulk Upload" />
			<column name="optlock" valueNumeric="0" />
			<column name="group_id" />
			<column name="provisioning_status" />
			<column name="global" valueBoolean="true" />
		</insert>
		<insert tableName="asset">
			<column name="id" valueNumeric="9953" />
			<column name="identifier" value="8774043053" />
			<column name="create_datetime" valueDate="2014-10-22T23:19:28.945" />
			<column name="status_id" valueNumeric="10501" />
			<column name="entity_id" valueNumeric="1" />
			<column name="deleted" valueNumeric="0" />
			<column name="item_id" valueNumeric="320104" />
			<column name="order_line_id" />
			<column name="notes" value="Bulk Upload" />
			<column name="optlock" valueNumeric="0" />
			<column name="group_id" />
			<column name="provisioning_status" />
			<column name="global" valueBoolean="true" />
		</insert>
		<insert tableName="asset">
			<column name="id" valueNumeric="9954" />
			<column name="identifier" value="8774043745" />
			<column name="create_datetime" valueDate="2014-10-22T23:19:29.146" />
			<column name="status_id" valueNumeric="10501" />
			<column name="entity_id" valueNumeric="1" />
			<column name="deleted" valueNumeric="0" />
			<column name="item_id" valueNumeric="320104" />
			<column name="order_line_id" />
			<column name="notes" value="Bulk Upload" />
			<column name="optlock" valueNumeric="0" />
			<column name="group_id" />
			<column name="provisioning_status" />
			<column name="global" valueBoolean="true" />
		</insert>
		<insert tableName="asset">
			<column name="id" valueNumeric="9955" />
			<column name="identifier" value="8774050048" />
			<column name="create_datetime" valueDate="2014-10-22T23:19:29.267" />
			<column name="status_id" valueNumeric="10501" />
			<column name="entity_id" valueNumeric="1" />
			<column name="deleted" valueNumeric="0" />
			<column name="item_id" valueNumeric="320104" />
			<column name="order_line_id" />
			<column name="notes" value="Bulk Upload" />
			<column name="optlock" valueNumeric="0" />
			<column name="group_id" />
			<column name="provisioning_status" />
			<column name="global" valueBoolean="true" />
		</insert>
		<insert tableName="asset">
			<column name="id" valueNumeric="9956" />
			<column name="identifier" value="8774050273" />
			<column name="create_datetime" valueDate="2014-10-22T23:19:29.280" />
			<column name="status_id" valueNumeric="10501" />
			<column name="entity_id" valueNumeric="1" />
			<column name="deleted" valueNumeric="0" />
			<column name="item_id" valueNumeric="320104" />
			<column name="order_line_id" />
			<column name="notes" value="Bulk Upload" />
			<column name="optlock" valueNumeric="0" />
			<column name="group_id" />
			<column name="provisioning_status" />
			<column name="global" valueBoolean="true" />
		</insert>
		<insert tableName="asset">
			<column name="id" valueNumeric="9957" />
			<column name="identifier" value="8774050479" />
			<column name="create_datetime" valueDate="2014-10-22T23:19:29.323" />
			<column name="status_id" valueNumeric="10501" />
			<column name="entity_id" valueNumeric="1" />
			<column name="deleted" valueNumeric="0" />
			<column name="item_id" valueNumeric="320104" />
			<column name="order_line_id" />
			<column name="notes" value="Bulk Upload" />
			<column name="optlock" valueNumeric="0" />
			<column name="group_id" />
			<column name="provisioning_status" />
			<column name="global" valueBoolean="true" />
		</insert>
		<insert tableName="asset">
			<column name="id" valueNumeric="9958" />
			<column name="identifier" value="8774050620" />
			<column name="create_datetime" valueDate="2014-10-22T23:19:29.330" />
			<column name="status_id" valueNumeric="10501" />
			<column name="entity_id" valueNumeric="1" />
			<column name="deleted" valueNumeric="0" />
			<column name="item_id" valueNumeric="320104" />
			<column name="order_line_id" />
			<column name="notes" value="Bulk Upload" />
			<column name="optlock" valueNumeric="0" />
			<column name="group_id" />
			<column name="provisioning_status" />
			<column name="global" valueBoolean="true" />
		</insert>
		<insert tableName="asset">
			<column name="id" valueNumeric="9959" />
			<column name="identifier" value="8774056005" />
			<column name="create_datetime" valueDate="2014-10-22T23:19:29.595" />
			<column name="status_id" valueNumeric="10501" />
			<column name="entity_id" valueNumeric="1" />
			<column name="deleted" valueNumeric="0" />
			<column name="item_id" valueNumeric="320104" />
			<column name="order_line_id" />
			<column name="notes" value="Bulk Upload" />
			<column name="optlock" valueNumeric="0" />
			<column name="group_id" />
			<column name="provisioning_status" />
			<column name="global" valueBoolean="true" />
		</insert>
		<insert tableName="asset">
			<column name="id" valueNumeric="9960" />
			<column name="identifier" value="8774056275" />
			<column name="create_datetime" valueDate="2014-10-22T23:19:29.602" />
			<column name="status_id" valueNumeric="10501" />
			<column name="entity_id" valueNumeric="1" />
			<column name="deleted" valueNumeric="0" />
			<column name="item_id" valueNumeric="320104" />
			<column name="order_line_id" />
			<column name="notes" value="Bulk Upload" />
			<column name="optlock" valueNumeric="0" />
			<column name="group_id" />
			<column name="provisioning_status" />
			<column name="global" valueBoolean="true" />
		</insert>
		<insert tableName="asset">
			<column name="id" valueNumeric="9961" />
			<column name="identifier" value="8774057860" />
			<column name="create_datetime" valueDate="2014-10-22T23:19:29.614" />
			<column name="status_id" valueNumeric="10501" />
			<column name="entity_id" valueNumeric="1" />
			<column name="deleted" valueNumeric="0" />
			<column name="item_id" valueNumeric="320104" />
			<column name="order_line_id" />
			<column name="notes" value="Bulk Upload" />
			<column name="optlock" valueNumeric="0" />
			<column name="group_id" />
			<column name="provisioning_status" />
			<column name="global" valueBoolean="true" />
		</insert>
		<insert tableName="asset">
			<column name="id" valueNumeric="9962" />
			<column name="identifier" value="8774060769" />
			<column name="create_datetime" valueDate="2014-10-22T23:19:29.626" />
			<column name="status_id" valueNumeric="10501" />
			<column name="entity_id" valueNumeric="1" />
			<column name="deleted" valueNumeric="0" />
			<column name="item_id" valueNumeric="320104" />
			<column name="order_line_id" />
			<column name="notes" value="Bulk Upload" />
			<column name="optlock" valueNumeric="0" />
			<column name="group_id" />
			<column name="provisioning_status" />
			<column name="global" valueBoolean="true" />
		</insert>
		<insert tableName="asset">
			<column name="id" valueNumeric="9963" />
			<column name="identifier" value="8774063063" />
			<column name="create_datetime" valueDate="2014-10-22T23:19:29.643" />
			<column name="status_id" valueNumeric="10501" />
			<column name="entity_id" valueNumeric="1" />
			<column name="deleted" valueNumeric="0" />
			<column name="item_id" valueNumeric="320104" />
			<column name="order_line_id" />
			<column name="notes" value="Bulk Upload" />
			<column name="optlock" valueNumeric="0" />
			<column name="group_id" />
			<column name="provisioning_status" />
			<column name="global" valueBoolean="true" />
		</insert>
		<insert tableName="asset">
			<column name="id" valueNumeric="9964" />
			<column name="identifier" value="8774063280" />
			<column name="create_datetime" valueDate="2014-10-22T23:19:29.669" />
			<column name="status_id" valueNumeric="10501" />
			<column name="entity_id" valueNumeric="1" />
			<column name="deleted" valueNumeric="0" />
			<column name="item_id" valueNumeric="320104" />
			<column name="order_line_id" />
			<column name="notes" value="Bulk Upload" />
			<column name="optlock" valueNumeric="0" />
			<column name="group_id" />
			<column name="provisioning_status" />
			<column name="global" valueBoolean="true" />
		</insert>
		<insert tableName="asset">
			<column name="id" valueNumeric="9965" />
			<column name="identifier" value="8774069240" />
			<column name="create_datetime" valueDate="2014-10-22T23:19:29.825" />
			<column name="status_id" valueNumeric="10501" />
			<column name="entity_id" valueNumeric="1" />
			<column name="deleted" valueNumeric="0" />
			<column name="item_id" valueNumeric="320104" />
			<column name="order_line_id" />
			<column name="notes" value="Bulk Upload" />
			<column name="optlock" valueNumeric="0" />
			<column name="group_id" />
			<column name="provisioning_status" />
			<column name="global" valueBoolean="true" />
		</insert>
		<insert tableName="asset">
			<column name="id" valueNumeric="9966" />
			<column name="identifier" value="8774070575" />
			<column name="create_datetime" valueDate="2014-10-22T23:19:29.832" />
			<column name="status_id" valueNumeric="10501" />
			<column name="entity_id" valueNumeric="1" />
			<column name="deleted" valueNumeric="0" />
			<column name="item_id" valueNumeric="320104" />
			<column name="order_line_id" />
			<column name="notes" value="Bulk Upload" />
			<column name="optlock" valueNumeric="0" />
			<column name="group_id" />
			<column name="provisioning_status" />
			<column name="global" valueBoolean="true" />
		</insert>
		<insert tableName="asset">
			<column name="id" valueNumeric="9967" />
			<column name="identifier" value="8774070576" />
			<column name="create_datetime" valueDate="2014-10-22T23:19:29.852" />
			<column name="status_id" valueNumeric="10501" />
			<column name="entity_id" valueNumeric="1" />
			<column name="deleted" valueNumeric="0" />
			<column name="item_id" valueNumeric="320104" />
			<column name="order_line_id" />
			<column name="notes" value="Bulk Upload" />
			<column name="optlock" valueNumeric="0" />
			<column name="group_id" />
			<column name="provisioning_status" />
			<column name="global" valueBoolean="true" />
		</insert>
		<insert tableName="asset">
			<column name="id" valueNumeric="9968" />
			<column name="identifier" value="8774071152" />
			<column name="create_datetime" valueDate="2014-10-22T23:19:29.873" />
			<column name="status_id" valueNumeric="10501" />
			<column name="entity_id" valueNumeric="1" />
			<column name="deleted" valueNumeric="0" />
			<column name="item_id" valueNumeric="320104" />
			<column name="order_line_id" />
			<column name="notes" value="Bulk Upload" />
			<column name="optlock" valueNumeric="0" />
			<column name="group_id" />
			<column name="provisioning_status" />
			<column name="global" valueBoolean="true" />
		</insert>
		<insert tableName="asset">
			<column name="id" valueNumeric="9969" />
			<column name="identifier" value="8774071173" />
			<column name="create_datetime" valueDate="2014-10-22T23:19:29.964" />
			<column name="status_id" valueNumeric="10501" />
			<column name="entity_id" valueNumeric="1" />
			<column name="deleted" valueNumeric="0" />
			<column name="item_id" valueNumeric="320104" />
			<column name="order_line_id" />
			<column name="notes" value="Bulk Upload" />
			<column name="optlock" valueNumeric="0" />
			<column name="group_id" />
			<column name="provisioning_status" />
			<column name="global" valueBoolean="true" />
		</insert>
		<insert tableName="asset">
			<column name="id" valueNumeric="9970" />
			<column name="identifier" value="8774072152" />
			<column name="create_datetime" valueDate="2014-10-22T23:19:29.999" />
			<column name="status_id" valueNumeric="10501" />
			<column name="entity_id" valueNumeric="1" />
			<column name="deleted" valueNumeric="0" />
			<column name="item_id" valueNumeric="320104" />
			<column name="order_line_id" />
			<column name="notes" value="Bulk Upload" />
			<column name="optlock" valueNumeric="0" />
			<column name="group_id" />
			<column name="provisioning_status" />
			<column name="global" valueBoolean="true" />
		</insert>
		<insert tableName="asset">
			<column name="id" valueNumeric="9971" />
			<column name="identifier" value="8774072696" />
			<column name="create_datetime" valueDate="2014-10-22T23:19:30.93" />
			<column name="status_id" valueNumeric="10501" />
			<column name="entity_id" valueNumeric="1" />
			<column name="deleted" valueNumeric="0" />
			<column name="item_id" valueNumeric="320104" />
			<column name="order_line_id" />
			<column name="notes" value="Bulk Upload" />
			<column name="optlock" valueNumeric="0" />
			<column name="group_id" />
			<column name="provisioning_status" />
			<column name="global" valueBoolean="true" />
		</insert>
		<insert tableName="asset">
			<column name="id" valueNumeric="9972" />
			<column name="identifier" value="8774073325" />
			<column name="create_datetime" valueDate="2014-10-22T23:19:30.130" />
			<column name="status_id" valueNumeric="10501" />
			<column name="entity_id" valueNumeric="1" />
			<column name="deleted" valueNumeric="0" />
			<column name="item_id" valueNumeric="320104" />
			<column name="order_line_id" />
			<column name="notes" value="Bulk Upload" />
			<column name="optlock" valueNumeric="0" />
			<column name="group_id" />
			<column name="provisioning_status" />
			<column name="global" valueBoolean="true" />
		</insert>
		<insert tableName="asset">
			<column name="id" valueNumeric="9973" />
			<column name="identifier" value="8774073560" />
			<column name="create_datetime" valueDate="2014-10-22T23:19:30.165" />
			<column name="status_id" valueNumeric="10501" />
			<column name="entity_id" valueNumeric="1" />
			<column name="deleted" valueNumeric="0" />
			<column name="item_id" valueNumeric="320104" />
			<column name="order_line_id" />
			<column name="notes" value="Bulk Upload" />
			<column name="optlock" valueNumeric="0" />
			<column name="group_id" />
			<column name="provisioning_status" />
			<column name="global" valueBoolean="true" />
		</insert>
		<insert tableName="asset">
			<column name="id" valueNumeric="9974" />
			<column name="identifier" value="8774074738" />
			<column name="create_datetime" valueDate="2014-10-22T23:19:30.218" />
			<column name="status_id" valueNumeric="10501" />
			<column name="entity_id" valueNumeric="1" />
			<column name="deleted" valueNumeric="0" />
			<column name="item_id" valueNumeric="320104" />
			<column name="order_line_id" />
			<column name="notes" value="Bulk Upload" />
			<column name="optlock" valueNumeric="0" />
			<column name="group_id" />
			<column name="provisioning_status" />
			<column name="global" valueBoolean="true" />
		</insert>
		<insert tableName="asset">
			<column name="id" valueNumeric="9975" />
			<column name="identifier" value="8774077250" />
			<column name="create_datetime" valueDate="2014-10-22T23:19:30.230" />
			<column name="status_id" valueNumeric="10501" />
			<column name="entity_id" valueNumeric="1" />
			<column name="deleted" valueNumeric="0" />
			<column name="item_id" valueNumeric="320104" />
			<column name="order_line_id" />
			<column name="notes" value="Bulk Upload" />
			<column name="optlock" valueNumeric="0" />
			<column name="group_id" />
			<column name="provisioning_status" />
			<column name="global" valueBoolean="true" />
		</insert>
		<insert tableName="asset">
			<column name="id" valueNumeric="9976" />
			<column name="identifier" value="8774078557" />
			<column name="create_datetime" valueDate="2014-10-22T23:19:30.249" />
			<column name="status_id" valueNumeric="10501" />
			<column name="entity_id" valueNumeric="1" />
			<column name="deleted" valueNumeric="0" />
			<column name="item_id" valueNumeric="320104" />
			<column name="order_line_id" />
			<column name="notes" value="Bulk Upload" />
			<column name="optlock" valueNumeric="0" />
			<column name="group_id" />
			<column name="provisioning_status" />
			<column name="global" valueBoolean="true" />
		</insert>
		<insert tableName="asset">
			<column name="id" valueNumeric="9977" />
			<column name="identifier" value="8774081434" />
			<column name="create_datetime" valueDate="2014-10-22T23:19:30.347" />
			<column name="status_id" valueNumeric="10501" />
			<column name="entity_id" valueNumeric="1" />
			<column name="deleted" valueNumeric="0" />
			<column name="item_id" valueNumeric="320104" />
			<column name="order_line_id" />
			<column name="notes" value="Bulk Upload" />
			<column name="optlock" valueNumeric="0" />
			<column name="group_id" />
			<column name="provisioning_status" />
			<column name="global" valueBoolean="true" />
		</insert>
		<insert tableName="asset">
			<column name="id" valueNumeric="9978" />
			<column name="identifier" value="8774082268" />
			<column name="create_datetime" valueDate="2014-10-22T23:19:30.360" />
			<column name="status_id" valueNumeric="10501" />
			<column name="entity_id" valueNumeric="1" />
			<column name="deleted" valueNumeric="0" />
			<column name="item_id" valueNumeric="320104" />
			<column name="order_line_id" />
			<column name="notes" value="Bulk Upload" />
			<column name="optlock" valueNumeric="0" />
			<column name="group_id" />
			<column name="provisioning_status" />
			<column name="global" valueBoolean="true" />
		</insert>
		<insert tableName="asset">
			<column name="id" valueNumeric="9989" />
			<column name="identifier" value="8774341003" />
			<column name="create_datetime" valueDate="2014-10-22T23:19:30.641" />
			<column name="status_id" valueNumeric="10501" />
			<column name="entity_id" valueNumeric="1" />
			<column name="deleted" valueNumeric="0" />
			<column name="item_id" valueNumeric="320104" />
			<column name="order_line_id" />
			<column name="notes" value="Bulk Upload" />
			<column name="optlock" valueNumeric="0" />
			<column name="group_id" />
			<column name="provisioning_status" />
			<column name="global" valueBoolean="true" />
		</insert>
		<insert tableName="asset">
			<column name="id" valueNumeric="9990" />
			<column name="identifier" value="8774341831" />
			<column name="create_datetime" valueDate="2014-10-22T23:19:30.660" />
			<column name="status_id" valueNumeric="10501" />
			<column name="entity_id" valueNumeric="1" />
			<column name="deleted" valueNumeric="0" />
			<column name="item_id" valueNumeric="320104" />
			<column name="order_line_id" />
			<column name="notes" value="Bulk Upload" />
			<column name="optlock" valueNumeric="0" />
			<column name="group_id" />
			<column name="provisioning_status" />
			<column name="global" valueBoolean="true" />
		</insert>
		<insert tableName="asset">
			<column name="id" valueNumeric="9991" />
			<column name="identifier" value="8774341836" />
			<column name="create_datetime" valueDate="2014-10-22T23:19:30.706" />
			<column name="status_id" valueNumeric="10501" />
			<column name="entity_id" valueNumeric="1" />
			<column name="deleted" valueNumeric="0" />
			<column name="item_id" valueNumeric="320104" />
			<column name="order_line_id" />
			<column name="notes" value="Bulk Upload" />
			<column name="optlock" valueNumeric="0" />
			<column name="group_id" />
			<column name="provisioning_status" />
			<column name="global" valueBoolean="true" />
		</insert>
		<insert tableName="asset">
			<column name="id" valueNumeric="9992" />
			<column name="identifier" value="8774341871" />
			<column name="create_datetime" valueDate="2014-10-22T23:19:30.744" />
			<column name="status_id" valueNumeric="10501" />
			<column name="entity_id" valueNumeric="1" />
			<column name="deleted" valueNumeric="0" />
			<column name="item_id" valueNumeric="320104" />
			<column name="order_line_id" />
			<column name="notes" value="Bulk Upload" />
			<column name="optlock" valueNumeric="0" />
			<column name="group_id" />
			<column name="provisioning_status" />
			<column name="global" valueBoolean="true" />
		</insert>
		<insert tableName="asset">
			<column name="id" valueNumeric="9993" />
			<column name="identifier" value="8774341875" />
			<column name="create_datetime" valueDate="2014-10-22T23:19:30.778" />
			<column name="status_id" valueNumeric="10501" />
			<column name="entity_id" valueNumeric="1" />
			<column name="deleted" valueNumeric="0" />
			<column name="item_id" valueNumeric="320104" />
			<column name="order_line_id" />
			<column name="notes" value="Bulk Upload" />
			<column name="optlock" valueNumeric="0" />
			<column name="group_id" />
			<column name="provisioning_status" />
			<column name="global" valueBoolean="true" />
		</insert>
		<insert tableName="asset">
			<column name="id" valueNumeric="9994" />
			<column name="identifier" value="8774341929" />
			<column name="create_datetime" valueDate="2014-10-22T23:19:30.784" />
			<column name="status_id" valueNumeric="10501" />
			<column name="entity_id" valueNumeric="1" />
			<column name="deleted" valueNumeric="0" />
			<column name="item_id" valueNumeric="320104" />
			<column name="order_line_id" />
			<column name="notes" value="Bulk Upload" />
			<column name="optlock" valueNumeric="0" />
			<column name="group_id" />
			<column name="provisioning_status" />
			<column name="global" valueBoolean="true" />
		</insert>
		<insert tableName="asset">
			<column name="id" valueNumeric="9995" />
			<column name="identifier" value="8774341948" />
			<column name="create_datetime" valueDate="2014-10-22T23:19:30.814" />
			<column name="status_id" valueNumeric="10501" />
			<column name="entity_id" valueNumeric="1" />
			<column name="deleted" valueNumeric="0" />
			<column name="item_id" valueNumeric="320104" />
			<column name="order_line_id" />
			<column name="notes" value="Bulk Upload" />
			<column name="optlock" valueNumeric="0" />
			<column name="group_id" />
			<column name="provisioning_status" />
			<column name="global" valueBoolean="true" />
		</insert>
		<insert tableName="asset">
			<column name="id" valueNumeric="9996" />
			<column name="identifier" value="8774342205" />
			<column name="create_datetime" valueDate="2014-10-22T23:19:30.850" />
			<column name="status_id" valueNumeric="10501" />
			<column name="entity_id" valueNumeric="1" />
			<column name="deleted" valueNumeric="0" />
			<column name="item_id" valueNumeric="320104" />
			<column name="order_line_id" />
			<column name="notes" value="Bulk Upload" />
			<column name="optlock" valueNumeric="0" />
			<column name="group_id" />
			<column name="provisioning_status" />
			<column name="global" valueBoolean="true" />
		</insert>
		<insert tableName="asset">
			<column name="id" valueNumeric="9997" />
			<column name="identifier" value="8774342373" />
			<column name="create_datetime" valueDate="2014-10-22T23:19:30.938" />
			<column name="status_id" valueNumeric="10501" />
			<column name="entity_id" valueNumeric="1" />
			<column name="deleted" valueNumeric="0" />
			<column name="item_id" valueNumeric="320104" />
			<column name="order_line_id" />
			<column name="notes" value="Bulk Upload" />
			<column name="optlock" valueNumeric="0" />
			<column name="group_id" />
			<column name="provisioning_status" />
			<column name="global" valueBoolean="true" />
		</insert>
		<insert tableName="asset">
			<column name="id" valueNumeric="9998" />
			<column name="identifier" value="8774342708" />
			<column name="create_datetime" valueDate="2014-10-22T23:19:30.959" />
			<column name="status_id" valueNumeric="10501" />
			<column name="entity_id" valueNumeric="1" />
			<column name="deleted" valueNumeric="0" />
			<column name="item_id" valueNumeric="320104" />
			<column name="order_line_id" />
			<column name="notes" value="Bulk Upload" />
			<column name="optlock" valueNumeric="0" />
			<column name="group_id" />
			<column name="provisioning_status" />
			<column name="global" valueBoolean="true" />
		</insert>
		<insert tableName="asset">
			<column name="id" valueNumeric="9999" />
			<column name="identifier" value="8774342863" />
			<column name="create_datetime" valueDate="2014-10-22T23:19:30.980" />
			<column name="status_id" valueNumeric="10501" />
			<column name="entity_id" valueNumeric="1" />
			<column name="deleted" valueNumeric="0" />
			<column name="item_id" valueNumeric="320104" />
			<column name="order_line_id" />
			<column name="notes" value="Bulk Upload" />
			<column name="optlock" valueNumeric="0" />
			<column name="group_id" />
			<column name="provisioning_status" />
			<column name="global" valueBoolean="true" />
		</insert>
		<insert tableName="asset">
			<column name="id" valueNumeric="10000" />
			<column name="identifier" value="8774342896" />
			<column name="create_datetime" valueDate="2014-10-22T23:19:30.986" />
			<column name="status_id" valueNumeric="10501" />
			<column name="entity_id" valueNumeric="1" />
			<column name="deleted" valueNumeric="0" />
			<column name="item_id" valueNumeric="320104" />
			<column name="order_line_id" />
			<column name="notes" value="Bulk Upload" />
			<column name="optlock" valueNumeric="0" />
			<column name="group_id" />
			<column name="provisioning_status" />
			<column name="global" valueBoolean="true" />
		</insert>
		<insert tableName="asset">
			<column name="id" valueNumeric="10001" />
			<column name="identifier" value="8774342898" />
			<column name="create_datetime" valueDate="2014-10-22T23:19:30.995" />
			<column name="status_id" valueNumeric="10501" />
			<column name="entity_id" valueNumeric="1" />
			<column name="deleted" valueNumeric="0" />
			<column name="item_id" valueNumeric="320104" />
			<column name="order_line_id" />
			<column name="notes" value="Bulk Upload" />
			<column name="optlock" valueNumeric="0" />
			<column name="group_id" />
			<column name="provisioning_status" />
			<column name="global" valueBoolean="true" />
		</insert>
		<insert tableName="asset">
			<column name="id" valueNumeric="10002" />
			<column name="identifier" value="8774342902" />
			<column name="create_datetime" valueDate="2014-10-22T23:19:31.5" />
			<column name="status_id" valueNumeric="10501" />
			<column name="entity_id" valueNumeric="1" />
			<column name="deleted" valueNumeric="0" />
			<column name="item_id" valueNumeric="320104" />
			<column name="order_line_id" />
			<column name="notes" value="Bulk Upload" />
			<column name="optlock" valueNumeric="0" />
			<column name="group_id" />
			<column name="provisioning_status" />
			<column name="global" valueBoolean="true" />
		</insert>
		<insert tableName="asset">
			<column name="id" valueNumeric="10003" />
			<column name="identifier" value="8774343017" />
			<column name="create_datetime" valueDate="2014-10-22T23:19:31.29" />
			<column name="status_id" valueNumeric="10501" />
			<column name="entity_id" valueNumeric="1" />
			<column name="deleted" valueNumeric="0" />
			<column name="item_id" valueNumeric="320104" />
			<column name="order_line_id" />
			<column name="notes" value="Bulk Upload" />
			<column name="optlock" valueNumeric="0" />
			<column name="group_id" />
			<column name="provisioning_status" />
			<column name="global" valueBoolean="true" />
		</insert>
		<insert tableName="asset">
			<column name="id" valueNumeric="10004" />
			<column name="identifier" value="8774343562" />
			<column name="create_datetime" valueDate="2014-10-22T23:19:31.85" />
			<column name="status_id" valueNumeric="10501" />
			<column name="entity_id" valueNumeric="1" />
			<column name="deleted" valueNumeric="0" />
			<column name="item_id" valueNumeric="320104" />
			<column name="order_line_id" />
			<column name="notes" value="Bulk Upload" />
			<column name="optlock" valueNumeric="0" />
			<column name="group_id" />
			<column name="provisioning_status" />
			<column name="global" valueBoolean="true" />
		</insert>
		<insert tableName="asset">
			<column name="id" valueNumeric="10005" />
			<column name="identifier" value="8774422273" />
			<column name="create_datetime" valueDate="2014-10-22T23:19:31.114" />
			<column name="status_id" valueNumeric="10501" />
			<column name="entity_id" valueNumeric="1" />
			<column name="deleted" valueNumeric="0" />
			<column name="item_id" valueNumeric="320104" />
			<column name="order_line_id" />
			<column name="notes" value="Bulk Upload" />
			<column name="optlock" valueNumeric="0" />
			<column name="group_id" />
			<column name="provisioning_status" />
			<column name="global" valueBoolean="true" />
		</insert>
		<insert tableName="asset">
			<column name="id" valueNumeric="10006" />
			<column name="identifier" value="8774981118" />
			<column name="create_datetime" valueDate="2014-10-22T23:19:31.126" />
			<column name="status_id" valueNumeric="10501" />
			<column name="entity_id" valueNumeric="1" />
			<column name="deleted" valueNumeric="0" />
			<column name="item_id" valueNumeric="320104" />
			<column name="order_line_id" />
			<column name="notes" value="Bulk Upload" />
			<column name="optlock" valueNumeric="0" />
			<column name="group_id" />
			<column name="provisioning_status" />
			<column name="global" valueBoolean="true" />
		</insert>
		<insert tableName="asset">
			<column name="id" valueNumeric="10007" />
			<column name="identifier" value="8775459003" />
			<column name="create_datetime" valueDate="2014-10-22T23:19:31.141" />
			<column name="status_id" valueNumeric="10501" />
			<column name="entity_id" valueNumeric="1" />
			<column name="deleted" valueNumeric="0" />
			<column name="item_id" valueNumeric="320104" />
			<column name="order_line_id" />
			<column name="notes" value="Bulk Upload" />
			<column name="optlock" valueNumeric="0" />
			<column name="group_id" />
			<column name="provisioning_status" />
			<column name="global" valueBoolean="true" />
		</insert>
		<insert tableName="asset">
			<column name="id" valueNumeric="10008" />
			<column name="identifier" value="8776162272" />
			<column name="create_datetime" valueDate="2014-10-22T23:19:31.178" />
			<column name="status_id" valueNumeric="10501" />
			<column name="entity_id" valueNumeric="1" />
			<column name="deleted" valueNumeric="0" />
			<column name="item_id" valueNumeric="320104" />
			<column name="order_line_id" />
			<column name="notes" value="Bulk Upload" />
			<column name="optlock" valueNumeric="0" />
			<column name="group_id" />
			<column name="provisioning_status" />
			<column name="global" valueBoolean="true" />
		</insert>
		<insert tableName="asset">
			<column name="id" valueNumeric="10009" />
			<column name="identifier" value="8777364391" />
			<column name="create_datetime" valueDate="2014-10-22T23:19:31.189" />
			<column name="status_id" valueNumeric="10501" />
			<column name="entity_id" valueNumeric="1" />
			<column name="deleted" valueNumeric="0" />
			<column name="item_id" valueNumeric="320104" />
			<column name="order_line_id" />
			<column name="notes" value="Bulk Upload" />
			<column name="optlock" valueNumeric="0" />
			<column name="group_id" />
			<column name="provisioning_status" />
			<column name="global" valueBoolean="true" />
		</insert>
		<insert tableName="asset">
			<column name="id" valueNumeric="10010" />
			<column name="identifier" value="8778187359" />
			<column name="create_datetime" valueDate="2014-10-22T23:19:31.200" />
			<column name="status_id" valueNumeric="10501" />
			<column name="entity_id" valueNumeric="1" />
			<column name="deleted" valueNumeric="0" />
			<column name="item_id" valueNumeric="320104" />
			<column name="order_line_id" />
			<column name="notes" value="Bulk Upload" />
			<column name="optlock" valueNumeric="0" />
			<column name="group_id" />
			<column name="provisioning_status" />
			<column name="global" valueBoolean="true" />
		</insert>
		<insert tableName="asset">
			<column name="id" valueNumeric="10011" />
			<column name="identifier" value="8778502330" />
			<column name="create_datetime" valueDate="2014-10-22T23:19:31.239" />
			<column name="status_id" valueNumeric="10501" />
			<column name="entity_id" valueNumeric="1" />
			<column name="deleted" valueNumeric="0" />
			<column name="item_id" valueNumeric="320104" />
			<column name="order_line_id" />
			<column name="notes" value="Bulk Upload" />
			<column name="optlock" valueNumeric="0" />
			<column name="group_id" />
			<column name="provisioning_status" />
			<column name="global" valueBoolean="true" />
		</insert>
		<insert tableName="asset">
			<column name="id" valueNumeric="10012" />
			<column name="identifier" value="8778541502" />
			<column name="create_datetime" valueDate="2014-10-22T23:19:31.269" />
			<column name="status_id" valueNumeric="10501" />
			<column name="entity_id" valueNumeric="1" />
			<column name="deleted" valueNumeric="0" />
			<column name="item_id" valueNumeric="320104" />
			<column name="order_line_id" />
			<column name="notes" value="Bulk Upload" />
			<column name="optlock" valueNumeric="0" />
			<column name="group_id" />
			<column name="provisioning_status" />
			<column name="global" valueBoolean="true" />
		</insert>
		<insert tableName="asset">
			<column name="id" valueNumeric="10013" />
			<column name="identifier" value="8778935257" />
			<column name="create_datetime" valueDate="2014-10-22T23:19:31.359" />
			<column name="status_id" valueNumeric="10501" />
			<column name="entity_id" valueNumeric="1" />
			<column name="deleted" valueNumeric="0" />
			<column name="item_id" valueNumeric="320104" />
			<column name="order_line_id" />
			<column name="notes" value="Bulk Upload" />
			<column name="optlock" valueNumeric="0" />
			<column name="group_id" />
			<column name="provisioning_status" />
			<column name="global" valueBoolean="true" />
		</insert>
		<insert tableName="asset">
			<column name="id" valueNumeric="10014" />
			<column name="identifier" value="8882081595" />
			<column name="create_datetime" valueDate="2014-10-22T23:19:31.375" />
			<column name="status_id" valueNumeric="10501" />
			<column name="entity_id" valueNumeric="1" />
			<column name="deleted" valueNumeric="0" />
			<column name="item_id" valueNumeric="320104" />
			<column name="order_line_id" />
			<column name="notes" value="Bulk Upload" />
			<column name="optlock" valueNumeric="0" />
			<column name="group_id" />
			<column name="provisioning_status" />
			<column name="global" valueBoolean="true" />
		</insert>
		<insert tableName="asset">
			<column name="id" valueNumeric="10015" />
			<column name="identifier" value="8882181313" />
			<column name="create_datetime" valueDate="2014-10-22T23:19:31.387" />
			<column name="status_id" valueNumeric="10501" />
			<column name="entity_id" valueNumeric="1" />
			<column name="deleted" valueNumeric="0" />
			<column name="item_id" valueNumeric="320104" />
			<column name="order_line_id" />
			<column name="notes" value="Bulk Upload" />
			<column name="optlock" valueNumeric="0" />
			<column name="group_id" />
			<column name="provisioning_status" />
			<column name="global" valueBoolean="true" />
		</insert>
		<insert tableName="asset">
			<column name="id" valueNumeric="10016" />
			<column name="identifier" value="8882204402" />
			<column name="create_datetime" valueDate="2014-10-22T23:19:31.394" />
			<column name="status_id" valueNumeric="10501" />
			<column name="entity_id" valueNumeric="1" />
			<column name="deleted" valueNumeric="0" />
			<column name="item_id" valueNumeric="320104" />
			<column name="order_line_id" />
			<column name="notes" value="Bulk Upload" />
			<column name="optlock" valueNumeric="0" />
			<column name="group_id" />
			<column name="provisioning_status" />
			<column name="global" valueBoolean="true" />
		</insert>
		<insert tableName="asset">
			<column name="id" valueNumeric="10017" />
			<column name="identifier" value="8882205022" />
			<column name="create_datetime" valueDate="2014-10-22T23:19:31.423" />
			<column name="status_id" valueNumeric="10501" />
			<column name="entity_id" valueNumeric="1" />
			<column name="deleted" valueNumeric="0" />
			<column name="item_id" valueNumeric="320104" />
			<column name="order_line_id" />
			<column name="notes" value="Bulk Upload" />
			<column name="optlock" valueNumeric="0" />
			<column name="group_id" />
			<column name="provisioning_status" />
			<column name="global" valueBoolean="true" />
		</insert>
		<insert tableName="asset">
			<column name="id" valueNumeric="10018" />
			<column name="identifier" value="8882226827" />
			<column name="create_datetime" valueDate="2014-10-22T23:19:31.447" />
			<column name="status_id" valueNumeric="10501" />
			<column name="entity_id" valueNumeric="1" />
			<column name="deleted" valueNumeric="0" />
			<column name="item_id" valueNumeric="320104" />
			<column name="order_line_id" />
			<column name="notes" value="Bulk Upload" />
			<column name="optlock" valueNumeric="0" />
			<column name="group_id" />
			<column name="provisioning_status" />
			<column name="global" valueBoolean="true" />
		</insert>
		<insert tableName="asset">
			<column name="id" valueNumeric="10019" />
			<column name="identifier" value="8882454021" />
			<column name="create_datetime" valueDate="2014-10-22T23:19:31.463" />
			<column name="status_id" valueNumeric="10501" />
			<column name="entity_id" valueNumeric="1" />
			<column name="deleted" valueNumeric="0" />
			<column name="item_id" valueNumeric="320104" />
			<column name="order_line_id" />
			<column name="notes" value="Bulk Upload" />
			<column name="optlock" valueNumeric="0" />
			<column name="group_id" />
			<column name="provisioning_status" />
			<column name="global" valueBoolean="true" />
		</insert>
		<insert tableName="asset">
			<column name="id" valueNumeric="10020" />
			<column name="identifier" value="8882480909" />
			<column name="create_datetime" valueDate="2014-10-22T23:19:31.470" />
			<column name="status_id" valueNumeric="10501" />
			<column name="entity_id" valueNumeric="1" />
			<column name="deleted" valueNumeric="0" />
			<column name="item_id" valueNumeric="320104" />
			<column name="order_line_id" />
			<column name="notes" value="Bulk Upload" />
			<column name="optlock" valueNumeric="0" />
			<column name="group_id" />
			<column name="provisioning_status" />
			<column name="global" valueBoolean="true" />
		</insert>
		<insert tableName="asset">
			<column name="id" valueNumeric="10021" />
			<column name="identifier" value="8882530395" />
			<column name="create_datetime" valueDate="2014-10-22T23:19:31.501" />
			<column name="status_id" valueNumeric="10501" />
			<column name="entity_id" valueNumeric="1" />
			<column name="deleted" valueNumeric="0" />
			<column name="item_id" valueNumeric="320104" />
			<column name="order_line_id" />
			<column name="notes" value="Bulk Upload" />
			<column name="optlock" valueNumeric="0" />
			<column name="group_id" />
			<column name="provisioning_status" />
			<column name="global" valueBoolean="true" />
		</insert>
		<insert tableName="asset">
			<column name="id" valueNumeric="10022" />
			<column name="identifier" value="8882530396" />
			<column name="create_datetime" valueDate="2014-10-22T23:19:31.508" />
			<column name="status_id" valueNumeric="10501" />
			<column name="entity_id" valueNumeric="1" />
			<column name="deleted" valueNumeric="0" />
			<column name="item_id" valueNumeric="320104" />
			<column name="order_line_id" />
			<column name="notes" value="Bulk Upload" />
			<column name="optlock" valueNumeric="0" />
			<column name="group_id" />
			<column name="provisioning_status" />
			<column name="global" valueBoolean="true" />
		</insert>
		<insert tableName="asset">
			<column name="id" valueNumeric="10023" />
			<column name="identifier" value="8882530742" />
			<column name="create_datetime" valueDate="2014-10-22T23:19:31.539" />
			<column name="status_id" valueNumeric="10501" />
			<column name="entity_id" valueNumeric="1" />
			<column name="deleted" valueNumeric="0" />
			<column name="item_id" valueNumeric="320104" />
			<column name="order_line_id" />
			<column name="notes" value="Bulk Upload" />
			<column name="optlock" valueNumeric="0" />
			<column name="group_id" />
			<column name="provisioning_status" />
			<column name="global" valueBoolean="true" />
		</insert>
		<insert tableName="asset">
			<column name="id" valueNumeric="10024" />
			<column name="identifier" value="8882531923" />
			<column name="create_datetime" valueDate="2014-10-22T23:19:31.555" />
			<column name="status_id" valueNumeric="10501" />
			<column name="entity_id" valueNumeric="1" />
			<column name="deleted" valueNumeric="0" />
			<column name="item_id" valueNumeric="320104" />
			<column name="order_line_id" />
			<column name="notes" value="Bulk Upload" />
			<column name="optlock" valueNumeric="0" />
			<column name="group_id" />
			<column name="provisioning_status" />
			<column name="global" valueBoolean="true" />
		</insert>
		<insert tableName="asset">
			<column name="id" valueNumeric="10025" />
			<column name="identifier" value="8882535492" />
			<column name="create_datetime" valueDate="2014-10-22T23:19:31.566" />
			<column name="status_id" valueNumeric="10501" />
			<column name="entity_id" valueNumeric="1" />
			<column name="deleted" valueNumeric="0" />
			<column name="item_id" valueNumeric="320104" />
			<column name="order_line_id" />
			<column name="notes" value="Bulk Upload" />
			<column name="optlock" valueNumeric="0" />
			<column name="group_id" />
			<column name="provisioning_status" />
			<column name="global" valueBoolean="true" />
		</insert>
		<insert tableName="asset">
			<column name="id" valueNumeric="10026" />
			<column name="identifier" value="8882536385" />
			<column name="create_datetime" valueDate="2014-10-22T23:19:31.647" />
			<column name="status_id" valueNumeric="10501" />
			<column name="entity_id" valueNumeric="1" />
			<column name="deleted" valueNumeric="0" />
			<column name="item_id" valueNumeric="320104" />
			<column name="order_line_id" />
			<column name="notes" value="Bulk Upload" />
			<column name="optlock" valueNumeric="0" />
			<column name="group_id" />
			<column name="provisioning_status" />
			<column name="global" valueBoolean="true" />
		</insert>
		<insert tableName="asset">
			<column name="id" valueNumeric="10027" />
			<column name="identifier" value="8882537669" />
			<column name="create_datetime" valueDate="2014-10-22T23:19:31.677" />
			<column name="status_id" valueNumeric="10501" />
			<column name="entity_id" valueNumeric="1" />
			<column name="deleted" valueNumeric="0" />
			<column name="item_id" valueNumeric="320104" />
			<column name="order_line_id" />
			<column name="notes" value="Bulk Upload" />
			<column name="optlock" valueNumeric="0" />
			<column name="group_id" />
			<column name="provisioning_status" />
			<column name="global" valueBoolean="true" />
		</insert>
		<insert tableName="asset">
			<column name="id" valueNumeric="10028" />
			<column name="identifier" value="8882564821" />
			<column name="create_datetime" valueDate="2014-10-22T23:19:31.690" />
			<column name="status_id" valueNumeric="10501" />
			<column name="entity_id" valueNumeric="1" />
			<column name="deleted" valueNumeric="0" />
			<column name="item_id" valueNumeric="320104" />
			<column name="order_line_id" />
			<column name="notes" value="Bulk Upload" />
			<column name="optlock" valueNumeric="0" />
			<column name="group_id" />
			<column name="provisioning_status" />
			<column name="global" valueBoolean="true" />
		</insert>
		<insert tableName="asset">
			<column name="id" valueNumeric="10029" />
			<column name="identifier" value="8882564854" />
			<column name="create_datetime" valueDate="2014-10-22T23:19:31.710" />
			<column name="status_id" valueNumeric="10501" />
			<column name="entity_id" valueNumeric="1" />
			<column name="deleted" valueNumeric="0" />
			<column name="item_id" valueNumeric="320104" />
			<column name="order_line_id" />
			<column name="notes" value="Bulk Upload" />
			<column name="optlock" valueNumeric="0" />
			<column name="group_id" />
			<column name="provisioning_status" />
			<column name="global" valueBoolean="true" />
		</insert>
		<insert tableName="asset">
			<column name="id" valueNumeric="10030" />
			<column name="identifier" value="8882600362" />
			<column name="create_datetime" valueDate="2014-10-22T23:19:31.736" />
			<column name="status_id" valueNumeric="10501" />
			<column name="entity_id" valueNumeric="1" />
			<column name="deleted" valueNumeric="0" />
			<column name="item_id" valueNumeric="320104" />
			<column name="order_line_id" />
			<column name="notes" value="Bulk Upload" />
			<column name="optlock" valueNumeric="0" />
			<column name="group_id" />
			<column name="provisioning_status" />
			<column name="global" valueBoolean="true" />
		</insert>
		<insert tableName="asset">
			<column name="id" valueNumeric="10031" />
			<column name="identifier" value="8882610409" />
			<column name="create_datetime" valueDate="2014-10-22T23:19:31.750" />
			<column name="status_id" valueNumeric="10501" />
			<column name="entity_id" valueNumeric="1" />
			<column name="deleted" valueNumeric="0" />
			<column name="item_id" valueNumeric="320104" />
			<column name="order_line_id" />
			<column name="notes" value="Bulk Upload" />
			<column name="optlock" valueNumeric="0" />
			<column name="group_id" />
			<column name="provisioning_status" />
			<column name="global" valueBoolean="true" />
		</insert>
		<insert tableName="asset">
			<column name="id" valueNumeric="10032" />
			<column name="identifier" value="8882612258" />
			<column name="create_datetime" valueDate="2014-10-22T23:19:31.776" />
			<column name="status_id" valueNumeric="10501" />
			<column name="entity_id" valueNumeric="1" />
			<column name="deleted" valueNumeric="0" />
			<column name="item_id" valueNumeric="320104" />
			<column name="order_line_id" />
			<column name="notes" value="Bulk Upload" />
			<column name="optlock" valueNumeric="0" />
			<column name="group_id" />
			<column name="provisioning_status" />
			<column name="global" valueBoolean="true" />
		</insert>
		<insert tableName="asset">
			<column name="id" valueNumeric="10033" />
			<column name="identifier" value="8882615403" />
			<column name="create_datetime" valueDate="2014-10-22T23:19:31.804" />
			<column name="status_id" valueNumeric="10501" />
			<column name="entity_id" valueNumeric="1" />
			<column name="deleted" valueNumeric="0" />
			<column name="item_id" valueNumeric="320104" />
			<column name="order_line_id" />
			<column name="notes" value="Bulk Upload" />
			<column name="optlock" valueNumeric="0" />
			<column name="group_id" />
			<column name="provisioning_status" />
			<column name="global" valueBoolean="true" />
		</insert>
		<insert tableName="asset">
			<column name="id" valueNumeric="10034" />
			<column name="identifier" value="8882617343" />
			<column name="create_datetime" valueDate="2014-10-22T23:19:31.840" />
			<column name="status_id" valueNumeric="10501" />
			<column name="entity_id" valueNumeric="1" />
			<column name="deleted" valueNumeric="0" />
			<column name="item_id" valueNumeric="320104" />
			<column name="order_line_id" />
			<column name="notes" value="Bulk Upload" />
			<column name="optlock" valueNumeric="0" />
			<column name="group_id" />
			<column name="provisioning_status" />
			<column name="global" valueBoolean="true" />
		</insert>
		<insert tableName="asset">
			<column name="id" valueNumeric="10035" />
			<column name="identifier" value="8882620479" />
			<column name="create_datetime" valueDate="2014-10-22T23:19:31.851" />
			<column name="status_id" valueNumeric="10501" />
			<column name="entity_id" valueNumeric="1" />
			<column name="deleted" valueNumeric="0" />
			<column name="item_id" valueNumeric="320104" />
			<column name="order_line_id" />
			<column name="notes" value="Bulk Upload" />
			<column name="optlock" valueNumeric="0" />
			<column name="group_id" />
			<column name="provisioning_status" />
			<column name="global" valueBoolean="true" />
		</insert>
		<insert tableName="asset">
			<column name="id" valueNumeric="10036" />
			<column name="identifier" value="8882646623" />
			<column name="create_datetime" valueDate="2014-10-22T23:19:31.862" />
			<column name="status_id" valueNumeric="10501" />
			<column name="entity_id" valueNumeric="1" />
			<column name="deleted" valueNumeric="0" />
			<column name="item_id" valueNumeric="320104" />
			<column name="order_line_id" />
			<column name="notes" value="Bulk Upload" />
			<column name="optlock" valueNumeric="0" />
			<column name="group_id" />
			<column name="provisioning_status" />
			<column name="global" valueBoolean="true" />
		</insert>
		<insert tableName="asset">
			<column name="id" valueNumeric="10037" />
			<column name="identifier" value="8882646640" />
			<column name="create_datetime" valueDate="2014-10-22T23:19:31.916" />
			<column name="status_id" valueNumeric="10501" />
			<column name="entity_id" valueNumeric="1" />
			<column name="deleted" valueNumeric="0" />
			<column name="item_id" valueNumeric="320104" />
			<column name="order_line_id" />
			<column name="notes" value="Bulk Upload" />
			<column name="optlock" valueNumeric="0" />
			<column name="group_id" />
			<column name="provisioning_status" />
			<column name="global" valueBoolean="true" />
		</insert>
		<insert tableName="asset">
			<column name="id" valueNumeric="10038" />
			<column name="identifier" value="8882755235" />
			<column name="create_datetime" valueDate="2014-10-22T23:19:31.938" />
			<column name="status_id" valueNumeric="10501" />
			<column name="entity_id" valueNumeric="1" />
			<column name="deleted" valueNumeric="0" />
			<column name="item_id" valueNumeric="320104" />
			<column name="order_line_id" />
			<column name="notes" value="Bulk Upload" />
			<column name="optlock" valueNumeric="0" />
			<column name="group_id" />
			<column name="provisioning_status" />
			<column name="global" valueBoolean="true" />
		</insert>
		<insert tableName="asset">
			<column name="id" valueNumeric="10039" />
			<column name="identifier" value="8882867926" />
			<column name="create_datetime" valueDate="2014-10-22T23:19:31.965" />
			<column name="status_id" valueNumeric="10501" />
			<column name="entity_id" valueNumeric="1" />
			<column name="deleted" valueNumeric="0" />
			<column name="item_id" valueNumeric="320104" />
			<column name="order_line_id" />
			<column name="notes" value="Bulk Upload" />
			<column name="optlock" valueNumeric="0" />
			<column name="group_id" />
			<column name="provisioning_status" />
			<column name="global" valueBoolean="true" />
		</insert>
		<insert tableName="asset">
			<column name="id" valueNumeric="10040" />
			<column name="identifier" value="8882869204" />
			<column name="create_datetime" valueDate="2014-10-22T23:19:31.986" />
			<column name="status_id" valueNumeric="10501" />
			<column name="entity_id" valueNumeric="1" />
			<column name="deleted" valueNumeric="0" />
			<column name="item_id" valueNumeric="320104" />
			<column name="order_line_id" />
			<column name="notes" value="Bulk Upload" />
			<column name="optlock" valueNumeric="0" />
			<column name="group_id" />
			<column name="provisioning_status" />
			<column name="global" valueBoolean="true" />
		</insert>
		<insert tableName="asset">
			<column name="id" valueNumeric="10041" />
			<column name="identifier" value="8882869324" />
			<column name="create_datetime" valueDate="2014-10-22T23:19:32.41" />
			<column name="status_id" valueNumeric="10501" />
			<column name="entity_id" valueNumeric="1" />
			<column name="deleted" valueNumeric="0" />
			<column name="item_id" valueNumeric="320104" />
			<column name="order_line_id" />
			<column name="notes" value="Bulk Upload" />
			<column name="optlock" valueNumeric="0" />
			<column name="group_id" />
			<column name="provisioning_status" />
			<column name="global" valueBoolean="true" />
		</insert>
		<insert tableName="asset">
			<column name="id" valueNumeric="10042" />
			<column name="identifier" value="8882869805" />
			<column name="create_datetime" valueDate="2014-10-22T23:19:32.54" />
			<column name="status_id" valueNumeric="10501" />
			<column name="entity_id" valueNumeric="1" />
			<column name="deleted" valueNumeric="0" />
			<column name="item_id" valueNumeric="320104" />
			<column name="order_line_id" />
			<column name="notes" value="Bulk Upload" />
			<column name="optlock" valueNumeric="0" />
			<column name="group_id" />
			<column name="provisioning_status" />
			<column name="global" valueBoolean="true" />
		</insert>
		<insert tableName="asset">
			<column name="id" valueNumeric="10043" />
			<column name="identifier" value="8882870913" />
			<column name="create_datetime" valueDate="2014-10-22T23:19:32.61" />
			<column name="status_id" valueNumeric="10501" />
			<column name="entity_id" valueNumeric="1" />
			<column name="deleted" valueNumeric="0" />
			<column name="item_id" valueNumeric="320104" />
			<column name="order_line_id" />
			<column name="notes" value="Bulk Upload" />
			<column name="optlock" valueNumeric="0" />
			<column name="group_id" />
			<column name="provisioning_status" />
			<column name="global" valueBoolean="true" />
		</insert>
		<insert tableName="asset">
			<column name="id" valueNumeric="10044" />
			<column name="identifier" value="8882870996" />
			<column name="create_datetime" valueDate="2014-10-22T23:19:32.91" />
			<column name="status_id" valueNumeric="10501" />
			<column name="entity_id" valueNumeric="1" />
			<column name="deleted" valueNumeric="0" />
			<column name="item_id" valueNumeric="320104" />
			<column name="order_line_id" />
			<column name="notes" value="Bulk Upload" />
			<column name="optlock" valueNumeric="0" />
			<column name="group_id" />
			<column name="provisioning_status" />
			<column name="global" valueBoolean="true" />
		</insert>
		<insert tableName="asset">
			<column name="id" valueNumeric="10045" />
			<column name="identifier" value="8882871612" />
			<column name="create_datetime" valueDate="2014-10-22T23:19:32.102" />
			<column name="status_id" valueNumeric="10501" />
			<column name="entity_id" valueNumeric="1" />
			<column name="deleted" valueNumeric="0" />
			<column name="item_id" valueNumeric="320104" />
			<column name="order_line_id" />
			<column name="notes" value="Bulk Upload" />
			<column name="optlock" valueNumeric="0" />
			<column name="group_id" />
			<column name="provisioning_status" />
			<column name="global" valueBoolean="true" />
		</insert>
		<insert tableName="asset">
			<column name="id" valueNumeric="10046" />
			<column name="identifier" value="8882872003" />
			<column name="create_datetime" valueDate="2014-10-22T23:19:32.109" />
			<column name="status_id" valueNumeric="10501" />
			<column name="entity_id" valueNumeric="1" />
			<column name="deleted" valueNumeric="0" />
			<column name="item_id" valueNumeric="320104" />
			<column name="order_line_id" />
			<column name="notes" value="Bulk Upload" />
			<column name="optlock" valueNumeric="0" />
			<column name="group_id" />
			<column name="provisioning_status" />
			<column name="global" valueBoolean="true" />
		</insert>
		<insert tableName="asset">
			<column name="id" valueNumeric="10047" />
			<column name="identifier" value="8882873994" />
			<column name="create_datetime" valueDate="2014-10-22T23:19:32.139" />
			<column name="status_id" valueNumeric="10501" />
			<column name="entity_id" valueNumeric="1" />
			<column name="deleted" valueNumeric="0" />
			<column name="item_id" valueNumeric="320104" />
			<column name="order_line_id" />
			<column name="notes" value="Bulk Upload" />
			<column name="optlock" valueNumeric="0" />
			<column name="group_id" />
			<column name="provisioning_status" />
			<column name="global" valueBoolean="true" />
		</insert>
		<insert tableName="asset">
			<column name="id" valueNumeric="10048" />
			<column name="identifier" value="8882874168" />
			<column name="create_datetime" valueDate="2014-10-22T23:19:32.364" />
			<column name="status_id" valueNumeric="10501" />
			<column name="entity_id" valueNumeric="1" />
			<column name="deleted" valueNumeric="0" />
			<column name="item_id" valueNumeric="320104" />
			<column name="order_line_id" />
			<column name="notes" value="Bulk Upload" />
			<column name="optlock" valueNumeric="0" />
			<column name="group_id" />
			<column name="provisioning_status" />
			<column name="global" valueBoolean="true" />
		</insert>
		<insert tableName="asset">
			<column name="id" valueNumeric="10049" />
			<column name="identifier" value="8882874340" />
			<column name="create_datetime" valueDate="2014-10-22T23:19:32.372" />
			<column name="status_id" valueNumeric="10501" />
			<column name="entity_id" valueNumeric="1" />
			<column name="deleted" valueNumeric="0" />
			<column name="item_id" valueNumeric="320104" />
			<column name="order_line_id" />
			<column name="notes" value="Bulk Upload" />
			<column name="optlock" valueNumeric="0" />
			<column name="group_id" />
			<column name="provisioning_status" />
			<column name="global" valueBoolean="true" />
		</insert>
		<insert tableName="asset">
			<column name="id" valueNumeric="10050" />
			<column name="identifier" value="8882874447" />
			<column name="create_datetime" valueDate="2014-10-22T23:19:32.382" />
			<column name="status_id" valueNumeric="10501" />
			<column name="entity_id" valueNumeric="1" />
			<column name="deleted" valueNumeric="0" />
			<column name="item_id" valueNumeric="320104" />
			<column name="order_line_id" />
			<column name="notes" value="Bulk Upload" />
			<column name="optlock" valueNumeric="0" />
			<column name="group_id" />
			<column name="provisioning_status" />
			<column name="global" valueBoolean="true" />
		</insert>
		<insert tableName="asset">
			<column name="id" valueNumeric="10051" />
			<column name="identifier" value="8882874489" />
			<column name="create_datetime" valueDate="2014-10-22T23:19:32.388" />
			<column name="status_id" valueNumeric="10501" />
			<column name="entity_id" valueNumeric="1" />
			<column name="deleted" valueNumeric="0" />
			<column name="item_id" valueNumeric="320104" />
			<column name="order_line_id" />
			<column name="notes" value="Bulk Upload" />
			<column name="optlock" valueNumeric="0" />
			<column name="group_id" />
			<column name="provisioning_status" />
			<column name="global" valueBoolean="true" />
		</insert>
		<insert tableName="asset">
			<column name="id" valueNumeric="10052" />
			<column name="identifier" value="8882874520" />
			<column name="create_datetime" valueDate="2014-10-22T23:19:32.406" />
			<column name="status_id" valueNumeric="10501" />
			<column name="entity_id" valueNumeric="1" />
			<column name="deleted" valueNumeric="0" />
			<column name="item_id" valueNumeric="320104" />
			<column name="order_line_id" />
			<column name="notes" value="Bulk Upload" />
			<column name="optlock" valueNumeric="0" />
			<column name="group_id" />
			<column name="provisioning_status" />
			<column name="global" valueBoolean="true" />
		</insert>
		<insert tableName="asset">
			<column name="id" valueNumeric="10053" />
			<column name="identifier" value="8882874561" />
			<column name="create_datetime" valueDate="2014-10-22T23:19:32.417" />
			<column name="status_id" valueNumeric="10501" />
			<column name="entity_id" valueNumeric="1" />
			<column name="deleted" valueNumeric="0" />
			<column name="item_id" valueNumeric="320104" />
			<column name="order_line_id" />
			<column name="notes" value="Bulk Upload" />
			<column name="optlock" valueNumeric="0" />
			<column name="group_id" />
			<column name="provisioning_status" />
			<column name="global" valueBoolean="true" />
		</insert>
		<insert tableName="asset">
			<column name="id" valueNumeric="10054" />
			<column name="identifier" value="8882874809" />
			<column name="create_datetime" valueDate="2014-10-22T23:19:32.450" />
			<column name="status_id" valueNumeric="10501" />
			<column name="entity_id" valueNumeric="1" />
			<column name="deleted" valueNumeric="0" />
			<column name="item_id" valueNumeric="320104" />
			<column name="order_line_id" />
			<column name="notes" value="Bulk Upload" />
			<column name="optlock" valueNumeric="0" />
			<column name="group_id" />
			<column name="provisioning_status" />
			<column name="global" valueBoolean="true" />
		</insert>
		<insert tableName="asset">
			<column name="id" valueNumeric="10055" />
			<column name="identifier" value="8882875009" />
			<column name="create_datetime" valueDate="2014-10-22T23:19:32.514" />
			<column name="status_id" valueNumeric="10501" />
			<column name="entity_id" valueNumeric="1" />
			<column name="deleted" valueNumeric="0" />
			<column name="item_id" valueNumeric="320104" />
			<column name="order_line_id" />
			<column name="notes" value="Bulk Upload" />
			<column name="optlock" valueNumeric="0" />
			<column name="group_id" />
			<column name="provisioning_status" />
			<column name="global" valueBoolean="true" />
		</insert>
		<insert tableName="asset">
			<column name="id" valueNumeric="10056" />
			<column name="identifier" value="8882875070" />
			<column name="create_datetime" valueDate="2014-10-22T23:19:32.531" />
			<column name="status_id" valueNumeric="10501" />
			<column name="entity_id" valueNumeric="1" />
			<column name="deleted" valueNumeric="0" />
			<column name="item_id" valueNumeric="320104" />
			<column name="order_line_id" />
			<column name="notes" value="Bulk Upload" />
			<column name="optlock" valueNumeric="0" />
			<column name="group_id" />
			<column name="provisioning_status" />
			<column name="global" valueBoolean="true" />
		</insert>
		<insert tableName="asset">
			<column name="id" valueNumeric="10057" />
			<column name="identifier" value="8882875257" />
			<column name="create_datetime" valueDate="2014-10-22T23:19:32.540" />
			<column name="status_id" valueNumeric="10501" />
			<column name="entity_id" valueNumeric="1" />
			<column name="deleted" valueNumeric="0" />
			<column name="item_id" valueNumeric="320104" />
			<column name="order_line_id" />
			<column name="notes" value="Bulk Upload" />
			<column name="optlock" valueNumeric="0" />
			<column name="group_id" />
			<column name="provisioning_status" />
			<column name="global" valueBoolean="true" />
		</insert>
		<insert tableName="asset">
			<column name="id" valueNumeric="10058" />
			<column name="identifier" value="8882875494" />
			<column name="create_datetime" valueDate="2014-10-22T23:19:32.546" />
			<column name="status_id" valueNumeric="10501" />
			<column name="entity_id" valueNumeric="1" />
			<column name="deleted" valueNumeric="0" />
			<column name="item_id" valueNumeric="320104" />
			<column name="order_line_id" />
			<column name="notes" value="Bulk Upload" />
			<column name="optlock" valueNumeric="0" />
			<column name="group_id" />
			<column name="provisioning_status" />
			<column name="global" valueBoolean="true" />
		</insert>
		<insert tableName="asset">
			<column name="id" valueNumeric="10059" />
			<column name="identifier" value="8882876153" />
			<column name="create_datetime" valueDate="2014-10-22T23:19:32.591" />
			<column name="status_id" valueNumeric="10501" />
			<column name="entity_id" valueNumeric="1" />
			<column name="deleted" valueNumeric="0" />
			<column name="item_id" valueNumeric="320104" />
			<column name="order_line_id" />
			<column name="notes" value="Bulk Upload" />
			<column name="optlock" valueNumeric="0" />
			<column name="group_id" />
			<column name="provisioning_status" />
			<column name="global" valueBoolean="true" />
		</insert>
		<insert tableName="asset">
			<column name="id" valueNumeric="10060" />
			<column name="identifier" value="8882876157" />
			<column name="create_datetime" valueDate="2014-10-22T23:19:32.612" />
			<column name="status_id" valueNumeric="10501" />
			<column name="entity_id" valueNumeric="1" />
			<column name="deleted" valueNumeric="0" />
			<column name="item_id" valueNumeric="320104" />
			<column name="order_line_id" />
			<column name="notes" value="Bulk Upload" />
			<column name="optlock" valueNumeric="0" />
			<column name="group_id" />
			<column name="provisioning_status" />
			<column name="global" valueBoolean="true" />
		</insert>
		<insert tableName="asset">
			<column name="id" valueNumeric="10061" />
			<column name="identifier" value="8882877029" />
			<column name="create_datetime" valueDate="2014-10-22T23:19:32.635" />
			<column name="status_id" valueNumeric="10501" />
			<column name="entity_id" valueNumeric="1" />
			<column name="deleted" valueNumeric="0" />
			<column name="item_id" valueNumeric="320104" />
			<column name="order_line_id" />
			<column name="notes" value="Bulk Upload" />
			<column name="optlock" valueNumeric="0" />
			<column name="group_id" />
			<column name="provisioning_status" />
			<column name="global" valueBoolean="true" />
		</insert>
		<insert tableName="asset">
			<column name="id" valueNumeric="10062" />
			<column name="identifier" value="8882877160" />
			<column name="create_datetime" valueDate="2014-10-22T23:19:32.664" />
			<column name="status_id" valueNumeric="10501" />
			<column name="entity_id" valueNumeric="1" />
			<column name="deleted" valueNumeric="0" />
			<column name="item_id" valueNumeric="320104" />
			<column name="order_line_id" />
			<column name="notes" value="Bulk Upload" />
			<column name="optlock" valueNumeric="0" />
			<column name="group_id" />
			<column name="provisioning_status" />
			<column name="global" valueBoolean="true" />
		</insert>
		<insert tableName="asset">
			<column name="id" valueNumeric="10063" />
			<column name="identifier" value="8882877431" />
			<column name="create_datetime" valueDate="2014-10-22T23:19:32.671" />
			<column name="status_id" valueNumeric="10501" />
			<column name="entity_id" valueNumeric="1" />
			<column name="deleted" valueNumeric="0" />
			<column name="item_id" valueNumeric="320104" />
			<column name="order_line_id" />
			<column name="notes" value="Bulk Upload" />
			<column name="optlock" valueNumeric="0" />
			<column name="group_id" />
			<column name="provisioning_status" />
			<column name="global" valueBoolean="true" />
		</insert>
		<insert tableName="asset">
			<column name="id" valueNumeric="10064" />
			<column name="identifier" value="8882877993" />
			<column name="create_datetime" valueDate="2014-10-22T23:19:32.679" />
			<column name="status_id" valueNumeric="10501" />
			<column name="entity_id" valueNumeric="1" />
			<column name="deleted" valueNumeric="0" />
			<column name="item_id" valueNumeric="320104" />
			<column name="order_line_id" />
			<column name="notes" value="Bulk Upload" />
			<column name="optlock" valueNumeric="0" />
			<column name="group_id" />
			<column name="provisioning_status" />
			<column name="global" valueBoolean="true" />
		</insert>
		<insert tableName="asset">
			<column name="id" valueNumeric="10065" />
			<column name="identifier" value="8882878352" />
			<column name="create_datetime" valueDate="2014-10-22T23:19:32.697" />
			<column name="status_id" valueNumeric="10501" />
			<column name="entity_id" valueNumeric="1" />
			<column name="deleted" valueNumeric="0" />
			<column name="item_id" valueNumeric="320104" />
			<column name="order_line_id" />
			<column name="notes" value="Bulk Upload" />
			<column name="optlock" valueNumeric="0" />
			<column name="group_id" />
			<column name="provisioning_status" />
			<column name="global" valueBoolean="true" />
		</insert>
		<insert tableName="asset">
			<column name="id" valueNumeric="10066" />
			<column name="identifier" value="8882878404" />
			<column name="create_datetime" valueDate="2014-10-22T23:19:32.719" />
			<column name="status_id" valueNumeric="10501" />
			<column name="entity_id" valueNumeric="1" />
			<column name="deleted" valueNumeric="0" />
			<column name="item_id" valueNumeric="320104" />
			<column name="order_line_id" />
			<column name="notes" value="Bulk Upload" />
			<column name="optlock" valueNumeric="0" />
			<column name="group_id" />
			<column name="provisioning_status" />
			<column name="global" valueBoolean="true" />
		</insert>
		<insert tableName="asset">
			<column name="id" valueNumeric="10067" />
			<column name="identifier" value="8882878520" />
			<column name="create_datetime" valueDate="2014-10-22T23:19:32.754" />
			<column name="status_id" valueNumeric="10501" />
			<column name="entity_id" valueNumeric="1" />
			<column name="deleted" valueNumeric="0" />
			<column name="item_id" valueNumeric="320104" />
			<column name="order_line_id" />
			<column name="notes" value="Bulk Upload" />
			<column name="optlock" valueNumeric="0" />
			<column name="group_id" />
			<column name="provisioning_status" />
			<column name="global" valueBoolean="true" />
		</insert>
		<insert tableName="asset">
			<column name="id" valueNumeric="10068" />
			<column name="identifier" value="8882878908" />
			<column name="create_datetime" valueDate="2014-10-22T23:19:32.765" />
			<column name="status_id" valueNumeric="10501" />
			<column name="entity_id" valueNumeric="1" />
			<column name="deleted" valueNumeric="0" />
			<column name="item_id" valueNumeric="320104" />
			<column name="order_line_id" />
			<column name="notes" value="Bulk Upload" />
			<column name="optlock" valueNumeric="0" />
			<column name="group_id" />
			<column name="provisioning_status" />
			<column name="global" valueBoolean="true" />
		</insert>
		<insert tableName="asset">
			<column name="id" valueNumeric="10069" />
			<column name="identifier" value="8882878909" />
			<column name="create_datetime" valueDate="2014-10-22T23:19:32.777" />
			<column name="status_id" valueNumeric="10501" />
			<column name="entity_id" valueNumeric="1" />
			<column name="deleted" valueNumeric="0" />
			<column name="item_id" valueNumeric="320104" />
			<column name="order_line_id" />
			<column name="notes" value="Bulk Upload" />
			<column name="optlock" valueNumeric="0" />
			<column name="group_id" />
			<column name="provisioning_status" />
			<column name="global" valueBoolean="true" />
		</insert>
		<insert tableName="asset">
			<column name="id" valueNumeric="10070" />
			<column name="identifier" value="8882878921" />
			<column name="create_datetime" valueDate="2014-10-22T23:19:32.802" />
			<column name="status_id" valueNumeric="10501" />
			<column name="entity_id" valueNumeric="1" />
			<column name="deleted" valueNumeric="0" />
			<column name="item_id" valueNumeric="320104" />
			<column name="order_line_id" />
			<column name="notes" value="Bulk Upload" />
			<column name="optlock" valueNumeric="0" />
			<column name="group_id" />
			<column name="provisioning_status" />
			<column name="global" valueBoolean="true" />
		</insert>
		<insert tableName="asset">
			<column name="id" valueNumeric="10071" />
			<column name="identifier" value="8882878933" />
			<column name="create_datetime" valueDate="2014-10-22T23:19:32.849" />
			<column name="status_id" valueNumeric="10501" />
			<column name="entity_id" valueNumeric="1" />
			<column name="deleted" valueNumeric="0" />
			<column name="item_id" valueNumeric="320104" />
			<column name="order_line_id" />
			<column name="notes" value="Bulk Upload" />
			<column name="optlock" valueNumeric="0" />
			<column name="group_id" />
			<column name="provisioning_status" />
			<column name="global" valueBoolean="true" />
		</insert>
		<insert tableName="asset">
			<column name="id" valueNumeric="10072" />
			<column name="identifier" value="8882878948" />
			<column name="create_datetime" valueDate="2014-10-22T23:19:32.864" />
			<column name="status_id" valueNumeric="10501" />
			<column name="entity_id" valueNumeric="1" />
			<column name="deleted" valueNumeric="0" />
			<column name="item_id" valueNumeric="320104" />
			<column name="order_line_id" />
			<column name="notes" value="Bulk Upload" />
			<column name="optlock" valueNumeric="0" />
			<column name="group_id" />
			<column name="provisioning_status" />
			<column name="global" valueBoolean="true" />
		</insert>
		<insert tableName="asset">
			<column name="id" valueNumeric="10073" />
			<column name="identifier" value="8882879018" />
			<column name="create_datetime" valueDate="2014-10-22T23:19:32.871" />
			<column name="status_id" valueNumeric="10501" />
			<column name="entity_id" valueNumeric="1" />
			<column name="deleted" valueNumeric="0" />
			<column name="item_id" valueNumeric="320104" />
			<column name="order_line_id" />
			<column name="notes" value="Bulk Upload" />
			<column name="optlock" valueNumeric="0" />
			<column name="group_id" />
			<column name="provisioning_status" />
			<column name="global" valueBoolean="true" />
		</insert>
		<insert tableName="asset">
			<column name="id" valueNumeric="10074" />
			<column name="identifier" value="8882879019" />
			<column name="create_datetime" valueDate="2014-10-22T23:19:32.882" />
			<column name="status_id" valueNumeric="10501" />
			<column name="entity_id" valueNumeric="1" />
			<column name="deleted" valueNumeric="0" />
			<column name="item_id" valueNumeric="320104" />
			<column name="order_line_id" />
			<column name="notes" value="Bulk Upload" />
			<column name="optlock" valueNumeric="0" />
			<column name="group_id" />
			<column name="provisioning_status" />
			<column name="global" valueBoolean="true" />
		</insert>
		<insert tableName="asset">
			<column name="id" valueNumeric="10075" />
			<column name="identifier" value="8882879021" />
			<column name="create_datetime" valueDate="2014-10-22T23:19:32.897" />
			<column name="status_id" valueNumeric="10501" />
			<column name="entity_id" valueNumeric="1" />
			<column name="deleted" valueNumeric="0" />
			<column name="item_id" valueNumeric="320104" />
			<column name="order_line_id" />
			<column name="notes" value="Bulk Upload" />
			<column name="optlock" valueNumeric="0" />
			<column name="group_id" />
			<column name="provisioning_status" />
			<column name="global" valueBoolean="true" />
		</insert>
		<insert tableName="asset">
			<column name="id" valueNumeric="10076" />
			<column name="identifier" value="8882879022" />
			<column name="create_datetime" valueDate="2014-10-22T23:19:32.914" />
			<column name="status_id" valueNumeric="10501" />
			<column name="entity_id" valueNumeric="1" />
			<column name="deleted" valueNumeric="0" />
			<column name="item_id" valueNumeric="320104" />
			<column name="order_line_id" />
			<column name="notes" value="Bulk Upload" />
			<column name="optlock" valueNumeric="0" />
			<column name="group_id" />
			<column name="provisioning_status" />
			<column name="global" valueBoolean="true" />
		</insert>
		<insert tableName="asset">
			<column name="id" valueNumeric="10077" />
			<column name="identifier" value="8882879026" />
			<column name="create_datetime" valueDate="2014-10-22T23:19:32.921" />
			<column name="status_id" valueNumeric="10501" />
			<column name="entity_id" valueNumeric="1" />
			<column name="deleted" valueNumeric="0" />
			<column name="item_id" valueNumeric="320104" />
			<column name="order_line_id" />
			<column name="notes" value="Bulk Upload" />
			<column name="optlock" valueNumeric="0" />
			<column name="group_id" />
			<column name="provisioning_status" />
			<column name="global" valueBoolean="true" />
		</insert>
		<insert tableName="asset">
			<column name="id" valueNumeric="10078" />
			<column name="identifier" value="8882879861" />
			<column name="create_datetime" valueDate="2014-10-22T23:19:32.954" />
			<column name="status_id" valueNumeric="10501" />
			<column name="entity_id" valueNumeric="1" />
			<column name="deleted" valueNumeric="0" />
			<column name="item_id" valueNumeric="320104" />
			<column name="order_line_id" />
			<column name="notes" value="Bulk Upload" />
			<column name="optlock" valueNumeric="0" />
			<column name="group_id" />
			<column name="provisioning_status" />
			<column name="global" valueBoolean="true" />
		</insert>
		<insert tableName="asset">
			<column name="id" valueNumeric="10079" />
			<column name="identifier" value="8882880089" />
			<column name="create_datetime" valueDate="2014-10-22T23:19:33.298" />
			<column name="status_id" valueNumeric="10501" />
			<column name="entity_id" valueNumeric="1" />
			<column name="deleted" valueNumeric="0" />
			<column name="item_id" valueNumeric="320104" />
			<column name="order_line_id" />
			<column name="notes" value="Bulk Upload" />
			<column name="optlock" valueNumeric="0" />
			<column name="group_id" />
			<column name="provisioning_status" />
			<column name="global" valueBoolean="true" />
		</insert>
		<insert tableName="asset">
			<column name="id" valueNumeric="10080" />
			<column name="identifier" value="8882880349" />
			<column name="create_datetime" valueDate="2014-10-22T23:19:33.306" />
			<column name="status_id" valueNumeric="10501" />
			<column name="entity_id" valueNumeric="1" />
			<column name="deleted" valueNumeric="0" />
			<column name="item_id" valueNumeric="320104" />
			<column name="order_line_id" />
			<column name="notes" value="Bulk Upload" />
			<column name="optlock" valueNumeric="0" />
			<column name="group_id" />
			<column name="provisioning_status" />
			<column name="global" valueBoolean="true" />
		</insert>
		<insert tableName="asset">
			<column name="id" valueNumeric="10081" />
			<column name="identifier" value="8882880822" />
			<column name="create_datetime" valueDate="2014-10-22T23:19:33.335" />
			<column name="status_id" valueNumeric="10501" />
			<column name="entity_id" valueNumeric="1" />
			<column name="deleted" valueNumeric="0" />
			<column name="item_id" valueNumeric="320104" />
			<column name="order_line_id" />
			<column name="notes" value="Bulk Upload" />
			<column name="optlock" valueNumeric="0" />
			<column name="group_id" />
			<column name="provisioning_status" />
			<column name="global" valueBoolean="true" />
		</insert>
		<insert tableName="asset">
			<column name="id" valueNumeric="10082" />
			<column name="identifier" value="8882880877" />
			<column name="create_datetime" valueDate="2014-10-22T23:19:33.341" />
			<column name="status_id" valueNumeric="10501" />
			<column name="entity_id" valueNumeric="1" />
			<column name="deleted" valueNumeric="0" />
			<column name="item_id" valueNumeric="320104" />
			<column name="order_line_id" />
			<column name="notes" value="Bulk Upload" />
			<column name="optlock" valueNumeric="0" />
			<column name="group_id" />
			<column name="provisioning_status" />
			<column name="global" valueBoolean="true" />
		</insert>
		<insert tableName="asset">
			<column name="id" valueNumeric="10083" />
			<column name="identifier" value="8882881031" />
			<column name="create_datetime" valueDate="2014-10-22T23:19:33.361" />
			<column name="status_id" valueNumeric="10501" />
			<column name="entity_id" valueNumeric="1" />
			<column name="deleted" valueNumeric="0" />
			<column name="item_id" valueNumeric="320104" />
			<column name="order_line_id" />
			<column name="notes" value="Bulk Upload" />
			<column name="optlock" valueNumeric="0" />
			<column name="group_id" />
			<column name="provisioning_status" />
			<column name="global" valueBoolean="true" />
		</insert>
		<insert tableName="asset">
			<column name="id" valueNumeric="10084" />
			<column name="identifier" value="8882881257" />
			<column name="create_datetime" valueDate="2014-10-22T23:19:33.368" />
			<column name="status_id" valueNumeric="10501" />
			<column name="entity_id" valueNumeric="1" />
			<column name="deleted" valueNumeric="0" />
			<column name="item_id" valueNumeric="320104" />
			<column name="order_line_id" />
			<column name="notes" value="Bulk Upload" />
			<column name="optlock" valueNumeric="0" />
			<column name="group_id" />
			<column name="provisioning_status" />
			<column name="global" valueBoolean="true" />
		</insert>
		<insert tableName="asset">
			<column name="id" valueNumeric="10085" />
			<column name="identifier" value="8882881312" />
			<column name="create_datetime" valueDate="2014-10-22T23:19:33.387" />
			<column name="status_id" valueNumeric="10501" />
			<column name="entity_id" valueNumeric="1" />
			<column name="deleted" valueNumeric="0" />
			<column name="item_id" valueNumeric="320104" />
			<column name="order_line_id" />
			<column name="notes" value="Bulk Upload" />
			<column name="optlock" valueNumeric="0" />
			<column name="group_id" />
			<column name="provisioning_status" />
			<column name="global" valueBoolean="true" />
		</insert>
		<insert tableName="asset">
			<column name="id" valueNumeric="10086" />
			<column name="identifier" value="8882881428" />
			<column name="create_datetime" valueDate="2014-10-22T23:19:33.439" />
			<column name="status_id" valueNumeric="10501" />
			<column name="entity_id" valueNumeric="1" />
			<column name="deleted" valueNumeric="0" />
			<column name="item_id" valueNumeric="320104" />
			<column name="order_line_id" />
			<column name="notes" value="Bulk Upload" />
			<column name="optlock" valueNumeric="0" />
			<column name="group_id" />
			<column name="provisioning_status" />
			<column name="global" valueBoolean="true" />
		</insert>
		<insert tableName="asset">
			<column name="id" valueNumeric="10087" />
			<column name="identifier" value="8882882114" />
			<column name="create_datetime" valueDate="2014-10-22T23:19:33.469" />
			<column name="status_id" valueNumeric="10501" />
			<column name="entity_id" valueNumeric="1" />
			<column name="deleted" valueNumeric="0" />
			<column name="item_id" valueNumeric="320104" />
			<column name="order_line_id" />
			<column name="notes" value="Bulk Upload" />
			<column name="optlock" valueNumeric="0" />
			<column name="group_id" />
			<column name="provisioning_status" />
			<column name="global" valueBoolean="true" />
		</insert>
		<insert tableName="asset">
			<column name="id" valueNumeric="10088" />
			<column name="identifier" value="8882882171" />
			<column name="create_datetime" valueDate="2014-10-22T23:19:33.499" />
			<column name="status_id" valueNumeric="10501" />
			<column name="entity_id" valueNumeric="1" />
			<column name="deleted" valueNumeric="0" />
			<column name="item_id" valueNumeric="320104" />
			<column name="order_line_id" />
			<column name="notes" value="Bulk Upload" />
			<column name="optlock" valueNumeric="0" />
			<column name="group_id" />
			<column name="provisioning_status" />
			<column name="global" valueBoolean="true" />
		</insert>
		<insert tableName="asset">
			<column name="id" valueNumeric="10089" />
			<column name="identifier" value="8882885314" />
			<column name="create_datetime" valueDate="2014-10-22T23:19:33.511" />
			<column name="status_id" valueNumeric="10501" />
			<column name="entity_id" valueNumeric="1" />
			<column name="deleted" valueNumeric="0" />
			<column name="item_id" valueNumeric="320104" />
			<column name="order_line_id" />
			<column name="notes" value="Bulk Upload" />
			<column name="optlock" valueNumeric="0" />
			<column name="group_id" />
			<column name="provisioning_status" />
			<column name="global" valueBoolean="true" />
		</insert>
		<insert tableName="asset">
			<column name="id" valueNumeric="10090" />
			<column name="identifier" value="8882885734" />
			<column name="create_datetime" valueDate="2014-10-22T23:19:33.531" />
			<column name="status_id" valueNumeric="10501" />
			<column name="entity_id" valueNumeric="1" />
			<column name="deleted" valueNumeric="0" />
			<column name="item_id" valueNumeric="320104" />
			<column name="order_line_id" />
			<column name="notes" value="Bulk Upload" />
			<column name="optlock" valueNumeric="0" />
			<column name="group_id" />
			<column name="provisioning_status" />
			<column name="global" valueBoolean="true" />
		</insert>
		<insert tableName="asset">
			<column name="id" valueNumeric="10091" />
			<column name="identifier" value="8882885813" />
			<column name="create_datetime" valueDate="2014-10-22T23:19:33.537" />
			<column name="status_id" valueNumeric="10501" />
			<column name="entity_id" valueNumeric="1" />
			<column name="deleted" valueNumeric="0" />
			<column name="item_id" valueNumeric="320104" />
			<column name="order_line_id" />
			<column name="notes" value="Bulk Upload" />
			<column name="optlock" valueNumeric="0" />
			<column name="group_id" />
			<column name="provisioning_status" />
			<column name="global" valueBoolean="true" />
		</insert>
		<insert tableName="asset">
			<column name="id" valueNumeric="10092" />
			<column name="identifier" value="8882885912" />
			<column name="create_datetime" valueDate="2014-10-22T23:19:33.543" />
			<column name="status_id" valueNumeric="10501" />
			<column name="entity_id" valueNumeric="1" />
			<column name="deleted" valueNumeric="0" />
			<column name="item_id" valueNumeric="320104" />
			<column name="order_line_id" />
			<column name="notes" value="Bulk Upload" />
			<column name="optlock" valueNumeric="0" />
			<column name="group_id" />
			<column name="provisioning_status" />
			<column name="global" valueBoolean="true" />
		</insert>
		<insert tableName="asset">
			<column name="id" valueNumeric="10093" />
			<column name="identifier" value="8882886254" />
			<column name="create_datetime" valueDate="2014-10-22T23:19:33.757" />
			<column name="status_id" valueNumeric="10501" />
			<column name="entity_id" valueNumeric="1" />
			<column name="deleted" valueNumeric="0" />
			<column name="item_id" valueNumeric="320104" />
			<column name="order_line_id" />
			<column name="notes" value="Bulk Upload" />
			<column name="optlock" valueNumeric="0" />
			<column name="group_id" />
			<column name="provisioning_status" />
			<column name="global" valueBoolean="true" />
		</insert>
		<insert tableName="asset">
			<column name="id" valueNumeric="10094" />
			<column name="identifier" value="8882887153" />
			<column name="create_datetime" valueDate="2014-10-22T23:19:33.779" />
			<column name="status_id" valueNumeric="10501" />
			<column name="entity_id" valueNumeric="1" />
			<column name="deleted" valueNumeric="0" />
			<column name="item_id" valueNumeric="320104" />
			<column name="order_line_id" />
			<column name="notes" value="Bulk Upload" />
			<column name="optlock" valueNumeric="0" />
			<column name="group_id" />
			<column name="provisioning_status" />
			<column name="global" valueBoolean="true" />
		</insert>
		<insert tableName="asset">
			<column name="id" valueNumeric="10095" />
			<column name="identifier" value="8882887275" />
			<column name="create_datetime" valueDate="2014-10-22T23:19:33.800" />
			<column name="status_id" valueNumeric="10501" />
			<column name="entity_id" valueNumeric="1" />
			<column name="deleted" valueNumeric="0" />
			<column name="item_id" valueNumeric="320104" />
			<column name="order_line_id" />
			<column name="notes" value="Bulk Upload" />
			<column name="optlock" valueNumeric="0" />
			<column name="group_id" />
			<column name="provisioning_status" />
			<column name="global" valueBoolean="true" />
		</insert>
		<insert tableName="asset">
			<column name="id" valueNumeric="10096" />
			<column name="identifier" value="8882887705" />
			<column name="create_datetime" valueDate="2014-10-22T23:19:33.810" />
			<column name="status_id" valueNumeric="10501" />
			<column name="entity_id" valueNumeric="1" />
			<column name="deleted" valueNumeric="0" />
			<column name="item_id" valueNumeric="320104" />
			<column name="order_line_id" />
			<column name="notes" value="Bulk Upload" />
			<column name="optlock" valueNumeric="0" />
			<column name="group_id" />
			<column name="provisioning_status" />
			<column name="global" valueBoolean="true" />
		</insert>
		<insert tableName="asset">
			<column name="id" valueNumeric="10097" />
			<column name="identifier" value="8882888147" />
			<column name="create_datetime" valueDate="2014-10-22T23:19:33.871" />
			<column name="status_id" valueNumeric="10501" />
			<column name="entity_id" valueNumeric="1" />
			<column name="deleted" valueNumeric="0" />
			<column name="item_id" valueNumeric="320104" />
			<column name="order_line_id" />
			<column name="notes" value="Bulk Upload" />
			<column name="optlock" valueNumeric="0" />
			<column name="group_id" />
			<column name="provisioning_status" />
			<column name="global" valueBoolean="true" />
		</insert>
		<insert tableName="asset">
			<column name="id" valueNumeric="10098" />
			<column name="identifier" value="8882888194" />
			<column name="create_datetime" valueDate="2014-10-22T23:19:33.895" />
			<column name="status_id" valueNumeric="10501" />
			<column name="entity_id" valueNumeric="1" />
			<column name="deleted" valueNumeric="0" />
			<column name="item_id" valueNumeric="320104" />
			<column name="order_line_id" />
			<column name="notes" value="Bulk Upload" />
			<column name="optlock" valueNumeric="0" />
			<column name="group_id" />
			<column name="provisioning_status" />
			<column name="global" valueBoolean="true" />
		</insert>
		<insert tableName="asset">
			<column name="id" valueNumeric="10099" />
			<column name="identifier" value="8882888410" />
			<column name="create_datetime" valueDate="2014-10-22T23:19:33.902" />
			<column name="status_id" valueNumeric="10501" />
			<column name="entity_id" valueNumeric="1" />
			<column name="deleted" valueNumeric="0" />
			<column name="item_id" valueNumeric="320104" />
			<column name="order_line_id" />
			<column name="notes" value="Bulk Upload" />
			<column name="optlock" valueNumeric="0" />
			<column name="group_id" />
			<column name="provisioning_status" />
			<column name="global" valueBoolean="true" />
		</insert>
		<insert tableName="asset">
			<column name="id" valueNumeric="10100" />
			<column name="identifier" value="8882888558" />
			<column name="create_datetime" valueDate="2014-10-22T23:19:33.916" />
			<column name="status_id" valueNumeric="10501" />
			<column name="entity_id" valueNumeric="1" />
			<column name="deleted" valueNumeric="0" />
			<column name="item_id" valueNumeric="320104" />
			<column name="order_line_id" />
			<column name="notes" value="Bulk Upload" />
			<column name="optlock" valueNumeric="0" />
			<column name="group_id" />
			<column name="provisioning_status" />
			<column name="global" valueBoolean="true" />
		</insert>
		<insert tableName="asset">
			<column name="id" valueNumeric="10101" />
			<column name="identifier" value="8882888586" />
			<column name="create_datetime" valueDate="2014-10-22T23:19:33.929" />
			<column name="status_id" valueNumeric="10501" />
			<column name="entity_id" valueNumeric="1" />
			<column name="deleted" valueNumeric="0" />
			<column name="item_id" valueNumeric="320104" />
			<column name="order_line_id" />
			<column name="notes" value="Bulk Upload" />
			<column name="optlock" valueNumeric="0" />
			<column name="group_id" />
			<column name="provisioning_status" />
			<column name="global" valueBoolean="true" />
		</insert>
		<insert tableName="asset">
			<column name="id" valueNumeric="10102" />
			<column name="identifier" value="8882888814" />
			<column name="create_datetime" valueDate="2014-10-22T23:19:33.969" />
			<column name="status_id" valueNumeric="10501" />
			<column name="entity_id" valueNumeric="1" />
			<column name="deleted" valueNumeric="0" />
			<column name="item_id" valueNumeric="320104" />
			<column name="order_line_id" />
			<column name="notes" value="Bulk Upload" />
			<column name="optlock" valueNumeric="0" />
			<column name="group_id" />
			<column name="provisioning_status" />
			<column name="global" valueBoolean="true" />
		</insert>
		<insert tableName="asset">
			<column name="id" valueNumeric="10103" />
			<column name="identifier" value="8882889077" />
			<column name="create_datetime" valueDate="2014-10-22T23:19:33.983" />
			<column name="status_id" valueNumeric="10501" />
			<column name="entity_id" valueNumeric="1" />
			<column name="deleted" valueNumeric="0" />
			<column name="item_id" valueNumeric="320104" />
			<column name="order_line_id" />
			<column name="notes" value="Bulk Upload" />
			<column name="optlock" valueNumeric="0" />
			<column name="group_id" />
			<column name="provisioning_status" />
			<column name="global" valueBoolean="true" />
		</insert>
		<insert tableName="asset">
			<column name="id" valueNumeric="10104" />
			<column name="identifier" value="8882889122" />
			<column name="create_datetime" valueDate="2014-10-22T23:19:34.3" />
			<column name="status_id" valueNumeric="10501" />
			<column name="entity_id" valueNumeric="1" />
			<column name="deleted" valueNumeric="0" />
			<column name="item_id" valueNumeric="320104" />
			<column name="order_line_id" />
			<column name="notes" value="Bulk Upload" />
			<column name="optlock" valueNumeric="0" />
			<column name="group_id" />
			<column name="provisioning_status" />
			<column name="global" valueBoolean="true" />
		</insert>
		<insert tableName="asset">
			<column name="id" valueNumeric="10105" />
			<column name="identifier" value="8882889260" />
			<column name="create_datetime" valueDate="2014-10-22T23:19:34.37" />
			<column name="status_id" valueNumeric="10501" />
			<column name="entity_id" valueNumeric="1" />
			<column name="deleted" valueNumeric="0" />
			<column name="item_id" valueNumeric="320104" />
			<column name="order_line_id" />
			<column name="notes" value="Bulk Upload" />
			<column name="optlock" valueNumeric="0" />
			<column name="group_id" />
			<column name="provisioning_status" />
			<column name="global" valueBoolean="true" />
		</insert>
		<insert tableName="asset">
			<column name="id" valueNumeric="10106" />
			<column name="identifier" value="8882889280" />
			<column name="create_datetime" valueDate="2014-10-22T23:19:34.108" />
			<column name="status_id" valueNumeric="10501" />
			<column name="entity_id" valueNumeric="1" />
			<column name="deleted" valueNumeric="0" />
			<column name="item_id" valueNumeric="320104" />
			<column name="order_line_id" />
			<column name="notes" value="Bulk Upload" />
			<column name="optlock" valueNumeric="0" />
			<column name="group_id" />
			<column name="provisioning_status" />
			<column name="global" valueBoolean="true" />
		</insert>
		<insert tableName="asset">
			<column name="id" valueNumeric="10107" />
			<column name="identifier" value="8882889778" />
			<column name="create_datetime" valueDate="2014-10-22T23:19:34.189" />
			<column name="status_id" valueNumeric="10501" />
			<column name="entity_id" valueNumeric="1" />
			<column name="deleted" valueNumeric="0" />
			<column name="item_id" valueNumeric="320104" />
			<column name="order_line_id" />
			<column name="notes" value="Bulk Upload" />
			<column name="optlock" valueNumeric="0" />
			<column name="group_id" />
			<column name="provisioning_status" />
			<column name="global" valueBoolean="true" />
		</insert>
		<insert tableName="asset">
			<column name="id" valueNumeric="10108" />
			<column name="identifier" value="8882889881" />
			<column name="create_datetime" valueDate="2014-10-22T23:19:34.301" />
			<column name="status_id" valueNumeric="10501" />
			<column name="entity_id" valueNumeric="1" />
			<column name="deleted" valueNumeric="0" />
			<column name="item_id" valueNumeric="320104" />
			<column name="order_line_id" />
			<column name="notes" value="Bulk Upload" />
			<column name="optlock" valueNumeric="0" />
			<column name="group_id" />
			<column name="provisioning_status" />
			<column name="global" valueBoolean="true" />
		</insert>
		<insert tableName="asset">
			<column name="id" valueNumeric="10109" />
			<column name="identifier" value="8882890157" />
			<column name="create_datetime" valueDate="2014-10-22T23:19:34.308" />
			<column name="status_id" valueNumeric="10501" />
			<column name="entity_id" valueNumeric="1" />
			<column name="deleted" valueNumeric="0" />
			<column name="item_id" valueNumeric="320104" />
			<column name="order_line_id" />
			<column name="notes" value="Bulk Upload" />
			<column name="optlock" valueNumeric="0" />
			<column name="group_id" />
			<column name="provisioning_status" />
			<column name="global" valueBoolean="true" />
		</insert>
		<insert tableName="asset">
			<column name="id" valueNumeric="10110" />
			<column name="identifier" value="8882890196" />
			<column name="create_datetime" valueDate="2014-10-22T23:19:34.443" />
			<column name="status_id" valueNumeric="10501" />
			<column name="entity_id" valueNumeric="1" />
			<column name="deleted" valueNumeric="0" />
			<column name="item_id" valueNumeric="320104" />
			<column name="order_line_id" />
			<column name="notes" value="Bulk Upload" />
			<column name="optlock" valueNumeric="0" />
			<column name="group_id" />
			<column name="provisioning_status" />
			<column name="global" valueBoolean="true" />
		</insert>
		<insert tableName="asset">
			<column name="id" valueNumeric="10111" />
			<column name="identifier" value="8882890819" />
			<column name="create_datetime" valueDate="2014-10-22T23:19:34.449" />
			<column name="status_id" valueNumeric="10501" />
			<column name="entity_id" valueNumeric="1" />
			<column name="deleted" valueNumeric="0" />
			<column name="item_id" valueNumeric="320104" />
			<column name="order_line_id" />
			<column name="notes" value="Bulk Upload" />
			<column name="optlock" valueNumeric="0" />
			<column name="group_id" />
			<column name="provisioning_status" />
			<column name="global" valueBoolean="true" />
		</insert>
		<insert tableName="asset">
			<column name="id" valueNumeric="10112" />
			<column name="identifier" value="8882891039" />
			<column name="create_datetime" valueDate="2014-10-22T23:19:34.462" />
			<column name="status_id" valueNumeric="10501" />
			<column name="entity_id" valueNumeric="1" />
			<column name="deleted" valueNumeric="0" />
			<column name="item_id" valueNumeric="320104" />
			<column name="order_line_id" />
			<column name="notes" value="Bulk Upload" />
			<column name="optlock" valueNumeric="0" />
			<column name="group_id" />
			<column name="provisioning_status" />
			<column name="global" valueBoolean="true" />
		</insert>
		<insert tableName="asset">
			<column name="id" valueNumeric="10113" />
			<column name="identifier" value="8882891167" />
			<column name="create_datetime" valueDate="2014-10-22T23:19:34.473" />
			<column name="status_id" valueNumeric="10501" />
			<column name="entity_id" valueNumeric="1" />
			<column name="deleted" valueNumeric="0" />
			<column name="item_id" valueNumeric="320104" />
			<column name="order_line_id" />
			<column name="notes" value="Bulk Upload" />
			<column name="optlock" valueNumeric="0" />
			<column name="group_id" />
			<column name="provisioning_status" />
			<column name="global" valueBoolean="true" />
		</insert>
		<insert tableName="asset">
			<column name="id" valueNumeric="10114" />
			<column name="identifier" value="8882891228" />
			<column name="create_datetime" valueDate="2014-10-22T23:19:34.484" />
			<column name="status_id" valueNumeric="10501" />
			<column name="entity_id" valueNumeric="1" />
			<column name="deleted" valueNumeric="0" />
			<column name="item_id" valueNumeric="320104" />
			<column name="order_line_id" />
			<column name="notes" value="Bulk Upload" />
			<column name="optlock" valueNumeric="0" />
			<column name="group_id" />
			<column name="provisioning_status" />
			<column name="global" valueBoolean="true" />
		</insert>
		<insert tableName="asset">
			<column name="id" valueNumeric="10115" />
			<column name="identifier" value="8882891979" />
			<column name="create_datetime" valueDate="2014-10-22T23:19:34.539" />
			<column name="status_id" valueNumeric="10501" />
			<column name="entity_id" valueNumeric="1" />
			<column name="deleted" valueNumeric="0" />
			<column name="item_id" valueNumeric="320104" />
			<column name="order_line_id" />
			<column name="notes" value="Bulk Upload" />
			<column name="optlock" valueNumeric="0" />
			<column name="group_id" />
			<column name="provisioning_status" />
			<column name="global" valueBoolean="true" />
		</insert>
		<insert tableName="asset">
			<column name="id" valueNumeric="10116" />
			<column name="identifier" value="8882892459" />
			<column name="create_datetime" valueDate="2014-10-22T23:19:34.574" />
			<column name="status_id" valueNumeric="10501" />
			<column name="entity_id" valueNumeric="1" />
			<column name="deleted" valueNumeric="0" />
			<column name="item_id" valueNumeric="320104" />
			<column name="order_line_id" />
			<column name="notes" value="Bulk Upload" />
			<column name="optlock" valueNumeric="0" />
			<column name="group_id" />
			<column name="provisioning_status" />
			<column name="global" valueBoolean="true" />
		</insert>
		<insert tableName="asset">
			<column name="id" valueNumeric="10117" />
			<column name="identifier" value="8882892571" />
			<column name="create_datetime" valueDate="2014-10-22T23:19:34.582" />
			<column name="status_id" valueNumeric="10501" />
			<column name="entity_id" valueNumeric="1" />
			<column name="deleted" valueNumeric="0" />
			<column name="item_id" valueNumeric="320104" />
			<column name="order_line_id" />
			<column name="notes" value="Bulk Upload" />
			<column name="optlock" valueNumeric="0" />
			<column name="group_id" />
			<column name="provisioning_status" />
			<column name="global" valueBoolean="true" />
		</insert>
		<insert tableName="asset">
			<column name="id" valueNumeric="10118" />
			<column name="identifier" value="8882894052" />
			<column name="create_datetime" valueDate="2014-10-22T23:19:34.603" />
			<column name="status_id" valueNumeric="10501" />
			<column name="entity_id" valueNumeric="1" />
			<column name="deleted" valueNumeric="0" />
			<column name="item_id" valueNumeric="320104" />
			<column name="order_line_id" />
			<column name="notes" value="Bulk Upload" />
			<column name="optlock" valueNumeric="0" />
			<column name="group_id" />
			<column name="provisioning_status" />
			<column name="global" valueBoolean="true" />
		</insert>
		<insert tableName="asset">
			<column name="id" valueNumeric="10119" />
			<column name="identifier" value="8882894113" />
			<column name="create_datetime" valueDate="2014-10-22T23:19:34.704" />
			<column name="status_id" valueNumeric="10501" />
			<column name="entity_id" valueNumeric="1" />
			<column name="deleted" valueNumeric="0" />
			<column name="item_id" valueNumeric="320104" />
			<column name="order_line_id" />
			<column name="notes" value="Bulk Upload" />
			<column name="optlock" valueNumeric="0" />
			<column name="group_id" />
			<column name="provisioning_status" />
			<column name="global" valueBoolean="true" />
		</insert>
		<insert tableName="asset">
			<column name="id" valueNumeric="10120" />
			<column name="identifier" value="8882894139" />
			<column name="create_datetime" valueDate="2014-10-22T23:19:34.719" />
			<column name="status_id" valueNumeric="10501" />
			<column name="entity_id" valueNumeric="1" />
			<column name="deleted" valueNumeric="0" />
			<column name="item_id" valueNumeric="320104" />
			<column name="order_line_id" />
			<column name="notes" value="Bulk Upload" />
			<column name="optlock" valueNumeric="0" />
			<column name="group_id" />
			<column name="provisioning_status" />
			<column name="global" valueBoolean="true" />
		</insert>
		<insert tableName="asset">
			<column name="id" valueNumeric="10121" />
			<column name="identifier" value="8882894512" />
			<column name="create_datetime" valueDate="2014-10-22T23:19:34.726" />
			<column name="status_id" valueNumeric="10501" />
			<column name="entity_id" valueNumeric="1" />
			<column name="deleted" valueNumeric="0" />
			<column name="item_id" valueNumeric="320104" />
			<column name="order_line_id" />
			<column name="notes" value="Bulk Upload" />
			<column name="optlock" valueNumeric="0" />
			<column name="group_id" />
			<column name="provisioning_status" />
			<column name="global" valueBoolean="true" />
		</insert>
		<insert tableName="asset">
			<column name="id" valueNumeric="10122" />
			<column name="identifier" value="8882894574" />
			<column name="create_datetime" valueDate="2014-10-22T23:19:34.737" />
			<column name="status_id" valueNumeric="10501" />
			<column name="entity_id" valueNumeric="1" />
			<column name="deleted" valueNumeric="0" />
			<column name="item_id" valueNumeric="320104" />
			<column name="order_line_id" />
			<column name="notes" value="Bulk Upload" />
			<column name="optlock" valueNumeric="0" />
			<column name="group_id" />
			<column name="provisioning_status" />
			<column name="global" valueBoolean="true" />
		</insert>
		<insert tableName="asset">
			<column name="id" valueNumeric="10123" />
			<column name="identifier" value="8882895232" />
			<column name="create_datetime" valueDate="2014-10-22T23:19:34.749" />
			<column name="status_id" valueNumeric="10501" />
			<column name="entity_id" valueNumeric="1" />
			<column name="deleted" valueNumeric="0" />
			<column name="item_id" valueNumeric="320104" />
			<column name="order_line_id" />
			<column name="notes" value="Bulk Upload" />
			<column name="optlock" valueNumeric="0" />
			<column name="group_id" />
			<column name="provisioning_status" />
			<column name="global" valueBoolean="true" />
		</insert>
		<insert tableName="asset">
			<column name="id" valueNumeric="10124" />
			<column name="identifier" value="8882895284" />
			<column name="create_datetime" valueDate="2014-10-22T23:19:34.775" />
			<column name="status_id" valueNumeric="10501" />
			<column name="entity_id" valueNumeric="1" />
			<column name="deleted" valueNumeric="0" />
			<column name="item_id" valueNumeric="320104" />
			<column name="order_line_id" />
			<column name="notes" value="Bulk Upload" />
			<column name="optlock" valueNumeric="0" />
			<column name="group_id" />
			<column name="provisioning_status" />
			<column name="global" valueBoolean="true" />
		</insert>
		<insert tableName="asset">
			<column name="id" valueNumeric="10125" />
			<column name="identifier" value="8882895457" />
			<column name="create_datetime" valueDate="2014-10-22T23:19:34.782" />
			<column name="status_id" valueNumeric="10501" />
			<column name="entity_id" valueNumeric="1" />
			<column name="deleted" valueNumeric="0" />
			<column name="item_id" valueNumeric="320104" />
			<column name="order_line_id" />
			<column name="notes" value="Bulk Upload" />
			<column name="optlock" valueNumeric="0" />
			<column name="group_id" />
			<column name="provisioning_status" />
			<column name="global" valueBoolean="true" />
		</insert>
		<insert tableName="asset">
			<column name="id" valueNumeric="10126" />
			<column name="identifier" value="8882895666" />
			<column name="create_datetime" valueDate="2014-10-22T23:19:34.807" />
			<column name="status_id" valueNumeric="10501" />
			<column name="entity_id" valueNumeric="1" />
			<column name="deleted" valueNumeric="0" />
			<column name="item_id" valueNumeric="320104" />
			<column name="order_line_id" />
			<column name="notes" value="Bulk Upload" />
			<column name="optlock" valueNumeric="0" />
			<column name="group_id" />
			<column name="provisioning_status" />
			<column name="global" valueBoolean="true" />
		</insert>
		<insert tableName="asset">
			<column name="id" valueNumeric="10127" />
			<column name="identifier" value="8882895670" />
			<column name="create_datetime" valueDate="2014-10-22T23:19:34.818" />
			<column name="status_id" valueNumeric="10501" />
			<column name="entity_id" valueNumeric="1" />
			<column name="deleted" valueNumeric="0" />
			<column name="item_id" valueNumeric="320104" />
			<column name="order_line_id" />
			<column name="notes" value="Bulk Upload" />
			<column name="optlock" valueNumeric="0" />
			<column name="group_id" />
			<column name="provisioning_status" />
			<column name="global" valueBoolean="true" />
		</insert>
		<insert tableName="asset">
			<column name="id" valueNumeric="10128" />
			<column name="identifier" value="8882895763" />
			<column name="create_datetime" valueDate="2014-10-22T23:19:34.829" />
			<column name="status_id" valueNumeric="10501" />
			<column name="entity_id" valueNumeric="1" />
			<column name="deleted" valueNumeric="0" />
			<column name="item_id" valueNumeric="320104" />
			<column name="order_line_id" />
			<column name="notes" value="Bulk Upload" />
			<column name="optlock" valueNumeric="0" />
			<column name="group_id" />
			<column name="provisioning_status" />
			<column name="global" valueBoolean="true" />
		</insert>
		<insert tableName="asset">
			<column name="id" valueNumeric="10129" />
			<column name="identifier" value="8882896122" />
			<column name="create_datetime" valueDate="2014-10-22T23:19:34.900" />
			<column name="status_id" valueNumeric="10501" />
			<column name="entity_id" valueNumeric="1" />
			<column name="deleted" valueNumeric="0" />
			<column name="item_id" valueNumeric="320104" />
			<column name="order_line_id" />
			<column name="notes" value="Bulk Upload" />
			<column name="optlock" valueNumeric="0" />
			<column name="group_id" />
			<column name="provisioning_status" />
			<column name="global" valueBoolean="true" />
		</insert>
		<insert tableName="asset">
			<column name="id" valueNumeric="10130" />
			<column name="identifier" value="8882897919" />
			<column name="create_datetime" valueDate="2014-10-22T23:19:34.908" />
			<column name="status_id" valueNumeric="10501" />
			<column name="entity_id" valueNumeric="1" />
			<column name="deleted" valueNumeric="0" />
			<column name="item_id" valueNumeric="320104" />
			<column name="order_line_id" />
			<column name="notes" value="Bulk Upload" />
			<column name="optlock" valueNumeric="0" />
			<column name="group_id" />
			<column name="provisioning_status" />
			<column name="global" valueBoolean="true" />
		</insert>
		<insert tableName="asset">
			<column name="id" valueNumeric="10131" />
			<column name="identifier" value="8882897930" />
			<column name="create_datetime" valueDate="2014-10-22T23:19:34.962" />
			<column name="status_id" valueNumeric="10501" />
			<column name="entity_id" valueNumeric="1" />
			<column name="deleted" valueNumeric="0" />
			<column name="item_id" valueNumeric="320104" />
			<column name="order_line_id" />
			<column name="notes" value="Bulk Upload" />
			<column name="optlock" valueNumeric="0" />
			<column name="group_id" />
			<column name="provisioning_status" />
			<column name="global" valueBoolean="true" />
		</insert>
		<insert tableName="asset">
			<column name="id" valueNumeric="10132" />
			<column name="identifier" value="8882897954" />
			<column name="create_datetime" valueDate="2014-10-22T23:19:34.978" />
			<column name="status_id" valueNumeric="10501" />
			<column name="entity_id" valueNumeric="1" />
			<column name="deleted" valueNumeric="0" />
			<column name="item_id" valueNumeric="320104" />
			<column name="order_line_id" />
			<column name="notes" value="Bulk Upload" />
			<column name="optlock" valueNumeric="0" />
			<column name="group_id" />
			<column name="provisioning_status" />
			<column name="global" valueBoolean="true" />
		</insert>
		<insert tableName="asset">
			<column name="id" valueNumeric="10133" />
			<column name="identifier" value="8882898113" />
			<column name="create_datetime" valueDate="2014-10-22T23:19:34.998" />
			<column name="status_id" valueNumeric="10501" />
			<column name="entity_id" valueNumeric="1" />
			<column name="deleted" valueNumeric="0" />
			<column name="item_id" valueNumeric="320104" />
			<column name="order_line_id" />
			<column name="notes" value="Bulk Upload" />
			<column name="optlock" valueNumeric="0" />
			<column name="group_id" />
			<column name="provisioning_status" />
			<column name="global" valueBoolean="true" />
		</insert>
		<insert tableName="asset">
			<column name="id" valueNumeric="10134" />
			<column name="identifier" value="8882898125" />
			<column name="create_datetime" valueDate="2014-10-22T23:19:35.5" />
			<column name="status_id" valueNumeric="10501" />
			<column name="entity_id" valueNumeric="1" />
			<column name="deleted" valueNumeric="0" />
			<column name="item_id" valueNumeric="320104" />
			<column name="order_line_id" />
			<column name="notes" value="Bulk Upload" />
			<column name="optlock" valueNumeric="0" />
			<column name="group_id" />
			<column name="provisioning_status" />
			<column name="global" valueBoolean="true" />
		</insert>
		<insert tableName="asset">
			<column name="id" valueNumeric="10135" />
			<column name="identifier" value="8882898130" />
			<column name="create_datetime" valueDate="2014-10-22T23:19:35.22" />
			<column name="status_id" valueNumeric="10501" />
			<column name="entity_id" valueNumeric="1" />
			<column name="deleted" valueNumeric="0" />
			<column name="item_id" valueNumeric="320104" />
			<column name="order_line_id" />
			<column name="notes" value="Bulk Upload" />
			<column name="optlock" valueNumeric="0" />
			<column name="group_id" />
			<column name="provisioning_status" />
			<column name="global" valueBoolean="true" />
		</insert>
		<insert tableName="asset">
			<column name="id" valueNumeric="10136" />
			<column name="identifier" value="8882898284" />
			<column name="create_datetime" valueDate="2014-10-22T23:19:35.42" />
			<column name="status_id" valueNumeric="10501" />
			<column name="entity_id" valueNumeric="1" />
			<column name="deleted" valueNumeric="0" />
			<column name="item_id" valueNumeric="320104" />
			<column name="order_line_id" />
			<column name="notes" value="Bulk Upload" />
			<column name="optlock" valueNumeric="0" />
			<column name="group_id" />
			<column name="provisioning_status" />
			<column name="global" valueBoolean="true" />
		</insert>
		<insert tableName="asset">
			<column name="id" valueNumeric="10137" />
			<column name="identifier" value="8882898470" />
			<column name="create_datetime" valueDate="2014-10-22T23:19:35.49" />
			<column name="status_id" valueNumeric="10501" />
			<column name="entity_id" valueNumeric="1" />
			<column name="deleted" valueNumeric="0" />
			<column name="item_id" valueNumeric="320104" />
			<column name="order_line_id" />
			<column name="notes" value="Bulk Upload" />
			<column name="optlock" valueNumeric="0" />
			<column name="group_id" />
			<column name="provisioning_status" />
			<column name="global" valueBoolean="true" />
		</insert>
		<insert tableName="asset">
			<column name="id" valueNumeric="10138" />
			<column name="identifier" value="8882898597" />
			<column name="create_datetime" valueDate="2014-10-22T23:19:35.84" />
			<column name="status_id" valueNumeric="10501" />
			<column name="entity_id" valueNumeric="1" />
			<column name="deleted" valueNumeric="0" />
			<column name="item_id" valueNumeric="320104" />
			<column name="order_line_id" />
			<column name="notes" value="Bulk Upload" />
			<column name="optlock" valueNumeric="0" />
			<column name="group_id" />
			<column name="provisioning_status" />
			<column name="global" valueBoolean="true" />
		</insert>
		<insert tableName="asset">
			<column name="id" valueNumeric="10139" />
			<column name="identifier" value="8882898714" />
			<column name="create_datetime" valueDate="2014-10-22T23:19:35.101" />
			<column name="status_id" valueNumeric="10501" />
			<column name="entity_id" valueNumeric="1" />
			<column name="deleted" valueNumeric="0" />
			<column name="item_id" valueNumeric="320104" />
			<column name="order_line_id" />
			<column name="notes" value="Bulk Upload" />
			<column name="optlock" valueNumeric="0" />
			<column name="group_id" />
			<column name="provisioning_status" />
			<column name="global" valueBoolean="true" />
		</insert>
		<insert tableName="asset">
			<column name="id" valueNumeric="10140" />
			<column name="identifier" value="8882898796" />
			<column name="create_datetime" valueDate="2014-10-22T23:19:35.158" />
			<column name="status_id" valueNumeric="10501" />
			<column name="entity_id" valueNumeric="1" />
			<column name="deleted" valueNumeric="0" />
			<column name="item_id" valueNumeric="320104" />
			<column name="order_line_id" />
			<column name="notes" value="Bulk Upload" />
			<column name="optlock" valueNumeric="0" />
			<column name="group_id" />
			<column name="provisioning_status" />
			<column name="global" valueBoolean="true" />
		</insert>
		<insert tableName="asset">
			<column name="id" valueNumeric="10141" />
			<column name="identifier" value="8882898886" />
			<column name="create_datetime" valueDate="2014-10-22T23:19:35.203" />
			<column name="status_id" valueNumeric="10501" />
			<column name="entity_id" valueNumeric="1" />
			<column name="deleted" valueNumeric="0" />
			<column name="item_id" valueNumeric="320104" />
			<column name="order_line_id" />
			<column name="notes" value="Bulk Upload" />
			<column name="optlock" valueNumeric="0" />
			<column name="group_id" />
			<column name="provisioning_status" />
			<column name="global" valueBoolean="true" />
		</insert>
		<insert tableName="asset">
			<column name="id" valueNumeric="10142" />
			<column name="identifier" value="8882898911" />
			<column name="create_datetime" valueDate="2014-10-22T23:19:35.286" />
			<column name="status_id" valueNumeric="10501" />
			<column name="entity_id" valueNumeric="1" />
			<column name="deleted" valueNumeric="0" />
			<column name="item_id" valueNumeric="320104" />
			<column name="order_line_id" />
			<column name="notes" value="Bulk Upload" />
			<column name="optlock" valueNumeric="0" />
			<column name="group_id" />
			<column name="provisioning_status" />
			<column name="global" valueBoolean="true" />
		</insert>
		<insert tableName="asset">
			<column name="id" valueNumeric="10143" />
			<column name="identifier" value="8882899059" />
			<column name="create_datetime" valueDate="2014-10-22T23:19:35.321" />
			<column name="status_id" valueNumeric="10501" />
			<column name="entity_id" valueNumeric="1" />
			<column name="deleted" valueNumeric="0" />
			<column name="item_id" valueNumeric="320104" />
			<column name="order_line_id" />
			<column name="notes" value="Bulk Upload" />
			<column name="optlock" valueNumeric="0" />
			<column name="group_id" />
			<column name="provisioning_status" />
			<column name="global" valueBoolean="true" />
		</insert>
		<insert tableName="asset">
			<column name="id" valueNumeric="10144" />
			<column name="identifier" value="8882899402" />
			<column name="create_datetime" valueDate="2014-10-22T23:19:35.331" />
			<column name="status_id" valueNumeric="10501" />
			<column name="entity_id" valueNumeric="1" />
			<column name="deleted" valueNumeric="0" />
			<column name="item_id" valueNumeric="320104" />
			<column name="order_line_id" />
			<column name="notes" value="Bulk Upload" />
			<column name="optlock" valueNumeric="0" />
			<column name="group_id" />
			<column name="provisioning_status" />
			<column name="global" valueBoolean="true" />
		</insert>
		<insert tableName="asset">
			<column name="id" valueNumeric="10145" />
			<column name="identifier" value="8882899504" />
			<column name="create_datetime" valueDate="2014-10-22T23:19:35.347" />
			<column name="status_id" valueNumeric="10501" />
			<column name="entity_id" valueNumeric="1" />
			<column name="deleted" valueNumeric="0" />
			<column name="item_id" valueNumeric="320104" />
			<column name="order_line_id" />
			<column name="notes" value="Bulk Upload" />
			<column name="optlock" valueNumeric="0" />
			<column name="group_id" />
			<column name="provisioning_status" />
			<column name="global" valueBoolean="true" />
		</insert>
		<insert tableName="asset">
			<column name="id" valueNumeric="10146" />
			<column name="identifier" value="8882899728" />
			<column name="create_datetime" valueDate="2014-10-22T23:19:35.353" />
			<column name="status_id" valueNumeric="10501" />
			<column name="entity_id" valueNumeric="1" />
			<column name="deleted" valueNumeric="0" />
			<column name="item_id" valueNumeric="320104" />
			<column name="order_line_id" />
			<column name="notes" value="Bulk Upload" />
			<column name="optlock" valueNumeric="0" />
			<column name="group_id" />
			<column name="provisioning_status" />
			<column name="global" valueBoolean="true" />
		</insert>
		<insert tableName="asset">
			<column name="id" valueNumeric="10147" />
			<column name="identifier" value="8882900669" />
			<column name="create_datetime" valueDate="2014-10-22T23:19:35.396" />
			<column name="status_id" valueNumeric="10501" />
			<column name="entity_id" valueNumeric="1" />
			<column name="deleted" valueNumeric="0" />
			<column name="item_id" valueNumeric="320104" />
			<column name="order_line_id" />
			<column name="notes" value="Bulk Upload" />
			<column name="optlock" valueNumeric="0" />
			<column name="group_id" />
			<column name="provisioning_status" />
			<column name="global" valueBoolean="true" />
		</insert>
		<insert tableName="asset">
			<column name="id" valueNumeric="10148" />
			<column name="identifier" value="8882900671" />
			<column name="create_datetime" valueDate="2014-10-22T23:19:35.415" />
			<column name="status_id" valueNumeric="10501" />
			<column name="entity_id" valueNumeric="1" />
			<column name="deleted" valueNumeric="0" />
			<column name="item_id" valueNumeric="320104" />
			<column name="order_line_id" />
			<column name="notes" value="Bulk Upload" />
			<column name="optlock" valueNumeric="0" />
			<column name="group_id" />
			<column name="provisioning_status" />
			<column name="global" valueBoolean="true" />
		</insert>
		<insert tableName="asset">
			<column name="id" valueNumeric="10149" />
			<column name="identifier" value="8882900683" />
			<column name="create_datetime" valueDate="2014-10-22T23:19:35.433" />
			<column name="status_id" valueNumeric="10501" />
			<column name="entity_id" valueNumeric="1" />
			<column name="deleted" valueNumeric="0" />
			<column name="item_id" valueNumeric="320104" />
			<column name="order_line_id" />
			<column name="notes" value="Bulk Upload" />
			<column name="optlock" valueNumeric="0" />
			<column name="group_id" />
			<column name="provisioning_status" />
			<column name="global" valueBoolean="true" />
		</insert>
		<insert tableName="asset">
			<column name="id" valueNumeric="10150" />
			<column name="identifier" value="8882900695" />
			<column name="create_datetime" valueDate="2014-10-22T23:19:35.454" />
			<column name="status_id" valueNumeric="10501" />
			<column name="entity_id" valueNumeric="1" />
			<column name="deleted" valueNumeric="0" />
			<column name="item_id" valueNumeric="320104" />
			<column name="order_line_id" />
			<column name="notes" value="Bulk Upload" />
			<column name="optlock" valueNumeric="0" />
			<column name="group_id" />
			<column name="provisioning_status" />
			<column name="global" valueBoolean="true" />
		</insert>
		<insert tableName="asset">
			<column name="id" valueNumeric="10151" />
			<column name="identifier" value="8882900701" />
			<column name="create_datetime" valueDate="2014-10-22T23:19:35.472" />
			<column name="status_id" valueNumeric="10501" />
			<column name="entity_id" valueNumeric="1" />
			<column name="deleted" valueNumeric="0" />
			<column name="item_id" valueNumeric="320104" />
			<column name="order_line_id" />
			<column name="notes" value="Bulk Upload" />
			<column name="optlock" valueNumeric="0" />
			<column name="group_id" />
			<column name="provisioning_status" />
			<column name="global" valueBoolean="true" />
		</insert>
		<insert tableName="asset">
			<column name="id" valueNumeric="10152" />
			<column name="identifier" value="8882901023" />
			<column name="create_datetime" valueDate="2014-10-22T23:19:35.511" />
			<column name="status_id" valueNumeric="10501" />
			<column name="entity_id" valueNumeric="1" />
			<column name="deleted" valueNumeric="0" />
			<column name="item_id" valueNumeric="320104" />
			<column name="order_line_id" />
			<column name="notes" value="Bulk Upload" />
			<column name="optlock" valueNumeric="0" />
			<column name="group_id" />
			<column name="provisioning_status" />
			<column name="global" valueBoolean="true" />
		</insert>
		<insert tableName="asset">
			<column name="id" valueNumeric="10153" />
			<column name="identifier" value="8882901635" />
			<column name="create_datetime" valueDate="2014-10-22T23:19:35.574" />
			<column name="status_id" valueNumeric="10501" />
			<column name="entity_id" valueNumeric="1" />
			<column name="deleted" valueNumeric="0" />
			<column name="item_id" valueNumeric="320104" />
			<column name="order_line_id" />
			<column name="notes" value="Bulk Upload" />
			<column name="optlock" valueNumeric="0" />
			<column name="group_id" />
			<column name="provisioning_status" />
			<column name="global" valueBoolean="true" />
		</insert>
		<insert tableName="asset">
			<column name="id" valueNumeric="10154" />
			<column name="identifier" value="8882901656" />
			<column name="create_datetime" valueDate="2014-10-22T23:19:35.610" />
			<column name="status_id" valueNumeric="10501" />
			<column name="entity_id" valueNumeric="1" />
			<column name="deleted" valueNumeric="0" />
			<column name="item_id" valueNumeric="320104" />
			<column name="order_line_id" />
			<column name="notes" value="Bulk Upload" />
			<column name="optlock" valueNumeric="0" />
			<column name="group_id" />
			<column name="provisioning_status" />
			<column name="global" valueBoolean="true" />
		</insert>
		<insert tableName="asset">
			<column name="id" valueNumeric="10155" />
			<column name="identifier" value="8882901875" />
			<column name="create_datetime" valueDate="2014-10-22T23:19:35.685" />
			<column name="status_id" valueNumeric="10501" />
			<column name="entity_id" valueNumeric="1" />
			<column name="deleted" valueNumeric="0" />
			<column name="item_id" valueNumeric="320104" />
			<column name="order_line_id" />
			<column name="notes" value="Bulk Upload" />
			<column name="optlock" valueNumeric="0" />
			<column name="group_id" />
			<column name="provisioning_status" />
			<column name="global" valueBoolean="true" />
		</insert>
		<insert tableName="asset">
			<column name="id" valueNumeric="10156" />
			<column name="identifier" value="8882903450" />
			<column name="create_datetime" valueDate="2014-10-22T23:19:35.722" />
			<column name="status_id" valueNumeric="10501" />
			<column name="entity_id" valueNumeric="1" />
			<column name="deleted" valueNumeric="0" />
			<column name="item_id" valueNumeric="320104" />
			<column name="order_line_id" />
			<column name="notes" value="Bulk Upload" />
			<column name="optlock" valueNumeric="0" />
			<column name="group_id" />
			<column name="provisioning_status" />
			<column name="global" valueBoolean="true" />
		</insert>
		<insert tableName="asset">
			<column name="id" valueNumeric="10157" />
			<column name="identifier" value="8882903493" />
			<column name="create_datetime" valueDate="2014-10-22T23:19:35.738" />
			<column name="status_id" valueNumeric="10501" />
			<column name="entity_id" valueNumeric="1" />
			<column name="deleted" valueNumeric="0" />
			<column name="item_id" valueNumeric="320104" />
			<column name="order_line_id" />
			<column name="notes" value="Bulk Upload" />
			<column name="optlock" valueNumeric="0" />
			<column name="group_id" />
			<column name="provisioning_status" />
			<column name="global" valueBoolean="true" />
		</insert>
		<insert tableName="asset">
			<column name="id" valueNumeric="10158" />
			<column name="identifier" value="8882904542" />
			<column name="create_datetime" valueDate="2014-10-22T23:19:35.750" />
			<column name="status_id" valueNumeric="10501" />
			<column name="entity_id" valueNumeric="1" />
			<column name="deleted" valueNumeric="0" />
			<column name="item_id" valueNumeric="320104" />
			<column name="order_line_id" />
			<column name="notes" value="Bulk Upload" />
			<column name="optlock" valueNumeric="0" />
			<column name="group_id" />
			<column name="provisioning_status" />
			<column name="global" valueBoolean="true" />
		</insert>
		<insert tableName="asset">
			<column name="id" valueNumeric="10159" />
			<column name="identifier" value="8882904549" />
			<column name="create_datetime" valueDate="2014-10-22T23:19:35.756" />
			<column name="status_id" valueNumeric="10501" />
			<column name="entity_id" valueNumeric="1" />
			<column name="deleted" valueNumeric="0" />
			<column name="item_id" valueNumeric="320104" />
			<column name="order_line_id" />
			<column name="notes" value="Bulk Upload" />
			<column name="optlock" valueNumeric="0" />
			<column name="group_id" />
			<column name="provisioning_status" />
			<column name="global" valueBoolean="true" />
		</insert>
		<insert tableName="asset">
			<column name="id" valueNumeric="10160" />
			<column name="identifier" value="8882904553" />
			<column name="create_datetime" valueDate="2014-10-22T23:19:35.777" />
			<column name="status_id" valueNumeric="10501" />
			<column name="entity_id" valueNumeric="1" />
			<column name="deleted" valueNumeric="0" />
			<column name="item_id" valueNumeric="320104" />
			<column name="order_line_id" />
			<column name="notes" value="Bulk Upload" />
			<column name="optlock" valueNumeric="0" />
			<column name="group_id" />
			<column name="provisioning_status" />
			<column name="global" valueBoolean="true" />
		</insert>
		<insert tableName="asset">
			<column name="id" valueNumeric="10161" />
			<column name="identifier" value="8882904741" />
			<column name="create_datetime" valueDate="2014-10-22T23:19:35.792" />
			<column name="status_id" valueNumeric="10501" />
			<column name="entity_id" valueNumeric="1" />
			<column name="deleted" valueNumeric="0" />
			<column name="item_id" valueNumeric="320104" />
			<column name="order_line_id" />
			<column name="notes" value="Bulk Upload" />
			<column name="optlock" valueNumeric="0" />
			<column name="group_id" />
			<column name="provisioning_status" />
			<column name="global" valueBoolean="true" />
		</insert>
		<insert tableName="asset">
			<column name="id" valueNumeric="10162" />
			<column name="identifier" value="8882905284" />
			<column name="create_datetime" valueDate="2014-10-22T23:19:35.844" />
			<column name="status_id" valueNumeric="10501" />
			<column name="entity_id" valueNumeric="1" />
			<column name="deleted" valueNumeric="0" />
			<column name="item_id" valueNumeric="320104" />
			<column name="order_line_id" />
			<column name="notes" value="Bulk Upload" />
			<column name="optlock" valueNumeric="0" />
			<column name="group_id" />
			<column name="provisioning_status" />
			<column name="global" valueBoolean="true" />
		</insert>
		<insert tableName="asset">
			<column name="id" valueNumeric="10163" />
			<column name="identifier" value="8882905415" />
			<column name="create_datetime" valueDate="2014-10-22T23:19:35.864" />
			<column name="status_id" valueNumeric="10501" />
			<column name="entity_id" valueNumeric="1" />
			<column name="deleted" valueNumeric="0" />
			<column name="item_id" valueNumeric="320104" />
			<column name="order_line_id" />
			<column name="notes" value="Bulk Upload" />
			<column name="optlock" valueNumeric="0" />
			<column name="group_id" />
			<column name="provisioning_status" />
			<column name="global" valueBoolean="true" />
		</insert>
		<insert tableName="asset">
			<column name="id" valueNumeric="10164" />
			<column name="identifier" value="8882905423" />
			<column name="create_datetime" valueDate="2014-10-22T23:19:35.876" />
			<column name="status_id" valueNumeric="10501" />
			<column name="entity_id" valueNumeric="1" />
			<column name="deleted" valueNumeric="0" />
			<column name="item_id" valueNumeric="320104" />
			<column name="order_line_id" />
			<column name="notes" value="Bulk Upload" />
			<column name="optlock" valueNumeric="0" />
			<column name="group_id" />
			<column name="provisioning_status" />
			<column name="global" valueBoolean="true" />
		</insert>
		<insert tableName="asset">
			<column name="id" valueNumeric="10165" />
			<column name="identifier" value="8882905432" />
			<column name="create_datetime" valueDate="2014-10-22T23:19:35.931" />
			<column name="status_id" valueNumeric="10501" />
			<column name="entity_id" valueNumeric="1" />
			<column name="deleted" valueNumeric="0" />
			<column name="item_id" valueNumeric="320104" />
			<column name="order_line_id" />
			<column name="notes" value="Bulk Upload" />
			<column name="optlock" valueNumeric="0" />
			<column name="group_id" />
			<column name="provisioning_status" />
			<column name="global" valueBoolean="true" />
		</insert>
		<insert tableName="asset">
			<column name="id" valueNumeric="10166" />
			<column name="identifier" value="8882905451" />
			<column name="create_datetime" valueDate="2014-10-22T23:19:35.956" />
			<column name="status_id" valueNumeric="10501" />
			<column name="entity_id" valueNumeric="1" />
			<column name="deleted" valueNumeric="0" />
			<column name="item_id" valueNumeric="320104" />
			<column name="order_line_id" />
			<column name="notes" value="Bulk Upload" />
			<column name="optlock" valueNumeric="0" />
			<column name="group_id" />
			<column name="provisioning_status" />
			<column name="global" valueBoolean="true" />
		</insert>
		<insert tableName="asset">
			<column name="id" valueNumeric="10167" />
			<column name="identifier" value="8882905535" />
			<column name="create_datetime" valueDate="2014-10-22T23:19:35.962" />
			<column name="status_id" valueNumeric="10501" />
			<column name="entity_id" valueNumeric="1" />
			<column name="deleted" valueNumeric="0" />
			<column name="item_id" valueNumeric="320104" />
			<column name="order_line_id" />
			<column name="notes" value="Bulk Upload" />
			<column name="optlock" valueNumeric="0" />
			<column name="group_id" />
			<column name="provisioning_status" />
			<column name="global" valueBoolean="true" />
		</insert>
		<insert tableName="asset">
			<column name="id" valueNumeric="10168" />
			<column name="identifier" value="8882905537" />
			<column name="create_datetime" valueDate="2014-10-22T23:19:35.968" />
			<column name="status_id" valueNumeric="10501" />
			<column name="entity_id" valueNumeric="1" />
			<column name="deleted" valueNumeric="0" />
			<column name="item_id" valueNumeric="320104" />
			<column name="order_line_id" />
			<column name="notes" value="Bulk Upload" />
			<column name="optlock" valueNumeric="0" />
			<column name="group_id" />
			<column name="provisioning_status" />
			<column name="global" valueBoolean="true" />
		</insert>
		<insert tableName="asset">
			<column name="id" valueNumeric="10169" />
			<column name="identifier" value="8882906630" />
			<column name="create_datetime" valueDate="2014-10-22T23:19:35.975" />
			<column name="status_id" valueNumeric="10501" />
			<column name="entity_id" valueNumeric="1" />
			<column name="deleted" valueNumeric="0" />
			<column name="item_id" valueNumeric="320104" />
			<column name="order_line_id" />
			<column name="notes" value="Bulk Upload" />
			<column name="optlock" valueNumeric="0" />
			<column name="group_id" />
			<column name="provisioning_status" />
			<column name="global" valueBoolean="true" />
		</insert>
		<insert tableName="asset">
			<column name="id" valueNumeric="10170" />
			<column name="identifier" value="8882906647" />
			<column name="create_datetime" valueDate="2014-10-22T23:19:36.9" />
			<column name="status_id" valueNumeric="10501" />
			<column name="entity_id" valueNumeric="1" />
			<column name="deleted" valueNumeric="0" />
			<column name="item_id" valueNumeric="320104" />
			<column name="order_line_id" />
			<column name="notes" value="Bulk Upload" />
			<column name="optlock" valueNumeric="0" />
			<column name="group_id" />
			<column name="provisioning_status" />
			<column name="global" valueBoolean="true" />
		</insert>
		<insert tableName="asset">
			<column name="id" valueNumeric="10171" />
			<column name="identifier" value="8882906649" />
			<column name="create_datetime" valueDate="2014-10-22T23:19:36.28" />
			<column name="status_id" valueNumeric="10501" />
			<column name="entity_id" valueNumeric="1" />
			<column name="deleted" valueNumeric="0" />
			<column name="item_id" valueNumeric="320104" />
			<column name="order_line_id" />
			<column name="notes" value="Bulk Upload" />
			<column name="optlock" valueNumeric="0" />
			<column name="group_id" />
			<column name="provisioning_status" />
			<column name="global" valueBoolean="true" />
		</insert>
		<insert tableName="asset">
			<column name="id" valueNumeric="10172" />
			<column name="identifier" value="8882906652" />
			<column name="create_datetime" valueDate="2014-10-22T23:19:36.34" />
			<column name="status_id" valueNumeric="10501" />
			<column name="entity_id" valueNumeric="1" />
			<column name="deleted" valueNumeric="0" />
			<column name="item_id" valueNumeric="320104" />
			<column name="order_line_id" />
			<column name="notes" value="Bulk Upload" />
			<column name="optlock" valueNumeric="0" />
			<column name="group_id" />
			<column name="provisioning_status" />
			<column name="global" valueBoolean="true" />
		</insert>
		<insert tableName="asset">
			<column name="id" valueNumeric="10173" />
			<column name="identifier" value="8882906658" />
			<column name="create_datetime" valueDate="2014-10-22T23:19:36.58" />
			<column name="status_id" valueNumeric="10501" />
			<column name="entity_id" valueNumeric="1" />
			<column name="deleted" valueNumeric="0" />
			<column name="item_id" valueNumeric="320104" />
			<column name="order_line_id" />
			<column name="notes" value="Bulk Upload" />
			<column name="optlock" valueNumeric="0" />
			<column name="group_id" />
			<column name="provisioning_status" />
			<column name="global" valueBoolean="true" />
		</insert>
		<insert tableName="asset">
			<column name="id" valueNumeric="10174" />
			<column name="identifier" value="8882906776" />
			<column name="create_datetime" valueDate="2014-10-22T23:19:36.81" />
			<column name="status_id" valueNumeric="10501" />
			<column name="entity_id" valueNumeric="1" />
			<column name="deleted" valueNumeric="0" />
			<column name="item_id" valueNumeric="320104" />
			<column name="order_line_id" />
			<column name="notes" value="Bulk Upload" />
			<column name="optlock" valueNumeric="0" />
			<column name="group_id" />
			<column name="provisioning_status" />
			<column name="global" valueBoolean="true" />
		</insert>
		<insert tableName="asset">
			<column name="id" valueNumeric="10175" />
			<column name="identifier" value="8882907001" />
			<column name="create_datetime" valueDate="2014-10-22T23:19:36.132" />
			<column name="status_id" valueNumeric="10501" />
			<column name="entity_id" valueNumeric="1" />
			<column name="deleted" valueNumeric="0" />
			<column name="item_id" valueNumeric="320104" />
			<column name="order_line_id" />
			<column name="notes" value="Bulk Upload" />
			<column name="optlock" valueNumeric="0" />
			<column name="group_id" />
			<column name="provisioning_status" />
			<column name="global" valueBoolean="true" />
		</insert>
		<insert tableName="asset">
			<column name="id" valueNumeric="10176" />
			<column name="identifier" value="8882907004" />
			<column name="create_datetime" valueDate="2014-10-22T23:19:36.138" />
			<column name="status_id" valueNumeric="10501" />
			<column name="entity_id" valueNumeric="1" />
			<column name="deleted" valueNumeric="0" />
			<column name="item_id" valueNumeric="320104" />
			<column name="order_line_id" />
			<column name="notes" value="Bulk Upload" />
			<column name="optlock" valueNumeric="0" />
			<column name="group_id" />
			<column name="provisioning_status" />
			<column name="global" valueBoolean="true" />
		</insert>
		<insert tableName="asset">
			<column name="id" valueNumeric="10177" />
			<column name="identifier" value="8882907411" />
			<column name="create_datetime" valueDate="2014-10-22T23:19:36.146" />
			<column name="status_id" valueNumeric="10501" />
			<column name="entity_id" valueNumeric="1" />
			<column name="deleted" valueNumeric="0" />
			<column name="item_id" valueNumeric="320104" />
			<column name="order_line_id" />
			<column name="notes" value="Bulk Upload" />
			<column name="optlock" valueNumeric="0" />
			<column name="group_id" />
			<column name="provisioning_status" />
			<column name="global" valueBoolean="true" />
		</insert>
		<insert tableName="asset">
			<column name="id" valueNumeric="10178" />
			<column name="identifier" value="8882907422" />
			<column name="create_datetime" valueDate="2014-10-22T23:19:36.179" />
			<column name="status_id" valueNumeric="10501" />
			<column name="entity_id" valueNumeric="1" />
			<column name="deleted" valueNumeric="0" />
			<column name="item_id" valueNumeric="320104" />
			<column name="order_line_id" />
			<column name="notes" value="Bulk Upload" />
			<column name="optlock" valueNumeric="0" />
			<column name="group_id" />
			<column name="provisioning_status" />
			<column name="global" valueBoolean="true" />
		</insert>
		<insert tableName="asset">
			<column name="id" valueNumeric="10179" />
			<column name="identifier" value="8882907460" />
			<column name="create_datetime" valueDate="2014-10-22T23:19:36.327" />
			<column name="status_id" valueNumeric="10501" />
			<column name="entity_id" valueNumeric="1" />
			<column name="deleted" valueNumeric="0" />
			<column name="item_id" valueNumeric="320104" />
			<column name="order_line_id" />
			<column name="notes" value="Bulk Upload" />
			<column name="optlock" valueNumeric="0" />
			<column name="group_id" />
			<column name="provisioning_status" />
			<column name="global" valueBoolean="true" />
		</insert>
		<insert tableName="asset">
			<column name="id" valueNumeric="10180" />
			<column name="identifier" value="8882907917" />
			<column name="create_datetime" valueDate="2014-10-22T23:19:36.342" />
			<column name="status_id" valueNumeric="10501" />
			<column name="entity_id" valueNumeric="1" />
			<column name="deleted" valueNumeric="0" />
			<column name="item_id" valueNumeric="320104" />
			<column name="order_line_id" />
			<column name="notes" value="Bulk Upload" />
			<column name="optlock" valueNumeric="0" />
			<column name="group_id" />
			<column name="provisioning_status" />
			<column name="global" valueBoolean="true" />
		</insert>
		<insert tableName="asset">
			<column name="id" valueNumeric="10181" />
			<column name="identifier" value="8882908306" />
			<column name="create_datetime" valueDate="2014-10-22T23:19:36.348" />
			<column name="status_id" valueNumeric="10501" />
			<column name="entity_id" valueNumeric="1" />
			<column name="deleted" valueNumeric="0" />
			<column name="item_id" valueNumeric="320104" />
			<column name="order_line_id" />
			<column name="notes" value="Bulk Upload" />
			<column name="optlock" valueNumeric="0" />
			<column name="group_id" />
			<column name="provisioning_status" />
			<column name="global" valueBoolean="true" />
		</insert>
		<insert tableName="asset">
			<column name="id" valueNumeric="10182" />
			<column name="identifier" value="8882908357" />
			<column name="create_datetime" valueDate="2014-10-22T23:19:36.360" />
			<column name="status_id" valueNumeric="10501" />
			<column name="entity_id" valueNumeric="1" />
			<column name="deleted" valueNumeric="0" />
			<column name="item_id" valueNumeric="320104" />
			<column name="order_line_id" />
			<column name="notes" value="Bulk Upload" />
			<column name="optlock" valueNumeric="0" />
			<column name="group_id" />
			<column name="provisioning_status" />
			<column name="global" valueBoolean="true" />
		</insert>
		<insert tableName="asset">
			<column name="id" valueNumeric="10183" />
			<column name="identifier" value="8882908396" />
			<column name="create_datetime" valueDate="2014-10-22T23:19:36.367" />
			<column name="status_id" valueNumeric="10501" />
			<column name="entity_id" valueNumeric="1" />
			<column name="deleted" valueNumeric="0" />
			<column name="item_id" valueNumeric="320104" />
			<column name="order_line_id" />
			<column name="notes" value="Bulk Upload" />
			<column name="optlock" valueNumeric="0" />
			<column name="group_id" />
			<column name="provisioning_status" />
			<column name="global" valueBoolean="true" />
		</insert>
		<insert tableName="asset">
			<column name="id" valueNumeric="10184" />
			<column name="identifier" value="8882910611" />
			<column name="create_datetime" valueDate="2014-10-22T23:19:36.378" />
			<column name="status_id" valueNumeric="10501" />
			<column name="entity_id" valueNumeric="1" />
			<column name="deleted" valueNumeric="0" />
			<column name="item_id" valueNumeric="320104" />
			<column name="order_line_id" />
			<column name="notes" value="Bulk Upload" />
			<column name="optlock" valueNumeric="0" />
			<column name="group_id" />
			<column name="provisioning_status" />
			<column name="global" valueBoolean="true" />
		</insert>
		<insert tableName="asset">
			<column name="id" valueNumeric="10185" />
			<column name="identifier" value="8882910674" />
			<column name="create_datetime" valueDate="2014-10-22T23:19:36.401" />
			<column name="status_id" valueNumeric="10501" />
			<column name="entity_id" valueNumeric="1" />
			<column name="deleted" valueNumeric="0" />
			<column name="item_id" valueNumeric="320104" />
			<column name="order_line_id" />
			<column name="notes" value="Bulk Upload" />
			<column name="optlock" valueNumeric="0" />
			<column name="group_id" />
			<column name="provisioning_status" />
			<column name="global" valueBoolean="true" />
		</insert>
		<insert tableName="asset">
			<column name="id" valueNumeric="10186" />
			<column name="identifier" value="8882911564" />
			<column name="create_datetime" valueDate="2014-10-22T23:19:36.434" />
			<column name="status_id" valueNumeric="10501" />
			<column name="entity_id" valueNumeric="1" />
			<column name="deleted" valueNumeric="0" />
			<column name="item_id" valueNumeric="320104" />
			<column name="order_line_id" />
			<column name="notes" value="Bulk Upload" />
			<column name="optlock" valueNumeric="0" />
			<column name="group_id" />
			<column name="provisioning_status" />
			<column name="global" valueBoolean="true" />
		</insert>
		<insert tableName="asset">
			<column name="id" valueNumeric="10187" />
			<column name="identifier" value="8882911569" />
			<column name="create_datetime" valueDate="2014-10-22T23:19:36.527" />
			<column name="status_id" valueNumeric="10501" />
			<column name="entity_id" valueNumeric="1" />
			<column name="deleted" valueNumeric="0" />
			<column name="item_id" valueNumeric="320104" />
			<column name="order_line_id" />
			<column name="notes" value="Bulk Upload" />
			<column name="optlock" valueNumeric="0" />
			<column name="group_id" />
			<column name="provisioning_status" />
			<column name="global" valueBoolean="true" />
		</insert>
		<insert tableName="asset">
			<column name="id" valueNumeric="10188" />
			<column name="identifier" value="8882911584" />
			<column name="create_datetime" valueDate="2014-10-22T23:19:36.534" />
			<column name="status_id" valueNumeric="10501" />
			<column name="entity_id" valueNumeric="1" />
			<column name="deleted" valueNumeric="0" />
			<column name="item_id" valueNumeric="320104" />
			<column name="order_line_id" />
			<column name="notes" value="Bulk Upload" />
			<column name="optlock" valueNumeric="0" />
			<column name="group_id" />
			<column name="provisioning_status" />
			<column name="global" valueBoolean="true" />
		</insert>
		<insert tableName="asset">
			<column name="id" valueNumeric="10189" />
			<column name="identifier" value="8882911594" />
			<column name="create_datetime" valueDate="2014-10-22T23:19:36.549" />
			<column name="status_id" valueNumeric="10501" />
			<column name="entity_id" valueNumeric="1" />
			<column name="deleted" valueNumeric="0" />
			<column name="item_id" valueNumeric="320104" />
			<column name="order_line_id" />
			<column name="notes" value="Bulk Upload" />
			<column name="optlock" valueNumeric="0" />
			<column name="group_id" />
			<column name="provisioning_status" />
			<column name="global" valueBoolean="true" />
		</insert>
		<insert tableName="asset">
			<column name="id" valueNumeric="10190" />
			<column name="identifier" value="8882912863" />
			<column name="create_datetime" valueDate="2014-10-22T23:19:36.577" />
			<column name="status_id" valueNumeric="10501" />
			<column name="entity_id" valueNumeric="1" />
			<column name="deleted" valueNumeric="0" />
			<column name="item_id" valueNumeric="320104" />
			<column name="order_line_id" />
			<column name="notes" value="Bulk Upload" />
			<column name="optlock" valueNumeric="0" />
			<column name="group_id" />
			<column name="provisioning_status" />
			<column name="global" valueBoolean="true" />
		</insert>
		<insert tableName="asset">
			<column name="id" valueNumeric="10191" />
			<column name="identifier" value="8882912910" />
			<column name="create_datetime" valueDate="2014-10-22T23:19:36.584" />
			<column name="status_id" valueNumeric="10501" />
			<column name="entity_id" valueNumeric="1" />
			<column name="deleted" valueNumeric="0" />
			<column name="item_id" valueNumeric="320104" />
			<column name="order_line_id" />
			<column name="notes" value="Bulk Upload" />
			<column name="optlock" valueNumeric="0" />
			<column name="group_id" />
			<column name="provisioning_status" />
			<column name="global" valueBoolean="true" />
		</insert>
		<insert tableName="asset">
			<column name="id" valueNumeric="10192" />
			<column name="identifier" value="8882913853" />
			<column name="create_datetime" valueDate="2014-10-22T23:19:36.590" />
			<column name="status_id" valueNumeric="10501" />
			<column name="entity_id" valueNumeric="1" />
			<column name="deleted" valueNumeric="0" />
			<column name="item_id" valueNumeric="320104" />
			<column name="order_line_id" />
			<column name="notes" value="Bulk Upload" />
			<column name="optlock" valueNumeric="0" />
			<column name="group_id" />
			<column name="provisioning_status" />
			<column name="global" valueBoolean="true" />
		</insert>
		<insert tableName="asset">
			<column name="id" valueNumeric="10193" />
			<column name="identifier" value="8882913885" />
			<column name="create_datetime" valueDate="2014-10-22T23:19:36.601" />
			<column name="status_id" valueNumeric="10501" />
			<column name="entity_id" valueNumeric="1" />
			<column name="deleted" valueNumeric="0" />
			<column name="item_id" valueNumeric="320104" />
			<column name="order_line_id" />
			<column name="notes" value="Bulk Upload" />
			<column name="optlock" valueNumeric="0" />
			<column name="group_id" />
			<column name="provisioning_status" />
			<column name="global" valueBoolean="true" />
		</insert>
		<insert tableName="asset">
			<column name="id" valueNumeric="10194" />
			<column name="identifier" value="8882914597" />
			<column name="create_datetime" valueDate="2014-10-22T23:19:36.621" />
			<column name="status_id" valueNumeric="10501" />
			<column name="entity_id" valueNumeric="1" />
			<column name="deleted" valueNumeric="0" />
			<column name="item_id" valueNumeric="320104" />
			<column name="order_line_id" />
			<column name="notes" value="Bulk Upload" />
			<column name="optlock" valueNumeric="0" />
			<column name="group_id" />
			<column name="provisioning_status" />
			<column name="global" valueBoolean="true" />
		</insert>
		<insert tableName="asset">
			<column name="id" valueNumeric="10195" />
			<column name="identifier" value="8882914607" />
			<column name="create_datetime" valueDate="2014-10-22T23:19:36.680" />
			<column name="status_id" valueNumeric="10501" />
			<column name="entity_id" valueNumeric="1" />
			<column name="deleted" valueNumeric="0" />
			<column name="item_id" valueNumeric="320104" />
			<column name="order_line_id" />
			<column name="notes" value="Bulk Upload" />
			<column name="optlock" valueNumeric="0" />
			<column name="group_id" />
			<column name="provisioning_status" />
			<column name="global" valueBoolean="true" />
		</insert>
		<insert tableName="asset">
			<column name="id" valueNumeric="10196" />
			<column name="identifier" value="8882915699" />
			<column name="create_datetime" valueDate="2014-10-22T23:19:36.696" />
			<column name="status_id" valueNumeric="10501" />
			<column name="entity_id" valueNumeric="1" />
			<column name="deleted" valueNumeric="0" />
			<column name="item_id" valueNumeric="320104" />
			<column name="order_line_id" />
			<column name="notes" value="Bulk Upload" />
			<column name="optlock" valueNumeric="0" />
			<column name="group_id" />
			<column name="provisioning_status" />
			<column name="global" valueBoolean="true" />
		</insert>
		<insert tableName="asset">
			<column name="id" valueNumeric="10197" />
			<column name="identifier" value="8882916257" />
			<column name="create_datetime" valueDate="2014-10-22T23:19:36.743" />
			<column name="status_id" valueNumeric="10501" />
			<column name="entity_id" valueNumeric="1" />
			<column name="deleted" valueNumeric="0" />
			<column name="item_id" valueNumeric="320104" />
			<column name="order_line_id" />
			<column name="notes" value="Bulk Upload" />
			<column name="optlock" valueNumeric="0" />
			<column name="group_id" />
			<column name="provisioning_status" />
			<column name="global" valueBoolean="true" />
		</insert>
		<insert tableName="asset">
			<column name="id" valueNumeric="10198" />
			<column name="identifier" value="8882917471" />
			<column name="create_datetime" valueDate="2014-10-22T23:19:36.759" />
			<column name="status_id" valueNumeric="10501" />
			<column name="entity_id" valueNumeric="1" />
			<column name="deleted" valueNumeric="0" />
			<column name="item_id" valueNumeric="320104" />
			<column name="order_line_id" />
			<column name="notes" value="Bulk Upload" />
			<column name="optlock" valueNumeric="0" />
			<column name="group_id" />
			<column name="provisioning_status" />
			<column name="global" valueBoolean="true" />
		</insert>
		<insert tableName="asset">
			<column name="id" valueNumeric="10199" />
			<column name="identifier" value="8882918139" />
			<column name="create_datetime" valueDate="2014-10-22T23:19:36.788" />
			<column name="status_id" valueNumeric="10501" />
			<column name="entity_id" valueNumeric="1" />
			<column name="deleted" valueNumeric="0" />
			<column name="item_id" valueNumeric="320104" />
			<column name="order_line_id" />
			<column name="notes" value="Bulk Upload" />
			<column name="optlock" valueNumeric="0" />
			<column name="group_id" />
			<column name="provisioning_status" />
			<column name="global" valueBoolean="true" />
		</insert>
		<insert tableName="asset">
			<column name="id" valueNumeric="10200" />
			<column name="identifier" value="8882918157" />
			<column name="create_datetime" valueDate="2014-10-22T23:19:36.833" />
			<column name="status_id" valueNumeric="10501" />
			<column name="entity_id" valueNumeric="1" />
			<column name="deleted" valueNumeric="0" />
			<column name="item_id" valueNumeric="320104" />
			<column name="order_line_id" />
			<column name="notes" value="Bulk Upload" />
			<column name="optlock" valueNumeric="0" />
			<column name="group_id" />
			<column name="provisioning_status" />
			<column name="global" valueBoolean="true" />
		</insert>
		<insert tableName="asset">
			<column name="id" valueNumeric="10201" />
			<column name="identifier" value="8882918759" />
			<column name="create_datetime" valueDate="2014-10-22T23:19:36.850" />
			<column name="status_id" valueNumeric="10501" />
			<column name="entity_id" valueNumeric="1" />
			<column name="deleted" valueNumeric="0" />
			<column name="item_id" valueNumeric="320104" />
			<column name="order_line_id" />
			<column name="notes" value="Bulk Upload" />
			<column name="optlock" valueNumeric="0" />
			<column name="group_id" />
			<column name="provisioning_status" />
			<column name="global" valueBoolean="true" />
		</insert>
		<insert tableName="asset">
			<column name="id" valueNumeric="10202" />
			<column name="identifier" value="8882919063" />
			<column name="create_datetime" valueDate="2014-10-22T23:19:36.865" />
			<column name="status_id" valueNumeric="10501" />
			<column name="entity_id" valueNumeric="1" />
			<column name="deleted" valueNumeric="0" />
			<column name="item_id" valueNumeric="320104" />
			<column name="order_line_id" />
			<column name="notes" value="Bulk Upload" />
			<column name="optlock" valueNumeric="0" />
			<column name="group_id" />
			<column name="provisioning_status" />
			<column name="global" valueBoolean="true" />
		</insert>
		<insert tableName="asset">
			<column name="id" valueNumeric="10203" />
			<column name="identifier" value="8882919086" />
			<column name="create_datetime" valueDate="2014-10-22T23:19:36.880" />
			<column name="status_id" valueNumeric="10501" />
			<column name="entity_id" valueNumeric="1" />
			<column name="deleted" valueNumeric="0" />
			<column name="item_id" valueNumeric="320104" />
			<column name="order_line_id" />
			<column name="notes" value="Bulk Upload" />
			<column name="optlock" valueNumeric="0" />
			<column name="group_id" />
			<column name="provisioning_status" />
			<column name="global" valueBoolean="true" />
		</insert>
		<insert tableName="asset">
			<column name="id" valueNumeric="10204" />
			<column name="identifier" value="8882919721" />
			<column name="create_datetime" valueDate="2014-10-22T23:19:36.887" />
			<column name="status_id" valueNumeric="10501" />
			<column name="entity_id" valueNumeric="1" />
			<column name="deleted" valueNumeric="0" />
			<column name="item_id" valueNumeric="320104" />
			<column name="order_line_id" />
			<column name="notes" value="Bulk Upload" />
			<column name="optlock" valueNumeric="0" />
			<column name="group_id" />
			<column name="provisioning_status" />
			<column name="global" valueBoolean="true" />
		</insert>
		<insert tableName="asset">
			<column name="id" valueNumeric="10205" />
			<column name="identifier" value="8882919849" />
			<column name="create_datetime" valueDate="2014-10-22T23:19:36.924" />
			<column name="status_id" valueNumeric="10501" />
			<column name="entity_id" valueNumeric="1" />
			<column name="deleted" valueNumeric="0" />
			<column name="item_id" valueNumeric="320104" />
			<column name="order_line_id" />
			<column name="notes" value="Bulk Upload" />
			<column name="optlock" valueNumeric="0" />
			<column name="group_id" />
			<column name="provisioning_status" />
			<column name="global" valueBoolean="true" />
		</insert>
		<insert tableName="asset">
			<column name="id" valueNumeric="10206" />
			<column name="identifier" value="8882919854" />
			<column name="create_datetime" valueDate="2014-10-22T23:19:36.930" />
			<column name="status_id" valueNumeric="10501" />
			<column name="entity_id" valueNumeric="1" />
			<column name="deleted" valueNumeric="0" />
			<column name="item_id" valueNumeric="320104" />
			<column name="order_line_id" />
			<column name="notes" value="Bulk Upload" />
			<column name="optlock" valueNumeric="0" />
			<column name="group_id" />
			<column name="provisioning_status" />
			<column name="global" valueBoolean="true" />
		</insert>
		<insert tableName="asset">
			<column name="id" valueNumeric="10207" />
			<column name="identifier" value="8882920148" />
			<column name="create_datetime" valueDate="2014-10-22T23:19:36.941" />
			<column name="status_id" valueNumeric="10501" />
			<column name="entity_id" valueNumeric="1" />
			<column name="deleted" valueNumeric="0" />
			<column name="item_id" valueNumeric="320104" />
			<column name="order_line_id" />
			<column name="notes" value="Bulk Upload" />
			<column name="optlock" valueNumeric="0" />
			<column name="group_id" />
			<column name="provisioning_status" />
			<column name="global" valueBoolean="true" />
		</insert>
		<insert tableName="asset">
			<column name="id" valueNumeric="10208" />
			<column name="identifier" value="8882920175" />
			<column name="create_datetime" valueDate="2014-10-22T23:19:36.964" />
			<column name="status_id" valueNumeric="10501" />
			<column name="entity_id" valueNumeric="1" />
			<column name="deleted" valueNumeric="0" />
			<column name="item_id" valueNumeric="320104" />
			<column name="order_line_id" />
			<column name="notes" value="Bulk Upload" />
			<column name="optlock" valueNumeric="0" />
			<column name="group_id" />
			<column name="provisioning_status" />
			<column name="global" valueBoolean="true" />
		</insert>
		<insert tableName="asset">
			<column name="id" valueNumeric="10209" />
			<column name="identifier" value="8882934746" />
			<column name="create_datetime" valueDate="2014-10-22T23:19:36.974" />
			<column name="status_id" valueNumeric="10501" />
			<column name="entity_id" valueNumeric="1" />
			<column name="deleted" valueNumeric="0" />
			<column name="item_id" valueNumeric="320104" />
			<column name="order_line_id" />
			<column name="notes" value="Bulk Upload" />
			<column name="optlock" valueNumeric="0" />
			<column name="group_id" />
			<column name="provisioning_status" />
			<column name="global" valueBoolean="true" />
		</insert>
		<insert tableName="asset">
			<column name="id" valueNumeric="10210" />
			<column name="identifier" value="8883275940" />
			<column name="create_datetime" valueDate="2014-10-22T23:19:36.989" />
			<column name="status_id" valueNumeric="10501" />
			<column name="entity_id" valueNumeric="1" />
			<column name="deleted" valueNumeric="0" />
			<column name="item_id" valueNumeric="320104" />
			<column name="order_line_id" />
			<column name="notes" value="Bulk Upload" />
			<column name="optlock" valueNumeric="0" />
			<column name="group_id" />
			<column name="provisioning_status" />
			<column name="global" valueBoolean="true" />
		</insert>
		<insert tableName="asset">
			<column name="id" valueNumeric="10211" />
			<column name="identifier" value="8883289338" />
			<column name="create_datetime" valueDate="2014-10-22T23:19:37.0" />
			<column name="status_id" valueNumeric="10501" />
			<column name="entity_id" valueNumeric="1" />
			<column name="deleted" valueNumeric="0" />
			<column name="item_id" valueNumeric="320104" />
			<column name="order_line_id" />
			<column name="notes" value="Bulk Upload" />
			<column name="optlock" valueNumeric="0" />
			<column name="group_id" />
			<column name="provisioning_status" />
			<column name="global" valueBoolean="true" />
		</insert>
		<insert tableName="asset">
			<column name="id" valueNumeric="10212" />
			<column name="identifier" value="8883291285" />
			<column name="create_datetime" valueDate="2014-10-22T23:19:37.10" />
			<column name="status_id" valueNumeric="10501" />
			<column name="entity_id" valueNumeric="1" />
			<column name="deleted" valueNumeric="0" />
			<column name="item_id" valueNumeric="320104" />
			<column name="order_line_id" />
			<column name="notes" value="Bulk Upload" />
			<column name="optlock" valueNumeric="0" />
			<column name="group_id" />
			<column name="provisioning_status" />
			<column name="global" valueBoolean="true" />
		</insert>
		<insert tableName="asset">
			<column name="id" valueNumeric="10213" />
			<column name="identifier" value="8883291351" />
			<column name="create_datetime" valueDate="2014-10-22T23:19:37.53" />
			<column name="status_id" valueNumeric="10501" />
			<column name="entity_id" valueNumeric="1" />
			<column name="deleted" valueNumeric="0" />
			<column name="item_id" valueNumeric="320104" />
			<column name="order_line_id" />
			<column name="notes" value="Bulk Upload" />
			<column name="optlock" valueNumeric="0" />
			<column name="group_id" />
			<column name="provisioning_status" />
			<column name="global" valueBoolean="true" />
		</insert>
		<insert tableName="asset">
			<column name="id" valueNumeric="10214" />
			<column name="identifier" value="8883292403" />
			<column name="create_datetime" valueDate="2014-10-22T23:19:37.64" />
			<column name="status_id" valueNumeric="10501" />
			<column name="entity_id" valueNumeric="1" />
			<column name="deleted" valueNumeric="0" />
			<column name="item_id" valueNumeric="320104" />
			<column name="order_line_id" />
			<column name="notes" value="Bulk Upload" />
			<column name="optlock" valueNumeric="0" />
			<column name="group_id" />
			<column name="provisioning_status" />
			<column name="global" valueBoolean="true" />
		</insert>
		<insert tableName="asset">
			<column name="id" valueNumeric="10215" />
			<column name="identifier" value="8883292520" />
			<column name="create_datetime" valueDate="2014-10-22T23:19:37.70" />
			<column name="status_id" valueNumeric="10501" />
			<column name="entity_id" valueNumeric="1" />
			<column name="deleted" valueNumeric="0" />
			<column name="item_id" valueNumeric="320104" />
			<column name="order_line_id" />
			<column name="notes" value="Bulk Upload" />
			<column name="optlock" valueNumeric="0" />
			<column name="group_id" />
			<column name="provisioning_status" />
			<column name="global" valueBoolean="true" />
		</insert>
		<insert tableName="asset">
			<column name="id" valueNumeric="10216" />
			<column name="identifier" value="8883292580" />
			<column name="create_datetime" valueDate="2014-10-22T23:19:37.76" />
			<column name="status_id" valueNumeric="10501" />
			<column name="entity_id" valueNumeric="1" />
			<column name="deleted" valueNumeric="0" />
			<column name="item_id" valueNumeric="320104" />
			<column name="order_line_id" />
			<column name="notes" value="Bulk Upload" />
			<column name="optlock" valueNumeric="0" />
			<column name="group_id" />
			<column name="provisioning_status" />
			<column name="global" valueBoolean="true" />
		</insert>
		<insert tableName="asset">
			<column name="id" valueNumeric="10217" />
			<column name="identifier" value="8883292585" />
			<column name="create_datetime" valueDate="2014-10-22T23:19:37.92" />
			<column name="status_id" valueNumeric="10501" />
			<column name="entity_id" valueNumeric="1" />
			<column name="deleted" valueNumeric="0" />
			<column name="item_id" valueNumeric="320104" />
			<column name="order_line_id" />
			<column name="notes" value="Bulk Upload" />
			<column name="optlock" valueNumeric="0" />
			<column name="group_id" />
			<column name="provisioning_status" />
			<column name="global" valueBoolean="true" />
		</insert>
		<insert tableName="asset">
			<column name="id" valueNumeric="10218" />
			<column name="identifier" value="8883292607" />
			<column name="create_datetime" valueDate="2014-10-22T23:19:37.107" />
			<column name="status_id" valueNumeric="10501" />
			<column name="entity_id" valueNumeric="1" />
			<column name="deleted" valueNumeric="0" />
			<column name="item_id" valueNumeric="320104" />
			<column name="order_line_id" />
			<column name="notes" value="Bulk Upload" />
			<column name="optlock" valueNumeric="0" />
			<column name="group_id" />
			<column name="provisioning_status" />
			<column name="global" valueBoolean="true" />
		</insert>
		<insert tableName="asset">
			<column name="id" valueNumeric="10219" />
			<column name="identifier" value="8883292608" />
			<column name="create_datetime" valueDate="2014-10-22T23:19:37.173" />
			<column name="status_id" valueNumeric="10501" />
			<column name="entity_id" valueNumeric="1" />
			<column name="deleted" valueNumeric="0" />
			<column name="item_id" valueNumeric="320104" />
			<column name="order_line_id" />
			<column name="notes" value="Bulk Upload" />
			<column name="optlock" valueNumeric="0" />
			<column name="group_id" />
			<column name="provisioning_status" />
			<column name="global" valueBoolean="true" />
		</insert>
		<insert tableName="asset">
			<column name="id" valueNumeric="10220" />
			<column name="identifier" value="8883295599" />
			<column name="create_datetime" valueDate="2014-10-22T23:19:37.193" />
			<column name="status_id" valueNumeric="10501" />
			<column name="entity_id" valueNumeric="1" />
			<column name="deleted" valueNumeric="0" />
			<column name="item_id" valueNumeric="320104" />
			<column name="order_line_id" />
			<column name="notes" value="Bulk Upload" />
			<column name="optlock" valueNumeric="0" />
			<column name="group_id" />
			<column name="provisioning_status" />
			<column name="global" valueBoolean="true" />
		</insert>
		<insert tableName="asset">
			<column name="id" valueNumeric="10221" />
			<column name="identifier" value="8883296359" />
			<column name="create_datetime" valueDate="2014-10-22T23:19:37.221" />
			<column name="status_id" valueNumeric="10501" />
			<column name="entity_id" valueNumeric="1" />
			<column name="deleted" valueNumeric="0" />
			<column name="item_id" valueNumeric="320104" />
			<column name="order_line_id" />
			<column name="notes" value="Bulk Upload" />
			<column name="optlock" valueNumeric="0" />
			<column name="group_id" />
			<column name="provisioning_status" />
			<column name="global" valueBoolean="true" />
		</insert>
		<insert tableName="asset">
			<column name="id" valueNumeric="10222" />
			<column name="identifier" value="8883296844" />
			<column name="create_datetime" valueDate="2014-10-22T23:19:37.232" />
			<column name="status_id" valueNumeric="10501" />
			<column name="entity_id" valueNumeric="1" />
			<column name="deleted" valueNumeric="0" />
			<column name="item_id" valueNumeric="320104" />
			<column name="order_line_id" />
			<column name="notes" value="Bulk Upload" />
			<column name="optlock" valueNumeric="0" />
			<column name="group_id" />
			<column name="provisioning_status" />
			<column name="global" valueBoolean="true" />
		</insert>
		<insert tableName="asset">
			<column name="id" valueNumeric="10223" />
			<column name="identifier" value="8883302596" />
			<column name="create_datetime" valueDate="2014-10-22T23:19:37.238" />
			<column name="status_id" valueNumeric="10501" />
			<column name="entity_id" valueNumeric="1" />
			<column name="deleted" valueNumeric="0" />
			<column name="item_id" valueNumeric="320104" />
			<column name="order_line_id" />
			<column name="notes" value="Bulk Upload" />
			<column name="optlock" valueNumeric="0" />
			<column name="group_id" />
			<column name="provisioning_status" />
			<column name="global" valueBoolean="true" />
		</insert>
		<insert tableName="asset">
			<column name="id" valueNumeric="10224" />
			<column name="identifier" value="8883302614" />
			<column name="create_datetime" valueDate="2014-10-22T23:19:37.360" />
			<column name="status_id" valueNumeric="10501" />
			<column name="entity_id" valueNumeric="1" />
			<column name="deleted" valueNumeric="0" />
			<column name="item_id" valueNumeric="320104" />
			<column name="order_line_id" />
			<column name="notes" value="Bulk Upload" />
			<column name="optlock" valueNumeric="0" />
			<column name="group_id" />
			<column name="provisioning_status" />
			<column name="global" valueBoolean="true" />
		</insert>
		<insert tableName="asset">
			<column name="id" valueNumeric="10225" />
			<column name="identifier" value="8883305668" />
			<column name="create_datetime" valueDate="2014-10-22T23:19:37.403" />
			<column name="status_id" valueNumeric="10501" />
			<column name="entity_id" valueNumeric="1" />
			<column name="deleted" valueNumeric="0" />
			<column name="item_id" valueNumeric="320104" />
			<column name="order_line_id" />
			<column name="notes" value="Bulk Upload" />
			<column name="optlock" valueNumeric="0" />
			<column name="group_id" />
			<column name="provisioning_status" />
			<column name="global" valueBoolean="true" />
		</insert>
		<insert tableName="asset">
			<column name="id" valueNumeric="10226" />
			<column name="identifier" value="8883306665" />
			<column name="create_datetime" valueDate="2014-10-22T23:19:37.414" />
			<column name="status_id" valueNumeric="10501" />
			<column name="entity_id" valueNumeric="1" />
			<column name="deleted" valueNumeric="0" />
			<column name="item_id" valueNumeric="320104" />
			<column name="order_line_id" />
			<column name="notes" value="Bulk Upload" />
			<column name="optlock" valueNumeric="0" />
			<column name="group_id" />
			<column name="provisioning_status" />
			<column name="global" valueBoolean="true" />
		</insert>
		<insert tableName="asset">
			<column name="id" valueNumeric="10227" />
			<column name="identifier" value="8883306731" />
			<column name="create_datetime" valueDate="2014-10-22T23:19:37.550" />
			<column name="status_id" valueNumeric="10501" />
			<column name="entity_id" valueNumeric="1" />
			<column name="deleted" valueNumeric="0" />
			<column name="item_id" valueNumeric="320104" />
			<column name="order_line_id" />
			<column name="notes" value="Bulk Upload" />
			<column name="optlock" valueNumeric="0" />
			<column name="group_id" />
			<column name="provisioning_status" />
			<column name="global" valueBoolean="true" />
		</insert>
		<insert tableName="asset">
			<column name="id" valueNumeric="10228" />
			<column name="identifier" value="8883307805" />
			<column name="create_datetime" valueDate="2014-10-22T23:19:37.561" />
			<column name="status_id" valueNumeric="10501" />
			<column name="entity_id" valueNumeric="1" />
			<column name="deleted" valueNumeric="0" />
			<column name="item_id" valueNumeric="320104" />
			<column name="order_line_id" />
			<column name="notes" value="Bulk Upload" />
			<column name="optlock" valueNumeric="0" />
			<column name="group_id" />
			<column name="provisioning_status" />
			<column name="global" valueBoolean="true" />
		</insert>
		<insert tableName="asset">
			<column name="id" valueNumeric="10229" />
			<column name="identifier" value="8883307861" />
			<column name="create_datetime" valueDate="2014-10-22T23:19:37.573" />
			<column name="status_id" valueNumeric="10501" />
			<column name="entity_id" valueNumeric="1" />
			<column name="deleted" valueNumeric="0" />
			<column name="item_id" valueNumeric="320104" />
			<column name="order_line_id" />
			<column name="notes" value="Bulk Upload" />
			<column name="optlock" valueNumeric="0" />
			<column name="group_id" />
			<column name="provisioning_status" />
			<column name="global" valueBoolean="true" />
		</insert>
		<insert tableName="asset">
			<column name="id" valueNumeric="10230" />
			<column name="identifier" value="8883307873" />
			<column name="create_datetime" valueDate="2014-10-22T23:19:37.606" />
			<column name="status_id" valueNumeric="10501" />
			<column name="entity_id" valueNumeric="1" />
			<column name="deleted" valueNumeric="0" />
			<column name="item_id" valueNumeric="320104" />
			<column name="order_line_id" />
			<column name="notes" value="Bulk Upload" />
			<column name="optlock" valueNumeric="0" />
			<column name="group_id" />
			<column name="provisioning_status" />
			<column name="global" valueBoolean="true" />
		</insert>
		<insert tableName="asset">
			<column name="id" valueNumeric="10231" />
			<column name="identifier" value="8883309262" />
			<column name="create_datetime" valueDate="2014-10-22T23:19:37.612" />
			<column name="status_id" valueNumeric="10501" />
			<column name="entity_id" valueNumeric="1" />
			<column name="deleted" valueNumeric="0" />
			<column name="item_id" valueNumeric="320104" />
			<column name="order_line_id" />
			<column name="notes" value="Bulk Upload" />
			<column name="optlock" valueNumeric="0" />
			<column name="group_id" />
			<column name="provisioning_status" />
			<column name="global" valueBoolean="true" />
		</insert>
		<insert tableName="asset">
			<column name="id" valueNumeric="10232" />
			<column name="identifier" value="8883309936" />
			<column name="create_datetime" valueDate="2014-10-22T23:19:37.629" />
			<column name="status_id" valueNumeric="10501" />
			<column name="entity_id" valueNumeric="1" />
			<column name="deleted" valueNumeric="0" />
			<column name="item_id" valueNumeric="320104" />
			<column name="order_line_id" />
			<column name="notes" value="Bulk Upload" />
			<column name="optlock" valueNumeric="0" />
			<column name="group_id" />
			<column name="provisioning_status" />
			<column name="global" valueBoolean="true" />
		</insert>
		<insert tableName="asset">
			<column name="id" valueNumeric="10233" />
			<column name="identifier" value="8883311987" />
			<column name="create_datetime" valueDate="2014-10-22T23:19:37.646" />
			<column name="status_id" valueNumeric="10501" />
			<column name="entity_id" valueNumeric="1" />
			<column name="deleted" valueNumeric="0" />
			<column name="item_id" valueNumeric="320104" />
			<column name="order_line_id" />
			<column name="notes" value="Bulk Upload" />
			<column name="optlock" valueNumeric="0" />
			<column name="group_id" />
			<column name="provisioning_status" />
			<column name="global" valueBoolean="true" />
		</insert>
		<insert tableName="asset">
			<column name="id" valueNumeric="10234" />
			<column name="identifier" value="8883314567" />
			<column name="create_datetime" valueDate="2014-10-22T23:19:37.658" />
			<column name="status_id" valueNumeric="10501" />
			<column name="entity_id" valueNumeric="1" />
			<column name="deleted" valueNumeric="0" />
			<column name="item_id" valueNumeric="320104" />
			<column name="order_line_id" />
			<column name="notes" value="Bulk Upload" />
			<column name="optlock" valueNumeric="0" />
			<column name="group_id" />
			<column name="provisioning_status" />
			<column name="global" valueBoolean="true" />
		</insert>
		<insert tableName="asset">
			<column name="id" valueNumeric="10235" />
			<column name="identifier" value="8883314790" />
			<column name="create_datetime" valueDate="2014-10-22T23:19:37.706" />
			<column name="status_id" valueNumeric="10501" />
			<column name="entity_id" valueNumeric="1" />
			<column name="deleted" valueNumeric="0" />
			<column name="item_id" valueNumeric="320104" />
			<column name="order_line_id" />
			<column name="notes" value="Bulk Upload" />
			<column name="optlock" valueNumeric="0" />
			<column name="group_id" />
			<column name="provisioning_status" />
			<column name="global" valueBoolean="true" />
		</insert>
		<insert tableName="asset">
			<column name="id" valueNumeric="10236" />
			<column name="identifier" value="8883315928" />
			<column name="create_datetime" valueDate="2014-10-22T23:19:37.722" />
			<column name="status_id" valueNumeric="10501" />
			<column name="entity_id" valueNumeric="1" />
			<column name="deleted" valueNumeric="0" />
			<column name="item_id" valueNumeric="320104" />
			<column name="order_line_id" />
			<column name="notes" value="Bulk Upload" />
			<column name="optlock" valueNumeric="0" />
			<column name="group_id" />
			<column name="provisioning_status" />
			<column name="global" valueBoolean="true" />
		</insert>
		<insert tableName="asset">
			<column name="id" valueNumeric="10237" />
			<column name="identifier" value="8883315972" />
			<column name="create_datetime" valueDate="2014-10-22T23:19:37.738" />
			<column name="status_id" valueNumeric="10501" />
			<column name="entity_id" valueNumeric="1" />
			<column name="deleted" valueNumeric="0" />
			<column name="item_id" valueNumeric="320104" />
			<column name="order_line_id" />
			<column name="notes" value="Bulk Upload" />
			<column name="optlock" valueNumeric="0" />
			<column name="group_id" />
			<column name="provisioning_status" />
			<column name="global" valueBoolean="true" />
		</insert>
		<insert tableName="asset">
			<column name="id" valueNumeric="10238" />
			<column name="identifier" value="8883318577" />
			<column name="create_datetime" valueDate="2014-10-22T23:19:37.744" />
			<column name="status_id" valueNumeric="10501" />
			<column name="entity_id" valueNumeric="1" />
			<column name="deleted" valueNumeric="0" />
			<column name="item_id" valueNumeric="320104" />
			<column name="order_line_id" />
			<column name="notes" value="Bulk Upload" />
			<column name="optlock" valueNumeric="0" />
			<column name="group_id" />
			<column name="provisioning_status" />
			<column name="global" valueBoolean="true" />
		</insert>
		<insert tableName="asset">
			<column name="id" valueNumeric="10239" />
			<column name="identifier" value="8883318599" />
			<column name="create_datetime" valueDate="2014-10-22T23:19:37.756" />
			<column name="status_id" valueNumeric="10501" />
			<column name="entity_id" valueNumeric="1" />
			<column name="deleted" valueNumeric="0" />
			<column name="item_id" valueNumeric="320104" />
			<column name="order_line_id" />
			<column name="notes" value="Bulk Upload" />
			<column name="optlock" valueNumeric="0" />
			<column name="group_id" />
			<column name="provisioning_status" />
			<column name="global" valueBoolean="true" />
		</insert>
		<insert tableName="asset">
			<column name="id" valueNumeric="10240" />
			<column name="identifier" value="8883318861" />
			<column name="create_datetime" valueDate="2014-10-22T23:19:37.762" />
			<column name="status_id" valueNumeric="10501" />
			<column name="entity_id" valueNumeric="1" />
			<column name="deleted" valueNumeric="0" />
			<column name="item_id" valueNumeric="320104" />
			<column name="order_line_id" />
			<column name="notes" value="Bulk Upload" />
			<column name="optlock" valueNumeric="0" />
			<column name="group_id" />
			<column name="provisioning_status" />
			<column name="global" valueBoolean="true" />
		</insert>
		<insert tableName="asset">
			<column name="id" valueNumeric="10241" />
			<column name="identifier" value="8883318871" />
			<column name="create_datetime" valueDate="2014-10-22T23:19:37.778" />
			<column name="status_id" valueNumeric="10501" />
			<column name="entity_id" valueNumeric="1" />
			<column name="deleted" valueNumeric="0" />
			<column name="item_id" valueNumeric="320104" />
			<column name="order_line_id" />
			<column name="notes" value="Bulk Upload" />
			<column name="optlock" valueNumeric="0" />
			<column name="group_id" />
			<column name="provisioning_status" />
			<column name="global" valueBoolean="true" />
		</insert>
		<insert tableName="asset">
			<column name="id" valueNumeric="10242" />
			<column name="identifier" value="8883318876" />
			<column name="create_datetime" valueDate="2014-10-22T23:19:37.858" />
			<column name="status_id" valueNumeric="10501" />
			<column name="entity_id" valueNumeric="1" />
			<column name="deleted" valueNumeric="0" />
			<column name="item_id" valueNumeric="320104" />
			<column name="order_line_id" />
			<column name="notes" value="Bulk Upload" />
			<column name="optlock" valueNumeric="0" />
			<column name="group_id" />
			<column name="provisioning_status" />
			<column name="global" valueBoolean="true" />
		</insert>
		<insert tableName="asset">
			<column name="id" valueNumeric="10243" />
			<column name="identifier" value="8883318927" />
			<column name="create_datetime" valueDate="2014-10-22T23:19:37.960" />
			<column name="status_id" valueNumeric="10501" />
			<column name="entity_id" valueNumeric="1" />
			<column name="deleted" valueNumeric="0" />
			<column name="item_id" valueNumeric="320104" />
			<column name="order_line_id" />
			<column name="notes" value="Bulk Upload" />
			<column name="optlock" valueNumeric="0" />
			<column name="group_id" />
			<column name="provisioning_status" />
			<column name="global" valueBoolean="true" />
		</insert>
		<insert tableName="asset">
			<column name="id" valueNumeric="10244" />
			<column name="identifier" value="8883323199" />
			<column name="create_datetime" valueDate="2014-10-22T23:19:37.982" />
			<column name="status_id" valueNumeric="10501" />
			<column name="entity_id" valueNumeric="1" />
			<column name="deleted" valueNumeric="0" />
			<column name="item_id" valueNumeric="320104" />
			<column name="order_line_id" />
			<column name="notes" value="Bulk Upload" />
			<column name="optlock" valueNumeric="0" />
			<column name="group_id" />
			<column name="provisioning_status" />
			<column name="global" valueBoolean="true" />
		</insert>
		<insert tableName="asset">
			<column name="id" valueNumeric="10245" />
			<column name="identifier" value="8883323471" />
			<column name="create_datetime" valueDate="2014-10-22T23:19:38.66" />
			<column name="status_id" valueNumeric="10501" />
			<column name="entity_id" valueNumeric="1" />
			<column name="deleted" valueNumeric="0" />
			<column name="item_id" valueNumeric="320104" />
			<column name="order_line_id" />
			<column name="notes" value="Bulk Upload" />
			<column name="optlock" valueNumeric="0" />
			<column name="group_id" />
			<column name="provisioning_status" />
			<column name="global" valueBoolean="true" />
		</insert>
		<insert tableName="asset">
			<column name="id" valueNumeric="10246" />
			<column name="identifier" value="8883325589" />
			<column name="create_datetime" valueDate="2014-10-22T23:19:38.73" />
			<column name="status_id" valueNumeric="10501" />
			<column name="entity_id" valueNumeric="1" />
			<column name="deleted" valueNumeric="0" />
			<column name="item_id" valueNumeric="320104" />
			<column name="order_line_id" />
			<column name="notes" value="Bulk Upload" />
			<column name="optlock" valueNumeric="0" />
			<column name="group_id" />
			<column name="provisioning_status" />
			<column name="global" valueBoolean="true" />
		</insert>
		<insert tableName="asset">
			<column name="id" valueNumeric="10247" />
			<column name="identifier" value="8883325620" />
			<column name="create_datetime" valueDate="2014-10-22T23:19:38.95" />
			<column name="status_id" valueNumeric="10501" />
			<column name="entity_id" valueNumeric="1" />
			<column name="deleted" valueNumeric="0" />
			<column name="item_id" valueNumeric="320104" />
			<column name="order_line_id" />
			<column name="notes" value="Bulk Upload" />
			<column name="optlock" valueNumeric="0" />
			<column name="group_id" />
			<column name="provisioning_status" />
			<column name="global" valueBoolean="true" />
		</insert>
		<insert tableName="asset">
			<column name="id" valueNumeric="10248" />
			<column name="identifier" value="8883325715" />
			<column name="create_datetime" valueDate="2014-10-22T23:19:38.107" />
			<column name="status_id" valueNumeric="10501" />
			<column name="entity_id" valueNumeric="1" />
			<column name="deleted" valueNumeric="0" />
			<column name="item_id" valueNumeric="320104" />
			<column name="order_line_id" />
			<column name="notes" value="Bulk Upload" />
			<column name="optlock" valueNumeric="0" />
			<column name="group_id" />
			<column name="provisioning_status" />
			<column name="global" valueBoolean="true" />
		</insert>
		<insert tableName="asset">
			<column name="id" valueNumeric="10249" />
			<column name="identifier" value="8883325717" />
			<column name="create_datetime" valueDate="2014-10-22T23:19:38.178" />
			<column name="status_id" valueNumeric="10501" />
			<column name="entity_id" valueNumeric="1" />
			<column name="deleted" valueNumeric="0" />
			<column name="item_id" valueNumeric="320104" />
			<column name="order_line_id" />
			<column name="notes" value="Bulk Upload" />
			<column name="optlock" valueNumeric="0" />
			<column name="group_id" />
			<column name="provisioning_status" />
			<column name="global" valueBoolean="true" />
		</insert>
		<insert tableName="asset">
			<column name="id" valueNumeric="10250" />
			<column name="identifier" value="8883325751" />
			<column name="create_datetime" valueDate="2014-10-22T23:19:38.225" />
			<column name="status_id" valueNumeric="10501" />
			<column name="entity_id" valueNumeric="1" />
			<column name="deleted" valueNumeric="0" />
			<column name="item_id" valueNumeric="320104" />
			<column name="order_line_id" />
			<column name="notes" value="Bulk Upload" />
			<column name="optlock" valueNumeric="0" />
			<column name="group_id" />
			<column name="provisioning_status" />
			<column name="global" valueBoolean="true" />
		</insert>
		<insert tableName="asset">
			<column name="id" valueNumeric="10251" />
			<column name="identifier" value="8883325781" />
			<column name="create_datetime" valueDate="2014-10-22T23:19:38.246" />
			<column name="status_id" valueNumeric="10501" />
			<column name="entity_id" valueNumeric="1" />
			<column name="deleted" valueNumeric="0" />
			<column name="item_id" valueNumeric="320104" />
			<column name="order_line_id" />
			<column name="notes" value="Bulk Upload" />
			<column name="optlock" valueNumeric="0" />
			<column name="group_id" />
			<column name="provisioning_status" />
			<column name="global" valueBoolean="true" />
		</insert>
		<insert tableName="asset">
			<column name="id" valueNumeric="10252" />
			<column name="identifier" value="8883325783" />
			<column name="create_datetime" valueDate="2014-10-22T23:19:38.467" />
			<column name="status_id" valueNumeric="10501" />
			<column name="entity_id" valueNumeric="1" />
			<column name="deleted" valueNumeric="0" />
			<column name="item_id" valueNumeric="320104" />
			<column name="order_line_id" />
			<column name="notes" value="Bulk Upload" />
			<column name="optlock" valueNumeric="0" />
			<column name="group_id" />
			<column name="provisioning_status" />
			<column name="global" valueBoolean="true" />
		</insert>
		<insert tableName="asset">
			<column name="id" valueNumeric="10253" />
			<column name="identifier" value="8883327910" />
			<column name="create_datetime" valueDate="2014-10-22T23:19:38.677" />
			<column name="status_id" valueNumeric="10501" />
			<column name="entity_id" valueNumeric="1" />
			<column name="deleted" valueNumeric="0" />
			<column name="item_id" valueNumeric="320104" />
			<column name="order_line_id" />
			<column name="notes" value="Bulk Upload" />
			<column name="optlock" valueNumeric="0" />
			<column name="group_id" />
			<column name="provisioning_status" />
			<column name="global" valueBoolean="true" />
		</insert>
		<insert tableName="asset">
			<column name="id" valueNumeric="10254" />
			<column name="identifier" value="8883328901" />
			<column name="create_datetime" valueDate="2014-10-22T23:19:38.707" />
			<column name="status_id" valueNumeric="10501" />
			<column name="entity_id" valueNumeric="1" />
			<column name="deleted" valueNumeric="0" />
			<column name="item_id" valueNumeric="320104" />
			<column name="order_line_id" />
			<column name="notes" value="Bulk Upload" />
			<column name="optlock" valueNumeric="0" />
			<column name="group_id" />
			<column name="provisioning_status" />
			<column name="global" valueBoolean="true" />
		</insert>
		<insert tableName="asset">
			<column name="id" valueNumeric="10255" />
			<column name="identifier" value="8883329207" />
			<column name="create_datetime" valueDate="2014-10-22T23:19:38.770" />
			<column name="status_id" valueNumeric="10501" />
			<column name="entity_id" valueNumeric="1" />
			<column name="deleted" valueNumeric="0" />
			<column name="item_id" valueNumeric="320104" />
			<column name="order_line_id" />
			<column name="notes" value="Bulk Upload" />
			<column name="optlock" valueNumeric="0" />
			<column name="group_id" />
			<column name="provisioning_status" />
			<column name="global" valueBoolean="true" />
		</insert>
		<insert tableName="asset">
			<column name="id" valueNumeric="10256" />
			<column name="identifier" value="8883329273" />
			<column name="create_datetime" valueDate="2014-10-22T23:19:38.782" />
			<column name="status_id" valueNumeric="10501" />
			<column name="entity_id" valueNumeric="1" />
			<column name="deleted" valueNumeric="0" />
			<column name="item_id" valueNumeric="320104" />
			<column name="order_line_id" />
			<column name="notes" value="Bulk Upload" />
			<column name="optlock" valueNumeric="0" />
			<column name="group_id" />
			<column name="provisioning_status" />
			<column name="global" valueBoolean="true" />
		</insert>
		<insert tableName="asset">
			<column name="id" valueNumeric="10257" />
			<column name="identifier" value="8883329396" />
			<column name="create_datetime" valueDate="2014-10-22T23:19:38.801" />
			<column name="status_id" valueNumeric="10501" />
			<column name="entity_id" valueNumeric="1" />
			<column name="deleted" valueNumeric="0" />
			<column name="item_id" valueNumeric="320104" />
			<column name="order_line_id" />
			<column name="notes" value="Bulk Upload" />
			<column name="optlock" valueNumeric="0" />
			<column name="group_id" />
			<column name="provisioning_status" />
			<column name="global" valueBoolean="true" />
		</insert>
		<insert tableName="asset">
			<column name="id" valueNumeric="10258" />
			<column name="identifier" value="8883336779" />
			<column name="create_datetime" valueDate="2014-10-22T23:19:38.808" />
			<column name="status_id" valueNumeric="10501" />
			<column name="entity_id" valueNumeric="1" />
			<column name="deleted" valueNumeric="0" />
			<column name="item_id" valueNumeric="320104" />
			<column name="order_line_id" />
			<column name="notes" value="Bulk Upload" />
			<column name="optlock" valueNumeric="0" />
			<column name="group_id" />
			<column name="provisioning_status" />
			<column name="global" valueBoolean="true" />
		</insert>
		<insert tableName="asset">
			<column name="id" valueNumeric="10259" />
			<column name="identifier" value="8883339790" />
			<column name="create_datetime" valueDate="2014-10-22T23:19:38.910" />
			<column name="status_id" valueNumeric="10501" />
			<column name="entity_id" valueNumeric="1" />
			<column name="deleted" valueNumeric="0" />
			<column name="item_id" valueNumeric="320104" />
			<column name="order_line_id" />
			<column name="notes" value="Bulk Upload" />
			<column name="optlock" valueNumeric="0" />
			<column name="group_id" />
			<column name="provisioning_status" />
			<column name="global" valueBoolean="true" />
		</insert>
		<insert tableName="asset">
			<column name="id" valueNumeric="10260" />
			<column name="identifier" value="8883343577" />
			<column name="create_datetime" valueDate="2014-10-22T23:19:38.936" />
			<column name="status_id" valueNumeric="10501" />
			<column name="entity_id" valueNumeric="1" />
			<column name="deleted" valueNumeric="0" />
			<column name="item_id" valueNumeric="320104" />
			<column name="order_line_id" />
			<column name="notes" value="Bulk Upload" />
			<column name="optlock" valueNumeric="0" />
			<column name="group_id" />
			<column name="provisioning_status" />
			<column name="global" valueBoolean="true" />
		</insert>
		<insert tableName="asset">
			<column name="id" valueNumeric="10261" />
			<column name="identifier" value="8883346439" />
			<column name="create_datetime" valueDate="2014-10-22T23:19:38.948" />
			<column name="status_id" valueNumeric="10501" />
			<column name="entity_id" valueNumeric="1" />
			<column name="deleted" valueNumeric="0" />
			<column name="item_id" valueNumeric="320104" />
			<column name="order_line_id" />
			<column name="notes" value="Bulk Upload" />
			<column name="optlock" valueNumeric="0" />
			<column name="group_id" />
			<column name="provisioning_status" />
			<column name="global" valueBoolean="true" />
		</insert>
		<insert tableName="asset">
			<column name="id" valueNumeric="10262" />
			<column name="identifier" value="8883351089" />
			<column name="create_datetime" valueDate="2014-10-22T23:19:38.955" />
			<column name="status_id" valueNumeric="10501" />
			<column name="entity_id" valueNumeric="1" />
			<column name="deleted" valueNumeric="0" />
			<column name="item_id" valueNumeric="320104" />
			<column name="order_line_id" />
			<column name="notes" value="Bulk Upload" />
			<column name="optlock" valueNumeric="0" />
			<column name="group_id" />
			<column name="provisioning_status" />
			<column name="global" valueBoolean="true" />
		</insert>
		<insert tableName="asset">
			<column name="id" valueNumeric="10263" />
			<column name="identifier" value="8883356048" />
			<column name="create_datetime" valueDate="2014-10-22T23:19:38.961" />
			<column name="status_id" valueNumeric="10501" />
			<column name="entity_id" valueNumeric="1" />
			<column name="deleted" valueNumeric="0" />
			<column name="item_id" valueNumeric="320104" />
			<column name="order_line_id" />
			<column name="notes" value="Bulk Upload" />
			<column name="optlock" valueNumeric="0" />
			<column name="group_id" />
			<column name="provisioning_status" />
			<column name="global" valueBoolean="true" />
		</insert>
		<insert tableName="asset">
			<column name="id" valueNumeric="10264" />
			<column name="identifier" value="8883357948" />
			<column name="create_datetime" valueDate="2014-10-22T23:19:39.99" />
			<column name="status_id" valueNumeric="10501" />
			<column name="entity_id" valueNumeric="1" />
			<column name="deleted" valueNumeric="0" />
			<column name="item_id" valueNumeric="320104" />
			<column name="order_line_id" />
			<column name="notes" value="Bulk Upload" />
			<column name="optlock" valueNumeric="0" />
			<column name="group_id" />
			<column name="provisioning_status" />
			<column name="global" valueBoolean="true" />
		</insert>
		<insert tableName="asset">
			<column name="id" valueNumeric="10265" />
			<column name="identifier" value="8883357973" />
			<column name="create_datetime" valueDate="2014-10-22T23:19:39.174" />
			<column name="status_id" valueNumeric="10501" />
			<column name="entity_id" valueNumeric="1" />
			<column name="deleted" valueNumeric="0" />
			<column name="item_id" valueNumeric="320104" />
			<column name="order_line_id" />
			<column name="notes" value="Bulk Upload" />
			<column name="optlock" valueNumeric="0" />
			<column name="group_id" />
			<column name="provisioning_status" />
			<column name="global" valueBoolean="true" />
		</insert>
		<insert tableName="asset">
			<column name="id" valueNumeric="10266" />
			<column name="identifier" value="8883357977" />
			<column name="create_datetime" valueDate="2014-10-22T23:19:39.185" />
			<column name="status_id" valueNumeric="10501" />
			<column name="entity_id" valueNumeric="1" />
			<column name="deleted" valueNumeric="0" />
			<column name="item_id" valueNumeric="320104" />
			<column name="order_line_id" />
			<column name="notes" value="Bulk Upload" />
			<column name="optlock" valueNumeric="0" />
			<column name="group_id" />
			<column name="provisioning_status" />
			<column name="global" valueBoolean="true" />
		</insert>
		<insert tableName="asset">
			<column name="id" valueNumeric="10267" />
			<column name="identifier" value="8883357978" />
			<column name="create_datetime" valueDate="2014-10-22T23:19:39.228" />
			<column name="status_id" valueNumeric="10501" />
			<column name="entity_id" valueNumeric="1" />
			<column name="deleted" valueNumeric="0" />
			<column name="item_id" valueNumeric="320104" />
			<column name="order_line_id" />
			<column name="notes" value="Bulk Upload" />
			<column name="optlock" valueNumeric="0" />
			<column name="group_id" />
			<column name="provisioning_status" />
			<column name="global" valueBoolean="true" />
		</insert>
		<insert tableName="asset">
			<column name="id" valueNumeric="10268" />
			<column name="identifier" value="8883357979" />
			<column name="create_datetime" valueDate="2014-10-22T23:19:39.262" />
			<column name="status_id" valueNumeric="10501" />
			<column name="entity_id" valueNumeric="1" />
			<column name="deleted" valueNumeric="0" />
			<column name="item_id" valueNumeric="320104" />
			<column name="order_line_id" />
			<column name="notes" value="Bulk Upload" />
			<column name="optlock" valueNumeric="0" />
			<column name="group_id" />
			<column name="provisioning_status" />
			<column name="global" valueBoolean="true" />
		</insert>
		<insert tableName="asset">
			<column name="id" valueNumeric="10269" />
			<column name="identifier" value="8883360527" />
			<column name="create_datetime" valueDate="2014-10-22T23:19:39.292" />
			<column name="status_id" valueNumeric="10501" />
			<column name="entity_id" valueNumeric="1" />
			<column name="deleted" valueNumeric="0" />
			<column name="item_id" valueNumeric="320104" />
			<column name="order_line_id" />
			<column name="notes" value="Bulk Upload" />
			<column name="optlock" valueNumeric="0" />
			<column name="group_id" />
			<column name="provisioning_status" />
			<column name="global" valueBoolean="true" />
		</insert>
		<insert tableName="asset">
			<column name="id" valueNumeric="10270" />
			<column name="identifier" value="8883363566" />
			<column name="create_datetime" valueDate="2014-10-22T23:19:39.302" />
			<column name="status_id" valueNumeric="10501" />
			<column name="entity_id" valueNumeric="1" />
			<column name="deleted" valueNumeric="0" />
			<column name="item_id" valueNumeric="320104" />
			<column name="order_line_id" />
			<column name="notes" value="Bulk Upload" />
			<column name="optlock" valueNumeric="0" />
			<column name="group_id" />
			<column name="provisioning_status" />
			<column name="global" valueBoolean="true" />
		</insert>
		<insert tableName="asset">
			<column name="id" valueNumeric="10271" />
			<column name="identifier" value="8883363667" />
			<column name="create_datetime" valueDate="2014-10-22T23:19:39.346" />
			<column name="status_id" valueNumeric="10501" />
			<column name="entity_id" valueNumeric="1" />
			<column name="deleted" valueNumeric="0" />
			<column name="item_id" valueNumeric="320104" />
			<column name="order_line_id" />
			<column name="notes" value="Bulk Upload" />
			<column name="optlock" valueNumeric="0" />
			<column name="group_id" />
			<column name="provisioning_status" />
			<column name="global" valueBoolean="true" />
		</insert>
		<insert tableName="asset">
			<column name="id" valueNumeric="10272" />
			<column name="identifier" value="8883364906" />
			<column name="create_datetime" valueDate="2014-10-22T23:19:39.366" />
			<column name="status_id" valueNumeric="10501" />
			<column name="entity_id" valueNumeric="1" />
			<column name="deleted" valueNumeric="0" />
			<column name="item_id" valueNumeric="320104" />
			<column name="order_line_id" />
			<column name="notes" value="Bulk Upload" />
			<column name="optlock" valueNumeric="0" />
			<column name="group_id" />
			<column name="provisioning_status" />
			<column name="global" valueBoolean="true" />
		</insert>
		<insert tableName="asset">
			<column name="id" valueNumeric="10273" />
			<column name="identifier" value="8883365966" />
			<column name="create_datetime" valueDate="2014-10-22T23:19:39.373" />
			<column name="status_id" valueNumeric="10501" />
			<column name="entity_id" valueNumeric="1" />
			<column name="deleted" valueNumeric="0" />
			<column name="item_id" valueNumeric="320104" />
			<column name="order_line_id" />
			<column name="notes" value="Bulk Upload" />
			<column name="optlock" valueNumeric="0" />
			<column name="group_id" />
			<column name="provisioning_status" />
			<column name="global" valueBoolean="true" />
		</insert>
		<insert tableName="asset">
			<column name="id" valueNumeric="10274" />
			<column name="identifier" value="8883367277" />
			<column name="create_datetime" valueDate="2014-10-22T23:19:39.379" />
			<column name="status_id" valueNumeric="10501" />
			<column name="entity_id" valueNumeric="1" />
			<column name="deleted" valueNumeric="0" />
			<column name="item_id" valueNumeric="320104" />
			<column name="order_line_id" />
			<column name="notes" value="Bulk Upload" />
			<column name="optlock" valueNumeric="0" />
			<column name="group_id" />
			<column name="provisioning_status" />
			<column name="global" valueBoolean="true" />
		</insert>
		<insert tableName="asset">
			<column name="id" valueNumeric="10275" />
			<column name="identifier" value="8883368059" />
			<column name="create_datetime" valueDate="2014-10-22T23:19:39.385" />
			<column name="status_id" valueNumeric="10501" />
			<column name="entity_id" valueNumeric="1" />
			<column name="deleted" valueNumeric="0" />
			<column name="item_id" valueNumeric="320104" />
			<column name="order_line_id" />
			<column name="notes" value="Bulk Upload" />
			<column name="optlock" valueNumeric="0" />
			<column name="group_id" />
			<column name="provisioning_status" />
			<column name="global" valueBoolean="true" />
		</insert>
		<insert tableName="asset">
			<column name="id" valueNumeric="10276" />
			<column name="identifier" value="8883368499" />
			<column name="create_datetime" valueDate="2014-10-22T23:19:39.397" />
			<column name="status_id" valueNumeric="10501" />
			<column name="entity_id" valueNumeric="1" />
			<column name="deleted" valueNumeric="0" />
			<column name="item_id" valueNumeric="320104" />
			<column name="order_line_id" />
			<column name="notes" value="Bulk Upload" />
			<column name="optlock" valueNumeric="0" />
			<column name="group_id" />
			<column name="provisioning_status" />
			<column name="global" valueBoolean="true" />
		</insert>
		<insert tableName="asset">
			<column name="id" valueNumeric="10277" />
			<column name="identifier" value="8883371862" />
			<column name="create_datetime" valueDate="2014-10-22T23:19:39.404" />
			<column name="status_id" valueNumeric="10501" />
			<column name="entity_id" valueNumeric="1" />
			<column name="deleted" valueNumeric="0" />
			<column name="item_id" valueNumeric="320104" />
			<column name="order_line_id" />
			<column name="notes" value="Bulk Upload" />
			<column name="optlock" valueNumeric="0" />
			<column name="group_id" />
			<column name="provisioning_status" />
			<column name="global" valueBoolean="true" />
		</insert>
		<insert tableName="asset">
			<column name="id" valueNumeric="10278" />
			<column name="identifier" value="8883371868" />
			<column name="create_datetime" valueDate="2014-10-22T23:19:39.533" />
			<column name="status_id" valueNumeric="10501" />
			<column name="entity_id" valueNumeric="1" />
			<column name="deleted" valueNumeric="0" />
			<column name="item_id" valueNumeric="320104" />
			<column name="order_line_id" />
			<column name="notes" value="Bulk Upload" />
			<column name="optlock" valueNumeric="0" />
			<column name="group_id" />
			<column name="provisioning_status" />
			<column name="global" valueBoolean="true" />
		</insert>
		<insert tableName="asset">
			<column name="id" valueNumeric="10279" />
			<column name="identifier" value="8883373228" />
			<column name="create_datetime" valueDate="2014-10-22T23:19:39.628" />
			<column name="status_id" valueNumeric="10501" />
			<column name="entity_id" valueNumeric="1" />
			<column name="deleted" valueNumeric="0" />
			<column name="item_id" valueNumeric="320104" />
			<column name="order_line_id" />
			<column name="notes" value="Bulk Upload" />
			<column name="optlock" valueNumeric="0" />
			<column name="group_id" />
			<column name="provisioning_status" />
			<column name="global" valueBoolean="true" />
		</insert>
		<insert tableName="asset">
			<column name="id" valueNumeric="10280" />
			<column name="identifier" value="8883377611" />
			<column name="create_datetime" valueDate="2014-10-22T23:19:39.656" />
			<column name="status_id" valueNumeric="10501" />
			<column name="entity_id" valueNumeric="1" />
			<column name="deleted" valueNumeric="0" />
			<column name="item_id" valueNumeric="320104" />
			<column name="order_line_id" />
			<column name="notes" value="Bulk Upload" />
			<column name="optlock" valueNumeric="0" />
			<column name="group_id" />
			<column name="provisioning_status" />
			<column name="global" valueBoolean="true" />
		</insert>
		<insert tableName="asset">
			<column name="id" valueNumeric="10281" />
			<column name="identifier" value="8883379413" />
			<column name="create_datetime" valueDate="2014-10-22T23:19:39.665" />
			<column name="status_id" valueNumeric="10501" />
			<column name="entity_id" valueNumeric="1" />
			<column name="deleted" valueNumeric="0" />
			<column name="item_id" valueNumeric="320104" />
			<column name="order_line_id" />
			<column name="notes" value="Bulk Upload" />
			<column name="optlock" valueNumeric="0" />
			<column name="group_id" />
			<column name="provisioning_status" />
			<column name="global" valueBoolean="true" />
		</insert>
		<insert tableName="asset">
			<column name="id" valueNumeric="10282" />
			<column name="identifier" value="8883379418" />
			<column name="create_datetime" valueDate="2014-10-22T23:19:39.722" />
			<column name="status_id" valueNumeric="10501" />
			<column name="entity_id" valueNumeric="1" />
			<column name="deleted" valueNumeric="0" />
			<column name="item_id" valueNumeric="320104" />
			<column name="order_line_id" />
			<column name="notes" value="Bulk Upload" />
			<column name="optlock" valueNumeric="0" />
			<column name="group_id" />
			<column name="provisioning_status" />
			<column name="global" valueBoolean="true" />
		</insert>
		<insert tableName="asset">
			<column name="id" valueNumeric="10283" />
			<column name="identifier" value="8883379898" />
			<column name="create_datetime" valueDate="2014-10-22T23:19:39.765" />
			<column name="status_id" valueNumeric="10501" />
			<column name="entity_id" valueNumeric="1" />
			<column name="deleted" valueNumeric="0" />
			<column name="item_id" valueNumeric="320104" />
			<column name="order_line_id" />
			<column name="notes" value="Bulk Upload" />
			<column name="optlock" valueNumeric="0" />
			<column name="group_id" />
			<column name="provisioning_status" />
			<column name="global" valueBoolean="true" />
		</insert>
		<insert tableName="asset">
			<column name="id" valueNumeric="10284" />
			<column name="identifier" value="8883380311" />
			<column name="create_datetime" valueDate="2014-10-22T23:19:39.828" />
			<column name="status_id" valueNumeric="10501" />
			<column name="entity_id" valueNumeric="1" />
			<column name="deleted" valueNumeric="0" />
			<column name="item_id" valueNumeric="320104" />
			<column name="order_line_id" />
			<column name="notes" value="Bulk Upload" />
			<column name="optlock" valueNumeric="0" />
			<column name="group_id" />
			<column name="provisioning_status" />
			<column name="global" valueBoolean="true" />
		</insert>
		<insert tableName="asset">
			<column name="id" valueNumeric="10285" />
			<column name="identifier" value="8883380336" />
			<column name="create_datetime" valueDate="2014-10-22T23:19:39.834" />
			<column name="status_id" valueNumeric="10501" />
			<column name="entity_id" valueNumeric="1" />
			<column name="deleted" valueNumeric="0" />
			<column name="item_id" valueNumeric="320104" />
			<column name="order_line_id" />
			<column name="notes" value="Bulk Upload" />
			<column name="optlock" valueNumeric="0" />
			<column name="group_id" />
			<column name="provisioning_status" />
			<column name="global" valueBoolean="true" />
		</insert>
		<insert tableName="asset">
			<column name="id" valueNumeric="10286" />
			<column name="identifier" value="8883380338" />
			<column name="create_datetime" valueDate="2014-10-22T23:19:39.845" />
			<column name="status_id" valueNumeric="10501" />
			<column name="entity_id" valueNumeric="1" />
			<column name="deleted" valueNumeric="0" />
			<column name="item_id" valueNumeric="320104" />
			<column name="order_line_id" />
			<column name="notes" value="Bulk Upload" />
			<column name="optlock" valueNumeric="0" />
			<column name="group_id" />
			<column name="provisioning_status" />
			<column name="global" valueBoolean="true" />
		</insert>
		<insert tableName="asset">
			<column name="id" valueNumeric="10287" />
			<column name="identifier" value="8883380381" />
			<column name="create_datetime" valueDate="2014-10-22T23:19:39.890" />
			<column name="status_id" valueNumeric="10501" />
			<column name="entity_id" valueNumeric="1" />
			<column name="deleted" valueNumeric="0" />
			<column name="item_id" valueNumeric="320104" />
			<column name="order_line_id" />
			<column name="notes" value="Bulk Upload" />
			<column name="optlock" valueNumeric="0" />
			<column name="group_id" />
			<column name="provisioning_status" />
			<column name="global" valueBoolean="true" />
		</insert>
		<insert tableName="asset">
			<column name="id" valueNumeric="10288" />
			<column name="identifier" value="8883380382" />
			<column name="create_datetime" valueDate="2014-10-22T23:19:39.924" />
			<column name="status_id" valueNumeric="10501" />
			<column name="entity_id" valueNumeric="1" />
			<column name="deleted" valueNumeric="0" />
			<column name="item_id" valueNumeric="320104" />
			<column name="order_line_id" />
			<column name="notes" value="Bulk Upload" />
			<column name="optlock" valueNumeric="0" />
			<column name="group_id" />
			<column name="provisioning_status" />
			<column name="global" valueBoolean="true" />
		</insert>
		<insert tableName="asset">
			<column name="id" valueNumeric="10289" />
			<column name="identifier" value="8883382834" />
			<column name="create_datetime" valueDate="2014-10-22T23:19:39.948" />
			<column name="status_id" valueNumeric="10501" />
			<column name="entity_id" valueNumeric="1" />
			<column name="deleted" valueNumeric="0" />
			<column name="item_id" valueNumeric="320104" />
			<column name="order_line_id" />
			<column name="notes" value="Bulk Upload" />
			<column name="optlock" valueNumeric="0" />
			<column name="group_id" />
			<column name="provisioning_status" />
			<column name="global" valueBoolean="true" />
		</insert>
		<insert tableName="asset">
			<column name="id" valueNumeric="10290" />
			<column name="identifier" value="8883383344" />
			<column name="create_datetime" valueDate="2014-10-22T23:19:39.999" />
			<column name="status_id" valueNumeric="10501" />
			<column name="entity_id" valueNumeric="1" />
			<column name="deleted" valueNumeric="0" />
			<column name="item_id" valueNumeric="320104" />
			<column name="order_line_id" />
			<column name="notes" value="Bulk Upload" />
			<column name="optlock" valueNumeric="0" />
			<column name="group_id" />
			<column name="provisioning_status" />
			<column name="global" valueBoolean="true" />
		</insert>
		<insert tableName="asset">
			<column name="id" valueNumeric="10291" />
			<column name="identifier" value="8883384504" />
			<column name="create_datetime" valueDate="2014-10-22T23:19:40.5" />
			<column name="status_id" valueNumeric="10501" />
			<column name="entity_id" valueNumeric="1" />
			<column name="deleted" valueNumeric="0" />
			<column name="item_id" valueNumeric="320104" />
			<column name="order_line_id" />
			<column name="notes" value="Bulk Upload" />
			<column name="optlock" valueNumeric="0" />
			<column name="group_id" />
			<column name="provisioning_status" />
			<column name="global" valueBoolean="true" />
		</insert>
		<insert tableName="asset">
			<column name="id" valueNumeric="10292" />
			<column name="identifier" value="8883384866" />
			<column name="create_datetime" valueDate="2014-10-22T23:19:40.95" />
			<column name="status_id" valueNumeric="10501" />
			<column name="entity_id" valueNumeric="1" />
			<column name="deleted" valueNumeric="0" />
			<column name="item_id" valueNumeric="320104" />
			<column name="order_line_id" />
			<column name="notes" value="Bulk Upload" />
			<column name="optlock" valueNumeric="0" />
			<column name="group_id" />
			<column name="provisioning_status" />
			<column name="global" valueBoolean="true" />
		</insert>
		<insert tableName="asset">
			<column name="id" valueNumeric="10293" />
			<column name="identifier" value="8883384993" />
			<column name="create_datetime" valueDate="2014-10-22T23:19:40.126" />
			<column name="status_id" valueNumeric="10501" />
			<column name="entity_id" valueNumeric="1" />
			<column name="deleted" valueNumeric="0" />
			<column name="item_id" valueNumeric="320104" />
			<column name="order_line_id" />
			<column name="notes" value="Bulk Upload" />
			<column name="optlock" valueNumeric="0" />
			<column name="group_id" />
			<column name="provisioning_status" />
			<column name="global" valueBoolean="true" />
		</insert>
		<insert tableName="asset">
			<column name="id" valueNumeric="10294" />
			<column name="identifier" value="8883386314" />
			<column name="create_datetime" valueDate="2014-10-22T23:19:40.132" />
			<column name="status_id" valueNumeric="10501" />
			<column name="entity_id" valueNumeric="1" />
			<column name="deleted" valueNumeric="0" />
			<column name="item_id" valueNumeric="320104" />
			<column name="order_line_id" />
			<column name="notes" value="Bulk Upload" />
			<column name="optlock" valueNumeric="0" />
			<column name="group_id" />
			<column name="provisioning_status" />
			<column name="global" valueBoolean="true" />
		</insert>
		<insert tableName="asset">
			<column name="id" valueNumeric="10295" />
			<column name="identifier" value="8883386407" />
			<column name="create_datetime" valueDate="2014-10-22T23:19:40.196" />
			<column name="status_id" valueNumeric="10501" />
			<column name="entity_id" valueNumeric="1" />
			<column name="deleted" valueNumeric="0" />
			<column name="item_id" valueNumeric="320104" />
			<column name="order_line_id" />
			<column name="notes" value="Bulk Upload" />
			<column name="optlock" valueNumeric="0" />
			<column name="group_id" />
			<column name="provisioning_status" />
			<column name="global" valueBoolean="true" />
		</insert>
		<insert tableName="asset">
			<column name="id" valueNumeric="10296" />
			<column name="identifier" value="8883386449" />
			<column name="create_datetime" valueDate="2014-10-22T23:19:40.243" />
			<column name="status_id" valueNumeric="10501" />
			<column name="entity_id" valueNumeric="1" />
			<column name="deleted" valueNumeric="0" />
			<column name="item_id" valueNumeric="320104" />
			<column name="order_line_id" />
			<column name="notes" value="Bulk Upload" />
			<column name="optlock" valueNumeric="0" />
			<column name="group_id" />
			<column name="provisioning_status" />
			<column name="global" valueBoolean="true" />
		</insert>
		<insert tableName="asset">
			<column name="id" valueNumeric="10297" />
			<column name="identifier" value="8883527932" />
			<column name="create_datetime" valueDate="2014-10-22T23:19:40.254" />
			<column name="status_id" valueNumeric="10501" />
			<column name="entity_id" valueNumeric="1" />
			<column name="deleted" valueNumeric="0" />
			<column name="item_id" valueNumeric="320104" />
			<column name="order_line_id" />
			<column name="notes" value="Bulk Upload" />
			<column name="optlock" valueNumeric="0" />
			<column name="group_id" />
			<column name="provisioning_status" />
			<column name="global" valueBoolean="true" />
		</insert>
		<insert tableName="asset">
			<column name="id" valueNumeric="10298" />
			<column name="identifier" value="8883766472" />
			<column name="create_datetime" valueDate="2014-10-22T23:19:40.261" />
			<column name="status_id" valueNumeric="10501" />
			<column name="entity_id" valueNumeric="1" />
			<column name="deleted" valueNumeric="0" />
			<column name="item_id" valueNumeric="320104" />
			<column name="order_line_id" />
			<column name="notes" value="Bulk Upload" />
			<column name="optlock" valueNumeric="0" />
			<column name="group_id" />
			<column name="provisioning_status" />
			<column name="global" valueBoolean="true" />
		</insert>
		<insert tableName="asset">
			<column name="id" valueNumeric="10299" />
			<column name="identifier" value="8884445109" />
			<column name="create_datetime" valueDate="2014-10-22T23:19:40.267" />
			<column name="status_id" valueNumeric="10501" />
			<column name="entity_id" valueNumeric="1" />
			<column name="deleted" valueNumeric="0" />
			<column name="item_id" valueNumeric="320104" />
			<column name="order_line_id" />
			<column name="notes" value="Bulk Upload" />
			<column name="optlock" valueNumeric="0" />
			<column name="group_id" />
			<column name="provisioning_status" />
			<column name="global" valueBoolean="true" />
		</insert>
		<insert tableName="asset">
			<column name="id" valueNumeric="10300" />
			<column name="identifier" value="8885651468" />
			<column name="create_datetime" valueDate="2014-10-22T23:19:40.278" />
			<column name="status_id" valueNumeric="10501" />
			<column name="entity_id" valueNumeric="1" />
			<column name="deleted" valueNumeric="0" />
			<column name="item_id" valueNumeric="320104" />
			<column name="order_line_id" />
			<column name="notes" value="Bulk Upload" />
			<column name="optlock" valueNumeric="0" />
			<column name="group_id" />
			<column name="provisioning_status" />
			<column name="global" valueBoolean="true" />
		</insert>
		<insert tableName="asset">
			<column name="id" valueNumeric="10301" />
			<column name="identifier" value="8885864743" />
			<column name="create_datetime" valueDate="2014-10-22T23:19:40.304" />
			<column name="status_id" valueNumeric="10501" />
			<column name="entity_id" valueNumeric="1" />
			<column name="deleted" valueNumeric="0" />
			<column name="item_id" valueNumeric="320104" />
			<column name="order_line_id" />
			<column name="notes" value="Bulk Upload" />
			<column name="optlock" valueNumeric="0" />
			<column name="group_id" />
			<column name="provisioning_status" />
			<column name="global" valueBoolean="true" />
		</insert>
		<insert tableName="asset">
			<column name="id" valueNumeric="10302" />
			<column name="identifier" value="8885909294" />
			<column name="create_datetime" valueDate="2014-10-22T23:19:40.347" />
			<column name="status_id" valueNumeric="10501" />
			<column name="entity_id" valueNumeric="1" />
			<column name="deleted" valueNumeric="0" />
			<column name="item_id" valueNumeric="320104" />
			<column name="order_line_id" />
			<column name="notes" value="Bulk Upload" />
			<column name="optlock" valueNumeric="0" />
			<column name="group_id" />
			<column name="provisioning_status" />
			<column name="global" valueBoolean="true" />
		</insert>
		<insert tableName="asset">
			<column name="id" valueNumeric="10303" />
			<column name="identifier" value="8886120466" />
			<column name="create_datetime" valueDate="2014-10-22T23:19:40.369" />
			<column name="status_id" valueNumeric="10501" />
			<column name="entity_id" valueNumeric="1" />
			<column name="deleted" valueNumeric="0" />
			<column name="item_id" valueNumeric="320104" />
			<column name="order_line_id" />
			<column name="notes" value="Bulk Upload" />
			<column name="optlock" valueNumeric="0" />
			<column name="group_id" />
			<column name="provisioning_status" />
			<column name="global" valueBoolean="true" />
		</insert>
		<insert tableName="asset">
			<column name="id" valueNumeric="10304" />
			<column name="identifier" value="8886156882" />
			<column name="create_datetime" valueDate="2014-10-22T23:19:40.376" />
			<column name="status_id" valueNumeric="10501" />
			<column name="entity_id" valueNumeric="1" />
			<column name="deleted" valueNumeric="0" />
			<column name="item_id" valueNumeric="320104" />
			<column name="order_line_id" />
			<column name="notes" value="Bulk Upload" />
			<column name="optlock" valueNumeric="0" />
			<column name="group_id" />
			<column name="provisioning_status" />
			<column name="global" valueBoolean="true" />
		</insert>
		<insert tableName="asset">
			<column name="id" valueNumeric="10305" />
			<column name="identifier" value="8886628259" />
			<column name="create_datetime" valueDate="2014-10-22T23:19:40.383" />
			<column name="status_id" valueNumeric="10501" />
			<column name="entity_id" valueNumeric="1" />
			<column name="deleted" valueNumeric="0" />
			<column name="item_id" valueNumeric="320104" />
			<column name="order_line_id" />
			<column name="notes" value="Bulk Upload" />
			<column name="optlock" valueNumeric="0" />
			<column name="group_id" />
			<column name="provisioning_status" />
			<column name="global" valueBoolean="true" />
		</insert>
		<insert tableName="asset">
			<column name="id" valueNumeric="10306" />
			<column name="identifier" value="8886660280" />
			<column name="create_datetime" valueDate="2014-10-22T23:19:40.389" />
			<column name="status_id" valueNumeric="10501" />
			<column name="entity_id" valueNumeric="1" />
			<column name="deleted" valueNumeric="0" />
			<column name="item_id" valueNumeric="320104" />
			<column name="order_line_id" />
			<column name="notes" value="Bulk Upload" />
			<column name="optlock" valueNumeric="0" />
			<column name="group_id" />
			<column name="provisioning_status" />
			<column name="global" valueBoolean="true" />
		</insert>
		<insert tableName="asset">
			<column name="id" valueNumeric="10307" />
			<column name="identifier" value="8887212227" />
			<column name="create_datetime" valueDate="2014-10-22T23:19:40.396" />
			<column name="status_id" valueNumeric="10501" />
			<column name="entity_id" valueNumeric="1" />
			<column name="deleted" valueNumeric="0" />
			<column name="item_id" valueNumeric="320104" />
			<column name="order_line_id" />
			<column name="notes" value="Bulk Upload" />
			<column name="optlock" valueNumeric="0" />
			<column name="group_id" />
			<column name="provisioning_status" />
			<column name="global" valueBoolean="true" />
		</insert>
		<insert tableName="asset">
			<column name="id" valueNumeric="10308" />
			<column name="identifier" value="8887304086" />
			<column name="create_datetime" valueDate="2014-10-22T23:19:40.507" />
			<column name="status_id" valueNumeric="10501" />
			<column name="entity_id" valueNumeric="1" />
			<column name="deleted" valueNumeric="0" />
			<column name="item_id" valueNumeric="320104" />
			<column name="order_line_id" />
			<column name="notes" value="Bulk Upload" />
			<column name="optlock" valueNumeric="0" />
			<column name="group_id" />
			<column name="provisioning_status" />
			<column name="global" valueBoolean="true" />
		</insert>
		<insert tableName="asset">
			<column name="id" valueNumeric="10309" />
			<column name="identifier" value="8887517775" />
			<column name="create_datetime" valueDate="2014-10-22T23:19:40.518" />
			<column name="status_id" valueNumeric="10501" />
			<column name="entity_id" valueNumeric="1" />
			<column name="deleted" valueNumeric="0" />
			<column name="item_id" valueNumeric="320104" />
			<column name="order_line_id" />
			<column name="notes" value="Bulk Upload" />
			<column name="optlock" valueNumeric="0" />
			<column name="group_id" />
			<column name="provisioning_status" />
			<column name="global" valueBoolean="true" />
		</insert>
		<insert tableName="asset">
			<column name="id" valueNumeric="10310" />
			<column name="identifier" value="8887522287" />
			<column name="create_datetime" valueDate="2014-10-22T23:19:40.535" />
			<column name="status_id" valueNumeric="10501" />
			<column name="entity_id" valueNumeric="1" />
			<column name="deleted" valueNumeric="0" />
			<column name="item_id" valueNumeric="320104" />
			<column name="order_line_id" />
			<column name="notes" value="Bulk Upload" />
			<column name="optlock" valueNumeric="0" />
			<column name="group_id" />
			<column name="provisioning_status" />
			<column name="global" valueBoolean="true" />
		</insert>
		<insert tableName="asset">
			<column name="id" valueNumeric="10311" />
			<column name="identifier" value="8887622509" />
			<column name="create_datetime" valueDate="2014-10-22T23:19:40.550" />
			<column name="status_id" valueNumeric="10501" />
			<column name="entity_id" valueNumeric="1" />
			<column name="deleted" valueNumeric="0" />
			<column name="item_id" valueNumeric="320104" />
			<column name="order_line_id" />
			<column name="notes" value="Bulk Upload" />
			<column name="optlock" valueNumeric="0" />
			<column name="group_id" />
			<column name="provisioning_status" />
			<column name="global" valueBoolean="true" />
		</insert>
		<insert tableName="asset">
			<column name="id" valueNumeric="10312" />
			<column name="identifier" value="8887793397" />
			<column name="create_datetime" valueDate="2014-10-22T23:19:40.599" />
			<column name="status_id" valueNumeric="10501" />
			<column name="entity_id" valueNumeric="1" />
			<column name="deleted" valueNumeric="0" />
			<column name="item_id" valueNumeric="320104" />
			<column name="order_line_id" />
			<column name="notes" value="Bulk Upload" />
			<column name="optlock" valueNumeric="0" />
			<column name="group_id" />
			<column name="provisioning_status" />
			<column name="global" valueBoolean="true" />
		</insert>
		<insert tableName="asset">
			<column name="id" valueNumeric="10324" />
			<column name="identifier" value="8002039681" />
			<column name="create_datetime" valueDate="2014-10-23T00:04:43.492" />
			<column name="status_id" valueNumeric="10501" />
			<column name="entity_id" valueNumeric="1" />
			<column name="deleted" valueNumeric="0" />
			<column name="item_id" valueNumeric="320108" />
			<column name="order_line_id" />
			<column name="notes" value="Bulk Upload" />
			<column name="optlock" valueNumeric="0" />
			<column name="group_id" />
			<column name="provisioning_status" />
			<column name="global" valueBoolean="true" />
		</insert>
		<insert tableName="asset">
			<column name="id" valueNumeric="10325" />
			<column name="identifier" value="8002163177" />
			<column name="create_datetime" valueDate="2014-10-23T00:04:43.523" />
			<column name="status_id" valueNumeric="10501" />
			<column name="entity_id" valueNumeric="1" />
			<column name="deleted" valueNumeric="0" />
			<column name="item_id" valueNumeric="320108" />
			<column name="order_line_id" />
			<column name="notes" value="Bulk Upload" />
			<column name="optlock" valueNumeric="0" />
			<column name="group_id" />
			<column name="provisioning_status" />
			<column name="global" valueBoolean="true" />
		</insert>
		<insert tableName="asset">
			<column name="id" valueNumeric="10326" />
			<column name="identifier" value="8002312462" />
			<column name="create_datetime" valueDate="2014-10-23T00:04:43.540" />
			<column name="status_id" valueNumeric="10501" />
			<column name="entity_id" valueNumeric="1" />
			<column name="deleted" valueNumeric="0" />
			<column name="item_id" valueNumeric="320108" />
			<column name="order_line_id" />
			<column name="notes" value="Bulk Upload" />
			<column name="optlock" valueNumeric="0" />
			<column name="group_id" />
			<column name="provisioning_status" />
			<column name="global" valueBoolean="true" />
		</insert>
		<insert tableName="asset">
			<column name="id" valueNumeric="10327" />
			<column name="identifier" value="8002331420" />
			<column name="create_datetime" valueDate="2014-10-23T00:04:43.548" />
			<column name="status_id" valueNumeric="10501" />
			<column name="entity_id" valueNumeric="1" />
			<column name="deleted" valueNumeric="0" />
			<column name="item_id" valueNumeric="320108" />
			<column name="order_line_id" />
			<column name="notes" value="Bulk Upload" />
			<column name="optlock" valueNumeric="0" />
			<column name="group_id" />
			<column name="provisioning_status" />
			<column name="global" valueBoolean="true" />
		</insert>
		<insert tableName="asset">
			<column name="id" valueNumeric="10328" />
			<column name="identifier" value="8002341826" />
			<column name="create_datetime" valueDate="2014-10-23T00:04:43.559" />
			<column name="status_id" valueNumeric="10501" />
			<column name="entity_id" valueNumeric="1" />
			<column name="deleted" valueNumeric="0" />
			<column name="item_id" valueNumeric="320108" />
			<column name="order_line_id" />
			<column name="notes" value="Bulk Upload" />
			<column name="optlock" valueNumeric="0" />
			<column name="group_id" />
			<column name="provisioning_status" />
			<column name="global" valueBoolean="true" />
		</insert>
		<insert tableName="asset">
			<column name="id" valueNumeric="10329" />
			<column name="identifier" value="8002363149" />
			<column name="create_datetime" valueDate="2014-10-23T00:04:43.585" />
			<column name="status_id" valueNumeric="10501" />
			<column name="entity_id" valueNumeric="1" />
			<column name="deleted" valueNumeric="0" />
			<column name="item_id" valueNumeric="320108" />
			<column name="order_line_id" />
			<column name="notes" value="Bulk Upload" />
			<column name="optlock" valueNumeric="0" />
			<column name="group_id" />
			<column name="provisioning_status" />
			<column name="global" valueBoolean="true" />
		</insert>
		<insert tableName="asset">
			<column name="id" valueNumeric="10330" />
			<column name="identifier" value="8002395657" />
			<column name="create_datetime" valueDate="2014-10-23T00:04:43.603" />
			<column name="status_id" valueNumeric="10501" />
			<column name="entity_id" valueNumeric="1" />
			<column name="deleted" valueNumeric="0" />
			<column name="item_id" valueNumeric="320108" />
			<column name="order_line_id" />
			<column name="notes" value="Bulk Upload" />
			<column name="optlock" valueNumeric="0" />
			<column name="group_id" />
			<column name="provisioning_status" />
			<column name="global" valueBoolean="true" />
		</insert>
		<insert tableName="asset">
			<column name="id" valueNumeric="10331" />
			<column name="identifier" value="8002419607" />
			<column name="create_datetime" valueDate="2014-10-23T00:04:43.708" />
			<column name="status_id" valueNumeric="10501" />
			<column name="entity_id" valueNumeric="1" />
			<column name="deleted" valueNumeric="0" />
			<column name="item_id" valueNumeric="320108" />
			<column name="order_line_id" />
			<column name="notes" value="Bulk Upload" />
			<column name="optlock" valueNumeric="0" />
			<column name="group_id" />
			<column name="provisioning_status" />
			<column name="global" valueBoolean="true" />
		</insert>
		<insert tableName="asset">
			<column name="id" valueNumeric="10332" />
			<column name="identifier" value="8002459165" />
			<column name="create_datetime" valueDate="2014-10-23T00:04:43.759" />
			<column name="status_id" valueNumeric="10501" />
			<column name="entity_id" valueNumeric="1" />
			<column name="deleted" valueNumeric="0" />
			<column name="item_id" valueNumeric="320108" />
			<column name="order_line_id" />
			<column name="notes" value="Bulk Upload" />
			<column name="optlock" valueNumeric="0" />
			<column name="group_id" />
			<column name="provisioning_status" />
			<column name="global" valueBoolean="true" />
		</insert>
		<insert tableName="asset">
			<column name="id" valueNumeric="10333" />
			<column name="identifier" value="8002462133" />
			<column name="create_datetime" valueDate="2014-10-23T00:04:43.769" />
			<column name="status_id" valueNumeric="10501" />
			<column name="entity_id" valueNumeric="1" />
			<column name="deleted" valueNumeric="0" />
			<column name="item_id" valueNumeric="320108" />
			<column name="order_line_id" />
			<column name="notes" value="Bulk Upload" />
			<column name="optlock" valueNumeric="0" />
			<column name="group_id" />
			<column name="provisioning_status" />
			<column name="global" valueBoolean="true" />
		</insert>
		<insert tableName="asset">
			<column name="id" valueNumeric="10334" />
			<column name="identifier" value="8002467072" />
			<column name="create_datetime" valueDate="2014-10-23T00:04:43.779" />
			<column name="status_id" valueNumeric="10501" />
			<column name="entity_id" valueNumeric="1" />
			<column name="deleted" valueNumeric="0" />
			<column name="item_id" valueNumeric="320108" />
			<column name="order_line_id" />
			<column name="notes" value="Bulk Upload" />
			<column name="optlock" valueNumeric="0" />
			<column name="group_id" />
			<column name="provisioning_status" />
			<column name="global" valueBoolean="true" />
		</insert>
		<insert tableName="asset">
			<column name="id" valueNumeric="10335" />
			<column name="identifier" value="8002532916" />
			<column name="create_datetime" valueDate="2014-10-23T00:04:43.793" />
			<column name="status_id" valueNumeric="10501" />
			<column name="entity_id" valueNumeric="1" />
			<column name="deleted" valueNumeric="0" />
			<column name="item_id" valueNumeric="320108" />
			<column name="order_line_id" />
			<column name="notes" value="Bulk Upload" />
			<column name="optlock" valueNumeric="0" />
			<column name="group_id" />
			<column name="provisioning_status" />
			<column name="global" valueBoolean="true" />
		</insert>
		<insert tableName="asset">
			<column name="id" valueNumeric="10336" />
			<column name="identifier" value="8002594836" />
			<column name="create_datetime" valueDate="2014-10-23T00:04:43.888" />
			<column name="status_id" valueNumeric="10501" />
			<column name="entity_id" valueNumeric="1" />
			<column name="deleted" valueNumeric="0" />
			<column name="item_id" valueNumeric="320108" />
			<column name="order_line_id" />
			<column name="notes" value="Bulk Upload" />
			<column name="optlock" valueNumeric="0" />
			<column name="group_id" />
			<column name="provisioning_status" />
			<column name="global" valueBoolean="true" />
		</insert>
		<insert tableName="asset">
			<column name="id" valueNumeric="10337" />
			<column name="identifier" value="8002596167" />
			<column name="create_datetime" valueDate="2014-10-23T00:04:43.906" />
			<column name="status_id" valueNumeric="10501" />
			<column name="entity_id" valueNumeric="1" />
			<column name="deleted" valueNumeric="0" />
			<column name="item_id" valueNumeric="320108" />
			<column name="order_line_id" />
			<column name="notes" value="Bulk Upload" />
			<column name="optlock" valueNumeric="0" />
			<column name="group_id" />
			<column name="provisioning_status" />
			<column name="global" valueBoolean="true" />
		</insert>
		<insert tableName="asset">
			<column name="id" valueNumeric="10338" />
			<column name="identifier" value="8002621588" />
			<column name="create_datetime" valueDate="2014-10-23T00:04:43.917" />
			<column name="status_id" valueNumeric="10501" />
			<column name="entity_id" valueNumeric="1" />
			<column name="deleted" valueNumeric="0" />
			<column name="item_id" valueNumeric="320108" />
			<column name="order_line_id" />
			<column name="notes" value="Bulk Upload" />
			<column name="optlock" valueNumeric="0" />
			<column name="group_id" />
			<column name="provisioning_status" />
			<column name="global" valueBoolean="true" />
		</insert>
		<insert tableName="asset">
			<column name="id" valueNumeric="10339" />
			<column name="identifier" value="8002727281" />
			<column name="create_datetime" valueDate="2014-10-23T00:04:43.934" />
			<column name="status_id" valueNumeric="10501" />
			<column name="entity_id" valueNumeric="1" />
			<column name="deleted" valueNumeric="0" />
			<column name="item_id" valueNumeric="320108" />
			<column name="order_line_id" />
			<column name="notes" value="Bulk Upload" />
			<column name="optlock" valueNumeric="0" />
			<column name="group_id" />
			<column name="provisioning_status" />
			<column name="global" valueBoolean="true" />
		</insert>
		<insert tableName="asset">
			<column name="id" valueNumeric="10340" />
			<column name="identifier" value="8002746148" />
			<column name="create_datetime" valueDate="2014-10-23T00:04:43.943" />
			<column name="status_id" valueNumeric="10501" />
			<column name="entity_id" valueNumeric="1" />
			<column name="deleted" valueNumeric="0" />
			<column name="item_id" valueNumeric="320108" />
			<column name="order_line_id" />
			<column name="notes" value="Bulk Upload" />
			<column name="optlock" valueNumeric="0" />
			<column name="group_id" />
			<column name="provisioning_status" />
			<column name="global" valueBoolean="true" />
		</insert>
		<insert tableName="asset">
			<column name="id" valueNumeric="10341" />
			<column name="identifier" value="8002757341" />
			<column name="create_datetime" valueDate="2014-10-23T00:04:43.951" />
			<column name="status_id" valueNumeric="10501" />
			<column name="entity_id" valueNumeric="1" />
			<column name="deleted" valueNumeric="0" />
			<column name="item_id" valueNumeric="320108" />
			<column name="order_line_id" />
			<column name="notes" value="Bulk Upload" />
			<column name="optlock" valueNumeric="0" />
			<column name="group_id" />
			<column name="provisioning_status" />
			<column name="global" valueBoolean="true" />
		</insert>
		<insert tableName="asset">
			<column name="id" valueNumeric="10342" />
			<column name="identifier" value="8002757532" />
			<column name="create_datetime" valueDate="2014-10-23T00:04:43.960" />
			<column name="status_id" valueNumeric="10501" />
			<column name="entity_id" valueNumeric="1" />
			<column name="deleted" valueNumeric="0" />
			<column name="item_id" valueNumeric="320108" />
			<column name="order_line_id" />
			<column name="notes" value="Bulk Upload" />
			<column name="optlock" valueNumeric="0" />
			<column name="group_id" />
			<column name="provisioning_status" />
			<column name="global" valueBoolean="true" />
		</insert>
		<insert tableName="asset">
			<column name="id" valueNumeric="10343" />
			<column name="identifier" value="8002772465" />
			<column name="create_datetime" valueDate="2014-10-23T00:04:44.118" />
			<column name="status_id" valueNumeric="10501" />
			<column name="entity_id" valueNumeric="1" />
			<column name="deleted" valueNumeric="0" />
			<column name="item_id" valueNumeric="320108" />
			<column name="order_line_id" />
			<column name="notes" value="Bulk Upload" />
			<column name="optlock" valueNumeric="0" />
			<column name="group_id" />
			<column name="provisioning_status" />
			<column name="global" valueBoolean="true" />
		</insert>
		<insert tableName="asset">
			<column name="id" valueNumeric="10344" />
			<column name="identifier" value="8002797525" />
			<column name="create_datetime" valueDate="2014-10-23T00:04:44.127" />
			<column name="status_id" valueNumeric="10501" />
			<column name="entity_id" valueNumeric="1" />
			<column name="deleted" valueNumeric="0" />
			<column name="item_id" valueNumeric="320108" />
			<column name="order_line_id" />
			<column name="notes" value="Bulk Upload" />
			<column name="optlock" valueNumeric="0" />
			<column name="group_id" />
			<column name="provisioning_status" />
			<column name="global" valueBoolean="true" />
		</insert>
		<insert tableName="asset">
			<column name="id" valueNumeric="10345" />
			<column name="identifier" value="8002919622" />
			<column name="create_datetime" valueDate="2014-10-23T00:04:44.420" />
			<column name="status_id" valueNumeric="10501" />
			<column name="entity_id" valueNumeric="1" />
			<column name="deleted" valueNumeric="0" />
			<column name="item_id" valueNumeric="320108" />
			<column name="order_line_id" />
			<column name="notes" value="Bulk Upload" />
			<column name="optlock" valueNumeric="0" />
			<column name="group_id" />
			<column name="provisioning_status" />
			<column name="global" valueBoolean="true" />
		</insert>
		<insert tableName="asset">
			<column name="id" valueNumeric="10346" />
			<column name="identifier" value="8002960758" />
			<column name="create_datetime" valueDate="2014-10-23T00:04:44.427" />
			<column name="status_id" valueNumeric="10501" />
			<column name="entity_id" valueNumeric="1" />
			<column name="deleted" valueNumeric="0" />
			<column name="item_id" valueNumeric="320108" />
			<column name="order_line_id" />
			<column name="notes" value="Bulk Upload" />
			<column name="optlock" valueNumeric="0" />
			<column name="group_id" />
			<column name="provisioning_status" />
			<column name="global" valueBoolean="true" />
		</insert>
		<insert tableName="asset">
			<column name="id" valueNumeric="10347" />
			<column name="identifier" value="8003014501" />
			<column name="create_datetime" valueDate="2014-10-23T00:04:44.434" />
			<column name="status_id" valueNumeric="10501" />
			<column name="entity_id" valueNumeric="1" />
			<column name="deleted" valueNumeric="0" />
			<column name="item_id" valueNumeric="320108" />
			<column name="order_line_id" />
			<column name="notes" value="Bulk Upload" />
			<column name="optlock" valueNumeric="0" />
			<column name="group_id" />
			<column name="provisioning_status" />
			<column name="global" valueBoolean="true" />
		</insert>
		<insert tableName="asset">
			<column name="id" valueNumeric="10348" />
			<column name="identifier" value="8003046875" />
			<column name="create_datetime" valueDate="2014-10-23T00:04:44.440" />
			<column name="status_id" valueNumeric="10501" />
			<column name="entity_id" valueNumeric="1" />
			<column name="deleted" valueNumeric="0" />
			<column name="item_id" valueNumeric="320108" />
			<column name="order_line_id" />
			<column name="notes" value="Bulk Upload" />
			<column name="optlock" valueNumeric="0" />
			<column name="group_id" />
			<column name="provisioning_status" />
			<column name="global" valueBoolean="true" />
		</insert>
		<insert tableName="asset">
			<column name="id" valueNumeric="10349" />
			<column name="identifier" value="8003061366" />
			<column name="create_datetime" valueDate="2014-10-23T00:04:44.489" />
			<column name="status_id" valueNumeric="10501" />
			<column name="entity_id" valueNumeric="1" />
			<column name="deleted" valueNumeric="0" />
			<column name="item_id" valueNumeric="320108" />
			<column name="order_line_id" />
			<column name="notes" value="Bulk Upload" />
			<column name="optlock" valueNumeric="0" />
			<column name="group_id" />
			<column name="provisioning_status" />
			<column name="global" valueBoolean="true" />
		</insert>
		<insert tableName="asset">
			<column name="id" valueNumeric="10321" />
			<column name="identifier" value="8889957425" />
			<column name="create_datetime" valueDate="2014-10-22T23:19:40.928" />
			<column name="status_id" valueNumeric="10501" />
			<column name="entity_id" valueNumeric="1" />
			<column name="deleted" valueNumeric="0" />
			<column name="item_id" valueNumeric="320104" />
			<column name="order_line_id" />
			<column name="notes" value="Bulk Upload" />
			<column name="optlock" valueNumeric="1" />
			<column name="group_id" />
			<column name="provisioning_status" />
			<column name="global" valueBoolean="true" />
		</insert>
		<insert tableName="asset">
			<column name="id" valueNumeric="10320" />
			<column name="identifier" value="8889668661" />
			<column name="create_datetime" valueDate="2014-10-22T23:19:40.898" />
			<column name="status_id" valueNumeric="10501" />
			<column name="entity_id" valueNumeric="1" />
			<column name="deleted" valueNumeric="0" />
			<column name="item_id" valueNumeric="320104" />
			<column name="order_line_id" />
			<column name="notes" value="Bulk Upload" />
			<column name="optlock" valueNumeric="1" />
			<column name="group_id" />
			<column name="provisioning_status" />
			<column name="global" valueBoolean="true" />
		</insert>
		<insert tableName="asset">
			<column name="id" valueNumeric="10319" />
			<column name="identifier" value="8889274353" />
			<column name="create_datetime" valueDate="2014-10-22T23:19:40.889" />
			<column name="status_id" valueNumeric="10501" />
			<column name="entity_id" valueNumeric="1" />
			<column name="deleted" valueNumeric="0" />
			<column name="item_id" valueNumeric="320104" />
			<column name="order_line_id" />
			<column name="notes" value="Bulk Upload" />
			<column name="optlock" valueNumeric="1" />
			<column name="group_id" />
			<column name="provisioning_status" />
			<column name="global" valueBoolean="true" />
		</insert>
		<insert tableName="asset">
			<column name="id" valueNumeric="10318" />
			<column name="identifier" value="8889252628" />
			<column name="create_datetime" valueDate="2014-10-22T23:19:40.872" />
			<column name="status_id" valueNumeric="10501" />
			<column name="entity_id" valueNumeric="1" />
			<column name="deleted" valueNumeric="0" />
			<column name="item_id" valueNumeric="320104" />
			<column name="order_line_id" />
			<column name="notes" value="Bulk Upload" />
			<column name="optlock" valueNumeric="1" />
			<column name="group_id" />
			<column name="provisioning_status" />
			<column name="global" valueBoolean="true" />
		</insert>
		<insert tableName="asset">
			<column name="id" valueNumeric="10317" />
			<column name="identifier" value="8888991646" />
			<column name="create_datetime" valueDate="2014-10-22T23:19:40.866" />
			<column name="status_id" valueNumeric="10501" />
			<column name="entity_id" valueNumeric="1" />
			<column name="deleted" valueNumeric="0" />
			<column name="item_id" valueNumeric="320104" />
			<column name="order_line_id" />
			<column name="notes" value="Bulk Upload" />
			<column name="optlock" valueNumeric="1" />
			<column name="group_id" />
			<column name="provisioning_status" />
			<column name="global" valueBoolean="true" />
		</insert>
		<insert tableName="asset">
			<column name="id" valueNumeric="10316" />
			<column name="identifier" value="8888980699" />
			<column name="create_datetime" valueDate="2014-10-22T23:19:40.667" />
			<column name="status_id" valueNumeric="10501" />
			<column name="entity_id" valueNumeric="1" />
			<column name="deleted" valueNumeric="0" />
			<column name="item_id" valueNumeric="320104" />
			<column name="order_line_id" />
			<column name="notes" value="Bulk Upload" />
			<column name="optlock" valueNumeric="1" />
			<column name="group_id" />
			<column name="provisioning_status" />
			<column name="global" valueBoolean="true" />
		</insert>
		<insert tableName="asset">
			<column name="id" valueNumeric="10314" />
			<column name="identifier" value="8888765273" />
			<column name="create_datetime" valueDate="2014-10-22T23:19:40.642" />
			<column name="status_id" valueNumeric="10501" />
			<column name="entity_id" valueNumeric="1" />
			<column name="deleted" valueNumeric="0" />
			<column name="item_id" valueNumeric="320104" />
			<column name="order_line_id" />
			<column name="notes" value="Bulk Upload" />
			<column name="optlock" valueNumeric="1" />
			<column name="group_id" />
			<column name="provisioning_status" />
			<column name="global" valueBoolean="true" />
		</insert>
		<insert tableName="asset">
			<column name="id" valueNumeric="10313" />
			<column name="identifier" value="8888415551" />
			<column name="create_datetime" valueDate="2014-10-22T23:19:40.615" />
			<column name="status_id" valueNumeric="10501" />
			<column name="entity_id" valueNumeric="1" />
			<column name="deleted" valueNumeric="0" />
			<column name="item_id" valueNumeric="320104" />
			<column name="order_line_id" />
			<column name="notes" value="Bulk Upload" />
			<column name="optlock" valueNumeric="1" />
			<column name="group_id" />
			<column name="provisioning_status" />
			<column name="global" valueBoolean="true" />
		</insert>
		<insert tableName="asset">
			<column name="id" valueNumeric="10350" />
			<column name="identifier" value="8003102878" />
			<column name="create_datetime" valueDate="2014-10-23T00:04:44.549" />
			<column name="status_id" valueNumeric="10501" />
			<column name="entity_id" valueNumeric="1" />
			<column name="deleted" valueNumeric="0" />
			<column name="item_id" valueNumeric="320108" />
			<column name="order_line_id" />
			<column name="notes" value="Bulk Upload" />
			<column name="optlock" valueNumeric="0" />
			<column name="group_id" />
			<column name="provisioning_status" />
			<column name="global" valueBoolean="true" />
		</insert>
		<insert tableName="asset">
			<column name="id" valueNumeric="10351" />
			<column name="identifier" value="8003111208" />
			<column name="create_datetime" valueDate="2014-10-23T00:04:44.565" />
			<column name="status_id" valueNumeric="10501" />
			<column name="entity_id" valueNumeric="1" />
			<column name="deleted" valueNumeric="0" />
			<column name="item_id" valueNumeric="320108" />
			<column name="order_line_id" />
			<column name="notes" value="Bulk Upload" />
			<column name="optlock" valueNumeric="0" />
			<column name="group_id" />
			<column name="provisioning_status" />
			<column name="global" valueBoolean="true" />
		</insert>
		<insert tableName="asset">
			<column name="id" valueNumeric="10352" />
			<column name="identifier" value="8003112248" />
			<column name="create_datetime" valueDate="2014-10-23T00:04:44.577" />
			<column name="status_id" valueNumeric="10501" />
			<column name="entity_id" valueNumeric="1" />
			<column name="deleted" valueNumeric="0" />
			<column name="item_id" valueNumeric="320108" />
			<column name="order_line_id" />
			<column name="notes" value="Bulk Upload" />
			<column name="optlock" valueNumeric="0" />
			<column name="group_id" />
			<column name="provisioning_status" />
			<column name="global" valueBoolean="true" />
		</insert>
		<insert tableName="asset">
			<column name="id" valueNumeric="10353" />
			<column name="identifier" value="8003130611" />
			<column name="create_datetime" valueDate="2014-10-23T00:04:44.585" />
			<column name="status_id" valueNumeric="10501" />
			<column name="entity_id" valueNumeric="1" />
			<column name="deleted" valueNumeric="0" />
			<column name="item_id" valueNumeric="320108" />
			<column name="order_line_id" />
			<column name="notes" value="Bulk Upload" />
			<column name="optlock" valueNumeric="0" />
			<column name="group_id" />
			<column name="provisioning_status" />
			<column name="global" valueBoolean="true" />
		</insert>
		<insert tableName="asset">
			<column name="id" valueNumeric="10354" />
			<column name="identifier" value="8003186596" />
			<column name="create_datetime" valueDate="2014-10-23T00:04:44.797" />
			<column name="status_id" valueNumeric="10501" />
			<column name="entity_id" valueNumeric="1" />
			<column name="deleted" valueNumeric="0" />
			<column name="item_id" valueNumeric="320108" />
			<column name="order_line_id" />
			<column name="notes" value="Bulk Upload" />
			<column name="optlock" valueNumeric="0" />
			<column name="group_id" />
			<column name="provisioning_status" />
			<column name="global" valueBoolean="true" />
		</insert>
		<insert tableName="asset">
			<column name="id" valueNumeric="10355" />
			<column name="identifier" value="8003248591" />
			<column name="create_datetime" valueDate="2014-10-23T00:04:44.979" />
			<column name="status_id" valueNumeric="10501" />
			<column name="entity_id" valueNumeric="1" />
			<column name="deleted" valueNumeric="0" />
			<column name="item_id" valueNumeric="320108" />
			<column name="order_line_id" />
			<column name="notes" value="Bulk Upload" />
			<column name="optlock" valueNumeric="0" />
			<column name="group_id" />
			<column name="provisioning_status" />
			<column name="global" valueBoolean="true" />
		</insert>
		<insert tableName="asset">
			<column name="id" valueNumeric="10356" />
			<column name="identifier" value="8003260990" />
			<column name="create_datetime" valueDate="2014-10-23T00:04:44.997" />
			<column name="status_id" valueNumeric="10501" />
			<column name="entity_id" valueNumeric="1" />
			<column name="deleted" valueNumeric="0" />
			<column name="item_id" valueNumeric="320108" />
			<column name="order_line_id" />
			<column name="notes" value="Bulk Upload" />
			<column name="optlock" valueNumeric="0" />
			<column name="group_id" />
			<column name="provisioning_status" />
			<column name="global" valueBoolean="true" />
		</insert>
		<insert tableName="asset">
			<column name="id" valueNumeric="10357" />
			<column name="identifier" value="8003314048" />
			<column name="create_datetime" valueDate="2014-10-23T00:04:45.13" />
			<column name="status_id" valueNumeric="10501" />
			<column name="entity_id" valueNumeric="1" />
			<column name="deleted" valueNumeric="0" />
			<column name="item_id" valueNumeric="320108" />
			<column name="order_line_id" />
			<column name="notes" value="Bulk Upload" />
			<column name="optlock" valueNumeric="0" />
			<column name="group_id" />
			<column name="provisioning_status" />
			<column name="global" valueBoolean="true" />
		</insert>
		<insert tableName="asset">
			<column name="id" valueNumeric="10358" />
			<column name="identifier" value="8003317984" />
			<column name="create_datetime" valueDate="2014-10-23T00:04:45.64" />
			<column name="status_id" valueNumeric="10501" />
			<column name="entity_id" valueNumeric="1" />
			<column name="deleted" valueNumeric="0" />
			<column name="item_id" valueNumeric="320108" />
			<column name="order_line_id" />
			<column name="notes" value="Bulk Upload" />
			<column name="optlock" valueNumeric="0" />
			<column name="group_id" />
			<column name="provisioning_status" />
			<column name="global" valueBoolean="true" />
		</insert>
		<insert tableName="asset">
			<column name="id" valueNumeric="10359" />
			<column name="identifier" value="8003414950" />
			<column name="create_datetime" valueDate="2014-10-23T00:04:45.82" />
			<column name="status_id" valueNumeric="10501" />
			<column name="entity_id" valueNumeric="1" />
			<column name="deleted" valueNumeric="0" />
			<column name="item_id" valueNumeric="320108" />
			<column name="order_line_id" />
			<column name="notes" value="Bulk Upload" />
			<column name="optlock" valueNumeric="0" />
			<column name="group_id" />
			<column name="provisioning_status" />
			<column name="global" valueBoolean="true" />
		</insert>
		<insert tableName="asset">
			<column name="id" valueNumeric="10360" />
			<column name="identifier" value="8003441441" />
			<column name="create_datetime" valueDate="2014-10-23T00:04:45.88" />
			<column name="status_id" valueNumeric="10501" />
			<column name="entity_id" valueNumeric="1" />
			<column name="deleted" valueNumeric="0" />
			<column name="item_id" valueNumeric="320108" />
			<column name="order_line_id" />
			<column name="notes" value="Bulk Upload" />
			<column name="optlock" valueNumeric="0" />
			<column name="group_id" />
			<column name="provisioning_status" />
			<column name="global" valueBoolean="true" />
		</insert>
		<insert tableName="asset">
			<column name="id" valueNumeric="10361" />
			<column name="identifier" value="8003445169" />
			<column name="create_datetime" valueDate="2014-10-23T00:04:45.94" />
			<column name="status_id" valueNumeric="10501" />
			<column name="entity_id" valueNumeric="1" />
			<column name="deleted" valueNumeric="0" />
			<column name="item_id" valueNumeric="320108" />
			<column name="order_line_id" />
			<column name="notes" value="Bulk Upload" />
			<column name="optlock" valueNumeric="0" />
			<column name="group_id" />
			<column name="provisioning_status" />
			<column name="global" valueBoolean="true" />
		</insert>
		<insert tableName="asset">
			<column name="id" valueNumeric="10362" />
			<column name="identifier" value="8003451370" />
			<column name="create_datetime" valueDate="2014-10-23T00:04:45.106" />
			<column name="status_id" valueNumeric="10501" />
			<column name="entity_id" valueNumeric="1" />
			<column name="deleted" valueNumeric="0" />
			<column name="item_id" valueNumeric="320108" />
			<column name="order_line_id" />
			<column name="notes" value="Bulk Upload" />
			<column name="optlock" valueNumeric="0" />
			<column name="group_id" />
			<column name="provisioning_status" />
			<column name="global" valueBoolean="true" />
		</insert>
		<insert tableName="asset">
			<column name="id" valueNumeric="10363" />
			<column name="identifier" value="8003464138" />
			<column name="create_datetime" valueDate="2014-10-23T00:04:45.168" />
			<column name="status_id" valueNumeric="10501" />
			<column name="entity_id" valueNumeric="1" />
			<column name="deleted" valueNumeric="0" />
			<column name="item_id" valueNumeric="320108" />
			<column name="order_line_id" />
			<column name="notes" value="Bulk Upload" />
			<column name="optlock" valueNumeric="0" />
			<column name="group_id" />
			<column name="provisioning_status" />
			<column name="global" valueBoolean="true" />
		</insert>
		<insert tableName="asset">
			<column name="id" valueNumeric="10364" />
			<column name="identifier" value="8003479963" />
			<column name="create_datetime" valueDate="2014-10-23T00:04:45.177" />
			<column name="status_id" valueNumeric="10501" />
			<column name="entity_id" valueNumeric="1" />
			<column name="deleted" valueNumeric="0" />
			<column name="item_id" valueNumeric="320108" />
			<column name="order_line_id" />
			<column name="notes" value="Bulk Upload" />
			<column name="optlock" valueNumeric="0" />
			<column name="group_id" />
			<column name="provisioning_status" />
			<column name="global" valueBoolean="true" />
		</insert>
		<insert tableName="asset">
			<column name="id" valueNumeric="10365" />
			<column name="identifier" value="8003480614" />
			<column name="create_datetime" valueDate="2014-10-23T00:04:45.190" />
			<column name="status_id" valueNumeric="10501" />
			<column name="entity_id" valueNumeric="1" />
			<column name="deleted" valueNumeric="0" />
			<column name="item_id" valueNumeric="320108" />
			<column name="order_line_id" />
			<column name="notes" value="Bulk Upload" />
			<column name="optlock" valueNumeric="0" />
			<column name="group_id" />
			<column name="provisioning_status" />
			<column name="global" valueBoolean="true" />
		</insert>
		<insert tableName="asset">
			<column name="id" valueNumeric="10366" />
			<column name="identifier" value="8003488793" />
			<column name="create_datetime" valueDate="2014-10-23T00:04:45.196" />
			<column name="status_id" valueNumeric="10501" />
			<column name="entity_id" valueNumeric="1" />
			<column name="deleted" valueNumeric="0" />
			<column name="item_id" valueNumeric="320108" />
			<column name="order_line_id" />
			<column name="notes" value="Bulk Upload" />
			<column name="optlock" valueNumeric="0" />
			<column name="group_id" />
			<column name="provisioning_status" />
			<column name="global" valueBoolean="true" />
		</insert>
		<insert tableName="asset">
			<column name="id" valueNumeric="10367" />
			<column name="identifier" value="8003489512" />
			<column name="create_datetime" valueDate="2014-10-23T00:04:45.207" />
			<column name="status_id" valueNumeric="10501" />
			<column name="entity_id" valueNumeric="1" />
			<column name="deleted" valueNumeric="0" />
			<column name="item_id" valueNumeric="320108" />
			<column name="order_line_id" />
			<column name="notes" value="Bulk Upload" />
			<column name="optlock" valueNumeric="0" />
			<column name="group_id" />
			<column name="provisioning_status" />
			<column name="global" valueBoolean="true" />
		</insert>
		<insert tableName="asset">
			<column name="id" valueNumeric="10368" />
			<column name="identifier" value="8003501489" />
			<column name="create_datetime" valueDate="2014-10-23T00:04:45.269" />
			<column name="status_id" valueNumeric="10501" />
			<column name="entity_id" valueNumeric="1" />
			<column name="deleted" valueNumeric="0" />
			<column name="item_id" valueNumeric="320108" />
			<column name="order_line_id" />
			<column name="notes" value="Bulk Upload" />
			<column name="optlock" valueNumeric="0" />
			<column name="group_id" />
			<column name="provisioning_status" />
			<column name="global" valueBoolean="true" />
		</insert>
		<insert tableName="asset">
			<column name="id" valueNumeric="10369" />
			<column name="identifier" value="8003516200" />
			<column name="create_datetime" valueDate="2014-10-23T00:04:45.277" />
			<column name="status_id" valueNumeric="10501" />
			<column name="entity_id" valueNumeric="1" />
			<column name="deleted" valueNumeric="0" />
			<column name="item_id" valueNumeric="320108" />
			<column name="order_line_id" />
			<column name="notes" value="Bulk Upload" />
			<column name="optlock" valueNumeric="0" />
			<column name="group_id" />
			<column name="provisioning_status" />
			<column name="global" valueBoolean="true" />
		</insert>
		<insert tableName="asset">
			<column name="id" valueNumeric="10370" />
			<column name="identifier" value="8003576773" />
			<column name="create_datetime" valueDate="2014-10-23T00:04:45.283" />
			<column name="status_id" valueNumeric="10501" />
			<column name="entity_id" valueNumeric="1" />
			<column name="deleted" valueNumeric="0" />
			<column name="item_id" valueNumeric="320108" />
			<column name="order_line_id" />
			<column name="notes" value="Bulk Upload" />
			<column name="optlock" valueNumeric="0" />
			<column name="group_id" />
			<column name="provisioning_status" />
			<column name="global" valueBoolean="true" />
		</insert>
		<insert tableName="asset">
			<column name="id" valueNumeric="10371" />
			<column name="identifier" value="8003611435" />
			<column name="create_datetime" valueDate="2014-10-23T00:04:45.295" />
			<column name="status_id" valueNumeric="10501" />
			<column name="entity_id" valueNumeric="1" />
			<column name="deleted" valueNumeric="0" />
			<column name="item_id" valueNumeric="320108" />
			<column name="order_line_id" />
			<column name="notes" value="Bulk Upload" />
			<column name="optlock" valueNumeric="0" />
			<column name="group_id" />
			<column name="provisioning_status" />
			<column name="global" valueBoolean="true" />
		</insert>
		<insert tableName="asset">
			<column name="id" valueNumeric="10372" />
			<column name="identifier" value="8003655006" />
			<column name="create_datetime" valueDate="2014-10-23T00:04:45.303" />
			<column name="status_id" valueNumeric="10501" />
			<column name="entity_id" valueNumeric="1" />
			<column name="deleted" valueNumeric="0" />
			<column name="item_id" valueNumeric="320108" />
			<column name="order_line_id" />
			<column name="notes" value="Bulk Upload" />
			<column name="optlock" valueNumeric="0" />
			<column name="group_id" />
			<column name="provisioning_status" />
			<column name="global" valueBoolean="true" />
		</insert>
		<insert tableName="asset">
			<column name="id" valueNumeric="10373" />
			<column name="identifier" value="8003712028" />
			<column name="create_datetime" valueDate="2014-10-23T00:04:45.309" />
			<column name="status_id" valueNumeric="10501" />
			<column name="entity_id" valueNumeric="1" />
			<column name="deleted" valueNumeric="0" />
			<column name="item_id" valueNumeric="320108" />
			<column name="order_line_id" />
			<column name="notes" value="Bulk Upload" />
			<column name="optlock" valueNumeric="0" />
			<column name="group_id" />
			<column name="provisioning_status" />
			<column name="global" valueBoolean="true" />
		</insert>
		<insert tableName="asset">
			<column name="id" valueNumeric="10374" />
			<column name="identifier" value="8003914502" />
			<column name="create_datetime" valueDate="2014-10-23T00:04:45.316" />
			<column name="status_id" valueNumeric="10501" />
			<column name="entity_id" valueNumeric="1" />
			<column name="deleted" valueNumeric="0" />
			<column name="item_id" valueNumeric="320108" />
			<column name="order_line_id" />
			<column name="notes" value="Bulk Upload" />
			<column name="optlock" valueNumeric="0" />
			<column name="group_id" />
			<column name="provisioning_status" />
			<column name="global" valueBoolean="true" />
		</insert>
		<insert tableName="asset">
			<column name="id" valueNumeric="10375" />
			<column name="identifier" value="8003926948" />
			<column name="create_datetime" valueDate="2014-10-23T00:04:45.342" />
			<column name="status_id" valueNumeric="10501" />
			<column name="entity_id" valueNumeric="1" />
			<column name="deleted" valueNumeric="0" />
			<column name="item_id" valueNumeric="320108" />
			<column name="order_line_id" />
			<column name="notes" value="Bulk Upload" />
			<column name="optlock" valueNumeric="0" />
			<column name="group_id" />
			<column name="provisioning_status" />
			<column name="global" valueBoolean="true" />
		</insert>
		<insert tableName="asset">
			<column name="id" valueNumeric="10376" />
			<column name="identifier" value="8004203798" />
			<column name="create_datetime" valueDate="2014-10-23T00:04:45.359" />
			<column name="status_id" valueNumeric="10501" />
			<column name="entity_id" valueNumeric="1" />
			<column name="deleted" valueNumeric="0" />
			<column name="item_id" valueNumeric="320108" />
			<column name="order_line_id" />
			<column name="notes" value="Bulk Upload" />
			<column name="optlock" valueNumeric="0" />
			<column name="group_id" />
			<column name="provisioning_status" />
			<column name="global" valueBoolean="true" />
		</insert>
		<insert tableName="asset">
			<column name="id" valueNumeric="10377" />
			<column name="identifier" value="8004214727" />
			<column name="create_datetime" valueDate="2014-10-23T00:04:45.368" />
			<column name="status_id" valueNumeric="10501" />
			<column name="entity_id" valueNumeric="1" />
			<column name="deleted" valueNumeric="0" />
			<column name="item_id" valueNumeric="320108" />
			<column name="order_line_id" />
			<column name="notes" value="Bulk Upload" />
			<column name="optlock" valueNumeric="0" />
			<column name="group_id" />
			<column name="provisioning_status" />
			<column name="global" valueBoolean="true" />
		</insert>
		<insert tableName="asset">
			<column name="id" valueNumeric="10378" />
			<column name="identifier" value="8004236347" />
			<column name="create_datetime" valueDate="2014-10-23T00:04:45.389" />
			<column name="status_id" valueNumeric="10501" />
			<column name="entity_id" valueNumeric="1" />
			<column name="deleted" valueNumeric="0" />
			<column name="item_id" valueNumeric="320108" />
			<column name="order_line_id" />
			<column name="notes" value="Bulk Upload" />
			<column name="optlock" valueNumeric="0" />
			<column name="group_id" />
			<column name="provisioning_status" />
			<column name="global" valueBoolean="true" />
		</insert>
		<insert tableName="asset">
			<column name="id" valueNumeric="10379" />
			<column name="identifier" value="8004266852" />
			<column name="create_datetime" valueDate="2014-10-23T00:04:45.395" />
			<column name="status_id" valueNumeric="10501" />
			<column name="entity_id" valueNumeric="1" />
			<column name="deleted" valueNumeric="0" />
			<column name="item_id" valueNumeric="320108" />
			<column name="order_line_id" />
			<column name="notes" value="Bulk Upload" />
			<column name="optlock" valueNumeric="0" />
			<column name="group_id" />
			<column name="provisioning_status" />
			<column name="global" valueBoolean="true" />
		</insert>
		<insert tableName="asset">
			<column name="id" valueNumeric="10380" />
			<column name="identifier" value="8004391936" />
			<column name="create_datetime" valueDate="2014-10-23T00:04:45.420" />
			<column name="status_id" valueNumeric="10501" />
			<column name="entity_id" valueNumeric="1" />
			<column name="deleted" valueNumeric="0" />
			<column name="item_id" valueNumeric="320108" />
			<column name="order_line_id" />
			<column name="notes" value="Bulk Upload" />
			<column name="optlock" valueNumeric="0" />
			<column name="group_id" />
			<column name="provisioning_status" />
			<column name="global" valueBoolean="true" />
		</insert>
		<insert tableName="asset">
			<column name="id" valueNumeric="10381" />
			<column name="identifier" value="8004405609" />
			<column name="create_datetime" valueDate="2014-10-23T00:04:45.482" />
			<column name="status_id" valueNumeric="10501" />
			<column name="entity_id" valueNumeric="1" />
			<column name="deleted" valueNumeric="0" />
			<column name="item_id" valueNumeric="320108" />
			<column name="order_line_id" />
			<column name="notes" value="Bulk Upload" />
			<column name="optlock" valueNumeric="0" />
			<column name="group_id" />
			<column name="provisioning_status" />
			<column name="global" valueBoolean="true" />
		</insert>
		<insert tableName="asset">
			<column name="id" valueNumeric="10382" />
			<column name="identifier" value="8004412185" />
			<column name="create_datetime" valueDate="2014-10-23T00:04:45.488" />
			<column name="status_id" valueNumeric="10501" />
			<column name="entity_id" valueNumeric="1" />
			<column name="deleted" valueNumeric="0" />
			<column name="item_id" valueNumeric="320108" />
			<column name="order_line_id" />
			<column name="notes" value="Bulk Upload" />
			<column name="optlock" valueNumeric="0" />
			<column name="group_id" />
			<column name="provisioning_status" />
			<column name="global" valueBoolean="true" />
		</insert>
		<insert tableName="asset">
			<column name="id" valueNumeric="10383" />
			<column name="identifier" value="8004518649" />
			<column name="create_datetime" valueDate="2014-10-23T00:04:45.495" />
			<column name="status_id" valueNumeric="10501" />
			<column name="entity_id" valueNumeric="1" />
			<column name="deleted" valueNumeric="0" />
			<column name="item_id" valueNumeric="320108" />
			<column name="order_line_id" />
			<column name="notes" value="Bulk Upload" />
			<column name="optlock" valueNumeric="0" />
			<column name="group_id" />
			<column name="provisioning_status" />
			<column name="global" valueBoolean="true" />
		</insert>
		<insert tableName="asset">
			<column name="id" valueNumeric="10384" />
			<column name="identifier" value="8004611584" />
			<column name="create_datetime" valueDate="2014-10-23T00:04:45.502" />
			<column name="status_id" valueNumeric="10501" />
			<column name="entity_id" valueNumeric="1" />
			<column name="deleted" valueNumeric="0" />
			<column name="item_id" valueNumeric="320108" />
			<column name="order_line_id" />
			<column name="notes" value="Bulk Upload" />
			<column name="optlock" valueNumeric="0" />
			<column name="group_id" />
			<column name="provisioning_status" />
			<column name="global" valueBoolean="true" />
		</insert>
		<insert tableName="asset">
			<column name="id" valueNumeric="10385" />
			<column name="identifier" value="8004614305" />
			<column name="create_datetime" valueDate="2014-10-23T00:04:45.508" />
			<column name="status_id" valueNumeric="10501" />
			<column name="entity_id" valueNumeric="1" />
			<column name="deleted" valueNumeric="0" />
			<column name="item_id" valueNumeric="320108" />
			<column name="order_line_id" />
			<column name="notes" value="Bulk Upload" />
			<column name="optlock" valueNumeric="0" />
			<column name="group_id" />
			<column name="provisioning_status" />
			<column name="global" valueBoolean="true" />
		</insert>
		<insert tableName="asset">
			<column name="id" valueNumeric="10386" />
			<column name="identifier" value="8004615056" />
			<column name="create_datetime" valueDate="2014-10-23T00:04:45.636" />
			<column name="status_id" valueNumeric="10501" />
			<column name="entity_id" valueNumeric="1" />
			<column name="deleted" valueNumeric="0" />
			<column name="item_id" valueNumeric="320108" />
			<column name="order_line_id" />
			<column name="notes" value="Bulk Upload" />
			<column name="optlock" valueNumeric="0" />
			<column name="group_id" />
			<column name="provisioning_status" />
			<column name="global" valueBoolean="true" />
		</insert>
		<insert tableName="asset">
			<column name="id" valueNumeric="10387" />
			<column name="identifier" value="8004615509" />
			<column name="create_datetime" valueDate="2014-10-23T00:04:45.659" />
			<column name="status_id" valueNumeric="10501" />
			<column name="entity_id" valueNumeric="1" />
			<column name="deleted" valueNumeric="0" />
			<column name="item_id" valueNumeric="320108" />
			<column name="order_line_id" />
			<column name="notes" value="Bulk Upload" />
			<column name="optlock" valueNumeric="0" />
			<column name="group_id" />
			<column name="provisioning_status" />
			<column name="global" valueBoolean="true" />
		</insert>
		<insert tableName="asset">
			<column name="id" valueNumeric="10388" />
			<column name="identifier" value="8004618520" />
			<column name="create_datetime" valueDate="2014-10-23T00:04:45.728" />
			<column name="status_id" valueNumeric="10501" />
			<column name="entity_id" valueNumeric="1" />
			<column name="deleted" valueNumeric="0" />
			<column name="item_id" valueNumeric="320108" />
			<column name="order_line_id" />
			<column name="notes" value="Bulk Upload" />
			<column name="optlock" valueNumeric="0" />
			<column name="group_id" />
			<column name="provisioning_status" />
			<column name="global" valueBoolean="true" />
		</insert>
		<insert tableName="asset">
			<column name="id" valueNumeric="10389" />
			<column name="identifier" value="8004618535" />
			<column name="create_datetime" valueDate="2014-10-23T00:04:45.789" />
			<column name="status_id" valueNumeric="10501" />
			<column name="entity_id" valueNumeric="1" />
			<column name="deleted" valueNumeric="0" />
			<column name="item_id" valueNumeric="320108" />
			<column name="order_line_id" />
			<column name="notes" value="Bulk Upload" />
			<column name="optlock" valueNumeric="0" />
			<column name="group_id" />
			<column name="provisioning_status" />
			<column name="global" valueBoolean="true" />
		</insert>
		<insert tableName="asset">
			<column name="id" valueNumeric="10390" />
			<column name="identifier" value="8004618548" />
			<column name="create_datetime" valueDate="2014-10-23T00:04:45.827" />
			<column name="status_id" valueNumeric="10501" />
			<column name="entity_id" valueNumeric="1" />
			<column name="deleted" valueNumeric="0" />
			<column name="item_id" valueNumeric="320108" />
			<column name="order_line_id" />
			<column name="notes" value="Bulk Upload" />
			<column name="optlock" valueNumeric="0" />
			<column name="group_id" />
			<column name="provisioning_status" />
			<column name="global" valueBoolean="true" />
		</insert>
		<insert tableName="asset">
			<column name="id" valueNumeric="10391" />
			<column name="identifier" value="8004626628" />
			<column name="create_datetime" valueDate="2014-10-23T00:04:45.847" />
			<column name="status_id" valueNumeric="10501" />
			<column name="entity_id" valueNumeric="1" />
			<column name="deleted" valueNumeric="0" />
			<column name="item_id" valueNumeric="320108" />
			<column name="order_line_id" />
			<column name="notes" value="Bulk Upload" />
			<column name="optlock" valueNumeric="0" />
			<column name="group_id" />
			<column name="provisioning_status" />
			<column name="global" valueBoolean="true" />
		</insert>
		<insert tableName="asset">
			<column name="id" valueNumeric="10392" />
			<column name="identifier" value="8004684216" />
			<column name="create_datetime" valueDate="2014-10-23T00:04:45.853" />
			<column name="status_id" valueNumeric="10501" />
			<column name="entity_id" valueNumeric="1" />
			<column name="deleted" valueNumeric="0" />
			<column name="item_id" valueNumeric="320108" />
			<column name="order_line_id" />
			<column name="notes" value="Bulk Upload" />
			<column name="optlock" valueNumeric="0" />
			<column name="group_id" />
			<column name="provisioning_status" />
			<column name="global" valueBoolean="true" />
		</insert>
		<insert tableName="asset">
			<column name="id" valueNumeric="10393" />
			<column name="identifier" value="8004701946" />
			<column name="create_datetime" valueDate="2014-10-23T00:04:45.860" />
			<column name="status_id" valueNumeric="10501" />
			<column name="entity_id" valueNumeric="1" />
			<column name="deleted" valueNumeric="0" />
			<column name="item_id" valueNumeric="320108" />
			<column name="order_line_id" />
			<column name="notes" value="Bulk Upload" />
			<column name="optlock" valueNumeric="0" />
			<column name="group_id" />
			<column name="provisioning_status" />
			<column name="global" valueBoolean="true" />
		</insert>
		<insert tableName="asset">
			<column name="id" valueNumeric="10394" />
			<column name="identifier" value="8004731922" />
			<column name="create_datetime" valueDate="2014-10-23T00:04:45.870" />
			<column name="status_id" valueNumeric="10501" />
			<column name="entity_id" valueNumeric="1" />
			<column name="deleted" valueNumeric="0" />
			<column name="item_id" valueNumeric="320108" />
			<column name="order_line_id" />
			<column name="notes" value="Bulk Upload" />
			<column name="optlock" valueNumeric="0" />
			<column name="group_id" />
			<column name="provisioning_status" />
			<column name="global" valueBoolean="true" />
		</insert>
		<insert tableName="asset">
			<column name="id" valueNumeric="10395" />
			<column name="identifier" value="8004787021" />
			<column name="create_datetime" valueDate="2014-10-23T00:04:45.877" />
			<column name="status_id" valueNumeric="10501" />
			<column name="entity_id" valueNumeric="1" />
			<column name="deleted" valueNumeric="0" />
			<column name="item_id" valueNumeric="320108" />
			<column name="order_line_id" />
			<column name="notes" value="Bulk Upload" />
			<column name="optlock" valueNumeric="0" />
			<column name="group_id" />
			<column name="provisioning_status" />
			<column name="global" valueBoolean="true" />
		</insert>
		<insert tableName="asset">
			<column name="id" valueNumeric="10396" />
			<column name="identifier" value="8004788019" />
			<column name="create_datetime" valueDate="2014-10-23T00:04:45.955" />
			<column name="status_id" valueNumeric="10501" />
			<column name="entity_id" valueNumeric="1" />
			<column name="deleted" valueNumeric="0" />
			<column name="item_id" valueNumeric="320108" />
			<column name="order_line_id" />
			<column name="notes" value="Bulk Upload" />
			<column name="optlock" valueNumeric="0" />
			<column name="group_id" />
			<column name="provisioning_status" />
			<column name="global" valueBoolean="true" />
		</insert>
		<insert tableName="asset">
			<column name="id" valueNumeric="10397" />
			<column name="identifier" value="8004823135" />
			<column name="create_datetime" valueDate="2014-10-23T00:04:45.962" />
			<column name="status_id" valueNumeric="10501" />
			<column name="entity_id" valueNumeric="1" />
			<column name="deleted" valueNumeric="0" />
			<column name="item_id" valueNumeric="320108" />
			<column name="order_line_id" />
			<column name="notes" value="Bulk Upload" />
			<column name="optlock" valueNumeric="0" />
			<column name="group_id" />
			<column name="provisioning_status" />
			<column name="global" valueBoolean="true" />
		</insert>
		<insert tableName="asset">
			<column name="id" valueNumeric="10398" />
			<column name="identifier" value="8004826736" />
			<column name="create_datetime" valueDate="2014-10-23T00:04:45.982" />
			<column name="status_id" valueNumeric="10501" />
			<column name="entity_id" valueNumeric="1" />
			<column name="deleted" valueNumeric="0" />
			<column name="item_id" valueNumeric="320108" />
			<column name="order_line_id" />
			<column name="notes" value="Bulk Upload" />
			<column name="optlock" valueNumeric="0" />
			<column name="group_id" />
			<column name="provisioning_status" />
			<column name="global" valueBoolean="true" />
		</insert>
		<insert tableName="asset">
			<column name="id" valueNumeric="10399" />
			<column name="identifier" value="8004851079" />
			<column name="create_datetime" valueDate="2014-10-23T00:04:46.12" />
			<column name="status_id" valueNumeric="10501" />
			<column name="entity_id" valueNumeric="1" />
			<column name="deleted" valueNumeric="0" />
			<column name="item_id" valueNumeric="320108" />
			<column name="order_line_id" />
			<column name="notes" value="Bulk Upload" />
			<column name="optlock" valueNumeric="0" />
			<column name="group_id" />
			<column name="provisioning_status" />
			<column name="global" valueBoolean="true" />
		</insert>
		<insert tableName="asset">
			<column name="id" valueNumeric="10400" />
			<column name="identifier" value="8004853040" />
			<column name="create_datetime" valueDate="2014-10-23T00:04:46.18" />
			<column name="status_id" valueNumeric="10501" />
			<column name="entity_id" valueNumeric="1" />
			<column name="deleted" valueNumeric="0" />
			<column name="item_id" valueNumeric="320108" />
			<column name="order_line_id" />
			<column name="notes" value="Bulk Upload" />
			<column name="optlock" valueNumeric="0" />
			<column name="group_id" />
			<column name="provisioning_status" />
			<column name="global" valueBoolean="true" />
		</insert>
		<insert tableName="asset">
			<column name="id" valueNumeric="10401" />
			<column name="identifier" value="8004920311" />
			<column name="create_datetime" valueDate="2014-10-23T00:04:46.32" />
			<column name="status_id" valueNumeric="10501" />
			<column name="entity_id" valueNumeric="1" />
			<column name="deleted" valueNumeric="0" />
			<column name="item_id" valueNumeric="320108" />
			<column name="order_line_id" />
			<column name="notes" value="Bulk Upload" />
			<column name="optlock" valueNumeric="0" />
			<column name="group_id" />
			<column name="provisioning_status" />
			<column name="global" valueBoolean="true" />
		</insert>
		<insert tableName="asset">
			<column name="id" valueNumeric="10402" />
			<column name="identifier" value="8004960593" />
			<column name="create_datetime" valueDate="2014-10-23T00:04:46.38" />
			<column name="status_id" valueNumeric="10501" />
			<column name="entity_id" valueNumeric="1" />
			<column name="deleted" valueNumeric="0" />
			<column name="item_id" valueNumeric="320108" />
			<column name="order_line_id" />
			<column name="notes" value="Bulk Upload" />
			<column name="optlock" valueNumeric="0" />
			<column name="group_id" />
			<column name="provisioning_status" />
			<column name="global" valueBoolean="true" />
		</insert>
		<insert tableName="asset">
			<column name="id" valueNumeric="10403" />
			<column name="identifier" value="8004965505" />
			<column name="create_datetime" valueDate="2014-10-23T00:04:46.51" />
			<column name="status_id" valueNumeric="10501" />
			<column name="entity_id" valueNumeric="1" />
			<column name="deleted" valueNumeric="0" />
			<column name="item_id" valueNumeric="320108" />
			<column name="order_line_id" />
			<column name="notes" value="Bulk Upload" />
			<column name="optlock" valueNumeric="0" />
			<column name="group_id" />
			<column name="provisioning_status" />
			<column name="global" valueBoolean="true" />
		</insert>
		<insert tableName="asset">
			<column name="id" valueNumeric="10404" />
			<column name="identifier" value="8004966952" />
			<column name="create_datetime" valueDate="2014-10-23T00:04:46.73" />
			<column name="status_id" valueNumeric="10501" />
			<column name="entity_id" valueNumeric="1" />
			<column name="deleted" valueNumeric="0" />
			<column name="item_id" valueNumeric="320108" />
			<column name="order_line_id" />
			<column name="notes" value="Bulk Upload" />
			<column name="optlock" valueNumeric="0" />
			<column name="group_id" />
			<column name="provisioning_status" />
			<column name="global" valueBoolean="true" />
		</insert>
		<insert tableName="asset">
			<column name="id" valueNumeric="10405" />
			<column name="identifier" value="8004979228" />
			<column name="create_datetime" valueDate="2014-10-23T00:04:46.79" />
			<column name="status_id" valueNumeric="10501" />
			<column name="entity_id" valueNumeric="1" />
			<column name="deleted" valueNumeric="0" />
			<column name="item_id" valueNumeric="320108" />
			<column name="order_line_id" />
			<column name="notes" value="Bulk Upload" />
			<column name="optlock" valueNumeric="0" />
			<column name="group_id" />
			<column name="provisioning_status" />
			<column name="global" valueBoolean="true" />
		</insert>
		<insert tableName="asset">
			<column name="id" valueNumeric="10406" />
			<column name="identifier" value="8004982463" />
			<column name="create_datetime" valueDate="2014-10-23T00:04:46.86" />
			<column name="status_id" valueNumeric="10501" />
			<column name="entity_id" valueNumeric="1" />
			<column name="deleted" valueNumeric="0" />
			<column name="item_id" valueNumeric="320108" />
			<column name="order_line_id" />
			<column name="notes" value="Bulk Upload" />
			<column name="optlock" valueNumeric="0" />
			<column name="group_id" />
			<column name="provisioning_status" />
			<column name="global" valueBoolean="true" />
		</insert>
		<insert tableName="asset">
			<column name="id" valueNumeric="10407" />
			<column name="identifier" value="8005057011" />
			<column name="create_datetime" valueDate="2014-10-23T00:04:46.146" />
			<column name="status_id" valueNumeric="10501" />
			<column name="entity_id" valueNumeric="1" />
			<column name="deleted" valueNumeric="0" />
			<column name="item_id" valueNumeric="320108" />
			<column name="order_line_id" />
			<column name="notes" value="Bulk Upload" />
			<column name="optlock" valueNumeric="0" />
			<column name="group_id" />
			<column name="provisioning_status" />
			<column name="global" valueBoolean="true" />
		</insert>
		<insert tableName="asset">
			<column name="id" valueNumeric="10408" />
			<column name="identifier" value="8005067352" />
			<column name="create_datetime" valueDate="2014-10-23T00:04:46.171" />
			<column name="status_id" valueNumeric="10501" />
			<column name="entity_id" valueNumeric="1" />
			<column name="deleted" valueNumeric="0" />
			<column name="item_id" valueNumeric="320108" />
			<column name="order_line_id" />
			<column name="notes" value="Bulk Upload" />
			<column name="optlock" valueNumeric="0" />
			<column name="group_id" />
			<column name="provisioning_status" />
			<column name="global" valueBoolean="true" />
		</insert>
		<insert tableName="asset">
			<column name="id" valueNumeric="10409" />
			<column name="identifier" value="8005189705" />
			<column name="create_datetime" valueDate="2014-10-23T00:04:46.177" />
			<column name="status_id" valueNumeric="10501" />
			<column name="entity_id" valueNumeric="1" />
			<column name="deleted" valueNumeric="0" />
			<column name="item_id" valueNumeric="320108" />
			<column name="order_line_id" />
			<column name="notes" value="Bulk Upload" />
			<column name="optlock" valueNumeric="0" />
			<column name="group_id" />
			<column name="provisioning_status" />
			<column name="global" valueBoolean="true" />
		</insert>
		<insert tableName="asset">
			<column name="id" valueNumeric="10410" />
			<column name="identifier" value="8005232564" />
			<column name="create_datetime" valueDate="2014-10-23T00:04:46.184" />
			<column name="status_id" valueNumeric="10501" />
			<column name="entity_id" valueNumeric="1" />
			<column name="deleted" valueNumeric="0" />
			<column name="item_id" valueNumeric="320108" />
			<column name="order_line_id" />
			<column name="notes" value="Bulk Upload" />
			<column name="optlock" valueNumeric="0" />
			<column name="group_id" />
			<column name="provisioning_status" />
			<column name="global" valueBoolean="true" />
		</insert>
		<insert tableName="asset">
			<column name="id" valueNumeric="10411" />
			<column name="identifier" value="8005251315" />
			<column name="create_datetime" valueDate="2014-10-23T00:04:46.190" />
			<column name="status_id" valueNumeric="10501" />
			<column name="entity_id" valueNumeric="1" />
			<column name="deleted" valueNumeric="0" />
			<column name="item_id" valueNumeric="320108" />
			<column name="order_line_id" />
			<column name="notes" value="Bulk Upload" />
			<column name="optlock" valueNumeric="0" />
			<column name="group_id" />
			<column name="provisioning_status" />
			<column name="global" valueBoolean="true" />
		</insert>
		<insert tableName="asset">
			<column name="id" valueNumeric="10412" />
			<column name="identifier" value="8005251351" />
			<column name="create_datetime" valueDate="2014-10-23T00:04:46.562" />
			<column name="status_id" valueNumeric="10501" />
			<column name="entity_id" valueNumeric="1" />
			<column name="deleted" valueNumeric="0" />
			<column name="item_id" valueNumeric="320108" />
			<column name="order_line_id" />
			<column name="notes" value="Bulk Upload" />
			<column name="optlock" valueNumeric="0" />
			<column name="group_id" />
			<column name="provisioning_status" />
			<column name="global" valueBoolean="true" />
		</insert>
		<insert tableName="asset">
			<column name="id" valueNumeric="10413" />
			<column name="identifier" value="8005251398" />
			<column name="create_datetime" valueDate="2014-10-23T00:04:46.569" />
			<column name="status_id" valueNumeric="10501" />
			<column name="entity_id" valueNumeric="1" />
			<column name="deleted" valueNumeric="0" />
			<column name="item_id" valueNumeric="320108" />
			<column name="order_line_id" />
			<column name="notes" value="Bulk Upload" />
			<column name="optlock" valueNumeric="0" />
			<column name="group_id" />
			<column name="provisioning_status" />
			<column name="global" valueBoolean="true" />
		</insert>
		<insert tableName="asset">
			<column name="id" valueNumeric="10414" />
			<column name="identifier" value="8005275705" />
			<column name="create_datetime" valueDate="2014-10-23T00:04:46.580" />
			<column name="status_id" valueNumeric="10501" />
			<column name="entity_id" valueNumeric="1" />
			<column name="deleted" valueNumeric="0" />
			<column name="item_id" valueNumeric="320108" />
			<column name="order_line_id" />
			<column name="notes" value="Bulk Upload" />
			<column name="optlock" valueNumeric="0" />
			<column name="group_id" />
			<column name="provisioning_status" />
			<column name="global" valueBoolean="true" />
		</insert>
		<insert tableName="asset">
			<column name="id" valueNumeric="10415" />
			<column name="identifier" value="8005315828" />
			<column name="create_datetime" valueDate="2014-10-23T00:04:46.638" />
			<column name="status_id" valueNumeric="10501" />
			<column name="entity_id" valueNumeric="1" />
			<column name="deleted" valueNumeric="0" />
			<column name="item_id" valueNumeric="320108" />
			<column name="order_line_id" />
			<column name="notes" value="Bulk Upload" />
			<column name="optlock" valueNumeric="0" />
			<column name="group_id" />
			<column name="provisioning_status" />
			<column name="global" valueBoolean="true" />
		</insert>
		<insert tableName="asset">
			<column name="id" valueNumeric="10416" />
			<column name="identifier" value="8005335783" />
			<column name="create_datetime" valueDate="2014-10-23T00:04:47.7" />
			<column name="status_id" valueNumeric="10501" />
			<column name="entity_id" valueNumeric="1" />
			<column name="deleted" valueNumeric="0" />
			<column name="item_id" valueNumeric="320108" />
			<column name="order_line_id" />
			<column name="notes" value="Bulk Upload" />
			<column name="optlock" valueNumeric="0" />
			<column name="group_id" />
			<column name="provisioning_status" />
			<column name="global" valueBoolean="true" />
		</insert>
		<insert tableName="asset">
			<column name="id" valueNumeric="10417" />
			<column name="identifier" value="8005338818" />
			<column name="create_datetime" valueDate="2014-10-23T00:04:47.27" />
			<column name="status_id" valueNumeric="10501" />
			<column name="entity_id" valueNumeric="1" />
			<column name="deleted" valueNumeric="0" />
			<column name="item_id" valueNumeric="320108" />
			<column name="order_line_id" />
			<column name="notes" value="Bulk Upload" />
			<column name="optlock" valueNumeric="0" />
			<column name="group_id" />
			<column name="provisioning_status" />
			<column name="global" valueBoolean="true" />
		</insert>
		<insert tableName="asset">
			<column name="id" valueNumeric="10418" />
			<column name="identifier" value="8005377504" />
			<column name="create_datetime" valueDate="2014-10-23T00:04:47.34" />
			<column name="status_id" valueNumeric="10501" />
			<column name="entity_id" valueNumeric="1" />
			<column name="deleted" valueNumeric="0" />
			<column name="item_id" valueNumeric="320108" />
			<column name="order_line_id" />
			<column name="notes" value="Bulk Upload" />
			<column name="optlock" valueNumeric="0" />
			<column name="group_id" />
			<column name="provisioning_status" />
			<column name="global" valueBoolean="true" />
		</insert>
		<insert tableName="asset">
			<column name="id" valueNumeric="10419" />
			<column name="identifier" value="8005456063" />
			<column name="create_datetime" valueDate="2014-10-23T00:04:47.45" />
			<column name="status_id" valueNumeric="10501" />
			<column name="entity_id" valueNumeric="1" />
			<column name="deleted" valueNumeric="0" />
			<column name="item_id" valueNumeric="320108" />
			<column name="order_line_id" />
			<column name="notes" value="Bulk Upload" />
			<column name="optlock" valueNumeric="0" />
			<column name="group_id" />
			<column name="provisioning_status" />
			<column name="global" valueBoolean="true" />
		</insert>
		<insert tableName="asset">
			<column name="id" valueNumeric="10420" />
			<column name="identifier" value="8005456964" />
			<column name="create_datetime" valueDate="2014-10-23T00:04:47.62" />
			<column name="status_id" valueNumeric="10501" />
			<column name="entity_id" valueNumeric="1" />
			<column name="deleted" valueNumeric="0" />
			<column name="item_id" valueNumeric="320108" />
			<column name="order_line_id" />
			<column name="notes" value="Bulk Upload" />
			<column name="optlock" valueNumeric="0" />
			<column name="group_id" />
			<column name="provisioning_status" />
			<column name="global" valueBoolean="true" />
		</insert>
		<insert tableName="asset">
			<column name="id" valueNumeric="10421" />
			<column name="identifier" value="8005513427" />
			<column name="create_datetime" valueDate="2014-10-23T00:04:47.74" />
			<column name="status_id" valueNumeric="10501" />
			<column name="entity_id" valueNumeric="1" />
			<column name="deleted" valueNumeric="0" />
			<column name="item_id" valueNumeric="320108" />
			<column name="order_line_id" />
			<column name="notes" value="Bulk Upload" />
			<column name="optlock" valueNumeric="0" />
			<column name="group_id" />
			<column name="provisioning_status" />
			<column name="global" valueBoolean="true" />
		</insert>
		<insert tableName="asset">
			<column name="id" valueNumeric="10422" />
			<column name="identifier" value="8005632374" />
			<column name="create_datetime" valueDate="2014-10-23T00:04:47.80" />
			<column name="status_id" valueNumeric="10501" />
			<column name="entity_id" valueNumeric="1" />
			<column name="deleted" valueNumeric="0" />
			<column name="item_id" valueNumeric="320108" />
			<column name="order_line_id" />
			<column name="notes" value="Bulk Upload" />
			<column name="optlock" valueNumeric="0" />
			<column name="group_id" />
			<column name="provisioning_status" />
			<column name="global" valueBoolean="true" />
		</insert>
		<insert tableName="asset">
			<column name="id" valueNumeric="10423" />
			<column name="identifier" value="8005656443" />
			<column name="create_datetime" valueDate="2014-10-23T00:04:47.86" />
			<column name="status_id" valueNumeric="10501" />
			<column name="entity_id" valueNumeric="1" />
			<column name="deleted" valueNumeric="0" />
			<column name="item_id" valueNumeric="320108" />
			<column name="order_line_id" />
			<column name="notes" value="Bulk Upload" />
			<column name="optlock" valueNumeric="0" />
			<column name="group_id" />
			<column name="provisioning_status" />
			<column name="global" valueBoolean="true" />
		</insert>
		<insert tableName="asset">
			<column name="id" valueNumeric="10424" />
			<column name="identifier" value="8005700592" />
			<column name="create_datetime" valueDate="2014-10-23T00:04:47.97" />
			<column name="status_id" valueNumeric="10501" />
			<column name="entity_id" valueNumeric="1" />
			<column name="deleted" valueNumeric="0" />
			<column name="item_id" valueNumeric="320108" />
			<column name="order_line_id" />
			<column name="notes" value="Bulk Upload" />
			<column name="optlock" valueNumeric="0" />
			<column name="group_id" />
			<column name="provisioning_status" />
			<column name="global" valueBoolean="true" />
		</insert>
		<insert tableName="asset">
			<column name="id" valueNumeric="10425" />
			<column name="identifier" value="8005737311" />
			<column name="create_datetime" valueDate="2014-10-23T00:04:47.223" />
			<column name="status_id" valueNumeric="10501" />
			<column name="entity_id" valueNumeric="1" />
			<column name="deleted" valueNumeric="0" />
			<column name="item_id" valueNumeric="320108" />
			<column name="order_line_id" />
			<column name="notes" value="Bulk Upload" />
			<column name="optlock" valueNumeric="0" />
			<column name="group_id" />
			<column name="provisioning_status" />
			<column name="global" valueBoolean="true" />
		</insert>
		<insert tableName="asset">
			<column name="id" valueNumeric="10426" />
			<column name="identifier" value="8005759451" />
			<column name="create_datetime" valueDate="2014-10-23T00:04:47.261" />
			<column name="status_id" valueNumeric="10501" />
			<column name="entity_id" valueNumeric="1" />
			<column name="deleted" valueNumeric="0" />
			<column name="item_id" valueNumeric="320108" />
			<column name="order_line_id" />
			<column name="notes" value="Bulk Upload" />
			<column name="optlock" valueNumeric="0" />
			<column name="group_id" />
			<column name="provisioning_status" />
			<column name="global" valueBoolean="true" />
		</insert>
		<insert tableName="asset">
			<column name="id" valueNumeric="10427" />
			<column name="identifier" value="8005759628" />
			<column name="create_datetime" valueDate="2014-10-23T00:04:47.320" />
			<column name="status_id" valueNumeric="10501" />
			<column name="entity_id" valueNumeric="1" />
			<column name="deleted" valueNumeric="0" />
			<column name="item_id" valueNumeric="320108" />
			<column name="order_line_id" />
			<column name="notes" value="Bulk Upload" />
			<column name="optlock" valueNumeric="0" />
			<column name="group_id" />
			<column name="provisioning_status" />
			<column name="global" valueBoolean="true" />
		</insert>
		<insert tableName="asset">
			<column name="id" valueNumeric="10428" />
			<column name="identifier" value="8005759634" />
			<column name="create_datetime" valueDate="2014-10-23T00:04:47.335" />
			<column name="status_id" valueNumeric="10501" />
			<column name="entity_id" valueNumeric="1" />
			<column name="deleted" valueNumeric="0" />
			<column name="item_id" valueNumeric="320108" />
			<column name="order_line_id" />
			<column name="notes" value="Bulk Upload" />
			<column name="optlock" valueNumeric="0" />
			<column name="group_id" />
			<column name="provisioning_status" />
			<column name="global" valueBoolean="true" />
		</insert>
		<insert tableName="asset">
			<column name="id" valueNumeric="10429" />
			<column name="identifier" value="8005759639" />
			<column name="create_datetime" valueDate="2014-10-23T00:04:47.369" />
			<column name="status_id" valueNumeric="10501" />
			<column name="entity_id" valueNumeric="1" />
			<column name="deleted" valueNumeric="0" />
			<column name="item_id" valueNumeric="320108" />
			<column name="order_line_id" />
			<column name="notes" value="Bulk Upload" />
			<column name="optlock" valueNumeric="0" />
			<column name="group_id" />
			<column name="provisioning_status" />
			<column name="global" valueBoolean="true" />
		</insert>
		<insert tableName="asset">
			<column name="id" valueNumeric="10430" />
			<column name="identifier" value="8005767608" />
			<column name="create_datetime" valueDate="2014-10-23T00:04:47.390" />
			<column name="status_id" valueNumeric="10501" />
			<column name="entity_id" valueNumeric="1" />
			<column name="deleted" valueNumeric="0" />
			<column name="item_id" valueNumeric="320108" />
			<column name="order_line_id" />
			<column name="notes" value="Bulk Upload" />
			<column name="optlock" valueNumeric="0" />
			<column name="group_id" />
			<column name="provisioning_status" />
			<column name="global" valueBoolean="true" />
		</insert>
		<insert tableName="asset">
			<column name="id" valueNumeric="10431" />
			<column name="identifier" value="8005769565" />
			<column name="create_datetime" valueDate="2014-10-23T00:04:47.410" />
			<column name="status_id" valueNumeric="10501" />
			<column name="entity_id" valueNumeric="1" />
			<column name="deleted" valueNumeric="0" />
			<column name="item_id" valueNumeric="320108" />
			<column name="order_line_id" />
			<column name="notes" value="Bulk Upload" />
			<column name="optlock" valueNumeric="0" />
			<column name="group_id" />
			<column name="provisioning_status" />
			<column name="global" valueBoolean="true" />
		</insert>
		<insert tableName="asset">
			<column name="id" valueNumeric="10432" />
			<column name="identifier" value="8005783957" />
			<column name="create_datetime" valueDate="2014-10-23T00:04:47.418" />
			<column name="status_id" valueNumeric="10501" />
			<column name="entity_id" valueNumeric="1" />
			<column name="deleted" valueNumeric="0" />
			<column name="item_id" valueNumeric="320108" />
			<column name="order_line_id" />
			<column name="notes" value="Bulk Upload" />
			<column name="optlock" valueNumeric="0" />
			<column name="group_id" />
			<column name="provisioning_status" />
			<column name="global" valueBoolean="true" />
		</insert>
		<insert tableName="asset">
			<column name="id" valueNumeric="10433" />
			<column name="identifier" value="8005796180" />
			<column name="create_datetime" valueDate="2014-10-23T00:04:47.438" />
			<column name="status_id" valueNumeric="10501" />
			<column name="entity_id" valueNumeric="1" />
			<column name="deleted" valueNumeric="0" />
			<column name="item_id" valueNumeric="320108" />
			<column name="order_line_id" />
			<column name="notes" value="Bulk Upload" />
			<column name="optlock" valueNumeric="0" />
			<column name="group_id" />
			<column name="provisioning_status" />
			<column name="global" valueBoolean="true" />
		</insert>
		<insert tableName="asset">
			<column name="id" valueNumeric="10434" />
			<column name="identifier" value="8005798418" />
			<column name="create_datetime" valueDate="2014-10-23T00:04:47.445" />
			<column name="status_id" valueNumeric="10501" />
			<column name="entity_id" valueNumeric="1" />
			<column name="deleted" valueNumeric="0" />
			<column name="item_id" valueNumeric="320108" />
			<column name="order_line_id" />
			<column name="notes" value="Bulk Upload" />
			<column name="optlock" valueNumeric="0" />
			<column name="group_id" />
			<column name="provisioning_status" />
			<column name="global" valueBoolean="true" />
		</insert>
		<insert tableName="asset">
			<column name="id" valueNumeric="10435" />
			<column name="identifier" value="8005799198" />
			<column name="create_datetime" valueDate="2014-10-23T00:04:47.484" />
			<column name="status_id" valueNumeric="10501" />
			<column name="entity_id" valueNumeric="1" />
			<column name="deleted" valueNumeric="0" />
			<column name="item_id" valueNumeric="320108" />
			<column name="order_line_id" />
			<column name="notes" value="Bulk Upload" />
			<column name="optlock" valueNumeric="0" />
			<column name="group_id" />
			<column name="provisioning_status" />
			<column name="global" valueBoolean="true" />
		</insert>
		<insert tableName="asset">
			<column name="id" valueNumeric="10436" />
			<column name="identifier" value="8005805693" />
			<column name="create_datetime" valueDate="2014-10-23T00:04:47.506" />
			<column name="status_id" valueNumeric="10501" />
			<column name="entity_id" valueNumeric="1" />
			<column name="deleted" valueNumeric="0" />
			<column name="item_id" valueNumeric="320108" />
			<column name="order_line_id" />
			<column name="notes" value="Bulk Upload" />
			<column name="optlock" valueNumeric="0" />
			<column name="group_id" />
			<column name="provisioning_status" />
			<column name="global" valueBoolean="true" />
		</insert>
		<insert tableName="asset">
			<column name="id" valueNumeric="10437" />
			<column name="identifier" value="8005811321" />
			<column name="create_datetime" valueDate="2014-10-23T00:04:47.588" />
			<column name="status_id" valueNumeric="10501" />
			<column name="entity_id" valueNumeric="1" />
			<column name="deleted" valueNumeric="0" />
			<column name="item_id" valueNumeric="320108" />
			<column name="order_line_id" />
			<column name="notes" value="Bulk Upload" />
			<column name="optlock" valueNumeric="0" />
			<column name="group_id" />
			<column name="provisioning_status" />
			<column name="global" valueBoolean="true" />
		</insert>
		<insert tableName="asset">
			<column name="id" valueNumeric="10438" />
			<column name="identifier" value="8005811485" />
			<column name="create_datetime" valueDate="2014-10-23T00:04:47.606" />
			<column name="status_id" valueNumeric="10501" />
			<column name="entity_id" valueNumeric="1" />
			<column name="deleted" valueNumeric="0" />
			<column name="item_id" valueNumeric="320108" />
			<column name="order_line_id" />
			<column name="notes" value="Bulk Upload" />
			<column name="optlock" valueNumeric="0" />
			<column name="group_id" />
			<column name="provisioning_status" />
			<column name="global" valueBoolean="true" />
		</insert>
		<insert tableName="asset">
			<column name="id" valueNumeric="10439" />
			<column name="identifier" value="8005814589" />
			<column name="create_datetime" valueDate="2014-10-23T00:04:47.614" />
			<column name="status_id" valueNumeric="10501" />
			<column name="entity_id" valueNumeric="1" />
			<column name="deleted" valueNumeric="0" />
			<column name="item_id" valueNumeric="320108" />
			<column name="order_line_id" />
			<column name="notes" value="Bulk Upload" />
			<column name="optlock" valueNumeric="0" />
			<column name="group_id" />
			<column name="provisioning_status" />
			<column name="global" valueBoolean="true" />
		</insert>
		<insert tableName="asset">
			<column name="id" valueNumeric="10440" />
			<column name="identifier" value="8005818256" />
			<column name="create_datetime" valueDate="2014-10-23T00:04:47.621" />
			<column name="status_id" valueNumeric="10501" />
			<column name="entity_id" valueNumeric="1" />
			<column name="deleted" valueNumeric="0" />
			<column name="item_id" valueNumeric="320108" />
			<column name="order_line_id" />
			<column name="notes" value="Bulk Upload" />
			<column name="optlock" valueNumeric="0" />
			<column name="group_id" />
			<column name="provisioning_status" />
			<column name="global" valueBoolean="true" />
		</insert>
		<insert tableName="asset">
			<column name="id" valueNumeric="10441" />
			<column name="identifier" value="8005823041" />
			<column name="create_datetime" valueDate="2014-10-23T00:04:47.684" />
			<column name="status_id" valueNumeric="10501" />
			<column name="entity_id" valueNumeric="1" />
			<column name="deleted" valueNumeric="0" />
			<column name="item_id" valueNumeric="320108" />
			<column name="order_line_id" />
			<column name="notes" value="Bulk Upload" />
			<column name="optlock" valueNumeric="0" />
			<column name="group_id" />
			<column name="provisioning_status" />
			<column name="global" valueBoolean="true" />
		</insert>
		<insert tableName="asset">
			<column name="id" valueNumeric="10442" />
			<column name="identifier" value="8005824006" />
			<column name="create_datetime" valueDate="2014-10-23T00:04:47.733" />
			<column name="status_id" valueNumeric="10501" />
			<column name="entity_id" valueNumeric="1" />
			<column name="deleted" valueNumeric="0" />
			<column name="item_id" valueNumeric="320108" />
			<column name="order_line_id" />
			<column name="notes" value="Bulk Upload" />
			<column name="optlock" valueNumeric="0" />
			<column name="group_id" />
			<column name="provisioning_status" />
			<column name="global" valueBoolean="true" />
		</insert>
		<insert tableName="asset">
			<column name="id" valueNumeric="10443" />
			<column name="identifier" value="8005840728" />
			<column name="create_datetime" valueDate="2014-10-23T00:04:47.740" />
			<column name="status_id" valueNumeric="10501" />
			<column name="entity_id" valueNumeric="1" />
			<column name="deleted" valueNumeric="0" />
			<column name="item_id" valueNumeric="320108" />
			<column name="order_line_id" />
			<column name="notes" value="Bulk Upload" />
			<column name="optlock" valueNumeric="0" />
			<column name="group_id" />
			<column name="provisioning_status" />
			<column name="global" valueBoolean="true" />
		</insert>
		<insert tableName="asset">
			<column name="id" valueNumeric="10444" />
			<column name="identifier" value="8005840926" />
			<column name="create_datetime" valueDate="2014-10-23T00:04:47.773" />
			<column name="status_id" valueNumeric="10501" />
			<column name="entity_id" valueNumeric="1" />
			<column name="deleted" valueNumeric="0" />
			<column name="item_id" valueNumeric="320108" />
			<column name="order_line_id" />
			<column name="notes" value="Bulk Upload" />
			<column name="optlock" valueNumeric="0" />
			<column name="group_id" />
			<column name="provisioning_status" />
			<column name="global" valueBoolean="true" />
		</insert>
		<insert tableName="asset">
			<column name="id" valueNumeric="10445" />
			<column name="identifier" value="8005844452" />
			<column name="create_datetime" valueDate="2014-10-23T00:04:47.784" />
			<column name="status_id" valueNumeric="10501" />
			<column name="entity_id" valueNumeric="1" />
			<column name="deleted" valueNumeric="0" />
			<column name="item_id" valueNumeric="320108" />
			<column name="order_line_id" />
			<column name="notes" value="Bulk Upload" />
			<column name="optlock" valueNumeric="0" />
			<column name="group_id" />
			<column name="provisioning_status" />
			<column name="global" valueBoolean="true" />
		</insert>
		<insert tableName="asset">
			<column name="id" valueNumeric="10446" />
			<column name="identifier" value="8005844720" />
			<column name="create_datetime" valueDate="2014-10-23T00:04:47.796" />
			<column name="status_id" valueNumeric="10501" />
			<column name="entity_id" valueNumeric="1" />
			<column name="deleted" valueNumeric="0" />
			<column name="item_id" valueNumeric="320108" />
			<column name="order_line_id" />
			<column name="notes" value="Bulk Upload" />
			<column name="optlock" valueNumeric="0" />
			<column name="group_id" />
			<column name="provisioning_status" />
			<column name="global" valueBoolean="true" />
		</insert>
		<insert tableName="asset">
			<column name="id" valueNumeric="10447" />
			<column name="identifier" value="8005846763" />
			<column name="create_datetime" valueDate="2014-10-23T00:04:47.810" />
			<column name="status_id" valueNumeric="10501" />
			<column name="entity_id" valueNumeric="1" />
			<column name="deleted" valueNumeric="0" />
			<column name="item_id" valueNumeric="320108" />
			<column name="order_line_id" />
			<column name="notes" value="Bulk Upload" />
			<column name="optlock" valueNumeric="0" />
			<column name="group_id" />
			<column name="provisioning_status" />
			<column name="global" valueBoolean="true" />
		</insert>
		<insert tableName="asset">
			<column name="id" valueNumeric="10448" />
			<column name="identifier" value="8005851076" />
			<column name="create_datetime" valueDate="2014-10-23T00:04:47.822" />
			<column name="status_id" valueNumeric="10501" />
			<column name="entity_id" valueNumeric="1" />
			<column name="deleted" valueNumeric="0" />
			<column name="item_id" valueNumeric="320108" />
			<column name="order_line_id" />
			<column name="notes" value="Bulk Upload" />
			<column name="optlock" valueNumeric="0" />
			<column name="group_id" />
			<column name="provisioning_status" />
			<column name="global" valueBoolean="true" />
		</insert>
		<insert tableName="asset">
			<column name="id" valueNumeric="10449" />
			<column name="identifier" value="8005851623" />
			<column name="create_datetime" valueDate="2014-10-23T00:04:48.251" />
			<column name="status_id" valueNumeric="10501" />
			<column name="entity_id" valueNumeric="1" />
			<column name="deleted" valueNumeric="0" />
			<column name="item_id" valueNumeric="320108" />
			<column name="order_line_id" />
			<column name="notes" value="Bulk Upload" />
			<column name="optlock" valueNumeric="0" />
			<column name="group_id" />
			<column name="provisioning_status" />
			<column name="global" valueBoolean="true" />
		</insert>
		<insert tableName="asset">
			<column name="id" valueNumeric="10450" />
			<column name="identifier" value="8005851625" />
			<column name="create_datetime" valueDate="2014-10-23T00:04:48.290" />
			<column name="status_id" valueNumeric="10501" />
			<column name="entity_id" valueNumeric="1" />
			<column name="deleted" valueNumeric="0" />
			<column name="item_id" valueNumeric="320108" />
			<column name="order_line_id" />
			<column name="notes" value="Bulk Upload" />
			<column name="optlock" valueNumeric="0" />
			<column name="group_id" />
			<column name="provisioning_status" />
			<column name="global" valueBoolean="true" />
		</insert>
		<insert tableName="asset">
			<column name="id" valueNumeric="10451" />
			<column name="identifier" value="8005852657" />
			<column name="create_datetime" valueDate="2014-10-23T00:04:48.297" />
			<column name="status_id" valueNumeric="10501" />
			<column name="entity_id" valueNumeric="1" />
			<column name="deleted" valueNumeric="0" />
			<column name="item_id" valueNumeric="320108" />
			<column name="order_line_id" />
			<column name="notes" value="Bulk Upload" />
			<column name="optlock" valueNumeric="0" />
			<column name="group_id" />
			<column name="provisioning_status" />
			<column name="global" valueBoolean="true" />
		</insert>
		<insert tableName="asset">
			<column name="id" valueNumeric="10452" />
			<column name="identifier" value="8005858465" />
			<column name="create_datetime" valueDate="2014-10-23T00:04:48.304" />
			<column name="status_id" valueNumeric="10501" />
			<column name="entity_id" valueNumeric="1" />
			<column name="deleted" valueNumeric="0" />
			<column name="item_id" valueNumeric="320108" />
			<column name="order_line_id" />
			<column name="notes" value="Bulk Upload" />
			<column name="optlock" valueNumeric="0" />
			<column name="group_id" />
			<column name="provisioning_status" />
			<column name="global" valueBoolean="true" />
		</insert>
		<insert tableName="asset">
			<column name="id" valueNumeric="10453" />
			<column name="identifier" value="8005871792" />
			<column name="create_datetime" valueDate="2014-10-23T00:04:48.315" />
			<column name="status_id" valueNumeric="10501" />
			<column name="entity_id" valueNumeric="1" />
			<column name="deleted" valueNumeric="0" />
			<column name="item_id" valueNumeric="320108" />
			<column name="order_line_id" />
			<column name="notes" value="Bulk Upload" />
			<column name="optlock" valueNumeric="0" />
			<column name="group_id" />
			<column name="provisioning_status" />
			<column name="global" valueBoolean="true" />
		</insert>
		<insert tableName="asset">
			<column name="id" valueNumeric="10454" />
			<column name="identifier" value="8005883448" />
			<column name="create_datetime" valueDate="2014-10-23T00:04:48.321" />
			<column name="status_id" valueNumeric="10501" />
			<column name="entity_id" valueNumeric="1" />
			<column name="deleted" valueNumeric="0" />
			<column name="item_id" valueNumeric="320108" />
			<column name="order_line_id" />
			<column name="notes" value="Bulk Upload" />
			<column name="optlock" valueNumeric="0" />
			<column name="group_id" />
			<column name="provisioning_status" />
			<column name="global" valueBoolean="true" />
		</insert>
		<insert tableName="asset">
			<column name="id" valueNumeric="10455" />
			<column name="identifier" value="8005896052" />
			<column name="create_datetime" valueDate="2014-10-23T00:04:48.332" />
			<column name="status_id" valueNumeric="10501" />
			<column name="entity_id" valueNumeric="1" />
			<column name="deleted" valueNumeric="0" />
			<column name="item_id" valueNumeric="320108" />
			<column name="order_line_id" />
			<column name="notes" value="Bulk Upload" />
			<column name="optlock" valueNumeric="0" />
			<column name="group_id" />
			<column name="provisioning_status" />
			<column name="global" valueBoolean="true" />
		</insert>
		<insert tableName="asset">
			<column name="id" valueNumeric="10456" />
			<column name="identifier" value="8005896148" />
			<column name="create_datetime" valueDate="2014-10-23T00:04:48.343" />
			<column name="status_id" valueNumeric="10501" />
			<column name="entity_id" valueNumeric="1" />
			<column name="deleted" valueNumeric="0" />
			<column name="item_id" valueNumeric="320108" />
			<column name="order_line_id" />
			<column name="notes" value="Bulk Upload" />
			<column name="optlock" valueNumeric="0" />
			<column name="group_id" />
			<column name="provisioning_status" />
			<column name="global" valueBoolean="true" />
		</insert>
		<insert tableName="asset">
			<column name="id" valueNumeric="10457" />
			<column name="identifier" value="8005897316" />
			<column name="create_datetime" valueDate="2014-10-23T00:04:48.363" />
			<column name="status_id" valueNumeric="10501" />
			<column name="entity_id" valueNumeric="1" />
			<column name="deleted" valueNumeric="0" />
			<column name="item_id" valueNumeric="320108" />
			<column name="order_line_id" />
			<column name="notes" value="Bulk Upload" />
			<column name="optlock" valueNumeric="0" />
			<column name="group_id" />
			<column name="provisioning_status" />
			<column name="global" valueBoolean="true" />
		</insert>
		<insert tableName="asset">
			<column name="id" valueNumeric="10458" />
			<column name="identifier" value="8005897986" />
			<column name="create_datetime" valueDate="2014-10-23T00:04:48.384" />
			<column name="status_id" valueNumeric="10501" />
			<column name="entity_id" valueNumeric="1" />
			<column name="deleted" valueNumeric="0" />
			<column name="item_id" valueNumeric="320105" />
			<column name="order_line_id" />
			<column name="notes" value="Bulk Upload" />
			<column name="optlock" valueNumeric="0" />
			<column name="group_id" />
			<column name="provisioning_status" />
			<column name="global" valueBoolean="true" />
		</insert>
		<insert tableName="asset">
			<column name="id" valueNumeric="10459" />
			<column name="identifier" value="8005912574" />
			<column name="create_datetime" valueDate="2014-10-23T00:04:48.392" />
			<column name="status_id" valueNumeric="10501" />
			<column name="entity_id" valueNumeric="1" />
			<column name="deleted" valueNumeric="0" />
			<column name="item_id" valueNumeric="320105" />
			<column name="order_line_id" />
			<column name="notes" value="Bulk Upload" />
			<column name="optlock" valueNumeric="0" />
			<column name="group_id" />
			<column name="provisioning_status" />
			<column name="global" valueBoolean="true" />
		</insert>
		<insert tableName="asset">
			<column name="id" valueNumeric="10460" />
			<column name="identifier" value="8005912954" />
			<column name="create_datetime" valueDate="2014-10-23T00:04:48.398" />
			<column name="status_id" valueNumeric="10501" />
			<column name="entity_id" valueNumeric="1" />
			<column name="deleted" valueNumeric="0" />
			<column name="item_id" valueNumeric="320105" />
			<column name="order_line_id" />
			<column name="notes" value="Bulk Upload" />
			<column name="optlock" valueNumeric="0" />
			<column name="group_id" />
			<column name="provisioning_status" />
			<column name="global" valueBoolean="true" />
		</insert>
		<insert tableName="asset">
			<column name="id" valueNumeric="10461" />
			<column name="identifier" value="8005913297" />
			<column name="create_datetime" valueDate="2014-10-23T00:04:48.458" />
			<column name="status_id" valueNumeric="10501" />
			<column name="entity_id" valueNumeric="1" />
			<column name="deleted" valueNumeric="0" />
			<column name="item_id" valueNumeric="320105" />
			<column name="order_line_id" />
			<column name="notes" value="Bulk Upload" />
			<column name="optlock" valueNumeric="0" />
			<column name="group_id" />
			<column name="provisioning_status" />
			<column name="global" valueBoolean="true" />
		</insert>
		<insert tableName="asset">
			<column name="id" valueNumeric="10462" />
			<column name="identifier" value="8005913346" />
			<column name="create_datetime" valueDate="2014-10-23T00:04:48.471" />
			<column name="status_id" valueNumeric="10501" />
			<column name="entity_id" valueNumeric="1" />
			<column name="deleted" valueNumeric="0" />
			<column name="item_id" valueNumeric="320105" />
			<column name="order_line_id" />
			<column name="notes" value="Bulk Upload" />
			<column name="optlock" valueNumeric="0" />
			<column name="group_id" />
			<column name="provisioning_status" />
			<column name="global" valueBoolean="true" />
		</insert>
		<insert tableName="asset">
			<column name="id" valueNumeric="10463" />
			<column name="identifier" value="8005913514" />
			<column name="create_datetime" valueDate="2014-10-23T00:04:48.477" />
			<column name="status_id" valueNumeric="10501" />
			<column name="entity_id" valueNumeric="1" />
			<column name="deleted" valueNumeric="0" />
			<column name="item_id" valueNumeric="320105" />
			<column name="order_line_id" />
			<column name="notes" value="Bulk Upload" />
			<column name="optlock" valueNumeric="0" />
			<column name="group_id" />
			<column name="provisioning_status" />
			<column name="global" valueBoolean="true" />
		</insert>
		<insert tableName="asset">
			<column name="id" valueNumeric="10464" />
			<column name="identifier" value="8005913561" />
			<column name="create_datetime" valueDate="2014-10-23T00:04:48.483" />
			<column name="status_id" valueNumeric="10501" />
			<column name="entity_id" valueNumeric="1" />
			<column name="deleted" valueNumeric="0" />
			<column name="item_id" valueNumeric="320105" />
			<column name="order_line_id" />
			<column name="notes" value="Bulk Upload" />
			<column name="optlock" valueNumeric="0" />
			<column name="group_id" />
			<column name="provisioning_status" />
			<column name="global" valueBoolean="true" />
		</insert>
		<insert tableName="asset">
			<column name="id" valueNumeric="10465" />
			<column name="identifier" value="8005913665" />
			<column name="create_datetime" valueDate="2014-10-23T00:04:48.489" />
			<column name="status_id" valueNumeric="10501" />
			<column name="entity_id" valueNumeric="1" />
			<column name="deleted" valueNumeric="0" />
			<column name="item_id" valueNumeric="320105" />
			<column name="order_line_id" />
			<column name="notes" value="Bulk Upload" />
			<column name="optlock" valueNumeric="0" />
			<column name="group_id" />
			<column name="provisioning_status" />
			<column name="global" valueBoolean="true" />
		</insert>
		<insert tableName="asset">
			<column name="id" valueNumeric="10466" />
			<column name="identifier" value="8005915569" />
			<column name="create_datetime" valueDate="2014-10-23T00:04:48.496" />
			<column name="status_id" valueNumeric="10501" />
			<column name="entity_id" valueNumeric="1" />
			<column name="deleted" valueNumeric="0" />
			<column name="item_id" valueNumeric="320105" />
			<column name="order_line_id" />
			<column name="notes" value="Bulk Upload" />
			<column name="optlock" valueNumeric="0" />
			<column name="group_id" />
			<column name="provisioning_status" />
			<column name="global" valueBoolean="true" />
		</insert>
		<insert tableName="asset">
			<column name="id" valueNumeric="10467" />
			<column name="identifier" value="8005918546" />
			<column name="create_datetime" valueDate="2014-10-23T00:04:48.511" />
			<column name="status_id" valueNumeric="10501" />
			<column name="entity_id" valueNumeric="1" />
			<column name="deleted" valueNumeric="0" />
			<column name="item_id" valueNumeric="320105" />
			<column name="order_line_id" />
			<column name="notes" value="Bulk Upload" />
			<column name="optlock" valueNumeric="0" />
			<column name="group_id" />
			<column name="provisioning_status" />
			<column name="global" valueBoolean="true" />
		</insert>
		<insert tableName="asset">
			<column name="id" valueNumeric="10468" />
			<column name="identifier" value="8005919728" />
			<column name="create_datetime" valueDate="2014-10-23T00:04:48.526" />
			<column name="status_id" valueNumeric="10501" />
			<column name="entity_id" valueNumeric="1" />
			<column name="deleted" valueNumeric="0" />
			<column name="item_id" valueNumeric="320105" />
			<column name="order_line_id" />
			<column name="notes" value="Bulk Upload" />
			<column name="optlock" valueNumeric="0" />
			<column name="group_id" />
			<column name="provisioning_status" />
			<column name="global" valueBoolean="true" />
		</insert>
		<insert tableName="asset">
			<column name="id" valueNumeric="10469" />
			<column name="identifier" value="8005919738" />
			<column name="create_datetime" valueDate="2014-10-23T00:04:48.537" />
			<column name="status_id" valueNumeric="10501" />
			<column name="entity_id" valueNumeric="1" />
			<column name="deleted" valueNumeric="0" />
			<column name="item_id" valueNumeric="320105" />
			<column name="order_line_id" />
			<column name="notes" value="Bulk Upload" />
			<column name="optlock" valueNumeric="0" />
			<column name="group_id" />
			<column name="provisioning_status" />
			<column name="global" valueBoolean="true" />
		</insert>
		<insert tableName="asset">
			<column name="id" valueNumeric="10470" />
			<column name="identifier" value="8005926916" />
			<column name="create_datetime" valueDate="2014-10-23T00:04:48.543" />
			<column name="status_id" valueNumeric="10501" />
			<column name="entity_id" valueNumeric="1" />
			<column name="deleted" valueNumeric="0" />
			<column name="item_id" valueNumeric="320105" />
			<column name="order_line_id" />
			<column name="notes" value="Bulk Upload" />
			<column name="optlock" valueNumeric="0" />
			<column name="group_id" />
			<column name="provisioning_status" />
			<column name="global" valueBoolean="true" />
		</insert>
		<insert tableName="asset">
			<column name="id" valueNumeric="10471" />
			<column name="identifier" value="8005955519" />
			<column name="create_datetime" valueDate="2014-10-23T00:04:48.549" />
			<column name="status_id" valueNumeric="10501" />
			<column name="entity_id" valueNumeric="1" />
			<column name="deleted" valueNumeric="0" />
			<column name="item_id" valueNumeric="320105" />
			<column name="order_line_id" />
			<column name="notes" value="Bulk Upload" />
			<column name="optlock" valueNumeric="0" />
			<column name="group_id" />
			<column name="provisioning_status" />
			<column name="global" valueBoolean="true" />
		</insert>
		<insert tableName="asset">
			<column name="id" valueNumeric="10472" />
			<column name="identifier" value="8005956534" />
			<column name="create_datetime" valueDate="2014-10-23T00:04:48.555" />
			<column name="status_id" valueNumeric="10501" />
			<column name="entity_id" valueNumeric="1" />
			<column name="deleted" valueNumeric="0" />
			<column name="item_id" valueNumeric="320105" />
			<column name="order_line_id" />
			<column name="notes" value="Bulk Upload" />
			<column name="optlock" valueNumeric="0" />
			<column name="group_id" />
			<column name="provisioning_status" />
			<column name="global" valueBoolean="true" />
		</insert>
		<insert tableName="asset">
			<column name="id" valueNumeric="10473" />
			<column name="identifier" value="8005960091" />
			<column name="create_datetime" valueDate="2014-10-23T00:04:48.562" />
			<column name="status_id" valueNumeric="10501" />
			<column name="entity_id" valueNumeric="1" />
			<column name="deleted" valueNumeric="0" />
			<column name="item_id" valueNumeric="320105" />
			<column name="order_line_id" />
			<column name="notes" value="Bulk Upload" />
			<column name="optlock" valueNumeric="0" />
			<column name="group_id" />
			<column name="provisioning_status" />
			<column name="global" valueBoolean="true" />
		</insert>
		<insert tableName="asset">
			<column name="id" valueNumeric="10474" />
			<column name="identifier" value="8006139135" />
			<column name="create_datetime" valueDate="2014-10-23T00:04:48.578" />
			<column name="status_id" valueNumeric="10501" />
			<column name="entity_id" valueNumeric="1" />
			<column name="deleted" valueNumeric="0" />
			<column name="item_id" valueNumeric="320105" />
			<column name="order_line_id" />
			<column name="notes" value="Bulk Upload" />
			<column name="optlock" valueNumeric="0" />
			<column name="group_id" />
			<column name="provisioning_status" />
			<column name="global" valueBoolean="true" />
		</insert>
		<insert tableName="asset">
			<column name="id" valueNumeric="10475" />
			<column name="identifier" value="8006155338" />
			<column name="create_datetime" valueDate="2014-10-23T00:04:48.584" />
			<column name="status_id" valueNumeric="10501" />
			<column name="entity_id" valueNumeric="1" />
			<column name="deleted" valueNumeric="0" />
			<column name="item_id" valueNumeric="320105" />
			<column name="order_line_id" />
			<column name="notes" value="Bulk Upload" />
			<column name="optlock" valueNumeric="0" />
			<column name="group_id" />
			<column name="provisioning_status" />
			<column name="global" valueBoolean="true" />
		</insert>
		<insert tableName="asset">
			<column name="id" valueNumeric="10476" />
			<column name="identifier" value="8006221455" />
			<column name="create_datetime" valueDate="2014-10-23T00:04:48.590" />
			<column name="status_id" valueNumeric="10501" />
			<column name="entity_id" valueNumeric="1" />
			<column name="deleted" valueNumeric="0" />
			<column name="item_id" valueNumeric="320105" />
			<column name="order_line_id" />
			<column name="notes" value="Bulk Upload" />
			<column name="optlock" valueNumeric="0" />
			<column name="group_id" />
			<column name="provisioning_status" />
			<column name="global" valueBoolean="true" />
		</insert>
		<insert tableName="asset">
			<column name="id" valueNumeric="10477" />
			<column name="identifier" value="8006242114" />
			<column name="create_datetime" valueDate="2014-10-23T00:04:48.601" />
			<column name="status_id" valueNumeric="10501" />
			<column name="entity_id" valueNumeric="1" />
			<column name="deleted" valueNumeric="0" />
			<column name="item_id" valueNumeric="320105" />
			<column name="order_line_id" />
			<column name="notes" value="Bulk Upload" />
			<column name="optlock" valueNumeric="0" />
			<column name="group_id" />
			<column name="provisioning_status" />
			<column name="global" valueBoolean="true" />
		</insert>
		<insert tableName="asset">
			<column name="id" valueNumeric="10478" />
			<column name="identifier" value="8006255597" />
			<column name="create_datetime" valueDate="2014-10-23T00:04:48.616" />
			<column name="status_id" valueNumeric="10501" />
			<column name="entity_id" valueNumeric="1" />
			<column name="deleted" valueNumeric="0" />
			<column name="item_id" valueNumeric="320105" />
			<column name="order_line_id" />
			<column name="notes" value="Bulk Upload" />
			<column name="optlock" valueNumeric="0" />
			<column name="group_id" />
			<column name="provisioning_status" />
			<column name="global" valueBoolean="true" />
		</insert>
		<insert tableName="asset">
			<column name="id" valueNumeric="10479" />
			<column name="identifier" value="8006264132" />
			<column name="create_datetime" valueDate="2014-10-23T00:04:48.645" />
			<column name="status_id" valueNumeric="10501" />
			<column name="entity_id" valueNumeric="1" />
			<column name="deleted" valueNumeric="0" />
			<column name="item_id" valueNumeric="320106" />
			<column name="order_line_id" />
			<column name="notes" value="Bulk Upload" />
			<column name="optlock" valueNumeric="0" />
			<column name="group_id" />
			<column name="provisioning_status" />
			<column name="global" valueBoolean="true" />
		</insert>
		<insert tableName="asset">
			<column name="id" valueNumeric="10480" />
			<column name="identifier" value="8006280941" />
			<column name="create_datetime" valueDate="2014-10-23T00:04:48.656" />
			<column name="status_id" valueNumeric="10501" />
			<column name="entity_id" valueNumeric="1" />
			<column name="deleted" valueNumeric="0" />
			<column name="item_id" valueNumeric="320106" />
			<column name="order_line_id" />
			<column name="notes" value="Bulk Upload" />
			<column name="optlock" valueNumeric="0" />
			<column name="group_id" />
			<column name="provisioning_status" />
			<column name="global" valueBoolean="true" />
		</insert>
		<insert tableName="asset">
			<column name="id" valueNumeric="10481" />
			<column name="identifier" value="8006315015" />
			<column name="create_datetime" valueDate="2014-10-23T00:04:48.663" />
			<column name="status_id" valueNumeric="10501" />
			<column name="entity_id" valueNumeric="1" />
			<column name="deleted" valueNumeric="0" />
			<column name="item_id" valueNumeric="320106" />
			<column name="order_line_id" />
			<column name="notes" value="Bulk Upload" />
			<column name="optlock" valueNumeric="0" />
			<column name="group_id" />
			<column name="provisioning_status" />
			<column name="global" valueBoolean="true" />
		</insert>
		<insert tableName="asset">
			<column name="id" valueNumeric="10482" />
			<column name="identifier" value="8006357508" />
			<column name="create_datetime" valueDate="2014-10-23T00:04:48.678" />
			<column name="status_id" valueNumeric="10501" />
			<column name="entity_id" valueNumeric="1" />
			<column name="deleted" valueNumeric="0" />
			<column name="item_id" valueNumeric="320106" />
			<column name="order_line_id" />
			<column name="notes" value="Bulk Upload" />
			<column name="optlock" valueNumeric="0" />
			<column name="group_id" />
			<column name="provisioning_status" />
			<column name="global" valueBoolean="true" />
		</insert>
		<insert tableName="asset">
			<column name="id" valueNumeric="10483" />
			<column name="identifier" value="8006441297" />
			<column name="create_datetime" valueDate="2014-10-23T00:04:48.684" />
			<column name="status_id" valueNumeric="10501" />
			<column name="entity_id" valueNumeric="1" />
			<column name="deleted" valueNumeric="0" />
			<column name="item_id" valueNumeric="320106" />
			<column name="order_line_id" />
			<column name="notes" value="Bulk Upload" />
			<column name="optlock" valueNumeric="0" />
			<column name="group_id" />
			<column name="provisioning_status" />
			<column name="global" valueBoolean="true" />
		</insert>
		<insert tableName="asset">
			<column name="id" valueNumeric="10484" />
			<column name="identifier" value="8006448668" />
			<column name="create_datetime" valueDate="2014-10-23T00:04:48.713" />
			<column name="status_id" valueNumeric="10501" />
			<column name="entity_id" valueNumeric="1" />
			<column name="deleted" valueNumeric="0" />
			<column name="item_id" valueNumeric="320106" />
			<column name="order_line_id" />
			<column name="notes" value="Bulk Upload" />
			<column name="optlock" valueNumeric="0" />
			<column name="group_id" />
			<column name="provisioning_status" />
			<column name="global" valueBoolean="true" />
		</insert>
		<insert tableName="asset">
			<column name="id" valueNumeric="10485" />
			<column name="identifier" value="8006533168" />
			<column name="create_datetime" valueDate="2014-10-23T00:04:48.719" />
			<column name="status_id" valueNumeric="10501" />
			<column name="entity_id" valueNumeric="1" />
			<column name="deleted" valueNumeric="0" />
			<column name="item_id" valueNumeric="320106" />
			<column name="order_line_id" />
			<column name="notes" value="Bulk Upload" />
			<column name="optlock" valueNumeric="0" />
			<column name="group_id" />
			<column name="provisioning_status" />
			<column name="global" valueBoolean="true" />
		</insert>
		<insert tableName="asset">
			<column name="id" valueNumeric="10486" />
			<column name="identifier" value="8006549437" />
			<column name="create_datetime" valueDate="2014-10-23T00:04:48.751" />
			<column name="status_id" valueNumeric="10501" />
			<column name="entity_id" valueNumeric="1" />
			<column name="deleted" valueNumeric="0" />
			<column name="item_id" valueNumeric="320106" />
			<column name="order_line_id" />
			<column name="notes" value="Bulk Upload" />
			<column name="optlock" valueNumeric="0" />
			<column name="group_id" />
			<column name="provisioning_status" />
			<column name="global" valueBoolean="true" />
		</insert>
		<insert tableName="asset">
			<column name="id" valueNumeric="10487" />
			<column name="identifier" value="8006630433" />
			<column name="create_datetime" valueDate="2014-10-23T00:04:48.821" />
			<column name="status_id" valueNumeric="10501" />
			<column name="entity_id" valueNumeric="1" />
			<column name="deleted" valueNumeric="0" />
			<column name="item_id" valueNumeric="320106" />
			<column name="order_line_id" />
			<column name="notes" value="Bulk Upload" />
			<column name="optlock" valueNumeric="0" />
			<column name="group_id" />
			<column name="provisioning_status" />
			<column name="global" valueBoolean="true" />
		</insert>
		<insert tableName="asset">
			<column name="id" valueNumeric="10488" />
			<column name="identifier" value="8006636023" />
			<column name="create_datetime" valueDate="2014-10-23T00:04:48.827" />
			<column name="status_id" valueNumeric="10501" />
			<column name="entity_id" valueNumeric="1" />
			<column name="deleted" valueNumeric="0" />
			<column name="item_id" valueNumeric="320106" />
			<column name="order_line_id" />
			<column name="notes" value="Bulk Upload" />
			<column name="optlock" valueNumeric="0" />
			<column name="group_id" />
			<column name="provisioning_status" />
			<column name="global" valueBoolean="true" />
		</insert>
		<insert tableName="asset">
			<column name="id" valueNumeric="10489" />
			<column name="identifier" value="8006646190" />
			<column name="create_datetime" valueDate="2014-10-23T00:04:48.833" />
			<column name="status_id" valueNumeric="10501" />
			<column name="entity_id" valueNumeric="1" />
			<column name="deleted" valueNumeric="0" />
			<column name="item_id" valueNumeric="320106" />
			<column name="order_line_id" />
			<column name="notes" value="Bulk Upload" />
			<column name="optlock" valueNumeric="0" />
			<column name="group_id" />
			<column name="provisioning_status" />
			<column name="global" valueBoolean="true" />
		</insert>
		<insert tableName="asset">
			<column name="id" valueNumeric="10490" />
			<column name="identifier" value="8006786867" />
			<column name="create_datetime" valueDate="2014-10-23T00:04:48.840" />
			<column name="status_id" valueNumeric="10501" />
			<column name="entity_id" valueNumeric="1" />
			<column name="deleted" valueNumeric="0" />
			<column name="item_id" valueNumeric="320106" />
			<column name="order_line_id" />
			<column name="notes" value="Bulk Upload" />
			<column name="optlock" valueNumeric="0" />
			<column name="group_id" />
			<column name="provisioning_status" />
			<column name="global" valueBoolean="true" />
		</insert>
		<insert tableName="asset">
			<column name="id" valueNumeric="10491" />
			<column name="identifier" value="8006788465" />
			<column name="create_datetime" valueDate="2014-10-23T00:04:48.846" />
			<column name="status_id" valueNumeric="10501" />
			<column name="entity_id" valueNumeric="1" />
			<column name="deleted" valueNumeric="0" />
			<column name="item_id" valueNumeric="320106" />
			<column name="order_line_id" />
			<column name="notes" value="Bulk Upload" />
			<column name="optlock" valueNumeric="0" />
			<column name="group_id" />
			<column name="provisioning_status" />
			<column name="global" valueBoolean="true" />
		</insert>
		<insert tableName="asset">
			<column name="id" valueNumeric="10492" />
			<column name="identifier" value="8006788524" />
			<column name="create_datetime" valueDate="2014-10-23T00:04:48.899" />
			<column name="status_id" valueNumeric="10501" />
			<column name="entity_id" valueNumeric="1" />
			<column name="deleted" valueNumeric="0" />
			<column name="item_id" valueNumeric="320106" />
			<column name="order_line_id" />
			<column name="notes" value="Bulk Upload" />
			<column name="optlock" valueNumeric="0" />
			<column name="group_id" />
			<column name="provisioning_status" />
			<column name="global" valueBoolean="true" />
		</insert>
		<insert tableName="asset">
			<column name="id" valueNumeric="10493" />
			<column name="identifier" value="8006849322" />
			<column name="create_datetime" valueDate="2014-10-23T00:04:48.905" />
			<column name="status_id" valueNumeric="10501" />
			<column name="entity_id" valueNumeric="1" />
			<column name="deleted" valueNumeric="0" />
			<column name="item_id" valueNumeric="320106" />
			<column name="order_line_id" />
			<column name="notes" value="Bulk Upload" />
			<column name="optlock" valueNumeric="0" />
			<column name="group_id" />
			<column name="provisioning_status" />
			<column name="global" valueBoolean="true" />
		</insert>
		<insert tableName="asset">
			<column name="id" valueNumeric="10494" />
			<column name="identifier" value="8006859709" />
			<column name="create_datetime" valueDate="2014-10-23T00:04:48.912" />
			<column name="status_id" valueNumeric="10501" />
			<column name="entity_id" valueNumeric="1" />
			<column name="deleted" valueNumeric="0" />
			<column name="item_id" valueNumeric="320106" />
			<column name="order_line_id" />
			<column name="notes" value="Bulk Upload" />
			<column name="optlock" valueNumeric="0" />
			<column name="group_id" />
			<column name="provisioning_status" />
			<column name="global" valueBoolean="true" />
		</insert>
		<insert tableName="asset">
			<column name="id" valueNumeric="10495" />
			<column name="identifier" value="8006870915" />
			<column name="create_datetime" valueDate="2014-10-23T00:04:48.925" />
			<column name="status_id" valueNumeric="10501" />
			<column name="entity_id" valueNumeric="1" />
			<column name="deleted" valueNumeric="0" />
			<column name="item_id" valueNumeric="320106" />
			<column name="order_line_id" />
			<column name="notes" value="Bulk Upload" />
			<column name="optlock" valueNumeric="0" />
			<column name="group_id" />
			<column name="provisioning_status" />
			<column name="global" valueBoolean="true" />
		</insert>
		<insert tableName="asset">
			<column name="id" valueNumeric="10496" />
			<column name="identifier" value="8006871946" />
			<column name="create_datetime" valueDate="2014-10-23T00:04:48.931" />
			<column name="status_id" valueNumeric="10501" />
			<column name="entity_id" valueNumeric="1" />
			<column name="deleted" valueNumeric="0" />
			<column name="item_id" valueNumeric="320106" />
			<column name="order_line_id" />
			<column name="notes" value="Bulk Upload" />
			<column name="optlock" valueNumeric="0" />
			<column name="group_id" />
			<column name="provisioning_status" />
			<column name="global" valueBoolean="true" />
		</insert>
		<insert tableName="asset">
			<column name="id" valueNumeric="10497" />
			<column name="identifier" value="8006878851" />
			<column name="create_datetime" valueDate="2014-10-23T00:04:48.973" />
			<column name="status_id" valueNumeric="10501" />
			<column name="entity_id" valueNumeric="1" />
			<column name="deleted" valueNumeric="0" />
			<column name="item_id" valueNumeric="320106" />
			<column name="order_line_id" />
			<column name="notes" value="Bulk Upload" />
			<column name="optlock" valueNumeric="0" />
			<column name="group_id" />
			<column name="provisioning_status" />
			<column name="global" valueBoolean="true" />
		</insert>
		<insert tableName="asset">
			<column name="id" valueNumeric="10498" />
			<column name="identifier" value="8007085606" />
			<column name="create_datetime" valueDate="2014-10-23T00:04:48.994" />
			<column name="status_id" valueNumeric="10501" />
			<column name="entity_id" valueNumeric="1" />
			<column name="deleted" valueNumeric="0" />
			<column name="item_id" valueNumeric="320106" />
			<column name="order_line_id" />
			<column name="notes" value="Bulk Upload" />
			<column name="optlock" valueNumeric="0" />
			<column name="group_id" />
			<column name="provisioning_status" />
			<column name="global" valueBoolean="true" />
		</insert>
		<insert tableName="asset">
			<column name="id" valueNumeric="10499" />
			<column name="identifier" value="8007205187" />
			<column name="create_datetime" valueDate="2014-10-23T00:04:49.0" />
			<column name="status_id" valueNumeric="10501" />
			<column name="entity_id" valueNumeric="1" />
			<column name="deleted" valueNumeric="0" />
			<column name="item_id" valueNumeric="320106" />
			<column name="order_line_id" />
			<column name="notes" value="Bulk Upload" />
			<column name="optlock" valueNumeric="0" />
			<column name="group_id" />
			<column name="provisioning_status" />
			<column name="global" valueBoolean="true" />
		</insert>
		<insert tableName="asset">
			<column name="id" valueNumeric="10500" />
			<column name="identifier" value="8007269092" />
			<column name="create_datetime" valueDate="2014-10-23T00:04:49.24" />
			<column name="status_id" valueNumeric="10501" />
			<column name="entity_id" valueNumeric="1" />
			<column name="deleted" valueNumeric="0" />
			<column name="item_id" valueNumeric="320106" />
			<column name="order_line_id" />
			<column name="notes" value="Bulk Upload" />
			<column name="optlock" valueNumeric="0" />
			<column name="group_id" />
			<column name="provisioning_status" />
			<column name="global" valueBoolean="true" />
		</insert>
		<insert tableName="asset">
			<column name="id" valueNumeric="10501" />
			<column name="identifier" value="8007281284" />
			<column name="create_datetime" valueDate="2014-10-23T00:04:49.47" />
			<column name="status_id" valueNumeric="10501" />
			<column name="entity_id" valueNumeric="1" />
			<column name="deleted" valueNumeric="0" />
			<column name="item_id" valueNumeric="320106" />
			<column name="order_line_id" />
			<column name="notes" value="Bulk Upload" />
			<column name="optlock" valueNumeric="0" />
			<column name="group_id" />
			<column name="provisioning_status" />
			<column name="global" valueBoolean="true" />
		</insert>
		<insert tableName="asset">
			<column name="id" valueNumeric="10502" />
			<column name="identifier" value="8007509059" />
			<column name="create_datetime" valueDate="2014-10-23T00:04:49.53" />
			<column name="status_id" valueNumeric="10501" />
			<column name="entity_id" valueNumeric="1" />
			<column name="deleted" valueNumeric="0" />
			<column name="item_id" valueNumeric="320106" />
			<column name="order_line_id" />
			<column name="notes" value="Bulk Upload" />
			<column name="optlock" valueNumeric="0" />
			<column name="group_id" />
			<column name="provisioning_status" />
			<column name="global" valueBoolean="true" />
		</insert>
		<insert tableName="asset">
			<column name="id" valueNumeric="10503" />
			<column name="identifier" value="8007525293" />
			<column name="create_datetime" valueDate="2014-10-23T00:04:49.60" />
			<column name="status_id" valueNumeric="10501" />
			<column name="entity_id" valueNumeric="1" />
			<column name="deleted" valueNumeric="0" />
			<column name="item_id" valueNumeric="320106" />
			<column name="order_line_id" />
			<column name="notes" value="Bulk Upload" />
			<column name="optlock" valueNumeric="0" />
			<column name="group_id" />
			<column name="provisioning_status" />
			<column name="global" valueBoolean="true" />
		</insert>
		<insert tableName="asset">
			<column name="id" valueNumeric="10504" />
			<column name="identifier" value="8007558973" />
			<column name="create_datetime" valueDate="2014-10-23T00:04:49.68" />
			<column name="status_id" valueNumeric="10501" />
			<column name="entity_id" valueNumeric="1" />
			<column name="deleted" valueNumeric="0" />
			<column name="item_id" valueNumeric="320106" />
			<column name="order_line_id" />
			<column name="notes" value="Bulk Upload" />
			<column name="optlock" valueNumeric="0" />
			<column name="group_id" />
			<column name="provisioning_status" />
			<column name="global" valueBoolean="true" />
		</insert>
		<insert tableName="asset">
			<column name="id" valueNumeric="10505" />
			<column name="identifier" value="8007600958" />
			<column name="create_datetime" valueDate="2014-10-23T00:04:49.168" />
			<column name="status_id" valueNumeric="10501" />
			<column name="entity_id" valueNumeric="1" />
			<column name="deleted" valueNumeric="0" />
			<column name="item_id" valueNumeric="320106" />
			<column name="order_line_id" />
			<column name="notes" value="Bulk Upload" />
			<column name="optlock" valueNumeric="0" />
			<column name="group_id" />
			<column name="provisioning_status" />
			<column name="global" valueBoolean="true" />
		</insert>
		<insert tableName="asset">
			<column name="id" valueNumeric="10506" />
			<column name="identifier" value="8007621304" />
			<column name="create_datetime" valueDate="2014-10-23T00:04:49.175" />
			<column name="status_id" valueNumeric="10501" />
			<column name="entity_id" valueNumeric="1" />
			<column name="deleted" valueNumeric="0" />
			<column name="item_id" valueNumeric="320106" />
			<column name="order_line_id" />
			<column name="notes" value="Bulk Upload" />
			<column name="optlock" valueNumeric="0" />
			<column name="group_id" />
			<column name="provisioning_status" />
			<column name="global" valueBoolean="true" />
		</insert>
		<insert tableName="asset">
			<column name="id" valueNumeric="10507" />
			<column name="identifier" value="8007622089" />
			<column name="create_datetime" valueDate="2014-10-23T00:04:49.186" />
			<column name="status_id" valueNumeric="10501" />
			<column name="entity_id" valueNumeric="1" />
			<column name="deleted" valueNumeric="0" />
			<column name="item_id" valueNumeric="320106" />
			<column name="order_line_id" />
			<column name="notes" value="Bulk Upload" />
			<column name="optlock" valueNumeric="0" />
			<column name="group_id" />
			<column name="provisioning_status" />
			<column name="global" valueBoolean="true" />
		</insert>
		<insert tableName="asset">
			<column name="id" valueNumeric="10508" />
			<column name="identifier" value="8007629677" />
			<column name="create_datetime" valueDate="2014-10-23T00:04:49.255" />
			<column name="status_id" valueNumeric="10501" />
			<column name="entity_id" valueNumeric="1" />
			<column name="deleted" valueNumeric="0" />
			<column name="item_id" valueNumeric="320106" />
			<column name="order_line_id" />
			<column name="notes" value="Bulk Upload" />
			<column name="optlock" valueNumeric="0" />
			<column name="group_id" />
			<column name="provisioning_status" />
			<column name="global" valueBoolean="true" />
		</insert>
		<insert tableName="asset">
			<column name="id" valueNumeric="10509" />
			<column name="identifier" value="8007660406" />
			<column name="create_datetime" valueDate="2014-10-23T00:04:49.266" />
			<column name="status_id" valueNumeric="10501" />
			<column name="entity_id" valueNumeric="1" />
			<column name="deleted" valueNumeric="0" />
			<column name="item_id" valueNumeric="320106" />
			<column name="order_line_id" />
			<column name="notes" value="Bulk Upload" />
			<column name="optlock" valueNumeric="0" />
			<column name="group_id" />
			<column name="provisioning_status" />
			<column name="global" valueBoolean="true" />
		</insert>
		<insert tableName="asset">
			<column name="id" valueNumeric="10510" />
			<column name="identifier" value="8007671240" />
			<column name="create_datetime" valueDate="2014-10-23T00:04:49.272" />
			<column name="status_id" valueNumeric="10501" />
			<column name="entity_id" valueNumeric="1" />
			<column name="deleted" valueNumeric="0" />
			<column name="item_id" valueNumeric="320106" />
			<column name="order_line_id" />
			<column name="notes" value="Bulk Upload" />
			<column name="optlock" valueNumeric="0" />
			<column name="group_id" />
			<column name="provisioning_status" />
			<column name="global" valueBoolean="true" />
		</insert>
		<insert tableName="asset">
			<column name="id" valueNumeric="10511" />
			<column name="identifier" value="8007682659" />
			<column name="create_datetime" valueDate="2014-10-23T00:04:49.279" />
			<column name="status_id" valueNumeric="10501" />
			<column name="entity_id" valueNumeric="1" />
			<column name="deleted" valueNumeric="0" />
			<column name="item_id" valueNumeric="320106" />
			<column name="order_line_id" />
			<column name="notes" value="Bulk Upload" />
			<column name="optlock" valueNumeric="0" />
			<column name="group_id" />
			<column name="provisioning_status" />
			<column name="global" valueBoolean="true" />
		</insert>
		<insert tableName="asset">
			<column name="id" valueNumeric="10512" />
			<column name="identifier" value="8007682903" />
			<column name="create_datetime" valueDate="2014-10-23T00:04:49.285" />
			<column name="status_id" valueNumeric="10501" />
			<column name="entity_id" valueNumeric="1" />
			<column name="deleted" valueNumeric="0" />
			<column name="item_id" valueNumeric="320106" />
			<column name="order_line_id" />
			<column name="notes" value="Bulk Upload" />
			<column name="optlock" valueNumeric="0" />
			<column name="group_id" />
			<column name="provisioning_status" />
			<column name="global" valueBoolean="true" />
		</insert>
		<insert tableName="asset">
			<column name="id" valueNumeric="10513" />
			<column name="identifier" value="8007684970" />
			<column name="create_datetime" valueDate="2014-10-23T00:04:49.291" />
			<column name="status_id" valueNumeric="10501" />
			<column name="entity_id" valueNumeric="1" />
			<column name="deleted" valueNumeric="0" />
			<column name="item_id" valueNumeric="320106" />
			<column name="order_line_id" />
			<column name="notes" value="Bulk Upload" />
			<column name="optlock" valueNumeric="0" />
			<column name="group_id" />
			<column name="provisioning_status" />
			<column name="global" valueBoolean="true" />
		</insert>
		<insert tableName="asset">
			<column name="id" valueNumeric="10514" />
			<column name="identifier" value="8007686465" />
			<column name="create_datetime" valueDate="2014-10-23T00:04:49.298" />
			<column name="status_id" valueNumeric="10501" />
			<column name="entity_id" valueNumeric="1" />
			<column name="deleted" valueNumeric="0" />
			<column name="item_id" valueNumeric="320105" />
			<column name="order_line_id" />
			<column name="notes" value="Bulk Upload" />
			<column name="optlock" valueNumeric="0" />
			<column name="group_id" />
			<column name="provisioning_status" />
			<column name="global" valueBoolean="true" />
		</insert>
		<insert tableName="asset">
			<column name="id" valueNumeric="10515" />
			<column name="identifier" value="8007733903" />
			<column name="create_datetime" valueDate="2014-10-23T00:04:49.314" />
			<column name="status_id" valueNumeric="10501" />
			<column name="entity_id" valueNumeric="1" />
			<column name="deleted" valueNumeric="0" />
			<column name="item_id" valueNumeric="320105" />
			<column name="order_line_id" />
			<column name="notes" value="Bulk Upload" />
			<column name="optlock" valueNumeric="0" />
			<column name="group_id" />
			<column name="provisioning_status" />
			<column name="global" valueBoolean="true" />
		</insert>
		<insert tableName="asset">
			<column name="id" valueNumeric="10516" />
			<column name="identifier" value="8007746482" />
			<column name="create_datetime" valueDate="2014-10-23T00:04:49.320" />
			<column name="status_id" valueNumeric="10501" />
			<column name="entity_id" valueNumeric="1" />
			<column name="deleted" valueNumeric="0" />
			<column name="item_id" valueNumeric="320105" />
			<column name="order_line_id" />
			<column name="notes" value="Bulk Upload" />
			<column name="optlock" valueNumeric="0" />
			<column name="group_id" />
			<column name="provisioning_status" />
			<column name="global" valueBoolean="true" />
		</insert>
		<insert tableName="asset">
			<column name="id" valueNumeric="10517" />
			<column name="identifier" value="8007845403" />
			<column name="create_datetime" valueDate="2014-10-23T00:04:49.327" />
			<column name="status_id" valueNumeric="10501" />
			<column name="entity_id" valueNumeric="1" />
			<column name="deleted" valueNumeric="0" />
			<column name="item_id" valueNumeric="320105" />
			<column name="order_line_id" />
			<column name="notes" value="Bulk Upload" />
			<column name="optlock" valueNumeric="0" />
			<column name="group_id" />
			<column name="provisioning_status" />
			<column name="global" valueBoolean="true" />
		</insert>
		<insert tableName="asset">
			<column name="id" valueNumeric="10518" />
			<column name="identifier" value="8007916135" />
			<column name="create_datetime" valueDate="2014-10-23T00:04:49.384" />
			<column name="status_id" valueNumeric="10501" />
			<column name="entity_id" valueNumeric="1" />
			<column name="deleted" valueNumeric="0" />
			<column name="item_id" valueNumeric="320105" />
			<column name="order_line_id" />
			<column name="notes" value="Bulk Upload" />
			<column name="optlock" valueNumeric="0" />
			<column name="group_id" />
			<column name="provisioning_status" />
			<column name="global" valueBoolean="true" />
		</insert>
		<insert tableName="asset">
			<column name="id" valueNumeric="10519" />
			<column name="identifier" value="8008017905" />
			<column name="create_datetime" valueDate="2014-10-23T00:04:49.401" />
			<column name="status_id" valueNumeric="10501" />
			<column name="entity_id" valueNumeric="1" />
			<column name="deleted" valueNumeric="0" />
			<column name="item_id" valueNumeric="320105" />
			<column name="order_line_id" />
			<column name="notes" value="Bulk Upload" />
			<column name="optlock" valueNumeric="0" />
			<column name="group_id" />
			<column name="provisioning_status" />
			<column name="global" valueBoolean="true" />
		</insert>
		<insert tableName="asset">
			<column name="id" valueNumeric="10520" />
			<column name="identifier" value="8008111847" />
			<column name="create_datetime" valueDate="2014-10-23T00:04:49.408" />
			<column name="status_id" valueNumeric="10501" />
			<column name="entity_id" valueNumeric="1" />
			<column name="deleted" valueNumeric="0" />
			<column name="item_id" valueNumeric="320105" />
			<column name="order_line_id" />
			<column name="notes" value="Bulk Upload" />
			<column name="optlock" valueNumeric="0" />
			<column name="group_id" />
			<column name="provisioning_status" />
			<column name="global" valueBoolean="true" />
		</insert>
		<insert tableName="asset">
			<column name="id" valueNumeric="10521" />
			<column name="identifier" value="8008222817" />
			<column name="create_datetime" valueDate="2014-10-23T00:04:49.414" />
			<column name="status_id" valueNumeric="10501" />
			<column name="entity_id" valueNumeric="1" />
			<column name="deleted" valueNumeric="0" />
			<column name="item_id" valueNumeric="320105" />
			<column name="order_line_id" />
			<column name="notes" value="Bulk Upload" />
			<column name="optlock" valueNumeric="0" />
			<column name="group_id" />
			<column name="provisioning_status" />
			<column name="global" valueBoolean="true" />
		</insert>
		<insert tableName="asset">
			<column name="id" valueNumeric="10522" />
			<column name="identifier" value="8008301344" />
			<column name="create_datetime" valueDate="2014-10-23T00:04:49.420" />
			<column name="status_id" valueNumeric="10501" />
			<column name="entity_id" valueNumeric="1" />
			<column name="deleted" valueNumeric="0" />
			<column name="item_id" valueNumeric="320105" />
			<column name="order_line_id" />
			<column name="notes" value="Bulk Upload" />
			<column name="optlock" valueNumeric="0" />
			<column name="group_id" />
			<column name="provisioning_status" />
			<column name="global" valueBoolean="true" />
		</insert>
		<insert tableName="asset">
			<column name="id" valueNumeric="10523" />
			<column name="identifier" value="8008318192" />
			<column name="create_datetime" valueDate="2014-10-23T00:04:49.426" />
			<column name="status_id" valueNumeric="10501" />
			<column name="entity_id" valueNumeric="1" />
			<column name="deleted" valueNumeric="0" />
			<column name="item_id" valueNumeric="320105" />
			<column name="order_line_id" />
			<column name="notes" value="Bulk Upload" />
			<column name="optlock" valueNumeric="0" />
			<column name="group_id" />
			<column name="provisioning_status" />
			<column name="global" valueBoolean="true" />
		</insert>
		<insert tableName="asset">
			<column name="id" valueNumeric="10524" />
			<column name="identifier" value="8008400623" />
			<column name="create_datetime" valueDate="2014-10-23T00:04:49.433" />
			<column name="status_id" valueNumeric="10501" />
			<column name="entity_id" valueNumeric="1" />
			<column name="deleted" valueNumeric="0" />
			<column name="item_id" valueNumeric="320108" />
			<column name="order_line_id" />
			<column name="notes" value="Bulk Upload" />
			<column name="optlock" valueNumeric="0" />
			<column name="group_id" />
			<column name="provisioning_status" />
			<column name="global" valueBoolean="true" />
		</insert>
		<insert tableName="asset">
			<column name="id" valueNumeric="10525" />
			<column name="identifier" value="8008427060" />
			<column name="create_datetime" valueDate="2014-10-23T00:04:49.444" />
			<column name="status_id" valueNumeric="10501" />
			<column name="entity_id" valueNumeric="1" />
			<column name="deleted" valueNumeric="0" />
			<column name="item_id" valueNumeric="320108" />
			<column name="order_line_id" />
			<column name="notes" value="Bulk Upload" />
			<column name="optlock" valueNumeric="0" />
			<column name="group_id" />
			<column name="provisioning_status" />
			<column name="global" valueBoolean="true" />
		</insert>
		<insert tableName="asset">
			<column name="id" valueNumeric="10526" />
			<column name="identifier" value="8008459574" />
			<column name="create_datetime" valueDate="2014-10-23T00:04:49.450" />
			<column name="status_id" valueNumeric="10501" />
			<column name="entity_id" valueNumeric="1" />
			<column name="deleted" valueNumeric="0" />
			<column name="item_id" valueNumeric="320108" />
			<column name="order_line_id" />
			<column name="notes" value="Bulk Upload" />
			<column name="optlock" valueNumeric="0" />
			<column name="group_id" />
			<column name="provisioning_status" />
			<column name="global" valueBoolean="true" />
		</insert>
		<insert tableName="asset">
			<column name="id" valueNumeric="10527" />
			<column name="identifier" value="8008483015" />
			<column name="create_datetime" valueDate="2014-10-23T00:04:49.456" />
			<column name="status_id" valueNumeric="10501" />
			<column name="entity_id" valueNumeric="1" />
			<column name="deleted" valueNumeric="0" />
			<column name="item_id" valueNumeric="320108" />
			<column name="order_line_id" />
			<column name="notes" value="Bulk Upload" />
			<column name="optlock" valueNumeric="0" />
			<column name="group_id" />
			<column name="provisioning_status" />
			<column name="global" valueBoolean="true" />
		</insert>
		<insert tableName="asset">
			<column name="id" valueNumeric="10528" />
			<column name="identifier" value="8008527087" />
			<column name="create_datetime" valueDate="2014-10-23T00:04:49.472" />
			<column name="status_id" valueNumeric="10501" />
			<column name="entity_id" valueNumeric="1" />
			<column name="deleted" valueNumeric="0" />
			<column name="item_id" valueNumeric="320108" />
			<column name="order_line_id" />
			<column name="notes" value="Bulk Upload" />
			<column name="optlock" valueNumeric="0" />
			<column name="group_id" />
			<column name="provisioning_status" />
			<column name="global" valueBoolean="true" />
		</insert>
		<insert tableName="asset">
			<column name="id" valueNumeric="10529" />
			<column name="identifier" value="8008581426" />
			<column name="create_datetime" valueDate="2014-10-23T00:04:49.478" />
			<column name="status_id" valueNumeric="10501" />
			<column name="entity_id" valueNumeric="1" />
			<column name="deleted" valueNumeric="0" />
			<column name="item_id" valueNumeric="320108" />
			<column name="order_line_id" />
			<column name="notes" value="Bulk Upload" />
			<column name="optlock" valueNumeric="0" />
			<column name="group_id" />
			<column name="provisioning_status" />
			<column name="global" valueBoolean="true" />
		</insert>
		<insert tableName="asset">
			<column name="id" valueNumeric="10530" />
			<column name="identifier" value="8008731195" />
			<column name="create_datetime" valueDate="2014-10-23T00:04:49.489" />
			<column name="status_id" valueNumeric="10501" />
			<column name="entity_id" valueNumeric="1" />
			<column name="deleted" valueNumeric="0" />
			<column name="item_id" valueNumeric="320108" />
			<column name="order_line_id" />
			<column name="notes" value="Bulk Upload" />
			<column name="optlock" valueNumeric="0" />
			<column name="group_id" />
			<column name="provisioning_status" />
			<column name="global" valueBoolean="true" />
		</insert>
		<insert tableName="asset">
			<column name="id" valueNumeric="10531" />
			<column name="identifier" value="8008757506" />
			<column name="create_datetime" valueDate="2014-10-23T00:04:49.495" />
			<column name="status_id" valueNumeric="10501" />
			<column name="entity_id" valueNumeric="1" />
			<column name="deleted" valueNumeric="0" />
			<column name="item_id" valueNumeric="320108" />
			<column name="order_line_id" />
			<column name="notes" value="Bulk Upload" />
			<column name="optlock" valueNumeric="0" />
			<column name="group_id" />
			<column name="provisioning_status" />
			<column name="global" valueBoolean="true" />
		</insert>
		<insert tableName="asset">
			<column name="id" valueNumeric="10532" />
			<column name="identifier" value="8008817335" />
			<column name="create_datetime" valueDate="2014-10-23T00:04:49.502" />
			<column name="status_id" valueNumeric="10501" />
			<column name="entity_id" valueNumeric="1" />
			<column name="deleted" valueNumeric="0" />
			<column name="item_id" valueNumeric="320108" />
			<column name="order_line_id" />
			<column name="notes" value="Bulk Upload" />
			<column name="optlock" valueNumeric="0" />
			<column name="group_id" />
			<column name="provisioning_status" />
			<column name="global" valueBoolean="true" />
		</insert>
		<insert tableName="asset">
			<column name="id" valueNumeric="10533" />
			<column name="identifier" value="8008884351" />
			<column name="create_datetime" valueDate="2014-10-23T00:04:49.508" />
			<column name="status_id" valueNumeric="10501" />
			<column name="entity_id" valueNumeric="1" />
			<column name="deleted" valueNumeric="0" />
			<column name="item_id" valueNumeric="320108" />
			<column name="order_line_id" />
			<column name="notes" value="Bulk Upload" />
			<column name="optlock" valueNumeric="0" />
			<column name="group_id" />
			<column name="provisioning_status" />
			<column name="global" valueBoolean="true" />
		</insert>
		<insert tableName="asset">
			<column name="id" valueNumeric="10534" />
			<column name="identifier" value="8008940465" />
			<column name="create_datetime" valueDate="2014-10-23T00:04:49.523" />
			<column name="status_id" valueNumeric="10501" />
			<column name="entity_id" valueNumeric="1" />
			<column name="deleted" valueNumeric="0" />
			<column name="item_id" valueNumeric="320108" />
			<column name="order_line_id" />
			<column name="notes" value="Bulk Upload" />
			<column name="optlock" valueNumeric="0" />
			<column name="group_id" />
			<column name="provisioning_status" />
			<column name="global" valueBoolean="true" />
		</insert>
		<insert tableName="asset">
			<column name="id" valueNumeric="10535" />
			<column name="identifier" value="8008970097" />
			<column name="create_datetime" valueDate="2014-10-23T00:04:49.529" />
			<column name="status_id" valueNumeric="10501" />
			<column name="entity_id" valueNumeric="1" />
			<column name="deleted" valueNumeric="0" />
			<column name="item_id" valueNumeric="320108" />
			<column name="order_line_id" />
			<column name="notes" value="Bulk Upload" />
			<column name="optlock" valueNumeric="0" />
			<column name="group_id" />
			<column name="provisioning_status" />
			<column name="global" valueBoolean="true" />
		</insert>
		<insert tableName="asset">
			<column name="id" valueNumeric="10536" />
			<column name="identifier" value="8008985919" />
			<column name="create_datetime" valueDate="2014-10-23T00:04:49.536" />
			<column name="status_id" valueNumeric="10501" />
			<column name="entity_id" valueNumeric="1" />
			<column name="deleted" valueNumeric="0" />
			<column name="item_id" valueNumeric="320108" />
			<column name="order_line_id" />
			<column name="notes" value="Bulk Upload" />
			<column name="optlock" valueNumeric="0" />
			<column name="group_id" />
			<column name="provisioning_status" />
			<column name="global" valueBoolean="true" />
		</insert>
		<insert tableName="asset">
			<column name="id" valueNumeric="10537" />
			<column name="identifier" value="8008996978" />
			<column name="create_datetime" valueDate="2014-10-23T00:04:49.542" />
			<column name="status_id" valueNumeric="10501" />
			<column name="entity_id" valueNumeric="1" />
			<column name="deleted" valueNumeric="0" />
			<column name="item_id" valueNumeric="320108" />
			<column name="order_line_id" />
			<column name="notes" value="Bulk Upload" />
			<column name="optlock" valueNumeric="0" />
			<column name="group_id" />
			<column name="provisioning_status" />
			<column name="global" valueBoolean="true" />
		</insert>
		<insert tableName="asset">
			<column name="id" valueNumeric="10538" />
			<column name="identifier" value="8009055759" />
			<column name="create_datetime" valueDate="2014-10-23T00:04:49.552" />
			<column name="status_id" valueNumeric="10501" />
			<column name="entity_id" valueNumeric="1" />
			<column name="deleted" valueNumeric="0" />
			<column name="item_id" valueNumeric="320108" />
			<column name="order_line_id" />
			<column name="notes" value="Bulk Upload" />
			<column name="optlock" valueNumeric="0" />
			<column name="group_id" />
			<column name="provisioning_status" />
			<column name="global" valueBoolean="true" />
		</insert>
		<insert tableName="asset">
			<column name="id" valueNumeric="10539" />
			<column name="identifier" value="8009063253" />
			<column name="create_datetime" valueDate="2014-10-23T00:04:49.568" />
			<column name="status_id" valueNumeric="10501" />
			<column name="entity_id" valueNumeric="1" />
			<column name="deleted" valueNumeric="0" />
			<column name="item_id" valueNumeric="320108" />
			<column name="order_line_id" />
			<column name="notes" value="Bulk Upload" />
			<column name="optlock" valueNumeric="0" />
			<column name="group_id" />
			<column name="provisioning_status" />
			<column name="global" valueBoolean="true" />
		</insert>
		<insert tableName="asset">
			<column name="id" valueNumeric="10540" />
			<column name="identifier" value="8009138308" />
			<column name="create_datetime" valueDate="2014-10-23T00:04:49.574" />
			<column name="status_id" valueNumeric="10501" />
			<column name="entity_id" valueNumeric="1" />
			<column name="deleted" valueNumeric="0" />
			<column name="item_id" valueNumeric="320108" />
			<column name="order_line_id" />
			<column name="notes" value="Bulk Upload" />
			<column name="optlock" valueNumeric="0" />
			<column name="group_id" />
			<column name="provisioning_status" />
			<column name="global" valueBoolean="true" />
		</insert>
		<insert tableName="asset">
			<column name="id" valueNumeric="10541" />
			<column name="identifier" value="8009141193" />
			<column name="create_datetime" valueDate="2014-10-23T00:04:49.585" />
			<column name="status_id" valueNumeric="10501" />
			<column name="entity_id" valueNumeric="1" />
			<column name="deleted" valueNumeric="0" />
			<column name="item_id" valueNumeric="320108" />
			<column name="order_line_id" />
			<column name="notes" value="Bulk Upload" />
			<column name="optlock" valueNumeric="0" />
			<column name="group_id" />
			<column name="provisioning_status" />
			<column name="global" valueBoolean="true" />
		</insert>
		<insert tableName="asset">
			<column name="id" valueNumeric="10542" />
			<column name="identifier" value="8009167125" />
			<column name="create_datetime" valueDate="2014-10-23T00:04:49.591" />
			<column name="status_id" valueNumeric="10501" />
			<column name="entity_id" valueNumeric="1" />
			<column name="deleted" valueNumeric="0" />
			<column name="item_id" valueNumeric="320108" />
			<column name="order_line_id" />
			<column name="notes" value="Bulk Upload" />
			<column name="optlock" valueNumeric="0" />
			<column name="group_id" />
			<column name="provisioning_status" />
			<column name="global" valueBoolean="true" />
		</insert>
		<insert tableName="asset">
			<column name="id" valueNumeric="10543" />
			<column name="identifier" value="8009216056" />
			<column name="create_datetime" valueDate="2014-10-23T00:04:49.597" />
			<column name="status_id" valueNumeric="10501" />
			<column name="entity_id" valueNumeric="1" />
			<column name="deleted" valueNumeric="0" />
			<column name="item_id" valueNumeric="320108" />
			<column name="order_line_id" />
			<column name="notes" value="Bulk Upload" />
			<column name="optlock" valueNumeric="0" />
			<column name="group_id" />
			<column name="provisioning_status" />
			<column name="global" valueBoolean="true" />
		</insert>
		<insert tableName="asset">
			<column name="id" valueNumeric="10544" />
			<column name="identifier" value="8009283381" />
			<column name="create_datetime" valueDate="2014-10-23T00:04:49.604" />
			<column name="status_id" valueNumeric="10501" />
			<column name="entity_id" valueNumeric="1" />
			<column name="deleted" valueNumeric="0" />
			<column name="item_id" valueNumeric="320108" />
			<column name="order_line_id" />
			<column name="notes" value="Bulk Upload" />
			<column name="optlock" valueNumeric="0" />
			<column name="group_id" />
			<column name="provisioning_status" />
			<column name="global" valueBoolean="true" />
		</insert>
		<insert tableName="asset">
			<column name="id" valueNumeric="10545" />
			<column name="identifier" value="8009394752" />
			<column name="create_datetime" valueDate="2014-10-23T00:04:49.611" />
			<column name="status_id" valueNumeric="10501" />
			<column name="entity_id" valueNumeric="1" />
			<column name="deleted" valueNumeric="0" />
			<column name="item_id" valueNumeric="320108" />
			<column name="order_line_id" />
			<column name="notes" value="Bulk Upload" />
			<column name="optlock" valueNumeric="0" />
			<column name="group_id" />
			<column name="provisioning_status" />
			<column name="global" valueBoolean="true" />
		</insert>
		<insert tableName="asset">
			<column name="id" valueNumeric="10546" />
			<column name="identifier" value="8009397857" />
			<column name="create_datetime" valueDate="2014-10-23T00:04:49.624" />
			<column name="status_id" valueNumeric="10501" />
			<column name="entity_id" valueNumeric="1" />
			<column name="deleted" valueNumeric="0" />
			<column name="item_id" valueNumeric="320108" />
			<column name="order_line_id" />
			<column name="notes" value="Bulk Upload" />
			<column name="optlock" valueNumeric="0" />
			<column name="group_id" />
			<column name="provisioning_status" />
			<column name="global" valueBoolean="true" />
		</insert>
		<insert tableName="asset">
			<column name="id" valueNumeric="10547" />
			<column name="identifier" value="8009418493" />
			<column name="create_datetime" valueDate="2014-10-23T00:04:49.630" />
			<column name="status_id" valueNumeric="10501" />
			<column name="entity_id" valueNumeric="1" />
			<column name="deleted" valueNumeric="0" />
			<column name="item_id" valueNumeric="320108" />
			<column name="order_line_id" />
			<column name="notes" value="Bulk Upload" />
			<column name="optlock" valueNumeric="0" />
			<column name="group_id" />
			<column name="provisioning_status" />
			<column name="global" valueBoolean="true" />
		</insert>
		<insert tableName="asset">
			<column name="id" valueNumeric="10548" />
			<column name="identifier" value="8009419070" />
			<column name="create_datetime" valueDate="2014-10-23T00:04:49.644" />
			<column name="status_id" valueNumeric="10501" />
			<column name="entity_id" valueNumeric="1" />
			<column name="deleted" valueNumeric="0" />
			<column name="item_id" valueNumeric="320108" />
			<column name="order_line_id" />
			<column name="notes" value="Bulk Upload" />
			<column name="optlock" valueNumeric="0" />
			<column name="group_id" />
			<column name="provisioning_status" />
			<column name="global" valueBoolean="true" />
		</insert>
		<insert tableName="asset">
			<column name="id" valueNumeric="10549" />
			<column name="identifier" value="8009483510" />
			<column name="create_datetime" valueDate="2014-10-23T00:04:49.650" />
			<column name="status_id" valueNumeric="10501" />
			<column name="entity_id" valueNumeric="1" />
			<column name="deleted" valueNumeric="0" />
			<column name="item_id" valueNumeric="320108" />
			<column name="order_line_id" />
			<column name="notes" value="Bulk Upload" />
			<column name="optlock" valueNumeric="0" />
			<column name="group_id" />
			<column name="provisioning_status" />
			<column name="global" valueBoolean="true" />
		</insert>
		<insert tableName="asset">
			<column name="id" valueNumeric="10550" />
			<column name="identifier" value="8009591510" />
			<column name="create_datetime" valueDate="2014-10-23T00:04:49.662" />
			<column name="status_id" valueNumeric="10501" />
			<column name="entity_id" valueNumeric="1" />
			<column name="deleted" valueNumeric="0" />
			<column name="item_id" valueNumeric="320108" />
			<column name="order_line_id" />
			<column name="notes" value="Bulk Upload" />
			<column name="optlock" valueNumeric="0" />
			<column name="group_id" />
			<column name="provisioning_status" />
			<column name="global" valueBoolean="true" />
		</insert>
		<insert tableName="asset">
			<column name="id" valueNumeric="10551" />
			<column name="identifier" value="8009601987" />
			<column name="create_datetime" valueDate="2014-10-23T00:04:49.675" />
			<column name="status_id" valueNumeric="10501" />
			<column name="entity_id" valueNumeric="1" />
			<column name="deleted" valueNumeric="0" />
			<column name="item_id" valueNumeric="320108" />
			<column name="order_line_id" />
			<column name="notes" value="Bulk Upload" />
			<column name="optlock" valueNumeric="0" />
			<column name="group_id" />
			<column name="provisioning_status" />
			<column name="global" valueBoolean="true" />
		</insert>
		<insert tableName="asset">
			<column name="id" valueNumeric="10552" />
			<column name="identifier" value="8009668141" />
			<column name="create_datetime" valueDate="2014-10-23T00:04:49.682" />
			<column name="status_id" valueNumeric="10501" />
			<column name="entity_id" valueNumeric="1" />
			<column name="deleted" valueNumeric="0" />
			<column name="item_id" valueNumeric="320108" />
			<column name="order_line_id" />
			<column name="notes" value="Bulk Upload" />
			<column name="optlock" valueNumeric="0" />
			<column name="group_id" />
			<column name="provisioning_status" />
			<column name="global" valueBoolean="true" />
		</insert>
		<insert tableName="asset">
			<column name="id" valueNumeric="10553" />
			<column name="identifier" value="8009791358" />
			<column name="create_datetime" valueDate="2014-10-23T00:04:49.689" />
			<column name="status_id" valueNumeric="10501" />
			<column name="entity_id" valueNumeric="1" />
			<column name="deleted" valueNumeric="0" />
			<column name="item_id" valueNumeric="320108" />
			<column name="order_line_id" />
			<column name="notes" value="Bulk Upload" />
			<column name="optlock" valueNumeric="0" />
			<column name="group_id" />
			<column name="provisioning_status" />
			<column name="global" valueBoolean="true" />
		</insert>
		<insert tableName="asset">
			<column name="id" valueNumeric="10554" />
			<column name="identifier" value="8009801892" />
			<column name="create_datetime" valueDate="2014-10-23T00:04:49.701" />
			<column name="status_id" valueNumeric="10501" />
			<column name="entity_id" valueNumeric="1" />
			<column name="deleted" valueNumeric="0" />
			<column name="item_id" valueNumeric="320108" />
			<column name="order_line_id" />
			<column name="notes" value="Bulk Upload" />
			<column name="optlock" valueNumeric="0" />
			<column name="group_id" />
			<column name="provisioning_status" />
			<column name="global" valueBoolean="true" />
		</insert>
		<insert tableName="asset">
			<column name="id" valueNumeric="10555" />
			<column name="identifier" value="8009862210" />
			<column name="create_datetime" valueDate="2014-10-23T00:04:49.707" />
			<column name="status_id" valueNumeric="10501" />
			<column name="entity_id" valueNumeric="1" />
			<column name="deleted" valueNumeric="0" />
			<column name="item_id" valueNumeric="320108" />
			<column name="order_line_id" />
			<column name="notes" value="Bulk Upload" />
			<column name="optlock" valueNumeric="0" />
			<column name="group_id" />
			<column name="provisioning_status" />
			<column name="global" valueBoolean="true" />
		</insert>
		<insert tableName="asset">
			<column name="id" valueNumeric="10556" />
			<column name="identifier" value="8009875747" />
			<column name="create_datetime" valueDate="2014-10-23T00:04:49.722" />
			<column name="status_id" valueNumeric="10501" />
			<column name="entity_id" valueNumeric="1" />
			<column name="deleted" valueNumeric="0" />
			<column name="item_id" valueNumeric="320108" />
			<column name="order_line_id" />
			<column name="notes" value="Bulk Upload" />
			<column name="optlock" valueNumeric="0" />
			<column name="group_id" />
			<column name="provisioning_status" />
			<column name="global" valueBoolean="true" />
		</insert>
		<insert tableName="asset">
			<column name="id" valueNumeric="10557" />
			<column name="identifier" value="8009875748" />
			<column name="create_datetime" valueDate="2014-10-23T00:04:49.729" />
			<column name="status_id" valueNumeric="10501" />
			<column name="entity_id" valueNumeric="1" />
			<column name="deleted" valueNumeric="0" />
			<column name="item_id" valueNumeric="320108" />
			<column name="order_line_id" />
			<column name="notes" value="Bulk Upload" />
			<column name="optlock" valueNumeric="0" />
			<column name="group_id" />
			<column name="provisioning_status" />
			<column name="global" valueBoolean="true" />
		</insert>
		<insert tableName="asset">
			<column name="id" valueNumeric="10558" />
			<column name="identifier" value="8009878792" />
			<column name="create_datetime" valueDate="2014-10-23T00:04:49.739" />
			<column name="status_id" valueNumeric="10501" />
			<column name="entity_id" valueNumeric="1" />
			<column name="deleted" valueNumeric="0" />
			<column name="item_id" valueNumeric="320108" />
			<column name="order_line_id" />
			<column name="notes" value="Bulk Upload" />
			<column name="optlock" valueNumeric="0" />
			<column name="group_id" />
			<column name="provisioning_status" />
			<column name="global" valueBoolean="true" />
		</insert>
		<insert tableName="asset">
			<column name="id" valueNumeric="10559" />
			<column name="identifier" value="8009974854" />
			<column name="create_datetime" valueDate="2014-10-23T00:04:49.750" />
			<column name="status_id" valueNumeric="10501" />
			<column name="entity_id" valueNumeric="1" />
			<column name="deleted" valueNumeric="0" />
			<column name="item_id" valueNumeric="320108" />
			<column name="order_line_id" />
			<column name="notes" value="Bulk Upload" />
			<column name="optlock" valueNumeric="0" />
			<column name="group_id" />
			<column name="provisioning_status" />
			<column name="global" valueBoolean="true" />
		</insert>
		<insert tableName="asset">
			<column name="id" valueNumeric="10560" />
			<column name="identifier" value="8009981979" />
			<column name="create_datetime" valueDate="2014-10-23T00:04:49.765" />
			<column name="status_id" valueNumeric="10501" />
			<column name="entity_id" valueNumeric="1" />
			<column name="deleted" valueNumeric="0" />
			<column name="item_id" valueNumeric="320108" />
			<column name="order_line_id" />
			<column name="notes" value="Bulk Upload" />
			<column name="optlock" valueNumeric="0" />
			<column name="group_id" />
			<column name="provisioning_status" />
			<column name="global" valueBoolean="true" />
		</insert>
		<insert tableName="asset">
			<column name="id" valueNumeric="10561" />
			<column name="identifier" value="2065775209" />
			<column name="create_datetime" valueDate="2014-10-23T00:05:48.714" />
			<column name="status_id" valueNumeric="10501" />
			<column name="entity_id" valueNumeric="1" />
			<column name="deleted" valueNumeric="0" />
			<column name="item_id" valueNumeric="320108" />
			<column name="order_line_id" />
			<column name="notes" value="Bulk Upload" />
			<column name="optlock" valueNumeric="0" />
			<column name="group_id" />
			<column name="provisioning_status" />
			<column name="global" valueBoolean="true" />
		</insert>
		<insert tableName="asset">
			<column name="id" valueNumeric="10562" />
			<column name="identifier" value="2065775210" />
			<column name="create_datetime" valueDate="2014-10-23T00:05:49.676" />
			<column name="status_id" valueNumeric="10501" />
			<column name="entity_id" valueNumeric="1" />
			<column name="deleted" valueNumeric="0" />
			<column name="item_id" valueNumeric="320108" />
			<column name="order_line_id" />
			<column name="notes" value="Bulk Upload" />
			<column name="optlock" valueNumeric="0" />
			<column name="group_id" />
			<column name="provisioning_status" />
			<column name="global" valueBoolean="true" />
		</insert>
		<insert tableName="asset">
			<column name="id" valueNumeric="10563" />
			<column name="identifier" value="2065775212" />
			<column name="create_datetime" valueDate="2014-10-23T00:05:49.687" />
			<column name="status_id" valueNumeric="10501" />
			<column name="entity_id" valueNumeric="1" />
			<column name="deleted" valueNumeric="0" />
			<column name="item_id" valueNumeric="320108" />
			<column name="order_line_id" />
			<column name="notes" value="Bulk Upload" />
			<column name="optlock" valueNumeric="0" />
			<column name="group_id" />
			<column name="provisioning_status" />
			<column name="global" valueBoolean="true" />
		</insert>
		<insert tableName="asset">
			<column name="id" valueNumeric="10564" />
			<column name="identifier" value="3232089171" />
			<column name="create_datetime" valueDate="2014-10-23T00:05:49.694" />
			<column name="status_id" valueNumeric="10501" />
			<column name="entity_id" valueNumeric="1" />
			<column name="deleted" valueNumeric="0" />
			<column name="item_id" valueNumeric="320108" />
			<column name="order_line_id" />
			<column name="notes" value="Bulk Upload" />
			<column name="optlock" valueNumeric="0" />
			<column name="group_id" />
			<column name="provisioning_status" />
			<column name="global" valueBoolean="true" />
		</insert>
		<insert tableName="asset">
			<column name="id" valueNumeric="10568" />
			<column name="identifier" value="1215956534" />
			<column name="create_datetime" valueDate="2014-10-23T00:07:19.778" />
			<column name="status_id" valueNumeric="10501" />
			<column name="entity_id" valueNumeric="1" />
			<column name="deleted" valueNumeric="0" />
			<column name="item_id" valueNumeric="320104" />
			<column name="order_line_id" />
			<column name="notes" value="Bulk Upload" />
			<column name="optlock" valueNumeric="0" />
			<column name="group_id" />
			<column name="provisioning_status" />
			<column name="global" valueBoolean="true" />
		</insert>
		<insert tableName="asset">
			<column name="id" valueNumeric="10572" />
			<column name="identifier" value="98005956534" />
			<column name="create_datetime" valueDate="2014-10-23T00:07:19.879" />
			<column name="status_id" valueNumeric="10501" />
			<column name="entity_id" valueNumeric="1" />
			<column name="deleted" valueNumeric="0" />
			<column name="item_id" valueNumeric="320104" />
			<column name="order_line_id" />
			<column name="notes" value="Bulk Upload" />
			<column name="optlock" valueNumeric="0" />
			<column name="group_id" />
			<column name="provisioning_status" />
			<column name="global" valueBoolean="true" />
		</insert>
		<insert tableName="asset">
			<column name="id" valueNumeric="10573" />
			<column name="identifier" value="48005956534" />
			<column name="create_datetime" valueDate="2014-10-23T00:07:19.899" />
			<column name="status_id" valueNumeric="10501" />
			<column name="entity_id" valueNumeric="1" />
			<column name="deleted" valueNumeric="0" />
			<column name="item_id" valueNumeric="320104" />
			<column name="order_line_id" />
			<column name="notes" value="Bulk Upload" />
			<column name="optlock" valueNumeric="0" />
			<column name="group_id" />
			<column name="provisioning_status" />
			<column name="global" valueBoolean="true" />
		</insert>
		<insert tableName="asset">
			<column name="id" valueNumeric="10566" />
			<column name="identifier" value="8774009503" />
			<column name="create_datetime" valueDate="2014-10-23T00:06:27.751" />
			<column name="status_id" valueNumeric="10501" />
			<column name="entity_id" valueNumeric="1" />
			<column name="deleted" valueNumeric="0" />
			<column name="item_id" valueNumeric="320107" />
			<column name="order_line_id" />
			<column name="notes" value="Bulk Upload" />
			<column name="optlock" valueNumeric="0" />
			<column name="group_id" />
			<column name="provisioning_status" />
			<column name="global" valueBoolean="true" />
		</insert>
		<insert tableName="asset">
			<column name="id" valueNumeric="10610" />
			<column name="identifier" value="8774009504" />
			<column name="create_datetime" valueDate="2014-10-23T00:06:27.751" />
			<column name="status_id" valueNumeric="10501" />
			<column name="entity_id" valueNumeric="1" />
			<column name="deleted" valueNumeric="0" />
			<column name="item_id" valueNumeric="320107" />
			<column name="order_line_id" />
			<column name="notes" value="Bulk Upload" />
			<column name="optlock" valueNumeric="0" />
			<column name="group_id" />
			<column name="provisioning_status" />
			<column name="global" valueBoolean="true" />
		</insert>
		<insert tableName="asset">
			<column name="id" valueNumeric="10611" />
			<column name="identifier" value="8774009505" />
			<column name="create_datetime" valueDate="2014-10-23T00:06:27.751" />
			<column name="status_id" valueNumeric="10501" />
			<column name="entity_id" valueNumeric="1" />
			<column name="deleted" valueNumeric="0" />
			<column name="item_id" valueNumeric="320107" />
			<column name="order_line_id" />
			<column name="notes" value="Bulk Upload" />
			<column name="optlock" valueNumeric="0" />
			<column name="group_id" />
			<column name="provisioning_status" />
			<column name="global" valueBoolean="true" />
		</insert>
		<insert tableName="asset">
			<column name="id" valueNumeric="10612" />
			<column name="identifier" value="8774009506" />
			<column name="create_datetime" valueDate="2014-10-23T00:06:27.751" />
			<column name="status_id" valueNumeric="10501" />
			<column name="entity_id" valueNumeric="1" />
			<column name="deleted" valueNumeric="0" />
			<column name="item_id" valueNumeric="320107" />
			<column name="order_line_id" />
			<column name="notes" value="Bulk Upload" />
			<column name="optlock" valueNumeric="0" />
			<column name="group_id" />
			<column name="provisioning_status" />
			<column name="global" valueBoolean="true" />
		</insert>
		<insert tableName="asset">
			<column name="id" valueNumeric="10613" />
			<column name="identifier" value="8774009507" />
			<column name="create_datetime" valueDate="2014-10-23T00:06:27.751" />
			<column name="status_id" valueNumeric="10501" />
			<column name="entity_id" valueNumeric="1" />
			<column name="deleted" valueNumeric="0" />
			<column name="item_id" valueNumeric="320107" />
			<column name="order_line_id" />
			<column name="notes" value="Bulk Upload" />
			<column name="optlock" valueNumeric="0" />
			<column name="group_id" />
			<column name="provisioning_status" />
			<column name="global" valueBoolean="true" />
		</insert>
		<insert tableName="asset">
			<column name="id" valueNumeric="10614" />
			<column name="identifier" value="8774009508" />
			<column name="create_datetime" valueDate="2014-10-23T00:06:27.751" />
			<column name="status_id" valueNumeric="10501" />
			<column name="entity_id" valueNumeric="1" />
			<column name="deleted" valueNumeric="0" />
			<column name="item_id" valueNumeric="320107" />
			<column name="order_line_id" />
			<column name="notes" value="Bulk Upload" />
			<column name="optlock" valueNumeric="0" />
			<column name="group_id" />
			<column name="provisioning_status" />
			<column name="global" valueBoolean="true" />
		</insert>
		<insert tableName="asset">
			<column name="id" valueNumeric="10615" />
			<column name="identifier" value="2065775210" />
			<column name="create_datetime" valueDate="2014-10-23T00:05:48.714" />
			<column name="status_id" valueNumeric="10501" />
			<column name="entity_id" valueNumeric="1" />
			<column name="deleted" valueNumeric="0" />
			<column name="item_id" valueNumeric="320108" />
			<column name="order_line_id" />
			<column name="notes" value="Bulk Upload" />
			<column name="optlock" valueNumeric="0" />
			<column name="group_id" />
			<column name="provisioning_status" />
			<column name="global" valueBoolean="true" />
		</insert>
		<insert tableName="asset">
			<column name="id" valueNumeric="10616" />
			<column name="identifier" value="2065775211" />
			<column name="create_datetime" valueDate="2014-10-23T00:05:48.714" />
			<column name="status_id" valueNumeric="10501" />
			<column name="entity_id" valueNumeric="1" />
			<column name="deleted" valueNumeric="0" />
			<column name="item_id" valueNumeric="320108" />
			<column name="order_line_id" />
			<column name="notes" value="Bulk Upload" />
			<column name="optlock" valueNumeric="0" />
			<column name="group_id" />
			<column name="provisioning_status" />
			<column name="global" valueBoolean="true" />
		</insert>
		<insert tableName="asset">
			<column name="id" valueNumeric="10617" />
			<column name="identifier" value="2065775212" />
			<column name="create_datetime" valueDate="2014-10-23T00:05:48.714" />
			<column name="status_id" valueNumeric="10501" />
			<column name="entity_id" valueNumeric="1" />
			<column name="deleted" valueNumeric="0" />
			<column name="item_id" valueNumeric="320108" />
			<column name="order_line_id" />
			<column name="notes" value="Bulk Upload" />
			<column name="optlock" valueNumeric="0" />
			<column name="group_id" />
			<column name="provisioning_status" />
			<column name="global" valueBoolean="true" />
		</insert>
		<insert tableName="asset">
			<column name="id" valueNumeric="10618" />
			<column name="identifier" value="2065775213" />
			<column name="create_datetime" valueDate="2014-10-23T00:05:48.714" />
			<column name="status_id" valueNumeric="10501" />
			<column name="entity_id" valueNumeric="1" />
			<column name="deleted" valueNumeric="0" />
			<column name="item_id" valueNumeric="320108" />
			<column name="order_line_id" />
			<column name="notes" value="Bulk Upload" />
			<column name="optlock" valueNumeric="0" />
			<column name="group_id" />
			<column name="provisioning_status" />
			<column name="global" valueBoolean="true" />
		</insert>
		<insert tableName="asset">
			<column name="id" valueNumeric="10569" />
			<column name="identifier" value="2215251315" />
			<column name="create_datetime" valueDate="2014-10-23T00:07:19.791" />
			<column name="status_id" valueNumeric="10501" />
			<column name="entity_id" valueNumeric="1" />
			<column name="deleted" valueNumeric="0" />
			<column name="item_id" valueNumeric="320104" />
			<column name="order_line_id" />
			<column name="notes" value="Bulk Upload" />
			<column name="optlock" valueNumeric="0" />
			<column name="group_id" />
			<column name="provisioning_status" />
			<column name="global" valueBoolean="true" />
		</insert>
		<insert tableName="asset">
			<column name="id" valueNumeric="10570" />
			<column name="identifier" value="2214895446" />
			<column name="create_datetime" valueDate="2014-10-23T00:07:19.802" />
			<column name="status_id" valueNumeric="10501" />
			<column name="entity_id" valueNumeric="1" />
			<column name="deleted" valueNumeric="0" />
			<column name="item_id" valueNumeric="320104" />
			<column name="order_line_id" />
			<column name="notes" value="Bulk Upload" />
			<column name="optlock" valueNumeric="0" />
			<column name="group_id" />
			<column name="provisioning_status" />
			<column name="global" valueBoolean="true" />
		</insert>
		<insert tableName="asset">
			<column name="id" valueNumeric="10571" />
			<column name="identifier" value="1215213824" />
			<column name="create_datetime" valueDate="2014-10-23T00:07:19.869" />
			<column name="status_id" valueNumeric="10501" />
			<column name="entity_id" valueNumeric="1" />
			<column name="deleted" valueNumeric="0" />
			<column name="item_id" valueNumeric="320104" />
			<column name="order_line_id" />
			<column name="notes" value="Bulk Upload" />
			<column name="optlock" valueNumeric="0" />
			<column name="group_id" />
			<column name="provisioning_status" />
			<column name="global" valueBoolean="true" />
		</insert>
		<insert tableName="asset">
			<column name="id" valueNumeric="10593" />
			<column name="identifier" value="15004618535" />
			<column name="create_datetime" valueDate="2014-10-23T00:07:21.3" />
			<column name="status_id" valueNumeric="10501" />
			<column name="entity_id" valueNumeric="1" />
			<column name="deleted" valueNumeric="0" />
			<column name="item_id" valueNumeric="320104" />
			<column name="order_line_id" />
			<column name="notes" value="Bulk Upload" />
			<column name="optlock" valueNumeric="0" />
			<column name="group_id" />
			<column name="provisioning_status" />
			<column name="global" valueBoolean="true" />
		</insert>
		<insert tableName="asset">
			<column name="id" valueNumeric="10594" />
			<column name="identifier" value="9005251315" />
			<column name="create_datetime" valueDate="2014-10-23T00:07:21.31" />
			<column name="status_id" valueNumeric="10501" />
			<column name="entity_id" valueNumeric="1" />
			<column name="deleted" valueNumeric="0" />
			<column name="item_id" valueNumeric="320104" />
			<column name="order_line_id" />
			<column name="notes" value="Bulk Upload" />
			<column name="optlock" valueNumeric="0" />
			<column name="group_id" />
			<column name="provisioning_status" />
			<column name="global" valueBoolean="true" />
		</insert>
		<insert tableName="asset">
			<column name="id" valueNumeric="10595" />
			<column name="identifier" value="1210000173" />
			<column name="create_datetime" valueDate="2014-10-23T00:07:21.39" />
			<column name="status_id" valueNumeric="10501" />
			<column name="entity_id" valueNumeric="1" />
			<column name="deleted" valueNumeric="0" />
			<column name="item_id" valueNumeric="320104" />
			<column name="order_line_id" />
			<column name="notes" value="Bulk Upload" />
			<column name="optlock" valueNumeric="0" />
			<column name="group_id" />
			<column name="provisioning_status" />
			<column name="global" valueBoolean="true" />
		</insert>
		<insert tableName="asset">
			<column name="id" valueNumeric="10596" />
			<column name="identifier" value="2217887718" />
			<column name="create_datetime" valueDate="2014-10-23T00:07:21.89" />
			<column name="status_id" valueNumeric="10501" />
			<column name="entity_id" valueNumeric="1" />
			<column name="deleted" valueNumeric="0" />
			<column name="item_id" valueNumeric="320104" />
			<column name="order_line_id" />
			<column name="notes" value="Bulk Upload" />
			<column name="optlock" valueNumeric="0" />
			<column name="group_id" />
			<column name="provisioning_status" />
			<column name="global" valueBoolean="true" />
		</insert>
		<insert tableName="asset">
			<column name="id" valueNumeric="10597" />
			<column name="identifier" value="1210000212" />
			<column name="create_datetime" valueDate="2014-10-23T00:07:21.95" />
			<column name="status_id" valueNumeric="10501" />
			<column name="entity_id" valueNumeric="1" />
			<column name="deleted" valueNumeric="0" />
			<column name="item_id" valueNumeric="320104" />
			<column name="order_line_id" />
			<column name="notes" value="Bulk Upload" />
			<column name="optlock" valueNumeric="0" />
			<column name="group_id" />
			<column name="provisioning_status" />
			<column name="global" valueBoolean="true" />
		</insert>
		<insert tableName="asset">
			<column name="id" valueNumeric="10598" />
			<column name="identifier" value="67005956534" />
			<column name="create_datetime" valueDate="2014-10-23T00:07:21.167" />
			<column name="status_id" valueNumeric="10501" />
			<column name="entity_id" valueNumeric="1" />
			<column name="deleted" valueNumeric="0" />
			<column name="item_id" valueNumeric="320104" />
			<column name="order_line_id" />
			<column name="notes" value="Bulk Upload" />
			<column name="optlock" valueNumeric="0" />
			<column name="group_id" />
			<column name="provisioning_status" />
			<column name="global" valueBoolean="true" />
		</insert>
		<insert tableName="asset">
			<column name="id" valueNumeric="10599" />
			<column name="identifier" value="5217887718" />
			<column name="create_datetime" valueDate="2014-10-23T00:07:21.259" />
			<column name="status_id" valueNumeric="10501" />
			<column name="entity_id" valueNumeric="1" />
			<column name="deleted" valueNumeric="0" />
			<column name="item_id" valueNumeric="320104" />
			<column name="order_line_id" />
			<column name="notes" value="Bulk Upload" />
			<column name="optlock" valueNumeric="0" />
			<column name="group_id" />
			<column name="provisioning_status" />
			<column name="global" valueBoolean="true" />
		</insert>
		<insert tableName="asset">
			<column name="id" valueNumeric="10600" />
			<column name="identifier" value="1210000213" />
			<column name="create_datetime" valueDate="2014-10-23T00:07:21.288" />
			<column name="status_id" valueNumeric="10501" />
			<column name="entity_id" valueNumeric="1" />
			<column name="deleted" valueNumeric="0" />
			<column name="item_id" valueNumeric="320104" />
			<column name="order_line_id" />
			<column name="notes" value="Bulk Upload" />
			<column name="optlock" valueNumeric="0" />
			<column name="group_id" />
			<column name="provisioning_status" />
			<column name="global" valueBoolean="true" />
		</insert>
		<insert tableName="asset">
			<column name="id" valueNumeric="10601" />
			<column name="identifier" value="1210000215" />
			<column name="create_datetime" valueDate="2014-10-23T00:07:21.473" />
			<column name="status_id" valueNumeric="10501" />
			<column name="entity_id" valueNumeric="1" />
			<column name="deleted" valueNumeric="0" />
			<column name="item_id" valueNumeric="320104" />
			<column name="order_line_id" />
			<column name="notes" value="Bulk Upload" />
			<column name="optlock" valueNumeric="0" />
			<column name="group_id" />
			<column name="provisioning_status" />
			<column name="global" valueBoolean="true" />
		</insert>
		<insert tableName="asset">
			<column name="id" valueNumeric="10602" />
			<column name="identifier" value="1210000172" />
			<column name="create_datetime" valueDate="2014-10-23T00:07:22.179" />
			<column name="status_id" valueNumeric="10501" />
			<column name="entity_id" valueNumeric="1" />
			<column name="deleted" valueNumeric="0" />
			<column name="item_id" valueNumeric="320104" />
			<column name="order_line_id" />
			<column name="notes" value="Bulk Upload" />
			<column name="optlock" valueNumeric="0" />
			<column name="group_id" />
			<column name="provisioning_status" />
			<column name="global" valueBoolean="true" />
		</insert>
		<insert tableName="asset">
			<column name="id" valueNumeric="10603" />
			<column name="identifier" value="66005956534" />
			<column name="create_datetime" valueDate="2014-10-23T00:07:22.221" />
			<column name="status_id" valueNumeric="10501" />
			<column name="entity_id" valueNumeric="1" />
			<column name="deleted" valueNumeric="0" />
			<column name="item_id" valueNumeric="320104" />
			<column name="order_line_id" />
			<column name="notes" value="Bulk Upload" />
			<column name="optlock" valueNumeric="0" />
			<column name="group_id" />
			<column name="provisioning_status" />
			<column name="global" valueBoolean="true" />
		</insert>
		<insert tableName="asset">
			<column name="id" valueNumeric="10604" />
			<column name="identifier" value="1210000202" />
			<column name="create_datetime" valueDate="2014-10-23T00:07:22.442" />
			<column name="status_id" valueNumeric="10501" />
			<column name="entity_id" valueNumeric="1" />
			<column name="deleted" valueNumeric="0" />
			<column name="item_id" valueNumeric="320104" />
			<column name="order_line_id" />
			<column name="notes" value="Bulk Upload" />
			<column name="optlock" valueNumeric="0" />
			<column name="group_id" />
			<column name="provisioning_status" />
			<column name="global" valueBoolean="true" />
		</insert>
		<insert tableName="asset">
			<column name="id" valueNumeric="10605" />
			<column name="identifier" value="1210000206" />
			<column name="create_datetime" valueDate="2014-10-23T00:07:22.453" />
			<column name="status_id" valueNumeric="10501" />
			<column name="entity_id" valueNumeric="1" />
			<column name="deleted" valueNumeric="0" />
			<column name="item_id" valueNumeric="320104" />
			<column name="order_line_id" />
			<column name="notes" value="Bulk Upload" />
			<column name="optlock" valueNumeric="0" />
			<column name="group_id" />
			<column name="provisioning_status" />
			<column name="global" valueBoolean="true" />
		</insert>
		<insert tableName="asset">
			<column name="id" valueNumeric="10607" />
			<column name="identifier" value="1210000166" />
			<column name="create_datetime" valueDate="2014-10-23T00:07:23.773" />
			<column name="status_id" valueNumeric="10501" />
			<column name="entity_id" valueNumeric="1" />
			<column name="deleted" valueNumeric="0" />
			<column name="item_id" valueNumeric="320104" />
			<column name="order_line_id" />
			<column name="notes" value="Bulk Upload" />
			<column name="optlock" valueNumeric="0" />
			<column name="group_id" />
			<column name="provisioning_status" />
			<column name="global" valueBoolean="true" />
		</insert>
		<insert tableName="asset">
			<column name="id" valueNumeric="10608" />
			<column name="identifier" value="1210000171" />
			<column name="create_datetime" valueDate="2014-10-23T00:07:23.863" />
			<column name="status_id" valueNumeric="10501" />
			<column name="entity_id" valueNumeric="1" />
			<column name="deleted" valueNumeric="0" />
			<column name="item_id" valueNumeric="320104" />
			<column name="order_line_id" />
			<column name="notes" value="Bulk Upload" />
			<column name="optlock" valueNumeric="0" />
			<column name="group_id" />
			<column name="provisioning_status" />
			<column name="global" valueBoolean="true" />
		</insert>
		<insert tableName="asset">
			<column name="id" valueNumeric="10567" />
			<column name="identifier" value="1930003444" />
			<column name="create_datetime" valueDate="2014-10-23T00:06:27.780" />
			<column name="status_id" valueNumeric="10501" />
			<column name="entity_id" valueNumeric="1" />
			<column name="deleted" valueNumeric="0" />
			<column name="item_id" valueNumeric="320107" />
			<column name="order_line_id" />
			<column name="notes" value="Bulk Upload" />
			<column name="optlock" valueNumeric="1" />
			<column name="group_id" />
			<column name="provisioning_status" />
			<column name="global" valueBoolean="true" />
		</insert>
		<insert tableName="asset">
			<column name="id" valueNumeric="10574" />
			<column name="identifier" value="10002205390" />
			<column name="create_datetime" valueDate="2014-10-23T00:07:19.960" />
			<column name="status_id" valueNumeric="10501" />
			<column name="entity_id" valueNumeric="1" />
			<column name="deleted" valueNumeric="0" />
			<column name="item_id" valueNumeric="320104" />
			<column name="order_line_id" />
			<column name="notes" value="Bulk Upload" />
			<column name="optlock" valueNumeric="0" />
			<column name="group_id" />
			<column name="provisioning_status" />
			<column name="global" valueBoolean="true" />
		</insert>
		<insert tableName="asset">
			<column name="id" valueNumeric="10575" />
			<column name="identifier" value="13211265828" />
			<column name="create_datetime" valueDate="2014-10-23T00:07:20.176" />
			<column name="status_id" valueNumeric="10501" />
			<column name="entity_id" valueNumeric="1" />
			<column name="deleted" valueNumeric="0" />
			<column name="item_id" valueNumeric="320104" />
			<column name="order_line_id" />
			<column name="notes" value="Bulk Upload" />
			<column name="optlock" valueNumeric="0" />
			<column name="group_id" />
			<column name="provisioning_status" />
			<column name="global" valueBoolean="true" />
		</insert>
		<insert tableName="asset">
			<column name="id" valueNumeric="10576" />
			<column name="identifier" value="1213238894" />
			<column name="create_datetime" valueDate="2014-10-23T00:07:20.191" />
			<column name="status_id" valueNumeric="10501" />
			<column name="entity_id" valueNumeric="1" />
			<column name="deleted" valueNumeric="0" />
			<column name="item_id" valueNumeric="320104" />
			<column name="order_line_id" />
			<column name="notes" value="Bulk Upload" />
			<column name="optlock" valueNumeric="0" />
			<column name="group_id" />
			<column name="provisioning_status" />
			<column name="global" valueBoolean="true" />
		</insert>
		<insert tableName="asset">
			<column name="id" valueNumeric="10577" />
			<column name="identifier" value="2005251315" />
			<column name="create_datetime" valueDate="2014-10-23T00:07:20.199" />
			<column name="status_id" valueNumeric="10501" />
			<column name="entity_id" valueNumeric="1" />
			<column name="deleted" valueNumeric="0" />
			<column name="item_id" valueNumeric="320104" />
			<column name="order_line_id" />
			<column name="notes" value="Bulk Upload" />
			<column name="optlock" valueNumeric="0" />
			<column name="group_id" />
			<column name="provisioning_status" />
			<column name="global" valueBoolean="true" />
		</insert>
		<insert tableName="asset">
			<column name="id" valueNumeric="10578" />
			<column name="identifier" value="1213092659" />
			<column name="create_datetime" valueDate="2014-10-23T00:07:20.234" />
			<column name="status_id" valueNumeric="10501" />
			<column name="entity_id" valueNumeric="1" />
			<column name="deleted" valueNumeric="0" />
			<column name="item_id" valueNumeric="320104" />
			<column name="order_line_id" />
			<column name="notes" value="Bulk Upload" />
			<column name="optlock" valueNumeric="0" />
			<column name="group_id" />
			<column name="provisioning_status" />
			<column name="global" valueBoolean="true" />
		</insert>
		<insert tableName="asset">
			<column name="id" valueNumeric="10579" />
			<column name="identifier" value="4004618535" />
			<column name="create_datetime" valueDate="2014-10-23T00:07:20.367" />
			<column name="status_id" valueNumeric="10501" />
			<column name="entity_id" valueNumeric="1" />
			<column name="deleted" valueNumeric="0" />
			<column name="item_id" valueNumeric="320104" />
			<column name="order_line_id" />
			<column name="notes" value="Bulk Upload" />
			<column name="optlock" valueNumeric="0" />
			<column name="group_id" />
			<column name="provisioning_status" />
			<column name="global" valueBoolean="true" />
		</insert>
		<insert tableName="asset">
			<column name="id" valueNumeric="10580" />
			<column name="identifier" value="1214342902" />
			<column name="create_datetime" valueDate="2014-10-23T00:07:20.385" />
			<column name="status_id" valueNumeric="10501" />
			<column name="entity_id" valueNumeric="1" />
			<column name="deleted" valueNumeric="0" />
			<column name="item_id" valueNumeric="320104" />
			<column name="order_line_id" />
			<column name="notes" value="Bulk Upload" />
			<column name="optlock" valueNumeric="0" />
			<column name="group_id" />
			<column name="provisioning_status" />
			<column name="global" valueBoolean="true" />
		</insert>
		<insert tableName="asset">
			<column name="id" valueNumeric="10581" />
			<column name="identifier" value="1213970430" />
			<column name="create_datetime" valueDate="2014-10-23T00:07:20.423" />
			<column name="status_id" valueNumeric="10501" />
			<column name="entity_id" valueNumeric="1" />
			<column name="deleted" valueNumeric="0" />
			<column name="item_id" valueNumeric="320104" />
			<column name="order_line_id" />
			<column name="notes" value="Bulk Upload" />
			<column name="optlock" valueNumeric="0" />
			<column name="group_id" />
			<column name="provisioning_status" />
			<column name="global" valueBoolean="true" />
		</insert>
		<insert tableName="asset">
			<column name="id" valueNumeric="10582" />
			<column name="identifier" value="1212871944" />
			<column name="create_datetime" valueDate="2014-10-23T00:07:20.509" />
			<column name="status_id" valueNumeric="10501" />
			<column name="entity_id" valueNumeric="1" />
			<column name="deleted" valueNumeric="0" />
			<column name="item_id" valueNumeric="320104" />
			<column name="order_line_id" />
			<column name="notes" value="Bulk Upload" />
			<column name="optlock" valueNumeric="0" />
			<column name="group_id" />
			<column name="provisioning_status" />
			<column name="global" valueBoolean="true" />
		</insert>
		<insert tableName="asset">
			<column name="id" valueNumeric="10583" />
			<column name="identifier" value="3662710374" />
			<column name="create_datetime" valueDate="2014-10-23T00:07:20.531" />
			<column name="status_id" valueNumeric="10501" />
			<column name="entity_id" valueNumeric="1" />
			<column name="deleted" valueNumeric="0" />
			<column name="item_id" valueNumeric="320104" />
			<column name="order_line_id" />
			<column name="notes" value="Bulk Upload" />
			<column name="optlock" valueNumeric="0" />
			<column name="group_id" />
			<column name="provisioning_status" />
			<column name="global" valueBoolean="true" />
		</insert>
		<insert tableName="asset">
			<column name="id" valueNumeric="10584" />
			<column name="identifier" value="1210000218" />
			<column name="create_datetime" valueDate="2014-10-23T00:07:20.598" />
			<column name="status_id" valueNumeric="10501" />
			<column name="entity_id" valueNumeric="1" />
			<column name="deleted" valueNumeric="0" />
			<column name="item_id" valueNumeric="320104" />
			<column name="order_line_id" />
			<column name="notes" value="Bulk Upload" />
			<column name="optlock" valueNumeric="0" />
			<column name="group_id" />
			<column name="provisioning_status" />
			<column name="global" valueBoolean="true" />
		</insert>
		<insert tableName="asset">
			<column name="id" valueNumeric="10585" />
			<column name="identifier" value="1213473811" />
			<column name="create_datetime" valueDate="2014-10-23T00:07:20.624" />
			<column name="status_id" valueNumeric="10501" />
			<column name="entity_id" valueNumeric="1" />
			<column name="deleted" valueNumeric="0" />
			<column name="item_id" valueNumeric="320104" />
			<column name="order_line_id" />
			<column name="notes" value="Bulk Upload" />
			<column name="optlock" valueNumeric="0" />
			<column name="group_id" />
			<column name="provisioning_status" />
			<column name="global" valueBoolean="true" />
		</insert>
		<insert tableName="asset">
			<column name="id" valueNumeric="10586" />
			<column name="identifier" value="1214969549" />
			<column name="create_datetime" valueDate="2014-10-23T00:07:20.635" />
			<column name="status_id" valueNumeric="10501" />
			<column name="entity_id" valueNumeric="1" />
			<column name="deleted" valueNumeric="0" />
			<column name="item_id" valueNumeric="320104" />
			<column name="order_line_id" />
			<column name="notes" value="Bulk Upload" />
			<column name="optlock" valueNumeric="0" />
			<column name="group_id" />
			<column name="provisioning_status" />
			<column name="global" valueBoolean="true" />
		</insert>
		<insert tableName="asset">
			<column name="id" valueNumeric="10587" />
			<column name="identifier" value="52005956534" />
			<column name="create_datetime" valueDate="2014-10-23T00:07:20.819" />
			<column name="status_id" valueNumeric="10501" />
			<column name="entity_id" valueNumeric="1" />
			<column name="deleted" valueNumeric="0" />
			<column name="item_id" valueNumeric="320104" />
			<column name="order_line_id" />
			<column name="notes" value="Bulk Upload" />
			<column name="optlock" valueNumeric="0" />
			<column name="group_id" />
			<column name="provisioning_status" />
			<column name="global" valueBoolean="true" />
		</insert>
		<insert tableName="asset">
			<column name="id" valueNumeric="10588" />
			<column name="identifier" value="61005956534" />
			<column name="create_datetime" valueDate="2014-10-23T00:07:20.876" />
			<column name="status_id" valueNumeric="10501" />
			<column name="entity_id" valueNumeric="1" />
			<column name="deleted" valueNumeric="0" />
			<column name="item_id" valueNumeric="320104" />
			<column name="order_line_id" />
			<column name="notes" value="Bulk Upload" />
			<column name="optlock" valueNumeric="0" />
			<column name="group_id" />
			<column name="provisioning_status" />
			<column name="global" valueBoolean="true" />
		</insert>
		<insert tableName="asset">
			<column name="id" valueNumeric="10589" />
			<column name="identifier" value="1210000216" />
			<column name="create_datetime" valueDate="2014-10-23T00:07:20.883" />
			<column name="status_id" valueNumeric="10501" />
			<column name="entity_id" valueNumeric="1" />
			<column name="deleted" valueNumeric="0" />
			<column name="item_id" valueNumeric="320104" />
			<column name="order_line_id" />
			<column name="notes" value="Bulk Upload" />
			<column name="optlock" valueNumeric="0" />
			<column name="group_id" />
			<column name="provisioning_status" />
			<column name="global" valueBoolean="true" />
		</insert>
		<insert tableName="asset">
			<column name="id" valueNumeric="10590" />
			<column name="identifier" value="1210000214" />
			<column name="create_datetime" valueDate="2014-10-23T00:07:20.899" />
			<column name="status_id" valueNumeric="10501" />
			<column name="entity_id" valueNumeric="1" />
			<column name="deleted" valueNumeric="0" />
			<column name="item_id" valueNumeric="320104" />
			<column name="order_line_id" />
			<column name="notes" value="Bulk Upload" />
			<column name="optlock" valueNumeric="0" />
			<column name="group_id" />
			<column name="provisioning_status" />
			<column name="global" valueBoolean="true" />
		</insert>
		<insert tableName="asset">
			<column name="id" valueNumeric="10591" />
			<column name="identifier" value="28005251315" />
			<column name="create_datetime" valueDate="2014-10-23T00:07:20.906" />
			<column name="status_id" valueNumeric="10501" />
			<column name="entity_id" valueNumeric="1" />
			<column name="deleted" valueNumeric="0" />
			<column name="item_id" valueNumeric="320104" />
			<column name="order_line_id" />
			<column name="notes" value="Bulk Upload" />
			<column name="optlock" valueNumeric="0" />
			<column name="group_id" />
			<column name="provisioning_status" />
			<column name="global" valueBoolean="true" />
		</insert>
		<insert tableName="asset">
			<column name="id" valueNumeric="10592" />
			<column name="identifier" value="11007506878" />
			<column name="create_datetime" valueDate="2014-10-23T00:07:20.912" />
			<column name="status_id" valueNumeric="10501" />
			<column name="entity_id" valueNumeric="1" />
			<column name="deleted" valueNumeric="0" />
			<column name="item_id" valueNumeric="320104" />
			<column name="order_line_id" />
			<column name="notes" value="Bulk Upload" />
			<column name="optlock" valueNumeric="0" />
			<column name="group_id" />
			<column name="provisioning_status" />
			<column name="global" valueBoolean="true" />
		</insert>
		<insert tableName="asset">
			<column name="id" valueNumeric="10323" />
			<column name="identifier" value="8889997918" />
			<column name="create_datetime" valueDate="2014-10-22T23:19:40.961" />
			<column name="status_id" valueNumeric="10501" />
			<column name="entity_id" valueNumeric="1" />
			<column name="deleted" valueNumeric="0" />
			<column name="item_id" valueNumeric="320104" />
			<column name="order_line_id" />
			<column name="notes" value="Bulk Upload" />
			<column name="optlock" valueNumeric="5" />
			<column name="group_id" />
			<column name="provisioning_status" />
			<column name="global" valueBoolean="true" />
		</insert>
		<insert tableName="asset">
			<column name="id" valueNumeric="10606" />
			<column name="identifier" value="1210000210" />
			<column name="create_datetime" valueDate="2014-10-23T00:07:23.158" />
			<column name="status_id" valueNumeric="10501" />
			<column name="entity_id" valueNumeric="1" />
			<column name="deleted" valueNumeric="0" />
			<column name="item_id" valueNumeric="320104" />
			<column name="order_line_id" />
			<column name="notes" value="Bulk Upload" />
			<column name="optlock" valueNumeric="1" />
			<column name="group_id" />
			<column name="provisioning_status" />
			<column name="global" valueBoolean="true" />
		</insert>
		<insert tableName="asset">
			<column name="id" valueNumeric="10565" />
			<column name="identifier" value="1930005790" />
			<column name="create_datetime" valueDate="2014-10-23T00:06:27.722" />
			<column name="status_id" valueNumeric="10501" />
			<column name="entity_id" valueNumeric="1" />
			<column name="deleted" valueNumeric="0" />
			<column name="item_id" valueNumeric="320107" />
			<column name="order_line_id" />
			<column name="notes" value="Bulk Upload" />
			<column name="optlock" valueNumeric="1" />
			<column name="group_id" />
			<column name="provisioning_status" />
			<column name="global" valueBoolean="true" />
		</insert>
		<insert tableName="asset">
			<column name="id" valueNumeric="7492" />
			<column name="identifier" value="8664302567" />
			<column name="create_datetime" valueDate="2014-10-22T23:18:15.765" />
			<column name="status_id" valueNumeric="10501" />
			<column name="entity_id" valueNumeric="1" />
			<column name="deleted" valueNumeric="0" />
			<column name="item_id" valueNumeric="320104" />
			<column name="order_line_id" />
			<column name="notes" value="Bulk Upload" />
			<column name="optlock" valueNumeric="1" />
			<column name="group_id" />
			<column name="provisioning_status" />
			<column name="global" valueBoolean="true" />
		</insert>
		<insert tableName="asset">
			<column name="id" valueNumeric="10322" />
			<column name="identifier" value="8889994887" />
			<column name="create_datetime" valueDate="2014-10-22T23:19:40.950" />
			<column name="status_id" valueNumeric="10501" />
			<column name="entity_id" valueNumeric="1" />
			<column name="deleted" valueNumeric="0" />
			<column name="item_id" valueNumeric="320104" />
			<column name="order_line_id" />
			<column name="notes" value="Bulk Upload" />
			<column name="optlock" valueNumeric="1" />
			<column name="group_id" />
			<column name="provisioning_status" />
			<column name="global" valueBoolean="true" />
		</insert>
		<insert tableName="asset">
			<column name="id" valueNumeric="7223" />
			<column name="identifier" value="8662914816" />
			<column name="create_datetime" valueDate="2014-10-22T23:18:07.275" />
			<column name="status_id" valueNumeric="10501" />
			<column name="entity_id" valueNumeric="1" />
			<column name="deleted" valueNumeric="0" />
			<column name="item_id" valueNumeric="320104" />
			<column name="order_line_id" />
			<column name="notes" value="Bulk Upload" />
			<column name="optlock" valueNumeric="1" />
			<column name="group_id" />
			<column name="provisioning_status" />
			<column name="global" valueBoolean="true" />
		</insert>
		<insert tableName="asset">
			<column name="id" valueNumeric="10315" />
			<column name="identifier" value="8888782737" />
			<column name="create_datetime" valueDate="2014-10-22T23:19:40.648" />
			<column name="status_id" valueNumeric="10501" />
			<column name="entity_id" valueNumeric="1" />
			<column name="deleted" valueNumeric="0" />
			<column name="item_id" valueNumeric="320104" />
			<column name="order_line_id" />
			<column name="notes" value="Bulk Upload" />
			<column name="optlock" valueNumeric="1" />
			<column name="group_id" />
			<column name="provisioning_status" />
			<column name="global" valueBoolean="true" />
		</insert>
		<insert tableName="asset">
			<column name="id" valueNumeric="10609" />
			<column name="identifier" value="1210000200" />
			<column name="create_datetime" valueDate="2014-10-23T00:07:23.883" />
			<column name="status_id" valueNumeric="10501" />
			<column name="entity_id" valueNumeric="1" />
			<column name="deleted" valueNumeric="0" />
			<column name="item_id" valueNumeric="320104" />
			<column name="order_line_id" />
			<column name="notes" value="Bulk Upload" />
			<column name="optlock" valueNumeric="1" />
			<column name="group_id" />
			<column name="provisioning_status" />
			<column name="global" valueBoolean="true" />
		</insert>
		<insert tableName="asset">
			<column name="id" valueNumeric="10619" />
			<column name="identifier" value="9142595687" />
			<column name="create_datetime" valueDate="2016-05-20T13:48:59.119" />
			<column name="status_id" valueNumeric="10501" />
			<column name="entity_id" valueNumeric="1" />
			<column name="deleted" valueNumeric="0" />
			<column name="item_id" valueNumeric="320107" />
			<column name="order_line_id" />
			<column name="notes" value="Bulk Upload" />
			<column name="optlock" valueNumeric="0" />
			<column name="group_id" />
			<column name="provisioning_status" />
			<column name="global" valueBoolean="false" />
		</insert>
		<insert tableName="asset">
			<column name="id" valueNumeric="10620" />
			<column name="identifier" value="9142395687" />
			<column name="create_datetime" valueDate="2016-05-20T13:48:59.119" />
			<column name="status_id" valueNumeric="10501" />
			<column name="entity_id" valueNumeric="1" />
			<column name="deleted" valueNumeric="0" />
			<column name="item_id" valueNumeric="320107" />
			<column name="order_line_id" />
			<column name="notes" value="Bulk Upload" />
			<column name="optlock" valueNumeric="0" />
			<column name="group_id" />
			<column name="provisioning_status" />
			<column name="global" valueBoolean="false" />
		</insert>
		<insert tableName="asset">
			<column name="id" valueNumeric="10621" />
			<column name="identifier" value="9142311687" />
			<column name="create_datetime" valueDate="2016-05-20T13:48:59.119" />
			<column name="status_id" valueNumeric="10501" />
			<column name="entity_id" valueNumeric="1" />
			<column name="deleted" valueNumeric="0" />
			<column name="item_id" valueNumeric="320107" />
			<column name="order_line_id" />
			<column name="notes" value="Bulk Upload" />
			<column name="optlock" valueNumeric="0" />
			<column name="group_id" />
			<column name="provisioning_status" />
			<column name="global" valueBoolean="false" />
		</insert>
		<insert tableName="asset">
			<column name="id" valueNumeric="10622" />
			<column name="identifier" value="9142163177" />
			<column name="create_datetime" valueDate="2016-05-20T13:48:59.119" />
			<column name="status_id" valueNumeric="10501" />
			<column name="entity_id" valueNumeric="1" />
			<column name="deleted" valueNumeric="0" />
			<column name="item_id" valueNumeric="320107" />
			<column name="order_line_id" />
			<column name="notes" value="Bulk Upload" />
			<column name="optlock" valueNumeric="0" />
			<column name="group_id" />
			<column name="provisioning_status" />
			<column name="global" valueBoolean="false" />
		</insert>
		<insert tableName="asset">
			<column name="id" valueNumeric="10623" />
			<column name="identifier" value="9142395642" />
			<column name="create_datetime" valueDate="2016-05-20T13:48:59.119" />
			<column name="status_id" valueNumeric="10501" />
			<column name="entity_id" valueNumeric="1" />
			<column name="deleted" valueNumeric="0" />
			<column name="item_id" valueNumeric="320107" />
			<column name="order_line_id" />
			<column name="notes" value="Bulk Upload" />
			<column name="optlock" valueNumeric="0" />
			<column name="group_id" />
			<column name="provisioning_status" />
			<column name="global" valueBoolean="false" />
		</insert>
		<insert tableName="asset">
			<column name="id" valueNumeric="10624" />
			<column name="identifier" value="9142399420" />
			<column name="create_datetime" valueDate="2016-05-20T13:48:59.119" />
			<column name="status_id" valueNumeric="10501" />
			<column name="entity_id" valueNumeric="1" />
			<column name="deleted" valueNumeric="0" />
			<column name="item_id" valueNumeric="320107" />
			<column name="order_line_id" />
			<column name="notes" value="Bulk Upload" />
			<column name="optlock" valueNumeric="0" />
			<column name="group_id" />
			<column name="provisioning_status" />
			<column name="global" valueBoolean="false" />
		</insert>
		<insert tableName="asset">
			<column name="id" valueNumeric="10625" />
			<column name="identifier" value="9142331420" />
			<column name="create_datetime" valueDate="2016-05-20T13:48:59.119" />
			<column name="status_id" valueNumeric="10501" />
			<column name="entity_id" valueNumeric="1" />
			<column name="deleted" valueNumeric="0" />
			<column name="item_id" valueNumeric="320107" />
			<column name="order_line_id" />
			<column name="notes" value="Bulk Upload" />
			<column name="optlock" valueNumeric="0" />
			<column name="group_id" />
			<column name="provisioning_status" />
			<column name="global" valueBoolean="false" />
		</insert>
		<insert tableName="asset">
			<column name="id" valueNumeric="10626" />
			<column name="identifier" value="5042395659" />
			<column name="create_datetime" valueDate="2016-05-20T13:48:59.119" />
			<column name="status_id" valueNumeric="10501" />
			<column name="entity_id" valueNumeric="1" />
			<column name="deleted" valueNumeric="0" />
			<column name="item_id" valueNumeric="320107" />
			<column name="order_line_id" />
			<column name="notes" value="Bulk Upload" />
			<column name="optlock" valueNumeric="0" />
			<column name="group_id" />
			<column name="provisioning_status" />
			<column name="global" valueBoolean="false" />
		</insert>
		<insert tableName="asset">
			<column name="id" valueNumeric="10627" />
			<column name="identifier" value="7742395667" />
			<column name="create_datetime" valueDate="2016-05-20T13:48:59.119" />
			<column name="status_id" valueNumeric="10501" />
			<column name="entity_id" valueNumeric="1" />
			<column name="deleted" valueNumeric="0" />
			<column name="item_id" valueNumeric="320107" />
			<column name="order_line_id" />
			<column name="notes" value="Bulk Upload" />
			<column name="optlock" valueNumeric="0" />
			<column name="group_id" />
			<column name="provisioning_status" />
			<column name="global" valueBoolean="false" />
		</insert>
		<insert tableName="asset">
			<column name="id" valueNumeric="10628" />
			<column name="identifier" value="9942395687" />
			<column name="create_datetime" valueDate="2016-05-20T13:48:59.119" />
			<column name="status_id" valueNumeric="10501" />
			<column name="entity_id" valueNumeric="1" />
			<column name="deleted" valueNumeric="0" />
			<column name="item_id" valueNumeric="320107" />
			<column name="order_line_id" />
			<column name="notes" value="Bulk Upload" />
			<column name="optlock" valueNumeric="0" />
			<column name="group_id" />
			<column name="provisioning_status" />
			<column name="global" valueBoolean="false" />
		</insert>
		<insert tableName="asset">
			<column name="id" valueNumeric="10629" />
			<column name="identifier" value="1142395642" />
			<column name="create_datetime" valueDate="2016-05-20T13:48:59.119" />
			<column name="status_id" valueNumeric="10501" />
			<column name="entity_id" valueNumeric="1" />
			<column name="deleted" valueNumeric="0" />
			<column name="item_id" valueNumeric="320107" />
			<column name="order_line_id" />
			<column name="notes" value="Bulk Upload" />
			<column name="optlock" valueNumeric="0" />
			<column name="group_id" />
			<column name="provisioning_status" />
			<column name="global" valueBoolean="false" />
		</insert>
		<insert tableName="asset">
			<column name="id" valueNumeric="10630" />
			<column name="identifier" value="3342395637" />
			<column name="create_datetime" valueDate="2016-05-20T13:48:59.119" />
			<column name="status_id" valueNumeric="10501" />
			<column name="entity_id" valueNumeric="1" />
			<column name="deleted" valueNumeric="0" />
			<column name="item_id" valueNumeric="320107" />
			<column name="order_line_id" />
			<column name="notes" value="Bulk Upload" />
			<column name="optlock" valueNumeric="0" />
			<column name="group_id" />
			<column name="provisioning_status" />
			<column name="global" valueBoolean="false" />
		</insert>
	</changeSet>
	<changeSet author="jbilling (generated)" id="1463584216513-57">
		<insert tableName="plan">
			<column name="id" valueNumeric="102" />
			<column name="item_id" valueNumeric="320112" />
			<column name="description" value="" />
			<column name="period_id" valueNumeric="2" />
			<column name="editable" valueNumeric="0" />
		</insert>
		<insert tableName="plan">
			<column name="id" valueNumeric="103" />
			<column name="item_id" valueNumeric="320113" />
			<column name="description" value="" />
			<column name="period_id" valueNumeric="2" />
			<column name="editable" valueNumeric="0" />
		</insert>
		<insert tableName="plan">
			<column name="id" valueNumeric="104" />
			<column name="item_id" valueNumeric="320114" />
			<column name="description" value="" />
			<column name="period_id" valueNumeric="2" />
			<column name="editable" valueNumeric="0" />
		</insert>
		<insert tableName="plan">
			<column name="id" valueNumeric="105" />
			<column name="item_id" valueNumeric="320115" />
			<column name="description" value="" />
			<column name="period_id" valueNumeric="2" />
			<column name="editable" valueNumeric="0" />
		</insert>
	</changeSet>
	<changeSet author="jbilling (generated)" id="1463584216513-59">
		<insert tableName="plan_item_bundle">
			<column name="id" valueNumeric="9" />
			<column name="quantity" valueNumeric="1.0000000000" />
			<column name="period_id" valueNumeric="1" />
			<column name="target_customer" value="SELF" />
			<column name="add_if_exists" valueBoolean="true" />
		</insert>
		<insert tableName="plan_item_bundle">
			<column name="id" valueNumeric="10" />
			<column name="quantity" valueNumeric="0E-10" />
			<column name="period_id" valueNumeric="2" />
			<column name="target_customer" value="SELF" />
			<column name="add_if_exists" valueBoolean="true" />
		</insert>
		<insert tableName="plan_item_bundle">
			<column name="id" valueNumeric="11" />
			<column name="quantity" valueNumeric="0E-10" />
			<column name="period_id" valueNumeric="2" />
			<column name="target_customer" value="SELF" />
			<column name="add_if_exists" valueBoolean="true" />
		</insert>
		<insert tableName="plan_item_bundle">
			<column name="id" valueNumeric="12" />
			<column name="quantity" valueNumeric="0E-10" />
			<column name="period_id" valueNumeric="2" />
			<column name="target_customer" value="SELF" />
			<column name="add_if_exists" valueBoolean="true" />
		</insert>
		<insert tableName="plan_item_bundle">
			<column name="id" valueNumeric="13" />
			<column name="quantity" valueNumeric="1.0000000000" />
			<column name="period_id" valueNumeric="2" />
			<column name="target_customer" value="SELF" />
			<column name="add_if_exists" valueBoolean="true" />
		</insert>
		<insert tableName="plan_item_bundle">
			<column name="id" valueNumeric="14" />
			<column name="quantity" valueNumeric="1.0000000000" />
			<column name="period_id" valueNumeric="1" />
			<column name="target_customer" value="SELF" />
			<column name="add_if_exists" valueBoolean="true" />
		</insert>
		<insert tableName="plan_item_bundle">
			<column name="id" valueNumeric="15" />
			<column name="quantity" valueNumeric="0E-10" />
			<column name="period_id" valueNumeric="2" />
			<column name="target_customer" value="SELF" />
			<column name="add_if_exists" valueBoolean="true" />
		</insert>
		<insert tableName="plan_item_bundle">
			<column name="id" valueNumeric="16" />
			<column name="quantity" valueNumeric="0E-10" />
			<column name="period_id" valueNumeric="2" />
			<column name="target_customer" value="SELF" />
			<column name="add_if_exists" valueBoolean="true" />
		</insert>
		<insert tableName="plan_item_bundle">
			<column name="id" valueNumeric="17" />
			<column name="quantity" valueNumeric="0E-10" />
			<column name="period_id" valueNumeric="2" />
			<column name="target_customer" value="SELF" />
			<column name="add_if_exists" valueBoolean="true" />
		</insert>
		<insert tableName="plan_item_bundle">
			<column name="id" valueNumeric="18" />
			<column name="quantity" valueNumeric="1.0000000000" />
			<column name="period_id" valueNumeric="2" />
			<column name="target_customer" value="SELF" />
			<column name="add_if_exists" valueBoolean="true" />
		</insert>
		<insert tableName="plan_item_bundle">
			<column name="id" valueNumeric="19" />
			<column name="quantity" valueNumeric="1.0000000000" />
			<column name="period_id" valueNumeric="1" />
			<column name="target_customer" value="SELF" />
			<column name="add_if_exists" valueBoolean="true" />
		</insert>
		<insert tableName="plan_item_bundle">
			<column name="id" valueNumeric="20" />
			<column name="quantity" valueNumeric="0E-10" />
			<column name="period_id" valueNumeric="2" />
			<column name="target_customer" value="SELF" />
			<column name="add_if_exists" valueBoolean="true" />
		</insert>
		<insert tableName="plan_item_bundle">
			<column name="id" valueNumeric="21" />
			<column name="quantity" valueNumeric="0E-10" />
			<column name="period_id" valueNumeric="2" />
			<column name="target_customer" value="SELF" />
			<column name="add_if_exists" valueBoolean="true" />
		</insert>
		<insert tableName="plan_item_bundle">
			<column name="id" valueNumeric="22" />
			<column name="quantity" valueNumeric="0E-10" />
			<column name="period_id" valueNumeric="2" />
			<column name="target_customer" value="SELF" />
			<column name="add_if_exists" valueBoolean="true" />
		</insert>
		<insert tableName="plan_item_bundle">
			<column name="id" valueNumeric="23" />
			<column name="quantity" valueNumeric="1.0000000000" />
			<column name="period_id" valueNumeric="2" />
			<column name="target_customer" value="SELF" />
			<column name="add_if_exists" valueBoolean="true" />
		</insert>
		<insert tableName="plan_item_bundle">
			<column name="id" valueNumeric="24" />
			<column name="quantity" valueNumeric="1.0000000000" />
			<column name="period_id" valueNumeric="1" />
			<column name="target_customer" value="SELF" />
			<column name="add_if_exists" valueBoolean="true" />
		</insert>
		<insert tableName="plan_item_bundle">
			<column name="id" valueNumeric="25" />
			<column name="quantity" valueNumeric="0E-10" />
			<column name="period_id" valueNumeric="2" />
			<column name="target_customer" value="SELF" />
			<column name="add_if_exists" valueBoolean="true" />
		</insert>
		<insert tableName="plan_item_bundle">
			<column name="id" valueNumeric="26" />
			<column name="quantity" valueNumeric="0E-10" />
			<column name="period_id" valueNumeric="2" />
			<column name="target_customer" value="SELF" />
			<column name="add_if_exists" valueBoolean="true" />
		</insert>
		<insert tableName="plan_item_bundle">
			<column name="id" valueNumeric="27" />
			<column name="quantity" valueNumeric="0E-10" />
			<column name="period_id" valueNumeric="2" />
			<column name="target_customer" value="SELF" />
			<column name="add_if_exists" valueBoolean="true" />
		</insert>
		<insert tableName="plan_item_bundle">
			<column name="id" valueNumeric="28" />
			<column name="quantity" valueNumeric="1.0000000000" />
			<column name="period_id" valueNumeric="2" />
			<column name="target_customer" value="SELF" />
			<column name="add_if_exists" valueBoolean="true" />
		</insert>
	</changeSet>
	<changeSet author="jbilling (generated)" id="1463584216513-58">
		<insert tableName="plan_item">
			<column name="id" valueNumeric="106" />
			<column name="plan_id" valueNumeric="102" />
			<column name="item_id" valueNumeric="320110" />
			<column name="precedence" valueNumeric="5" />
			<column name="plan_item_bundle_id" valueNumeric="9" />
		</insert>
		<insert tableName="plan_item">
			<column name="id" valueNumeric="107" />
			<column name="plan_id" valueNumeric="102" />
			<column name="item_id" valueNumeric="320101" />
			<column name="precedence" valueNumeric="4" />
			<column name="plan_item_bundle_id" valueNumeric="10" />
		</insert>
		<insert tableName="plan_item">
			<column name="id" valueNumeric="108" />
			<column name="plan_id" valueNumeric="102" />
			<column name="item_id" valueNumeric="320102" />
			<column name="precedence" valueNumeric="3" />
			<column name="plan_item_bundle_id" valueNumeric="11" />
		</insert>
		<insert tableName="plan_item">
			<column name="id" valueNumeric="109" />
			<column name="plan_id" valueNumeric="102" />
			<column name="item_id" valueNumeric="320103" />
			<column name="precedence" valueNumeric="2" />
			<column name="plan_item_bundle_id" valueNumeric="12" />
		</insert>
		<insert tableName="plan_item">
			<column name="id" valueNumeric="110" />
			<column name="plan_id" valueNumeric="102" />
			<column name="item_id" valueNumeric="320104" />
			<column name="precedence" valueNumeric="1" />
			<column name="plan_item_bundle_id" valueNumeric="13" />
		</insert>
		<insert tableName="plan_item">
			<column name="id" valueNumeric="111" />
			<column name="plan_id" valueNumeric="103" />
			<column name="item_id" valueNumeric="320110" />
			<column name="precedence" valueNumeric="5" />
			<column name="plan_item_bundle_id" valueNumeric="14" />
		</insert>
		<insert tableName="plan_item">
			<column name="id" valueNumeric="112" />
			<column name="plan_id" valueNumeric="103" />
			<column name="item_id" valueNumeric="320101" />
			<column name="precedence" valueNumeric="4" />
			<column name="plan_item_bundle_id" valueNumeric="15" />
		</insert>
		<insert tableName="plan_item">
			<column name="id" valueNumeric="113" />
			<column name="plan_id" valueNumeric="103" />
			<column name="item_id" valueNumeric="320102" />
			<column name="precedence" valueNumeric="3" />
			<column name="plan_item_bundle_id" valueNumeric="16" />
		</insert>
		<insert tableName="plan_item">
			<column name="id" valueNumeric="114" />
			<column name="plan_id" valueNumeric="103" />
			<column name="item_id" valueNumeric="320103" />
			<column name="precedence" valueNumeric="2" />
			<column name="plan_item_bundle_id" valueNumeric="17" />
		</insert>
		<insert tableName="plan_item">
			<column name="id" valueNumeric="115" />
			<column name="plan_id" valueNumeric="103" />
			<column name="item_id" valueNumeric="320104" />
			<column name="precedence" valueNumeric="1" />
			<column name="plan_item_bundle_id" valueNumeric="18" />
		</insert>
		<insert tableName="plan_item">
			<column name="id" valueNumeric="116" />
			<column name="plan_id" valueNumeric="104" />
			<column name="item_id" valueNumeric="320110" />
			<column name="precedence" valueNumeric="5" />
			<column name="plan_item_bundle_id" valueNumeric="19" />
		</insert>
		<insert tableName="plan_item">
			<column name="id" valueNumeric="117" />
			<column name="plan_id" valueNumeric="104" />
			<column name="item_id" valueNumeric="320101" />
			<column name="precedence" valueNumeric="4" />
			<column name="plan_item_bundle_id" valueNumeric="20" />
		</insert>
		<insert tableName="plan_item">
			<column name="id" valueNumeric="118" />
			<column name="plan_id" valueNumeric="104" />
			<column name="item_id" valueNumeric="320102" />
			<column name="precedence" valueNumeric="3" />
			<column name="plan_item_bundle_id" valueNumeric="21" />
		</insert>
		<insert tableName="plan_item">
			<column name="id" valueNumeric="119" />
			<column name="plan_id" valueNumeric="104" />
			<column name="item_id" valueNumeric="320103" />
			<column name="precedence" valueNumeric="2" />
			<column name="plan_item_bundle_id" valueNumeric="22" />
		</insert>
		<insert tableName="plan_item">
			<column name="id" valueNumeric="120" />
			<column name="plan_id" valueNumeric="104" />
			<column name="item_id" valueNumeric="320104" />
			<column name="precedence" valueNumeric="1" />
			<column name="plan_item_bundle_id" valueNumeric="23" />
		</insert>
		<insert tableName="plan_item">
			<column name="id" valueNumeric="121" />
			<column name="plan_id" valueNumeric="105" />
			<column name="item_id" valueNumeric="320110" />
			<column name="precedence" valueNumeric="5" />
			<column name="plan_item_bundle_id" valueNumeric="24" />
		</insert>
		<insert tableName="plan_item">
			<column name="id" valueNumeric="122" />
			<column name="plan_id" valueNumeric="105" />
			<column name="item_id" valueNumeric="320101" />
			<column name="precedence" valueNumeric="4" />
			<column name="plan_item_bundle_id" valueNumeric="25" />
		</insert>
		<insert tableName="plan_item">
			<column name="id" valueNumeric="123" />
			<column name="plan_id" valueNumeric="105" />
			<column name="item_id" valueNumeric="320102" />
			<column name="precedence" valueNumeric="3" />
			<column name="plan_item_bundle_id" valueNumeric="26" />
		</insert>
		<insert tableName="plan_item">
			<column name="id" valueNumeric="124" />
			<column name="plan_id" valueNumeric="105" />
			<column name="item_id" valueNumeric="320103" />
			<column name="precedence" valueNumeric="2" />
			<column name="plan_item_bundle_id" valueNumeric="27" />
		</insert>
		<insert tableName="plan_item">
			<column name="id" valueNumeric="125" />
			<column name="plan_id" valueNumeric="105" />
			<column name="item_id" valueNumeric="320104" />
			<column name="precedence" valueNumeric="1" />
			<column name="plan_item_bundle_id" valueNumeric="28" />
		</insert>
	</changeSet>
	<changeSet author="jbilling (generated)" id="1463584216513-60">
		<insert tableName="plan_item_price_timeline">
			<column name="plan_item_id" valueNumeric="106" />
			<column name="price_model_id" valueNumeric="220115" />
			<column name="start_date" valueDate="1970-01-01" />
		</insert>
		<insert tableName="plan_item_price_timeline">
			<column name="plan_item_id" valueNumeric="107" />
			<column name="price_model_id" valueNumeric="220116" />
			<column name="start_date" valueDate="1970-01-01" />
		</insert>
		<insert tableName="plan_item_price_timeline">
			<column name="plan_item_id" valueNumeric="108" />
			<column name="price_model_id" valueNumeric="220117" />
			<column name="start_date" valueDate="1970-01-01" />
		</insert>
		<insert tableName="plan_item_price_timeline">
			<column name="plan_item_id" valueNumeric="109" />
			<column name="price_model_id" valueNumeric="220118" />
			<column name="start_date" valueDate="1970-01-01" />
		</insert>
		<insert tableName="plan_item_price_timeline">
			<column name="plan_item_id" valueNumeric="110" />
			<column name="price_model_id" valueNumeric="220119" />
			<column name="start_date" valueDate="1970-01-01" />
		</insert>
		<insert tableName="plan_item_price_timeline">
			<column name="plan_item_id" valueNumeric="111" />
			<column name="price_model_id" valueNumeric="220121" />
			<column name="start_date" valueDate="1970-01-01" />
		</insert>
		<insert tableName="plan_item_price_timeline">
			<column name="plan_item_id" valueNumeric="112" />
			<column name="price_model_id" valueNumeric="220122" />
			<column name="start_date" valueDate="1970-01-01" />
		</insert>
		<insert tableName="plan_item_price_timeline">
			<column name="plan_item_id" valueNumeric="113" />
			<column name="price_model_id" valueNumeric="220123" />
			<column name="start_date" valueDate="1970-01-01" />
		</insert>
		<insert tableName="plan_item_price_timeline">
			<column name="plan_item_id" valueNumeric="114" />
			<column name="price_model_id" valueNumeric="220124" />
			<column name="start_date" valueDate="1970-01-01" />
		</insert>
		<insert tableName="plan_item_price_timeline">
			<column name="plan_item_id" valueNumeric="115" />
			<column name="price_model_id" valueNumeric="220125" />
			<column name="start_date" valueDate="1970-01-01" />
		</insert>
		<insert tableName="plan_item_price_timeline">
			<column name="plan_item_id" valueNumeric="116" />
			<column name="price_model_id" valueNumeric="220127" />
			<column name="start_date" valueDate="1970-01-01" />
		</insert>
		<insert tableName="plan_item_price_timeline">
			<column name="plan_item_id" valueNumeric="117" />
			<column name="price_model_id" valueNumeric="220128" />
			<column name="start_date" valueDate="1970-01-01" />
		</insert>
		<insert tableName="plan_item_price_timeline">
			<column name="plan_item_id" valueNumeric="118" />
			<column name="price_model_id" valueNumeric="220129" />
			<column name="start_date" valueDate="1970-01-01" />
		</insert>
		<insert tableName="plan_item_price_timeline">
			<column name="plan_item_id" valueNumeric="119" />
			<column name="price_model_id" valueNumeric="220130" />
			<column name="start_date" valueDate="1970-01-01" />
		</insert>
		<insert tableName="plan_item_price_timeline">
			<column name="plan_item_id" valueNumeric="120" />
			<column name="price_model_id" valueNumeric="220131" />
			<column name="start_date" valueDate="1970-01-01" />
		</insert>
		<insert tableName="plan_item_price_timeline">
			<column name="plan_item_id" valueNumeric="121" />
			<column name="price_model_id" valueNumeric="220133" />
			<column name="start_date" valueDate="1970-01-01" />
		</insert>
		<insert tableName="plan_item_price_timeline">
			<column name="plan_item_id" valueNumeric="122" />
			<column name="price_model_id" valueNumeric="220134" />
			<column name="start_date" valueDate="1970-01-01" />
		</insert>
		<insert tableName="plan_item_price_timeline">
			<column name="plan_item_id" valueNumeric="123" />
			<column name="price_model_id" valueNumeric="220135" />
			<column name="start_date" valueDate="1970-01-01" />
		</insert>
		<insert tableName="plan_item_price_timeline">
			<column name="plan_item_id" valueNumeric="124" />
			<column name="price_model_id" valueNumeric="220136" />
			<column name="start_date" valueDate="1970-01-01" />
		</insert>
		<insert tableName="plan_item_price_timeline">
			<column name="plan_item_id" valueNumeric="125" />
			<column name="price_model_id" valueNumeric="220137" />
			<column name="start_date" valueDate="1970-01-01" />
		</insert>
	</changeSet>
	<changeSet author="jbilling (generated)" id="1463584216513-94">
		<insert tableName="usage_pool">
			<column name="id" valueNumeric="100" />
			<column name="quantity" valueNumeric="300.0000000000" />
			<column name="precedence" valueNumeric="-1" />
			<column name="cycle_period_unit" value="Billing Periods" />
			<column name="cycle_period_value" valueNumeric="1" />
			<column name="reset_value" value="RESET_TO_INITIAL_VALUE" />
			<column name="entity_id" valueNumeric="1" />
			<column name="optlock" valueNumeric="1" />
			<column name="created_date" valueDate="2016-05-18 17:58:54.251" />
		</insert>
		<insert tableName="usage_pool">
			<column name="id" valueNumeric="101" />
			<column name="quantity" valueNumeric="200.0000000000" />
			<column name="precedence" valueNumeric="-1" />
			<column name="cycle_period_unit" value="Billing Periods" />
			<column name="cycle_period_value" valueNumeric="1" />
			<column name="reset_value" value="RESET_TO_INITIAL_VALUE" />
			<column name="entity_id" valueNumeric="1" />
			<column name="optlock" valueNumeric="1" />
			<column name="created_date" valueDate="2016-05-18 17:59:25.187" />
		</insert>
		<insert tableName="usage_pool">
			<column name="id" valueNumeric="102" />
			<column name="quantity" valueNumeric="100.0000000000" />
			<column name="precedence" valueNumeric="-1" />
			<column name="cycle_period_unit" value="Billing Periods" />
			<column name="cycle_period_value" valueNumeric="1" />
			<column name="reset_value" value="RESET_TO_INITIAL_VALUE" />
			<column name="entity_id" valueNumeric="1" />
			<column name="optlock" valueNumeric="1" />
			<column name="created_date" valueDate="2016-05-18 17:59:49.275" />
		</insert>
		<insert tableName="usage_pool">
			<column name="id" valueNumeric="103" />
			<column name="quantity" valueNumeric="39.0000000000" />
			<column name="precedence" valueNumeric="-1" />
			<column name="cycle_period_unit" value="Billing Periods" />
			<column name="cycle_period_value" valueNumeric="1" />
			<column name="reset_value" value="RESET_TO_INITIAL_VALUE" />
			<column name="entity_id" valueNumeric="1" />
			<column name="optlock" valueNumeric="1" />
			<column name="created_date" valueDate="2016-05-18 18:00:27.314" />
		</insert>
	</changeSet>
	<changeSet author="jbilling (generated)" id="1463584216513-61">
		<insert tableName="plan_usage_pool_map">
			<column name="plan_id" valueNumeric="102" />
			<column name="usage_pool_id" valueNumeric="103" />
		</insert>
		<insert tableName="plan_usage_pool_map">
			<column name="plan_id" valueNumeric="103" />
			<column name="usage_pool_id" valueNumeric="102" />
		</insert>
		<insert tableName="plan_usage_pool_map">
			<column name="plan_id" valueNumeric="104" />
			<column name="usage_pool_id" valueNumeric="101" />
		</insert>
		<insert tableName="plan_usage_pool_map">
			<column name="plan_id" valueNumeric="105" />
			<column name="usage_pool_id" valueNumeric="100" />
		</insert>
	</changeSet>
	<changeSet author="jbilling (generated)" id="1463584216513-96">
		<insert tableName="usage_pool_item_map">
			<column name="usage_pool_id" valueNumeric="100" />
			<column name="item_id" valueNumeric="320102" />
		</insert>
		<insert tableName="usage_pool_item_map">
			<column name="usage_pool_id" valueNumeric="100" />
			<column name="item_id" valueNumeric="320103" />
		</insert>
		<insert tableName="usage_pool_item_map">
			<column name="usage_pool_id" valueNumeric="100" />
			<column name="item_id" valueNumeric="320101" />
		</insert>
		<insert tableName="usage_pool_item_map">
			<column name="usage_pool_id" valueNumeric="101" />
			<column name="item_id" valueNumeric="320101" />
		</insert>
		<insert tableName="usage_pool_item_map">
			<column name="usage_pool_id" valueNumeric="101" />
			<column name="item_id" valueNumeric="320102" />
		</insert>
		<insert tableName="usage_pool_item_map">
			<column name="usage_pool_id" valueNumeric="101" />
			<column name="item_id" valueNumeric="320103" />
		</insert>
		<insert tableName="usage_pool_item_map">
			<column name="usage_pool_id" valueNumeric="102" />
			<column name="item_id" valueNumeric="320101" />
		</insert>
		<insert tableName="usage_pool_item_map">
			<column name="usage_pool_id" valueNumeric="102" />
			<column name="item_id" valueNumeric="320102" />
		</insert>
		<insert tableName="usage_pool_item_map">
			<column name="usage_pool_id" valueNumeric="102" />
			<column name="item_id" valueNumeric="320103" />
		</insert>
		<insert tableName="usage_pool_item_map">
			<column name="usage_pool_id" valueNumeric="103" />
			<column name="item_id" valueNumeric="320103" />
		</insert>
		<insert tableName="usage_pool_item_map">
			<column name="usage_pool_id" valueNumeric="103" />
			<column name="item_id" valueNumeric="320101" />
		</insert>
		<insert tableName="usage_pool_item_map">
			<column name="usage_pool_id" valueNumeric="103" />
			<column name="item_id" valueNumeric="320102" />
		</insert>
	</changeSet>
	<changeSet author="jbilling (generated)" id="1463584216513-97">
		<insert tableName="usage_pool_item_type_map">
			<column name="usage_pool_id" valueNumeric="100" />
			<column name="item_type_id" valueNumeric="230303" />
		</insert>
		<insert tableName="usage_pool_item_type_map">
			<column name="usage_pool_id" valueNumeric="101" />
			<column name="item_type_id" valueNumeric="230303" />
		</insert>
		<insert tableName="usage_pool_item_type_map">
			<column name="usage_pool_id" valueNumeric="102" />
			<column name="item_type_id" valueNumeric="230303" />
		</insert>
		<insert tableName="usage_pool_item_type_map">
			<column name="usage_pool_id" valueNumeric="103" />
			<column name="item_type_id" valueNumeric="230303" />
		</insert>
	</changeSet>

    <changeSet author="jbilling (generated)" id="1463584216513-30">
        <insert tableName="item_type_map">
            <column name="item_id" valueNumeric="320101"/>
            <column name="type_id" valueNumeric="230303"/>
        </insert>
        <insert tableName="item_type_map">
            <column name="item_id" valueNumeric="320102"/>
            <column name="type_id" valueNumeric="230303"/>
        </insert>
        <insert tableName="item_type_map">
            <column name="item_id" valueNumeric="320103"/>
            <column name="type_id" valueNumeric="230303"/>
        </insert>
        <insert tableName="item_type_map">
            <column name="item_id" valueNumeric="320104"/>
            <column name="type_id" valueNumeric="230304"/>
        </insert>
        <insert tableName="item_type_map">
            <column name="item_id" valueNumeric="320105"/>
            <column name="type_id" valueNumeric="230304"/>
        </insert>
        <insert tableName="item_type_map">
            <column name="item_id" valueNumeric="320106"/>
            <column name="type_id" valueNumeric="230304"/>
        </insert>
        <insert tableName="item_type_map">
            <column name="item_id" valueNumeric="320107"/>
            <column name="type_id" valueNumeric="230304"/>
        </insert>
        <insert tableName="item_type_map">
            <column name="item_id" valueNumeric="320108"/>
            <column name="type_id" valueNumeric="230304"/>
        </insert>
	    <insert tableName="item_type_map">
            <column name="item_id" valueNumeric="320109"/>
            <column name="type_id" valueNumeric="22"/>
        </insert>
        <insert tableName="item_type_map">
            <column name="item_id" valueNumeric="320110"/>
            <column name="type_id" valueNumeric="22"/>
        </insert>
        <insert tableName="item_type_map">
            <column name="item_id" valueNumeric="320111"/>
            <column name="type_id" valueNumeric="230305"/>
        </insert>
        <insert tableName="item_type_map">
            <column name="item_id" valueNumeric="320112"/>
            <column name="type_id" valueNumeric="230306"/>
        </insert>
        <insert tableName="item_type_map">
            <column name="item_id" valueNumeric="320113"/>
            <column name="type_id" valueNumeric="230306"/>
        </insert>
        <insert tableName="item_type_map">
            <column name="item_id" valueNumeric="320114"/>
            <column name="type_id" valueNumeric="230306"/>
        </insert>
        <insert tableName="item_type_map">
            <column name="item_id" valueNumeric="320115"/>
            <column name="type_id" valueNumeric="230306"/>
        </insert>
    </changeSet>
     <changeSet author="Ashok Kale" context="test" id="Update-next-generation-id">
        <update tableName="jbilling_seqs">
            <column name="next_id" valueComputed="(select max(i.id)+1 from item i)"/>
            <where>name='item'</where>
        </update>
        <update tableName="jbilling_seqs">
            <column name="next_id" valueComputed="(select max(eipm.id)+1 from entity_item_price_map eipm)"/>
            <where>name='entity_item_price_map'</where>
        </update>
         <update tableName="jbilling_seqs">
            <column name="next_id" valueComputed="(select max(up.id)+1 from usage_pool up)"/>
            <where>name='usage_pool'</where>
        </update>
        <update tableName="jbilling_seqs">
            <column name="next_id" valueComputed="(select max(pm.id)+1 from price_model pm)"/>
            <where>name='price_model'</where>
        </update>
         <update tableName="jbilling_seqs">
            <column name="next_id" valueComputed="(select max(p.id)+1 from plan p)"/>
            <where>name='plan'</where>
        </update>
        <update tableName="jbilling_seqs">
            <column name="next_id" valueComputed="(select max(pi.id)+1 from plan_item pi)"/>
            <where>name='plan_item'</where>
        </update>
        <update tableName="jbilling_seqs">
            <column name="next_id" valueComputed="(select max(pib.id)+1 from plan_item_bundle pib)"/>
            <where>name='plan_item_bundle'</where>
        </update>
    </changeSet>
    <changeSet author="Krunal Bhavsar" context="test" id="Update-next-generation-id">
    	<update tableName="jbilling_seqs">
            <column name="next_id" valueComputed="(select max(i.id)+1 from item i)"/>
            <where>name='meta_field_name'</where>
        </update>
    </changeSet>
 <changeSet author="jbilling (generated)" id="1464338501154-72">
	<insert tableName="meta_field_name">
            <column name="id" valueNumeric="320116"/>
            <column name="name" value="INBOUND_CALLS_IDENTIFIER"/>
            <column name="entity_type" value="ORDER_LINE"/>
            <column name="data_type" value="STRING"/>
            <column name="is_disabled" valueBoolean="false"/>
            <column name="is_mandatory" valueBoolean="false"/>
            <column name="display_order" valueNumeric="1"/>
            <column name="default_value_id"/>
            <column name="optlock" valueNumeric="0"/>
            <column name="entity_id" valueNumeric="1"/>
            <column name="error_message"/>
            <column name="is_primary" valueBoolean="false"/>
            <column name="validation_rule_id"/>
            <column name="filename" value=""/>
            <column name="field_usage"/>
            <column name="data_table_id"/>
            <column name="help_description" value=""/>
            <column name="help_content_url" value=""/>
        </insert>
        <insert tableName="meta_field_name">
            <column name="id" valueNumeric="320117"/>
            <column name="name" value="CHAT_IDENTIFIER"/>
            <column name="entity_type" value="ORDER_LINE"/>
            <column name="data_type" value="STRING"/>
            <column name="is_disabled" valueBoolean="false"/>
            <column name="is_mandatory" valueBoolean="false"/>
            <column name="display_order" valueNumeric="1"/>
            <column name="default_value_id"/>
            <column name="optlock" valueNumeric="0"/>
            <column name="entity_id" valueNumeric="1"/>
            <column name="error_message"/>
            <column name="is_primary" valueBoolean="false"/>
            <column name="validation_rule_id"/>
            <column name="filename" value=""/>
            <column name="field_usage"/>
            <column name="data_table_id"/>
            <column name="help_description" value=""/>
            <column name="help_content_url" value=""/>
        </insert>
        <insert tableName="meta_field_name">
            <column name="id" valueNumeric="320118"/>
            <column name="name" value="ACTIVE_RESPONSE_IDENTIFIER"/>
            <column name="entity_type" value="ORDER_LINE"/>
            <column name="data_type" value="STRING"/>
            <column name="is_disabled" valueBoolean="false"/>
            <column name="is_mandatory" valueBoolean="false"/>
            <column name="display_order" valueNumeric="1"/>
            <column name="default_value_id"/>
            <column name="optlock" valueNumeric="0"/>
            <column name="entity_id" valueNumeric="1"/>
            <column name="error_message"/>
            <column name="is_primary" valueBoolean="false"/>
            <column name="validation_rule_id"/>
            <column name="filename" value=""/>
            <column name="field_usage"/>
            <column name="data_table_id"/>
            <column name="help_description" value=""/>
            <column name="help_content_url" value=""/>
        </insert>
        <insert tableName="order_line_meta_fields_map">
            <column name="item_id" valueNumeric="320101"/>
            <column name="meta_field_id" valueNumeric="320116"/>
        </insert>
        <insert tableName="order_line_meta_fields_map">
            <column name="item_id" valueNumeric="320102"/>
            <column name="meta_field_id" valueNumeric="320117"/>
        </insert>
        <insert tableName="order_line_meta_fields_map">
            <column name="item_id" valueNumeric="320103"/>
            <column name="meta_field_id" valueNumeric="320118"/>
        </insert>
    </changeSet>
    <changeSet id="Added MetaFields " author=" Krunal Bhavsar">
    <insert tableName="meta_field_group">
            <column name="id" valueNumeric="14"/>
            <column name="date_created"/>
            <column name="date_updated"/>
            <column name="entity_id" valueNumeric="1"/>
            <column name="display_order" valueNumeric="1"/>
            <column name="optlock" valueNumeric="0"/>
            <column name="entity_type" value="ACCOUNT_TYPE"/>
            <column name="discriminator" value="ACCOUNT_TYPE"/>
            <column name="name" value="Billing Address"/>
            <column name="account_type_id" valueNumeric="60103"/>
        </insert>
        <insert tableName="meta_field_name">
            <column name="id" valueNumeric="320161"/>
            <column name="name" value="CITY"/>
            <column name="entity_type" value="ACCOUNT_TYPE"/>
            <column name="data_type" value="STRING"/>
            <column name="is_disabled" valueBoolean="false"/>
            <column name="is_mandatory" valueBoolean="false"/>
            <column name="display_order" valueNumeric="1"/>
            <column name="default_value_id"/>
            <column name="optlock" valueNumeric="0"/>
            <column name="entity_id" valueNumeric="1"/>
            <column name="error_message"/>
            <column name="is_primary" valueBoolean="false"/>
            <column name="validation_rule_id"/>
            <column name="filename" value=""/>
            <column name="field_usage" value="CITY"/>
            <column name="data_table_id"/>
            <column name="help_description"/>
            <column name="help_content_url"/>
        </insert>
        <insert tableName="meta_field_name">
            <column name="id" valueNumeric="320158"/>
            <column name="name" value="COUNTRY_CODE"/>
            <column name="entity_type" value="ACCOUNT_TYPE"/>
            <column name="data_type" value="STRING"/>
            <column name="is_disabled" valueBoolean="false"/>
            <column name="is_mandatory" valueBoolean="false"/>
            <column name="display_order" valueNumeric="1"/>
            <column name="default_value_id"/>
            <column name="optlock" valueNumeric="0"/>
            <column name="entity_id" valueNumeric="1"/>
            <column name="error_message"/>
            <column name="is_primary" valueBoolean="false"/>
            <column name="validation_rule_id"/>
            <column name="filename" value=""/>
            <column name="field_usage" value="COUNTRY_CODE"/>
            <column name="data_table_id"/>
            <column name="help_description"/>
            <column name="help_content_url"/>
        </insert>
        <insert tableName="meta_field_name">
            <column name="id" valueNumeric="320163"/>
            <column name="name" value="LAST_NAME"/>
            <column name="entity_type" value="ACCOUNT_TYPE"/>
            <column name="data_type" value="STRING"/>
            <column name="is_disabled" valueBoolean="false"/>
            <column name="is_mandatory" valueBoolean="false"/>
            <column name="display_order" valueNumeric="1"/>
            <column name="default_value_id"/>
            <column name="optlock" valueNumeric="0"/>
            <column name="entity_id" valueNumeric="1"/>
            <column name="error_message"/>
            <column name="is_primary" valueBoolean="false"/>
            <column name="validation_rule_id"/>
            <column name="filename" value=""/>
            <column name="field_usage" value="LAST_NAME"/>
            <column name="data_table_id"/>
            <column name="help_description"/>
            <column name="help_content_url"/>
        </insert>
        <insert tableName="meta_field_name">
            <column name="id" valueNumeric="320156"/>
            <column name="name" value="ORGANIZATION"/>
            <column name="entity_type" value="ACCOUNT_TYPE"/>
            <column name="data_type" value="STRING"/>
            <column name="is_disabled" valueBoolean="false"/>
            <column name="is_mandatory" valueBoolean="false"/>
            <column name="display_order" valueNumeric="1"/>
            <column name="default_value_id"/>
            <column name="optlock" valueNumeric="0"/>
            <column name="entity_id" valueNumeric="1"/>
            <column name="error_message"/>
            <column name="is_primary" valueBoolean="false"/>
            <column name="validation_rule_id"/>
            <column name="filename" value=""/>
            <column name="field_usage" value="ORGANIZATION"/>
            <column name="data_table_id"/>
            <column name="help_description"/>
            <column name="help_content_url"/>
        </insert>
        <insert tableName="meta_field_name">
            <column name="id" valueNumeric="320160"/>
            <column name="name" value="ADDRESS1"/>
            <column name="entity_type" value="ACCOUNT_TYPE"/>
            <column name="data_type" value="STRING"/>
            <column name="is_disabled" valueBoolean="false"/>
            <column name="is_mandatory" valueBoolean="false"/>
            <column name="display_order" valueNumeric="1"/>
            <column name="default_value_id"/>
            <column name="optlock" valueNumeric="0"/>
            <column name="entity_id" valueNumeric="1"/>
            <column name="error_message"/>
            <column name="is_primary" valueBoolean="false"/>
            <column name="validation_rule_id"/>
            <column name="filename" value=""/>
            <column name="field_usage" value="ADDRESS1"/>
            <column name="data_table_id"/>
            <column name="help_description"/>
            <column name="help_content_url"/>
        </insert>
        <insert tableName="meta_field_name">
            <column name="id" valueNumeric="320157"/>
            <column name="name" value="POSTAL_CODE"/>
            <column name="entity_type" value="ACCOUNT_TYPE"/>
            <column name="data_type" value="STRING"/>
            <column name="is_disabled" valueBoolean="false"/>
            <column name="is_mandatory" valueBoolean="false"/>
            <column name="display_order" valueNumeric="1"/>
            <column name="default_value_id"/>
            <column name="optlock" valueNumeric="0"/>
            <column name="entity_id" valueNumeric="1"/>
            <column name="error_message"/>
            <column name="is_primary" valueBoolean="false"/>
            <column name="validation_rule_id"/>
            <column name="filename" value=""/>
            <column name="field_usage" value="POSTAL_CODE"/>
            <column name="data_table_id"/>
            <column name="help_description"/>
            <column name="help_content_url"/>
        </insert>
        <insert tableName="meta_field_name">
            <column name="id" valueNumeric="320159"/>
            <column name="name" value="BILLING_EMAIL"/>
            <column name="entity_type" value="ACCOUNT_TYPE"/>
            <column name="data_type" value="STRING"/>
            <column name="is_disabled" valueBoolean="false"/>
            <column name="is_mandatory" valueBoolean="false"/>
            <column name="display_order" valueNumeric="1"/>
            <column name="default_value_id"/>
            <column name="optlock" valueNumeric="0"/>
            <column name="entity_id" valueNumeric="1"/>
            <column name="error_message"/>
            <column name="is_primary" valueBoolean="false"/>
            <column name="validation_rule_id"/>
            <column name="filename" value=""/>
            <column name="field_usage" value="BILLING_EMAIL"/>
            <column name="data_table_id"/>
            <column name="help_description"/>
            <column name="help_content_url"/>
        </insert>
        <insert tableName="meta_field_name">
            <column name="id" valueNumeric="320162"/>
            <column name="name" value="STATE_PROVINCE"/>
            <column name="entity_type" value="ACCOUNT_TYPE"/>
            <column name="data_type" value="STRING"/>
            <column name="is_disabled" valueBoolean="false"/>
            <column name="is_mandatory" valueBoolean="false"/>
            <column name="display_order" valueNumeric="1"/>
            <column name="default_value_id"/>
            <column name="optlock" valueNumeric="0"/>
            <column name="entity_id" valueNumeric="1"/>
            <column name="error_message"/>
            <column name="is_primary" valueBoolean="false"/>
            <column name="validation_rule_id"/>
            <column name="filename" value=""/>
            <column name="field_usage" value="STATE_PROVINCE"/>
            <column name="data_table_id"/>
            <column name="help_description"/>
            <column name="help_content_url"/>
        </insert>
        <insert tableName="metafield_group_meta_field_map">
            <column name="metafield_group_id" valueNumeric="14"/>
            <column name="meta_field_value_id" valueNumeric="320161"/>
        </insert>
        <insert tableName="metafield_group_meta_field_map">
            <column name="metafield_group_id" valueNumeric="14"/>
            <column name="meta_field_value_id" valueNumeric="320158"/>
        </insert>
        <insert tableName="metafield_group_meta_field_map">
            <column name="metafield_group_id" valueNumeric="14"/>
            <column name="meta_field_value_id" valueNumeric="320163"/>
        </insert>
        <insert tableName="metafield_group_meta_field_map">
            <column name="metafield_group_id" valueNumeric="14"/>
            <column name="meta_field_value_id" valueNumeric="320156"/>
        </insert>
        <insert tableName="metafield_group_meta_field_map">
            <column name="metafield_group_id" valueNumeric="14"/>
            <column name="meta_field_value_id" valueNumeric="320160"/>
        </insert>
        <insert tableName="metafield_group_meta_field_map">
            <column name="metafield_group_id" valueNumeric="14"/>
            <column name="meta_field_value_id" valueNumeric="320157"/>
        </insert>
        <insert tableName="metafield_group_meta_field_map">
            <column name="metafield_group_id" valueNumeric="14"/>
            <column name="meta_field_value_id" valueNumeric="320162"/>
        </insert>
        <insert tableName="metafield_group_meta_field_map">
            <column name="metafield_group_id" valueNumeric="14"/>
            <column name="meta_field_value_id" valueNumeric="320159"/>
        </insert>
        <insert tableName="payment_method_account_type_map">
            <column name="payment_method_id" valueNumeric="2"/>
            <column name="account_type_id" valueNumeric="60103"/>
        </insert>
        <insert tableName="payment_method_account_type_map">
            <column name="payment_method_id" valueNumeric="1"/>
            <column name="account_type_id" valueNumeric="60103"/>
        </insert>
        <insert tableName="payment_method_account_type_map">
            <column name="payment_method_id" valueNumeric="2"/>
            <column name="account_type_id" valueNumeric="60102"/>
        </insert>
        <insert tableName="payment_method_account_type_map">
            <column name="payment_method_id" valueNumeric="1"/>
            <column name="account_type_id" valueNumeric="60102"/>
        </insert>
        <update tableName="meta_field_name">
            <column name="field_usage" value="BILLING_EMAIL"/>
            <where>id=325</where>
        </update>
    </changeSet>
    <changeSet id="Added ACH Account Number Encypted metaField " author="Krunal Bhavsar">
         <insert tableName="payment_method_type">
            <column name="id" valueNumeric="14"/>
            <column name="method_name" value="ACH / eCheck"/>
            <column name="is_recurring" valueBoolean="true"/>
            <column name="entity_id" valueNumeric="1"/>
            <column name="template_id" valueNumeric="2"/>
            <column name="optlock" valueNumeric="1"/>
            <column name="all_account_type" valueBoolean="false"/>
        </insert>
        <insert tableName="meta_field_name">
            <column name="id" valueNumeric="320127"/>
            <column name="name" value="ach.account.type"/>
            <column name="entity_type" value="PAYMENT_METHOD_TYPE"/>
            <column name="data_type" value="ENUMERATION"/>
            <column name="is_disabled" valueBoolean="false"/>
            <column name="is_mandatory" valueBoolean="true"/>
            <column name="display_order" valueNumeric="5"/>
            <column name="default_value_id"/>
            <column name="optlock" valueNumeric="0"/>
            <column name="entity_id" valueNumeric="1"/>
            <column name="error_message"/>
            <column name="is_primary" valueBoolean="true"/>
            <column name="validation_rule_id"/>
            <column name="filename"/>
            <column name="field_usage" value="BANK_ACCOUNT_TYPE"/>
            <column name="data_table_id"/>
            <column name="help_description"/>
            <column name="help_content_url"/>
        </insert>
         <insert tableName="meta_field_name">
            <column name="id" valueNumeric="320130"/>
            <column name="name" value="autopayment.limit"/>
            <column name="entity_type" value="PAYMENT_METHOD_TYPE"/>
            <column name="data_type" value="DECIMAL"/>
            <column name="is_disabled" valueBoolean="false"/>
            <column name="is_mandatory" valueBoolean="false"/>
            <column name="display_order" valueNumeric="1"/>
            <column name="default_value_id"/>
            <column name="optlock" valueNumeric="0"/>
            <column name="entity_id" valueNumeric="1"/>
            <column name="error_message"/>
            <column name="is_primary" valueBoolean="true"/>
            <column name="validation_rule_id"/>
            <column name="filename"/>
            <column name="field_usage" value="AUTO_PAYMENT_LIMIT"/>
            <column name="data_table_id"/>
            <column name="help_description"/>
            <column name="help_content_url"/>
        </insert>
        <insert tableName="meta_field_name">
            <column name="id" valueNumeric="320128"/>
            <column name="name" value="ach.routing.number"/>
            <column name="entity_type" value="PAYMENT_METHOD_TYPE"/>
            <column name="data_type" value="STRING"/>
            <column name="is_disabled" valueBoolean="false"/>
            <column name="is_mandatory" valueBoolean="true"/>
            <column name="display_order" valueNumeric="1"/>
            <column name="default_value_id"/>
            <column name="optlock" valueNumeric="0"/>
            <column name="entity_id" valueNumeric="1"/>
            <column name="error_message"/>
            <column name="is_primary" valueBoolean="true"/>
            <column name="validation_rule_id"/>
            <column name="filename" value=""/>
            <column name="field_usage" value="BANK_ROUTING_NUMBER"/>
            <column name="data_table_id"/>
            <column name="help_description" value=""/>
            <column name="help_content_url" value=""/>
        </insert>
          <insert tableName="meta_field_name">
            <column name="id" valueNumeric="320131"/>
            <column name="name" value="ach.bank.name"/>
            <column name="entity_type" value="PAYMENT_METHOD_TYPE"/>
            <column name="data_type" value="STRING"/>
            <column name="is_disabled" valueBoolean="false"/>
            <column name="is_mandatory" valueBoolean="true"/>
            <column name="display_order" valueNumeric="4"/>
            <column name="default_value_id"/>
            <column name="optlock" valueNumeric="0"/>
            <column name="entity_id" valueNumeric="1"/>
            <column name="error_message"/>
            <column name="is_primary" valueBoolean="true"/>
            <column name="validation_rule_id"/>
            <column name="filename"/>
            <column name="field_usage" value="BANK_NAME"/>
            <column name="data_table_id"/>
            <column name="help_description"/>
            <column name="help_content_url"/>
        </insert>
        <insert tableName="meta_field_name">
            <column name="id" valueNumeric="320132"/>
            <column name="name" value="ach.account.number.encrypted"/>
            <column name="entity_type" value="PAYMENT_METHOD_TYPE"/>
            <column name="data_type" value="STRING"/>
            <column name="is_disabled" valueBoolean="true"/>
            <column name="is_mandatory" valueBoolean="false"/>
            <column name="display_order" valueNumeric="1"/>
            <column name="default_value_id"/>
            <column name="optlock" valueNumeric="0"/>
            <column name="entity_id" valueNumeric="1"/>
            <column name="error_message"/>
            <column name="is_primary" valueBoolean="true"/>
            <column name="validation_rule_id"/>
            <column name="filename"/>
            <column name="field_usage" value="BANK_ACCOUNT_NUMBER_ENCRYPTED"/>
            <column name="data_table_id"/>
            <column name="help_description"/>
            <column name="help_content_url"/>
        </insert>
         <insert tableName="meta_field_name">
            <column name="id" valueNumeric="320133"/>
            <column name="name" value="ach.customer.name"/>
            <column name="entity_type" value="PAYMENT_METHOD_TYPE"/>
            <column name="data_type" value="STRING"/>
            <column name="is_disabled" valueBoolean="false"/>
            <column name="is_mandatory" valueBoolean="true"/>
            <column name="display_order" valueNumeric="2"/>
            <column name="default_value_id"/>
            <column name="optlock" valueNumeric="0"/>
            <column name="entity_id" valueNumeric="1"/>
            <column name="error_message"/>
            <column name="is_primary" valueBoolean="true"/>
            <column name="validation_rule_id"/>
            <column name="filename"/>
            <column name="field_usage" value="TITLE"/>
            <column name="data_table_id"/>
            <column name="help_description"/>
            <column name="help_content_url"/>
        </insert>
        <insert tableName="meta_field_name">
            <column name="id" valueNumeric="320129"/>
            <column name="name" value="ach.gateway.key"/>
            <column name="entity_type" value="PAYMENT_METHOD_TYPE"/>
            <column name="data_type" value="STRING"/>
            <column name="is_disabled" valueBoolean="true"/>
            <column name="is_mandatory" valueBoolean="false"/>
            <column name="display_order" valueNumeric="4"/>
            <column name="default_value_id"/>
            <column name="optlock" valueNumeric="0"/>
            <column name="entity_id" valueNumeric="1"/>
            <column name="error_message"/>
            <column name="is_primary" valueBoolean="true"/>
            <column name="validation_rule_id"/>
            <column name="filename"/>
            <column name="field_usage" value="GATEWAY_KEY"/>
            <column name="data_table_id"/>
            <column name="help_description"/>
            <column name="help_content_url"/>
        </insert>
        <insert tableName="meta_field_name">
            <column name="id" valueNumeric="320126"/>
            <column name="name" value="autopayment.authorization"/>
            <column name="entity_type" value="PAYMENT_METHOD_TYPE"/>
            <column name="data_type" value="BOOLEAN"/>
            <column name="is_disabled" valueBoolean="false"/>
            <column name="is_mandatory" valueBoolean="false"/>
            <column name="display_order" valueNumeric="5"/>
            <column name="default_value_id"/>
            <column name="optlock" valueNumeric="0"/>
            <column name="entity_id" valueNumeric="1"/>
            <column name="error_message"/>
            <column name="is_primary" valueBoolean="true"/>
            <column name="validation_rule_id"/>
            <column name="filename"/>
            <column name="field_usage" value="AUTO_PAYMENT_AUTHORIZATION"/>
            <column name="data_table_id"/>
            <column name="help_description"/>
            <column name="help_content_url"/>
        </insert>
         <insert tableName="meta_field_name">
            <column name="id" valueNumeric="320125"/>
            <column name="name" value="ach.account.number"/>
            <column name="entity_type" value="PAYMENT_METHOD_TYPE"/>
            <column name="data_type" value="STRING"/>
            <column name="is_disabled" valueBoolean="false"/>
            <column name="is_mandatory" valueBoolean="true"/>
            <column name="display_order" valueNumeric="3"/>
            <column name="default_value_id"/>
            <column name="optlock" valueNumeric="0"/>
            <column name="entity_id" valueNumeric="1"/>
            <column name="error_message"/>
            <column name="is_primary" valueBoolean="true"/>
            <column name="validation_rule_id"/> 
            <column name="filename"/>
            <column name="field_usage" value="BANK_ACCOUNT_NUMBER"/>
            <column name="data_table_id"/>
            <column name="help_description"/>
            <column name="help_content_url"/>
        </insert>
        <insert tableName="payment_method_meta_fields_map">
            <column name="payment_method_id" valueNumeric="14"/>
            <column name="meta_field_id" valueNumeric="320127"/>
        </insert>
        <insert tableName="payment_method_meta_fields_map">
            <column name="payment_method_id" valueNumeric="14"/>
            <column name="meta_field_id" valueNumeric="320130"/>
        </insert>
        <insert tableName="payment_method_meta_fields_map">
            <column name="payment_method_id" valueNumeric="14"/>
            <column name="meta_field_id" valueNumeric="320128"/>
        </insert>
        <insert tableName="payment_method_meta_fields_map">
            <column name="payment_method_id" valueNumeric="14"/>
            <column name="meta_field_id" valueNumeric="320131"/>
        </insert>
        <insert tableName="payment_method_meta_fields_map">
            <column name="payment_method_id" valueNumeric="14"/>
            <column name="meta_field_id" valueNumeric="320132"/>
        </insert>
        <insert tableName="payment_method_meta_fields_map">
            <column name="payment_method_id" valueNumeric="14"/>
            <column name="meta_field_id" valueNumeric="320133"/>
        </insert>
        <insert tableName="payment_method_meta_fields_map">
            <column name="payment_method_id" valueNumeric="14"/>
            <column name="meta_field_id" valueNumeric="320129"/>
        </insert>
        <insert tableName="payment_method_meta_fields_map">
            <column name="payment_method_id" valueNumeric="14"/>
            <column name="meta_field_id" valueNumeric="320126"/>
        </insert>
        <insert tableName="payment_method_meta_fields_map">
            <column name="payment_method_id" valueNumeric="14"/>
            <column name="meta_field_id" valueNumeric="320125"/>
        </insert>
    </changeSet>

    <!-- Added for DT Customer test cases -->
    <changeSet author="Supriya Pethkar" id="Add Company level and customer level metafields">

        <!-- Create account type for DT Customer -->
        <insert tableName="account_type">
			<column name="id" valueNumeric="60105" />
			<column name="credit_limit" valueNumeric="0E-10" />
			<column name="invoice_design" />
			<column name="invoice_delivery_method_id" valueNumeric="1" />
			<column name="date_created" valueDate="2016-05-20 17:03:56.603" />
			<column name="credit_notification_limit1" valueNumeric="0E-10" />
			<column name="credit_notification_limit2" valueNumeric="0E-10" />
			<column name="language_id" valueNumeric="1" />
			<column name="entity_id" valueNumeric="1" />
			<column name="currency_id" valueNumeric="1" />
			<column name="optlock" valueNumeric="0" />
			<column name="main_subscript_order_period_id" valueNumeric="2" />
			<column name="next_invoice_day_of_period" valueNumeric="1" />
			<column name="invoice_template_id" valueNumeric="1" />
		</insert>

		<insert tableName="international_description">
			<column name="table_id" valueNumeric="111" />
			<column name="foreign_id" valueNumeric="60105" />
			<column name="psudo_column" value="description" />
			<column name="language_id" valueNumeric="1" />
			<column name="content" value="DT Customer" />
		</insert>
		<!-- Company level metafields -->
		<insert tableName="meta_field_name">
            <column name="id" valueNumeric="320135"/>
            <column name="name" value="company_unique_identifier"/>
            <column name="entity_type" value="COMPANY"/>
            <column name="data_type" value="STRING"/>
            <column name="is_disabled" valueBoolean="false"/>
            <column name="is_mandatory" valueBoolean="false"/>
            <column name="display_order" valueNumeric="3"/>
            <column name="default_value_id"/>
            <column name="optlock" valueNumeric="0"/>
            <column name="entity_id" valueNumeric="1"/>
        </insert>
        <insert tableName="meta_field_value">
            <column name="id" valueNumeric="320165"/>
            <column name="meta_field_name_id" valueNumeric="320135"/>
            <column name="dtype" value="string"/>
            <column name="boolean_value"/>
            <column name="date_value"/>
            <column name="decimal_value"/>
            <column name="integer_value"/>
            <column name="string_value" value="b9ab449a-9f5a-4a69-a738-99ba6fd84d49"/>
        </insert>
        <insert tableName="entity_meta_field_map">
            <column name="entity_id" valueNumeric="1"/>
            <column name="meta_field_value_id" valueNumeric="320165"/>
        </insert>



        <insert tableName="meta_field_name">
            <column name="id" valueNumeric="320136"/>
            <column name="name" value="appdirect_consumer_key"/>
            <column name="entity_type" value="COMPANY"/>
            <column name="data_type" value="STRING"/>
            <column name="is_disabled" valueBoolean="false"/>
            <column name="is_mandatory" valueBoolean="false"/>
            <column name="display_order" valueNumeric="3"/>
            <column name="default_value_id"/>
            <column name="optlock" valueNumeric="0"/>
            <column name="entity_id" valueNumeric="1"/>
        </insert>
        <insert tableName="meta_field_value">
            <column name="id" valueNumeric="320166"/>
            <column name="meta_field_name_id" valueNumeric="320136"/>
            <column name="dtype" value="string"/>
            <column name="boolean_value"/>
            <column name="date_value"/>
            <column name="decimal_value"/>
            <column name="integer_value"/>
            <column name="string_value" value="CONSUMER2018KEY"/>
        </insert>
        <insert tableName="entity_meta_field_map">
            <column name="entity_id" valueNumeric="1"/>
            <column name="meta_field_value_id" valueNumeric="320166"/>
        </insert>



        <insert tableName="meta_field_name">
            <column name="id" valueNumeric="320137"/>
            <column name="name" value="appdirect_consumer_secret"/>
            <column name="entity_type" value="COMPANY"/>
            <column name="data_type" value="STRING"/>
            <column name="is_disabled" valueBoolean="false"/>
            <column name="is_mandatory" valueBoolean="false"/>
            <column name="display_order" valueNumeric="3"/>
            <column name="default_value_id"/>
            <column name="optlock" valueNumeric="0"/>
            <column name="entity_id" valueNumeric="1"/>
        </insert>
        <insert tableName="meta_field_value">
            <column name="id" valueNumeric="320167"/>
            <column name="meta_field_name_id" valueNumeric="320137"/>
            <column name="dtype" value="string"/>
            <column name="boolean_value"/>
            <column name="date_value"/>
            <column name="decimal_value"/>
            <column name="integer_value"/>
            <column name="string_value" value="CONSUMER2018SECRET"/>
        </insert>
        <insert tableName="entity_meta_field_map">
            <column name="entity_id" valueNumeric="1"/>
            <column name="meta_field_value_id" valueNumeric="320167"/>
        </insert>



        <insert tableName="meta_field_name">
            <column name="id" valueNumeric="320138"/>
            <column name="name" value="api_company_base_url"/>
            <column name="entity_type" value="COMPANY"/>
            <column name="data_type" value="STRING"/>
            <column name="is_disabled" valueBoolean="false"/>
            <column name="is_mandatory" valueBoolean="false"/>
            <column name="display_order" valueNumeric="3"/>
            <column name="default_value_id"/>
            <column name="optlock" valueNumeric="0"/>
            <column name="entity_id" valueNumeric="1"/>
        </insert>
        <insert tableName="meta_field_value">
            <column name="id" valueNumeric="320168"/>
            <column name="meta_field_name_id" valueNumeric="320138"/>
            <column name="dtype" value="string"/>
            <column name="boolean_value"/>
            <column name="date_value"/>
            <column name="decimal_value"/>
            <column name="integer_value"/>
            <column name="string_value" value="http://localhost:8090/"/>
        </insert>
         <insert tableName="entity_meta_field_map">
            <column name="entity_id" valueNumeric="1"/>
            <column name="meta_field_value_id" valueNumeric="320168"/>
        </insert>



        <insert tableName="meta_field_name">
            <column name="id" valueNumeric="320139"/>
            <column name="name" value="appdirectProductDetails"/>
            <column name="entity_type" value="COMPANY"/>
            <column name="data_type" value="STRING"/>
            <column name="is_disabled" valueBoolean="false"/>
            <column name="is_mandatory" valueBoolean="false"/>
            <column name="display_order" valueNumeric="3"/>
            <column name="default_value_id"/>
            <column name="optlock" valueNumeric="0"/>
            <column name="entity_id" valueNumeric="1"/>
        </insert>
        <insert tableName="meta_field_value">
            <column name="id" valueNumeric="320169"/>
            <column name="meta_field_name_id" valueNumeric="320139"/>
            <column name="dtype" value="string"/>
            <column name="boolean_value"/>
            <column name="date_value"/>
            <column name="decimal_value"/>
            <column name="integer_value"/>
            <column name="string_value" value='[{ "productIdentifier": "3851", "consumerKey": "test-product-4627", "consumerSecret": "qM4wfQg8dYWVlPhI" }, { "productIdentifier": "3852", "consumerKey": "test-product-4628", "consumerSecret": "qM4wfQg8dYWVlPhI"}]'/>
        </insert>
        <insert tableName="entity_meta_field_map">
            <column name="entity_id" valueNumeric="1"/>
            <column name="meta_field_value_id" valueNumeric="320169"/>
        </insert>

        <insert tableName="meta_field_name">
            <column name="id" valueNumeric="320140"/>
            <column name="name" value="account_type_id"/>
            <column name="entity_type" value="COMPANY"/>
            <column name="data_type" value="INTEGER"/>
            <column name="is_disabled" valueBoolean="false"/>
            <column name="is_mandatory" valueBoolean="false"/>
            <column name="display_order" valueNumeric="3"/>
            <column name="default_value_id"/>
            <column name="optlock" valueNumeric="0"/>
            <column name="entity_id" valueNumeric="1"/>
        </insert>
        <insert tableName="meta_field_value">
            <column name="id" valueNumeric="320170"/>
            <column name="meta_field_name_id" valueNumeric="320140"/>
            <column name="dtype" value="integer"/>
            <column name="boolean_value"/>
            <column name="date_value"/>
            <column name="decimal_value"/>
            <column name="integer_value" value="60105"/>
            <column name="string_value"/>
        </insert>
        <insert tableName="entity_meta_field_map">
            <column name="entity_id" valueNumeric="1"/>
            <column name="meta_field_value_id" valueNumeric="320170"/>
        </insert>
        <!-- End of Company level metafields -->



        <!-- Customer level metafields -->
        <insert tableName="meta_field_name">
            <column name="id" valueNumeric="320141"/>
            <column name="name" value="externalAccountIdentifier"/>
            <column name="entity_type" value="CUSTOMER"/>
            <column name="data_type" value="STRING"/>
            <column name="is_disabled" valueBoolean="false"/>
            <column name="is_mandatory" valueBoolean="false"/>
            <column name="display_order" valueNumeric="3"/>
            <column name="default_value_id"/>
            <column name="optlock" valueNumeric="0"/>
            <column name="entity_id" valueNumeric="1"/>
        </insert>

        <insert tableName="meta_field_name">
            <column name="id" valueNumeric="320142"/>
            <column name="name" value="appdirectSubscriptionIdentifier"/>
            <column name="entity_type" value="CUSTOMER"/>
            <column name="data_type" value="STRING"/>
            <column name="is_disabled" valueBoolean="false"/>
            <column name="is_mandatory" valueBoolean="false"/>
            <column name="display_order" valueNumeric="3"/>
            <column name="default_value_id"/>
            <column name="optlock" valueNumeric="0"/>
            <column name="entity_id" valueNumeric="1"/>
        </insert>

        <insert tableName="meta_field_name">
            <column name="id" valueNumeric="320143"/>
            <column name="name" value="appdirectProductIdentifier"/>
            <column name="entity_type" value="CUSTOMER"/>
            <column name="data_type" value="INTEGER"/>
            <column name="is_disabled" valueBoolean="false"/>
            <column name="is_mandatory" valueBoolean="false"/>
            <column name="display_order" valueNumeric="3"/>
            <column name="default_value_id"/>
            <column name="optlock" valueNumeric="0"/>
            <column name="entity_id" valueNumeric="1"/>
        </insert>

        <!-- End of Customer level metafields -->

        <!-- Put the dummy access token required in api_user_details -->
        <insert tableName="api_user_details">
            <column name="user_name" valueNumeric="user"/>
            <column name="access_code" value="api-user-token-dt"/>
            <column name="company_id" value="1"/>
        </insert>

	</changeSet>
	<!-- End of changeset for DT Customer -->

    <changeSet id="#JBFC-326 Update jBilling Seqs" author="Pranay G. Raherkar">
		 <update tableName="jbilling_seqs">
		    <column name="next_id" valueComputed="coalesce((select max(mfg.id)+1 from meta_field_group mfg),1)"/>
		    <where>name='meta_field_group'</where>
		</update>
		
		<update tableName="jbilling_seqs">
		    <column name="next_id" valueComputed="coalesce((select max(vr.id)+1 from validation_rule vr),1)"/>
		    <where>name='validation_rule'</where>
		</update>
		
		<update tableName="jbilling_seqs">
		    <column name="next_id" valueComputed="coalesce((select max(asst.id)+1 from asset_status asst),1)"/>
		    <where>name='asset_status asst'</where>
		</update>
		
		<update tableName="jbilling_seqs">
		    <column name="next_id" valueComputed="coalesce((select max(mfn.id)+1 from meta_field_name mfn),1)"/>
		    <where>name='meta_field_name'</where>
		</update>
		
		<update tableName="jbilling_seqs">
		    <column name="next_id" valueComputed="coalesce((select max(it.id)+1 from item_type it),1)"/>
		    <where>name='item_type'</where>
		</update>
		
		<update tableName="jbilling_seqs">
		    <column name="next_id" valueComputed="coalesce((select max(p.id)+1 from preference p),1)"/>
		    <where>name='preference'</where>
		</update>
		
		<update tableName="jbilling_seqs">
		    <column name="next_id" valueComputed="coalesce((select max(i.id)+1 from item i),1)"/>
		    <where>name='item'</where>
		</update>
		
		<update tableName="jbilling_seqs">
		    <column name="next_id" valueComputed="coalesce((select max(a.id)+1 from account_type a),1)"/>
		    <where>name='account_type'</where>
		</update>
		
		<update tableName="jbilling_seqs">
		    <column name="next_id" valueComputed="coalesce((select max(eipm.id)+1 from entity_item_price_map eipm),1)"/>
		    <where>name='entity_item_price_map'</where>
		</update>
		
		<update tableName="jbilling_seqs">
		    <column name="next_id" valueComputed="coalesce((select max(pm.id)+1 from price_model pm),1)"/>
		    <where>name='price_model'</where>
		</update>
		
		<update tableName="jbilling_seqs">
		    <column name="next_id" valueComputed="coalesce((select max(p.id)+1 from plan p),1)"/>
		    <where>name='plan'</where>
		</update>
		
		<update tableName="jbilling_seqs">
		    <column name="next_id" valueComputed="coalesce((select max(pib.id)+1 from plan_item_bundle pib),1)"/>
		    <where>name='plan_item_bundle'</where>
		</update>
		
		<update tableName="jbilling_seqs">
		    <column name="next_id" valueComputed="coalesce((select max(pi.id)+1 from plan_item pi),1)"/>
		    <where>name='plan_item'</where>
		</update>
		
		<update tableName="jbilling_seqs">
		    <column name="next_id" valueComputed="coalesce((select max(p.id)+1 from pluggable_task p),1)"/>
		    <where>name='pluggable_task'</where>
		</update>
		
		<update tableName="jbilling_seqs">
		    <column name="next_id" valueComputed="coalesce((select max(up.id)+1 from usage_pool up),1)"/>
		    <where>name='usage_pool'</where>
		</update>
		
		<update tableName="jbilling_seqs">
		    <column name="next_id" valueComputed="coalesce((select max(ptp.id)+1 from pluggable_task_parameter ptp),1)"/>
		    <where>name='pluggable_task_parameter'</where>
		</update>
		
		<update tableName="jbilling_seqs">
		    <column name="next_id" valueComputed="coalesce((select max(ats.id)+1 from asset_status ats),1)"/>
		    <where>name='asset_status'</where>
		</update>

		<update tableName="customer_usage_pool_map">
		    <column name="cycle_start_date" value="2015-08-01 00:00:00.000"/>
		</update>

		<update tableName="jbilling_seqs">
			<column name="next_id" valueComputed="coalesce((select max(pmt.id)+1 from payment_method_type pmt),1)" />
			<where>name='payment_method_type'</where>
		</update>
    </changeSet>

    <changeSet id="#JBFC-390 Delete Full creative Specific Item Manager Task Plugin " author="Ashok Kale">
	    <sql>
	        <![CDATA[
	        delete from pluggable_task pt where pt.type_id in
	            (select t.id from pluggable_task_type t where class_name = 'com.sapienter.jbilling.server.item.tasks.FullCreativeItemManagerTask');
	        ]]>
		</sql>
	</changeSet>

	<changeSet author="Harshad Pathan" id="JBFC-257 remove UpdateCustomerAccountNumberTask">
	    <sql>
	        <![CDATA[
				delete from pluggable_task_parameter where task_id in (select id from pluggable_task where type_id in (select id from pluggable_task_type where class_name = 'com.sapienter.jbilling.server.order.task.UpdateCustomerAccountNumberTask'));

				delete from pluggable_task where type_id in (select id from pluggable_task_type where class_name = 'com.sapienter.jbilling.server.order.task.UpdateCustomerAccountNumberTask');
	        ]]>
	    </sql>
    </changeSet>

    <changeSet id="Preference-ITG-invoice-notification-set-to-one" author="Pranay Raherkar">
        <comment>Revert ITG preference to one</comment>
        <delete tableName="preference">
            <where>type_id = 69</where>
        </delete>
        <update tableName="preference_type">
           <column name="def_value" value="1" />
           <where>id=69</where>
       </update>
        <update tableName="preference">
           <column name="value" value="1" />
           <where>type_id=69 and table_id=5</where>
        </update>
   </changeSet>

   <changeSet author="Ashok Kale" context="test" id="JBFC-505 - Configure-Basic-Billing-Process-Filter-Task-Plugin">
        <comment>Update SuspendedUsersBillingProcessFilterTask plugin with BasicBillingProcessFilterTask plugin</comment>
        <update tableName="pluggable_task">
            <column name="type_id" valueComputed="(select p.id from pluggable_task_type p where
				p.class_name = 'com.sapienter.jbilling.server.process.task.BasicBillingProcessFilterTask')">
			</column>
            <where>type_id in (select p.id from pluggable_task_type p where
				p.class_name = 'com.sapienter.jbilling.server.process.task.SuspendedUsersBillingProcessFilterTask')
			</where>
        </update>
   </changeSet>

   <changeSet id="Configure-Basic-Item-Manager-Task-Plugin" author="Ashok Kale" context="test">
        <comment>Update TelcoUsageManagerTask task plugin with BasicItemManager </comment>
        <sql>
	        <![CDATA[
				delete from pluggable_task_parameter where task_id in
				(select id from pluggable_task where type_id in
				(select id from pluggable_task_type where class_name = 'com.sapienter.jbilling.server.item.tasks.TelcoUsageManagerTask'));

				delete from pluggable_task_parameter where name = 'DNIS_Field_Name' and task_id is null;
	        ]]>
	    </sql>
	    <update tableName="pluggable_task">
            <column name="type_id" valueComputed="(select p.id from pluggable_task_type p where
				p.class_name = 'com.sapienter.jbilling.server.item.tasks.BasicItemManager')">
			</column>
            <where>type_id in (select p.id from pluggable_task_type p where
				p.class_name = 'com.sapienter.jbilling.server.item.tasks.TelcoUsageManagerTask')
			</where>
         </update>	
   </changeSet>
   
   <changeSet author="Ashok Kale" context="test" id="JBFC-504-Configure-OrderChangeBasedCompositionTask-Plugin">
      <comment>Update OrderChangeBasedCompositionTask task plugin with TelcoOrderLineBasedCompositionTask </comment>
      <update tableName="pluggable_task">
            <column name="type_id" valueComputed="(select p.id from pluggable_task_type p where
				p.class_name = 'com.sapienter.jbilling.server.pluggableTask.OrderChangeBasedCompositionTask')">
			</column>
            <where>type_id in (select p.id from pluggable_task_type p where
				p.class_name = 'com.sapienter.jbilling.server.pluggableTask.TelcoOrderLineBasedCompositionTask')
			</where>
        </update>
     </changeSet>
     <changeSet author="Mahesh Shivarkar" context="test" id="Asset Nick Name item type meta field map entry test">
       <insert tableName="item_type_meta_field_def_map">
            <column name="item_type_id" valueComputed="(select id from item_type where description = 'Number Assets')"/>
            <column name="meta_field_id" valueComputed="(select max(t.id) from meta_field_name t)"/>
       </insert>
	</changeSet>
	<changeSet author="Marco Manzi" context="base" id="JBDO-60 Fix for scheduled tasks in fc test-data-features" >
        <sql>
            CREATE SEQUENCE temp START 1;
            UPDATE pluggable_task SET processing_order=nextval('temp') where type_id in (SELECT id FROM pluggable_task_type where category_id = 22 order by id) and entity_id = 1;
            DROP SEQUENCE temp;
            CREATE SEQUENCE temp START 1;
            UPDATE pluggable_task SET processing_order=nextval('temp') where type_id in (SELECT id FROM pluggable_task_type where category_id = 17 order by id) and entity_id = 1;
            DROP SEQUENCE temp;
            CREATE SEQUENCE temp START 1;
            UPDATE pluggable_task SET processing_order=nextval('temp') where type_id in (SELECT id FROM pluggable_task_type where category_id = 19 order by id) and entity_id = 1;
            DROP SEQUENCE temp;
        </sql>
    </changeSet>

    <changeSet author="Ali" id="JB-1020 Modification in data type for payment related metaFields" >
        <update tableName="meta_field_name">
                        <column name="data_type" value="CHAR"/>
                        <where>
                                name IN ('cc.cardholder.name', 'cc.number', 'cc.expiry.date', 'cc.gateway.key',
                                'ach.routing.number', 'ach.account.number', 'ach.gateway.key')
                        </where>
                </update>

        <sql>
            UPDATE meta_field_value
            SET dtype = 'char'
            WHERE meta_field_name_id IN (SELECT names.id
            FROM meta_field_name names
            WHERE names.name IN ('cc.cardholder.name', 'cc.number', 'cc.expiry.date', 'cc.gateway.key',
            'ach.routing.number', 'ach.account.number', 'ach.gateway.key'))
            and meta_field_value.dtype != 'char'
        </sql>
    </changeSet>
</databaseChangeLog>
